ARM GAS  C:\Users\cdc75\AppData\Local\Temp\ccmZElOz.s 			page 1


   1              		.cpu cortex-m0
   2              		.fpu softvfp
   3              		.eabi_attribute 20, 1
   4              		.eabi_attribute 21, 1
   5              		.eabi_attribute 23, 3
   6              		.eabi_attribute 24, 1
   7              		.eabi_attribute 25, 1
   8              		.eabi_attribute 26, 1
   9              		.eabi_attribute 30, 1
  10              		.eabi_attribute 34, 0
  11              		.eabi_attribute 18, 4
  12              		.code	16
  13              		.file	"main.c"
  14              		.text
  15              	.Ltext0:
  16              		.cfi_sections	.debug_frame
  17              		.section	.text.main,"ax",%progbits
  18              		.align	2
  19              		.global	main
  20              		.code	16
  21              		.thumb_func
  22              		.type	main, %function
  23              	main:
  24              	.LFB34:
  25              		.file 1 ".\\main.c"
   1:.\main.c      **** /* ========================================
   2:.\main.c      ****  *
   3:.\main.c      ****  * Copyright YOUR COMPANY, THE YEAR
   4:.\main.c      ****  * All Rights Reserved
   5:.\main.c      ****  * UNPUBLISHED, LICENSED SOFTWARE.
   6:.\main.c      ****  *
   7:.\main.c      ****  * CONFIDENTIAL AND PROPRIETARY INFORMATION
   8:.\main.c      ****  * WHICH IS THE PROPERTY OF your company.
   9:.\main.c      ****  *
  10:.\main.c      ****  * ========================================
  11:.\main.c      **** */
  12:.\main.c      **** #include <project.h>
  13:.\main.c      **** 
  14:.\main.c      **** #define NUM_CHANNELS (2)
  15:.\main.c      **** 
  16:.\main.c      **** int main()
  17:.\main.c      **** {
  26              		.loc 1 17 0
  27              		.cfi_startproc
  28 0000 10B5     		push	{r4, lr}
  29              		.cfi_def_cfa_offset 8
  30              		.cfi_offset 4, -8
  31              		.cfi_offset 14, -4
  32              	.LVL0:
  18:.\main.c      ****     uint8 ctlval=0;
  19:.\main.c      ****     
  20:.\main.c      ****     CyGlobalIntEnable; /* Enable global interrupts. */
  33              		.loc 1 20 0
  34              	@ 20 ".\main.c" 1
  35 0002 62B6     		CPSIE   i
  36              	@ 0 "" 2
  21:.\main.c      ****     
ARM GAS  C:\Users\cdc75\AppData\Local\Temp\ccmZElOz.s 			page 2


  22:.\main.c      ****     PWM_Start();
  37              		.loc 1 22 0
  38              		.code	16
  39 0004 FFF7FEFF 		bl	PWM_Start
  40              	.LVL1:
  18:.\main.c      ****     uint8 ctlval=0;
  41              		.loc 1 18 0
  42 0008 0024     		mov	r4, #0
  43              	.LVL2:
  44              	.L3:
  23:.\main.c      ****     
  24:.\main.c      ****     for(;;)
  25:.\main.c      ****     {
  26:.\main.c      ****         Control_Write(ctlval);
  45              		.loc 1 26 0
  46 000a 201C     		mov	r0, r4
  47 000c FFF7FEFF 		bl	Control_Write
  48              	.LVL3:
  27:.\main.c      ****         
  28:.\main.c      ****         ctlval++;
  49              		.loc 1 28 0
  50 0010 0134     		add	r4, r4, #1
  51              	.LVL4:
  52 0012 E4B2     		uxtb	r4, r4
  53              	.LVL5:
  29:.\main.c      ****         if (ctlval >= NUM_CHANNELS)
  54              		.loc 1 29 0
  55 0014 012C     		cmp	r4, #1
  56 0016 00D9     		bls	.L2
  30:.\main.c      ****         {
  31:.\main.c      ****             ctlval=0;
  57              		.loc 1 31 0
  58 0018 0024     		mov	r4, #0
  59              	.LVL6:
  60              	.L2:
  32:.\main.c      ****         }
  33:.\main.c      ****         CyDelay(500);
  61              		.loc 1 33 0
  62 001a FA20     		mov	r0, #250
  63 001c 4000     		lsl	r0, r0, #1
  64 001e FFF7FEFF 		bl	CyDelay
  65              	.LVL7:
  34:.\main.c      ****     }
  66              		.loc 1 34 0
  67 0022 F2E7     		b	.L3
  68              		.cfi_endproc
  69              	.LFE34:
  70              		.size	main, .-main
  71              		.text
  72              	.Letext0:
  73              		.file 2 "Generated_Source\\PSoC4/cytypes.h"
  74              		.file 3 "Generated_Source\\PSoC4/PWM.h"
  75              		.file 4 "Generated_Source\\PSoC4/Control.h"
  76              		.file 5 "Generated_Source\\PSoC4/CyLib.h"
  77              		.section	.debug_info,"",%progbits
  78              	.Ldebug_info0:
  79 0000 19010000 		.4byte	0x119
ARM GAS  C:\Users\cdc75\AppData\Local\Temp\ccmZElOz.s 			page 3


  80 0004 0400     		.2byte	0x4
  81 0006 00000000 		.4byte	.Ldebug_abbrev0
  82 000a 04       		.byte	0x4
  83 000b 01       		.uleb128 0x1
  84 000c 9E000000 		.4byte	.LASF15
  85 0010 01       		.byte	0x1
  86 0011 88010000 		.4byte	.LASF16
  87 0015 6C000000 		.4byte	.LASF17
  88 0019 00000000 		.4byte	.Ldebug_ranges0+0
  89 001d 00000000 		.4byte	0
  90 0021 00000000 		.4byte	.Ldebug_line0
  91 0025 02       		.uleb128 0x2
  92 0026 01       		.byte	0x1
  93 0027 06       		.byte	0x6
  94 0028 72010000 		.4byte	.LASF0
  95 002c 02       		.uleb128 0x2
  96 002d 01       		.byte	0x1
  97 002e 08       		.byte	0x8
  98 002f 32010000 		.4byte	.LASF1
  99 0033 02       		.uleb128 0x2
 100 0034 02       		.byte	0x2
 101 0035 05       		.byte	0x5
 102 0036 4E010000 		.4byte	.LASF2
 103 003a 02       		.uleb128 0x2
 104 003b 02       		.byte	0x2
 105 003c 07       		.byte	0x7
 106 003d 5F010000 		.4byte	.LASF3
 107 0041 02       		.uleb128 0x2
 108 0042 04       		.byte	0x4
 109 0043 05       		.byte	0x5
 110 0044 45010000 		.4byte	.LASF4
 111 0048 02       		.uleb128 0x2
 112 0049 04       		.byte	0x4
 113 004a 07       		.byte	0x7
 114 004b 43000000 		.4byte	.LASF5
 115 004f 02       		.uleb128 0x2
 116 0050 08       		.byte	0x8
 117 0051 05       		.byte	0x5
 118 0052 00000000 		.4byte	.LASF6
 119 0056 02       		.uleb128 0x2
 120 0057 08       		.byte	0x8
 121 0058 07       		.byte	0x7
 122 0059 55000000 		.4byte	.LASF7
 123 005d 03       		.uleb128 0x3
 124 005e 04       		.byte	0x4
 125 005f 05       		.byte	0x5
 126 0060 696E7400 		.ascii	"int\000"
 127 0064 02       		.uleb128 0x2
 128 0065 04       		.byte	0x4
 129 0066 07       		.byte	0x7
 130 0067 15000000 		.4byte	.LASF8
 131 006b 04       		.uleb128 0x4
 132 006c 3D000000 		.4byte	.LASF9
 133 0070 02       		.byte	0x2
 134 0071 9801     		.2byte	0x198
 135 0073 2C000000 		.4byte	0x2c
 136 0077 04       		.uleb128 0x4
ARM GAS  C:\Users\cdc75\AppData\Local\Temp\ccmZElOz.s 			page 4


 137 0078 0E000000 		.4byte	.LASF10
 138 007c 02       		.byte	0x2
 139 007d 9A01     		.2byte	0x19a
 140 007f 48000000 		.4byte	0x48
 141 0083 02       		.uleb128 0x2
 142 0084 04       		.byte	0x4
 143 0085 04       		.byte	0x4
 144 0086 2C010000 		.4byte	.LASF11
 145 008a 02       		.uleb128 0x2
 146 008b 08       		.byte	0x8
 147 008c 04       		.byte	0x4
 148 008d 58010000 		.4byte	.LASF12
 149 0091 02       		.uleb128 0x2
 150 0092 01       		.byte	0x1
 151 0093 08       		.byte	0x8
 152 0094 40010000 		.4byte	.LASF13
 153 0098 02       		.uleb128 0x2
 154 0099 04       		.byte	0x4
 155 009a 07       		.byte	0x7
 156 009b 91010000 		.4byte	.LASF14
 157 009f 05       		.uleb128 0x5
 158 00a0 30000000 		.4byte	.LASF18
 159 00a4 01       		.byte	0x1
 160 00a5 10       		.byte	0x10
 161 00a6 5D000000 		.4byte	0x5d
 162 00aa 00000000 		.4byte	.LFB34
 163 00ae 24000000 		.4byte	.LFE34-.LFB34
 164 00b2 01       		.uleb128 0x1
 165 00b3 9C       		.byte	0x9c
 166 00b4 F6000000 		.4byte	0xf6
 167 00b8 06       		.uleb128 0x6
 168 00b9 97000000 		.4byte	.LASF19
 169 00bd 01       		.byte	0x1
 170 00be 12       		.byte	0x12
 171 00bf 6B000000 		.4byte	0x6b
 172 00c3 00000000 		.4byte	.LLST0
 173 00c7 07       		.uleb128 0x7
 174 00c8 08000000 		.4byte	.LVL1
 175 00cc F6000000 		.4byte	0xf6
 176 00d0 08       		.uleb128 0x8
 177 00d1 10000000 		.4byte	.LVL3
 178 00d5 FE000000 		.4byte	0xfe
 179 00d9 E4000000 		.4byte	0xe4
 180 00dd 09       		.uleb128 0x9
 181 00de 01       		.uleb128 0x1
 182 00df 50       		.byte	0x50
 183 00e0 02       		.uleb128 0x2
 184 00e1 74       		.byte	0x74
 185 00e2 00       		.sleb128 0
 186 00e3 00       		.byte	0
 187 00e4 0A       		.uleb128 0xa
 188 00e5 22000000 		.4byte	.LVL7
 189 00e9 0F010000 		.4byte	0x10f
 190 00ed 09       		.uleb128 0x9
 191 00ee 01       		.uleb128 0x1
 192 00ef 50       		.byte	0x50
 193 00f0 03       		.uleb128 0x3
ARM GAS  C:\Users\cdc75\AppData\Local\Temp\ccmZElOz.s 			page 5


 194 00f1 0A       		.byte	0xa
 195 00f2 F401     		.2byte	0x1f4
 196 00f4 00       		.byte	0
 197 00f5 00       		.byte	0
 198 00f6 0B       		.uleb128 0xb
 199 00f7 7E010000 		.4byte	.LASF20
 200 00fb 03       		.byte	0x3
 201 00fc 3201     		.2byte	0x132
 202 00fe 0C       		.uleb128 0xc
 203 00ff 22000000 		.4byte	.LASF21
 204 0103 04       		.byte	0x4
 205 0104 27       		.byte	0x27
 206 0105 0F010000 		.4byte	0x10f
 207 0109 0D       		.uleb128 0xd
 208 010a 6B000000 		.4byte	0x6b
 209 010e 00       		.byte	0
 210 010f 0E       		.uleb128 0xe
 211 0110 35000000 		.4byte	.LASF22
 212 0114 05       		.byte	0x5
 213 0115 D7       		.byte	0xd7
 214 0116 0D       		.uleb128 0xd
 215 0117 77000000 		.4byte	0x77
 216 011b 00       		.byte	0
 217 011c 00       		.byte	0
 218              		.section	.debug_abbrev,"",%progbits
 219              	.Ldebug_abbrev0:
 220 0000 01       		.uleb128 0x1
 221 0001 11       		.uleb128 0x11
 222 0002 01       		.byte	0x1
 223 0003 25       		.uleb128 0x25
 224 0004 0E       		.uleb128 0xe
 225 0005 13       		.uleb128 0x13
 226 0006 0B       		.uleb128 0xb
 227 0007 03       		.uleb128 0x3
 228 0008 0E       		.uleb128 0xe
 229 0009 1B       		.uleb128 0x1b
 230 000a 0E       		.uleb128 0xe
 231 000b 55       		.uleb128 0x55
 232 000c 17       		.uleb128 0x17
 233 000d 11       		.uleb128 0x11
 234 000e 01       		.uleb128 0x1
 235 000f 10       		.uleb128 0x10
 236 0010 17       		.uleb128 0x17
 237 0011 00       		.byte	0
 238 0012 00       		.byte	0
 239 0013 02       		.uleb128 0x2
 240 0014 24       		.uleb128 0x24
 241 0015 00       		.byte	0
 242 0016 0B       		.uleb128 0xb
 243 0017 0B       		.uleb128 0xb
 244 0018 3E       		.uleb128 0x3e
 245 0019 0B       		.uleb128 0xb
 246 001a 03       		.uleb128 0x3
 247 001b 0E       		.uleb128 0xe
 248 001c 00       		.byte	0
 249 001d 00       		.byte	0
 250 001e 03       		.uleb128 0x3
ARM GAS  C:\Users\cdc75\AppData\Local\Temp\ccmZElOz.s 			page 6


 251 001f 24       		.uleb128 0x24
 252 0020 00       		.byte	0
 253 0021 0B       		.uleb128 0xb
 254 0022 0B       		.uleb128 0xb
 255 0023 3E       		.uleb128 0x3e
 256 0024 0B       		.uleb128 0xb
 257 0025 03       		.uleb128 0x3
 258 0026 08       		.uleb128 0x8
 259 0027 00       		.byte	0
 260 0028 00       		.byte	0
 261 0029 04       		.uleb128 0x4
 262 002a 16       		.uleb128 0x16
 263 002b 00       		.byte	0
 264 002c 03       		.uleb128 0x3
 265 002d 0E       		.uleb128 0xe
 266 002e 3A       		.uleb128 0x3a
 267 002f 0B       		.uleb128 0xb
 268 0030 3B       		.uleb128 0x3b
 269 0031 05       		.uleb128 0x5
 270 0032 49       		.uleb128 0x49
 271 0033 13       		.uleb128 0x13
 272 0034 00       		.byte	0
 273 0035 00       		.byte	0
 274 0036 05       		.uleb128 0x5
 275 0037 2E       		.uleb128 0x2e
 276 0038 01       		.byte	0x1
 277 0039 3F       		.uleb128 0x3f
 278 003a 19       		.uleb128 0x19
 279 003b 03       		.uleb128 0x3
 280 003c 0E       		.uleb128 0xe
 281 003d 3A       		.uleb128 0x3a
 282 003e 0B       		.uleb128 0xb
 283 003f 3B       		.uleb128 0x3b
 284 0040 0B       		.uleb128 0xb
 285 0041 49       		.uleb128 0x49
 286 0042 13       		.uleb128 0x13
 287 0043 11       		.uleb128 0x11
 288 0044 01       		.uleb128 0x1
 289 0045 12       		.uleb128 0x12
 290 0046 06       		.uleb128 0x6
 291 0047 40       		.uleb128 0x40
 292 0048 18       		.uleb128 0x18
 293 0049 9742     		.uleb128 0x2117
 294 004b 19       		.uleb128 0x19
 295 004c 01       		.uleb128 0x1
 296 004d 13       		.uleb128 0x13
 297 004e 00       		.byte	0
 298 004f 00       		.byte	0
 299 0050 06       		.uleb128 0x6
 300 0051 34       		.uleb128 0x34
 301 0052 00       		.byte	0
 302 0053 03       		.uleb128 0x3
 303 0054 0E       		.uleb128 0xe
 304 0055 3A       		.uleb128 0x3a
 305 0056 0B       		.uleb128 0xb
 306 0057 3B       		.uleb128 0x3b
 307 0058 0B       		.uleb128 0xb
ARM GAS  C:\Users\cdc75\AppData\Local\Temp\ccmZElOz.s 			page 7


 308 0059 49       		.uleb128 0x49
 309 005a 13       		.uleb128 0x13
 310 005b 02       		.uleb128 0x2
 311 005c 17       		.uleb128 0x17
 312 005d 00       		.byte	0
 313 005e 00       		.byte	0
 314 005f 07       		.uleb128 0x7
 315 0060 898201   		.uleb128 0x4109
 316 0063 00       		.byte	0
 317 0064 11       		.uleb128 0x11
 318 0065 01       		.uleb128 0x1
 319 0066 31       		.uleb128 0x31
 320 0067 13       		.uleb128 0x13
 321 0068 00       		.byte	0
 322 0069 00       		.byte	0
 323 006a 08       		.uleb128 0x8
 324 006b 898201   		.uleb128 0x4109
 325 006e 01       		.byte	0x1
 326 006f 11       		.uleb128 0x11
 327 0070 01       		.uleb128 0x1
 328 0071 31       		.uleb128 0x31
 329 0072 13       		.uleb128 0x13
 330 0073 01       		.uleb128 0x1
 331 0074 13       		.uleb128 0x13
 332 0075 00       		.byte	0
 333 0076 00       		.byte	0
 334 0077 09       		.uleb128 0x9
 335 0078 8A8201   		.uleb128 0x410a
 336 007b 00       		.byte	0
 337 007c 02       		.uleb128 0x2
 338 007d 18       		.uleb128 0x18
 339 007e 9142     		.uleb128 0x2111
 340 0080 18       		.uleb128 0x18
 341 0081 00       		.byte	0
 342 0082 00       		.byte	0
 343 0083 0A       		.uleb128 0xa
 344 0084 898201   		.uleb128 0x4109
 345 0087 01       		.byte	0x1
 346 0088 11       		.uleb128 0x11
 347 0089 01       		.uleb128 0x1
 348 008a 31       		.uleb128 0x31
 349 008b 13       		.uleb128 0x13
 350 008c 00       		.byte	0
 351 008d 00       		.byte	0
 352 008e 0B       		.uleb128 0xb
 353 008f 2E       		.uleb128 0x2e
 354 0090 00       		.byte	0
 355 0091 3F       		.uleb128 0x3f
 356 0092 19       		.uleb128 0x19
 357 0093 03       		.uleb128 0x3
 358 0094 0E       		.uleb128 0xe
 359 0095 3A       		.uleb128 0x3a
 360 0096 0B       		.uleb128 0xb
 361 0097 3B       		.uleb128 0x3b
 362 0098 05       		.uleb128 0x5
 363 0099 27       		.uleb128 0x27
 364 009a 19       		.uleb128 0x19
ARM GAS  C:\Users\cdc75\AppData\Local\Temp\ccmZElOz.s 			page 8


 365 009b 3C       		.uleb128 0x3c
 366 009c 19       		.uleb128 0x19
 367 009d 00       		.byte	0
 368 009e 00       		.byte	0
 369 009f 0C       		.uleb128 0xc
 370 00a0 2E       		.uleb128 0x2e
 371 00a1 01       		.byte	0x1
 372 00a2 3F       		.uleb128 0x3f
 373 00a3 19       		.uleb128 0x19
 374 00a4 03       		.uleb128 0x3
 375 00a5 0E       		.uleb128 0xe
 376 00a6 3A       		.uleb128 0x3a
 377 00a7 0B       		.uleb128 0xb
 378 00a8 3B       		.uleb128 0x3b
 379 00a9 0B       		.uleb128 0xb
 380 00aa 27       		.uleb128 0x27
 381 00ab 19       		.uleb128 0x19
 382 00ac 3C       		.uleb128 0x3c
 383 00ad 19       		.uleb128 0x19
 384 00ae 01       		.uleb128 0x1
 385 00af 13       		.uleb128 0x13
 386 00b0 00       		.byte	0
 387 00b1 00       		.byte	0
 388 00b2 0D       		.uleb128 0xd
 389 00b3 05       		.uleb128 0x5
 390 00b4 00       		.byte	0
 391 00b5 49       		.uleb128 0x49
 392 00b6 13       		.uleb128 0x13
 393 00b7 00       		.byte	0
 394 00b8 00       		.byte	0
 395 00b9 0E       		.uleb128 0xe
 396 00ba 2E       		.uleb128 0x2e
 397 00bb 01       		.byte	0x1
 398 00bc 3F       		.uleb128 0x3f
 399 00bd 19       		.uleb128 0x19
 400 00be 03       		.uleb128 0x3
 401 00bf 0E       		.uleb128 0xe
 402 00c0 3A       		.uleb128 0x3a
 403 00c1 0B       		.uleb128 0xb
 404 00c2 3B       		.uleb128 0x3b
 405 00c3 0B       		.uleb128 0xb
 406 00c4 27       		.uleb128 0x27
 407 00c5 19       		.uleb128 0x19
 408 00c6 3C       		.uleb128 0x3c
 409 00c7 19       		.uleb128 0x19
 410 00c8 00       		.byte	0
 411 00c9 00       		.byte	0
 412 00ca 00       		.byte	0
 413              		.section	.debug_loc,"",%progbits
 414              	.Ldebug_loc0:
 415              	.LLST0:
 416 0000 02000000 		.4byte	.LVL0
 417 0004 0A000000 		.4byte	.LVL2
 418 0008 0200     		.2byte	0x2
 419 000a 30       		.byte	0x30
 420 000b 9F       		.byte	0x9f
 421 000c 0A000000 		.4byte	.LVL2
ARM GAS  C:\Users\cdc75\AppData\Local\Temp\ccmZElOz.s 			page 9


 422 0010 12000000 		.4byte	.LVL4
 423 0014 0100     		.2byte	0x1
 424 0016 54       		.byte	0x54
 425 0017 14000000 		.4byte	.LVL5
 426 001b 24000000 		.4byte	.LFE34
 427 001f 0100     		.2byte	0x1
 428 0021 54       		.byte	0x54
 429 0022 00000000 		.4byte	0
 430 0026 00000000 		.4byte	0
 431              		.section	.debug_aranges,"",%progbits
 432 0000 1C000000 		.4byte	0x1c
 433 0004 0200     		.2byte	0x2
 434 0006 00000000 		.4byte	.Ldebug_info0
 435 000a 04       		.byte	0x4
 436 000b 00       		.byte	0
 437 000c 0000     		.2byte	0
 438 000e 0000     		.2byte	0
 439 0010 00000000 		.4byte	.LFB34
 440 0014 24000000 		.4byte	.LFE34-.LFB34
 441 0018 00000000 		.4byte	0
 442 001c 00000000 		.4byte	0
 443              		.section	.debug_ranges,"",%progbits
 444              	.Ldebug_ranges0:
 445 0000 00000000 		.4byte	.LFB34
 446 0004 24000000 		.4byte	.LFE34
 447 0008 00000000 		.4byte	0
 448 000c 00000000 		.4byte	0
 449              		.section	.debug_line,"",%progbits
 450              	.Ldebug_line0:
 451 0000 82000000 		.section	.debug_str,"MS",%progbits,1
 451      02006400 
 451      00000201 
 451      FB0E0D00 
 451      01010101 
 452              	.LASF6:
 453 0000 6C6F6E67 		.ascii	"long long int\000"
 453      206C6F6E 
 453      6720696E 
 453      7400
 454              	.LASF10:
 455 000e 75696E74 		.ascii	"uint32\000"
 455      333200
 456              	.LASF8:
 457 0015 756E7369 		.ascii	"unsigned int\000"
 457      676E6564 
 457      20696E74 
 457      00
 458              	.LASF21:
 459 0022 436F6E74 		.ascii	"Control_Write\000"
 459      726F6C5F 
 459      57726974 
 459      6500
 460              	.LASF18:
 461 0030 6D61696E 		.ascii	"main\000"
 461      00
 462              	.LASF22:
 463 0035 43794465 		.ascii	"CyDelay\000"
ARM GAS  C:\Users\cdc75\AppData\Local\Temp\ccmZElOz.s 			page 10


 463      6C617900 
 464              	.LASF9:
 465 003d 75696E74 		.ascii	"uint8\000"
 465      3800
 466              	.LASF5:
 467 0043 6C6F6E67 		.ascii	"long unsigned int\000"
 467      20756E73 
 467      69676E65 
 467      6420696E 
 467      7400
 468              	.LASF7:
 469 0055 6C6F6E67 		.ascii	"long long unsigned int\000"
 469      206C6F6E 
 469      6720756E 
 469      7369676E 
 469      65642069 
 470              	.LASF17:
 471 006c 433A5C55 		.ascii	"C:\\Users\\cdc75\\Desktop\\Labs\\Lesson15.cydsn\000"
 471      73657273 
 471      5C636463 
 471      37355C44 
 471      65736B74 
 472              	.LASF19:
 473 0097 63746C76 		.ascii	"ctlval\000"
 473      616C00
 474              	.LASF15:
 475 009e 474E5520 		.ascii	"GNU C 4.9.3 20150303 (release) [ARM/embedded-4_9-br"
 475      4320342E 
 475      392E3320 
 475      32303135 
 475      30333033 
 476 00d1 616E6368 		.ascii	"anch revision 221220] -mcpu=cortex-m0 -mthumb -g -O"
 476      20726576 
 476      6973696F 
 476      6E203232 
 476      31323230 
 477 0104 67202D66 		.ascii	"g -ffunction-sections -ffat-lto-objects\000"
 477      66756E63 
 477      74696F6E 
 477      2D736563 
 477      74696F6E 
 478              	.LASF11:
 479 012c 666C6F61 		.ascii	"float\000"
 479      7400
 480              	.LASF1:
 481 0132 756E7369 		.ascii	"unsigned char\000"
 481      676E6564 
 481      20636861 
 481      7200
 482              	.LASF13:
 483 0140 63686172 		.ascii	"char\000"
 483      00
 484              	.LASF4:
 485 0145 6C6F6E67 		.ascii	"long int\000"
 485      20696E74 
 485      00
 486              	.LASF2:
ARM GAS  C:\Users\cdc75\AppData\Local\Temp\ccmZElOz.s 			page 11


 487 014e 73686F72 		.ascii	"short int\000"
 487      7420696E 
 487      7400
 488              	.LASF12:
 489 0158 646F7562 		.ascii	"double\000"
 489      6C6500
 490              	.LASF3:
 491 015f 73686F72 		.ascii	"short unsigned int\000"
 491      7420756E 
 491      7369676E 
 491      65642069 
 491      6E7400
 492              	.LASF0:
 493 0172 7369676E 		.ascii	"signed char\000"
 493      65642063 
 493      68617200 
 494              	.LASF20:
 495 017e 50574D5F 		.ascii	"PWM_Start\000"
 495      53746172 
 495      7400
 496              	.LASF16:
 497 0188 2E5C6D61 		.ascii	".\\main.c\000"
 497      696E2E63 
 497      00
 498              	.LASF14:
 499 0191 73697A65 		.ascii	"sizetype\000"
 499      74797065 
 499      00
 500              		.ident	"GCC: (GNU Tools for ARM Embedded Processors) 4.9.3 20150303 (release) [ARM/embedded-4_9-br
