ARM GAS  C:\Users\Chris\AppData\Local\Temp\cchC2kBk.s 			page 1


   1              		.cpu cortex-m0
   2              		.fpu softvfp
   3              		.eabi_attribute 20, 1
   4              		.eabi_attribute 21, 1
   5              		.eabi_attribute 23, 3
   6              		.eabi_attribute 24, 1
   7              		.eabi_attribute 25, 1
   8              		.eabi_attribute 26, 1
   9              		.eabi_attribute 30, 1
  10              		.eabi_attribute 34, 0
  11              		.eabi_attribute 18, 4
  12              		.code	16
  13              		.file	"main.c"
  14              		.text
  15              	.Ltext0:
  16              		.cfi_sections	.debug_frame
  17              		.section	.text.main,"ax",%progbits
  18              		.align	2
  19              		.global	main
  20              		.code	16
  21              		.thumb_func
  22              		.type	main, %function
  23              	main:
  24              	.LFB34:
  25              		.file 1 ".\\main.c"
   1:.\main.c      **** /* ========================================
   2:.\main.c      ****  *
   3:.\main.c      ****  * Copyright YOUR COMPANY, THE YEAR
   4:.\main.c      ****  * All Rights Reserved
   5:.\main.c      ****  * UNPUBLISHED, LICENSED SOFTWARE.
   6:.\main.c      ****  *
   7:.\main.c      ****  * CONFIDENTIAL AND PROPRIETARY INFORMATION
   8:.\main.c      ****  * WHICH IS THE PROPERTY OF your company.
   9:.\main.c      ****  *
  10:.\main.c      ****  * ========================================
  11:.\main.c      **** */
  12:.\main.c      **** #include <project.h>
  13:.\main.c      **** 
  14:.\main.c      **** int main()
  15:.\main.c      **** {   
  26              		.loc 1 15 0
  27              		.cfi_startproc
  28 0000 08B5     		push	{r3, lr}
  29              		.cfi_def_cfa_offset 8
  30              		.cfi_offset 3, -8
  31              		.cfi_offset 14, -4
  16:.\main.c      ****     CyGlobalIntEnable; /* Enable global interrupts. */
  32              		.loc 1 16 0
  33              	@ 16 ".\main.c" 1
  34 0002 62B6     		CPSIE   i
  35              	@ 0 "" 2
  17:.\main.c      ****     uint32 rxData;
  18:.\main.c      ****     UART_Start();
  36              		.loc 1 18 0
  37              		.code	16
  38 0004 FFF7FEFF 		bl	UART_Start
  39              	.LVL0:
ARM GAS  C:\Users\Chris\AppData\Local\Temp\cchC2kBk.s 			page 2


  40              	.L2:
  19:.\main.c      ****   
  20:.\main.c      ****     
  21:.\main.c      ****     for(;;)
  22:.\main.c      ****     {
  23:.\main.c      ****        
  24:.\main.c      ****         rxData=UART_UartGetChar();
  41              		.loc 1 24 0
  42 0008 FFF7FEFF 		bl	UART_UartGetChar
  43              	.LVL1:
  25:.\main.c      ****         if(rxData>=97 && rxData<= 122 )
  44              		.loc 1 25 0
  45 000c 031C     		mov	r3, r0
  46 000e 613B     		sub	r3, r3, #97
  47 0010 192B     		cmp	r3, #25
  48 0012 03D8     		bhi	.L3
  26:.\main.c      ****         {
  27:.\main.c      ****             rxData=rxData-32;
  49              		.loc 1 27 0
  50 0014 2038     		sub	r0, r0, #32
  51              	.LVL2:
  28:.\main.c      ****             UART_UartPutChar(rxData);
  52              		.loc 1 28 0
  53 0016 FFF7FEFF 		bl	UART_SpiUartWriteTxData
  54              	.LVL3:
  55 001a F5E7     		b	.L2
  56              	.LVL4:
  57              	.L3:
  29:.\main.c      ****         } else 
  30:.\main.c      ****             {
  31:.\main.c      ****                 UART_UartPutChar(rxData);
  58              		.loc 1 31 0
  59 001c FFF7FEFF 		bl	UART_SpiUartWriteTxData
  60              	.LVL5:
  61 0020 F2E7     		b	.L2
  62              		.cfi_endproc
  63              	.LFE34:
  64              		.size	main, .-main
  65 0022 C046     		.text
  66              	.Letext0:
  67              		.file 2 "Generated_Source\\PSoC4/cytypes.h"
  68              		.file 3 "Generated_Source\\PSoC4/UART.h"
  69              		.file 4 "Generated_Source\\PSoC4/UART_SPI_UART.h"
  70              		.section	.debug_info,"",%progbits
  71              	.Ldebug_info0:
  72 0000 FE000000 		.4byte	0xfe
  73 0004 0400     		.2byte	0x4
  74 0006 00000000 		.4byte	.Ldebug_abbrev0
  75 000a 04       		.byte	0x4
  76 000b 01       		.uleb128 0x1
  77 000c 1B010000 		.4byte	.LASF13
  78 0010 01       		.byte	0x1
  79 0011 A9010000 		.4byte	.LASF14
  80 0015 BE000000 		.4byte	.LASF15
  81 0019 00000000 		.4byte	.Ldebug_ranges0+0
  82 001d 00000000 		.4byte	0
  83 0021 00000000 		.4byte	.Ldebug_line0
ARM GAS  C:\Users\Chris\AppData\Local\Temp\cchC2kBk.s 			page 3


  84 0025 02       		.uleb128 0x2
  85 0026 01       		.byte	0x1
  86 0027 06       		.byte	0x6
  87 0028 0F010000 		.4byte	.LASF0
  88 002c 02       		.uleb128 0x2
  89 002d 01       		.byte	0x1
  90 002e 08       		.byte	0x8
  91 002f 7E000000 		.4byte	.LASF1
  92 0033 02       		.uleb128 0x2
  93 0034 02       		.byte	0x2
  94 0035 05       		.byte	0x5
  95 0036 AD000000 		.4byte	.LASF2
  96 003a 02       		.uleb128 0x2
  97 003b 02       		.byte	0x2
  98 003c 07       		.byte	0x7
  99 003d FC000000 		.4byte	.LASF3
 100 0041 02       		.uleb128 0x2
 101 0042 04       		.byte	0x4
 102 0043 05       		.byte	0x5
 103 0044 A4000000 		.4byte	.LASF4
 104 0048 02       		.uleb128 0x2
 105 0049 04       		.byte	0x4
 106 004a 07       		.byte	0x7
 107 004b 38000000 		.4byte	.LASF5
 108 004f 02       		.uleb128 0x2
 109 0050 08       		.byte	0x8
 110 0051 05       		.byte	0x5
 111 0052 00000000 		.4byte	.LASF6
 112 0056 02       		.uleb128 0x2
 113 0057 08       		.byte	0x8
 114 0058 07       		.byte	0x7
 115 0059 4A000000 		.4byte	.LASF7
 116 005d 03       		.uleb128 0x3
 117 005e 04       		.byte	0x4
 118 005f 05       		.byte	0x5
 119 0060 696E7400 		.ascii	"int\000"
 120 0064 02       		.uleb128 0x2
 121 0065 04       		.byte	0x4
 122 0066 07       		.byte	0x7
 123 0067 15000000 		.4byte	.LASF8
 124 006b 04       		.uleb128 0x4
 125 006c 0E000000 		.4byte	.LASF16
 126 0070 02       		.byte	0x2
 127 0071 9A01     		.2byte	0x19a
 128 0073 48000000 		.4byte	0x48
 129 0077 02       		.uleb128 0x2
 130 0078 04       		.byte	0x4
 131 0079 04       		.byte	0x4
 132 007a 61000000 		.4byte	.LASF9
 133 007e 02       		.uleb128 0x2
 134 007f 08       		.byte	0x8
 135 0080 04       		.byte	0x4
 136 0081 B7000000 		.4byte	.LASF10
 137 0085 02       		.uleb128 0x2
 138 0086 01       		.byte	0x1
 139 0087 08       		.byte	0x8
 140 0088 67000000 		.4byte	.LASF11
ARM GAS  C:\Users\Chris\AppData\Local\Temp\cchC2kBk.s 			page 4


 141 008c 02       		.uleb128 0x2
 142 008d 04       		.byte	0x4
 143 008e 07       		.byte	0x7
 144 008f B2010000 		.4byte	.LASF12
 145 0093 05       		.uleb128 0x5
 146 0094 22000000 		.4byte	.LASF17
 147 0098 01       		.byte	0x1
 148 0099 0E       		.byte	0xe
 149 009a 5D000000 		.4byte	0x5d
 150 009e 00000000 		.4byte	.LFB34
 151 00a2 22000000 		.4byte	.LFE34-.LFB34
 152 00a6 01       		.uleb128 0x1
 153 00a7 9C       		.byte	0x9c
 154 00a8 E0000000 		.4byte	0xe0
 155 00ac 06       		.uleb128 0x6
 156 00ad 77000000 		.4byte	.LASF18
 157 00b1 01       		.byte	0x1
 158 00b2 11       		.byte	0x11
 159 00b3 6B000000 		.4byte	0x6b
 160 00b7 00000000 		.4byte	.LLST0
 161 00bb 07       		.uleb128 0x7
 162 00bc 08000000 		.4byte	.LVL0
 163 00c0 E0000000 		.4byte	0xe0
 164 00c4 07       		.uleb128 0x7
 165 00c5 0C000000 		.4byte	.LVL1
 166 00c9 E7000000 		.4byte	0xe7
 167 00cd 07       		.uleb128 0x7
 168 00ce 1A000000 		.4byte	.LVL3
 169 00d2 F3000000 		.4byte	0xf3
 170 00d6 07       		.uleb128 0x7
 171 00d7 20000000 		.4byte	.LVL5
 172 00db F3000000 		.4byte	0xf3
 173 00df 00       		.byte	0
 174 00e0 08       		.uleb128 0x8
 175 00e1 6C000000 		.4byte	.LASF19
 176 00e5 03       		.byte	0x3
 177 00e6 6E       		.byte	0x6e
 178 00e7 09       		.uleb128 0x9
 179 00e8 27000000 		.4byte	.LASF20
 180 00ec 04       		.byte	0x4
 181 00ed 0603     		.2byte	0x306
 182 00ef 6B000000 		.4byte	0x6b
 183 00f3 0A       		.uleb128 0xa
 184 00f4 8C000000 		.4byte	.LASF21
 185 00f8 04       		.byte	0x4
 186 00f9 3A03     		.2byte	0x33a
 187 00fb 0B       		.uleb128 0xb
 188 00fc 6B000000 		.4byte	0x6b
 189 0100 00       		.byte	0
 190 0101 00       		.byte	0
 191              		.section	.debug_abbrev,"",%progbits
 192              	.Ldebug_abbrev0:
 193 0000 01       		.uleb128 0x1
 194 0001 11       		.uleb128 0x11
 195 0002 01       		.byte	0x1
 196 0003 25       		.uleb128 0x25
 197 0004 0E       		.uleb128 0xe
ARM GAS  C:\Users\Chris\AppData\Local\Temp\cchC2kBk.s 			page 5


 198 0005 13       		.uleb128 0x13
 199 0006 0B       		.uleb128 0xb
 200 0007 03       		.uleb128 0x3
 201 0008 0E       		.uleb128 0xe
 202 0009 1B       		.uleb128 0x1b
 203 000a 0E       		.uleb128 0xe
 204 000b 55       		.uleb128 0x55
 205 000c 17       		.uleb128 0x17
 206 000d 11       		.uleb128 0x11
 207 000e 01       		.uleb128 0x1
 208 000f 10       		.uleb128 0x10
 209 0010 17       		.uleb128 0x17
 210 0011 00       		.byte	0
 211 0012 00       		.byte	0
 212 0013 02       		.uleb128 0x2
 213 0014 24       		.uleb128 0x24
 214 0015 00       		.byte	0
 215 0016 0B       		.uleb128 0xb
 216 0017 0B       		.uleb128 0xb
 217 0018 3E       		.uleb128 0x3e
 218 0019 0B       		.uleb128 0xb
 219 001a 03       		.uleb128 0x3
 220 001b 0E       		.uleb128 0xe
 221 001c 00       		.byte	0
 222 001d 00       		.byte	0
 223 001e 03       		.uleb128 0x3
 224 001f 24       		.uleb128 0x24
 225 0020 00       		.byte	0
 226 0021 0B       		.uleb128 0xb
 227 0022 0B       		.uleb128 0xb
 228 0023 3E       		.uleb128 0x3e
 229 0024 0B       		.uleb128 0xb
 230 0025 03       		.uleb128 0x3
 231 0026 08       		.uleb128 0x8
 232 0027 00       		.byte	0
 233 0028 00       		.byte	0
 234 0029 04       		.uleb128 0x4
 235 002a 16       		.uleb128 0x16
 236 002b 00       		.byte	0
 237 002c 03       		.uleb128 0x3
 238 002d 0E       		.uleb128 0xe
 239 002e 3A       		.uleb128 0x3a
 240 002f 0B       		.uleb128 0xb
 241 0030 3B       		.uleb128 0x3b
 242 0031 05       		.uleb128 0x5
 243 0032 49       		.uleb128 0x49
 244 0033 13       		.uleb128 0x13
 245 0034 00       		.byte	0
 246 0035 00       		.byte	0
 247 0036 05       		.uleb128 0x5
 248 0037 2E       		.uleb128 0x2e
 249 0038 01       		.byte	0x1
 250 0039 3F       		.uleb128 0x3f
 251 003a 19       		.uleb128 0x19
 252 003b 03       		.uleb128 0x3
 253 003c 0E       		.uleb128 0xe
 254 003d 3A       		.uleb128 0x3a
ARM GAS  C:\Users\Chris\AppData\Local\Temp\cchC2kBk.s 			page 6


 255 003e 0B       		.uleb128 0xb
 256 003f 3B       		.uleb128 0x3b
 257 0040 0B       		.uleb128 0xb
 258 0041 49       		.uleb128 0x49
 259 0042 13       		.uleb128 0x13
 260 0043 11       		.uleb128 0x11
 261 0044 01       		.uleb128 0x1
 262 0045 12       		.uleb128 0x12
 263 0046 06       		.uleb128 0x6
 264 0047 40       		.uleb128 0x40
 265 0048 18       		.uleb128 0x18
 266 0049 9742     		.uleb128 0x2117
 267 004b 19       		.uleb128 0x19
 268 004c 01       		.uleb128 0x1
 269 004d 13       		.uleb128 0x13
 270 004e 00       		.byte	0
 271 004f 00       		.byte	0
 272 0050 06       		.uleb128 0x6
 273 0051 34       		.uleb128 0x34
 274 0052 00       		.byte	0
 275 0053 03       		.uleb128 0x3
 276 0054 0E       		.uleb128 0xe
 277 0055 3A       		.uleb128 0x3a
 278 0056 0B       		.uleb128 0xb
 279 0057 3B       		.uleb128 0x3b
 280 0058 0B       		.uleb128 0xb
 281 0059 49       		.uleb128 0x49
 282 005a 13       		.uleb128 0x13
 283 005b 02       		.uleb128 0x2
 284 005c 17       		.uleb128 0x17
 285 005d 00       		.byte	0
 286 005e 00       		.byte	0
 287 005f 07       		.uleb128 0x7
 288 0060 898201   		.uleb128 0x4109
 289 0063 00       		.byte	0
 290 0064 11       		.uleb128 0x11
 291 0065 01       		.uleb128 0x1
 292 0066 31       		.uleb128 0x31
 293 0067 13       		.uleb128 0x13
 294 0068 00       		.byte	0
 295 0069 00       		.byte	0
 296 006a 08       		.uleb128 0x8
 297 006b 2E       		.uleb128 0x2e
 298 006c 00       		.byte	0
 299 006d 3F       		.uleb128 0x3f
 300 006e 19       		.uleb128 0x19
 301 006f 03       		.uleb128 0x3
 302 0070 0E       		.uleb128 0xe
 303 0071 3A       		.uleb128 0x3a
 304 0072 0B       		.uleb128 0xb
 305 0073 3B       		.uleb128 0x3b
 306 0074 0B       		.uleb128 0xb
 307 0075 27       		.uleb128 0x27
 308 0076 19       		.uleb128 0x19
 309 0077 3C       		.uleb128 0x3c
 310 0078 19       		.uleb128 0x19
 311 0079 00       		.byte	0
ARM GAS  C:\Users\Chris\AppData\Local\Temp\cchC2kBk.s 			page 7


 312 007a 00       		.byte	0
 313 007b 09       		.uleb128 0x9
 314 007c 2E       		.uleb128 0x2e
 315 007d 00       		.byte	0
 316 007e 3F       		.uleb128 0x3f
 317 007f 19       		.uleb128 0x19
 318 0080 03       		.uleb128 0x3
 319 0081 0E       		.uleb128 0xe
 320 0082 3A       		.uleb128 0x3a
 321 0083 0B       		.uleb128 0xb
 322 0084 3B       		.uleb128 0x3b
 323 0085 05       		.uleb128 0x5
 324 0086 27       		.uleb128 0x27
 325 0087 19       		.uleb128 0x19
 326 0088 49       		.uleb128 0x49
 327 0089 13       		.uleb128 0x13
 328 008a 3C       		.uleb128 0x3c
 329 008b 19       		.uleb128 0x19
 330 008c 00       		.byte	0
 331 008d 00       		.byte	0
 332 008e 0A       		.uleb128 0xa
 333 008f 2E       		.uleb128 0x2e
 334 0090 01       		.byte	0x1
 335 0091 3F       		.uleb128 0x3f
 336 0092 19       		.uleb128 0x19
 337 0093 03       		.uleb128 0x3
 338 0094 0E       		.uleb128 0xe
 339 0095 3A       		.uleb128 0x3a
 340 0096 0B       		.uleb128 0xb
 341 0097 3B       		.uleb128 0x3b
 342 0098 05       		.uleb128 0x5
 343 0099 27       		.uleb128 0x27
 344 009a 19       		.uleb128 0x19
 345 009b 3C       		.uleb128 0x3c
 346 009c 19       		.uleb128 0x19
 347 009d 00       		.byte	0
 348 009e 00       		.byte	0
 349 009f 0B       		.uleb128 0xb
 350 00a0 05       		.uleb128 0x5
 351 00a1 00       		.byte	0
 352 00a2 49       		.uleb128 0x49
 353 00a3 13       		.uleb128 0x13
 354 00a4 00       		.byte	0
 355 00a5 00       		.byte	0
 356 00a6 00       		.byte	0
 357              		.section	.debug_loc,"",%progbits
 358              	.Ldebug_loc0:
 359              	.LLST0:
 360 0000 0C000000 		.4byte	.LVL1
 361 0004 19000000 		.4byte	.LVL3-1
 362 0008 0100     		.2byte	0x1
 363 000a 50       		.byte	0x50
 364 000b 1C000000 		.4byte	.LVL4
 365 000f 1F000000 		.4byte	.LVL5-1
 366 0013 0100     		.2byte	0x1
 367 0015 50       		.byte	0x50
 368 0016 00000000 		.4byte	0
ARM GAS  C:\Users\Chris\AppData\Local\Temp\cchC2kBk.s 			page 8


 369 001a 00000000 		.4byte	0
 370              		.section	.debug_aranges,"",%progbits
 371 0000 1C000000 		.4byte	0x1c
 372 0004 0200     		.2byte	0x2
 373 0006 00000000 		.4byte	.Ldebug_info0
 374 000a 04       		.byte	0x4
 375 000b 00       		.byte	0
 376 000c 0000     		.2byte	0
 377 000e 0000     		.2byte	0
 378 0010 00000000 		.4byte	.LFB34
 379 0014 22000000 		.4byte	.LFE34-.LFB34
 380 0018 00000000 		.4byte	0
 381 001c 00000000 		.4byte	0
 382              		.section	.debug_ranges,"",%progbits
 383              	.Ldebug_ranges0:
 384 0000 00000000 		.4byte	.LFB34
 385 0004 22000000 		.4byte	.LFE34
 386 0008 00000000 		.4byte	0
 387 000c 00000000 		.4byte	0
 388              		.section	.debug_line,"",%progbits
 389              	.Ldebug_line0:
 390 0000 7C000000 		.section	.debug_str,"MS",%progbits,1
 390      02006000 
 390      00000201 
 390      FB0E0D00 
 390      01010101 
 391              	.LASF6:
 392 0000 6C6F6E67 		.ascii	"long long int\000"
 392      206C6F6E 
 392      6720696E 
 392      7400
 393              	.LASF16:
 394 000e 75696E74 		.ascii	"uint32\000"
 394      333200
 395              	.LASF8:
 396 0015 756E7369 		.ascii	"unsigned int\000"
 396      676E6564 
 396      20696E74 
 396      00
 397              	.LASF17:
 398 0022 6D61696E 		.ascii	"main\000"
 398      00
 399              	.LASF20:
 400 0027 55415254 		.ascii	"UART_UartGetChar\000"
 400      5F556172 
 400      74476574 
 400      43686172 
 400      00
 401              	.LASF5:
 402 0038 6C6F6E67 		.ascii	"long unsigned int\000"
 402      20756E73 
 402      69676E65 
 402      6420696E 
 402      7400
 403              	.LASF7:
 404 004a 6C6F6E67 		.ascii	"long long unsigned int\000"
 404      206C6F6E 
ARM GAS  C:\Users\Chris\AppData\Local\Temp\cchC2kBk.s 			page 9


 404      6720756E 
 404      7369676E 
 404      65642069 
 405              	.LASF9:
 406 0061 666C6F61 		.ascii	"float\000"
 406      7400
 407              	.LASF11:
 408 0067 63686172 		.ascii	"char\000"
 408      00
 409              	.LASF19:
 410 006c 55415254 		.ascii	"UART_Start\000"
 410      5F537461 
 410      727400
 411              	.LASF18:
 412 0077 72784461 		.ascii	"rxData\000"
 412      746100
 413              	.LASF1:
 414 007e 756E7369 		.ascii	"unsigned char\000"
 414      676E6564 
 414      20636861 
 414      7200
 415              	.LASF21:
 416 008c 55415254 		.ascii	"UART_SpiUartWriteTxData\000"
 416      5F537069 
 416      55617274 
 416      57726974 
 416      65547844 
 417              	.LASF4:
 418 00a4 6C6F6E67 		.ascii	"long int\000"
 418      20696E74 
 418      00
 419              	.LASF2:
 420 00ad 73686F72 		.ascii	"short int\000"
 420      7420696E 
 420      7400
 421              	.LASF10:
 422 00b7 646F7562 		.ascii	"double\000"
 422      6C6500
 423              	.LASF15:
 424 00be 433A5C55 		.ascii	"C:\\Users\\Chris\\Desktop\\ECEC 304\\Labs\\Lesson12"
 424      73657273 
 424      5C436872 
 424      69735C44 
 424      65736B74 
 425 00eb 5F436861 		.ascii	"_Challenge.cydsn\000"
 425      6C6C656E 
 425      67652E63 
 425      7964736E 
 425      00
 426              	.LASF3:
 427 00fc 73686F72 		.ascii	"short unsigned int\000"
 427      7420756E 
 427      7369676E 
 427      65642069 
 427      6E7400
 428              	.LASF0:
 429 010f 7369676E 		.ascii	"signed char\000"
ARM GAS  C:\Users\Chris\AppData\Local\Temp\cchC2kBk.s 			page 10


 429      65642063 
 429      68617200 
 430              	.LASF13:
 431 011b 474E5520 		.ascii	"GNU C 4.9.3 20150303 (release) [ARM/embedded-4_9-br"
 431      4320342E 
 431      392E3320 
 431      32303135 
 431      30333033 
 432 014e 616E6368 		.ascii	"anch revision 221220] -mcpu=cortex-m0 -mthumb -g -O"
 432      20726576 
 432      6973696F 
 432      6E203232 
 432      31323230 
 433 0181 67202D66 		.ascii	"g -ffunction-sections -ffat-lto-objects\000"
 433      66756E63 
 433      74696F6E 
 433      2D736563 
 433      74696F6E 
 434              	.LASF14:
 435 01a9 2E5C6D61 		.ascii	".\\main.c\000"
 435      696E2E63 
 435      00
 436              	.LASF12:
 437 01b2 73697A65 		.ascii	"sizetype\000"
 437      74797065 
 437      00
 438              		.ident	"GCC: (GNU Tools for ARM Embedded Processors) 4.9.3 20150303 (release) [ARM/embedded-4_9-br
