ARM GAS  C:\Users\Chris\AppData\Local\Temp\ccL2HORl.s 			page 1


   1              		.cpu cortex-m0
   2              		.fpu softvfp
   3              		.eabi_attribute 20, 1
   4              		.eabi_attribute 21, 1
   5              		.eabi_attribute 23, 3
   6              		.eabi_attribute 24, 1
   7              		.eabi_attribute 25, 1
   8              		.eabi_attribute 26, 1
   9              		.eabi_attribute 30, 1
  10              		.eabi_attribute 34, 0
  11              		.eabi_attribute 18, 4
  12              		.code	16
  13              		.file	"cyfitter_cfg.c"
  14              		.text
  15              	.Ltext0:
  16              		.cfi_sections	.debug_frame
  17              		.section	.text.cfg_write_bytes32,"ax",%progbits
  18              		.align	2
  19              		.code	16
  20              		.thumb_func
  21              		.type	cfg_write_bytes32, %function
  22              	cfg_write_bytes32:
  23              	.LFB3:
  24              		.file 1 ".\\Generated_Source\\PSoC4\\cyfitter_cfg.c"
   1:.\Generated_Source\PSoC4/cyfitter_cfg.c **** /*******************************************************************************
   2:.\Generated_Source\PSoC4/cyfitter_cfg.c **** * File Name: cyfitter_cfg.c
   3:.\Generated_Source\PSoC4/cyfitter_cfg.c **** * 
   4:.\Generated_Source\PSoC4/cyfitter_cfg.c **** * PSoC Creator  3.3 CP3
   5:.\Generated_Source\PSoC4/cyfitter_cfg.c **** *
   6:.\Generated_Source\PSoC4/cyfitter_cfg.c **** * Description:
   7:.\Generated_Source\PSoC4/cyfitter_cfg.c **** * This file contains device initialization code.
   8:.\Generated_Source\PSoC4/cyfitter_cfg.c **** * Except for the user defined sections in CyClockStartupError(), this file should not be modified.
   9:.\Generated_Source\PSoC4/cyfitter_cfg.c **** * This file is automatically generated by PSoC Creator.
  10:.\Generated_Source\PSoC4/cyfitter_cfg.c **** *
  11:.\Generated_Source\PSoC4/cyfitter_cfg.c **** ********************************************************************************
  12:.\Generated_Source\PSoC4/cyfitter_cfg.c **** * Copyright (c) 2007-2016 Cypress Semiconductor.  All rights reserved.
  13:.\Generated_Source\PSoC4/cyfitter_cfg.c **** * You may use this file only in accordance with the license, terms, conditions, 
  14:.\Generated_Source\PSoC4/cyfitter_cfg.c **** * disclaimers, and limitations in the end user license agreement accompanying 
  15:.\Generated_Source\PSoC4/cyfitter_cfg.c **** * the software package with which this file was provided.
  16:.\Generated_Source\PSoC4/cyfitter_cfg.c **** ********************************************************************************/
  17:.\Generated_Source\PSoC4/cyfitter_cfg.c **** 
  18:.\Generated_Source\PSoC4/cyfitter_cfg.c **** #include <string.h>
  19:.\Generated_Source\PSoC4/cyfitter_cfg.c **** #include "cytypes.h"
  20:.\Generated_Source\PSoC4/cyfitter_cfg.c **** #include "cydevice_trm.h"
  21:.\Generated_Source\PSoC4/cyfitter_cfg.c **** #include "cyfitter.h"
  22:.\Generated_Source\PSoC4/cyfitter_cfg.c **** #include "CyLib.h"
  23:.\Generated_Source\PSoC4/cyfitter_cfg.c **** #include "CyLFClk.h"
  24:.\Generated_Source\PSoC4/cyfitter_cfg.c **** #include "cyfitter_cfg.h"
  25:.\Generated_Source\PSoC4/cyfitter_cfg.c **** 
  26:.\Generated_Source\PSoC4/cyfitter_cfg.c **** 
  27:.\Generated_Source\PSoC4/cyfitter_cfg.c **** #if defined(__GNUC__) || defined(__ARMCC_VERSION)
  28:.\Generated_Source\PSoC4/cyfitter_cfg.c ****     #define CYPACKED 
  29:.\Generated_Source\PSoC4/cyfitter_cfg.c ****     #define CYPACKED_ATTR __attribute__ ((packed))
  30:.\Generated_Source\PSoC4/cyfitter_cfg.c ****     #define CYALIGNED __attribute__ ((aligned))
  31:.\Generated_Source\PSoC4/cyfitter_cfg.c ****     #define CY_CFG_UNUSED __attribute__ ((unused))
  32:.\Generated_Source\PSoC4/cyfitter_cfg.c ****     #ifndef CY_CFG_SECTION
  33:.\Generated_Source\PSoC4/cyfitter_cfg.c ****         #define CY_CFG_SECTION __attribute__ ((section(".psocinit")))
ARM GAS  C:\Users\Chris\AppData\Local\Temp\ccL2HORl.s 			page 2


  34:.\Generated_Source\PSoC4/cyfitter_cfg.c ****     #endif
  35:.\Generated_Source\PSoC4/cyfitter_cfg.c ****     
  36:.\Generated_Source\PSoC4/cyfitter_cfg.c ****     #if defined(__ARMCC_VERSION)
  37:.\Generated_Source\PSoC4/cyfitter_cfg.c ****         #define CY_CFG_MEMORY_BARRIER() __memory_changed()
  38:.\Generated_Source\PSoC4/cyfitter_cfg.c ****     #else
  39:.\Generated_Source\PSoC4/cyfitter_cfg.c ****         #define CY_CFG_MEMORY_BARRIER() __sync_synchronize()
  40:.\Generated_Source\PSoC4/cyfitter_cfg.c ****     #endif
  41:.\Generated_Source\PSoC4/cyfitter_cfg.c ****     
  42:.\Generated_Source\PSoC4/cyfitter_cfg.c **** #elif defined(__ICCARM__)
  43:.\Generated_Source\PSoC4/cyfitter_cfg.c ****     #include <intrinsics.h>
  44:.\Generated_Source\PSoC4/cyfitter_cfg.c **** 
  45:.\Generated_Source\PSoC4/cyfitter_cfg.c ****     #define CYPACKED __packed
  46:.\Generated_Source\PSoC4/cyfitter_cfg.c ****     #define CYPACKED_ATTR 
  47:.\Generated_Source\PSoC4/cyfitter_cfg.c ****     #define CYALIGNED _Pragma("data_alignment=4")
  48:.\Generated_Source\PSoC4/cyfitter_cfg.c ****     #define CY_CFG_UNUSED _Pragma("diag_suppress=Pe177")
  49:.\Generated_Source\PSoC4/cyfitter_cfg.c ****     #define CY_CFG_SECTION _Pragma("location=\".psocinit\"")
  50:.\Generated_Source\PSoC4/cyfitter_cfg.c ****     
  51:.\Generated_Source\PSoC4/cyfitter_cfg.c ****     #define CY_CFG_MEMORY_BARRIER() __DMB()
  52:.\Generated_Source\PSoC4/cyfitter_cfg.c ****     
  53:.\Generated_Source\PSoC4/cyfitter_cfg.c **** #else
  54:.\Generated_Source\PSoC4/cyfitter_cfg.c ****     #error Unsupported toolchain
  55:.\Generated_Source\PSoC4/cyfitter_cfg.c **** #endif
  56:.\Generated_Source\PSoC4/cyfitter_cfg.c **** 
  57:.\Generated_Source\PSoC4/cyfitter_cfg.c **** 
  58:.\Generated_Source\PSoC4/cyfitter_cfg.c **** CY_CFG_UNUSED
  59:.\Generated_Source\PSoC4/cyfitter_cfg.c **** static void CYMEMZERO(void *s, size_t n);
  60:.\Generated_Source\PSoC4/cyfitter_cfg.c **** CY_CFG_UNUSED
  61:.\Generated_Source\PSoC4/cyfitter_cfg.c **** static void CYMEMZERO(void *s, size_t n)
  62:.\Generated_Source\PSoC4/cyfitter_cfg.c **** {
  63:.\Generated_Source\PSoC4/cyfitter_cfg.c **** 	(void)memset(s, 0, n);
  64:.\Generated_Source\PSoC4/cyfitter_cfg.c **** }
  65:.\Generated_Source\PSoC4/cyfitter_cfg.c **** CY_CFG_UNUSED
  66:.\Generated_Source\PSoC4/cyfitter_cfg.c **** static void CYCONFIGCPY(void *dest, const void *src, size_t n);
  67:.\Generated_Source\PSoC4/cyfitter_cfg.c **** CY_CFG_UNUSED
  68:.\Generated_Source\PSoC4/cyfitter_cfg.c **** static void CYCONFIGCPY(void *dest, const void *src, size_t n)
  69:.\Generated_Source\PSoC4/cyfitter_cfg.c **** {
  70:.\Generated_Source\PSoC4/cyfitter_cfg.c **** 	(void)memcpy(dest, src, n);
  71:.\Generated_Source\PSoC4/cyfitter_cfg.c **** }
  72:.\Generated_Source\PSoC4/cyfitter_cfg.c **** CY_CFG_UNUSED
  73:.\Generated_Source\PSoC4/cyfitter_cfg.c **** static void CYCONFIGCPYCODE(void *dest, const void *src, size_t n);
  74:.\Generated_Source\PSoC4/cyfitter_cfg.c **** CY_CFG_UNUSED
  75:.\Generated_Source\PSoC4/cyfitter_cfg.c **** static void CYCONFIGCPYCODE(void *dest, const void *src, size_t n)
  76:.\Generated_Source\PSoC4/cyfitter_cfg.c **** {
  77:.\Generated_Source\PSoC4/cyfitter_cfg.c **** 	(void)memcpy(dest, src, n);
  78:.\Generated_Source\PSoC4/cyfitter_cfg.c **** }
  79:.\Generated_Source\PSoC4/cyfitter_cfg.c **** 
  80:.\Generated_Source\PSoC4/cyfitter_cfg.c **** 
  81:.\Generated_Source\PSoC4/cyfitter_cfg.c **** 
  82:.\Generated_Source\PSoC4/cyfitter_cfg.c **** /* Clock startup error codes                                                   */
  83:.\Generated_Source\PSoC4/cyfitter_cfg.c **** #define CYCLOCKSTART_NO_ERROR    0u
  84:.\Generated_Source\PSoC4/cyfitter_cfg.c **** #define CYCLOCKSTART_XTAL_ERROR  1u
  85:.\Generated_Source\PSoC4/cyfitter_cfg.c **** #define CYCLOCKSTART_32KHZ_ERROR 2u
  86:.\Generated_Source\PSoC4/cyfitter_cfg.c **** #define CYCLOCKSTART_PLL_ERROR   3u
  87:.\Generated_Source\PSoC4/cyfitter_cfg.c **** 
  88:.\Generated_Source\PSoC4/cyfitter_cfg.c **** #ifdef CY_NEED_CYCLOCKSTARTUPERROR
  89:.\Generated_Source\PSoC4/cyfitter_cfg.c **** /*******************************************************************************
  90:.\Generated_Source\PSoC4/cyfitter_cfg.c **** * Function Name: CyClockStartupError
ARM GAS  C:\Users\Chris\AppData\Local\Temp\ccL2HORl.s 			page 3


  91:.\Generated_Source\PSoC4/cyfitter_cfg.c **** ********************************************************************************
  92:.\Generated_Source\PSoC4/cyfitter_cfg.c **** * Summary:
  93:.\Generated_Source\PSoC4/cyfitter_cfg.c **** *  If an error is encountered during clock configuration (crystal startup error,
  94:.\Generated_Source\PSoC4/cyfitter_cfg.c **** *  PLL lock error, etc.), the system will end up here.  Unless reimplemented by
  95:.\Generated_Source\PSoC4/cyfitter_cfg.c **** *  the customer, this function will stop in an infinite loop.
  96:.\Generated_Source\PSoC4/cyfitter_cfg.c **** *
  97:.\Generated_Source\PSoC4/cyfitter_cfg.c **** * Parameters:
  98:.\Generated_Source\PSoC4/cyfitter_cfg.c **** *   void
  99:.\Generated_Source\PSoC4/cyfitter_cfg.c **** *
 100:.\Generated_Source\PSoC4/cyfitter_cfg.c **** * Return:
 101:.\Generated_Source\PSoC4/cyfitter_cfg.c **** *   void
 102:.\Generated_Source\PSoC4/cyfitter_cfg.c **** *
 103:.\Generated_Source\PSoC4/cyfitter_cfg.c **** *******************************************************************************/
 104:.\Generated_Source\PSoC4/cyfitter_cfg.c **** CY_CFG_UNUSED
 105:.\Generated_Source\PSoC4/cyfitter_cfg.c **** static void CyClockStartupError(uint8 errorCode);
 106:.\Generated_Source\PSoC4/cyfitter_cfg.c **** CY_CFG_UNUSED
 107:.\Generated_Source\PSoC4/cyfitter_cfg.c **** static void CyClockStartupError(uint8 errorCode)
 108:.\Generated_Source\PSoC4/cyfitter_cfg.c **** {
 109:.\Generated_Source\PSoC4/cyfitter_cfg.c ****     /* To remove the compiler warning if errorCode not used.                */
 110:.\Generated_Source\PSoC4/cyfitter_cfg.c ****     errorCode = errorCode;
 111:.\Generated_Source\PSoC4/cyfitter_cfg.c **** 
 112:.\Generated_Source\PSoC4/cyfitter_cfg.c ****     /* `#START CyClockStartupError` */
 113:.\Generated_Source\PSoC4/cyfitter_cfg.c **** 
 114:.\Generated_Source\PSoC4/cyfitter_cfg.c ****     /* If we have a clock startup error (bad MHz crystal, PLL lock, etc.),  */
 115:.\Generated_Source\PSoC4/cyfitter_cfg.c ****     /* we will end up here to allow the customer to implement something to  */
 116:.\Generated_Source\PSoC4/cyfitter_cfg.c ****     /* deal with the clock condition.                                       */
 117:.\Generated_Source\PSoC4/cyfitter_cfg.c **** 
 118:.\Generated_Source\PSoC4/cyfitter_cfg.c ****     /* `#END` */
 119:.\Generated_Source\PSoC4/cyfitter_cfg.c **** 
 120:.\Generated_Source\PSoC4/cyfitter_cfg.c ****     /* If nothing else, stop here since the clocks have not started         */
 121:.\Generated_Source\PSoC4/cyfitter_cfg.c ****     /* correctly.                                                           */
 122:.\Generated_Source\PSoC4/cyfitter_cfg.c ****     while(1) {}
 123:.\Generated_Source\PSoC4/cyfitter_cfg.c **** }
 124:.\Generated_Source\PSoC4/cyfitter_cfg.c **** #endif
 125:.\Generated_Source\PSoC4/cyfitter_cfg.c **** 
 126:.\Generated_Source\PSoC4/cyfitter_cfg.c **** #define CY_CFG_BASE_ADDR_COUNT 2u
 127:.\Generated_Source\PSoC4/cyfitter_cfg.c **** CYPACKED typedef struct
 128:.\Generated_Source\PSoC4/cyfitter_cfg.c **** {
 129:.\Generated_Source\PSoC4/cyfitter_cfg.c **** 	uint8 offset;
 130:.\Generated_Source\PSoC4/cyfitter_cfg.c **** 	uint8 value;
 131:.\Generated_Source\PSoC4/cyfitter_cfg.c **** } CYPACKED_ATTR cy_cfg_addrvalue_t;
 132:.\Generated_Source\PSoC4/cyfitter_cfg.c **** 
 133:.\Generated_Source\PSoC4/cyfitter_cfg.c **** 
 134:.\Generated_Source\PSoC4/cyfitter_cfg.c **** 
 135:.\Generated_Source\PSoC4/cyfitter_cfg.c **** /*******************************************************************************
 136:.\Generated_Source\PSoC4/cyfitter_cfg.c **** * Function Name: cfg_write_bytes32
 137:.\Generated_Source\PSoC4/cyfitter_cfg.c **** ********************************************************************************
 138:.\Generated_Source\PSoC4/cyfitter_cfg.c **** * Summary:
 139:.\Generated_Source\PSoC4/cyfitter_cfg.c **** *  This function is used for setting up the chip configuration areas that
 140:.\Generated_Source\PSoC4/cyfitter_cfg.c **** *  contain relatively sparse data.
 141:.\Generated_Source\PSoC4/cyfitter_cfg.c **** *
 142:.\Generated_Source\PSoC4/cyfitter_cfg.c **** * Parameters:
 143:.\Generated_Source\PSoC4/cyfitter_cfg.c **** *   void
 144:.\Generated_Source\PSoC4/cyfitter_cfg.c **** *
 145:.\Generated_Source\PSoC4/cyfitter_cfg.c **** * Return:
 146:.\Generated_Source\PSoC4/cyfitter_cfg.c **** *   void
 147:.\Generated_Source\PSoC4/cyfitter_cfg.c **** *
ARM GAS  C:\Users\Chris\AppData\Local\Temp\ccL2HORl.s 			page 4


 148:.\Generated_Source\PSoC4/cyfitter_cfg.c **** *******************************************************************************/
 149:.\Generated_Source\PSoC4/cyfitter_cfg.c **** static void cfg_write_bytes32(const uint32 addr_table[], const cy_cfg_addrvalue_t data_table[]);
 150:.\Generated_Source\PSoC4/cyfitter_cfg.c **** static void cfg_write_bytes32(const uint32 addr_table[], const cy_cfg_addrvalue_t data_table[])
 151:.\Generated_Source\PSoC4/cyfitter_cfg.c **** {
  25              		.loc 1 151 0
  26              		.cfi_startproc
  27              	.LVL0:
  28 0000 F0B5     		push	{r4, r5, r6, r7, lr}
  29              		.cfi_def_cfa_offset 20
  30              		.cfi_offset 4, -20
  31              		.cfi_offset 5, -16
  32              		.cfi_offset 6, -12
  33              		.cfi_offset 7, -8
  34              		.cfi_offset 14, -4
  35              	.LVL1:
 152:.\Generated_Source\PSoC4/cyfitter_cfg.c **** 	/* For 32-bit little-endian architectures */
 153:.\Generated_Source\PSoC4/cyfitter_cfg.c **** 	uint32 i, j = 0u;
  36              		.loc 1 153 0
  37 0002 0025     		mov	r5, #0
 154:.\Generated_Source\PSoC4/cyfitter_cfg.c **** 	for (i = 0u; i < CY_CFG_BASE_ADDR_COUNT; i++)
  38              		.loc 1 154 0
  39 0004 0027     		mov	r7, #0
  40 0006 11E0     		b	.L2
  41              	.LVL2:
  42              	.L5:
  43              	.LBB2:
 155:.\Generated_Source\PSoC4/cyfitter_cfg.c **** 	{
 156:.\Generated_Source\PSoC4/cyfitter_cfg.c **** 		uint32 baseAddr = addr_table[i];
  44              		.loc 1 156 0
  45 0008 BB00     		lsl	r3, r7, #2
  46 000a C658     		ldr	r6, [r0, r3]
  47              	.LVL3:
 157:.\Generated_Source\PSoC4/cyfitter_cfg.c **** 		uint8 count = (uint8)baseAddr;
  48              		.loc 1 157 0
  49 000c F3B2     		uxtb	r3, r6
  50              	.LVL4:
 158:.\Generated_Source\PSoC4/cyfitter_cfg.c **** 		baseAddr &= 0xFFFFFF00u;
  51              		.loc 1 158 0
  52 000e FF22     		mov	r2, #255
  53 0010 9643     		bic	r6, r2
  54              	.LVL5:
 159:.\Generated_Source\PSoC4/cyfitter_cfg.c **** 		while (count != 0u)
  55              		.loc 1 159 0
  56 0012 08E0     		b	.L3
  57              	.L4:
 160:.\Generated_Source\PSoC4/cyfitter_cfg.c **** 		{
 161:.\Generated_Source\PSoC4/cyfitter_cfg.c **** 			CY_SET_XTND_REG8((void CYFAR *)(baseAddr + data_table[j].offset), data_table[j].value);
  58              		.loc 1 161 0
  59 0014 6A00     		lsl	r2, r5, #1
  60 0016 8A18     		add	r2, r1, r2
  61 0018 1478     		ldrb	r4, [r2]
  62 001a A419     		add	r4, r4, r6
  63 001c 5278     		ldrb	r2, [r2, #1]
  64 001e 2270     		strb	r2, [r4]
 162:.\Generated_Source\PSoC4/cyfitter_cfg.c **** 			j++;
  65              		.loc 1 162 0
  66 0020 0135     		add	r5, r5, #1
ARM GAS  C:\Users\Chris\AppData\Local\Temp\ccL2HORl.s 			page 5


  67              	.LVL6:
 163:.\Generated_Source\PSoC4/cyfitter_cfg.c **** 			count--;
  68              		.loc 1 163 0
  69 0022 013B     		sub	r3, r3, #1
  70              	.LVL7:
  71 0024 DBB2     		uxtb	r3, r3
  72              	.LVL8:
  73              	.L3:
 159:.\Generated_Source\PSoC4/cyfitter_cfg.c **** 		{
  74              		.loc 1 159 0
  75 0026 002B     		cmp	r3, #0
  76 0028 F4D1     		bne	.L4
  77              	.LBE2:
 154:.\Generated_Source\PSoC4/cyfitter_cfg.c **** 	{
  78              		.loc 1 154 0 discriminator 2
  79 002a 0137     		add	r7, r7, #1
  80              	.LVL9:
  81              	.L2:
 154:.\Generated_Source\PSoC4/cyfitter_cfg.c **** 	{
  82              		.loc 1 154 0 is_stmt 0 discriminator 1
  83 002c 012F     		cmp	r7, #1
  84 002e EBD9     		bls	.L5
 164:.\Generated_Source\PSoC4/cyfitter_cfg.c **** 		}
 165:.\Generated_Source\PSoC4/cyfitter_cfg.c **** 	}
 166:.\Generated_Source\PSoC4/cyfitter_cfg.c **** }
  85              		.loc 1 166 0 is_stmt 1
  86              		@ sp needed
  87              	.LVL10:
  88              	.LVL11:
  89 0030 F0BD     		pop	{r4, r5, r6, r7, pc}
  90              		.cfi_endproc
  91              	.LFE3:
  92              		.size	cfg_write_bytes32, .-cfg_write_bytes32
  93 0032 C046     		.section	.text.CYMEMZERO,"ax",%progbits
  94              		.align	2
  95              		.code	16
  96              		.thumb_func
  97              		.type	CYMEMZERO, %function
  98              	CYMEMZERO:
  99              	.LFB0:
  62:.\Generated_Source\PSoC4/cyfitter_cfg.c **** 	(void)memset(s, 0, n);
 100              		.loc 1 62 0
 101              		.cfi_startproc
 102              	.LVL12:
 103 0000 08B5     		push	{r3, lr}
 104              		.cfi_def_cfa_offset 8
 105              		.cfi_offset 3, -8
 106              		.cfi_offset 14, -4
 107 0002 0A1C     		mov	r2, r1
  63:.\Generated_Source\PSoC4/cyfitter_cfg.c **** }
 108              		.loc 1 63 0
 109 0004 0021     		mov	r1, #0
 110              	.LVL13:
 111 0006 FFF7FEFF 		bl	memset
 112              	.LVL14:
  64:.\Generated_Source\PSoC4/cyfitter_cfg.c **** CY_CFG_UNUSED
 113              		.loc 1 64 0
ARM GAS  C:\Users\Chris\AppData\Local\Temp\ccL2HORl.s 			page 6


 114              		@ sp needed
 115 000a 08BD     		pop	{r3, pc}
 116              		.cfi_endproc
 117              	.LFE0:
 118              		.size	CYMEMZERO, .-CYMEMZERO
 119              		.section	.psocinit,"ax",%progbits
 120              		.align	2
 121              		.code	16
 122              		.thumb_func
 123              		.type	ClockSetup, %function
 124              	ClockSetup:
 125              	.LFB4:
 167:.\Generated_Source\PSoC4/cyfitter_cfg.c **** 
 168:.\Generated_Source\PSoC4/cyfitter_cfg.c **** 
 169:.\Generated_Source\PSoC4/cyfitter_cfg.c **** /*******************************************************************************
 170:.\Generated_Source\PSoC4/cyfitter_cfg.c **** * Function Name: ClockSetup
 171:.\Generated_Source\PSoC4/cyfitter_cfg.c **** ********************************************************************************
 172:.\Generated_Source\PSoC4/cyfitter_cfg.c **** *
 173:.\Generated_Source\PSoC4/cyfitter_cfg.c **** * Summary:
 174:.\Generated_Source\PSoC4/cyfitter_cfg.c **** *   Performs the initialization of all of the clocks in the device based on the
 175:.\Generated_Source\PSoC4/cyfitter_cfg.c **** *   settings in the Clock tab of the DWR.  This includes enabling the requested
 176:.\Generated_Source\PSoC4/cyfitter_cfg.c **** *   clocks and setting the necessary dividers to produce the desired frequency. 
 177:.\Generated_Source\PSoC4/cyfitter_cfg.c **** *
 178:.\Generated_Source\PSoC4/cyfitter_cfg.c **** * Parameters:
 179:.\Generated_Source\PSoC4/cyfitter_cfg.c **** *   void
 180:.\Generated_Source\PSoC4/cyfitter_cfg.c **** *
 181:.\Generated_Source\PSoC4/cyfitter_cfg.c **** * Return:
 182:.\Generated_Source\PSoC4/cyfitter_cfg.c **** *   void
 183:.\Generated_Source\PSoC4/cyfitter_cfg.c **** *
 184:.\Generated_Source\PSoC4/cyfitter_cfg.c **** *******************************************************************************/
 185:.\Generated_Source\PSoC4/cyfitter_cfg.c **** static void ClockSetup(void);
 186:.\Generated_Source\PSoC4/cyfitter_cfg.c **** CY_CFG_SECTION
 187:.\Generated_Source\PSoC4/cyfitter_cfg.c **** static void ClockSetup(void)
 188:.\Generated_Source\PSoC4/cyfitter_cfg.c **** {
 126              		.loc 1 188 0
 127              		.cfi_startproc
 128 0000 38B5     		push	{r3, r4, r5, lr}
 129              		.cfi_def_cfa_offset 16
 130              		.cfi_offset 3, -16
 131              		.cfi_offset 4, -12
 132              		.cfi_offset 5, -8
 133              		.cfi_offset 14, -4
 189:.\Generated_Source\PSoC4/cyfitter_cfg.c **** 	/* Enable HALF_EN before trimming for the flash accelerator. */
 190:.\Generated_Source\PSoC4/cyfitter_cfg.c **** 	CY_SET_REG32((void CYXDATA *)(CYREG_CLK_SELECT), (CY_GET_REG32((void *)CYREG_CLK_SELECT) | 0x00040
 134              		.loc 1 190 0
 135 0002 134C     		ldr	r4, .L8
 136 0004 2368     		ldr	r3, [r4]
 137 0006 8022     		mov	r2, #128
 138 0008 D202     		lsl	r2, r2, #11
 139 000a 1343     		orr	r3, r2
 140 000c 2360     		str	r3, [r4]
 191:.\Generated_Source\PSoC4/cyfitter_cfg.c **** 
 192:.\Generated_Source\PSoC4/cyfitter_cfg.c **** 	/* Setup and trim IMO based on desired frequency. */
 193:.\Generated_Source\PSoC4/cyfitter_cfg.c **** 	CySysClkWriteImoFreq(24u);
 141              		.loc 1 193 0
 142 000e 1820     		mov	r0, #24
 143 0010 FFF7FEFF 		bl	CySysClkWriteImoFreq
ARM GAS  C:\Users\Chris\AppData\Local\Temp\ccL2HORl.s 			page 7


 144              	.LVL15:
 194:.\Generated_Source\PSoC4/cyfitter_cfg.c **** 
 195:.\Generated_Source\PSoC4/cyfitter_cfg.c **** 	/* Disable HALF_EN since it is not required at this IMO frequency. */
 196:.\Generated_Source\PSoC4/cyfitter_cfg.c **** 	CY_SET_REG32((void CYXDATA *)(CYREG_CLK_SELECT), (CY_GET_REG32((void *)CYREG_CLK_SELECT) & 0xFFFBF
 145              		.loc 1 196 0
 146 0014 2268     		ldr	r2, [r4]
 147 0016 0F4B     		ldr	r3, .L8+4
 148 0018 1340     		and	r3, r2
 149 001a 2360     		str	r3, [r4]
 197:.\Generated_Source\PSoC4/cyfitter_cfg.c **** 	/* CYDEV_CLK_ILO_CONFIG Starting address: CYDEV_CLK_ILO_CONFIG */
 198:.\Generated_Source\PSoC4/cyfitter_cfg.c **** 	CY_SET_XTND_REG32((void CYFAR *)(CYREG_CLK_ILO_CONFIG), 0x80000006u);
 150              		.loc 1 198 0
 151 001c 0E4A     		ldr	r2, .L8+8
 152 001e 0F4B     		ldr	r3, .L8+12
 153 0020 1A60     		str	r2, [r3]
 199:.\Generated_Source\PSoC4/cyfitter_cfg.c **** 
 200:.\Generated_Source\PSoC4/cyfitter_cfg.c **** 
 201:.\Generated_Source\PSoC4/cyfitter_cfg.c **** 	/* CYDEV_CLK_SELECT00 Starting address: CYDEV_CLK_SELECT00 */
 202:.\Generated_Source\PSoC4/cyfitter_cfg.c **** 	CY_SET_XTND_REG32((void CYFAR *)(CYREG_CLK_SELECT08), 0x00000010u);
 154              		.loc 1 202 0
 155 0022 1022     		mov	r2, #16
 156 0024 0E4B     		ldr	r3, .L8+16
 157 0026 1A60     		str	r2, [r3]
 203:.\Generated_Source\PSoC4/cyfitter_cfg.c **** 
 204:.\Generated_Source\PSoC4/cyfitter_cfg.c **** 	/* CYDEV_CLK_IMO_CONFIG Starting address: CYDEV_CLK_IMO_CONFIG */
 205:.\Generated_Source\PSoC4/cyfitter_cfg.c **** 	CY_SET_XTND_REG32((void CYFAR *)(CYREG_CLK_IMO_CONFIG), 0x80000000u);
 158              		.loc 1 205 0
 159 0028 8022     		mov	r2, #128
 160 002a 1206     		lsl	r2, r2, #24
 161 002c 0D4B     		ldr	r3, .L8+20
 162 002e 1A60     		str	r2, [r3]
 206:.\Generated_Source\PSoC4/cyfitter_cfg.c **** 
 207:.\Generated_Source\PSoC4/cyfitter_cfg.c **** 	/* CYDEV_CLK_SELECT Starting address: CYDEV_CLK_SELECT */
 208:.\Generated_Source\PSoC4/cyfitter_cfg.c **** 	CY_SET_XTND_REG32((void CYFAR *)(CYREG_CLK_SELECT), 0x00000000u);
 163              		.loc 1 208 0
 164 0030 0025     		mov	r5, #0
 165 0032 2560     		str	r5, [r4]
 209:.\Generated_Source\PSoC4/cyfitter_cfg.c **** 
 210:.\Generated_Source\PSoC4/cyfitter_cfg.c **** 	/* CYDEV_CLK_DIVIDER_A00 Starting address: CYDEV_CLK_DIVIDER_A00 */
 211:.\Generated_Source\PSoC4/cyfitter_cfg.c **** 	CY_SET_XTND_REG32((void CYFAR *)(CYREG_CLK_DIVIDER_A00), 0x80000001u);
 166              		.loc 1 211 0
 167 0034 0C4A     		ldr	r2, .L8+24
 168 0036 0D4B     		ldr	r3, .L8+28
 169 0038 1A60     		str	r2, [r3]
 212:.\Generated_Source\PSoC4/cyfitter_cfg.c **** 
 213:.\Generated_Source\PSoC4/cyfitter_cfg.c **** 	(void)CyIntSetVector(9u, &CySysWdtIsr);
 170              		.loc 1 213 0
 171 003a 0920     		mov	r0, #9
 172 003c 0C49     		ldr	r1, .L8+32
 173 003e FFF7FEFF 		bl	CyIntSetVector
 174              	.LVL16:
 214:.\Generated_Source\PSoC4/cyfitter_cfg.c **** 	CyIntEnable(9u);
 175              		.loc 1 214 0
 176 0042 0920     		mov	r0, #9
 177 0044 FFF7FEFF 		bl	CyIntEnable
 178              	.LVL17:
 215:.\Generated_Source\PSoC4/cyfitter_cfg.c **** 	CY_SET_XTND_REG32((void CYFAR *)(CYREG_WDT_CONFIG), 0x00000000u);
ARM GAS  C:\Users\Chris\AppData\Local\Temp\ccL2HORl.s 			page 8


 179              		.loc 1 215 0
 180 0048 0A4B     		ldr	r3, .L8+36
 181 004a 1D60     		str	r5, [r3]
 216:.\Generated_Source\PSoC4/cyfitter_cfg.c **** }
 182              		.loc 1 216 0
 183              		@ sp needed
 184 004c 38BD     		pop	{r3, r4, r5, pc}
 185              	.L9:
 186 004e C046     		.align	2
 187              	.L8:
 188 0050 00010B40 		.word	1074462976
 189 0054 FFFFFBFF 		.word	-262145
 190 0058 06000080 		.word	-2147483642
 191 005c 04010B40 		.word	1074462980
 192 0060 20020240 		.word	1073873440
 193 0064 08010B40 		.word	1074462984
 194 0068 01000080 		.word	-2147483647
 195 006c 00000240 		.word	1073872896
 196 0070 00000000 		.word	CySysWdtIsr
 197 0074 0C020B40 		.word	1074463244
 198              		.cfi_endproc
 199              	.LFE4:
 200              		.size	ClockSetup, .-ClockSetup
 201              		.align	2
 202              		.global	cyfitter_cfg
 203              		.code	16
 204              		.thumb_func
 205              		.type	cyfitter_cfg, %function
 206              	cyfitter_cfg:
 207              	.LFB6:
 217:.\Generated_Source\PSoC4/cyfitter_cfg.c **** 
 218:.\Generated_Source\PSoC4/cyfitter_cfg.c **** 
 219:.\Generated_Source\PSoC4/cyfitter_cfg.c **** /* Analog API Functions */
 220:.\Generated_Source\PSoC4/cyfitter_cfg.c **** 
 221:.\Generated_Source\PSoC4/cyfitter_cfg.c **** 
 222:.\Generated_Source\PSoC4/cyfitter_cfg.c **** /*******************************************************************************
 223:.\Generated_Source\PSoC4/cyfitter_cfg.c **** * Function Name: AnalogSetDefault
 224:.\Generated_Source\PSoC4/cyfitter_cfg.c **** ********************************************************************************
 225:.\Generated_Source\PSoC4/cyfitter_cfg.c **** *
 226:.\Generated_Source\PSoC4/cyfitter_cfg.c **** * Summary:
 227:.\Generated_Source\PSoC4/cyfitter_cfg.c **** *  Sets up the analog portions of the chip to default values based on chip
 228:.\Generated_Source\PSoC4/cyfitter_cfg.c **** *  configuration options from the project.
 229:.\Generated_Source\PSoC4/cyfitter_cfg.c **** *
 230:.\Generated_Source\PSoC4/cyfitter_cfg.c **** * Parameters:
 231:.\Generated_Source\PSoC4/cyfitter_cfg.c **** *  void
 232:.\Generated_Source\PSoC4/cyfitter_cfg.c **** *
 233:.\Generated_Source\PSoC4/cyfitter_cfg.c **** * Return:
 234:.\Generated_Source\PSoC4/cyfitter_cfg.c **** *  void
 235:.\Generated_Source\PSoC4/cyfitter_cfg.c **** *
 236:.\Generated_Source\PSoC4/cyfitter_cfg.c **** *******************************************************************************/
 237:.\Generated_Source\PSoC4/cyfitter_cfg.c **** static void AnalogSetDefault(void);
 238:.\Generated_Source\PSoC4/cyfitter_cfg.c **** static void AnalogSetDefault(void)
 239:.\Generated_Source\PSoC4/cyfitter_cfg.c **** {
 240:.\Generated_Source\PSoC4/cyfitter_cfg.c **** }
 241:.\Generated_Source\PSoC4/cyfitter_cfg.c **** 
 242:.\Generated_Source\PSoC4/cyfitter_cfg.c **** #define CY_AMUX_UNUSED CYREG_CM0_ROM_DWT
 243:.\Generated_Source\PSoC4/cyfitter_cfg.c **** 
ARM GAS  C:\Users\Chris\AppData\Local\Temp\ccL2HORl.s 			page 9


 244:.\Generated_Source\PSoC4/cyfitter_cfg.c **** 
 245:.\Generated_Source\PSoC4/cyfitter_cfg.c **** /*******************************************************************************
 246:.\Generated_Source\PSoC4/cyfitter_cfg.c **** * Function Name: cyfitter_cfg
 247:.\Generated_Source\PSoC4/cyfitter_cfg.c **** ********************************************************************************
 248:.\Generated_Source\PSoC4/cyfitter_cfg.c **** * Summary:
 249:.\Generated_Source\PSoC4/cyfitter_cfg.c **** *  This function is called by the start-up code for the selected device. It
 250:.\Generated_Source\PSoC4/cyfitter_cfg.c **** *  performs all of the necessary device configuration based on the design
 251:.\Generated_Source\PSoC4/cyfitter_cfg.c **** *  settings.  This includes settings from the Design Wide Resources (DWR) such
 252:.\Generated_Source\PSoC4/cyfitter_cfg.c **** *  as Clocks and Pins as well as any component configuration that is necessary.
 253:.\Generated_Source\PSoC4/cyfitter_cfg.c **** *
 254:.\Generated_Source\PSoC4/cyfitter_cfg.c **** * Parameters:  
 255:.\Generated_Source\PSoC4/cyfitter_cfg.c **** *   void
 256:.\Generated_Source\PSoC4/cyfitter_cfg.c **** *
 257:.\Generated_Source\PSoC4/cyfitter_cfg.c **** * Return:
 258:.\Generated_Source\PSoC4/cyfitter_cfg.c **** *   void
 259:.\Generated_Source\PSoC4/cyfitter_cfg.c **** *
 260:.\Generated_Source\PSoC4/cyfitter_cfg.c **** *******************************************************************************/
 261:.\Generated_Source\PSoC4/cyfitter_cfg.c **** CY_CFG_SECTION
 262:.\Generated_Source\PSoC4/cyfitter_cfg.c **** void cyfitter_cfg(void)
 263:.\Generated_Source\PSoC4/cyfitter_cfg.c **** {
 208              		.loc 1 263 0
 209              		.cfi_startproc
 210 0078 10B5     		push	{r4, lr}
 211              		.cfi_def_cfa_offset 8
 212              		.cfi_offset 4, -8
 213              		.cfi_offset 14, -4
 264:.\Generated_Source\PSoC4/cyfitter_cfg.c **** 	/* Disable interrupts by default. Let user enable if/when they want. */
 265:.\Generated_Source\PSoC4/cyfitter_cfg.c **** 	CyGlobalIntDisable;
 214              		.loc 1 265 0
 215              	@ 265 ".\Generated_Source\PSoC4\cyfitter_cfg.c" 1
 216 007a 72B6     		CPSID   i
 217              	@ 0 "" 2
 218              	.LVL18:
 219              		.code	16
 220              	.LBB3:
 266:.\Generated_Source\PSoC4/cyfitter_cfg.c **** 
 267:.\Generated_Source\PSoC4/cyfitter_cfg.c **** 	{
 268:.\Generated_Source\PSoC4/cyfitter_cfg.c **** 		static const uint32 CYCODE cy_cfg_addr_table[] = {
 269:.\Generated_Source\PSoC4/cyfitter_cfg.c **** 			0x400F4002u, /* Base address: 0x400F4000 Count: 2 */
 270:.\Generated_Source\PSoC4/cyfitter_cfg.c **** 			0x400F4103u, /* Base address: 0x400F4100 Count: 3 */
 271:.\Generated_Source\PSoC4/cyfitter_cfg.c **** 		};
 272:.\Generated_Source\PSoC4/cyfitter_cfg.c **** 
 273:.\Generated_Source\PSoC4/cyfitter_cfg.c **** 		static const cy_cfg_addrvalue_t CYCODE cy_cfg_data_table[] = {
 274:.\Generated_Source\PSoC4/cyfitter_cfg.c **** 			{0x0Eu, 0x08u},
 275:.\Generated_Source\PSoC4/cyfitter_cfg.c **** 			{0xC2u, 0x80u},
 276:.\Generated_Source\PSoC4/cyfitter_cfg.c **** 			{0x4Au, 0x04u},
 277:.\Generated_Source\PSoC4/cyfitter_cfg.c **** 			{0xA2u, 0x04u},
 278:.\Generated_Source\PSoC4/cyfitter_cfg.c **** 			{0xD2u, 0x10u},
 279:.\Generated_Source\PSoC4/cyfitter_cfg.c **** 		};
 280:.\Generated_Source\PSoC4/cyfitter_cfg.c **** 
 281:.\Generated_Source\PSoC4/cyfitter_cfg.c **** 
 282:.\Generated_Source\PSoC4/cyfitter_cfg.c **** 
 283:.\Generated_Source\PSoC4/cyfitter_cfg.c **** 		CYPACKED typedef struct {
 284:.\Generated_Source\PSoC4/cyfitter_cfg.c **** 			void CYFAR *address;
 285:.\Generated_Source\PSoC4/cyfitter_cfg.c **** 			uint16 size;
 286:.\Generated_Source\PSoC4/cyfitter_cfg.c **** 		} CYPACKED_ATTR cfg_memset_t;
 287:.\Generated_Source\PSoC4/cyfitter_cfg.c **** 
ARM GAS  C:\Users\Chris\AppData\Local\Temp\ccL2HORl.s 			page 10


 288:.\Generated_Source\PSoC4/cyfitter_cfg.c **** 		static const cfg_memset_t CYCODE cfg_memset_list [] = {
 289:.\Generated_Source\PSoC4/cyfitter_cfg.c **** 			/* address, size */
 290:.\Generated_Source\PSoC4/cyfitter_cfg.c **** 			{(void CYFAR *)(CYDEV_UDB_P0_U0_BASE), 1024u},
 291:.\Generated_Source\PSoC4/cyfitter_cfg.c **** 			{(void CYFAR *)(CYDEV_UDB_DSI0_BASE), 1024u},
 292:.\Generated_Source\PSoC4/cyfitter_cfg.c **** 		};
 293:.\Generated_Source\PSoC4/cyfitter_cfg.c **** 
 294:.\Generated_Source\PSoC4/cyfitter_cfg.c **** 		uint8 CYDATA i;
 295:.\Generated_Source\PSoC4/cyfitter_cfg.c **** 
 296:.\Generated_Source\PSoC4/cyfitter_cfg.c **** 		/* Zero out critical memory blocks before beginning configuration */
 297:.\Generated_Source\PSoC4/cyfitter_cfg.c **** 		for (i = 0u; i < (sizeof(cfg_memset_list)/sizeof(cfg_memset_list[0])); i++)
 221              		.loc 1 297 0
 222 007c 0024     		mov	r4, #0
 223 007e 10E0     		b	.L11
 224              	.LVL19:
 225              	.L12:
 226              	.LBB4:
 298:.\Generated_Source\PSoC4/cyfitter_cfg.c **** 		{
 299:.\Generated_Source\PSoC4/cyfitter_cfg.c **** 			const cfg_memset_t CYCODE * CYDATA ms = &cfg_memset_list[i];
 300:.\Generated_Source\PSoC4/cyfitter_cfg.c **** 			CYMEMZERO(ms->address, (size_t)(uint32)(ms->size));
 227              		.loc 1 300 0 discriminator 3
 228 0080 2548     		ldr	r0, .L13
 229 0082 6300     		lsl	r3, r4, #1
 230 0084 1A19     		add	r2, r3, r4
 231 0086 5200     		lsl	r2, r2, #1
 232 0088 8218     		add	r2, r0, r2
 233 008a 9188     		ldrh	r1, [r2, #4]
 234 008c 1B19     		add	r3, r3, r4
 235 008e 5B00     		lsl	r3, r3, #1
 236 0090 1A5A     		ldrh	r2, [r3, r0]
 237 0092 C318     		add	r3, r0, r3
 238 0094 5888     		ldrh	r0, [r3, #2]
 239 0096 0004     		lsl	r0, r0, #16
 240 0098 1043     		orr	r0, r2
 241 009a FFF7FEFF 		bl	CYMEMZERO
 242              	.LVL20:
 243              	.LBE4:
 297:.\Generated_Source\PSoC4/cyfitter_cfg.c **** 		{
 244              		.loc 1 297 0 discriminator 3
 245 009e 0134     		add	r4, r4, #1
 246              	.LVL21:
 247 00a0 E4B2     		uxtb	r4, r4
 248              	.LVL22:
 249              	.L11:
 297:.\Generated_Source\PSoC4/cyfitter_cfg.c **** 		{
 250              		.loc 1 297 0 is_stmt 0 discriminator 1
 251 00a2 012C     		cmp	r4, #1
 252 00a4 ECD9     		bls	.L12
 301:.\Generated_Source\PSoC4/cyfitter_cfg.c **** 		}
 302:.\Generated_Source\PSoC4/cyfitter_cfg.c **** 
 303:.\Generated_Source\PSoC4/cyfitter_cfg.c **** 		cfg_write_bytes32(cy_cfg_addr_table, cy_cfg_data_table);
 253              		.loc 1 303 0 is_stmt 1
 254 00a6 1C49     		ldr	r1, .L13
 255 00a8 081C     		mov	r0, r1
 256 00aa 0C30     		add	r0, r0, #12
 257 00ac 1431     		add	r1, r1, #20
 258 00ae FFF7FEFF 		bl	cfg_write_bytes32
 259              	.LVL23:
ARM GAS  C:\Users\Chris\AppData\Local\Temp\ccL2HORl.s 			page 11


 304:.\Generated_Source\PSoC4/cyfitter_cfg.c **** 
 305:.\Generated_Source\PSoC4/cyfitter_cfg.c **** 		/* HSIOM Starting address: CYDEV_HSIOM_BASE */
 306:.\Generated_Source\PSoC4/cyfitter_cfg.c **** 		CY_SET_XTND_REG32((void CYFAR *)(CYREG_HSIOM_PORT_SEL3), 0x0000EE00u);
 260              		.loc 1 306 0
 261 00b2 EE22     		mov	r2, #238
 262 00b4 1202     		lsl	r2, r2, #8
 263 00b6 194B     		ldr	r3, .L13+4
 264 00b8 1A60     		str	r2, [r3]
 307:.\Generated_Source\PSoC4/cyfitter_cfg.c **** 
 308:.\Generated_Source\PSoC4/cyfitter_cfg.c **** 		/* UDB_PA_0 Starting address: CYDEV_UDB_PA0_BASE */
 309:.\Generated_Source\PSoC4/cyfitter_cfg.c **** 		CY_SET_XTND_REG32((void CYFAR *)(CYDEV_UDB_PA0_BASE), 0x00990000u);
 265              		.loc 1 309 0
 266 00ba 9923     		mov	r3, #153
 267 00bc 1B04     		lsl	r3, r3, #16
 268 00be 184A     		ldr	r2, .L13+8
 269 00c0 1360     		str	r3, [r2]
 310:.\Generated_Source\PSoC4/cyfitter_cfg.c **** 
 311:.\Generated_Source\PSoC4/cyfitter_cfg.c **** 		/* UDB_PA_1 Starting address: CYDEV_UDB_PA1_BASE */
 312:.\Generated_Source\PSoC4/cyfitter_cfg.c **** 		CY_SET_XTND_REG32((void CYFAR *)(CYDEV_UDB_PA1_BASE), 0x00990000u);
 270              		.loc 1 312 0
 271 00c2 184A     		ldr	r2, .L13+12
 272 00c4 1360     		str	r3, [r2]
 313:.\Generated_Source\PSoC4/cyfitter_cfg.c **** 
 314:.\Generated_Source\PSoC4/cyfitter_cfg.c **** 		/* UDB_PA_3 Starting address: CYDEV_UDB_PA3_BASE */
 315:.\Generated_Source\PSoC4/cyfitter_cfg.c **** 		CY_SET_XTND_REG32((void CYFAR *)(CYDEV_UDB_PA3_BASE), 0x00990000u);
 273              		.loc 1 315 0
 274 00c6 184A     		ldr	r2, .L13+16
 275 00c8 1360     		str	r3, [r2]
 316:.\Generated_Source\PSoC4/cyfitter_cfg.c **** 
 317:.\Generated_Source\PSoC4/cyfitter_cfg.c **** 		/* TCPWM_CNT0 Starting address: CYDEV_TCPWM_CNT0_TR_CTRL0 */
 318:.\Generated_Source\PSoC4/cyfitter_cfg.c **** 		CY_SET_XTND_REG32((void CYFAR *)(CYREG_TCPWM_CNT0_TR_CTRL0), 0x000000E0u);
 276              		.loc 1 318 0
 277 00ca E022     		mov	r2, #224
 278 00cc 174B     		ldr	r3, .L13+20
 279 00ce 1A60     		str	r2, [r3]
 319:.\Generated_Source\PSoC4/cyfitter_cfg.c **** 
 320:.\Generated_Source\PSoC4/cyfitter_cfg.c **** 		/* Enable digital routing */
 321:.\Generated_Source\PSoC4/cyfitter_cfg.c **** 		CY_SET_XTND_REG8((void *)CYREG_UDB_UDBIF_BANK_CTL, CY_GET_XTND_REG8((void *)CYREG_UDB_UDBIF_BANK_
 280              		.loc 1 321 0
 281 00d0 174B     		ldr	r3, .L13+24
 282 00d2 1978     		ldrb	r1, [r3]
 283 00d4 DE3A     		sub	r2, r2, #222
 284 00d6 0A43     		orr	r2, r1
 285 00d8 1A70     		strb	r2, [r3]
 322:.\Generated_Source\PSoC4/cyfitter_cfg.c **** 
 323:.\Generated_Source\PSoC4/cyfitter_cfg.c **** 		/* Enable UDB array */
 324:.\Generated_Source\PSoC4/cyfitter_cfg.c **** 		CY_SET_XTND_REG8((void *)CYREG_UDB_UDBIF_WAIT_CFG, (uint8)((CY_GET_XTND_REG8((void *)CYREG_UDB_UD
 286              		.loc 1 324 0
 287 00da 1648     		ldr	r0, .L13+28
 288 00dc 0278     		ldrb	r2, [r0]
 289 00de 3C21     		mov	r1, #60
 290 00e0 8A43     		bic	r2, r1
 291 00e2 2839     		sub	r1, r1, #40
 292 00e4 0A43     		orr	r2, r1
 293 00e6 0270     		strb	r2, [r0]
 325:.\Generated_Source\PSoC4/cyfitter_cfg.c **** 		CY_SET_XTND_REG8((void *)CYREG_UDB_UDBIF_BANK_CTL, (uint8)(CY_GET_XTND_REG8((void *)CYREG_UDB_UDB
 294              		.loc 1 325 0
ARM GAS  C:\Users\Chris\AppData\Local\Temp\ccL2HORl.s 			page 12


 295 00e8 1978     		ldrb	r1, [r3]
 296 00ea 1622     		mov	r2, #22
 297 00ec 0A43     		orr	r2, r1
 298 00ee 1A70     		strb	r2, [r3]
 299              	.LBE3:
 326:.\Generated_Source\PSoC4/cyfitter_cfg.c **** 	}
 327:.\Generated_Source\PSoC4/cyfitter_cfg.c **** 
 328:.\Generated_Source\PSoC4/cyfitter_cfg.c **** 	/* Perform second pass device configuration. These items must be configured in specific order afte
 329:.\Generated_Source\PSoC4/cyfitter_cfg.c **** 	/* IOPINS0_0 Starting address: CYDEV_PRT0_BASE */
 330:.\Generated_Source\PSoC4/cyfitter_cfg.c **** 	CY_SET_XTND_REG32((void CYFAR *)(CYDEV_PRT0_BASE), 0x0000008Cu);
 300              		.loc 1 330 0
 301 00f0 8C22     		mov	r2, #140
 302 00f2 114B     		ldr	r3, .L13+32
 303 00f4 1A60     		str	r2, [r3]
 331:.\Generated_Source\PSoC4/cyfitter_cfg.c **** 	CY_SET_XTND_REG32((void CYFAR *)(CYREG_PRT0_PC), 0x00400D80u);
 304              		.loc 1 331 0
 305 00f6 114A     		ldr	r2, .L13+36
 306 00f8 114B     		ldr	r3, .L13+40
 307 00fa 1A60     		str	r2, [r3]
 332:.\Generated_Source\PSoC4/cyfitter_cfg.c **** 
 333:.\Generated_Source\PSoC4/cyfitter_cfg.c **** 	/* IOPINS0_1 Starting address: CYDEV_PRT1_BASE */
 334:.\Generated_Source\PSoC4/cyfitter_cfg.c **** 	CY_SET_XTND_REG32((void CYFAR *)(CYDEV_PRT1_BASE), 0x00000040u);
 308              		.loc 1 334 0
 309 00fc 4022     		mov	r2, #64
 310 00fe 114B     		ldr	r3, .L13+44
 311 0100 1A60     		str	r2, [r3]
 335:.\Generated_Source\PSoC4/cyfitter_cfg.c **** 	CY_SET_XTND_REG32((void CYFAR *)(CYREG_PRT1_PC), 0x00180000u);
 312              		.loc 1 335 0
 313 0102 C022     		mov	r2, #192
 314 0104 5203     		lsl	r2, r2, #13
 315 0106 104B     		ldr	r3, .L13+48
 316 0108 1A60     		str	r2, [r3]
 336:.\Generated_Source\PSoC4/cyfitter_cfg.c **** 
 337:.\Generated_Source\PSoC4/cyfitter_cfg.c **** 	/* IOPINS0_3 Starting address: CYDEV_PRT3_BASE */
 338:.\Generated_Source\PSoC4/cyfitter_cfg.c **** 	CY_SET_XTND_REG32((void CYFAR *)(CYREG_PRT3_PC), 0x00000D80u);
 317              		.loc 1 338 0
 318 010a D822     		mov	r2, #216
 319 010c 1201     		lsl	r2, r2, #4
 320 010e 0F4B     		ldr	r3, .L13+52
 321 0110 1A60     		str	r2, [r3]
 339:.\Generated_Source\PSoC4/cyfitter_cfg.c **** 
 340:.\Generated_Source\PSoC4/cyfitter_cfg.c **** 
 341:.\Generated_Source\PSoC4/cyfitter_cfg.c **** 	/* Setup clocks based on selections from Clock DWR */
 342:.\Generated_Source\PSoC4/cyfitter_cfg.c **** 	ClockSetup();
 322              		.loc 1 342 0
 323 0112 FFF775FF 		bl	ClockSetup
 324              	.LVL24:
 343:.\Generated_Source\PSoC4/cyfitter_cfg.c **** 
 344:.\Generated_Source\PSoC4/cyfitter_cfg.c **** 	/* Perform basic analog initialization to defaults */
 345:.\Generated_Source\PSoC4/cyfitter_cfg.c **** 	AnalogSetDefault();
 346:.\Generated_Source\PSoC4/cyfitter_cfg.c **** 
 347:.\Generated_Source\PSoC4/cyfitter_cfg.c **** }
 325              		.loc 1 347 0
 326              		@ sp needed
 327              	.LVL25:
 328 0116 10BD     		pop	{r4, pc}
 329              	.L14:
ARM GAS  C:\Users\Chris\AppData\Local\Temp\ccL2HORl.s 			page 13


 330              		.align	2
 331              	.L13:
 332 0118 00000000 		.word	.LANCHOR0
 333 011c 0C000140 		.word	1073807372
 334 0120 00500F40 		.word	1074745344
 335 0124 10500F40 		.word	1074745360
 336 0128 30500F40 		.word	1074745392
 337 012c 20010540 		.word	1074069792
 338 0130 00700F40 		.word	1074753536
 339 0134 01700F40 		.word	1074753537
 340 0138 00000440 		.word	1074003968
 341 013c 800D4000 		.word	4197760
 342 0140 08000440 		.word	1074003976
 343 0144 00010440 		.word	1074004224
 344 0148 08010440 		.word	1074004232
 345 014c 08030440 		.word	1074004744
 346              		.cfi_endproc
 347              	.LFE6:
 348              		.size	cyfitter_cfg, .-cyfitter_cfg
 349              		.section	.rodata
 350              		.align	2
 351              		.set	.LANCHOR0,. + 0
 352              		.type	cfg_memset_list.4746, %object
 353              		.size	cfg_memset_list.4746, 12
 354              	cfg_memset_list.4746:
 355 0000 00300F40 		.word	1074737152
 356 0004 0004     		.short	1024
 357 0006 00400F40 		.4byte	1074741248
 358 000a 0004     		.short	1024
 359              		.type	cy_cfg_addr_table.4740, %object
 360              		.size	cy_cfg_addr_table.4740, 8
 361              	cy_cfg_addr_table.4740:
 362 000c 02400F40 		.word	1074741250
 363 0010 03410F40 		.word	1074741507
 364              		.type	cy_cfg_data_table.4741, %object
 365              		.size	cy_cfg_data_table.4741, 10
 366              	cy_cfg_data_table.4741:
 367 0014 0E       		.byte	14
 368 0015 08       		.byte	8
 369 0016 C2       		.byte	-62
 370 0017 80       		.byte	-128
 371 0018 4A       		.byte	74
 372 0019 04       		.byte	4
 373 001a A2       		.byte	-94
 374 001b 04       		.byte	4
 375 001c D2       		.byte	-46
 376 001d 10       		.byte	16
 377 001e 0000     		.text
 378              	.Letext0:
 379              		.file 2 "c:\\program files (x86)\\cypress\\psoc creator\\3.3\\psoc creator\\import\\gnu\\arm\\4.9.
 380              		.file 3 ".\\Generated_Source\\PSoC4\\cytypes.h"
 381              		.file 4 ".\\Generated_Source\\PSoC4\\CyLib.h"
 382              		.section	.debug_info,"",%progbits
 383              	.Ldebug_info0:
 384 0000 B9030000 		.4byte	0x3b9
 385 0004 0400     		.2byte	0x4
 386 0006 00000000 		.4byte	.Ldebug_abbrev0
ARM GAS  C:\Users\Chris\AppData\Local\Temp\ccL2HORl.s 			page 14


 387 000a 04       		.byte	0x4
 388 000b 01       		.uleb128 0x1
 389 000c DD010000 		.4byte	.LASF38
 390 0010 01       		.byte	0x1
 391 0011 A2010000 		.4byte	.LASF39
 392 0015 57000000 		.4byte	.LASF40
 393 0019 00000000 		.4byte	.Ldebug_ranges0+0
 394 001d 00000000 		.4byte	0
 395 0021 00000000 		.4byte	.Ldebug_line0
 396 0025 02       		.uleb128 0x2
 397 0026 04       		.byte	0x4
 398 0027 05       		.byte	0x5
 399 0028 696E7400 		.ascii	"int\000"
 400 002c 03       		.uleb128 0x3
 401 002d 06000000 		.4byte	.LASF11
 402 0031 02       		.byte	0x2
 403 0032 D4       		.byte	0xd4
 404 0033 37000000 		.4byte	0x37
 405 0037 04       		.uleb128 0x4
 406 0038 04       		.byte	0x4
 407 0039 07       		.byte	0x7
 408 003a 3D010000 		.4byte	.LASF0
 409 003e 04       		.uleb128 0x4
 410 003f 01       		.byte	0x1
 411 0040 06       		.byte	0x6
 412 0041 9A020000 		.4byte	.LASF1
 413 0045 04       		.uleb128 0x4
 414 0046 01       		.byte	0x1
 415 0047 08       		.byte	0x8
 416 0048 DF000000 		.4byte	.LASF2
 417 004c 04       		.uleb128 0x4
 418 004d 02       		.byte	0x2
 419 004e 05       		.byte	0x5
 420 004f 72020000 		.4byte	.LASF3
 421 0053 04       		.uleb128 0x4
 422 0054 02       		.byte	0x2
 423 0055 07       		.byte	0x7
 424 0056 A6020000 		.4byte	.LASF4
 425 005a 04       		.uleb128 0x4
 426 005b 04       		.byte	0x4
 427 005c 05       		.byte	0x5
 428 005d 91020000 		.4byte	.LASF5
 429 0061 04       		.uleb128 0x4
 430 0062 04       		.byte	0x4
 431 0063 07       		.byte	0x7
 432 0064 BD000000 		.4byte	.LASF6
 433 0068 04       		.uleb128 0x4
 434 0069 08       		.byte	0x8
 435 006a 05       		.byte	0x5
 436 006b CA010000 		.4byte	.LASF7
 437 006f 04       		.uleb128 0x4
 438 0070 08       		.byte	0x8
 439 0071 07       		.byte	0x7
 440 0072 5F010000 		.4byte	.LASF8
 441 0076 04       		.uleb128 0x4
 442 0077 04       		.byte	0x4
 443 0078 07       		.byte	0x7
ARM GAS  C:\Users\Chris\AppData\Local\Temp\ccL2HORl.s 			page 15


 444 0079 99010000 		.4byte	.LASF9
 445 007d 05       		.uleb128 0x5
 446 007e 04       		.byte	0x4
 447 007f 06       		.uleb128 0x6
 448 0080 04       		.byte	0x4
 449 0081 85000000 		.4byte	0x85
 450 0085 07       		.uleb128 0x7
 451 0086 04       		.uleb128 0x4
 452 0087 01       		.byte	0x1
 453 0088 08       		.byte	0x8
 454 0089 D8010000 		.4byte	.LASF10
 455 008d 08       		.uleb128 0x8
 456 008e CF000000 		.4byte	.LASF12
 457 0092 03       		.byte	0x3
 458 0093 9801     		.2byte	0x198
 459 0095 45000000 		.4byte	0x45
 460 0099 08       		.uleb128 0x8
 461 009a 24010000 		.4byte	.LASF13
 462 009e 03       		.byte	0x3
 463 009f 9901     		.2byte	0x199
 464 00a1 53000000 		.4byte	0x53
 465 00a5 08       		.uleb128 0x8
 466 00a6 36010000 		.4byte	.LASF14
 467 00aa 03       		.byte	0x3
 468 00ab 9A01     		.2byte	0x19a
 469 00ad 61000000 		.4byte	0x61
 470 00b1 04       		.uleb128 0x4
 471 00b2 04       		.byte	0x4
 472 00b3 04       		.byte	0x4
 473 00b4 9D000000 		.4byte	.LASF15
 474 00b8 04       		.uleb128 0x4
 475 00b9 08       		.byte	0x8
 476 00ba 04       		.byte	0x4
 477 00bb F4000000 		.4byte	.LASF16
 478 00bf 08       		.uleb128 0x8
 479 00c0 B8000000 		.4byte	.LASF17
 480 00c4 03       		.byte	0x3
 481 00c5 4202     		.2byte	0x242
 482 00c7 CB000000 		.4byte	0xcb
 483 00cb 09       		.uleb128 0x9
 484 00cc 8D000000 		.4byte	0x8d
 485 00d0 08       		.uleb128 0x8
 486 00d1 00000000 		.4byte	.LASF18
 487 00d5 03       		.byte	0x3
 488 00d6 4402     		.2byte	0x244
 489 00d8 DC000000 		.4byte	0xdc
 490 00dc 09       		.uleb128 0x9
 491 00dd A5000000 		.4byte	0xa5
 492 00e1 08       		.uleb128 0x8
 493 00e2 76010000 		.4byte	.LASF19
 494 00e6 03       		.byte	0x3
 495 00e7 5402     		.2byte	0x254
 496 00e9 7F000000 		.4byte	0x7f
 497 00ed 0A       		.uleb128 0xa
 498 00ee 02       		.byte	0x2
 499 00ef 01       		.byte	0x1
 500 00f0 7F       		.byte	0x7f
ARM GAS  C:\Users\Chris\AppData\Local\Temp\ccL2HORl.s 			page 16


 501 00f1 0E010000 		.4byte	0x10e
 502 00f5 0B       		.uleb128 0xb
 503 00f6 6B020000 		.4byte	.LASF20
 504 00fa 01       		.byte	0x1
 505 00fb 81       		.byte	0x81
 506 00fc 8D000000 		.4byte	0x8d
 507 0100 00       		.byte	0
 508 0101 0B       		.uleb128 0xb
 509 0102 1C000000 		.4byte	.LASF21
 510 0106 01       		.byte	0x1
 511 0107 82       		.byte	0x82
 512 0108 8D000000 		.4byte	0x8d
 513 010c 01       		.byte	0x1
 514 010d 00       		.byte	0
 515 010e 03       		.uleb128 0x3
 516 010f 8A000000 		.4byte	.LASF22
 517 0113 01       		.byte	0x1
 518 0114 83       		.byte	0x83
 519 0115 ED000000 		.4byte	0xed
 520 0119 0C       		.uleb128 0xc
 521 011a FB000000 		.4byte	.LASF27
 522 011e 01       		.byte	0x1
 523 011f 96       		.byte	0x96
 524 0120 00000000 		.4byte	.LFB3
 525 0124 32000000 		.4byte	.LFE3-.LFB3
 526 0128 01       		.uleb128 0x1
 527 0129 9C       		.byte	0x9c
 528 012a 8B010000 		.4byte	0x18b
 529 012e 0D       		.uleb128 0xd
 530 012f 19010000 		.4byte	.LASF23
 531 0133 01       		.byte	0x1
 532 0134 96       		.byte	0x96
 533 0135 8B010000 		.4byte	0x18b
 534 0139 01       		.uleb128 0x1
 535 013a 50       		.byte	0x50
 536 013b 0D       		.uleb128 0xd
 537 013c 2B010000 		.4byte	.LASF24
 538 0140 01       		.byte	0x1
 539 0141 96       		.byte	0x96
 540 0142 96010000 		.4byte	0x196
 541 0146 01       		.uleb128 0x1
 542 0147 51       		.byte	0x51
 543 0148 0E       		.uleb128 0xe
 544 0149 6900     		.ascii	"i\000"
 545 014b 01       		.byte	0x1
 546 014c 99       		.byte	0x99
 547 014d A5000000 		.4byte	0xa5
 548 0151 00000000 		.4byte	.LLST0
 549 0155 0E       		.uleb128 0xe
 550 0156 6A00     		.ascii	"j\000"
 551 0158 01       		.byte	0x1
 552 0159 99       		.byte	0x99
 553 015a A5000000 		.4byte	0xa5
 554 015e 1F000000 		.4byte	.LLST1
 555 0162 0F       		.uleb128 0xf
 556 0163 08000000 		.4byte	.LBB2
 557 0167 22000000 		.4byte	.LBE2-.LBB2
ARM GAS  C:\Users\Chris\AppData\Local\Temp\ccL2HORl.s 			page 17


 558 016b 10       		.uleb128 0x10
 559 016c 90010000 		.4byte	.LASF25
 560 0170 01       		.byte	0x1
 561 0171 9C       		.byte	0x9c
 562 0172 A5000000 		.4byte	0xa5
 563 0176 3E000000 		.4byte	.LLST2
 564 017a 10       		.uleb128 0x10
 565 017b 22000000 		.4byte	.LASF26
 566 017f 01       		.byte	0x1
 567 0180 9D       		.byte	0x9d
 568 0181 8D000000 		.4byte	0x8d
 569 0185 51000000 		.4byte	.LLST3
 570 0189 00       		.byte	0
 571 018a 00       		.byte	0
 572 018b 06       		.uleb128 0x6
 573 018c 04       		.byte	0x4
 574 018d 91010000 		.4byte	0x191
 575 0191 11       		.uleb128 0x11
 576 0192 A5000000 		.4byte	0xa5
 577 0196 06       		.uleb128 0x6
 578 0197 04       		.byte	0x4
 579 0198 9C010000 		.4byte	0x19c
 580 019c 11       		.uleb128 0x11
 581 019d 0E010000 		.4byte	0x10e
 582 01a1 0C       		.uleb128 0xc
 583 01a2 D5000000 		.4byte	.LASF28
 584 01a6 01       		.byte	0x1
 585 01a7 3D       		.byte	0x3d
 586 01a8 00000000 		.4byte	.LFB0
 587 01ac 0C000000 		.4byte	.LFE0-.LFB0
 588 01b0 01       		.uleb128 0x1
 589 01b1 9C       		.byte	0x9c
 590 01b2 EE010000 		.4byte	0x1ee
 591 01b6 12       		.uleb128 0x12
 592 01b7 7300     		.ascii	"s\000"
 593 01b9 01       		.byte	0x1
 594 01ba 3D       		.byte	0x3d
 595 01bb 7D000000 		.4byte	0x7d
 596 01bf 6F000000 		.4byte	.LLST4
 597 01c3 12       		.uleb128 0x12
 598 01c4 6E00     		.ascii	"n\000"
 599 01c6 01       		.byte	0x1
 600 01c7 3D       		.byte	0x3d
 601 01c8 2C000000 		.4byte	0x2c
 602 01cc 90000000 		.4byte	.LLST5
 603 01d0 13       		.uleb128 0x13
 604 01d1 0A000000 		.4byte	.LVL14
 605 01d5 67030000 		.4byte	0x367
 606 01d9 14       		.uleb128 0x14
 607 01da 01       		.uleb128 0x1
 608 01db 52       		.byte	0x52
 609 01dc 03       		.uleb128 0x3
 610 01dd F3       		.byte	0xf3
 611 01de 01       		.uleb128 0x1
 612 01df 51       		.byte	0x51
 613 01e0 14       		.uleb128 0x14
 614 01e1 01       		.uleb128 0x1
ARM GAS  C:\Users\Chris\AppData\Local\Temp\ccL2HORl.s 			page 18


 615 01e2 51       		.byte	0x51
 616 01e3 01       		.uleb128 0x1
 617 01e4 30       		.byte	0x30
 618 01e5 14       		.uleb128 0x14
 619 01e6 01       		.uleb128 0x1
 620 01e7 50       		.byte	0x50
 621 01e8 03       		.uleb128 0x3
 622 01e9 F3       		.byte	0xf3
 623 01ea 01       		.uleb128 0x1
 624 01eb 50       		.byte	0x50
 625 01ec 00       		.byte	0
 626 01ed 00       		.byte	0
 627 01ee 0C       		.uleb128 0xc
 628 01ef 28000000 		.4byte	.LASF29
 629 01f3 01       		.byte	0x1
 630 01f4 BB       		.byte	0xbb
 631 01f5 00000000 		.4byte	.LFB4
 632 01f9 78000000 		.4byte	.LFE4-.LFB4
 633 01fd 01       		.uleb128 0x1
 634 01fe 9C       		.byte	0x9c
 635 01ff 39020000 		.4byte	0x239
 636 0203 15       		.uleb128 0x15
 637 0204 14000000 		.4byte	.LVL15
 638 0208 84030000 		.4byte	0x384
 639 020c 16020000 		.4byte	0x216
 640 0210 14       		.uleb128 0x14
 641 0211 01       		.uleb128 0x1
 642 0212 50       		.byte	0x50
 643 0213 01       		.uleb128 0x1
 644 0214 48       		.byte	0x48
 645 0215 00       		.byte	0
 646 0216 15       		.uleb128 0x15
 647 0217 42000000 		.4byte	.LVL16
 648 021b 95030000 		.4byte	0x395
 649 021f 29020000 		.4byte	0x229
 650 0223 14       		.uleb128 0x14
 651 0224 01       		.uleb128 0x1
 652 0225 50       		.byte	0x50
 653 0226 01       		.uleb128 0x1
 654 0227 39       		.byte	0x39
 655 0228 00       		.byte	0
 656 0229 13       		.uleb128 0x13
 657 022a 48000000 		.4byte	.LVL17
 658 022e AF030000 		.4byte	0x3af
 659 0232 14       		.uleb128 0x14
 660 0233 01       		.uleb128 0x1
 661 0234 50       		.byte	0x50
 662 0235 01       		.uleb128 0x1
 663 0236 39       		.byte	0x39
 664 0237 00       		.byte	0
 665 0238 00       		.byte	0
 666 0239 16       		.uleb128 0x16
 667 023a 4A010000 		.4byte	.LASF41
 668 023e 01       		.byte	0x1
 669 023f 0601     		.2byte	0x106
 670 0241 78000000 		.4byte	.LFB6
 671 0245 D8000000 		.4byte	.LFE6-.LFB6
ARM GAS  C:\Users\Chris\AppData\Local\Temp\ccL2HORl.s 			page 19


 672 0249 01       		.uleb128 0x1
 673 024a 9C       		.byte	0x9c
 674 024b 3D030000 		.4byte	0x33d
 675 024f 17       		.uleb128 0x17
 676 0250 7C000000 		.4byte	.LBB3
 677 0254 74000000 		.4byte	.LBE3-.LBB3
 678 0258 33030000 		.4byte	0x333
 679 025c 18       		.uleb128 0x18
 680 025d 33000000 		.4byte	.LASF30
 681 0261 01       		.byte	0x1
 682 0262 0C01     		.2byte	0x10c
 683 0264 4D030000 		.4byte	0x34d
 684 0268 05       		.uleb128 0x5
 685 0269 03       		.byte	0x3
 686 026a 0C000000 		.4byte	cy_cfg_addr_table.4740
 687 026e 18       		.uleb128 0x18
 688 026f 45000000 		.4byte	.LASF31
 689 0273 01       		.byte	0x1
 690 0274 1101     		.2byte	0x111
 691 0276 62030000 		.4byte	0x362
 692 027a 05       		.uleb128 0x5
 693 027b 03       		.byte	0x3
 694 027c 14000000 		.4byte	cy_cfg_data_table.4741
 695 0280 19       		.uleb128 0x19
 696 0281 06       		.byte	0x6
 697 0282 01       		.byte	0x1
 698 0283 1B01     		.2byte	0x11b
 699 0285 A4020000 		.4byte	0x2a4
 700 0289 1A       		.uleb128 0x1a
 701 028a 57010000 		.4byte	.LASF32
 702 028e 01       		.byte	0x1
 703 028f 1C01     		.2byte	0x11c
 704 0291 7D000000 		.4byte	0x7d
 705 0295 00       		.byte	0
 706 0296 1A       		.uleb128 0x1a
 707 0297 B3000000 		.4byte	.LASF33
 708 029b 01       		.byte	0x1
 709 029c 1D01     		.2byte	0x11d
 710 029e 99000000 		.4byte	0x99
 711 02a2 04       		.byte	0x4
 712 02a3 00       		.byte	0
 713 02a4 08       		.uleb128 0x8
 714 02a5 83010000 		.4byte	.LASF34
 715 02a9 01       		.byte	0x1
 716 02aa 1E01     		.2byte	0x11e
 717 02ac 80020000 		.4byte	0x280
 718 02b0 1B       		.uleb128 0x1b
 719 02b1 A4020000 		.4byte	0x2a4
 720 02b5 C0020000 		.4byte	0x2c0
 721 02b9 1C       		.uleb128 0x1c
 722 02ba 76000000 		.4byte	0x76
 723 02be 01       		.byte	0x1
 724 02bf 00       		.byte	0
 725 02c0 18       		.uleb128 0x18
 726 02c1 A3000000 		.4byte	.LASF35
 727 02c5 01       		.byte	0x1
 728 02c6 2001     		.2byte	0x120
ARM GAS  C:\Users\Chris\AppData\Local\Temp\ccL2HORl.s 			page 20


 729 02c8 D2020000 		.4byte	0x2d2
 730 02cc 05       		.uleb128 0x5
 731 02cd 03       		.byte	0x3
 732 02ce 00000000 		.4byte	cfg_memset_list.4746
 733 02d2 11       		.uleb128 0x11
 734 02d3 B0020000 		.4byte	0x2b0
 735 02d7 1D       		.uleb128 0x1d
 736 02d8 6900     		.ascii	"i\000"
 737 02da 01       		.byte	0x1
 738 02db 2601     		.2byte	0x126
 739 02dd 8D000000 		.4byte	0x8d
 740 02e1 BC000000 		.4byte	.LLST6
 741 02e5 17       		.uleb128 0x17
 742 02e6 80000000 		.4byte	.LBB4
 743 02ea 1E000000 		.4byte	.LBE4-.LBB4
 744 02ee 16030000 		.4byte	0x316
 745 02f2 1D       		.uleb128 0x1d
 746 02f3 6D7300   		.ascii	"ms\000"
 747 02f6 01       		.byte	0x1
 748 02f7 2B01     		.2byte	0x12b
 749 02f9 01030000 		.4byte	0x301
 750 02fd E6000000 		.4byte	.LLST7
 751 0301 06       		.uleb128 0x6
 752 0302 04       		.byte	0x4
 753 0303 07030000 		.4byte	0x307
 754 0307 11       		.uleb128 0x11
 755 0308 A4020000 		.4byte	0x2a4
 756 030c 1E       		.uleb128 0x1e
 757 030d 9E000000 		.4byte	.LVL20
 758 0311 A1010000 		.4byte	0x1a1
 759 0315 00       		.byte	0
 760 0316 13       		.uleb128 0x13
 761 0317 B2000000 		.4byte	.LVL23
 762 031b 19010000 		.4byte	0x119
 763 031f 14       		.uleb128 0x14
 764 0320 01       		.uleb128 0x1
 765 0321 51       		.byte	0x51
 766 0322 05       		.uleb128 0x5
 767 0323 03       		.byte	0x3
 768 0324 14000000 		.4byte	.LANCHOR0+20
 769 0328 14       		.uleb128 0x14
 770 0329 01       		.uleb128 0x1
 771 032a 50       		.byte	0x50
 772 032b 05       		.uleb128 0x5
 773 032c 03       		.byte	0x3
 774 032d 0C000000 		.4byte	.LANCHOR0+12
 775 0331 00       		.byte	0
 776 0332 00       		.byte	0
 777 0333 1E       		.uleb128 0x1e
 778 0334 16010000 		.4byte	.LVL24
 779 0338 EE010000 		.4byte	0x1ee
 780 033c 00       		.byte	0
 781 033d 1B       		.uleb128 0x1b
 782 033e A5000000 		.4byte	0xa5
 783 0342 4D030000 		.4byte	0x34d
 784 0346 1C       		.uleb128 0x1c
 785 0347 76000000 		.4byte	0x76
ARM GAS  C:\Users\Chris\AppData\Local\Temp\ccL2HORl.s 			page 21


 786 034b 01       		.byte	0x1
 787 034c 00       		.byte	0
 788 034d 11       		.uleb128 0x11
 789 034e 3D030000 		.4byte	0x33d
 790 0352 1B       		.uleb128 0x1b
 791 0353 0E010000 		.4byte	0x10e
 792 0357 62030000 		.4byte	0x362
 793 035b 1C       		.uleb128 0x1c
 794 035c 76000000 		.4byte	0x76
 795 0360 04       		.byte	0x4
 796 0361 00       		.byte	0
 797 0362 11       		.uleb128 0x11
 798 0363 52030000 		.4byte	0x352
 799 0367 1F       		.uleb128 0x1f
 800 0368 ED000000 		.4byte	.LASF36
 801 036c 7D000000 		.4byte	0x7d
 802 0370 84030000 		.4byte	0x384
 803 0374 20       		.uleb128 0x20
 804 0375 7D000000 		.4byte	0x7d
 805 0379 20       		.uleb128 0x20
 806 037a 25000000 		.4byte	0x25
 807 037e 20       		.uleb128 0x20
 808 037f 76000000 		.4byte	0x76
 809 0383 00       		.byte	0
 810 0384 21       		.uleb128 0x21
 811 0385 7C020000 		.4byte	.LASF37
 812 0389 04       		.byte	0x4
 813 038a 6C       		.byte	0x6c
 814 038b 95030000 		.4byte	0x395
 815 038f 20       		.uleb128 0x20
 816 0390 A5000000 		.4byte	0xa5
 817 0394 00       		.byte	0
 818 0395 22       		.uleb128 0x22
 819 0396 0D000000 		.4byte	.LASF42
 820 039a 04       		.byte	0x4
 821 039b BB       		.byte	0xbb
 822 039c E1000000 		.4byte	0xe1
 823 03a0 AF030000 		.4byte	0x3af
 824 03a4 20       		.uleb128 0x20
 825 03a5 8D000000 		.4byte	0x8d
 826 03a9 20       		.uleb128 0x20
 827 03aa E1000000 		.4byte	0xe1
 828 03ae 00       		.byte	0
 829 03af 23       		.uleb128 0x23
 830 03b0 0D010000 		.4byte	.LASF43
 831 03b4 04       		.byte	0x4
 832 03b5 C1       		.byte	0xc1
 833 03b6 20       		.uleb128 0x20
 834 03b7 8D000000 		.4byte	0x8d
 835 03bb 00       		.byte	0
 836 03bc 00       		.byte	0
 837              		.section	.debug_abbrev,"",%progbits
 838              	.Ldebug_abbrev0:
 839 0000 01       		.uleb128 0x1
 840 0001 11       		.uleb128 0x11
 841 0002 01       		.byte	0x1
 842 0003 25       		.uleb128 0x25
ARM GAS  C:\Users\Chris\AppData\Local\Temp\ccL2HORl.s 			page 22


 843 0004 0E       		.uleb128 0xe
 844 0005 13       		.uleb128 0x13
 845 0006 0B       		.uleb128 0xb
 846 0007 03       		.uleb128 0x3
 847 0008 0E       		.uleb128 0xe
 848 0009 1B       		.uleb128 0x1b
 849 000a 0E       		.uleb128 0xe
 850 000b 55       		.uleb128 0x55
 851 000c 17       		.uleb128 0x17
 852 000d 11       		.uleb128 0x11
 853 000e 01       		.uleb128 0x1
 854 000f 10       		.uleb128 0x10
 855 0010 17       		.uleb128 0x17
 856 0011 00       		.byte	0
 857 0012 00       		.byte	0
 858 0013 02       		.uleb128 0x2
 859 0014 24       		.uleb128 0x24
 860 0015 00       		.byte	0
 861 0016 0B       		.uleb128 0xb
 862 0017 0B       		.uleb128 0xb
 863 0018 3E       		.uleb128 0x3e
 864 0019 0B       		.uleb128 0xb
 865 001a 03       		.uleb128 0x3
 866 001b 08       		.uleb128 0x8
 867 001c 00       		.byte	0
 868 001d 00       		.byte	0
 869 001e 03       		.uleb128 0x3
 870 001f 16       		.uleb128 0x16
 871 0020 00       		.byte	0
 872 0021 03       		.uleb128 0x3
 873 0022 0E       		.uleb128 0xe
 874 0023 3A       		.uleb128 0x3a
 875 0024 0B       		.uleb128 0xb
 876 0025 3B       		.uleb128 0x3b
 877 0026 0B       		.uleb128 0xb
 878 0027 49       		.uleb128 0x49
 879 0028 13       		.uleb128 0x13
 880 0029 00       		.byte	0
 881 002a 00       		.byte	0
 882 002b 04       		.uleb128 0x4
 883 002c 24       		.uleb128 0x24
 884 002d 00       		.byte	0
 885 002e 0B       		.uleb128 0xb
 886 002f 0B       		.uleb128 0xb
 887 0030 3E       		.uleb128 0x3e
 888 0031 0B       		.uleb128 0xb
 889 0032 03       		.uleb128 0x3
 890 0033 0E       		.uleb128 0xe
 891 0034 00       		.byte	0
 892 0035 00       		.byte	0
 893 0036 05       		.uleb128 0x5
 894 0037 0F       		.uleb128 0xf
 895 0038 00       		.byte	0
 896 0039 0B       		.uleb128 0xb
 897 003a 0B       		.uleb128 0xb
 898 003b 00       		.byte	0
 899 003c 00       		.byte	0
ARM GAS  C:\Users\Chris\AppData\Local\Temp\ccL2HORl.s 			page 23


 900 003d 06       		.uleb128 0x6
 901 003e 0F       		.uleb128 0xf
 902 003f 00       		.byte	0
 903 0040 0B       		.uleb128 0xb
 904 0041 0B       		.uleb128 0xb
 905 0042 49       		.uleb128 0x49
 906 0043 13       		.uleb128 0x13
 907 0044 00       		.byte	0
 908 0045 00       		.byte	0
 909 0046 07       		.uleb128 0x7
 910 0047 15       		.uleb128 0x15
 911 0048 00       		.byte	0
 912 0049 27       		.uleb128 0x27
 913 004a 19       		.uleb128 0x19
 914 004b 00       		.byte	0
 915 004c 00       		.byte	0
 916 004d 08       		.uleb128 0x8
 917 004e 16       		.uleb128 0x16
 918 004f 00       		.byte	0
 919 0050 03       		.uleb128 0x3
 920 0051 0E       		.uleb128 0xe
 921 0052 3A       		.uleb128 0x3a
 922 0053 0B       		.uleb128 0xb
 923 0054 3B       		.uleb128 0x3b
 924 0055 05       		.uleb128 0x5
 925 0056 49       		.uleb128 0x49
 926 0057 13       		.uleb128 0x13
 927 0058 00       		.byte	0
 928 0059 00       		.byte	0
 929 005a 09       		.uleb128 0x9
 930 005b 35       		.uleb128 0x35
 931 005c 00       		.byte	0
 932 005d 49       		.uleb128 0x49
 933 005e 13       		.uleb128 0x13
 934 005f 00       		.byte	0
 935 0060 00       		.byte	0
 936 0061 0A       		.uleb128 0xa
 937 0062 13       		.uleb128 0x13
 938 0063 01       		.byte	0x1
 939 0064 0B       		.uleb128 0xb
 940 0065 0B       		.uleb128 0xb
 941 0066 3A       		.uleb128 0x3a
 942 0067 0B       		.uleb128 0xb
 943 0068 3B       		.uleb128 0x3b
 944 0069 0B       		.uleb128 0xb
 945 006a 01       		.uleb128 0x1
 946 006b 13       		.uleb128 0x13
 947 006c 00       		.byte	0
 948 006d 00       		.byte	0
 949 006e 0B       		.uleb128 0xb
 950 006f 0D       		.uleb128 0xd
 951 0070 00       		.byte	0
 952 0071 03       		.uleb128 0x3
 953 0072 0E       		.uleb128 0xe
 954 0073 3A       		.uleb128 0x3a
 955 0074 0B       		.uleb128 0xb
 956 0075 3B       		.uleb128 0x3b
ARM GAS  C:\Users\Chris\AppData\Local\Temp\ccL2HORl.s 			page 24


 957 0076 0B       		.uleb128 0xb
 958 0077 49       		.uleb128 0x49
 959 0078 13       		.uleb128 0x13
 960 0079 38       		.uleb128 0x38
 961 007a 0B       		.uleb128 0xb
 962 007b 00       		.byte	0
 963 007c 00       		.byte	0
 964 007d 0C       		.uleb128 0xc
 965 007e 2E       		.uleb128 0x2e
 966 007f 01       		.byte	0x1
 967 0080 03       		.uleb128 0x3
 968 0081 0E       		.uleb128 0xe
 969 0082 3A       		.uleb128 0x3a
 970 0083 0B       		.uleb128 0xb
 971 0084 3B       		.uleb128 0x3b
 972 0085 0B       		.uleb128 0xb
 973 0086 27       		.uleb128 0x27
 974 0087 19       		.uleb128 0x19
 975 0088 11       		.uleb128 0x11
 976 0089 01       		.uleb128 0x1
 977 008a 12       		.uleb128 0x12
 978 008b 06       		.uleb128 0x6
 979 008c 40       		.uleb128 0x40
 980 008d 18       		.uleb128 0x18
 981 008e 9742     		.uleb128 0x2117
 982 0090 19       		.uleb128 0x19
 983 0091 01       		.uleb128 0x1
 984 0092 13       		.uleb128 0x13
 985 0093 00       		.byte	0
 986 0094 00       		.byte	0
 987 0095 0D       		.uleb128 0xd
 988 0096 05       		.uleb128 0x5
 989 0097 00       		.byte	0
 990 0098 03       		.uleb128 0x3
 991 0099 0E       		.uleb128 0xe
 992 009a 3A       		.uleb128 0x3a
 993 009b 0B       		.uleb128 0xb
 994 009c 3B       		.uleb128 0x3b
 995 009d 0B       		.uleb128 0xb
 996 009e 49       		.uleb128 0x49
 997 009f 13       		.uleb128 0x13
 998 00a0 02       		.uleb128 0x2
 999 00a1 18       		.uleb128 0x18
 1000 00a2 00       		.byte	0
 1001 00a3 00       		.byte	0
 1002 00a4 0E       		.uleb128 0xe
 1003 00a5 34       		.uleb128 0x34
 1004 00a6 00       		.byte	0
 1005 00a7 03       		.uleb128 0x3
 1006 00a8 08       		.uleb128 0x8
 1007 00a9 3A       		.uleb128 0x3a
 1008 00aa 0B       		.uleb128 0xb
 1009 00ab 3B       		.uleb128 0x3b
 1010 00ac 0B       		.uleb128 0xb
 1011 00ad 49       		.uleb128 0x49
 1012 00ae 13       		.uleb128 0x13
 1013 00af 02       		.uleb128 0x2
ARM GAS  C:\Users\Chris\AppData\Local\Temp\ccL2HORl.s 			page 25


 1014 00b0 17       		.uleb128 0x17
 1015 00b1 00       		.byte	0
 1016 00b2 00       		.byte	0
 1017 00b3 0F       		.uleb128 0xf
 1018 00b4 0B       		.uleb128 0xb
 1019 00b5 01       		.byte	0x1
 1020 00b6 11       		.uleb128 0x11
 1021 00b7 01       		.uleb128 0x1
 1022 00b8 12       		.uleb128 0x12
 1023 00b9 06       		.uleb128 0x6
 1024 00ba 00       		.byte	0
 1025 00bb 00       		.byte	0
 1026 00bc 10       		.uleb128 0x10
 1027 00bd 34       		.uleb128 0x34
 1028 00be 00       		.byte	0
 1029 00bf 03       		.uleb128 0x3
 1030 00c0 0E       		.uleb128 0xe
 1031 00c1 3A       		.uleb128 0x3a
 1032 00c2 0B       		.uleb128 0xb
 1033 00c3 3B       		.uleb128 0x3b
 1034 00c4 0B       		.uleb128 0xb
 1035 00c5 49       		.uleb128 0x49
 1036 00c6 13       		.uleb128 0x13
 1037 00c7 02       		.uleb128 0x2
 1038 00c8 17       		.uleb128 0x17
 1039 00c9 00       		.byte	0
 1040 00ca 00       		.byte	0
 1041 00cb 11       		.uleb128 0x11
 1042 00cc 26       		.uleb128 0x26
 1043 00cd 00       		.byte	0
 1044 00ce 49       		.uleb128 0x49
 1045 00cf 13       		.uleb128 0x13
 1046 00d0 00       		.byte	0
 1047 00d1 00       		.byte	0
 1048 00d2 12       		.uleb128 0x12
 1049 00d3 05       		.uleb128 0x5
 1050 00d4 00       		.byte	0
 1051 00d5 03       		.uleb128 0x3
 1052 00d6 08       		.uleb128 0x8
 1053 00d7 3A       		.uleb128 0x3a
 1054 00d8 0B       		.uleb128 0xb
 1055 00d9 3B       		.uleb128 0x3b
 1056 00da 0B       		.uleb128 0xb
 1057 00db 49       		.uleb128 0x49
 1058 00dc 13       		.uleb128 0x13
 1059 00dd 02       		.uleb128 0x2
 1060 00de 17       		.uleb128 0x17
 1061 00df 00       		.byte	0
 1062 00e0 00       		.byte	0
 1063 00e1 13       		.uleb128 0x13
 1064 00e2 898201   		.uleb128 0x4109
 1065 00e5 01       		.byte	0x1
 1066 00e6 11       		.uleb128 0x11
 1067 00e7 01       		.uleb128 0x1
 1068 00e8 31       		.uleb128 0x31
 1069 00e9 13       		.uleb128 0x13
 1070 00ea 00       		.byte	0
ARM GAS  C:\Users\Chris\AppData\Local\Temp\ccL2HORl.s 			page 26


 1071 00eb 00       		.byte	0
 1072 00ec 14       		.uleb128 0x14
 1073 00ed 8A8201   		.uleb128 0x410a
 1074 00f0 00       		.byte	0
 1075 00f1 02       		.uleb128 0x2
 1076 00f2 18       		.uleb128 0x18
 1077 00f3 9142     		.uleb128 0x2111
 1078 00f5 18       		.uleb128 0x18
 1079 00f6 00       		.byte	0
 1080 00f7 00       		.byte	0
 1081 00f8 15       		.uleb128 0x15
 1082 00f9 898201   		.uleb128 0x4109
 1083 00fc 01       		.byte	0x1
 1084 00fd 11       		.uleb128 0x11
 1085 00fe 01       		.uleb128 0x1
 1086 00ff 31       		.uleb128 0x31
 1087 0100 13       		.uleb128 0x13
 1088 0101 01       		.uleb128 0x1
 1089 0102 13       		.uleb128 0x13
 1090 0103 00       		.byte	0
 1091 0104 00       		.byte	0
 1092 0105 16       		.uleb128 0x16
 1093 0106 2E       		.uleb128 0x2e
 1094 0107 01       		.byte	0x1
 1095 0108 3F       		.uleb128 0x3f
 1096 0109 19       		.uleb128 0x19
 1097 010a 03       		.uleb128 0x3
 1098 010b 0E       		.uleb128 0xe
 1099 010c 3A       		.uleb128 0x3a
 1100 010d 0B       		.uleb128 0xb
 1101 010e 3B       		.uleb128 0x3b
 1102 010f 05       		.uleb128 0x5
 1103 0110 27       		.uleb128 0x27
 1104 0111 19       		.uleb128 0x19
 1105 0112 11       		.uleb128 0x11
 1106 0113 01       		.uleb128 0x1
 1107 0114 12       		.uleb128 0x12
 1108 0115 06       		.uleb128 0x6
 1109 0116 40       		.uleb128 0x40
 1110 0117 18       		.uleb128 0x18
 1111 0118 9742     		.uleb128 0x2117
 1112 011a 19       		.uleb128 0x19
 1113 011b 01       		.uleb128 0x1
 1114 011c 13       		.uleb128 0x13
 1115 011d 00       		.byte	0
 1116 011e 00       		.byte	0
 1117 011f 17       		.uleb128 0x17
 1118 0120 0B       		.uleb128 0xb
 1119 0121 01       		.byte	0x1
 1120 0122 11       		.uleb128 0x11
 1121 0123 01       		.uleb128 0x1
 1122 0124 12       		.uleb128 0x12
 1123 0125 06       		.uleb128 0x6
 1124 0126 01       		.uleb128 0x1
 1125 0127 13       		.uleb128 0x13
 1126 0128 00       		.byte	0
 1127 0129 00       		.byte	0
ARM GAS  C:\Users\Chris\AppData\Local\Temp\ccL2HORl.s 			page 27


 1128 012a 18       		.uleb128 0x18
 1129 012b 34       		.uleb128 0x34
 1130 012c 00       		.byte	0
 1131 012d 03       		.uleb128 0x3
 1132 012e 0E       		.uleb128 0xe
 1133 012f 3A       		.uleb128 0x3a
 1134 0130 0B       		.uleb128 0xb
 1135 0131 3B       		.uleb128 0x3b
 1136 0132 05       		.uleb128 0x5
 1137 0133 49       		.uleb128 0x49
 1138 0134 13       		.uleb128 0x13
 1139 0135 02       		.uleb128 0x2
 1140 0136 18       		.uleb128 0x18
 1141 0137 00       		.byte	0
 1142 0138 00       		.byte	0
 1143 0139 19       		.uleb128 0x19
 1144 013a 13       		.uleb128 0x13
 1145 013b 01       		.byte	0x1
 1146 013c 0B       		.uleb128 0xb
 1147 013d 0B       		.uleb128 0xb
 1148 013e 3A       		.uleb128 0x3a
 1149 013f 0B       		.uleb128 0xb
 1150 0140 3B       		.uleb128 0x3b
 1151 0141 05       		.uleb128 0x5
 1152 0142 01       		.uleb128 0x1
 1153 0143 13       		.uleb128 0x13
 1154 0144 00       		.byte	0
 1155 0145 00       		.byte	0
 1156 0146 1A       		.uleb128 0x1a
 1157 0147 0D       		.uleb128 0xd
 1158 0148 00       		.byte	0
 1159 0149 03       		.uleb128 0x3
 1160 014a 0E       		.uleb128 0xe
 1161 014b 3A       		.uleb128 0x3a
 1162 014c 0B       		.uleb128 0xb
 1163 014d 3B       		.uleb128 0x3b
 1164 014e 05       		.uleb128 0x5
 1165 014f 49       		.uleb128 0x49
 1166 0150 13       		.uleb128 0x13
 1167 0151 38       		.uleb128 0x38
 1168 0152 0B       		.uleb128 0xb
 1169 0153 00       		.byte	0
 1170 0154 00       		.byte	0
 1171 0155 1B       		.uleb128 0x1b
 1172 0156 01       		.uleb128 0x1
 1173 0157 01       		.byte	0x1
 1174 0158 49       		.uleb128 0x49
 1175 0159 13       		.uleb128 0x13
 1176 015a 01       		.uleb128 0x1
 1177 015b 13       		.uleb128 0x13
 1178 015c 00       		.byte	0
 1179 015d 00       		.byte	0
 1180 015e 1C       		.uleb128 0x1c
 1181 015f 21       		.uleb128 0x21
 1182 0160 00       		.byte	0
 1183 0161 49       		.uleb128 0x49
 1184 0162 13       		.uleb128 0x13
ARM GAS  C:\Users\Chris\AppData\Local\Temp\ccL2HORl.s 			page 28


 1185 0163 2F       		.uleb128 0x2f
 1186 0164 0B       		.uleb128 0xb
 1187 0165 00       		.byte	0
 1188 0166 00       		.byte	0
 1189 0167 1D       		.uleb128 0x1d
 1190 0168 34       		.uleb128 0x34
 1191 0169 00       		.byte	0
 1192 016a 03       		.uleb128 0x3
 1193 016b 08       		.uleb128 0x8
 1194 016c 3A       		.uleb128 0x3a
 1195 016d 0B       		.uleb128 0xb
 1196 016e 3B       		.uleb128 0x3b
 1197 016f 05       		.uleb128 0x5
 1198 0170 49       		.uleb128 0x49
 1199 0171 13       		.uleb128 0x13
 1200 0172 02       		.uleb128 0x2
 1201 0173 17       		.uleb128 0x17
 1202 0174 00       		.byte	0
 1203 0175 00       		.byte	0
 1204 0176 1E       		.uleb128 0x1e
 1205 0177 898201   		.uleb128 0x4109
 1206 017a 00       		.byte	0
 1207 017b 11       		.uleb128 0x11
 1208 017c 01       		.uleb128 0x1
 1209 017d 31       		.uleb128 0x31
 1210 017e 13       		.uleb128 0x13
 1211 017f 00       		.byte	0
 1212 0180 00       		.byte	0
 1213 0181 1F       		.uleb128 0x1f
 1214 0182 2E       		.uleb128 0x2e
 1215 0183 01       		.byte	0x1
 1216 0184 3F       		.uleb128 0x3f
 1217 0185 19       		.uleb128 0x19
 1218 0186 03       		.uleb128 0x3
 1219 0187 0E       		.uleb128 0xe
 1220 0188 27       		.uleb128 0x27
 1221 0189 19       		.uleb128 0x19
 1222 018a 49       		.uleb128 0x49
 1223 018b 13       		.uleb128 0x13
 1224 018c 34       		.uleb128 0x34
 1225 018d 19       		.uleb128 0x19
 1226 018e 3C       		.uleb128 0x3c
 1227 018f 19       		.uleb128 0x19
 1228 0190 01       		.uleb128 0x1
 1229 0191 13       		.uleb128 0x13
 1230 0192 00       		.byte	0
 1231 0193 00       		.byte	0
 1232 0194 20       		.uleb128 0x20
 1233 0195 05       		.uleb128 0x5
 1234 0196 00       		.byte	0
 1235 0197 49       		.uleb128 0x49
 1236 0198 13       		.uleb128 0x13
 1237 0199 00       		.byte	0
 1238 019a 00       		.byte	0
 1239 019b 21       		.uleb128 0x21
 1240 019c 2E       		.uleb128 0x2e
 1241 019d 01       		.byte	0x1
ARM GAS  C:\Users\Chris\AppData\Local\Temp\ccL2HORl.s 			page 29


 1242 019e 3F       		.uleb128 0x3f
 1243 019f 19       		.uleb128 0x19
 1244 01a0 03       		.uleb128 0x3
 1245 01a1 0E       		.uleb128 0xe
 1246 01a2 3A       		.uleb128 0x3a
 1247 01a3 0B       		.uleb128 0xb
 1248 01a4 3B       		.uleb128 0x3b
 1249 01a5 0B       		.uleb128 0xb
 1250 01a6 27       		.uleb128 0x27
 1251 01a7 19       		.uleb128 0x19
 1252 01a8 3C       		.uleb128 0x3c
 1253 01a9 19       		.uleb128 0x19
 1254 01aa 01       		.uleb128 0x1
 1255 01ab 13       		.uleb128 0x13
 1256 01ac 00       		.byte	0
 1257 01ad 00       		.byte	0
 1258 01ae 22       		.uleb128 0x22
 1259 01af 2E       		.uleb128 0x2e
 1260 01b0 01       		.byte	0x1
 1261 01b1 3F       		.uleb128 0x3f
 1262 01b2 19       		.uleb128 0x19
 1263 01b3 03       		.uleb128 0x3
 1264 01b4 0E       		.uleb128 0xe
 1265 01b5 3A       		.uleb128 0x3a
 1266 01b6 0B       		.uleb128 0xb
 1267 01b7 3B       		.uleb128 0x3b
 1268 01b8 0B       		.uleb128 0xb
 1269 01b9 27       		.uleb128 0x27
 1270 01ba 19       		.uleb128 0x19
 1271 01bb 49       		.uleb128 0x49
 1272 01bc 13       		.uleb128 0x13
 1273 01bd 3C       		.uleb128 0x3c
 1274 01be 19       		.uleb128 0x19
 1275 01bf 01       		.uleb128 0x1
 1276 01c0 13       		.uleb128 0x13
 1277 01c1 00       		.byte	0
 1278 01c2 00       		.byte	0
 1279 01c3 23       		.uleb128 0x23
 1280 01c4 2E       		.uleb128 0x2e
 1281 01c5 01       		.byte	0x1
 1282 01c6 3F       		.uleb128 0x3f
 1283 01c7 19       		.uleb128 0x19
 1284 01c8 03       		.uleb128 0x3
 1285 01c9 0E       		.uleb128 0xe
 1286 01ca 3A       		.uleb128 0x3a
 1287 01cb 0B       		.uleb128 0xb
 1288 01cc 3B       		.uleb128 0x3b
 1289 01cd 0B       		.uleb128 0xb
 1290 01ce 27       		.uleb128 0x27
 1291 01cf 19       		.uleb128 0x19
 1292 01d0 3C       		.uleb128 0x3c
 1293 01d1 19       		.uleb128 0x19
 1294 01d2 00       		.byte	0
 1295 01d3 00       		.byte	0
 1296 01d4 00       		.byte	0
 1297              		.section	.debug_loc,"",%progbits
 1298              	.Ldebug_loc0:
ARM GAS  C:\Users\Chris\AppData\Local\Temp\ccL2HORl.s 			page 30


 1299              	.LLST0:
 1300 0000 02000000 		.4byte	.LVL1
 1301 0004 08000000 		.4byte	.LVL2
 1302 0008 0200     		.2byte	0x2
 1303 000a 30       		.byte	0x30
 1304 000b 9F       		.byte	0x9f
 1305 000c 08000000 		.4byte	.LVL2
 1306 0010 30000000 		.4byte	.LVL11
 1307 0014 0100     		.2byte	0x1
 1308 0016 57       		.byte	0x57
 1309 0017 00000000 		.4byte	0
 1310 001b 00000000 		.4byte	0
 1311              	.LLST1:
 1312 001f 02000000 		.4byte	.LVL1
 1313 0023 08000000 		.4byte	.LVL2
 1314 0027 0200     		.2byte	0x2
 1315 0029 30       		.byte	0x30
 1316 002a 9F       		.byte	0x9f
 1317 002b 08000000 		.4byte	.LVL2
 1318 002f 30000000 		.4byte	.LVL10
 1319 0033 0100     		.2byte	0x1
 1320 0035 55       		.byte	0x55
 1321 0036 00000000 		.4byte	0
 1322 003a 00000000 		.4byte	0
 1323              	.LLST2:
 1324 003e 0C000000 		.4byte	.LVL3
 1325 0042 2C000000 		.4byte	.LVL9
 1326 0046 0100     		.2byte	0x1
 1327 0048 56       		.byte	0x56
 1328 0049 00000000 		.4byte	0
 1329 004d 00000000 		.4byte	0
 1330              	.LLST3:
 1331 0051 0E000000 		.4byte	.LVL4
 1332 0055 24000000 		.4byte	.LVL7
 1333 0059 0100     		.2byte	0x1
 1334 005b 53       		.byte	0x53
 1335 005c 26000000 		.4byte	.LVL8
 1336 0060 2C000000 		.4byte	.LVL9
 1337 0064 0100     		.2byte	0x1
 1338 0066 53       		.byte	0x53
 1339 0067 00000000 		.4byte	0
 1340 006b 00000000 		.4byte	0
 1341              	.LLST4:
 1342 006f 00000000 		.4byte	.LVL12
 1343 0073 09000000 		.4byte	.LVL14-1
 1344 0077 0100     		.2byte	0x1
 1345 0079 50       		.byte	0x50
 1346 007a 09000000 		.4byte	.LVL14-1
 1347 007e 0C000000 		.4byte	.LFE0
 1348 0082 0400     		.2byte	0x4
 1349 0084 F3       		.byte	0xf3
 1350 0085 01       		.uleb128 0x1
 1351 0086 50       		.byte	0x50
 1352 0087 9F       		.byte	0x9f
 1353 0088 00000000 		.4byte	0
 1354 008c 00000000 		.4byte	0
 1355              	.LLST5:
ARM GAS  C:\Users\Chris\AppData\Local\Temp\ccL2HORl.s 			page 31


 1356 0090 00000000 		.4byte	.LVL12
 1357 0094 06000000 		.4byte	.LVL13
 1358 0098 0100     		.2byte	0x1
 1359 009a 51       		.byte	0x51
 1360 009b 06000000 		.4byte	.LVL13
 1361 009f 09000000 		.4byte	.LVL14-1
 1362 00a3 0100     		.2byte	0x1
 1363 00a5 52       		.byte	0x52
 1364 00a6 09000000 		.4byte	.LVL14-1
 1365 00aa 0C000000 		.4byte	.LFE0
 1366 00ae 0400     		.2byte	0x4
 1367 00b0 F3       		.byte	0xf3
 1368 00b1 01       		.uleb128 0x1
 1369 00b2 51       		.byte	0x51
 1370 00b3 9F       		.byte	0x9f
 1371 00b4 00000000 		.4byte	0
 1372 00b8 00000000 		.4byte	0
 1373              	.LLST6:
 1374 00bc 7C000000 		.4byte	.LVL18
 1375 00c0 80000000 		.4byte	.LVL19
 1376 00c4 0200     		.2byte	0x2
 1377 00c6 30       		.byte	0x30
 1378 00c7 9F       		.byte	0x9f
 1379 00c8 80000000 		.4byte	.LVL19
 1380 00cc A0000000 		.4byte	.LVL21
 1381 00d0 0100     		.2byte	0x1
 1382 00d2 54       		.byte	0x54
 1383 00d3 A2000000 		.4byte	.LVL22
 1384 00d7 16010000 		.4byte	.LVL25
 1385 00db 0100     		.2byte	0x1
 1386 00dd 54       		.byte	0x54
 1387 00de 00000000 		.4byte	0
 1388 00e2 00000000 		.4byte	0
 1389              	.LLST7:
 1390 00e6 80000000 		.4byte	.LVL19
 1391 00ea A0000000 		.4byte	.LVL21
 1392 00ee 0B00     		.2byte	0xb
 1393 00f0 74       		.byte	0x74
 1394 00f1 00       		.sleb128 0
 1395 00f2 36       		.byte	0x36
 1396 00f3 1E       		.byte	0x1e
 1397 00f4 03       		.byte	0x3
 1398 00f5 00000000 		.4byte	cfg_memset_list.4746
 1399 00f9 22       		.byte	0x22
 1400 00fa 9F       		.byte	0x9f
 1401 00fb A0000000 		.4byte	.LVL21
 1402 00ff A2000000 		.4byte	.LVL22
 1403 0103 0B00     		.2byte	0xb
 1404 0105 74       		.byte	0x74
 1405 0106 7F       		.sleb128 -1
 1406 0107 36       		.byte	0x36
 1407 0108 1E       		.byte	0x1e
 1408 0109 03       		.byte	0x3
 1409 010a 00000000 		.4byte	cfg_memset_list.4746
 1410 010e 22       		.byte	0x22
 1411 010f 9F       		.byte	0x9f
 1412 0110 00000000 		.4byte	0
ARM GAS  C:\Users\Chris\AppData\Local\Temp\ccL2HORl.s 			page 32


 1413 0114 00000000 		.4byte	0
 1414              		.section	.debug_aranges,"",%progbits
 1415 0000 34000000 		.4byte	0x34
 1416 0004 0200     		.2byte	0x2
 1417 0006 00000000 		.4byte	.Ldebug_info0
 1418 000a 04       		.byte	0x4
 1419 000b 00       		.byte	0
 1420 000c 0000     		.2byte	0
 1421 000e 0000     		.2byte	0
 1422 0010 00000000 		.4byte	.LFB3
 1423 0014 32000000 		.4byte	.LFE3-.LFB3
 1424 0018 00000000 		.4byte	.LFB0
 1425 001c 0C000000 		.4byte	.LFE0-.LFB0
 1426 0020 00000000 		.4byte	.LFB4
 1427 0024 78000000 		.4byte	.LFE4-.LFB4
 1428 0028 78000000 		.4byte	.LFB6
 1429 002c D8000000 		.4byte	.LFE6-.LFB6
 1430 0030 00000000 		.4byte	0
 1431 0034 00000000 		.4byte	0
 1432              		.section	.debug_ranges,"",%progbits
 1433              	.Ldebug_ranges0:
 1434 0000 00000000 		.4byte	.LFB3
 1435 0004 32000000 		.4byte	.LFE3
 1436 0008 00000000 		.4byte	.LFB0
 1437 000c 0C000000 		.4byte	.LFE0
 1438 0010 00000000 		.4byte	.LFB4
 1439 0014 78000000 		.4byte	.LFE4
 1440 0018 78000000 		.4byte	.LFB6
 1441 001c 50010000 		.4byte	.LFE6
 1442 0020 00000000 		.4byte	0
 1443 0024 00000000 		.4byte	0
 1444              		.section	.debug_line,"",%progbits
 1445              	.Ldebug_line0:
 1446 0000 5D010000 		.section	.debug_str,"MS",%progbits,1
 1446      0200D800 
 1446      00000201 
 1446      FB0E0D00 
 1446      01010101 
 1447              	.LASF18:
 1448 0000 72656733 		.ascii	"reg32\000"
 1448      3200
 1449              	.LASF11:
 1450 0006 73697A65 		.ascii	"size_t\000"
 1450      5F7400
 1451              	.LASF42:
 1452 000d 4379496E 		.ascii	"CyIntSetVector\000"
 1452      74536574 
 1452      56656374 
 1452      6F7200
 1453              	.LASF21:
 1454 001c 76616C75 		.ascii	"value\000"
 1454      6500
 1455              	.LASF26:
 1456 0022 636F756E 		.ascii	"count\000"
 1456      7400
 1457              	.LASF29:
 1458 0028 436C6F63 		.ascii	"ClockSetup\000"
ARM GAS  C:\Users\Chris\AppData\Local\Temp\ccL2HORl.s 			page 33


 1458      6B536574 
 1458      757000
 1459              	.LASF30:
 1460 0033 63795F63 		.ascii	"cy_cfg_addr_table\000"
 1460      66675F61 
 1460      6464725F 
 1460      7461626C 
 1460      6500
 1461              	.LASF31:
 1462 0045 63795F63 		.ascii	"cy_cfg_data_table\000"
 1462      66675F64 
 1462      6174615F 
 1462      7461626C 
 1462      6500
 1463              	.LASF40:
 1464 0057 433A5C55 		.ascii	"C:\\Users\\Chris\\Desktop\\ECEC 304\\Labs\\Lesson7."
 1464      73657273 
 1464      5C436872 
 1464      69735C44 
 1464      65736B74 
 1465 0084 63796473 		.ascii	"cydsn\000"
 1465      6E00
 1466              	.LASF22:
 1467 008a 63795F63 		.ascii	"cy_cfg_addrvalue_t\000"
 1467      66675F61 
 1467      64647276 
 1467      616C7565 
 1467      5F7400
 1468              	.LASF15:
 1469 009d 666C6F61 		.ascii	"float\000"
 1469      7400
 1470              	.LASF35:
 1471 00a3 6366675F 		.ascii	"cfg_memset_list\000"
 1471      6D656D73 
 1471      65745F6C 
 1471      69737400 
 1472              	.LASF33:
 1473 00b3 73697A65 		.ascii	"size\000"
 1473      00
 1474              	.LASF17:
 1475 00b8 72656738 		.ascii	"reg8\000"
 1475      00
 1476              	.LASF6:
 1477 00bd 6C6F6E67 		.ascii	"long unsigned int\000"
 1477      20756E73 
 1477      69676E65 
 1477      6420696E 
 1477      7400
 1478              	.LASF12:
 1479 00cf 75696E74 		.ascii	"uint8\000"
 1479      3800
 1480              	.LASF28:
 1481 00d5 43594D45 		.ascii	"CYMEMZERO\000"
 1481      4D5A4552 
 1481      4F00
 1482              	.LASF2:
 1483 00df 756E7369 		.ascii	"unsigned char\000"
ARM GAS  C:\Users\Chris\AppData\Local\Temp\ccL2HORl.s 			page 34


 1483      676E6564 
 1483      20636861 
 1483      7200
 1484              	.LASF36:
 1485 00ed 6D656D73 		.ascii	"memset\000"
 1485      657400
 1486              	.LASF16:
 1487 00f4 646F7562 		.ascii	"double\000"
 1487      6C6500
 1488              	.LASF27:
 1489 00fb 6366675F 		.ascii	"cfg_write_bytes32\000"
 1489      77726974 
 1489      655F6279 
 1489      74657333 
 1489      3200
 1490              	.LASF43:
 1491 010d 4379496E 		.ascii	"CyIntEnable\000"
 1491      74456E61 
 1491      626C6500 
 1492              	.LASF23:
 1493 0119 61646472 		.ascii	"addr_table\000"
 1493      5F746162 
 1493      6C6500
 1494              	.LASF13:
 1495 0124 75696E74 		.ascii	"uint16\000"
 1495      313600
 1496              	.LASF24:
 1497 012b 64617461 		.ascii	"data_table\000"
 1497      5F746162 
 1497      6C6500
 1498              	.LASF14:
 1499 0136 75696E74 		.ascii	"uint32\000"
 1499      333200
 1500              	.LASF0:
 1501 013d 756E7369 		.ascii	"unsigned int\000"
 1501      676E6564 
 1501      20696E74 
 1501      00
 1502              	.LASF41:
 1503 014a 63796669 		.ascii	"cyfitter_cfg\000"
 1503      74746572 
 1503      5F636667 
 1503      00
 1504              	.LASF32:
 1505 0157 61646472 		.ascii	"address\000"
 1505      65737300 
 1506              	.LASF8:
 1507 015f 6C6F6E67 		.ascii	"long long unsigned int\000"
 1507      206C6F6E 
 1507      6720756E 
 1507      7369676E 
 1507      65642069 
 1508              	.LASF19:
 1509 0176 63796973 		.ascii	"cyisraddress\000"
 1509      72616464 
 1509      72657373 
 1509      00
ARM GAS  C:\Users\Chris\AppData\Local\Temp\ccL2HORl.s 			page 35


 1510              	.LASF34:
 1511 0183 6366675F 		.ascii	"cfg_memset_t\000"
 1511      6D656D73 
 1511      65745F74 
 1511      00
 1512              	.LASF25:
 1513 0190 62617365 		.ascii	"baseAddr\000"
 1513      41646472 
 1513      00
 1514              	.LASF9:
 1515 0199 73697A65 		.ascii	"sizetype\000"
 1515      74797065 
 1515      00
 1516              	.LASF39:
 1517 01a2 2E5C4765 		.ascii	".\\Generated_Source\\PSoC4\\cyfitter_cfg.c\000"
 1517      6E657261 
 1517      7465645F 
 1517      536F7572 
 1517      63655C50 
 1518              	.LASF7:
 1519 01ca 6C6F6E67 		.ascii	"long long int\000"
 1519      206C6F6E 
 1519      6720696E 
 1519      7400
 1520              	.LASF10:
 1521 01d8 63686172 		.ascii	"char\000"
 1521      00
 1522              	.LASF38:
 1523 01dd 474E5520 		.ascii	"GNU C 4.9.3 20150303 (release) [ARM/embedded-4_9-br"
 1523      4320342E 
 1523      392E3320 
 1523      32303135 
 1523      30333033 
 1524 0210 616E6368 		.ascii	"anch revision 221220] -mcpu=cortex-m0 -mthumb -g -O"
 1524      20726576 
 1524      6973696F 
 1524      6E203232 
 1524      31323230 
 1525 0243 67202D66 		.ascii	"g -ffunction-sections -ffat-lto-objects\000"
 1525      66756E63 
 1525      74696F6E 
 1525      2D736563 
 1525      74696F6E 
 1526              	.LASF20:
 1527 026b 6F666673 		.ascii	"offset\000"
 1527      657400
 1528              	.LASF3:
 1529 0272 73686F72 		.ascii	"short int\000"
 1529      7420696E 
 1529      7400
 1530              	.LASF37:
 1531 027c 43795379 		.ascii	"CySysClkWriteImoFreq\000"
 1531      73436C6B 
 1531      57726974 
 1531      65496D6F 
 1531      46726571 
 1532              	.LASF5:
ARM GAS  C:\Users\Chris\AppData\Local\Temp\ccL2HORl.s 			page 36


 1533 0291 6C6F6E67 		.ascii	"long int\000"
 1533      20696E74 
 1533      00
 1534              	.LASF1:
 1535 029a 7369676E 		.ascii	"signed char\000"
 1535      65642063 
 1535      68617200 
 1536              	.LASF4:
 1537 02a6 73686F72 		.ascii	"short unsigned int\000"
 1537      7420756E 
 1537      7369676E 
 1537      65642069 
 1537      6E7400
 1538              		.ident	"GCC: (GNU Tools for ARM Embedded Processors) 4.9.3 20150303 (release) [ARM/embedded-4_9-br
