ARM GAS  C:\Users\Chris\AppData\Local\Temp\ccx1j6Ma.s 			page 1


   1              		.cpu cortex-m0
   2              		.fpu softvfp
   3              		.eabi_attribute 20, 1
   4              		.eabi_attribute 21, 1
   5              		.eabi_attribute 23, 3
   6              		.eabi_attribute 24, 1
   7              		.eabi_attribute 25, 1
   8              		.eabi_attribute 26, 1
   9              		.eabi_attribute 30, 1
  10              		.eabi_attribute 34, 0
  11              		.eabi_attribute 18, 4
  12              		.code	16
  13              		.file	"main.c"
  14              		.text
  15              	.Ltext0:
  16              		.cfi_sections	.debug_frame
  17              		.section	.text.Counter_Int_Handler,"ax",%progbits
  18              		.align	2
  19              		.global	Counter_Int_Handler
  20              		.code	16
  21              		.thumb_func
  22              		.type	Counter_Int_Handler, %function
  23              	Counter_Int_Handler:
  24              	.LFB34:
  25              		.file 1 ".\\main.c"
   1:.\main.c      **** /* ========================================
   2:.\main.c      ****  *
   3:.\main.c      ****  * Copyright YOUR COMPANY, THE YEAR
   4:.\main.c      ****  * All Rights Reserved
   5:.\main.c      ****  * UNPUBLISHED, LICENSED SOFTWARE.
   6:.\main.c      ****  *
   7:.\main.c      ****  * CONFIDENTIAL AND PROPRIETARY INFORMATION
   8:.\main.c      ****  * WHICH IS THE PROPERTY OF your company.
   9:.\main.c      ****  *
  10:.\main.c      ****  * ========================================
  11:.\main.c      **** */
  12:.\main.c      **** #include <project.h>
  13:.\main.c      **** 
  14:.\main.c      **** CY_ISR(Counter_Int_Handler)
  15:.\main.c      **** {
  26              		.loc 1 15 0
  27              		.cfi_startproc
  28 0000 08B5     		push	{r3, lr}
  29              		.cfi_def_cfa_offset 8
  30              		.cfi_offset 3, -8
  31              		.cfi_offset 14, -4
  16:.\main.c      ****     Pin_Green_Write(~ Pin_Green_Read());
  32              		.loc 1 16 0
  33 0002 FFF7FEFF 		bl	Pin_Green_Read
  34              	.LVL0:
  35 0006 C043     		mvn	r0, r0
  36 0008 C0B2     		uxtb	r0, r0
  37 000a FFF7FEFF 		bl	Pin_Green_Write
  38              	.LVL1:
  17:.\main.c      ****     Counter_ClearInterrupt(Counter_INTR_MASK_TC);
  39              		.loc 1 17 0
  40 000e 0120     		mov	r0, #1
ARM GAS  C:\Users\Chris\AppData\Local\Temp\ccx1j6Ma.s 			page 2


  41 0010 FFF7FEFF 		bl	Counter_ClearInterrupt
  42              	.LVL2:
  18:.\main.c      **** }
  43              		.loc 1 18 0
  44              		@ sp needed
  45 0014 08BD     		pop	{r3, pc}
  46              		.cfi_endproc
  47              	.LFE34:
  48              		.size	Counter_Int_Handler, .-Counter_Int_Handler
  49 0016 C046     		.section	.text.main,"ax",%progbits
  50              		.align	2
  51              		.global	main
  52              		.code	16
  53              		.thumb_func
  54              		.type	main, %function
  55              	main:
  56              	.LFB35:
  19:.\main.c      **** 
  20:.\main.c      **** 
  21:.\main.c      **** 
  22:.\main.c      **** int main()
  23:.\main.c      **** {
  57              		.loc 1 23 0
  58              		.cfi_startproc
  59 0000 08B5     		push	{r3, lr}
  60              		.cfi_def_cfa_offset 8
  61              		.cfi_offset 3, -8
  62              		.cfi_offset 14, -4
  24:.\main.c      ****     CyGlobalIntEnable; /* Enable global interrupts. */
  63              		.loc 1 24 0
  64              	@ 24 ".\main.c" 1
  65 0002 62B6     		CPSIE   i
  66              	@ 0 "" 2
  25:.\main.c      ****     Counter_Start();
  67              		.loc 1 25 0
  68              		.code	16
  69 0004 FFF7FEFF 		bl	Counter_Start
  70              	.LVL3:
  26:.\main.c      ****     Counter_Int_StartEx( Counter_Int_Handler );
  71              		.loc 1 26 0
  72 0008 0148     		ldr	r0, .L4
  73 000a FFF7FEFF 		bl	Counter_Int_StartEx
  74              	.LVL4:
  75              	.L3:
  27:.\main.c      ****     for(;;)
  28:.\main.c      ****     {
  29:.\main.c      ****         /* No code */
  30:.\main.c      ****     }
  76              		.loc 1 30 0 discriminator 1
  77 000e FEE7     		b	.L3
  78              	.L5:
  79              		.align	2
  80              	.L4:
  81 0010 00000000 		.word	Counter_Int_Handler
  82              		.cfi_endproc
  83              	.LFE35:
  84              		.size	main, .-main
ARM GAS  C:\Users\Chris\AppData\Local\Temp\ccx1j6Ma.s 			page 3


  85              		.text
  86              	.Letext0:
  87              		.file 2 "Generated_Source\\PSoC4/cytypes.h"
  88              		.file 3 "Generated_Source\\PSoC4/Pin_Green.h"
  89              		.file 4 "Generated_Source\\PSoC4/Counter.h"
  90              		.file 5 "Generated_Source\\PSoC4/Counter_Int.h"
  91              		.section	.debug_info,"",%progbits
  92              	.Ldebug_info0:
  93 0000 5F010000 		.4byte	0x15f
  94 0004 0400     		.2byte	0x4
  95 0006 00000000 		.4byte	.Ldebug_abbrev0
  96 000a 04       		.byte	0x4
  97 000b 01       		.uleb128 0x1
  98 000c 47010000 		.4byte	.LASF20
  99 0010 01       		.byte	0x1
 100 0011 D5010000 		.4byte	.LASF21
 101 0015 F5000000 		.4byte	.LASF22
 102 0019 00000000 		.4byte	.Ldebug_ranges0+0
 103 001d 00000000 		.4byte	0
 104 0021 00000000 		.4byte	.Ldebug_line0
 105 0025 02       		.uleb128 0x2
 106 0026 01       		.byte	0x1
 107 0027 06       		.byte	0x6
 108 0028 3B010000 		.4byte	.LASF0
 109 002c 02       		.uleb128 0x2
 110 002d 01       		.byte	0x1
 111 002e 08       		.byte	0x8
 112 002f 9E000000 		.4byte	.LASF1
 113 0033 02       		.uleb128 0x2
 114 0034 02       		.byte	0x2
 115 0035 05       		.byte	0x5
 116 0036 D5000000 		.4byte	.LASF2
 117 003a 02       		.uleb128 0x2
 118 003b 02       		.byte	0x2
 119 003c 07       		.byte	0x7
 120 003d 28010000 		.4byte	.LASF3
 121 0041 02       		.uleb128 0x2
 122 0042 04       		.byte	0x4
 123 0043 05       		.byte	0x5
 124 0044 BF000000 		.4byte	.LASF4
 125 0048 02       		.uleb128 0x2
 126 0049 04       		.byte	0x4
 127 004a 07       		.byte	0x7
 128 004b 44000000 		.4byte	.LASF5
 129 004f 02       		.uleb128 0x2
 130 0050 08       		.byte	0x8
 131 0051 05       		.byte	0x5
 132 0052 00000000 		.4byte	.LASF6
 133 0056 02       		.uleb128 0x2
 134 0057 08       		.byte	0x8
 135 0058 07       		.byte	0x7
 136 0059 56000000 		.4byte	.LASF7
 137 005d 03       		.uleb128 0x3
 138 005e 04       		.byte	0x4
 139 005f 05       		.byte	0x5
 140 0060 696E7400 		.ascii	"int\000"
 141 0064 02       		.uleb128 0x2
ARM GAS  C:\Users\Chris\AppData\Local\Temp\ccx1j6Ma.s 			page 4


 142 0065 04       		.byte	0x4
 143 0066 07       		.byte	0x7
 144 0067 DE010000 		.4byte	.LASF8
 145 006b 04       		.uleb128 0x4
 146 006c 3E000000 		.4byte	.LASF9
 147 0070 02       		.byte	0x2
 148 0071 9801     		.2byte	0x198
 149 0073 2C000000 		.4byte	0x2c
 150 0077 04       		.uleb128 0x4
 151 0078 0E000000 		.4byte	.LASF10
 152 007c 02       		.byte	0x2
 153 007d 9A01     		.2byte	0x19a
 154 007f 48000000 		.4byte	0x48
 155 0083 02       		.uleb128 0x2
 156 0084 04       		.byte	0x4
 157 0085 04       		.byte	0x4
 158 0086 81000000 		.4byte	.LASF11
 159 008a 02       		.uleb128 0x2
 160 008b 08       		.byte	0x8
 161 008c 04       		.byte	0x4
 162 008d EE000000 		.4byte	.LASF12
 163 0091 02       		.uleb128 0x2
 164 0092 01       		.byte	0x1
 165 0093 08       		.byte	0x8
 166 0094 BA000000 		.4byte	.LASF13
 167 0098 04       		.uleb128 0x4
 168 0099 C8000000 		.4byte	.LASF14
 169 009d 02       		.byte	0x2
 170 009e 5402     		.2byte	0x254
 171 00a0 A4000000 		.4byte	0xa4
 172 00a4 05       		.uleb128 0x5
 173 00a5 04       		.byte	0x4
 174 00a6 AA000000 		.4byte	0xaa
 175 00aa 06       		.uleb128 0x6
 176 00ab 02       		.uleb128 0x2
 177 00ac 04       		.byte	0x4
 178 00ad 07       		.byte	0x7
 179 00ae EB010000 		.4byte	.LASF15
 180 00b2 07       		.uleb128 0x7
 181 00b3 6D000000 		.4byte	.LASF16
 182 00b7 01       		.byte	0x1
 183 00b8 0E       		.byte	0xe
 184 00b9 00000000 		.4byte	.LFB34
 185 00bd 16000000 		.4byte	.LFE34-.LFB34
 186 00c1 01       		.uleb128 0x1
 187 00c2 9C       		.byte	0x9c
 188 00c3 E9000000 		.4byte	0xe9
 189 00c7 08       		.uleb128 0x8
 190 00c8 06000000 		.4byte	.LVL0
 191 00cc 1F010000 		.4byte	0x11f
 192 00d0 08       		.uleb128 0x8
 193 00d1 0E000000 		.4byte	.LVL1
 194 00d5 2A010000 		.4byte	0x12a
 195 00d9 09       		.uleb128 0x9
 196 00da 14000000 		.4byte	.LVL2
 197 00de 3B010000 		.4byte	0x13b
 198 00e2 0A       		.uleb128 0xa
ARM GAS  C:\Users\Chris\AppData\Local\Temp\ccx1j6Ma.s 			page 5


 199 00e3 01       		.uleb128 0x1
 200 00e4 50       		.byte	0x50
 201 00e5 01       		.uleb128 0x1
 202 00e6 31       		.byte	0x31
 203 00e7 00       		.byte	0
 204 00e8 00       		.byte	0
 205 00e9 0B       		.uleb128 0xb
 206 00ea 39000000 		.4byte	.LASF17
 207 00ee 01       		.byte	0x1
 208 00ef 16       		.byte	0x16
 209 00f0 5D000000 		.4byte	0x5d
 210 00f4 00000000 		.4byte	.LFB35
 211 00f8 14000000 		.4byte	.LFE35-.LFB35
 212 00fc 01       		.uleb128 0x1
 213 00fd 9C       		.byte	0x9c
 214 00fe 1F010000 		.4byte	0x11f
 215 0102 08       		.uleb128 0x8
 216 0103 08000000 		.4byte	.LVL3
 217 0107 4D010000 		.4byte	0x14d
 218 010b 09       		.uleb128 0x9
 219 010c 0E000000 		.4byte	.LVL4
 220 0110 55010000 		.4byte	0x155
 221 0114 0A       		.uleb128 0xa
 222 0115 01       		.uleb128 0x1
 223 0116 50       		.byte	0x50
 224 0117 05       		.uleb128 0x5
 225 0118 03       		.byte	0x3
 226 0119 00000000 		.4byte	Counter_Int_Handler
 227 011d 00       		.byte	0
 228 011e 00       		.byte	0
 229 011f 0C       		.uleb128 0xc
 230 0120 DF000000 		.4byte	.LASF23
 231 0124 03       		.byte	0x3
 232 0125 32       		.byte	0x32
 233 0126 6B000000 		.4byte	0x6b
 234 012a 0D       		.uleb128 0xd
 235 012b 15000000 		.4byte	.LASF18
 236 012f 03       		.byte	0x3
 237 0130 33       		.byte	0x33
 238 0131 3B010000 		.4byte	0x13b
 239 0135 0E       		.uleb128 0xe
 240 0136 6B000000 		.4byte	0x6b
 241 013a 00       		.byte	0
 242 013b 0F       		.uleb128 0xf
 243 013c 87000000 		.4byte	.LASF19
 244 0140 04       		.byte	0x4
 245 0141 4701     		.2byte	0x147
 246 0143 4D010000 		.4byte	0x14d
 247 0147 0E       		.uleb128 0xe
 248 0148 77000000 		.4byte	0x77
 249 014c 00       		.byte	0
 250 014d 10       		.uleb128 0x10
 251 014e AC000000 		.4byte	.LASF24
 252 0152 04       		.byte	0x4
 253 0153 3201     		.2byte	0x132
 254 0155 11       		.uleb128 0x11
 255 0156 25000000 		.4byte	.LASF25
ARM GAS  C:\Users\Chris\AppData\Local\Temp\ccx1j6Ma.s 			page 6


 256 015a 05       		.byte	0x5
 257 015b 18       		.byte	0x18
 258 015c 0E       		.uleb128 0xe
 259 015d 98000000 		.4byte	0x98
 260 0161 00       		.byte	0
 261 0162 00       		.byte	0
 262              		.section	.debug_abbrev,"",%progbits
 263              	.Ldebug_abbrev0:
 264 0000 01       		.uleb128 0x1
 265 0001 11       		.uleb128 0x11
 266 0002 01       		.byte	0x1
 267 0003 25       		.uleb128 0x25
 268 0004 0E       		.uleb128 0xe
 269 0005 13       		.uleb128 0x13
 270 0006 0B       		.uleb128 0xb
 271 0007 03       		.uleb128 0x3
 272 0008 0E       		.uleb128 0xe
 273 0009 1B       		.uleb128 0x1b
 274 000a 0E       		.uleb128 0xe
 275 000b 55       		.uleb128 0x55
 276 000c 17       		.uleb128 0x17
 277 000d 11       		.uleb128 0x11
 278 000e 01       		.uleb128 0x1
 279 000f 10       		.uleb128 0x10
 280 0010 17       		.uleb128 0x17
 281 0011 00       		.byte	0
 282 0012 00       		.byte	0
 283 0013 02       		.uleb128 0x2
 284 0014 24       		.uleb128 0x24
 285 0015 00       		.byte	0
 286 0016 0B       		.uleb128 0xb
 287 0017 0B       		.uleb128 0xb
 288 0018 3E       		.uleb128 0x3e
 289 0019 0B       		.uleb128 0xb
 290 001a 03       		.uleb128 0x3
 291 001b 0E       		.uleb128 0xe
 292 001c 00       		.byte	0
 293 001d 00       		.byte	0
 294 001e 03       		.uleb128 0x3
 295 001f 24       		.uleb128 0x24
 296 0020 00       		.byte	0
 297 0021 0B       		.uleb128 0xb
 298 0022 0B       		.uleb128 0xb
 299 0023 3E       		.uleb128 0x3e
 300 0024 0B       		.uleb128 0xb
 301 0025 03       		.uleb128 0x3
 302 0026 08       		.uleb128 0x8
 303 0027 00       		.byte	0
 304 0028 00       		.byte	0
 305 0029 04       		.uleb128 0x4
 306 002a 16       		.uleb128 0x16
 307 002b 00       		.byte	0
 308 002c 03       		.uleb128 0x3
 309 002d 0E       		.uleb128 0xe
 310 002e 3A       		.uleb128 0x3a
 311 002f 0B       		.uleb128 0xb
 312 0030 3B       		.uleb128 0x3b
ARM GAS  C:\Users\Chris\AppData\Local\Temp\ccx1j6Ma.s 			page 7


 313 0031 05       		.uleb128 0x5
 314 0032 49       		.uleb128 0x49
 315 0033 13       		.uleb128 0x13
 316 0034 00       		.byte	0
 317 0035 00       		.byte	0
 318 0036 05       		.uleb128 0x5
 319 0037 0F       		.uleb128 0xf
 320 0038 00       		.byte	0
 321 0039 0B       		.uleb128 0xb
 322 003a 0B       		.uleb128 0xb
 323 003b 49       		.uleb128 0x49
 324 003c 13       		.uleb128 0x13
 325 003d 00       		.byte	0
 326 003e 00       		.byte	0
 327 003f 06       		.uleb128 0x6
 328 0040 15       		.uleb128 0x15
 329 0041 00       		.byte	0
 330 0042 27       		.uleb128 0x27
 331 0043 19       		.uleb128 0x19
 332 0044 00       		.byte	0
 333 0045 00       		.byte	0
 334 0046 07       		.uleb128 0x7
 335 0047 2E       		.uleb128 0x2e
 336 0048 01       		.byte	0x1
 337 0049 3F       		.uleb128 0x3f
 338 004a 19       		.uleb128 0x19
 339 004b 03       		.uleb128 0x3
 340 004c 0E       		.uleb128 0xe
 341 004d 3A       		.uleb128 0x3a
 342 004e 0B       		.uleb128 0xb
 343 004f 3B       		.uleb128 0x3b
 344 0050 0B       		.uleb128 0xb
 345 0051 27       		.uleb128 0x27
 346 0052 19       		.uleb128 0x19
 347 0053 11       		.uleb128 0x11
 348 0054 01       		.uleb128 0x1
 349 0055 12       		.uleb128 0x12
 350 0056 06       		.uleb128 0x6
 351 0057 40       		.uleb128 0x40
 352 0058 18       		.uleb128 0x18
 353 0059 9742     		.uleb128 0x2117
 354 005b 19       		.uleb128 0x19
 355 005c 01       		.uleb128 0x1
 356 005d 13       		.uleb128 0x13
 357 005e 00       		.byte	0
 358 005f 00       		.byte	0
 359 0060 08       		.uleb128 0x8
 360 0061 898201   		.uleb128 0x4109
 361 0064 00       		.byte	0
 362 0065 11       		.uleb128 0x11
 363 0066 01       		.uleb128 0x1
 364 0067 31       		.uleb128 0x31
 365 0068 13       		.uleb128 0x13
 366 0069 00       		.byte	0
 367 006a 00       		.byte	0
 368 006b 09       		.uleb128 0x9
 369 006c 898201   		.uleb128 0x4109
ARM GAS  C:\Users\Chris\AppData\Local\Temp\ccx1j6Ma.s 			page 8


 370 006f 01       		.byte	0x1
 371 0070 11       		.uleb128 0x11
 372 0071 01       		.uleb128 0x1
 373 0072 31       		.uleb128 0x31
 374 0073 13       		.uleb128 0x13
 375 0074 00       		.byte	0
 376 0075 00       		.byte	0
 377 0076 0A       		.uleb128 0xa
 378 0077 8A8201   		.uleb128 0x410a
 379 007a 00       		.byte	0
 380 007b 02       		.uleb128 0x2
 381 007c 18       		.uleb128 0x18
 382 007d 9142     		.uleb128 0x2111
 383 007f 18       		.uleb128 0x18
 384 0080 00       		.byte	0
 385 0081 00       		.byte	0
 386 0082 0B       		.uleb128 0xb
 387 0083 2E       		.uleb128 0x2e
 388 0084 01       		.byte	0x1
 389 0085 3F       		.uleb128 0x3f
 390 0086 19       		.uleb128 0x19
 391 0087 03       		.uleb128 0x3
 392 0088 0E       		.uleb128 0xe
 393 0089 3A       		.uleb128 0x3a
 394 008a 0B       		.uleb128 0xb
 395 008b 3B       		.uleb128 0x3b
 396 008c 0B       		.uleb128 0xb
 397 008d 49       		.uleb128 0x49
 398 008e 13       		.uleb128 0x13
 399 008f 11       		.uleb128 0x11
 400 0090 01       		.uleb128 0x1
 401 0091 12       		.uleb128 0x12
 402 0092 06       		.uleb128 0x6
 403 0093 40       		.uleb128 0x40
 404 0094 18       		.uleb128 0x18
 405 0095 9742     		.uleb128 0x2117
 406 0097 19       		.uleb128 0x19
 407 0098 01       		.uleb128 0x1
 408 0099 13       		.uleb128 0x13
 409 009a 00       		.byte	0
 410 009b 00       		.byte	0
 411 009c 0C       		.uleb128 0xc
 412 009d 2E       		.uleb128 0x2e
 413 009e 00       		.byte	0
 414 009f 3F       		.uleb128 0x3f
 415 00a0 19       		.uleb128 0x19
 416 00a1 03       		.uleb128 0x3
 417 00a2 0E       		.uleb128 0xe
 418 00a3 3A       		.uleb128 0x3a
 419 00a4 0B       		.uleb128 0xb
 420 00a5 3B       		.uleb128 0x3b
 421 00a6 0B       		.uleb128 0xb
 422 00a7 27       		.uleb128 0x27
 423 00a8 19       		.uleb128 0x19
 424 00a9 49       		.uleb128 0x49
 425 00aa 13       		.uleb128 0x13
 426 00ab 3C       		.uleb128 0x3c
ARM GAS  C:\Users\Chris\AppData\Local\Temp\ccx1j6Ma.s 			page 9


 427 00ac 19       		.uleb128 0x19
 428 00ad 00       		.byte	0
 429 00ae 00       		.byte	0
 430 00af 0D       		.uleb128 0xd
 431 00b0 2E       		.uleb128 0x2e
 432 00b1 01       		.byte	0x1
 433 00b2 3F       		.uleb128 0x3f
 434 00b3 19       		.uleb128 0x19
 435 00b4 03       		.uleb128 0x3
 436 00b5 0E       		.uleb128 0xe
 437 00b6 3A       		.uleb128 0x3a
 438 00b7 0B       		.uleb128 0xb
 439 00b8 3B       		.uleb128 0x3b
 440 00b9 0B       		.uleb128 0xb
 441 00ba 27       		.uleb128 0x27
 442 00bb 19       		.uleb128 0x19
 443 00bc 3C       		.uleb128 0x3c
 444 00bd 19       		.uleb128 0x19
 445 00be 01       		.uleb128 0x1
 446 00bf 13       		.uleb128 0x13
 447 00c0 00       		.byte	0
 448 00c1 00       		.byte	0
 449 00c2 0E       		.uleb128 0xe
 450 00c3 05       		.uleb128 0x5
 451 00c4 00       		.byte	0
 452 00c5 49       		.uleb128 0x49
 453 00c6 13       		.uleb128 0x13
 454 00c7 00       		.byte	0
 455 00c8 00       		.byte	0
 456 00c9 0F       		.uleb128 0xf
 457 00ca 2E       		.uleb128 0x2e
 458 00cb 01       		.byte	0x1
 459 00cc 3F       		.uleb128 0x3f
 460 00cd 19       		.uleb128 0x19
 461 00ce 03       		.uleb128 0x3
 462 00cf 0E       		.uleb128 0xe
 463 00d0 3A       		.uleb128 0x3a
 464 00d1 0B       		.uleb128 0xb
 465 00d2 3B       		.uleb128 0x3b
 466 00d3 05       		.uleb128 0x5
 467 00d4 27       		.uleb128 0x27
 468 00d5 19       		.uleb128 0x19
 469 00d6 3C       		.uleb128 0x3c
 470 00d7 19       		.uleb128 0x19
 471 00d8 01       		.uleb128 0x1
 472 00d9 13       		.uleb128 0x13
 473 00da 00       		.byte	0
 474 00db 00       		.byte	0
 475 00dc 10       		.uleb128 0x10
 476 00dd 2E       		.uleb128 0x2e
 477 00de 00       		.byte	0
 478 00df 3F       		.uleb128 0x3f
 479 00e0 19       		.uleb128 0x19
 480 00e1 03       		.uleb128 0x3
 481 00e2 0E       		.uleb128 0xe
 482 00e3 3A       		.uleb128 0x3a
 483 00e4 0B       		.uleb128 0xb
ARM GAS  C:\Users\Chris\AppData\Local\Temp\ccx1j6Ma.s 			page 10


 484 00e5 3B       		.uleb128 0x3b
 485 00e6 05       		.uleb128 0x5
 486 00e7 27       		.uleb128 0x27
 487 00e8 19       		.uleb128 0x19
 488 00e9 3C       		.uleb128 0x3c
 489 00ea 19       		.uleb128 0x19
 490 00eb 00       		.byte	0
 491 00ec 00       		.byte	0
 492 00ed 11       		.uleb128 0x11
 493 00ee 2E       		.uleb128 0x2e
 494 00ef 01       		.byte	0x1
 495 00f0 3F       		.uleb128 0x3f
 496 00f1 19       		.uleb128 0x19
 497 00f2 03       		.uleb128 0x3
 498 00f3 0E       		.uleb128 0xe
 499 00f4 3A       		.uleb128 0x3a
 500 00f5 0B       		.uleb128 0xb
 501 00f6 3B       		.uleb128 0x3b
 502 00f7 0B       		.uleb128 0xb
 503 00f8 27       		.uleb128 0x27
 504 00f9 19       		.uleb128 0x19
 505 00fa 3C       		.uleb128 0x3c
 506 00fb 19       		.uleb128 0x19
 507 00fc 00       		.byte	0
 508 00fd 00       		.byte	0
 509 00fe 00       		.byte	0
 510              		.section	.debug_aranges,"",%progbits
 511 0000 24000000 		.4byte	0x24
 512 0004 0200     		.2byte	0x2
 513 0006 00000000 		.4byte	.Ldebug_info0
 514 000a 04       		.byte	0x4
 515 000b 00       		.byte	0
 516 000c 0000     		.2byte	0
 517 000e 0000     		.2byte	0
 518 0010 00000000 		.4byte	.LFB34
 519 0014 16000000 		.4byte	.LFE34-.LFB34
 520 0018 00000000 		.4byte	.LFB35
 521 001c 14000000 		.4byte	.LFE35-.LFB35
 522 0020 00000000 		.4byte	0
 523 0024 00000000 		.4byte	0
 524              		.section	.debug_ranges,"",%progbits
 525              	.Ldebug_ranges0:
 526 0000 00000000 		.4byte	.LFB34
 527 0004 16000000 		.4byte	.LFE34
 528 0008 00000000 		.4byte	.LFB35
 529 000c 14000000 		.4byte	.LFE35
 530 0010 00000000 		.4byte	0
 531 0014 00000000 		.4byte	0
 532              		.section	.debug_line,"",%progbits
 533              	.Ldebug_line0:
 534 0000 9F000000 		.section	.debug_str,"MS",%progbits,1
 534      02007000 
 534      00000201 
 534      FB0E0D00 
 534      01010101 
 535              	.LASF6:
 536 0000 6C6F6E67 		.ascii	"long long int\000"
ARM GAS  C:\Users\Chris\AppData\Local\Temp\ccx1j6Ma.s 			page 11


 536      206C6F6E 
 536      6720696E 
 536      7400
 537              	.LASF10:
 538 000e 75696E74 		.ascii	"uint32\000"
 538      333200
 539              	.LASF18:
 540 0015 50696E5F 		.ascii	"Pin_Green_Write\000"
 540      47726565 
 540      6E5F5772 
 540      69746500 
 541              	.LASF25:
 542 0025 436F756E 		.ascii	"Counter_Int_StartEx\000"
 542      7465725F 
 542      496E745F 
 542      53746172 
 542      74457800 
 543              	.LASF17:
 544 0039 6D61696E 		.ascii	"main\000"
 544      00
 545              	.LASF9:
 546 003e 75696E74 		.ascii	"uint8\000"
 546      3800
 547              	.LASF5:
 548 0044 6C6F6E67 		.ascii	"long unsigned int\000"
 548      20756E73 
 548      69676E65 
 548      6420696E 
 548      7400
 549              	.LASF7:
 550 0056 6C6F6E67 		.ascii	"long long unsigned int\000"
 550      206C6F6E 
 550      6720756E 
 550      7369676E 
 550      65642069 
 551              	.LASF16:
 552 006d 436F756E 		.ascii	"Counter_Int_Handler\000"
 552      7465725F 
 552      496E745F 
 552      48616E64 
 552      6C657200 
 553              	.LASF11:
 554 0081 666C6F61 		.ascii	"float\000"
 554      7400
 555              	.LASF19:
 556 0087 436F756E 		.ascii	"Counter_ClearInterrupt\000"
 556      7465725F 
 556      436C6561 
 556      72496E74 
 556      65727275 
 557              	.LASF1:
 558 009e 756E7369 		.ascii	"unsigned char\000"
 558      676E6564 
 558      20636861 
 558      7200
 559              	.LASF24:
 560 00ac 436F756E 		.ascii	"Counter_Start\000"
ARM GAS  C:\Users\Chris\AppData\Local\Temp\ccx1j6Ma.s 			page 12


 560      7465725F 
 560      53746172 
 560      7400
 561              	.LASF13:
 562 00ba 63686172 		.ascii	"char\000"
 562      00
 563              	.LASF4:
 564 00bf 6C6F6E67 		.ascii	"long int\000"
 564      20696E74 
 564      00
 565              	.LASF14:
 566 00c8 63796973 		.ascii	"cyisraddress\000"
 566      72616464 
 566      72657373 
 566      00
 567              	.LASF2:
 568 00d5 73686F72 		.ascii	"short int\000"
 568      7420696E 
 568      7400
 569              	.LASF23:
 570 00df 50696E5F 		.ascii	"Pin_Green_Read\000"
 570      47726565 
 570      6E5F5265 
 570      616400
 571              	.LASF12:
 572 00ee 646F7562 		.ascii	"double\000"
 572      6C6500
 573              	.LASF22:
 574 00f5 433A5C55 		.ascii	"C:\\Users\\Chris\\Desktop\\ECEC 304\\Labs\\Lesson7."
 574      73657273 
 574      5C436872 
 574      69735C44 
 574      65736B74 
 575 0122 63796473 		.ascii	"cydsn\000"
 575      6E00
 576              	.LASF3:
 577 0128 73686F72 		.ascii	"short unsigned int\000"
 577      7420756E 
 577      7369676E 
 577      65642069 
 577      6E7400
 578              	.LASF0:
 579 013b 7369676E 		.ascii	"signed char\000"
 579      65642063 
 579      68617200 
 580              	.LASF20:
 581 0147 474E5520 		.ascii	"GNU C 4.9.3 20150303 (release) [ARM/embedded-4_9-br"
 581      4320342E 
 581      392E3320 
 581      32303135 
 581      30333033 
 582 017a 616E6368 		.ascii	"anch revision 221220] -mcpu=cortex-m0 -mthumb -g -O"
 582      20726576 
 582      6973696F 
 582      6E203232 
 582      31323230 
 583 01ad 67202D66 		.ascii	"g -ffunction-sections -ffat-lto-objects\000"
ARM GAS  C:\Users\Chris\AppData\Local\Temp\ccx1j6Ma.s 			page 13


 583      66756E63 
 583      74696F6E 
 583      2D736563 
 583      74696F6E 
 584              	.LASF21:
 585 01d5 2E5C6D61 		.ascii	".\\main.c\000"
 585      696E2E63 
 585      00
 586              	.LASF8:
 587 01de 756E7369 		.ascii	"unsigned int\000"
 587      676E6564 
 587      20696E74 
 587      00
 588              	.LASF15:
 589 01eb 73697A65 		.ascii	"sizetype\000"
 589      74797065 
 589      00
 590              		.ident	"GCC: (GNU Tools for ARM Embedded Processors) 4.9.3 20150303 (release) [ARM/embedded-4_9-br
