ARM GAS  C:\Users\Chris\AppData\Local\Temp\ccLkkwEa.s 			page 1


   1              		.cpu cortex-m0
   2              		.fpu softvfp
   3              		.eabi_attribute 20, 1
   4              		.eabi_attribute 21, 1
   5              		.eabi_attribute 23, 3
   6              		.eabi_attribute 24, 1
   7              		.eabi_attribute 25, 1
   8              		.eabi_attribute 26, 1
   9              		.eabi_attribute 30, 1
  10              		.eabi_attribute 34, 0
  11              		.eabi_attribute 18, 4
  12              		.code	16
  13              		.file	"cyfitter_cfg.c"
  14              		.text
  15              	.Ltext0:
  16              		.cfi_sections	.debug_frame
  17              		.section	.text.CYMEMZERO,"ax",%progbits
  18              		.align	2
  19              		.code	16
  20              		.thumb_func
  21              		.type	CYMEMZERO, %function
  22              	CYMEMZERO:
  23              	.LFB0:
  24              		.file 1 ".\\Generated_Source\\PSoC4\\cyfitter_cfg.c"
   1:.\Generated_Source\PSoC4/cyfitter_cfg.c **** /*******************************************************************************
   2:.\Generated_Source\PSoC4/cyfitter_cfg.c **** * File Name: cyfitter_cfg.c
   3:.\Generated_Source\PSoC4/cyfitter_cfg.c **** * 
   4:.\Generated_Source\PSoC4/cyfitter_cfg.c **** * PSoC Creator  3.3 CP3
   5:.\Generated_Source\PSoC4/cyfitter_cfg.c **** *
   6:.\Generated_Source\PSoC4/cyfitter_cfg.c **** * Description:
   7:.\Generated_Source\PSoC4/cyfitter_cfg.c **** * This file contains device initialization code.
   8:.\Generated_Source\PSoC4/cyfitter_cfg.c **** * Except for the user defined sections in CyClockStartupError(), this file should not be modified.
   9:.\Generated_Source\PSoC4/cyfitter_cfg.c **** * This file is automatically generated by PSoC Creator.
  10:.\Generated_Source\PSoC4/cyfitter_cfg.c **** *
  11:.\Generated_Source\PSoC4/cyfitter_cfg.c **** ********************************************************************************
  12:.\Generated_Source\PSoC4/cyfitter_cfg.c **** * Copyright (c) 2007-2016 Cypress Semiconductor.  All rights reserved.
  13:.\Generated_Source\PSoC4/cyfitter_cfg.c **** * You may use this file only in accordance with the license, terms, conditions, 
  14:.\Generated_Source\PSoC4/cyfitter_cfg.c **** * disclaimers, and limitations in the end user license agreement accompanying 
  15:.\Generated_Source\PSoC4/cyfitter_cfg.c **** * the software package with which this file was provided.
  16:.\Generated_Source\PSoC4/cyfitter_cfg.c **** ********************************************************************************/
  17:.\Generated_Source\PSoC4/cyfitter_cfg.c **** 
  18:.\Generated_Source\PSoC4/cyfitter_cfg.c **** #include <string.h>
  19:.\Generated_Source\PSoC4/cyfitter_cfg.c **** #include "cytypes.h"
  20:.\Generated_Source\PSoC4/cyfitter_cfg.c **** #include "cydevice_trm.h"
  21:.\Generated_Source\PSoC4/cyfitter_cfg.c **** #include "cyfitter.h"
  22:.\Generated_Source\PSoC4/cyfitter_cfg.c **** #include "CyLib.h"
  23:.\Generated_Source\PSoC4/cyfitter_cfg.c **** #include "CyLFClk.h"
  24:.\Generated_Source\PSoC4/cyfitter_cfg.c **** #include "cyfitter_cfg.h"
  25:.\Generated_Source\PSoC4/cyfitter_cfg.c **** 
  26:.\Generated_Source\PSoC4/cyfitter_cfg.c **** 
  27:.\Generated_Source\PSoC4/cyfitter_cfg.c **** #if defined(__GNUC__) || defined(__ARMCC_VERSION)
  28:.\Generated_Source\PSoC4/cyfitter_cfg.c ****     #define CYPACKED 
  29:.\Generated_Source\PSoC4/cyfitter_cfg.c ****     #define CYPACKED_ATTR __attribute__ ((packed))
  30:.\Generated_Source\PSoC4/cyfitter_cfg.c ****     #define CYALIGNED __attribute__ ((aligned))
  31:.\Generated_Source\PSoC4/cyfitter_cfg.c ****     #define CY_CFG_UNUSED __attribute__ ((unused))
  32:.\Generated_Source\PSoC4/cyfitter_cfg.c ****     #ifndef CY_CFG_SECTION
  33:.\Generated_Source\PSoC4/cyfitter_cfg.c ****         #define CY_CFG_SECTION __attribute__ ((section(".psocinit")))
ARM GAS  C:\Users\Chris\AppData\Local\Temp\ccLkkwEa.s 			page 2


  34:.\Generated_Source\PSoC4/cyfitter_cfg.c ****     #endif
  35:.\Generated_Source\PSoC4/cyfitter_cfg.c ****     
  36:.\Generated_Source\PSoC4/cyfitter_cfg.c ****     #if defined(__ARMCC_VERSION)
  37:.\Generated_Source\PSoC4/cyfitter_cfg.c ****         #define CY_CFG_MEMORY_BARRIER() __memory_changed()
  38:.\Generated_Source\PSoC4/cyfitter_cfg.c ****     #else
  39:.\Generated_Source\PSoC4/cyfitter_cfg.c ****         #define CY_CFG_MEMORY_BARRIER() __sync_synchronize()
  40:.\Generated_Source\PSoC4/cyfitter_cfg.c ****     #endif
  41:.\Generated_Source\PSoC4/cyfitter_cfg.c ****     
  42:.\Generated_Source\PSoC4/cyfitter_cfg.c **** #elif defined(__ICCARM__)
  43:.\Generated_Source\PSoC4/cyfitter_cfg.c ****     #include <intrinsics.h>
  44:.\Generated_Source\PSoC4/cyfitter_cfg.c **** 
  45:.\Generated_Source\PSoC4/cyfitter_cfg.c ****     #define CYPACKED __packed
  46:.\Generated_Source\PSoC4/cyfitter_cfg.c ****     #define CYPACKED_ATTR 
  47:.\Generated_Source\PSoC4/cyfitter_cfg.c ****     #define CYALIGNED _Pragma("data_alignment=4")
  48:.\Generated_Source\PSoC4/cyfitter_cfg.c ****     #define CY_CFG_UNUSED _Pragma("diag_suppress=Pe177")
  49:.\Generated_Source\PSoC4/cyfitter_cfg.c ****     #define CY_CFG_SECTION _Pragma("location=\".psocinit\"")
  50:.\Generated_Source\PSoC4/cyfitter_cfg.c ****     
  51:.\Generated_Source\PSoC4/cyfitter_cfg.c ****     #define CY_CFG_MEMORY_BARRIER() __DMB()
  52:.\Generated_Source\PSoC4/cyfitter_cfg.c ****     
  53:.\Generated_Source\PSoC4/cyfitter_cfg.c **** #else
  54:.\Generated_Source\PSoC4/cyfitter_cfg.c ****     #error Unsupported toolchain
  55:.\Generated_Source\PSoC4/cyfitter_cfg.c **** #endif
  56:.\Generated_Source\PSoC4/cyfitter_cfg.c **** 
  57:.\Generated_Source\PSoC4/cyfitter_cfg.c **** 
  58:.\Generated_Source\PSoC4/cyfitter_cfg.c **** CY_CFG_UNUSED
  59:.\Generated_Source\PSoC4/cyfitter_cfg.c **** static void CYMEMZERO(void *s, size_t n);
  60:.\Generated_Source\PSoC4/cyfitter_cfg.c **** CY_CFG_UNUSED
  61:.\Generated_Source\PSoC4/cyfitter_cfg.c **** static void CYMEMZERO(void *s, size_t n)
  62:.\Generated_Source\PSoC4/cyfitter_cfg.c **** {
  25              		.loc 1 62 0
  26              		.cfi_startproc
  27              	.LVL0:
  28 0000 08B5     		push	{r3, lr}
  29              		.cfi_def_cfa_offset 8
  30              		.cfi_offset 3, -8
  31              		.cfi_offset 14, -4
  32 0002 0A1C     		mov	r2, r1
  63:.\Generated_Source\PSoC4/cyfitter_cfg.c **** 	(void)memset(s, 0, n);
  33              		.loc 1 63 0
  34 0004 0021     		mov	r1, #0
  35              	.LVL1:
  36 0006 FFF7FEFF 		bl	memset
  37              	.LVL2:
  64:.\Generated_Source\PSoC4/cyfitter_cfg.c **** }
  38              		.loc 1 64 0
  39              		@ sp needed
  40 000a 08BD     		pop	{r3, pc}
  41              		.cfi_endproc
  42              	.LFE0:
  43              		.size	CYMEMZERO, .-CYMEMZERO
  44              		.section	.psocinit,"ax",%progbits
  45              		.align	2
  46              		.code	16
  47              		.thumb_func
  48              		.type	ClockSetup, %function
  49              	ClockSetup:
  50              	.LFB3:
ARM GAS  C:\Users\Chris\AppData\Local\Temp\ccLkkwEa.s 			page 3


  65:.\Generated_Source\PSoC4/cyfitter_cfg.c **** CY_CFG_UNUSED
  66:.\Generated_Source\PSoC4/cyfitter_cfg.c **** static void CYCONFIGCPY(void *dest, const void *src, size_t n);
  67:.\Generated_Source\PSoC4/cyfitter_cfg.c **** CY_CFG_UNUSED
  68:.\Generated_Source\PSoC4/cyfitter_cfg.c **** static void CYCONFIGCPY(void *dest, const void *src, size_t n)
  69:.\Generated_Source\PSoC4/cyfitter_cfg.c **** {
  70:.\Generated_Source\PSoC4/cyfitter_cfg.c **** 	(void)memcpy(dest, src, n);
  71:.\Generated_Source\PSoC4/cyfitter_cfg.c **** }
  72:.\Generated_Source\PSoC4/cyfitter_cfg.c **** CY_CFG_UNUSED
  73:.\Generated_Source\PSoC4/cyfitter_cfg.c **** static void CYCONFIGCPYCODE(void *dest, const void *src, size_t n);
  74:.\Generated_Source\PSoC4/cyfitter_cfg.c **** CY_CFG_UNUSED
  75:.\Generated_Source\PSoC4/cyfitter_cfg.c **** static void CYCONFIGCPYCODE(void *dest, const void *src, size_t n)
  76:.\Generated_Source\PSoC4/cyfitter_cfg.c **** {
  77:.\Generated_Source\PSoC4/cyfitter_cfg.c **** 	(void)memcpy(dest, src, n);
  78:.\Generated_Source\PSoC4/cyfitter_cfg.c **** }
  79:.\Generated_Source\PSoC4/cyfitter_cfg.c **** 
  80:.\Generated_Source\PSoC4/cyfitter_cfg.c **** 
  81:.\Generated_Source\PSoC4/cyfitter_cfg.c **** 
  82:.\Generated_Source\PSoC4/cyfitter_cfg.c **** /* Clock startup error codes                                                   */
  83:.\Generated_Source\PSoC4/cyfitter_cfg.c **** #define CYCLOCKSTART_NO_ERROR    0u
  84:.\Generated_Source\PSoC4/cyfitter_cfg.c **** #define CYCLOCKSTART_XTAL_ERROR  1u
  85:.\Generated_Source\PSoC4/cyfitter_cfg.c **** #define CYCLOCKSTART_32KHZ_ERROR 2u
  86:.\Generated_Source\PSoC4/cyfitter_cfg.c **** #define CYCLOCKSTART_PLL_ERROR   3u
  87:.\Generated_Source\PSoC4/cyfitter_cfg.c **** 
  88:.\Generated_Source\PSoC4/cyfitter_cfg.c **** #ifdef CY_NEED_CYCLOCKSTARTUPERROR
  89:.\Generated_Source\PSoC4/cyfitter_cfg.c **** /*******************************************************************************
  90:.\Generated_Source\PSoC4/cyfitter_cfg.c **** * Function Name: CyClockStartupError
  91:.\Generated_Source\PSoC4/cyfitter_cfg.c **** ********************************************************************************
  92:.\Generated_Source\PSoC4/cyfitter_cfg.c **** * Summary:
  93:.\Generated_Source\PSoC4/cyfitter_cfg.c **** *  If an error is encountered during clock configuration (crystal startup error,
  94:.\Generated_Source\PSoC4/cyfitter_cfg.c **** *  PLL lock error, etc.), the system will end up here.  Unless reimplemented by
  95:.\Generated_Source\PSoC4/cyfitter_cfg.c **** *  the customer, this function will stop in an infinite loop.
  96:.\Generated_Source\PSoC4/cyfitter_cfg.c **** *
  97:.\Generated_Source\PSoC4/cyfitter_cfg.c **** * Parameters:
  98:.\Generated_Source\PSoC4/cyfitter_cfg.c **** *   void
  99:.\Generated_Source\PSoC4/cyfitter_cfg.c **** *
 100:.\Generated_Source\PSoC4/cyfitter_cfg.c **** * Return:
 101:.\Generated_Source\PSoC4/cyfitter_cfg.c **** *   void
 102:.\Generated_Source\PSoC4/cyfitter_cfg.c **** *
 103:.\Generated_Source\PSoC4/cyfitter_cfg.c **** *******************************************************************************/
 104:.\Generated_Source\PSoC4/cyfitter_cfg.c **** CY_CFG_UNUSED
 105:.\Generated_Source\PSoC4/cyfitter_cfg.c **** static void CyClockStartupError(uint8 errorCode);
 106:.\Generated_Source\PSoC4/cyfitter_cfg.c **** CY_CFG_UNUSED
 107:.\Generated_Source\PSoC4/cyfitter_cfg.c **** static void CyClockStartupError(uint8 errorCode)
 108:.\Generated_Source\PSoC4/cyfitter_cfg.c **** {
 109:.\Generated_Source\PSoC4/cyfitter_cfg.c ****     /* To remove the compiler warning if errorCode not used.                */
 110:.\Generated_Source\PSoC4/cyfitter_cfg.c ****     errorCode = errorCode;
 111:.\Generated_Source\PSoC4/cyfitter_cfg.c **** 
 112:.\Generated_Source\PSoC4/cyfitter_cfg.c ****     /* `#START CyClockStartupError` */
 113:.\Generated_Source\PSoC4/cyfitter_cfg.c **** 
 114:.\Generated_Source\PSoC4/cyfitter_cfg.c ****     /* If we have a clock startup error (bad MHz crystal, PLL lock, etc.),  */
 115:.\Generated_Source\PSoC4/cyfitter_cfg.c ****     /* we will end up here to allow the customer to implement something to  */
 116:.\Generated_Source\PSoC4/cyfitter_cfg.c ****     /* deal with the clock condition.                                       */
 117:.\Generated_Source\PSoC4/cyfitter_cfg.c **** 
 118:.\Generated_Source\PSoC4/cyfitter_cfg.c ****     /* `#END` */
 119:.\Generated_Source\PSoC4/cyfitter_cfg.c **** 
 120:.\Generated_Source\PSoC4/cyfitter_cfg.c ****     /* If nothing else, stop here since the clocks have not started         */
 121:.\Generated_Source\PSoC4/cyfitter_cfg.c ****     /* correctly.                                                           */
ARM GAS  C:\Users\Chris\AppData\Local\Temp\ccLkkwEa.s 			page 4


 122:.\Generated_Source\PSoC4/cyfitter_cfg.c ****     while(1) {}
 123:.\Generated_Source\PSoC4/cyfitter_cfg.c **** }
 124:.\Generated_Source\PSoC4/cyfitter_cfg.c **** #endif
 125:.\Generated_Source\PSoC4/cyfitter_cfg.c **** 
 126:.\Generated_Source\PSoC4/cyfitter_cfg.c **** 
 127:.\Generated_Source\PSoC4/cyfitter_cfg.c **** 
 128:.\Generated_Source\PSoC4/cyfitter_cfg.c **** /*******************************************************************************
 129:.\Generated_Source\PSoC4/cyfitter_cfg.c **** * Function Name: ClockSetup
 130:.\Generated_Source\PSoC4/cyfitter_cfg.c **** ********************************************************************************
 131:.\Generated_Source\PSoC4/cyfitter_cfg.c **** *
 132:.\Generated_Source\PSoC4/cyfitter_cfg.c **** * Summary:
 133:.\Generated_Source\PSoC4/cyfitter_cfg.c **** *   Performs the initialization of all of the clocks in the device based on the
 134:.\Generated_Source\PSoC4/cyfitter_cfg.c **** *   settings in the Clock tab of the DWR.  This includes enabling the requested
 135:.\Generated_Source\PSoC4/cyfitter_cfg.c **** *   clocks and setting the necessary dividers to produce the desired frequency. 
 136:.\Generated_Source\PSoC4/cyfitter_cfg.c **** *
 137:.\Generated_Source\PSoC4/cyfitter_cfg.c **** * Parameters:
 138:.\Generated_Source\PSoC4/cyfitter_cfg.c **** *   void
 139:.\Generated_Source\PSoC4/cyfitter_cfg.c **** *
 140:.\Generated_Source\PSoC4/cyfitter_cfg.c **** * Return:
 141:.\Generated_Source\PSoC4/cyfitter_cfg.c **** *   void
 142:.\Generated_Source\PSoC4/cyfitter_cfg.c **** *
 143:.\Generated_Source\PSoC4/cyfitter_cfg.c **** *******************************************************************************/
 144:.\Generated_Source\PSoC4/cyfitter_cfg.c **** static void ClockSetup(void);
 145:.\Generated_Source\PSoC4/cyfitter_cfg.c **** CY_CFG_SECTION
 146:.\Generated_Source\PSoC4/cyfitter_cfg.c **** static void ClockSetup(void)
 147:.\Generated_Source\PSoC4/cyfitter_cfg.c **** {
  51              		.loc 1 147 0
  52              		.cfi_startproc
  53 0000 38B5     		push	{r3, r4, r5, lr}
  54              		.cfi_def_cfa_offset 16
  55              		.cfi_offset 3, -16
  56              		.cfi_offset 4, -12
  57              		.cfi_offset 5, -8
  58              		.cfi_offset 14, -4
 148:.\Generated_Source\PSoC4/cyfitter_cfg.c **** 	/* Enable HALF_EN before trimming for the flash accelerator. */
 149:.\Generated_Source\PSoC4/cyfitter_cfg.c **** 	CY_SET_REG32((void CYXDATA *)(CYREG_CLK_SELECT), (CY_GET_REG32((void *)CYREG_CLK_SELECT) | 0x00040
  59              		.loc 1 149 0
  60 0002 134C     		ldr	r4, .L3
  61 0004 2368     		ldr	r3, [r4]
  62 0006 8022     		mov	r2, #128
  63 0008 D202     		lsl	r2, r2, #11
  64 000a 1343     		orr	r3, r2
  65 000c 2360     		str	r3, [r4]
 150:.\Generated_Source\PSoC4/cyfitter_cfg.c **** 
 151:.\Generated_Source\PSoC4/cyfitter_cfg.c **** 	/* Setup and trim IMO based on desired frequency. */
 152:.\Generated_Source\PSoC4/cyfitter_cfg.c **** 	CySysClkWriteImoFreq(24u);
  66              		.loc 1 152 0
  67 000e 1820     		mov	r0, #24
  68 0010 FFF7FEFF 		bl	CySysClkWriteImoFreq
  69              	.LVL3:
 153:.\Generated_Source\PSoC4/cyfitter_cfg.c **** 
 154:.\Generated_Source\PSoC4/cyfitter_cfg.c **** 	/* Disable HALF_EN since it is not required at this IMO frequency. */
 155:.\Generated_Source\PSoC4/cyfitter_cfg.c **** 	CY_SET_REG32((void CYXDATA *)(CYREG_CLK_SELECT), (CY_GET_REG32((void *)CYREG_CLK_SELECT) & 0xFFFBF
  70              		.loc 1 155 0
  71 0014 2268     		ldr	r2, [r4]
  72 0016 0F4B     		ldr	r3, .L3+4
  73 0018 1340     		and	r3, r2
ARM GAS  C:\Users\Chris\AppData\Local\Temp\ccLkkwEa.s 			page 5


  74 001a 2360     		str	r3, [r4]
 156:.\Generated_Source\PSoC4/cyfitter_cfg.c **** 	/* CYDEV_CLK_ILO_CONFIG Starting address: CYDEV_CLK_ILO_CONFIG */
 157:.\Generated_Source\PSoC4/cyfitter_cfg.c **** 	CY_SET_XTND_REG32((void CYFAR *)(CYREG_CLK_ILO_CONFIG), 0x80000006u);
  75              		.loc 1 157 0
  76 001c 0E4A     		ldr	r2, .L3+8
  77 001e 0F4B     		ldr	r3, .L3+12
  78 0020 1A60     		str	r2, [r3]
 158:.\Generated_Source\PSoC4/cyfitter_cfg.c **** 
 159:.\Generated_Source\PSoC4/cyfitter_cfg.c **** 
 160:.\Generated_Source\PSoC4/cyfitter_cfg.c **** 	/* CYDEV_CLK_SELECT00 Starting address: CYDEV_CLK_SELECT00 */
 161:.\Generated_Source\PSoC4/cyfitter_cfg.c **** 	CY_SET_XTND_REG32((void CYFAR *)(CYREG_CLK_SELECT03), 0x00000010u);
  79              		.loc 1 161 0
  80 0022 1022     		mov	r2, #16
  81 0024 0E4B     		ldr	r3, .L3+16
  82 0026 1A60     		str	r2, [r3]
 162:.\Generated_Source\PSoC4/cyfitter_cfg.c **** 
 163:.\Generated_Source\PSoC4/cyfitter_cfg.c **** 	/* CYDEV_CLK_IMO_CONFIG Starting address: CYDEV_CLK_IMO_CONFIG */
 164:.\Generated_Source\PSoC4/cyfitter_cfg.c **** 	CY_SET_XTND_REG32((void CYFAR *)(CYREG_CLK_IMO_CONFIG), 0x80000000u);
  83              		.loc 1 164 0
  84 0028 8022     		mov	r2, #128
  85 002a 1206     		lsl	r2, r2, #24
  86 002c 0D4B     		ldr	r3, .L3+20
  87 002e 1A60     		str	r2, [r3]
 165:.\Generated_Source\PSoC4/cyfitter_cfg.c **** 
 166:.\Generated_Source\PSoC4/cyfitter_cfg.c **** 	/* CYDEV_CLK_SELECT Starting address: CYDEV_CLK_SELECT */
 167:.\Generated_Source\PSoC4/cyfitter_cfg.c **** 	CY_SET_XTND_REG32((void CYFAR *)(CYREG_CLK_SELECT), 0x00000000u);
  88              		.loc 1 167 0
  89 0030 0025     		mov	r5, #0
  90 0032 2560     		str	r5, [r4]
 168:.\Generated_Source\PSoC4/cyfitter_cfg.c **** 
 169:.\Generated_Source\PSoC4/cyfitter_cfg.c **** 	/* CYDEV_CLK_DIVIDER_A00 Starting address: CYDEV_CLK_DIVIDER_A00 */
 170:.\Generated_Source\PSoC4/cyfitter_cfg.c **** 	CY_SET_XTND_REG32((void CYFAR *)(CYREG_CLK_DIVIDER_A00), 0x80000010u);
  91              		.loc 1 170 0
  92 0034 0C4A     		ldr	r2, .L3+24
  93 0036 0D4B     		ldr	r3, .L3+28
  94 0038 1A60     		str	r2, [r3]
 171:.\Generated_Source\PSoC4/cyfitter_cfg.c **** 
 172:.\Generated_Source\PSoC4/cyfitter_cfg.c **** 	(void)CyIntSetVector(9u, &CySysWdtIsr);
  95              		.loc 1 172 0
  96 003a 0920     		mov	r0, #9
  97 003c 0C49     		ldr	r1, .L3+32
  98 003e FFF7FEFF 		bl	CyIntSetVector
  99              	.LVL4:
 173:.\Generated_Source\PSoC4/cyfitter_cfg.c **** 	CyIntEnable(9u);
 100              		.loc 1 173 0
 101 0042 0920     		mov	r0, #9
 102 0044 FFF7FEFF 		bl	CyIntEnable
 103              	.LVL5:
 174:.\Generated_Source\PSoC4/cyfitter_cfg.c **** 	CY_SET_XTND_REG32((void CYFAR *)(CYREG_WDT_CONFIG), 0x00000000u);
 104              		.loc 1 174 0
 105 0048 0A4B     		ldr	r3, .L3+36
 106 004a 1D60     		str	r5, [r3]
 175:.\Generated_Source\PSoC4/cyfitter_cfg.c **** }
 107              		.loc 1 175 0
 108              		@ sp needed
 109 004c 38BD     		pop	{r3, r4, r5, pc}
 110              	.L4:
ARM GAS  C:\Users\Chris\AppData\Local\Temp\ccLkkwEa.s 			page 6


 111 004e C046     		.align	2
 112              	.L3:
 113 0050 00010B40 		.word	1074462976
 114 0054 FFFFFBFF 		.word	-262145
 115 0058 06000080 		.word	-2147483642
 116 005c 04010B40 		.word	1074462980
 117 0060 0C020240 		.word	1073873420
 118 0064 08010B40 		.word	1074462984
 119 0068 10000080 		.word	-2147483632
 120 006c 00000240 		.word	1073872896
 121 0070 00000000 		.word	CySysWdtIsr
 122 0074 0C020B40 		.word	1074463244
 123              		.cfi_endproc
 124              	.LFE3:
 125              		.size	ClockSetup, .-ClockSetup
 126              		.align	2
 127              		.global	cyfitter_cfg
 128              		.code	16
 129              		.thumb_func
 130              		.type	cyfitter_cfg, %function
 131              	cyfitter_cfg:
 132              	.LFB5:
 176:.\Generated_Source\PSoC4/cyfitter_cfg.c **** 
 177:.\Generated_Source\PSoC4/cyfitter_cfg.c **** 
 178:.\Generated_Source\PSoC4/cyfitter_cfg.c **** /* Analog API Functions */
 179:.\Generated_Source\PSoC4/cyfitter_cfg.c **** 
 180:.\Generated_Source\PSoC4/cyfitter_cfg.c **** 
 181:.\Generated_Source\PSoC4/cyfitter_cfg.c **** /*******************************************************************************
 182:.\Generated_Source\PSoC4/cyfitter_cfg.c **** * Function Name: AnalogSetDefault
 183:.\Generated_Source\PSoC4/cyfitter_cfg.c **** ********************************************************************************
 184:.\Generated_Source\PSoC4/cyfitter_cfg.c **** *
 185:.\Generated_Source\PSoC4/cyfitter_cfg.c **** * Summary:
 186:.\Generated_Source\PSoC4/cyfitter_cfg.c **** *  Sets up the analog portions of the chip to default values based on chip
 187:.\Generated_Source\PSoC4/cyfitter_cfg.c **** *  configuration options from the project.
 188:.\Generated_Source\PSoC4/cyfitter_cfg.c **** *
 189:.\Generated_Source\PSoC4/cyfitter_cfg.c **** * Parameters:
 190:.\Generated_Source\PSoC4/cyfitter_cfg.c **** *  void
 191:.\Generated_Source\PSoC4/cyfitter_cfg.c **** *
 192:.\Generated_Source\PSoC4/cyfitter_cfg.c **** * Return:
 193:.\Generated_Source\PSoC4/cyfitter_cfg.c **** *  void
 194:.\Generated_Source\PSoC4/cyfitter_cfg.c **** *
 195:.\Generated_Source\PSoC4/cyfitter_cfg.c **** *******************************************************************************/
 196:.\Generated_Source\PSoC4/cyfitter_cfg.c **** static void AnalogSetDefault(void);
 197:.\Generated_Source\PSoC4/cyfitter_cfg.c **** static void AnalogSetDefault(void)
 198:.\Generated_Source\PSoC4/cyfitter_cfg.c **** {
 199:.\Generated_Source\PSoC4/cyfitter_cfg.c **** }
 200:.\Generated_Source\PSoC4/cyfitter_cfg.c **** 
 201:.\Generated_Source\PSoC4/cyfitter_cfg.c **** #define CY_AMUX_UNUSED CYREG_CM0_ROM_DWT
 202:.\Generated_Source\PSoC4/cyfitter_cfg.c **** 
 203:.\Generated_Source\PSoC4/cyfitter_cfg.c **** 
 204:.\Generated_Source\PSoC4/cyfitter_cfg.c **** /*******************************************************************************
 205:.\Generated_Source\PSoC4/cyfitter_cfg.c **** * Function Name: cyfitter_cfg
 206:.\Generated_Source\PSoC4/cyfitter_cfg.c **** ********************************************************************************
 207:.\Generated_Source\PSoC4/cyfitter_cfg.c **** * Summary:
 208:.\Generated_Source\PSoC4/cyfitter_cfg.c **** *  This function is called by the start-up code for the selected device. It
 209:.\Generated_Source\PSoC4/cyfitter_cfg.c **** *  performs all of the necessary device configuration based on the design
 210:.\Generated_Source\PSoC4/cyfitter_cfg.c **** *  settings.  This includes settings from the Design Wide Resources (DWR) such
ARM GAS  C:\Users\Chris\AppData\Local\Temp\ccLkkwEa.s 			page 7


 211:.\Generated_Source\PSoC4/cyfitter_cfg.c **** *  as Clocks and Pins as well as any component configuration that is necessary.
 212:.\Generated_Source\PSoC4/cyfitter_cfg.c **** *
 213:.\Generated_Source\PSoC4/cyfitter_cfg.c **** * Parameters:  
 214:.\Generated_Source\PSoC4/cyfitter_cfg.c **** *   void
 215:.\Generated_Source\PSoC4/cyfitter_cfg.c **** *
 216:.\Generated_Source\PSoC4/cyfitter_cfg.c **** * Return:
 217:.\Generated_Source\PSoC4/cyfitter_cfg.c **** *   void
 218:.\Generated_Source\PSoC4/cyfitter_cfg.c **** *
 219:.\Generated_Source\PSoC4/cyfitter_cfg.c **** *******************************************************************************/
 220:.\Generated_Source\PSoC4/cyfitter_cfg.c **** CY_CFG_SECTION
 221:.\Generated_Source\PSoC4/cyfitter_cfg.c **** void cyfitter_cfg(void)
 222:.\Generated_Source\PSoC4/cyfitter_cfg.c **** {
 133              		.loc 1 222 0
 134              		.cfi_startproc
 135 0078 10B5     		push	{r4, lr}
 136              		.cfi_def_cfa_offset 8
 137              		.cfi_offset 4, -8
 138              		.cfi_offset 14, -4
 223:.\Generated_Source\PSoC4/cyfitter_cfg.c **** 	/* Disable interrupts by default. Let user enable if/when they want. */
 224:.\Generated_Source\PSoC4/cyfitter_cfg.c **** 	CyGlobalIntDisable;
 139              		.loc 1 224 0
 140              	@ 224 ".\Generated_Source\PSoC4\cyfitter_cfg.c" 1
 141 007a 72B6     		CPSID   i
 142              	@ 0 "" 2
 143              	.LVL6:
 144              		.code	16
 145              	.LBB2:
 225:.\Generated_Source\PSoC4/cyfitter_cfg.c **** 
 226:.\Generated_Source\PSoC4/cyfitter_cfg.c **** 	{
 227:.\Generated_Source\PSoC4/cyfitter_cfg.c **** 
 228:.\Generated_Source\PSoC4/cyfitter_cfg.c **** 		CYPACKED typedef struct {
 229:.\Generated_Source\PSoC4/cyfitter_cfg.c **** 			void CYFAR *address;
 230:.\Generated_Source\PSoC4/cyfitter_cfg.c **** 			uint16 size;
 231:.\Generated_Source\PSoC4/cyfitter_cfg.c **** 		} CYPACKED_ATTR cfg_memset_t;
 232:.\Generated_Source\PSoC4/cyfitter_cfg.c **** 
 233:.\Generated_Source\PSoC4/cyfitter_cfg.c **** 		static const cfg_memset_t CYCODE cfg_memset_list [] = {
 234:.\Generated_Source\PSoC4/cyfitter_cfg.c **** 			/* address, size */
 235:.\Generated_Source\PSoC4/cyfitter_cfg.c **** 			{(void CYFAR *)(CYDEV_UDB_P0_U0_BASE), 1024u},
 236:.\Generated_Source\PSoC4/cyfitter_cfg.c **** 			{(void CYFAR *)(CYDEV_UDB_DSI0_BASE), 1024u},
 237:.\Generated_Source\PSoC4/cyfitter_cfg.c **** 		};
 238:.\Generated_Source\PSoC4/cyfitter_cfg.c **** 
 239:.\Generated_Source\PSoC4/cyfitter_cfg.c **** 		uint8 CYDATA i;
 240:.\Generated_Source\PSoC4/cyfitter_cfg.c **** 
 241:.\Generated_Source\PSoC4/cyfitter_cfg.c **** 		/* Zero out critical memory blocks before beginning configuration */
 242:.\Generated_Source\PSoC4/cyfitter_cfg.c **** 		for (i = 0u; i < (sizeof(cfg_memset_list)/sizeof(cfg_memset_list[0])); i++)
 146              		.loc 1 242 0
 147 007c 0024     		mov	r4, #0
 148 007e 10E0     		b	.L6
 149              	.LVL7:
 150              	.L7:
 151              	.LBB3:
 243:.\Generated_Source\PSoC4/cyfitter_cfg.c **** 		{
 244:.\Generated_Source\PSoC4/cyfitter_cfg.c **** 			const cfg_memset_t CYCODE * CYDATA ms = &cfg_memset_list[i];
 245:.\Generated_Source\PSoC4/cyfitter_cfg.c **** 			CYMEMZERO(ms->address, (size_t)(uint32)(ms->size));
 152              		.loc 1 245 0 discriminator 3
 153 0080 1F48     		ldr	r0, .L8
 154 0082 6300     		lsl	r3, r4, #1
ARM GAS  C:\Users\Chris\AppData\Local\Temp\ccLkkwEa.s 			page 8


 155 0084 1A19     		add	r2, r3, r4
 156 0086 5200     		lsl	r2, r2, #1
 157 0088 8218     		add	r2, r0, r2
 158 008a 9188     		ldrh	r1, [r2, #4]
 159 008c 1B19     		add	r3, r3, r4
 160 008e 5B00     		lsl	r3, r3, #1
 161 0090 1A5A     		ldrh	r2, [r3, r0]
 162 0092 C318     		add	r3, r0, r3
 163 0094 5888     		ldrh	r0, [r3, #2]
 164 0096 0004     		lsl	r0, r0, #16
 165 0098 1043     		orr	r0, r2
 166 009a FFF7FEFF 		bl	CYMEMZERO
 167              	.LVL8:
 168              	.LBE3:
 242:.\Generated_Source\PSoC4/cyfitter_cfg.c **** 		{
 169              		.loc 1 242 0 discriminator 3
 170 009e 0134     		add	r4, r4, #1
 171              	.LVL9:
 172 00a0 E4B2     		uxtb	r4, r4
 173              	.LVL10:
 174              	.L6:
 242:.\Generated_Source\PSoC4/cyfitter_cfg.c **** 		{
 175              		.loc 1 242 0 is_stmt 0 discriminator 1
 176 00a2 012C     		cmp	r4, #1
 177 00a4 ECD9     		bls	.L7
 246:.\Generated_Source\PSoC4/cyfitter_cfg.c **** 		}
 247:.\Generated_Source\PSoC4/cyfitter_cfg.c **** 
 248:.\Generated_Source\PSoC4/cyfitter_cfg.c **** 		/* HSIOM Starting address: CYDEV_HSIOM_BASE */
 249:.\Generated_Source\PSoC4/cyfitter_cfg.c **** 		CY_SET_XTND_REG32((void CYFAR *)(CYDEV_HSIOM_BASE), 0x00990000u);
 178              		.loc 1 249 0 is_stmt 1
 179 00a6 9923     		mov	r3, #153
 180 00a8 1B04     		lsl	r3, r3, #16
 181 00aa 164A     		ldr	r2, .L8+4
 182 00ac 1360     		str	r3, [r2]
 250:.\Generated_Source\PSoC4/cyfitter_cfg.c **** 		CY_SET_XTND_REG32((void CYFAR *)(CYREG_HSIOM_PORT_SEL3), 0x0000EE00u);
 183              		.loc 1 250 0
 184 00ae EE21     		mov	r1, #238
 185 00b0 0902     		lsl	r1, r1, #8
 186 00b2 154A     		ldr	r2, .L8+8
 187 00b4 1160     		str	r1, [r2]
 251:.\Generated_Source\PSoC4/cyfitter_cfg.c **** 
 252:.\Generated_Source\PSoC4/cyfitter_cfg.c **** 		/* UDB_PA_0 Starting address: CYDEV_UDB_PA0_BASE */
 253:.\Generated_Source\PSoC4/cyfitter_cfg.c **** 		CY_SET_XTND_REG32((void CYFAR *)(CYDEV_UDB_PA0_BASE), 0x00990000u);
 188              		.loc 1 253 0
 189 00b6 154A     		ldr	r2, .L8+12
 190 00b8 1360     		str	r3, [r2]
 254:.\Generated_Source\PSoC4/cyfitter_cfg.c **** 
 255:.\Generated_Source\PSoC4/cyfitter_cfg.c **** 		/* UDB_PA_3 Starting address: CYDEV_UDB_PA3_BASE */
 256:.\Generated_Source\PSoC4/cyfitter_cfg.c **** 		CY_SET_XTND_REG32((void CYFAR *)(CYDEV_UDB_PA3_BASE), 0x00990000u);
 191              		.loc 1 256 0
 192 00ba 154A     		ldr	r2, .L8+16
 193 00bc 1360     		str	r3, [r2]
 257:.\Generated_Source\PSoC4/cyfitter_cfg.c **** 
 258:.\Generated_Source\PSoC4/cyfitter_cfg.c **** 		/* Enable digital routing */
 259:.\Generated_Source\PSoC4/cyfitter_cfg.c **** 		CY_SET_XTND_REG8((void *)CYREG_UDB_UDBIF_BANK_CTL, CY_GET_XTND_REG8((void *)CYREG_UDB_UDBIF_BANK_
 194              		.loc 1 259 0
 195 00be 154B     		ldr	r3, .L8+20
ARM GAS  C:\Users\Chris\AppData\Local\Temp\ccLkkwEa.s 			page 9


 196 00c0 1978     		ldrb	r1, [r3]
 197 00c2 0222     		mov	r2, #2
 198 00c4 0A43     		orr	r2, r1
 199 00c6 1A70     		strb	r2, [r3]
 260:.\Generated_Source\PSoC4/cyfitter_cfg.c **** 
 261:.\Generated_Source\PSoC4/cyfitter_cfg.c **** 		/* Enable UDB array */
 262:.\Generated_Source\PSoC4/cyfitter_cfg.c **** 		CY_SET_XTND_REG8((void *)CYREG_UDB_UDBIF_WAIT_CFG, (uint8)((CY_GET_XTND_REG8((void *)CYREG_UDB_UD
 200              		.loc 1 262 0
 201 00c8 1348     		ldr	r0, .L8+24
 202 00ca 0278     		ldrb	r2, [r0]
 203 00cc 3C21     		mov	r1, #60
 204 00ce 8A43     		bic	r2, r1
 205 00d0 2839     		sub	r1, r1, #40
 206 00d2 0A43     		orr	r2, r1
 207 00d4 0270     		strb	r2, [r0]
 263:.\Generated_Source\PSoC4/cyfitter_cfg.c **** 		CY_SET_XTND_REG8((void *)CYREG_UDB_UDBIF_BANK_CTL, (uint8)(CY_GET_XTND_REG8((void *)CYREG_UDB_UDB
 208              		.loc 1 263 0
 209 00d6 1978     		ldrb	r1, [r3]
 210 00d8 1622     		mov	r2, #22
 211 00da 0A43     		orr	r2, r1
 212 00dc 1A70     		strb	r2, [r3]
 213              	.LBE2:
 264:.\Generated_Source\PSoC4/cyfitter_cfg.c **** 	}
 265:.\Generated_Source\PSoC4/cyfitter_cfg.c **** 
 266:.\Generated_Source\PSoC4/cyfitter_cfg.c **** 	/* Perform second pass device configuration. These items must be configured in specific order afte
 267:.\Generated_Source\PSoC4/cyfitter_cfg.c **** 	/* IOPINS0_0 Starting address: CYDEV_PRT0_BASE */
 268:.\Generated_Source\PSoC4/cyfitter_cfg.c **** 	CY_SET_XTND_REG32((void CYFAR *)(CYDEV_PRT0_BASE), 0x00000020u);
 214              		.loc 1 268 0
 215 00de 2023     		mov	r3, #32
 216 00e0 0E4A     		ldr	r2, .L8+28
 217 00e2 1360     		str	r3, [r2]
 269:.\Generated_Source\PSoC4/cyfitter_cfg.c **** 	CY_SET_XTND_REG32((void CYFAR *)(CYREG_PRT0_PC), 0x00031000u);
 218              		.loc 1 269 0
 219 00e4 C421     		mov	r1, #196
 220 00e6 8902     		lsl	r1, r1, #10
 221 00e8 0D4A     		ldr	r2, .L8+32
 222 00ea 1160     		str	r1, [r2]
 270:.\Generated_Source\PSoC4/cyfitter_cfg.c **** 	CY_SET_XTND_REG32((void CYFAR *)(CYREG_PRT0_PC2), 0x00000020u);
 223              		.loc 1 270 0
 224 00ec 0D4A     		ldr	r2, .L8+36
 225 00ee 1360     		str	r3, [r2]
 271:.\Generated_Source\PSoC4/cyfitter_cfg.c **** 
 272:.\Generated_Source\PSoC4/cyfitter_cfg.c **** 	/* IOPINS0_3 Starting address: CYDEV_PRT3_BASE */
 273:.\Generated_Source\PSoC4/cyfitter_cfg.c **** 	CY_SET_XTND_REG32((void CYFAR *)(CYREG_PRT3_PC), 0x00000D80u);
 226              		.loc 1 273 0
 227 00f0 D822     		mov	r2, #216
 228 00f2 1201     		lsl	r2, r2, #4
 229 00f4 0C4B     		ldr	r3, .L8+40
 230 00f6 1A60     		str	r2, [r3]
 274:.\Generated_Source\PSoC4/cyfitter_cfg.c **** 
 275:.\Generated_Source\PSoC4/cyfitter_cfg.c **** 
 276:.\Generated_Source\PSoC4/cyfitter_cfg.c **** 	/* Setup clocks based on selections from Clock DWR */
 277:.\Generated_Source\PSoC4/cyfitter_cfg.c **** 	ClockSetup();
 231              		.loc 1 277 0
 232 00f8 FFF782FF 		bl	ClockSetup
 233              	.LVL11:
 278:.\Generated_Source\PSoC4/cyfitter_cfg.c **** 
ARM GAS  C:\Users\Chris\AppData\Local\Temp\ccLkkwEa.s 			page 10


 279:.\Generated_Source\PSoC4/cyfitter_cfg.c **** 	/* Perform basic analog initialization to defaults */
 280:.\Generated_Source\PSoC4/cyfitter_cfg.c **** 	AnalogSetDefault();
 281:.\Generated_Source\PSoC4/cyfitter_cfg.c **** 
 282:.\Generated_Source\PSoC4/cyfitter_cfg.c **** }
 234              		.loc 1 282 0
 235              		@ sp needed
 236              	.LVL12:
 237 00fc 10BD     		pop	{r4, pc}
 238              	.L9:
 239 00fe C046     		.align	2
 240              	.L8:
 241 0100 00000000 		.word	.LANCHOR0
 242 0104 00000140 		.word	1073807360
 243 0108 0C000140 		.word	1073807372
 244 010c 00500F40 		.word	1074745344
 245 0110 30500F40 		.word	1074745392
 246 0114 00700F40 		.word	1074753536
 247 0118 01700F40 		.word	1074753537
 248 011c 00000440 		.word	1074003968
 249 0120 08000440 		.word	1074003976
 250 0124 18000440 		.word	1074003992
 251 0128 08030440 		.word	1074004744
 252              		.cfi_endproc
 253              	.LFE5:
 254              		.size	cyfitter_cfg, .-cyfitter_cfg
 255              		.section	.rodata
 256              		.align	2
 257              		.set	.LANCHOR0,. + 0
 258              		.type	cfg_memset_list.4723, %object
 259              		.size	cfg_memset_list.4723, 12
 260              	cfg_memset_list.4723:
 261 0000 00300F40 		.word	1074737152
 262 0004 0004     		.short	1024
 263 0006 00400F40 		.4byte	1074741248
 264 000a 0004     		.short	1024
 265              		.text
 266              	.Letext0:
 267              		.file 2 "c:\\program files (x86)\\cypress\\psoc creator\\3.3\\psoc creator\\import\\gnu\\arm\\4.9.
 268              		.file 3 ".\\Generated_Source\\PSoC4\\cytypes.h"
 269              		.file 4 ".\\Generated_Source\\PSoC4\\CyLib.h"
 270              		.section	.debug_info,"",%progbits
 271              	.Ldebug_info0:
 272 0000 8F020000 		.4byte	0x28f
 273 0004 0400     		.2byte	0x4
 274 0006 00000000 		.4byte	.Ldebug_abbrev0
 275 000a 04       		.byte	0x4
 276 000b 01       		.uleb128 0x1
 277 000c 7D010000 		.4byte	.LASF28
 278 0010 01       		.byte	0x1
 279 0011 05010000 		.4byte	.LASF29
 280 0015 44010000 		.4byte	.LASF30
 281 0019 00000000 		.4byte	.Ldebug_ranges0+0
 282 001d 00000000 		.4byte	0
 283 0021 00000000 		.4byte	.Ldebug_line0
 284 0025 02       		.uleb128 0x2
 285 0026 04       		.byte	0x4
 286 0027 05       		.byte	0x5
ARM GAS  C:\Users\Chris\AppData\Local\Temp\ccLkkwEa.s 			page 11


 287 0028 696E7400 		.ascii	"int\000"
 288 002c 03       		.uleb128 0x3
 289 002d 06000000 		.4byte	.LASF11
 290 0031 02       		.byte	0x2
 291 0032 D4       		.byte	0xd4
 292 0033 37000000 		.4byte	0x37
 293 0037 04       		.uleb128 0x4
 294 0038 04       		.byte	0x4
 295 0039 07       		.byte	0x7
 296 003a B2000000 		.4byte	.LASF0
 297 003e 04       		.uleb128 0x4
 298 003f 01       		.byte	0x1
 299 0040 06       		.byte	0x6
 300 0041 33020000 		.4byte	.LASF1
 301 0045 04       		.uleb128 0x4
 302 0046 01       		.byte	0x1
 303 0047 08       		.byte	0x8
 304 0048 7C000000 		.4byte	.LASF2
 305 004c 04       		.uleb128 0x4
 306 004d 02       		.byte	0x2
 307 004e 05       		.byte	0x5
 308 004f 0B020000 		.4byte	.LASF3
 309 0053 04       		.uleb128 0x4
 310 0054 02       		.byte	0x2
 311 0055 07       		.byte	0x7
 312 0056 37000000 		.4byte	.LASF4
 313 005a 04       		.uleb128 0x4
 314 005b 04       		.byte	0x4
 315 005c 05       		.byte	0x5
 316 005d 2A020000 		.4byte	.LASF5
 317 0061 04       		.uleb128 0x4
 318 0062 04       		.byte	0x4
 319 0063 07       		.byte	0x7
 320 0064 5A000000 		.4byte	.LASF6
 321 0068 04       		.uleb128 0x4
 322 0069 08       		.byte	0x8
 323 006a 05       		.byte	0x5
 324 006b 36010000 		.4byte	.LASF7
 325 006f 04       		.uleb128 0x4
 326 0070 08       		.byte	0x8
 327 0071 07       		.byte	0x7
 328 0072 D4000000 		.4byte	.LASF8
 329 0076 04       		.uleb128 0x4
 330 0077 04       		.byte	0x4
 331 0078 07       		.byte	0x7
 332 0079 2D010000 		.4byte	.LASF9
 333 007d 05       		.uleb128 0x5
 334 007e 04       		.byte	0x4
 335 007f 06       		.uleb128 0x6
 336 0080 04       		.byte	0x4
 337 0081 85000000 		.4byte	0x85
 338 0085 07       		.uleb128 0x7
 339 0086 04       		.uleb128 0x4
 340 0087 01       		.byte	0x1
 341 0088 08       		.byte	0x8
 342 0089 78010000 		.4byte	.LASF10
 343 008d 08       		.uleb128 0x8
ARM GAS  C:\Users\Chris\AppData\Local\Temp\ccLkkwEa.s 			page 12


 344 008e 6C000000 		.4byte	.LASF12
 345 0092 03       		.byte	0x3
 346 0093 9801     		.2byte	0x198
 347 0095 45000000 		.4byte	0x45
 348 0099 08       		.uleb128 0x8
 349 009a A4000000 		.4byte	.LASF13
 350 009e 03       		.byte	0x3
 351 009f 9901     		.2byte	0x199
 352 00a1 53000000 		.4byte	0x53
 353 00a5 08       		.uleb128 0x8
 354 00a6 AB000000 		.4byte	.LASF14
 355 00aa 03       		.byte	0x3
 356 00ab 9A01     		.2byte	0x19a
 357 00ad 61000000 		.4byte	0x61
 358 00b1 04       		.uleb128 0x4
 359 00b2 04       		.byte	0x4
 360 00b3 04       		.byte	0x4
 361 00b4 4A000000 		.4byte	.LASF15
 362 00b8 04       		.uleb128 0x4
 363 00b9 08       		.byte	0x8
 364 00ba 04       		.byte	0x4
 365 00bb 91000000 		.4byte	.LASF16
 366 00bf 08       		.uleb128 0x8
 367 00c0 55000000 		.4byte	.LASF17
 368 00c4 03       		.byte	0x3
 369 00c5 4202     		.2byte	0x242
 370 00c7 CB000000 		.4byte	0xcb
 371 00cb 09       		.uleb128 0x9
 372 00cc 8D000000 		.4byte	0x8d
 373 00d0 08       		.uleb128 0x8
 374 00d1 00000000 		.4byte	.LASF18
 375 00d5 03       		.byte	0x3
 376 00d6 4402     		.2byte	0x244
 377 00d8 DC000000 		.4byte	0xdc
 378 00dc 09       		.uleb128 0x9
 379 00dd A5000000 		.4byte	0xa5
 380 00e1 08       		.uleb128 0x8
 381 00e2 EB000000 		.4byte	.LASF19
 382 00e6 03       		.byte	0x3
 383 00e7 5402     		.2byte	0x254
 384 00e9 7F000000 		.4byte	0x7f
 385 00ed 0A       		.uleb128 0xa
 386 00ee 72000000 		.4byte	.LASF20
 387 00f2 01       		.byte	0x1
 388 00f3 3D       		.byte	0x3d
 389 00f4 00000000 		.4byte	.LFB0
 390 00f8 0C000000 		.4byte	.LFE0-.LFB0
 391 00fc 01       		.uleb128 0x1
 392 00fd 9C       		.byte	0x9c
 393 00fe 3A010000 		.4byte	0x13a
 394 0102 0B       		.uleb128 0xb
 395 0103 7300     		.ascii	"s\000"
 396 0105 01       		.byte	0x1
 397 0106 3D       		.byte	0x3d
 398 0107 7D000000 		.4byte	0x7d
 399 010b 00000000 		.4byte	.LLST0
 400 010f 0B       		.uleb128 0xb
ARM GAS  C:\Users\Chris\AppData\Local\Temp\ccLkkwEa.s 			page 13


 401 0110 6E00     		.ascii	"n\000"
 402 0112 01       		.byte	0x1
 403 0113 3D       		.byte	0x3d
 404 0114 2C000000 		.4byte	0x2c
 405 0118 21000000 		.4byte	.LLST1
 406 011c 0C       		.uleb128 0xc
 407 011d 0A000000 		.4byte	.LVL2
 408 0121 3D020000 		.4byte	0x23d
 409 0125 0D       		.uleb128 0xd
 410 0126 01       		.uleb128 0x1
 411 0127 52       		.byte	0x52
 412 0128 03       		.uleb128 0x3
 413 0129 F3       		.byte	0xf3
 414 012a 01       		.uleb128 0x1
 415 012b 51       		.byte	0x51
 416 012c 0D       		.uleb128 0xd
 417 012d 01       		.uleb128 0x1
 418 012e 51       		.byte	0x51
 419 012f 01       		.uleb128 0x1
 420 0130 30       		.byte	0x30
 421 0131 0D       		.uleb128 0xd
 422 0132 01       		.uleb128 0x1
 423 0133 50       		.byte	0x50
 424 0134 03       		.uleb128 0x3
 425 0135 F3       		.byte	0xf3
 426 0136 01       		.uleb128 0x1
 427 0137 50       		.byte	0x50
 428 0138 00       		.byte	0
 429 0139 00       		.byte	0
 430 013a 0A       		.uleb128 0xa
 431 013b 2C000000 		.4byte	.LASF21
 432 013f 01       		.byte	0x1
 433 0140 92       		.byte	0x92
 434 0141 00000000 		.4byte	.LFB3
 435 0145 78000000 		.4byte	.LFE3-.LFB3
 436 0149 01       		.uleb128 0x1
 437 014a 9C       		.byte	0x9c
 438 014b 85010000 		.4byte	0x185
 439 014f 0E       		.uleb128 0xe
 440 0150 14000000 		.4byte	.LVL3
 441 0154 5A020000 		.4byte	0x25a
 442 0158 62010000 		.4byte	0x162
 443 015c 0D       		.uleb128 0xd
 444 015d 01       		.uleb128 0x1
 445 015e 50       		.byte	0x50
 446 015f 01       		.uleb128 0x1
 447 0160 48       		.byte	0x48
 448 0161 00       		.byte	0
 449 0162 0E       		.uleb128 0xe
 450 0163 42000000 		.4byte	.LVL4
 451 0167 6B020000 		.4byte	0x26b
 452 016b 75010000 		.4byte	0x175
 453 016f 0D       		.uleb128 0xd
 454 0170 01       		.uleb128 0x1
 455 0171 50       		.byte	0x50
 456 0172 01       		.uleb128 0x1
 457 0173 39       		.byte	0x39
ARM GAS  C:\Users\Chris\AppData\Local\Temp\ccLkkwEa.s 			page 14


 458 0174 00       		.byte	0
 459 0175 0C       		.uleb128 0xc
 460 0176 48000000 		.4byte	.LVL5
 461 017a 85020000 		.4byte	0x285
 462 017e 0D       		.uleb128 0xd
 463 017f 01       		.uleb128 0x1
 464 0180 50       		.byte	0x50
 465 0181 01       		.uleb128 0x1
 466 0182 39       		.byte	0x39
 467 0183 00       		.byte	0
 468 0184 00       		.byte	0
 469 0185 0F       		.uleb128 0xf
 470 0186 BF000000 		.4byte	.LASF31
 471 018a 01       		.byte	0x1
 472 018b DD       		.byte	0xdd
 473 018c 78000000 		.4byte	.LFB5
 474 0190 B4000000 		.4byte	.LFE5-.LFB5
 475 0194 01       		.uleb128 0x1
 476 0195 9C       		.byte	0x9c
 477 0196 3D020000 		.4byte	0x23d
 478 019a 10       		.uleb128 0x10
 479 019b 7C000000 		.4byte	.LBB2
 480 019f 62000000 		.4byte	.LBE2-.LBB2
 481 01a3 33020000 		.4byte	0x233
 482 01a7 11       		.uleb128 0x11
 483 01a8 06       		.byte	0x6
 484 01a9 01       		.byte	0x1
 485 01aa E4       		.byte	0xe4
 486 01ab C8010000 		.4byte	0x1c8
 487 01af 12       		.uleb128 0x12
 488 01b0 CC000000 		.4byte	.LASF22
 489 01b4 01       		.byte	0x1
 490 01b5 E5       		.byte	0xe5
 491 01b6 7D000000 		.4byte	0x7d
 492 01ba 00       		.byte	0
 493 01bb 12       		.uleb128 0x12
 494 01bc 50000000 		.4byte	.LASF23
 495 01c0 01       		.byte	0x1
 496 01c1 E6       		.byte	0xe6
 497 01c2 99000000 		.4byte	0x99
 498 01c6 04       		.byte	0x4
 499 01c7 00       		.byte	0
 500 01c8 03       		.uleb128 0x3
 501 01c9 F8000000 		.4byte	.LASF24
 502 01cd 01       		.byte	0x1
 503 01ce E7       		.byte	0xe7
 504 01cf A7010000 		.4byte	0x1a7
 505 01d3 13       		.uleb128 0x13
 506 01d4 C8010000 		.4byte	0x1c8
 507 01d8 E3010000 		.4byte	0x1e3
 508 01dc 14       		.uleb128 0x14
 509 01dd 76000000 		.4byte	0x76
 510 01e1 01       		.byte	0x1
 511 01e2 00       		.byte	0
 512 01e3 15       		.uleb128 0x15
 513 01e4 1C000000 		.4byte	.LASF25
 514 01e8 01       		.byte	0x1
ARM GAS  C:\Users\Chris\AppData\Local\Temp\ccLkkwEa.s 			page 15


 515 01e9 E9       		.byte	0xe9
 516 01ea F4010000 		.4byte	0x1f4
 517 01ee 05       		.uleb128 0x5
 518 01ef 03       		.byte	0x3
 519 01f0 00000000 		.4byte	cfg_memset_list.4723
 520 01f4 16       		.uleb128 0x16
 521 01f5 D3010000 		.4byte	0x1d3
 522 01f9 17       		.uleb128 0x17
 523 01fa 6900     		.ascii	"i\000"
 524 01fc 01       		.byte	0x1
 525 01fd EF       		.byte	0xef
 526 01fe 8D000000 		.4byte	0x8d
 527 0202 4D000000 		.4byte	.LLST2
 528 0206 18       		.uleb128 0x18
 529 0207 80000000 		.4byte	.LBB3
 530 020b 1E000000 		.4byte	.LBE3-.LBB3
 531 020f 17       		.uleb128 0x17
 532 0210 6D7300   		.ascii	"ms\000"
 533 0213 01       		.byte	0x1
 534 0214 F4       		.byte	0xf4
 535 0215 1D020000 		.4byte	0x21d
 536 0219 77000000 		.4byte	.LLST3
 537 021d 06       		.uleb128 0x6
 538 021e 04       		.byte	0x4
 539 021f 23020000 		.4byte	0x223
 540 0223 16       		.uleb128 0x16
 541 0224 C8010000 		.4byte	0x1c8
 542 0228 19       		.uleb128 0x19
 543 0229 9E000000 		.4byte	.LVL8
 544 022d ED000000 		.4byte	0xed
 545 0231 00       		.byte	0
 546 0232 00       		.byte	0
 547 0233 19       		.uleb128 0x19
 548 0234 FC000000 		.4byte	.LVL11
 549 0238 3A010000 		.4byte	0x13a
 550 023c 00       		.byte	0
 551 023d 1A       		.uleb128 0x1a
 552 023e 8A000000 		.4byte	.LASF26
 553 0242 7D000000 		.4byte	0x7d
 554 0246 5A020000 		.4byte	0x25a
 555 024a 1B       		.uleb128 0x1b
 556 024b 7D000000 		.4byte	0x7d
 557 024f 1B       		.uleb128 0x1b
 558 0250 25000000 		.4byte	0x25
 559 0254 1B       		.uleb128 0x1b
 560 0255 76000000 		.4byte	0x76
 561 0259 00       		.byte	0
 562 025a 1C       		.uleb128 0x1c
 563 025b 15020000 		.4byte	.LASF27
 564 025f 04       		.byte	0x4
 565 0260 6C       		.byte	0x6c
 566 0261 6B020000 		.4byte	0x26b
 567 0265 1B       		.uleb128 0x1b
 568 0266 A5000000 		.4byte	0xa5
 569 026a 00       		.byte	0
 570 026b 1D       		.uleb128 0x1d
 571 026c 0D000000 		.4byte	.LASF32
ARM GAS  C:\Users\Chris\AppData\Local\Temp\ccLkkwEa.s 			page 16


 572 0270 04       		.byte	0x4
 573 0271 BB       		.byte	0xbb
 574 0272 E1000000 		.4byte	0xe1
 575 0276 85020000 		.4byte	0x285
 576 027a 1B       		.uleb128 0x1b
 577 027b 8D000000 		.4byte	0x8d
 578 027f 1B       		.uleb128 0x1b
 579 0280 E1000000 		.4byte	0xe1
 580 0284 00       		.byte	0
 581 0285 1E       		.uleb128 0x1e
 582 0286 98000000 		.4byte	.LASF33
 583 028a 04       		.byte	0x4
 584 028b C1       		.byte	0xc1
 585 028c 1B       		.uleb128 0x1b
 586 028d 8D000000 		.4byte	0x8d
 587 0291 00       		.byte	0
 588 0292 00       		.byte	0
 589              		.section	.debug_abbrev,"",%progbits
 590              	.Ldebug_abbrev0:
 591 0000 01       		.uleb128 0x1
 592 0001 11       		.uleb128 0x11
 593 0002 01       		.byte	0x1
 594 0003 25       		.uleb128 0x25
 595 0004 0E       		.uleb128 0xe
 596 0005 13       		.uleb128 0x13
 597 0006 0B       		.uleb128 0xb
 598 0007 03       		.uleb128 0x3
 599 0008 0E       		.uleb128 0xe
 600 0009 1B       		.uleb128 0x1b
 601 000a 0E       		.uleb128 0xe
 602 000b 55       		.uleb128 0x55
 603 000c 17       		.uleb128 0x17
 604 000d 11       		.uleb128 0x11
 605 000e 01       		.uleb128 0x1
 606 000f 10       		.uleb128 0x10
 607 0010 17       		.uleb128 0x17
 608 0011 00       		.byte	0
 609 0012 00       		.byte	0
 610 0013 02       		.uleb128 0x2
 611 0014 24       		.uleb128 0x24
 612 0015 00       		.byte	0
 613 0016 0B       		.uleb128 0xb
 614 0017 0B       		.uleb128 0xb
 615 0018 3E       		.uleb128 0x3e
 616 0019 0B       		.uleb128 0xb
 617 001a 03       		.uleb128 0x3
 618 001b 08       		.uleb128 0x8
 619 001c 00       		.byte	0
 620 001d 00       		.byte	0
 621 001e 03       		.uleb128 0x3
 622 001f 16       		.uleb128 0x16
 623 0020 00       		.byte	0
 624 0021 03       		.uleb128 0x3
 625 0022 0E       		.uleb128 0xe
 626 0023 3A       		.uleb128 0x3a
 627 0024 0B       		.uleb128 0xb
 628 0025 3B       		.uleb128 0x3b
ARM GAS  C:\Users\Chris\AppData\Local\Temp\ccLkkwEa.s 			page 17


 629 0026 0B       		.uleb128 0xb
 630 0027 49       		.uleb128 0x49
 631 0028 13       		.uleb128 0x13
 632 0029 00       		.byte	0
 633 002a 00       		.byte	0
 634 002b 04       		.uleb128 0x4
 635 002c 24       		.uleb128 0x24
 636 002d 00       		.byte	0
 637 002e 0B       		.uleb128 0xb
 638 002f 0B       		.uleb128 0xb
 639 0030 3E       		.uleb128 0x3e
 640 0031 0B       		.uleb128 0xb
 641 0032 03       		.uleb128 0x3
 642 0033 0E       		.uleb128 0xe
 643 0034 00       		.byte	0
 644 0035 00       		.byte	0
 645 0036 05       		.uleb128 0x5
 646 0037 0F       		.uleb128 0xf
 647 0038 00       		.byte	0
 648 0039 0B       		.uleb128 0xb
 649 003a 0B       		.uleb128 0xb
 650 003b 00       		.byte	0
 651 003c 00       		.byte	0
 652 003d 06       		.uleb128 0x6
 653 003e 0F       		.uleb128 0xf
 654 003f 00       		.byte	0
 655 0040 0B       		.uleb128 0xb
 656 0041 0B       		.uleb128 0xb
 657 0042 49       		.uleb128 0x49
 658 0043 13       		.uleb128 0x13
 659 0044 00       		.byte	0
 660 0045 00       		.byte	0
 661 0046 07       		.uleb128 0x7
 662 0047 15       		.uleb128 0x15
 663 0048 00       		.byte	0
 664 0049 27       		.uleb128 0x27
 665 004a 19       		.uleb128 0x19
 666 004b 00       		.byte	0
 667 004c 00       		.byte	0
 668 004d 08       		.uleb128 0x8
 669 004e 16       		.uleb128 0x16
 670 004f 00       		.byte	0
 671 0050 03       		.uleb128 0x3
 672 0051 0E       		.uleb128 0xe
 673 0052 3A       		.uleb128 0x3a
 674 0053 0B       		.uleb128 0xb
 675 0054 3B       		.uleb128 0x3b
 676 0055 05       		.uleb128 0x5
 677 0056 49       		.uleb128 0x49
 678 0057 13       		.uleb128 0x13
 679 0058 00       		.byte	0
 680 0059 00       		.byte	0
 681 005a 09       		.uleb128 0x9
 682 005b 35       		.uleb128 0x35
 683 005c 00       		.byte	0
 684 005d 49       		.uleb128 0x49
 685 005e 13       		.uleb128 0x13
ARM GAS  C:\Users\Chris\AppData\Local\Temp\ccLkkwEa.s 			page 18


 686 005f 00       		.byte	0
 687 0060 00       		.byte	0
 688 0061 0A       		.uleb128 0xa
 689 0062 2E       		.uleb128 0x2e
 690 0063 01       		.byte	0x1
 691 0064 03       		.uleb128 0x3
 692 0065 0E       		.uleb128 0xe
 693 0066 3A       		.uleb128 0x3a
 694 0067 0B       		.uleb128 0xb
 695 0068 3B       		.uleb128 0x3b
 696 0069 0B       		.uleb128 0xb
 697 006a 27       		.uleb128 0x27
 698 006b 19       		.uleb128 0x19
 699 006c 11       		.uleb128 0x11
 700 006d 01       		.uleb128 0x1
 701 006e 12       		.uleb128 0x12
 702 006f 06       		.uleb128 0x6
 703 0070 40       		.uleb128 0x40
 704 0071 18       		.uleb128 0x18
 705 0072 9742     		.uleb128 0x2117
 706 0074 19       		.uleb128 0x19
 707 0075 01       		.uleb128 0x1
 708 0076 13       		.uleb128 0x13
 709 0077 00       		.byte	0
 710 0078 00       		.byte	0
 711 0079 0B       		.uleb128 0xb
 712 007a 05       		.uleb128 0x5
 713 007b 00       		.byte	0
 714 007c 03       		.uleb128 0x3
 715 007d 08       		.uleb128 0x8
 716 007e 3A       		.uleb128 0x3a
 717 007f 0B       		.uleb128 0xb
 718 0080 3B       		.uleb128 0x3b
 719 0081 0B       		.uleb128 0xb
 720 0082 49       		.uleb128 0x49
 721 0083 13       		.uleb128 0x13
 722 0084 02       		.uleb128 0x2
 723 0085 17       		.uleb128 0x17
 724 0086 00       		.byte	0
 725 0087 00       		.byte	0
 726 0088 0C       		.uleb128 0xc
 727 0089 898201   		.uleb128 0x4109
 728 008c 01       		.byte	0x1
 729 008d 11       		.uleb128 0x11
 730 008e 01       		.uleb128 0x1
 731 008f 31       		.uleb128 0x31
 732 0090 13       		.uleb128 0x13
 733 0091 00       		.byte	0
 734 0092 00       		.byte	0
 735 0093 0D       		.uleb128 0xd
 736 0094 8A8201   		.uleb128 0x410a
 737 0097 00       		.byte	0
 738 0098 02       		.uleb128 0x2
 739 0099 18       		.uleb128 0x18
 740 009a 9142     		.uleb128 0x2111
 741 009c 18       		.uleb128 0x18
 742 009d 00       		.byte	0
ARM GAS  C:\Users\Chris\AppData\Local\Temp\ccLkkwEa.s 			page 19


 743 009e 00       		.byte	0
 744 009f 0E       		.uleb128 0xe
 745 00a0 898201   		.uleb128 0x4109
 746 00a3 01       		.byte	0x1
 747 00a4 11       		.uleb128 0x11
 748 00a5 01       		.uleb128 0x1
 749 00a6 31       		.uleb128 0x31
 750 00a7 13       		.uleb128 0x13
 751 00a8 01       		.uleb128 0x1
 752 00a9 13       		.uleb128 0x13
 753 00aa 00       		.byte	0
 754 00ab 00       		.byte	0
 755 00ac 0F       		.uleb128 0xf
 756 00ad 2E       		.uleb128 0x2e
 757 00ae 01       		.byte	0x1
 758 00af 3F       		.uleb128 0x3f
 759 00b0 19       		.uleb128 0x19
 760 00b1 03       		.uleb128 0x3
 761 00b2 0E       		.uleb128 0xe
 762 00b3 3A       		.uleb128 0x3a
 763 00b4 0B       		.uleb128 0xb
 764 00b5 3B       		.uleb128 0x3b
 765 00b6 0B       		.uleb128 0xb
 766 00b7 27       		.uleb128 0x27
 767 00b8 19       		.uleb128 0x19
 768 00b9 11       		.uleb128 0x11
 769 00ba 01       		.uleb128 0x1
 770 00bb 12       		.uleb128 0x12
 771 00bc 06       		.uleb128 0x6
 772 00bd 40       		.uleb128 0x40
 773 00be 18       		.uleb128 0x18
 774 00bf 9742     		.uleb128 0x2117
 775 00c1 19       		.uleb128 0x19
 776 00c2 01       		.uleb128 0x1
 777 00c3 13       		.uleb128 0x13
 778 00c4 00       		.byte	0
 779 00c5 00       		.byte	0
 780 00c6 10       		.uleb128 0x10
 781 00c7 0B       		.uleb128 0xb
 782 00c8 01       		.byte	0x1
 783 00c9 11       		.uleb128 0x11
 784 00ca 01       		.uleb128 0x1
 785 00cb 12       		.uleb128 0x12
 786 00cc 06       		.uleb128 0x6
 787 00cd 01       		.uleb128 0x1
 788 00ce 13       		.uleb128 0x13
 789 00cf 00       		.byte	0
 790 00d0 00       		.byte	0
 791 00d1 11       		.uleb128 0x11
 792 00d2 13       		.uleb128 0x13
 793 00d3 01       		.byte	0x1
 794 00d4 0B       		.uleb128 0xb
 795 00d5 0B       		.uleb128 0xb
 796 00d6 3A       		.uleb128 0x3a
 797 00d7 0B       		.uleb128 0xb
 798 00d8 3B       		.uleb128 0x3b
 799 00d9 0B       		.uleb128 0xb
ARM GAS  C:\Users\Chris\AppData\Local\Temp\ccLkkwEa.s 			page 20


 800 00da 01       		.uleb128 0x1
 801 00db 13       		.uleb128 0x13
 802 00dc 00       		.byte	0
 803 00dd 00       		.byte	0
 804 00de 12       		.uleb128 0x12
 805 00df 0D       		.uleb128 0xd
 806 00e0 00       		.byte	0
 807 00e1 03       		.uleb128 0x3
 808 00e2 0E       		.uleb128 0xe
 809 00e3 3A       		.uleb128 0x3a
 810 00e4 0B       		.uleb128 0xb
 811 00e5 3B       		.uleb128 0x3b
 812 00e6 0B       		.uleb128 0xb
 813 00e7 49       		.uleb128 0x49
 814 00e8 13       		.uleb128 0x13
 815 00e9 38       		.uleb128 0x38
 816 00ea 0B       		.uleb128 0xb
 817 00eb 00       		.byte	0
 818 00ec 00       		.byte	0
 819 00ed 13       		.uleb128 0x13
 820 00ee 01       		.uleb128 0x1
 821 00ef 01       		.byte	0x1
 822 00f0 49       		.uleb128 0x49
 823 00f1 13       		.uleb128 0x13
 824 00f2 01       		.uleb128 0x1
 825 00f3 13       		.uleb128 0x13
 826 00f4 00       		.byte	0
 827 00f5 00       		.byte	0
 828 00f6 14       		.uleb128 0x14
 829 00f7 21       		.uleb128 0x21
 830 00f8 00       		.byte	0
 831 00f9 49       		.uleb128 0x49
 832 00fa 13       		.uleb128 0x13
 833 00fb 2F       		.uleb128 0x2f
 834 00fc 0B       		.uleb128 0xb
 835 00fd 00       		.byte	0
 836 00fe 00       		.byte	0
 837 00ff 15       		.uleb128 0x15
 838 0100 34       		.uleb128 0x34
 839 0101 00       		.byte	0
 840 0102 03       		.uleb128 0x3
 841 0103 0E       		.uleb128 0xe
 842 0104 3A       		.uleb128 0x3a
 843 0105 0B       		.uleb128 0xb
 844 0106 3B       		.uleb128 0x3b
 845 0107 0B       		.uleb128 0xb
 846 0108 49       		.uleb128 0x49
 847 0109 13       		.uleb128 0x13
 848 010a 02       		.uleb128 0x2
 849 010b 18       		.uleb128 0x18
 850 010c 00       		.byte	0
 851 010d 00       		.byte	0
 852 010e 16       		.uleb128 0x16
 853 010f 26       		.uleb128 0x26
 854 0110 00       		.byte	0
 855 0111 49       		.uleb128 0x49
 856 0112 13       		.uleb128 0x13
ARM GAS  C:\Users\Chris\AppData\Local\Temp\ccLkkwEa.s 			page 21


 857 0113 00       		.byte	0
 858 0114 00       		.byte	0
 859 0115 17       		.uleb128 0x17
 860 0116 34       		.uleb128 0x34
 861 0117 00       		.byte	0
 862 0118 03       		.uleb128 0x3
 863 0119 08       		.uleb128 0x8
 864 011a 3A       		.uleb128 0x3a
 865 011b 0B       		.uleb128 0xb
 866 011c 3B       		.uleb128 0x3b
 867 011d 0B       		.uleb128 0xb
 868 011e 49       		.uleb128 0x49
 869 011f 13       		.uleb128 0x13
 870 0120 02       		.uleb128 0x2
 871 0121 17       		.uleb128 0x17
 872 0122 00       		.byte	0
 873 0123 00       		.byte	0
 874 0124 18       		.uleb128 0x18
 875 0125 0B       		.uleb128 0xb
 876 0126 01       		.byte	0x1
 877 0127 11       		.uleb128 0x11
 878 0128 01       		.uleb128 0x1
 879 0129 12       		.uleb128 0x12
 880 012a 06       		.uleb128 0x6
 881 012b 00       		.byte	0
 882 012c 00       		.byte	0
 883 012d 19       		.uleb128 0x19
 884 012e 898201   		.uleb128 0x4109
 885 0131 00       		.byte	0
 886 0132 11       		.uleb128 0x11
 887 0133 01       		.uleb128 0x1
 888 0134 31       		.uleb128 0x31
 889 0135 13       		.uleb128 0x13
 890 0136 00       		.byte	0
 891 0137 00       		.byte	0
 892 0138 1A       		.uleb128 0x1a
 893 0139 2E       		.uleb128 0x2e
 894 013a 01       		.byte	0x1
 895 013b 3F       		.uleb128 0x3f
 896 013c 19       		.uleb128 0x19
 897 013d 03       		.uleb128 0x3
 898 013e 0E       		.uleb128 0xe
 899 013f 27       		.uleb128 0x27
 900 0140 19       		.uleb128 0x19
 901 0141 49       		.uleb128 0x49
 902 0142 13       		.uleb128 0x13
 903 0143 34       		.uleb128 0x34
 904 0144 19       		.uleb128 0x19
 905 0145 3C       		.uleb128 0x3c
 906 0146 19       		.uleb128 0x19
 907 0147 01       		.uleb128 0x1
 908 0148 13       		.uleb128 0x13
 909 0149 00       		.byte	0
 910 014a 00       		.byte	0
 911 014b 1B       		.uleb128 0x1b
 912 014c 05       		.uleb128 0x5
 913 014d 00       		.byte	0
ARM GAS  C:\Users\Chris\AppData\Local\Temp\ccLkkwEa.s 			page 22


 914 014e 49       		.uleb128 0x49
 915 014f 13       		.uleb128 0x13
 916 0150 00       		.byte	0
 917 0151 00       		.byte	0
 918 0152 1C       		.uleb128 0x1c
 919 0153 2E       		.uleb128 0x2e
 920 0154 01       		.byte	0x1
 921 0155 3F       		.uleb128 0x3f
 922 0156 19       		.uleb128 0x19
 923 0157 03       		.uleb128 0x3
 924 0158 0E       		.uleb128 0xe
 925 0159 3A       		.uleb128 0x3a
 926 015a 0B       		.uleb128 0xb
 927 015b 3B       		.uleb128 0x3b
 928 015c 0B       		.uleb128 0xb
 929 015d 27       		.uleb128 0x27
 930 015e 19       		.uleb128 0x19
 931 015f 3C       		.uleb128 0x3c
 932 0160 19       		.uleb128 0x19
 933 0161 01       		.uleb128 0x1
 934 0162 13       		.uleb128 0x13
 935 0163 00       		.byte	0
 936 0164 00       		.byte	0
 937 0165 1D       		.uleb128 0x1d
 938 0166 2E       		.uleb128 0x2e
 939 0167 01       		.byte	0x1
 940 0168 3F       		.uleb128 0x3f
 941 0169 19       		.uleb128 0x19
 942 016a 03       		.uleb128 0x3
 943 016b 0E       		.uleb128 0xe
 944 016c 3A       		.uleb128 0x3a
 945 016d 0B       		.uleb128 0xb
 946 016e 3B       		.uleb128 0x3b
 947 016f 0B       		.uleb128 0xb
 948 0170 27       		.uleb128 0x27
 949 0171 19       		.uleb128 0x19
 950 0172 49       		.uleb128 0x49
 951 0173 13       		.uleb128 0x13
 952 0174 3C       		.uleb128 0x3c
 953 0175 19       		.uleb128 0x19
 954 0176 01       		.uleb128 0x1
 955 0177 13       		.uleb128 0x13
 956 0178 00       		.byte	0
 957 0179 00       		.byte	0
 958 017a 1E       		.uleb128 0x1e
 959 017b 2E       		.uleb128 0x2e
 960 017c 01       		.byte	0x1
 961 017d 3F       		.uleb128 0x3f
 962 017e 19       		.uleb128 0x19
 963 017f 03       		.uleb128 0x3
 964 0180 0E       		.uleb128 0xe
 965 0181 3A       		.uleb128 0x3a
 966 0182 0B       		.uleb128 0xb
 967 0183 3B       		.uleb128 0x3b
 968 0184 0B       		.uleb128 0xb
 969 0185 27       		.uleb128 0x27
 970 0186 19       		.uleb128 0x19
ARM GAS  C:\Users\Chris\AppData\Local\Temp\ccLkkwEa.s 			page 23


 971 0187 3C       		.uleb128 0x3c
 972 0188 19       		.uleb128 0x19
 973 0189 00       		.byte	0
 974 018a 00       		.byte	0
 975 018b 00       		.byte	0
 976              		.section	.debug_loc,"",%progbits
 977              	.Ldebug_loc0:
 978              	.LLST0:
 979 0000 00000000 		.4byte	.LVL0
 980 0004 09000000 		.4byte	.LVL2-1
 981 0008 0100     		.2byte	0x1
 982 000a 50       		.byte	0x50
 983 000b 09000000 		.4byte	.LVL2-1
 984 000f 0C000000 		.4byte	.LFE0
 985 0013 0400     		.2byte	0x4
 986 0015 F3       		.byte	0xf3
 987 0016 01       		.uleb128 0x1
 988 0017 50       		.byte	0x50
 989 0018 9F       		.byte	0x9f
 990 0019 00000000 		.4byte	0
 991 001d 00000000 		.4byte	0
 992              	.LLST1:
 993 0021 00000000 		.4byte	.LVL0
 994 0025 06000000 		.4byte	.LVL1
 995 0029 0100     		.2byte	0x1
 996 002b 51       		.byte	0x51
 997 002c 06000000 		.4byte	.LVL1
 998 0030 09000000 		.4byte	.LVL2-1
 999 0034 0100     		.2byte	0x1
 1000 0036 52       		.byte	0x52
 1001 0037 09000000 		.4byte	.LVL2-1
 1002 003b 0C000000 		.4byte	.LFE0
 1003 003f 0400     		.2byte	0x4
 1004 0041 F3       		.byte	0xf3
 1005 0042 01       		.uleb128 0x1
 1006 0043 51       		.byte	0x51
 1007 0044 9F       		.byte	0x9f
 1008 0045 00000000 		.4byte	0
 1009 0049 00000000 		.4byte	0
 1010              	.LLST2:
 1011 004d 7C000000 		.4byte	.LVL6
 1012 0051 80000000 		.4byte	.LVL7
 1013 0055 0200     		.2byte	0x2
 1014 0057 30       		.byte	0x30
 1015 0058 9F       		.byte	0x9f
 1016 0059 80000000 		.4byte	.LVL7
 1017 005d A0000000 		.4byte	.LVL9
 1018 0061 0100     		.2byte	0x1
 1019 0063 54       		.byte	0x54
 1020 0064 A2000000 		.4byte	.LVL10
 1021 0068 FC000000 		.4byte	.LVL12
 1022 006c 0100     		.2byte	0x1
 1023 006e 54       		.byte	0x54
 1024 006f 00000000 		.4byte	0
 1025 0073 00000000 		.4byte	0
 1026              	.LLST3:
 1027 0077 80000000 		.4byte	.LVL7
ARM GAS  C:\Users\Chris\AppData\Local\Temp\ccLkkwEa.s 			page 24


 1028 007b A0000000 		.4byte	.LVL9
 1029 007f 0B00     		.2byte	0xb
 1030 0081 74       		.byte	0x74
 1031 0082 00       		.sleb128 0
 1032 0083 36       		.byte	0x36
 1033 0084 1E       		.byte	0x1e
 1034 0085 03       		.byte	0x3
 1035 0086 00000000 		.4byte	cfg_memset_list.4723
 1036 008a 22       		.byte	0x22
 1037 008b 9F       		.byte	0x9f
 1038 008c A0000000 		.4byte	.LVL9
 1039 0090 A2000000 		.4byte	.LVL10
 1040 0094 0B00     		.2byte	0xb
 1041 0096 74       		.byte	0x74
 1042 0097 7F       		.sleb128 -1
 1043 0098 36       		.byte	0x36
 1044 0099 1E       		.byte	0x1e
 1045 009a 03       		.byte	0x3
 1046 009b 00000000 		.4byte	cfg_memset_list.4723
 1047 009f 22       		.byte	0x22
 1048 00a0 9F       		.byte	0x9f
 1049 00a1 00000000 		.4byte	0
 1050 00a5 00000000 		.4byte	0
 1051              		.section	.debug_aranges,"",%progbits
 1052 0000 2C000000 		.4byte	0x2c
 1053 0004 0200     		.2byte	0x2
 1054 0006 00000000 		.4byte	.Ldebug_info0
 1055 000a 04       		.byte	0x4
 1056 000b 00       		.byte	0
 1057 000c 0000     		.2byte	0
 1058 000e 0000     		.2byte	0
 1059 0010 00000000 		.4byte	.LFB0
 1060 0014 0C000000 		.4byte	.LFE0-.LFB0
 1061 0018 00000000 		.4byte	.LFB3
 1062 001c 78000000 		.4byte	.LFE3-.LFB3
 1063 0020 78000000 		.4byte	.LFB5
 1064 0024 B4000000 		.4byte	.LFE5-.LFB5
 1065 0028 00000000 		.4byte	0
 1066 002c 00000000 		.4byte	0
 1067              		.section	.debug_ranges,"",%progbits
 1068              	.Ldebug_ranges0:
 1069 0000 00000000 		.4byte	.LFB0
 1070 0004 0C000000 		.4byte	.LFE0
 1071 0008 00000000 		.4byte	.LFB3
 1072 000c 78000000 		.4byte	.LFE3
 1073 0010 78000000 		.4byte	.LFB5
 1074 0014 2C010000 		.4byte	.LFE5
 1075 0018 00000000 		.4byte	0
 1076 001c 00000000 		.4byte	0
 1077              		.section	.debug_line,"",%progbits
 1078              	.Ldebug_line0:
 1079 0000 31010000 		.section	.debug_str,"MS",%progbits,1
 1079      0200D800 
 1079      00000201 
 1079      FB0E0D00 
 1079      01010101 
 1080              	.LASF18:
ARM GAS  C:\Users\Chris\AppData\Local\Temp\ccLkkwEa.s 			page 25


 1081 0000 72656733 		.ascii	"reg32\000"
 1081      3200
 1082              	.LASF11:
 1083 0006 73697A65 		.ascii	"size_t\000"
 1083      5F7400
 1084              	.LASF32:
 1085 000d 4379496E 		.ascii	"CyIntSetVector\000"
 1085      74536574 
 1085      56656374 
 1085      6F7200
 1086              	.LASF25:
 1087 001c 6366675F 		.ascii	"cfg_memset_list\000"
 1087      6D656D73 
 1087      65745F6C 
 1087      69737400 
 1088              	.LASF21:
 1089 002c 436C6F63 		.ascii	"ClockSetup\000"
 1089      6B536574 
 1089      757000
 1090              	.LASF4:
 1091 0037 73686F72 		.ascii	"short unsigned int\000"
 1091      7420756E 
 1091      7369676E 
 1091      65642069 
 1091      6E7400
 1092              	.LASF15:
 1093 004a 666C6F61 		.ascii	"float\000"
 1093      7400
 1094              	.LASF23:
 1095 0050 73697A65 		.ascii	"size\000"
 1095      00
 1096              	.LASF17:
 1097 0055 72656738 		.ascii	"reg8\000"
 1097      00
 1098              	.LASF6:
 1099 005a 6C6F6E67 		.ascii	"long unsigned int\000"
 1099      20756E73 
 1099      69676E65 
 1099      6420696E 
 1099      7400
 1100              	.LASF12:
 1101 006c 75696E74 		.ascii	"uint8\000"
 1101      3800
 1102              	.LASF20:
 1103 0072 43594D45 		.ascii	"CYMEMZERO\000"
 1103      4D5A4552 
 1103      4F00
 1104              	.LASF2:
 1105 007c 756E7369 		.ascii	"unsigned char\000"
 1105      676E6564 
 1105      20636861 
 1105      7200
 1106              	.LASF26:
 1107 008a 6D656D73 		.ascii	"memset\000"
 1107      657400
 1108              	.LASF16:
 1109 0091 646F7562 		.ascii	"double\000"
ARM GAS  C:\Users\Chris\AppData\Local\Temp\ccLkkwEa.s 			page 26


 1109      6C6500
 1110              	.LASF33:
 1111 0098 4379496E 		.ascii	"CyIntEnable\000"
 1111      74456E61 
 1111      626C6500 
 1112              	.LASF13:
 1113 00a4 75696E74 		.ascii	"uint16\000"
 1113      313600
 1114              	.LASF14:
 1115 00ab 75696E74 		.ascii	"uint32\000"
 1115      333200
 1116              	.LASF0:
 1117 00b2 756E7369 		.ascii	"unsigned int\000"
 1117      676E6564 
 1117      20696E74 
 1117      00
 1118              	.LASF31:
 1119 00bf 63796669 		.ascii	"cyfitter_cfg\000"
 1119      74746572 
 1119      5F636667 
 1119      00
 1120              	.LASF22:
 1121 00cc 61646472 		.ascii	"address\000"
 1121      65737300 
 1122              	.LASF8:
 1123 00d4 6C6F6E67 		.ascii	"long long unsigned int\000"
 1123      206C6F6E 
 1123      6720756E 
 1123      7369676E 
 1123      65642069 
 1124              	.LASF19:
 1125 00eb 63796973 		.ascii	"cyisraddress\000"
 1125      72616464 
 1125      72657373 
 1125      00
 1126              	.LASF24:
 1127 00f8 6366675F 		.ascii	"cfg_memset_t\000"
 1127      6D656D73 
 1127      65745F74 
 1127      00
 1128              	.LASF29:
 1129 0105 2E5C4765 		.ascii	".\\Generated_Source\\PSoC4\\cyfitter_cfg.c\000"
 1129      6E657261 
 1129      7465645F 
 1129      536F7572 
 1129      63655C50 
 1130              	.LASF9:
 1131 012d 73697A65 		.ascii	"sizetype\000"
 1131      74797065 
 1131      00
 1132              	.LASF7:
 1133 0136 6C6F6E67 		.ascii	"long long int\000"
 1133      206C6F6E 
 1133      6720696E 
 1133      7400
 1134              	.LASF30:
 1135 0144 433A5C55 		.ascii	"C:\\Users\\Chris\\Desktop\\ECEC 304\\Labs\\Lesson12"
ARM GAS  C:\Users\Chris\AppData\Local\Temp\ccLkkwEa.s 			page 27


 1135      73657273 
 1135      5C436872 
 1135      69735C44 
 1135      65736B74 
 1136 0171 2E637964 		.ascii	".cydsn\000"
 1136      736E00
 1137              	.LASF10:
 1138 0178 63686172 		.ascii	"char\000"
 1138      00
 1139              	.LASF28:
 1140 017d 474E5520 		.ascii	"GNU C 4.9.3 20150303 (release) [ARM/embedded-4_9-br"
 1140      4320342E 
 1140      392E3320 
 1140      32303135 
 1140      30333033 
 1141 01b0 616E6368 		.ascii	"anch revision 221220] -mcpu=cortex-m0 -mthumb -g -O"
 1141      20726576 
 1141      6973696F 
 1141      6E203232 
 1141      31323230 
 1142 01e3 67202D66 		.ascii	"g -ffunction-sections -ffat-lto-objects\000"
 1142      66756E63 
 1142      74696F6E 
 1142      2D736563 
 1142      74696F6E 
 1143              	.LASF3:
 1144 020b 73686F72 		.ascii	"short int\000"
 1144      7420696E 
 1144      7400
 1145              	.LASF27:
 1146 0215 43795379 		.ascii	"CySysClkWriteImoFreq\000"
 1146      73436C6B 
 1146      57726974 
 1146      65496D6F 
 1146      46726571 
 1147              	.LASF5:
 1148 022a 6C6F6E67 		.ascii	"long int\000"
 1148      20696E74 
 1148      00
 1149              	.LASF1:
 1150 0233 7369676E 		.ascii	"signed char\000"
 1150      65642063 
 1150      68617200 
 1151              		.ident	"GCC: (GNU Tools for ARM Embedded Processors) 4.9.3 20150303 (release) [ARM/embedded-4_9-br
