ARM GAS  C:\Users\Chris\AppData\Local\Temp\cceuFmwb.s 			page 1


   1              		.cpu cortex-m0
   2              		.fpu softvfp
   3              		.eabi_attribute 20, 1
   4              		.eabi_attribute 21, 1
   5              		.eabi_attribute 23, 3
   6              		.eabi_attribute 24, 1
   7              		.eabi_attribute 25, 1
   8              		.eabi_attribute 26, 1
   9              		.eabi_attribute 30, 1
  10              		.eabi_attribute 34, 0
  11              		.eabi_attribute 18, 4
  12              		.code	16
  13              		.file	"main.c"
  14              		.text
  15              	.Ltext0:
  16              		.cfi_sections	.debug_frame
  17              		.section	.text.main,"ax",%progbits
  18              		.align	2
  19              		.global	main
  20              		.code	16
  21              		.thumb_func
  22              		.type	main, %function
  23              	main:
  24              	.LFB34:
  25              		.file 1 ".\\main.c"
   1:.\main.c      **** /* ========================================
   2:.\main.c      ****  *
   3:.\main.c      ****  * Copyright YOUR COMPANY, THE YEAR
   4:.\main.c      ****  * All Rights Reserved
   5:.\main.c      ****  * UNPUBLISHED, LICENSED SOFTWARE.
   6:.\main.c      ****  *
   7:.\main.c      ****  * CONFIDENTIAL AND PROPRIETARY INFORMATION
   8:.\main.c      ****  * WHICH IS THE PROPERTY OF your company.
   9:.\main.c      ****  *
  10:.\main.c      ****  * ========================================
  11:.\main.c      **** */
  12:.\main.c      **** #include <project.h>
  13:.\main.c      **** 
  14:.\main.c      **** int main()
  15:.\main.c      **** {
  26              		.loc 1 15 0
  27              		.cfi_startproc
  28 0000 08B5     		push	{r3, lr}
  29              		.cfi_def_cfa_offset 8
  30              		.cfi_offset 3, -8
  31              		.cfi_offset 14, -4
  16:.\main.c      ****     CyGlobalIntEnable; /* Enable global interrupts. */
  32              		.loc 1 16 0
  33              	@ 16 ".\main.c" 1
  34 0002 62B6     		CPSIE   i
  35              	@ 0 "" 2
  17:.\main.c      **** 
  18:.\main.c      ****     UART_Start();
  36              		.loc 1 18 0
  37              		.code	16
  38 0004 FFF7FEFF 		bl	UART_Start
  39              	.LVL0:
ARM GAS  C:\Users\Chris\AppData\Local\Temp\cceuFmwb.s 			page 2


  19:.\main.c      ****     UART_UartPutString("Hello World!");
  40              		.loc 1 19 0
  41 0008 0148     		ldr	r0, .L3
  42 000a FFF7FEFF 		bl	UART_UartPutString
  43              	.LVL1:
  44              	.L2:
  20:.\main.c      ****     
  21:.\main.c      ****     for(;;)
  22:.\main.c      ****     {
  23:.\main.c      ****         /* Place your application code here. */
  24:.\main.c      ****     }
  45              		.loc 1 24 0 discriminator 1
  46 000e FEE7     		b	.L2
  47              	.L4:
  48              		.align	2
  49              	.L3:
  50 0010 00000000 		.word	.LC0
  51              		.cfi_endproc
  52              	.LFE34:
  53              		.size	main, .-main
  54              		.section	.rodata.str1.4,"aMS",%progbits,1
  55              		.align	2
  56              	.LC0:
  57 0000 48656C6C 		.ascii	"Hello World!\000"
  57      6F20576F 
  57      726C6421 
  57      00
  58 000d 000000   		.text
  59              	.Letext0:
  60              		.file 2 "Generated_Source\\PSoC4/cytypes.h"
  61              		.file 3 "Generated_Source\\PSoC4/UART.h"
  62              		.file 4 "Generated_Source\\PSoC4/UART_SPI_UART.h"
  63              		.section	.debug_info,"",%progbits
  64              	.Ldebug_info0:
  65 0000 EA000000 		.4byte	0xea
  66 0004 0400     		.2byte	0x4
  67 0006 00000000 		.4byte	.Ldebug_abbrev0
  68 000a 04       		.byte	0x4
  69 000b 01       		.uleb128 0x1
  70 000c A6000000 		.4byte	.LASF13
  71 0010 01       		.byte	0x1
  72 0011 68010000 		.4byte	.LASF14
  73 0015 34010000 		.4byte	.LASF15
  74 0019 00000000 		.4byte	.Ldebug_ranges0+0
  75 001d 00000000 		.4byte	0
  76 0021 00000000 		.4byte	.Ldebug_line0
  77 0025 02       		.uleb128 0x2
  78 0026 01       		.byte	0x1
  79 0027 06       		.byte	0x6
  80 0028 9A000000 		.4byte	.LASF0
  81 002c 02       		.uleb128 0x2
  82 002d 01       		.byte	0x1
  83 002e 08       		.byte	0x8
  84 002f 5A000000 		.4byte	.LASF1
  85 0033 02       		.uleb128 0x2
  86 0034 02       		.byte	0x2
  87 0035 05       		.byte	0x5
ARM GAS  C:\Users\Chris\AppData\Local\Temp\cceuFmwb.s 			page 3


  88 0036 76000000 		.4byte	.LASF2
  89 003a 02       		.uleb128 0x2
  90 003b 02       		.byte	0x2
  91 003c 07       		.byte	0x7
  92 003d 87000000 		.4byte	.LASF3
  93 0041 02       		.uleb128 0x2
  94 0042 04       		.byte	0x4
  95 0043 05       		.byte	0x5
  96 0044 6D000000 		.4byte	.LASF4
  97 0048 02       		.uleb128 0x2
  98 0049 04       		.byte	0x4
  99 004a 07       		.byte	0x7
 100 004b 20000000 		.4byte	.LASF5
 101 004f 02       		.uleb128 0x2
 102 0050 08       		.byte	0x8
 103 0051 05       		.byte	0x5
 104 0052 00000000 		.4byte	.LASF6
 105 0056 02       		.uleb128 0x2
 106 0057 08       		.byte	0x8
 107 0058 07       		.byte	0x7
 108 0059 32000000 		.4byte	.LASF7
 109 005d 03       		.uleb128 0x3
 110 005e 04       		.byte	0x4
 111 005f 05       		.byte	0x5
 112 0060 696E7400 		.ascii	"int\000"
 113 0064 02       		.uleb128 0x2
 114 0065 04       		.byte	0x4
 115 0066 07       		.byte	0x7
 116 0067 0E000000 		.4byte	.LASF8
 117 006b 02       		.uleb128 0x2
 118 006c 04       		.byte	0x4
 119 006d 04       		.byte	0x4
 120 006e 49000000 		.4byte	.LASF9
 121 0072 02       		.uleb128 0x2
 122 0073 08       		.byte	0x8
 123 0074 04       		.byte	0x4
 124 0075 80000000 		.4byte	.LASF10
 125 0079 04       		.uleb128 0x4
 126 007a 8D010000 		.4byte	.LASF16
 127 007e 02       		.byte	0x2
 128 007f A901     		.2byte	0x1a9
 129 0081 85000000 		.4byte	0x85
 130 0085 02       		.uleb128 0x2
 131 0086 01       		.byte	0x1
 132 0087 08       		.byte	0x8
 133 0088 68000000 		.4byte	.LASF11
 134 008c 02       		.uleb128 0x2
 135 008d 04       		.byte	0x4
 136 008e 07       		.byte	0x7
 137 008f 84010000 		.4byte	.LASF12
 138 0093 05       		.uleb128 0x5
 139 0094 1B000000 		.4byte	.LASF17
 140 0098 01       		.byte	0x1
 141 0099 0E       		.byte	0xe
 142 009a 5D000000 		.4byte	0x5d
 143 009e 00000000 		.4byte	.LFB34
 144 00a2 14000000 		.4byte	.LFE34-.LFB34
ARM GAS  C:\Users\Chris\AppData\Local\Temp\cceuFmwb.s 			page 4


 145 00a6 01       		.uleb128 0x1
 146 00a7 9C       		.byte	0x9c
 147 00a8 C9000000 		.4byte	0xc9
 148 00ac 06       		.uleb128 0x6
 149 00ad 08000000 		.4byte	.LVL0
 150 00b1 C9000000 		.4byte	0xc9
 151 00b5 07       		.uleb128 0x7
 152 00b6 0E000000 		.4byte	.LVL1
 153 00ba D0000000 		.4byte	0xd0
 154 00be 08       		.uleb128 0x8
 155 00bf 01       		.uleb128 0x1
 156 00c0 50       		.byte	0x50
 157 00c1 05       		.uleb128 0x5
 158 00c2 03       		.byte	0x3
 159 00c3 00000000 		.4byte	.LC0
 160 00c7 00       		.byte	0
 161 00c8 00       		.byte	0
 162 00c9 09       		.uleb128 0x9
 163 00ca 4F000000 		.4byte	.LASF18
 164 00ce 03       		.byte	0x3
 165 00cf 6E       		.byte	0x6e
 166 00d0 0A       		.uleb128 0xa
 167 00d1 71010000 		.4byte	.LASF19
 168 00d5 04       		.byte	0x4
 169 00d6 2103     		.2byte	0x321
 170 00d8 E2000000 		.4byte	0xe2
 171 00dc 0B       		.uleb128 0xb
 172 00dd E2000000 		.4byte	0xe2
 173 00e1 00       		.byte	0
 174 00e2 0C       		.uleb128 0xc
 175 00e3 04       		.byte	0x4
 176 00e4 E8000000 		.4byte	0xe8
 177 00e8 0D       		.uleb128 0xd
 178 00e9 79000000 		.4byte	0x79
 179 00ed 00       		.byte	0
 180              		.section	.debug_abbrev,"",%progbits
 181              	.Ldebug_abbrev0:
 182 0000 01       		.uleb128 0x1
 183 0001 11       		.uleb128 0x11
 184 0002 01       		.byte	0x1
 185 0003 25       		.uleb128 0x25
 186 0004 0E       		.uleb128 0xe
 187 0005 13       		.uleb128 0x13
 188 0006 0B       		.uleb128 0xb
 189 0007 03       		.uleb128 0x3
 190 0008 0E       		.uleb128 0xe
 191 0009 1B       		.uleb128 0x1b
 192 000a 0E       		.uleb128 0xe
 193 000b 55       		.uleb128 0x55
 194 000c 17       		.uleb128 0x17
 195 000d 11       		.uleb128 0x11
 196 000e 01       		.uleb128 0x1
 197 000f 10       		.uleb128 0x10
 198 0010 17       		.uleb128 0x17
 199 0011 00       		.byte	0
 200 0012 00       		.byte	0
 201 0013 02       		.uleb128 0x2
ARM GAS  C:\Users\Chris\AppData\Local\Temp\cceuFmwb.s 			page 5


 202 0014 24       		.uleb128 0x24
 203 0015 00       		.byte	0
 204 0016 0B       		.uleb128 0xb
 205 0017 0B       		.uleb128 0xb
 206 0018 3E       		.uleb128 0x3e
 207 0019 0B       		.uleb128 0xb
 208 001a 03       		.uleb128 0x3
 209 001b 0E       		.uleb128 0xe
 210 001c 00       		.byte	0
 211 001d 00       		.byte	0
 212 001e 03       		.uleb128 0x3
 213 001f 24       		.uleb128 0x24
 214 0020 00       		.byte	0
 215 0021 0B       		.uleb128 0xb
 216 0022 0B       		.uleb128 0xb
 217 0023 3E       		.uleb128 0x3e
 218 0024 0B       		.uleb128 0xb
 219 0025 03       		.uleb128 0x3
 220 0026 08       		.uleb128 0x8
 221 0027 00       		.byte	0
 222 0028 00       		.byte	0
 223 0029 04       		.uleb128 0x4
 224 002a 16       		.uleb128 0x16
 225 002b 00       		.byte	0
 226 002c 03       		.uleb128 0x3
 227 002d 0E       		.uleb128 0xe
 228 002e 3A       		.uleb128 0x3a
 229 002f 0B       		.uleb128 0xb
 230 0030 3B       		.uleb128 0x3b
 231 0031 05       		.uleb128 0x5
 232 0032 49       		.uleb128 0x49
 233 0033 13       		.uleb128 0x13
 234 0034 00       		.byte	0
 235 0035 00       		.byte	0
 236 0036 05       		.uleb128 0x5
 237 0037 2E       		.uleb128 0x2e
 238 0038 01       		.byte	0x1
 239 0039 3F       		.uleb128 0x3f
 240 003a 19       		.uleb128 0x19
 241 003b 03       		.uleb128 0x3
 242 003c 0E       		.uleb128 0xe
 243 003d 3A       		.uleb128 0x3a
 244 003e 0B       		.uleb128 0xb
 245 003f 3B       		.uleb128 0x3b
 246 0040 0B       		.uleb128 0xb
 247 0041 49       		.uleb128 0x49
 248 0042 13       		.uleb128 0x13
 249 0043 11       		.uleb128 0x11
 250 0044 01       		.uleb128 0x1
 251 0045 12       		.uleb128 0x12
 252 0046 06       		.uleb128 0x6
 253 0047 40       		.uleb128 0x40
 254 0048 18       		.uleb128 0x18
 255 0049 9742     		.uleb128 0x2117
 256 004b 19       		.uleb128 0x19
 257 004c 01       		.uleb128 0x1
 258 004d 13       		.uleb128 0x13
ARM GAS  C:\Users\Chris\AppData\Local\Temp\cceuFmwb.s 			page 6


 259 004e 00       		.byte	0
 260 004f 00       		.byte	0
 261 0050 06       		.uleb128 0x6
 262 0051 898201   		.uleb128 0x4109
 263 0054 00       		.byte	0
 264 0055 11       		.uleb128 0x11
 265 0056 01       		.uleb128 0x1
 266 0057 31       		.uleb128 0x31
 267 0058 13       		.uleb128 0x13
 268 0059 00       		.byte	0
 269 005a 00       		.byte	0
 270 005b 07       		.uleb128 0x7
 271 005c 898201   		.uleb128 0x4109
 272 005f 01       		.byte	0x1
 273 0060 11       		.uleb128 0x11
 274 0061 01       		.uleb128 0x1
 275 0062 31       		.uleb128 0x31
 276 0063 13       		.uleb128 0x13
 277 0064 00       		.byte	0
 278 0065 00       		.byte	0
 279 0066 08       		.uleb128 0x8
 280 0067 8A8201   		.uleb128 0x410a
 281 006a 00       		.byte	0
 282 006b 02       		.uleb128 0x2
 283 006c 18       		.uleb128 0x18
 284 006d 9142     		.uleb128 0x2111
 285 006f 18       		.uleb128 0x18
 286 0070 00       		.byte	0
 287 0071 00       		.byte	0
 288 0072 09       		.uleb128 0x9
 289 0073 2E       		.uleb128 0x2e
 290 0074 00       		.byte	0
 291 0075 3F       		.uleb128 0x3f
 292 0076 19       		.uleb128 0x19
 293 0077 03       		.uleb128 0x3
 294 0078 0E       		.uleb128 0xe
 295 0079 3A       		.uleb128 0x3a
 296 007a 0B       		.uleb128 0xb
 297 007b 3B       		.uleb128 0x3b
 298 007c 0B       		.uleb128 0xb
 299 007d 27       		.uleb128 0x27
 300 007e 19       		.uleb128 0x19
 301 007f 3C       		.uleb128 0x3c
 302 0080 19       		.uleb128 0x19
 303 0081 00       		.byte	0
 304 0082 00       		.byte	0
 305 0083 0A       		.uleb128 0xa
 306 0084 2E       		.uleb128 0x2e
 307 0085 01       		.byte	0x1
 308 0086 3F       		.uleb128 0x3f
 309 0087 19       		.uleb128 0x19
 310 0088 03       		.uleb128 0x3
 311 0089 0E       		.uleb128 0xe
 312 008a 3A       		.uleb128 0x3a
 313 008b 0B       		.uleb128 0xb
 314 008c 3B       		.uleb128 0x3b
 315 008d 05       		.uleb128 0x5
ARM GAS  C:\Users\Chris\AppData\Local\Temp\cceuFmwb.s 			page 7


 316 008e 27       		.uleb128 0x27
 317 008f 19       		.uleb128 0x19
 318 0090 3C       		.uleb128 0x3c
 319 0091 19       		.uleb128 0x19
 320 0092 01       		.uleb128 0x1
 321 0093 13       		.uleb128 0x13
 322 0094 00       		.byte	0
 323 0095 00       		.byte	0
 324 0096 0B       		.uleb128 0xb
 325 0097 05       		.uleb128 0x5
 326 0098 00       		.byte	0
 327 0099 49       		.uleb128 0x49
 328 009a 13       		.uleb128 0x13
 329 009b 00       		.byte	0
 330 009c 00       		.byte	0
 331 009d 0C       		.uleb128 0xc
 332 009e 0F       		.uleb128 0xf
 333 009f 00       		.byte	0
 334 00a0 0B       		.uleb128 0xb
 335 00a1 0B       		.uleb128 0xb
 336 00a2 49       		.uleb128 0x49
 337 00a3 13       		.uleb128 0x13
 338 00a4 00       		.byte	0
 339 00a5 00       		.byte	0
 340 00a6 0D       		.uleb128 0xd
 341 00a7 26       		.uleb128 0x26
 342 00a8 00       		.byte	0
 343 00a9 49       		.uleb128 0x49
 344 00aa 13       		.uleb128 0x13
 345 00ab 00       		.byte	0
 346 00ac 00       		.byte	0
 347 00ad 00       		.byte	0
 348              		.section	.debug_aranges,"",%progbits
 349 0000 1C000000 		.4byte	0x1c
 350 0004 0200     		.2byte	0x2
 351 0006 00000000 		.4byte	.Ldebug_info0
 352 000a 04       		.byte	0x4
 353 000b 00       		.byte	0
 354 000c 0000     		.2byte	0
 355 000e 0000     		.2byte	0
 356 0010 00000000 		.4byte	.LFB34
 357 0014 14000000 		.4byte	.LFE34-.LFB34
 358 0018 00000000 		.4byte	0
 359 001c 00000000 		.4byte	0
 360              		.section	.debug_ranges,"",%progbits
 361              	.Ldebug_ranges0:
 362 0000 00000000 		.4byte	.LFB34
 363 0004 14000000 		.4byte	.LFE34
 364 0008 00000000 		.4byte	0
 365 000c 00000000 		.4byte	0
 366              		.section	.debug_line,"",%progbits
 367              	.Ldebug_line0:
 368 0000 7D000000 		.section	.debug_str,"MS",%progbits,1
 368      02006000 
 368      00000201 
 368      FB0E0D00 
 368      01010101 
ARM GAS  C:\Users\Chris\AppData\Local\Temp\cceuFmwb.s 			page 8


 369              	.LASF6:
 370 0000 6C6F6E67 		.ascii	"long long int\000"
 370      206C6F6E 
 370      6720696E 
 370      7400
 371              	.LASF8:
 372 000e 756E7369 		.ascii	"unsigned int\000"
 372      676E6564 
 372      20696E74 
 372      00
 373              	.LASF17:
 374 001b 6D61696E 		.ascii	"main\000"
 374      00
 375              	.LASF5:
 376 0020 6C6F6E67 		.ascii	"long unsigned int\000"
 376      20756E73 
 376      69676E65 
 376      6420696E 
 376      7400
 377              	.LASF7:
 378 0032 6C6F6E67 		.ascii	"long long unsigned int\000"
 378      206C6F6E 
 378      6720756E 
 378      7369676E 
 378      65642069 
 379              	.LASF9:
 380 0049 666C6F61 		.ascii	"float\000"
 380      7400
 381              	.LASF18:
 382 004f 55415254 		.ascii	"UART_Start\000"
 382      5F537461 
 382      727400
 383              	.LASF1:
 384 005a 756E7369 		.ascii	"unsigned char\000"
 384      676E6564 
 384      20636861 
 384      7200
 385              	.LASF11:
 386 0068 63686172 		.ascii	"char\000"
 386      00
 387              	.LASF4:
 388 006d 6C6F6E67 		.ascii	"long int\000"
 388      20696E74 
 388      00
 389              	.LASF2:
 390 0076 73686F72 		.ascii	"short int\000"
 390      7420696E 
 390      7400
 391              	.LASF10:
 392 0080 646F7562 		.ascii	"double\000"
 392      6C6500
 393              	.LASF3:
 394 0087 73686F72 		.ascii	"short unsigned int\000"
 394      7420756E 
 394      7369676E 
 394      65642069 
 394      6E7400
ARM GAS  C:\Users\Chris\AppData\Local\Temp\cceuFmwb.s 			page 9


 395              	.LASF0:
 396 009a 7369676E 		.ascii	"signed char\000"
 396      65642063 
 396      68617200 
 397              	.LASF13:
 398 00a6 474E5520 		.ascii	"GNU C 4.9.3 20150303 (release) [ARM/embedded-4_9-br"
 398      4320342E 
 398      392E3320 
 398      32303135 
 398      30333033 
 399 00d9 616E6368 		.ascii	"anch revision 221220] -mcpu=cortex-m0 -mthumb -g -O"
 399      20726576 
 399      6973696F 
 399      6E203232 
 399      31323230 
 400 010c 67202D66 		.ascii	"g -ffunction-sections -ffat-lto-objects\000"
 400      66756E63 
 400      74696F6E 
 400      2D736563 
 400      74696F6E 
 401              	.LASF15:
 402 0134 433A5C55 		.ascii	"C:\\Users\\Chris\\Desktop\\ECEC 304\\Labs\\Lesson12"
 402      73657273 
 402      5C436872 
 402      69735C44 
 402      65736B74 
 403 0161 2E637964 		.ascii	".cydsn\000"
 403      736E00
 404              	.LASF14:
 405 0168 2E5C6D61 		.ascii	".\\main.c\000"
 405      696E2E63 
 405      00
 406              	.LASF19:
 407 0171 55415254 		.ascii	"UART_UartPutString\000"
 407      5F556172 
 407      74507574 
 407      53747269 
 407      6E6700
 408              	.LASF12:
 409 0184 73697A65 		.ascii	"sizetype\000"
 409      74797065 
 409      00
 410              	.LASF16:
 411 018d 63686172 		.ascii	"char8\000"
 411      3800
 412              		.ident	"GCC: (GNU Tools for ARM Embedded Processors) 4.9.3 20150303 (release) [ARM/embedded-4_9-br
