ARM GAS  C:\Users\cdc75\AppData\Local\Temp\ccJafv1P.s 			page 1


   1              		.cpu cortex-m0
   2              		.fpu softvfp
   3              		.eabi_attribute 20, 1
   4              		.eabi_attribute 21, 1
   5              		.eabi_attribute 23, 3
   6              		.eabi_attribute 24, 1
   7              		.eabi_attribute 25, 1
   8              		.eabi_attribute 26, 1
   9              		.eabi_attribute 30, 1
  10              		.eabi_attribute 34, 0
  11              		.eabi_attribute 18, 4
  12              		.code	16
  13              		.file	"cyfitter_cfg.c"
  14              		.text
  15              	.Ltext0:
  16              		.cfi_sections	.debug_frame
  17              		.section	.text.cfg_write_bytes32,"ax",%progbits
  18              		.align	2
  19              		.code	16
  20              		.thumb_func
  21              		.type	cfg_write_bytes32, %function
  22              	cfg_write_bytes32:
  23              	.LFB3:
  24              		.file 1 ".\\Generated_Source\\PSoC4\\cyfitter_cfg.c"
   1:.\Generated_Source\PSoC4/cyfitter_cfg.c **** /*******************************************************************************
   2:.\Generated_Source\PSoC4/cyfitter_cfg.c **** * File Name: cyfitter_cfg.c
   3:.\Generated_Source\PSoC4/cyfitter_cfg.c **** * 
   4:.\Generated_Source\PSoC4/cyfitter_cfg.c **** * PSoC Creator  3.3 CP3
   5:.\Generated_Source\PSoC4/cyfitter_cfg.c **** *
   6:.\Generated_Source\PSoC4/cyfitter_cfg.c **** * Description:
   7:.\Generated_Source\PSoC4/cyfitter_cfg.c **** * This file contains device initialization code.
   8:.\Generated_Source\PSoC4/cyfitter_cfg.c **** * Except for the user defined sections in CyClockStartupError(), this file should not be modified.
   9:.\Generated_Source\PSoC4/cyfitter_cfg.c **** * This file is automatically generated by PSoC Creator.
  10:.\Generated_Source\PSoC4/cyfitter_cfg.c **** *
  11:.\Generated_Source\PSoC4/cyfitter_cfg.c **** ********************************************************************************
  12:.\Generated_Source\PSoC4/cyfitter_cfg.c **** * Copyright (c) 2007-2016 Cypress Semiconductor.  All rights reserved.
  13:.\Generated_Source\PSoC4/cyfitter_cfg.c **** * You may use this file only in accordance with the license, terms, conditions, 
  14:.\Generated_Source\PSoC4/cyfitter_cfg.c **** * disclaimers, and limitations in the end user license agreement accompanying 
  15:.\Generated_Source\PSoC4/cyfitter_cfg.c **** * the software package with which this file was provided.
  16:.\Generated_Source\PSoC4/cyfitter_cfg.c **** ********************************************************************************/
  17:.\Generated_Source\PSoC4/cyfitter_cfg.c **** 
  18:.\Generated_Source\PSoC4/cyfitter_cfg.c **** #include <string.h>
  19:.\Generated_Source\PSoC4/cyfitter_cfg.c **** #include "cytypes.h"
  20:.\Generated_Source\PSoC4/cyfitter_cfg.c **** #include "cydevice_trm.h"
  21:.\Generated_Source\PSoC4/cyfitter_cfg.c **** #include "cyfitter.h"
  22:.\Generated_Source\PSoC4/cyfitter_cfg.c **** #include "CyLib.h"
  23:.\Generated_Source\PSoC4/cyfitter_cfg.c **** #include "CyLFClk.h"
  24:.\Generated_Source\PSoC4/cyfitter_cfg.c **** #include "cyfitter_cfg.h"
  25:.\Generated_Source\PSoC4/cyfitter_cfg.c **** 
  26:.\Generated_Source\PSoC4/cyfitter_cfg.c **** 
  27:.\Generated_Source\PSoC4/cyfitter_cfg.c **** #if defined(__GNUC__) || defined(__ARMCC_VERSION)
  28:.\Generated_Source\PSoC4/cyfitter_cfg.c ****     #define CYPACKED 
  29:.\Generated_Source\PSoC4/cyfitter_cfg.c ****     #define CYPACKED_ATTR __attribute__ ((packed))
  30:.\Generated_Source\PSoC4/cyfitter_cfg.c ****     #define CYALIGNED __attribute__ ((aligned))
  31:.\Generated_Source\PSoC4/cyfitter_cfg.c ****     #define CY_CFG_UNUSED __attribute__ ((unused))
  32:.\Generated_Source\PSoC4/cyfitter_cfg.c ****     #ifndef CY_CFG_SECTION
  33:.\Generated_Source\PSoC4/cyfitter_cfg.c ****         #define CY_CFG_SECTION __attribute__ ((section(".psocinit")))
ARM GAS  C:\Users\cdc75\AppData\Local\Temp\ccJafv1P.s 			page 2


  34:.\Generated_Source\PSoC4/cyfitter_cfg.c ****     #endif
  35:.\Generated_Source\PSoC4/cyfitter_cfg.c ****     
  36:.\Generated_Source\PSoC4/cyfitter_cfg.c ****     #if defined(__ARMCC_VERSION)
  37:.\Generated_Source\PSoC4/cyfitter_cfg.c ****         #define CY_CFG_MEMORY_BARRIER() __memory_changed()
  38:.\Generated_Source\PSoC4/cyfitter_cfg.c ****     #else
  39:.\Generated_Source\PSoC4/cyfitter_cfg.c ****         #define CY_CFG_MEMORY_BARRIER() __sync_synchronize()
  40:.\Generated_Source\PSoC4/cyfitter_cfg.c ****     #endif
  41:.\Generated_Source\PSoC4/cyfitter_cfg.c ****     
  42:.\Generated_Source\PSoC4/cyfitter_cfg.c **** #elif defined(__ICCARM__)
  43:.\Generated_Source\PSoC4/cyfitter_cfg.c ****     #include <intrinsics.h>
  44:.\Generated_Source\PSoC4/cyfitter_cfg.c **** 
  45:.\Generated_Source\PSoC4/cyfitter_cfg.c ****     #define CYPACKED __packed
  46:.\Generated_Source\PSoC4/cyfitter_cfg.c ****     #define CYPACKED_ATTR 
  47:.\Generated_Source\PSoC4/cyfitter_cfg.c ****     #define CYALIGNED _Pragma("data_alignment=4")
  48:.\Generated_Source\PSoC4/cyfitter_cfg.c ****     #define CY_CFG_UNUSED _Pragma("diag_suppress=Pe177")
  49:.\Generated_Source\PSoC4/cyfitter_cfg.c ****     #define CY_CFG_SECTION _Pragma("location=\".psocinit\"")
  50:.\Generated_Source\PSoC4/cyfitter_cfg.c ****     
  51:.\Generated_Source\PSoC4/cyfitter_cfg.c ****     #define CY_CFG_MEMORY_BARRIER() __DMB()
  52:.\Generated_Source\PSoC4/cyfitter_cfg.c ****     
  53:.\Generated_Source\PSoC4/cyfitter_cfg.c **** #else
  54:.\Generated_Source\PSoC4/cyfitter_cfg.c ****     #error Unsupported toolchain
  55:.\Generated_Source\PSoC4/cyfitter_cfg.c **** #endif
  56:.\Generated_Source\PSoC4/cyfitter_cfg.c **** 
  57:.\Generated_Source\PSoC4/cyfitter_cfg.c **** 
  58:.\Generated_Source\PSoC4/cyfitter_cfg.c **** CY_CFG_UNUSED
  59:.\Generated_Source\PSoC4/cyfitter_cfg.c **** static void CYMEMZERO(void *s, size_t n);
  60:.\Generated_Source\PSoC4/cyfitter_cfg.c **** CY_CFG_UNUSED
  61:.\Generated_Source\PSoC4/cyfitter_cfg.c **** static void CYMEMZERO(void *s, size_t n)
  62:.\Generated_Source\PSoC4/cyfitter_cfg.c **** {
  63:.\Generated_Source\PSoC4/cyfitter_cfg.c **** 	(void)memset(s, 0, n);
  64:.\Generated_Source\PSoC4/cyfitter_cfg.c **** }
  65:.\Generated_Source\PSoC4/cyfitter_cfg.c **** CY_CFG_UNUSED
  66:.\Generated_Source\PSoC4/cyfitter_cfg.c **** static void CYCONFIGCPY(void *dest, const void *src, size_t n);
  67:.\Generated_Source\PSoC4/cyfitter_cfg.c **** CY_CFG_UNUSED
  68:.\Generated_Source\PSoC4/cyfitter_cfg.c **** static void CYCONFIGCPY(void *dest, const void *src, size_t n)
  69:.\Generated_Source\PSoC4/cyfitter_cfg.c **** {
  70:.\Generated_Source\PSoC4/cyfitter_cfg.c **** 	(void)memcpy(dest, src, n);
  71:.\Generated_Source\PSoC4/cyfitter_cfg.c **** }
  72:.\Generated_Source\PSoC4/cyfitter_cfg.c **** CY_CFG_UNUSED
  73:.\Generated_Source\PSoC4/cyfitter_cfg.c **** static void CYCONFIGCPYCODE(void *dest, const void *src, size_t n);
  74:.\Generated_Source\PSoC4/cyfitter_cfg.c **** CY_CFG_UNUSED
  75:.\Generated_Source\PSoC4/cyfitter_cfg.c **** static void CYCONFIGCPYCODE(void *dest, const void *src, size_t n)
  76:.\Generated_Source\PSoC4/cyfitter_cfg.c **** {
  77:.\Generated_Source\PSoC4/cyfitter_cfg.c **** 	(void)memcpy(dest, src, n);
  78:.\Generated_Source\PSoC4/cyfitter_cfg.c **** }
  79:.\Generated_Source\PSoC4/cyfitter_cfg.c **** 
  80:.\Generated_Source\PSoC4/cyfitter_cfg.c **** 
  81:.\Generated_Source\PSoC4/cyfitter_cfg.c **** 
  82:.\Generated_Source\PSoC4/cyfitter_cfg.c **** /* Clock startup error codes                                                   */
  83:.\Generated_Source\PSoC4/cyfitter_cfg.c **** #define CYCLOCKSTART_NO_ERROR    0u
  84:.\Generated_Source\PSoC4/cyfitter_cfg.c **** #define CYCLOCKSTART_XTAL_ERROR  1u
  85:.\Generated_Source\PSoC4/cyfitter_cfg.c **** #define CYCLOCKSTART_32KHZ_ERROR 2u
  86:.\Generated_Source\PSoC4/cyfitter_cfg.c **** #define CYCLOCKSTART_PLL_ERROR   3u
  87:.\Generated_Source\PSoC4/cyfitter_cfg.c **** 
  88:.\Generated_Source\PSoC4/cyfitter_cfg.c **** #ifdef CY_NEED_CYCLOCKSTARTUPERROR
  89:.\Generated_Source\PSoC4/cyfitter_cfg.c **** /*******************************************************************************
  90:.\Generated_Source\PSoC4/cyfitter_cfg.c **** * Function Name: CyClockStartupError
ARM GAS  C:\Users\cdc75\AppData\Local\Temp\ccJafv1P.s 			page 3


  91:.\Generated_Source\PSoC4/cyfitter_cfg.c **** ********************************************************************************
  92:.\Generated_Source\PSoC4/cyfitter_cfg.c **** * Summary:
  93:.\Generated_Source\PSoC4/cyfitter_cfg.c **** *  If an error is encountered during clock configuration (crystal startup error,
  94:.\Generated_Source\PSoC4/cyfitter_cfg.c **** *  PLL lock error, etc.), the system will end up here.  Unless reimplemented by
  95:.\Generated_Source\PSoC4/cyfitter_cfg.c **** *  the customer, this function will stop in an infinite loop.
  96:.\Generated_Source\PSoC4/cyfitter_cfg.c **** *
  97:.\Generated_Source\PSoC4/cyfitter_cfg.c **** * Parameters:
  98:.\Generated_Source\PSoC4/cyfitter_cfg.c **** *   void
  99:.\Generated_Source\PSoC4/cyfitter_cfg.c **** *
 100:.\Generated_Source\PSoC4/cyfitter_cfg.c **** * Return:
 101:.\Generated_Source\PSoC4/cyfitter_cfg.c **** *   void
 102:.\Generated_Source\PSoC4/cyfitter_cfg.c **** *
 103:.\Generated_Source\PSoC4/cyfitter_cfg.c **** *******************************************************************************/
 104:.\Generated_Source\PSoC4/cyfitter_cfg.c **** CY_CFG_UNUSED
 105:.\Generated_Source\PSoC4/cyfitter_cfg.c **** static void CyClockStartupError(uint8 errorCode);
 106:.\Generated_Source\PSoC4/cyfitter_cfg.c **** CY_CFG_UNUSED
 107:.\Generated_Source\PSoC4/cyfitter_cfg.c **** static void CyClockStartupError(uint8 errorCode)
 108:.\Generated_Source\PSoC4/cyfitter_cfg.c **** {
 109:.\Generated_Source\PSoC4/cyfitter_cfg.c ****     /* To remove the compiler warning if errorCode not used.                */
 110:.\Generated_Source\PSoC4/cyfitter_cfg.c ****     errorCode = errorCode;
 111:.\Generated_Source\PSoC4/cyfitter_cfg.c **** 
 112:.\Generated_Source\PSoC4/cyfitter_cfg.c ****     /* `#START CyClockStartupError` */
 113:.\Generated_Source\PSoC4/cyfitter_cfg.c **** 
 114:.\Generated_Source\PSoC4/cyfitter_cfg.c ****     /* If we have a clock startup error (bad MHz crystal, PLL lock, etc.),  */
 115:.\Generated_Source\PSoC4/cyfitter_cfg.c ****     /* we will end up here to allow the customer to implement something to  */
 116:.\Generated_Source\PSoC4/cyfitter_cfg.c ****     /* deal with the clock condition.                                       */
 117:.\Generated_Source\PSoC4/cyfitter_cfg.c **** 
 118:.\Generated_Source\PSoC4/cyfitter_cfg.c ****     /* `#END` */
 119:.\Generated_Source\PSoC4/cyfitter_cfg.c **** 
 120:.\Generated_Source\PSoC4/cyfitter_cfg.c ****     /* If nothing else, stop here since the clocks have not started         */
 121:.\Generated_Source\PSoC4/cyfitter_cfg.c ****     /* correctly.                                                           */
 122:.\Generated_Source\PSoC4/cyfitter_cfg.c ****     while(1) {}
 123:.\Generated_Source\PSoC4/cyfitter_cfg.c **** }
 124:.\Generated_Source\PSoC4/cyfitter_cfg.c **** #endif
 125:.\Generated_Source\PSoC4/cyfitter_cfg.c **** 
 126:.\Generated_Source\PSoC4/cyfitter_cfg.c **** #define CY_CFG_BASE_ADDR_COUNT 6u
 127:.\Generated_Source\PSoC4/cyfitter_cfg.c **** CYPACKED typedef struct
 128:.\Generated_Source\PSoC4/cyfitter_cfg.c **** {
 129:.\Generated_Source\PSoC4/cyfitter_cfg.c **** 	uint8 offset;
 130:.\Generated_Source\PSoC4/cyfitter_cfg.c **** 	uint8 value;
 131:.\Generated_Source\PSoC4/cyfitter_cfg.c **** } CYPACKED_ATTR cy_cfg_addrvalue_t;
 132:.\Generated_Source\PSoC4/cyfitter_cfg.c **** 
 133:.\Generated_Source\PSoC4/cyfitter_cfg.c **** 
 134:.\Generated_Source\PSoC4/cyfitter_cfg.c **** 
 135:.\Generated_Source\PSoC4/cyfitter_cfg.c **** /*******************************************************************************
 136:.\Generated_Source\PSoC4/cyfitter_cfg.c **** * Function Name: cfg_write_bytes32
 137:.\Generated_Source\PSoC4/cyfitter_cfg.c **** ********************************************************************************
 138:.\Generated_Source\PSoC4/cyfitter_cfg.c **** * Summary:
 139:.\Generated_Source\PSoC4/cyfitter_cfg.c **** *  This function is used for setting up the chip configuration areas that
 140:.\Generated_Source\PSoC4/cyfitter_cfg.c **** *  contain relatively sparse data.
 141:.\Generated_Source\PSoC4/cyfitter_cfg.c **** *
 142:.\Generated_Source\PSoC4/cyfitter_cfg.c **** * Parameters:
 143:.\Generated_Source\PSoC4/cyfitter_cfg.c **** *   void
 144:.\Generated_Source\PSoC4/cyfitter_cfg.c **** *
 145:.\Generated_Source\PSoC4/cyfitter_cfg.c **** * Return:
 146:.\Generated_Source\PSoC4/cyfitter_cfg.c **** *   void
 147:.\Generated_Source\PSoC4/cyfitter_cfg.c **** *
ARM GAS  C:\Users\cdc75\AppData\Local\Temp\ccJafv1P.s 			page 4


 148:.\Generated_Source\PSoC4/cyfitter_cfg.c **** *******************************************************************************/
 149:.\Generated_Source\PSoC4/cyfitter_cfg.c **** static void cfg_write_bytes32(const uint32 addr_table[], const cy_cfg_addrvalue_t data_table[]);
 150:.\Generated_Source\PSoC4/cyfitter_cfg.c **** static void cfg_write_bytes32(const uint32 addr_table[], const cy_cfg_addrvalue_t data_table[])
 151:.\Generated_Source\PSoC4/cyfitter_cfg.c **** {
  25              		.loc 1 151 0
  26              		.cfi_startproc
  27              	.LVL0:
  28 0000 F0B5     		push	{r4, r5, r6, r7, lr}
  29              		.cfi_def_cfa_offset 20
  30              		.cfi_offset 4, -20
  31              		.cfi_offset 5, -16
  32              		.cfi_offset 6, -12
  33              		.cfi_offset 7, -8
  34              		.cfi_offset 14, -4
  35              	.LVL1:
 152:.\Generated_Source\PSoC4/cyfitter_cfg.c **** 	/* For 32-bit little-endian architectures */
 153:.\Generated_Source\PSoC4/cyfitter_cfg.c **** 	uint32 i, j = 0u;
  36              		.loc 1 153 0
  37 0002 0025     		mov	r5, #0
 154:.\Generated_Source\PSoC4/cyfitter_cfg.c **** 	for (i = 0u; i < CY_CFG_BASE_ADDR_COUNT; i++)
  38              		.loc 1 154 0
  39 0004 0027     		mov	r7, #0
  40 0006 11E0     		b	.L2
  41              	.LVL2:
  42              	.L5:
  43              	.LBB2:
 155:.\Generated_Source\PSoC4/cyfitter_cfg.c **** 	{
 156:.\Generated_Source\PSoC4/cyfitter_cfg.c **** 		uint32 baseAddr = addr_table[i];
  44              		.loc 1 156 0
  45 0008 BB00     		lsl	r3, r7, #2
  46 000a C658     		ldr	r6, [r0, r3]
  47              	.LVL3:
 157:.\Generated_Source\PSoC4/cyfitter_cfg.c **** 		uint8 count = (uint8)baseAddr;
  48              		.loc 1 157 0
  49 000c F3B2     		uxtb	r3, r6
  50              	.LVL4:
 158:.\Generated_Source\PSoC4/cyfitter_cfg.c **** 		baseAddr &= 0xFFFFFF00u;
  51              		.loc 1 158 0
  52 000e FF22     		mov	r2, #255
  53 0010 9643     		bic	r6, r2
  54              	.LVL5:
 159:.\Generated_Source\PSoC4/cyfitter_cfg.c **** 		while (count != 0u)
  55              		.loc 1 159 0
  56 0012 08E0     		b	.L3
  57              	.L4:
 160:.\Generated_Source\PSoC4/cyfitter_cfg.c **** 		{
 161:.\Generated_Source\PSoC4/cyfitter_cfg.c **** 			CY_SET_XTND_REG8((void CYFAR *)(baseAddr + data_table[j].offset), data_table[j].value);
  58              		.loc 1 161 0
  59 0014 6A00     		lsl	r2, r5, #1
  60 0016 8A18     		add	r2, r1, r2
  61 0018 1478     		ldrb	r4, [r2]
  62 001a A419     		add	r4, r4, r6
  63 001c 5278     		ldrb	r2, [r2, #1]
  64 001e 2270     		strb	r2, [r4]
 162:.\Generated_Source\PSoC4/cyfitter_cfg.c **** 			j++;
  65              		.loc 1 162 0
  66 0020 0135     		add	r5, r5, #1
ARM GAS  C:\Users\cdc75\AppData\Local\Temp\ccJafv1P.s 			page 5


  67              	.LVL6:
 163:.\Generated_Source\PSoC4/cyfitter_cfg.c **** 			count--;
  68              		.loc 1 163 0
  69 0022 013B     		sub	r3, r3, #1
  70              	.LVL7:
  71 0024 DBB2     		uxtb	r3, r3
  72              	.LVL8:
  73              	.L3:
 159:.\Generated_Source\PSoC4/cyfitter_cfg.c **** 		{
  74              		.loc 1 159 0
  75 0026 002B     		cmp	r3, #0
  76 0028 F4D1     		bne	.L4
  77              	.LBE2:
 154:.\Generated_Source\PSoC4/cyfitter_cfg.c **** 	{
  78              		.loc 1 154 0 discriminator 2
  79 002a 0137     		add	r7, r7, #1
  80              	.LVL9:
  81              	.L2:
 154:.\Generated_Source\PSoC4/cyfitter_cfg.c **** 	{
  82              		.loc 1 154 0 is_stmt 0 discriminator 1
  83 002c 052F     		cmp	r7, #5
  84 002e EBD9     		bls	.L5
 164:.\Generated_Source\PSoC4/cyfitter_cfg.c **** 		}
 165:.\Generated_Source\PSoC4/cyfitter_cfg.c **** 	}
 166:.\Generated_Source\PSoC4/cyfitter_cfg.c **** }
  85              		.loc 1 166 0 is_stmt 1
  86              		@ sp needed
  87              	.LVL10:
  88              	.LVL11:
  89 0030 F0BD     		pop	{r4, r5, r6, r7, pc}
  90              		.cfi_endproc
  91              	.LFE3:
  92              		.size	cfg_write_bytes32, .-cfg_write_bytes32
  93 0032 C046     		.section	.text.CYMEMZERO,"ax",%progbits
  94              		.align	2
  95              		.code	16
  96              		.thumb_func
  97              		.type	CYMEMZERO, %function
  98              	CYMEMZERO:
  99              	.LFB0:
  62:.\Generated_Source\PSoC4/cyfitter_cfg.c **** 	(void)memset(s, 0, n);
 100              		.loc 1 62 0
 101              		.cfi_startproc
 102              	.LVL12:
 103 0000 08B5     		push	{r3, lr}
 104              		.cfi_def_cfa_offset 8
 105              		.cfi_offset 3, -8
 106              		.cfi_offset 14, -4
 107 0002 0A1C     		mov	r2, r1
  63:.\Generated_Source\PSoC4/cyfitter_cfg.c **** }
 108              		.loc 1 63 0
 109 0004 0021     		mov	r1, #0
 110              	.LVL13:
 111 0006 FFF7FEFF 		bl	memset
 112              	.LVL14:
  64:.\Generated_Source\PSoC4/cyfitter_cfg.c **** CY_CFG_UNUSED
 113              		.loc 1 64 0
ARM GAS  C:\Users\cdc75\AppData\Local\Temp\ccJafv1P.s 			page 6


 114              		@ sp needed
 115 000a 08BD     		pop	{r3, pc}
 116              		.cfi_endproc
 117              	.LFE0:
 118              		.size	CYMEMZERO, .-CYMEMZERO
 119              		.section	.psocinit,"ax",%progbits
 120              		.align	2
 121              		.code	16
 122              		.thumb_func
 123              		.type	ClockSetup, %function
 124              	ClockSetup:
 125              	.LFB4:
 167:.\Generated_Source\PSoC4/cyfitter_cfg.c **** 
 168:.\Generated_Source\PSoC4/cyfitter_cfg.c **** 
 169:.\Generated_Source\PSoC4/cyfitter_cfg.c **** /*******************************************************************************
 170:.\Generated_Source\PSoC4/cyfitter_cfg.c **** * Function Name: ClockSetup
 171:.\Generated_Source\PSoC4/cyfitter_cfg.c **** ********************************************************************************
 172:.\Generated_Source\PSoC4/cyfitter_cfg.c **** *
 173:.\Generated_Source\PSoC4/cyfitter_cfg.c **** * Summary:
 174:.\Generated_Source\PSoC4/cyfitter_cfg.c **** *   Performs the initialization of all of the clocks in the device based on the
 175:.\Generated_Source\PSoC4/cyfitter_cfg.c **** *   settings in the Clock tab of the DWR.  This includes enabling the requested
 176:.\Generated_Source\PSoC4/cyfitter_cfg.c **** *   clocks and setting the necessary dividers to produce the desired frequency. 
 177:.\Generated_Source\PSoC4/cyfitter_cfg.c **** *
 178:.\Generated_Source\PSoC4/cyfitter_cfg.c **** * Parameters:
 179:.\Generated_Source\PSoC4/cyfitter_cfg.c **** *   void
 180:.\Generated_Source\PSoC4/cyfitter_cfg.c **** *
 181:.\Generated_Source\PSoC4/cyfitter_cfg.c **** * Return:
 182:.\Generated_Source\PSoC4/cyfitter_cfg.c **** *   void
 183:.\Generated_Source\PSoC4/cyfitter_cfg.c **** *
 184:.\Generated_Source\PSoC4/cyfitter_cfg.c **** *******************************************************************************/
 185:.\Generated_Source\PSoC4/cyfitter_cfg.c **** static void ClockSetup(void);
 186:.\Generated_Source\PSoC4/cyfitter_cfg.c **** CY_CFG_SECTION
 187:.\Generated_Source\PSoC4/cyfitter_cfg.c **** static void ClockSetup(void)
 188:.\Generated_Source\PSoC4/cyfitter_cfg.c **** {
 126              		.loc 1 188 0
 127              		.cfi_startproc
 128 0000 38B5     		push	{r3, r4, r5, lr}
 129              		.cfi_def_cfa_offset 16
 130              		.cfi_offset 3, -16
 131              		.cfi_offset 4, -12
 132              		.cfi_offset 5, -8
 133              		.cfi_offset 14, -4
 189:.\Generated_Source\PSoC4/cyfitter_cfg.c **** 	/* Enable HALF_EN before trimming for the flash accelerator. */
 190:.\Generated_Source\PSoC4/cyfitter_cfg.c **** 	CY_SET_REG32((void CYXDATA *)(CYREG_CLK_SELECT), (CY_GET_REG32((void *)CYREG_CLK_SELECT) | 0x00040
 134              		.loc 1 190 0
 135 0002 1C4C     		ldr	r4, .L8
 136 0004 2368     		ldr	r3, [r4]
 137 0006 8022     		mov	r2, #128
 138 0008 D202     		lsl	r2, r2, #11
 139 000a 1343     		orr	r3, r2
 140 000c 2360     		str	r3, [r4]
 191:.\Generated_Source\PSoC4/cyfitter_cfg.c **** 
 192:.\Generated_Source\PSoC4/cyfitter_cfg.c **** 	/* Setup and trim IMO based on desired frequency. */
 193:.\Generated_Source\PSoC4/cyfitter_cfg.c **** 	CySysClkWriteImoFreq(24u);
 141              		.loc 1 193 0
 142 000e 1820     		mov	r0, #24
 143 0010 FFF7FEFF 		bl	CySysClkWriteImoFreq
ARM GAS  C:\Users\cdc75\AppData\Local\Temp\ccJafv1P.s 			page 7


 144              	.LVL15:
 194:.\Generated_Source\PSoC4/cyfitter_cfg.c **** 
 195:.\Generated_Source\PSoC4/cyfitter_cfg.c **** 	/* Disable HALF_EN since it is not required at this IMO frequency. */
 196:.\Generated_Source\PSoC4/cyfitter_cfg.c **** 	CY_SET_REG32((void CYXDATA *)(CYREG_CLK_SELECT), (CY_GET_REG32((void *)CYREG_CLK_SELECT) & 0xFFFBF
 145              		.loc 1 196 0
 146 0014 2268     		ldr	r2, [r4]
 147 0016 184B     		ldr	r3, .L8+4
 148 0018 1340     		and	r3, r2
 149 001a 2360     		str	r3, [r4]
 197:.\Generated_Source\PSoC4/cyfitter_cfg.c **** 	/* CYDEV_CLK_ILO_CONFIG Starting address: CYDEV_CLK_ILO_CONFIG */
 198:.\Generated_Source\PSoC4/cyfitter_cfg.c **** 	CY_SET_XTND_REG32((void CYFAR *)(CYREG_CLK_ILO_CONFIG), 0x80000006u);
 150              		.loc 1 198 0
 151 001c 174A     		ldr	r2, .L8+8
 152 001e 184B     		ldr	r3, .L8+12
 153 0020 1A60     		str	r2, [r3]
 199:.\Generated_Source\PSoC4/cyfitter_cfg.c **** 
 200:.\Generated_Source\PSoC4/cyfitter_cfg.c **** 
 201:.\Generated_Source\PSoC4/cyfitter_cfg.c **** 	/* CYDEV_CLK_SELECT00 Starting address: CYDEV_CLK_SELECT00 */
 202:.\Generated_Source\PSoC4/cyfitter_cfg.c **** 	CY_SET_XTND_REG32((void CYFAR *)(CYREG_CLK_SELECT02), 0x00000010u);
 154              		.loc 1 202 0
 155 0022 1022     		mov	r2, #16
 156 0024 174B     		ldr	r3, .L8+16
 157 0026 1A60     		str	r2, [r3]
 203:.\Generated_Source\PSoC4/cyfitter_cfg.c **** 	CY_SET_XTND_REG32((void CYFAR *)(CYREG_CLK_SELECT03), 0x00000020u);
 158              		.loc 1 203 0
 159 0028 1032     		add	r2, r2, #16
 160 002a 174B     		ldr	r3, .L8+20
 161 002c 1A60     		str	r2, [r3]
 204:.\Generated_Source\PSoC4/cyfitter_cfg.c **** 	CY_SET_XTND_REG32((void CYFAR *)(CYREG_CLK_SELECT08), 0x00000030u);
 162              		.loc 1 204 0
 163 002e 3023     		mov	r3, #48
 164 0030 164A     		ldr	r2, .L8+24
 165 0032 1360     		str	r3, [r2]
 205:.\Generated_Source\PSoC4/cyfitter_cfg.c **** 	CY_SET_XTND_REG32((void CYFAR *)(CYREG_CLK_SELECT09), 0x00000030u);
 166              		.loc 1 205 0
 167 0034 164A     		ldr	r2, .L8+28
 168 0036 1360     		str	r3, [r2]
 206:.\Generated_Source\PSoC4/cyfitter_cfg.c **** 	CY_SET_XTND_REG32((void CYFAR *)(CYREG_CLK_SELECT10), 0x00000030u);
 169              		.loc 1 206 0
 170 0038 164A     		ldr	r2, .L8+32
 171 003a 1360     		str	r3, [r2]
 207:.\Generated_Source\PSoC4/cyfitter_cfg.c **** 	CY_SET_XTND_REG32((void CYFAR *)(CYREG_CLK_SELECT11), 0x00000030u);
 172              		.loc 1 207 0
 173 003c 164A     		ldr	r2, .L8+36
 174 003e 1360     		str	r3, [r2]
 208:.\Generated_Source\PSoC4/cyfitter_cfg.c **** 
 209:.\Generated_Source\PSoC4/cyfitter_cfg.c **** 	/* CYDEV_CLK_IMO_CONFIG Starting address: CYDEV_CLK_IMO_CONFIG */
 210:.\Generated_Source\PSoC4/cyfitter_cfg.c **** 	CY_SET_XTND_REG32((void CYFAR *)(CYREG_CLK_IMO_CONFIG), 0x80000000u);
 175              		.loc 1 210 0
 176 0040 8022     		mov	r2, #128
 177 0042 1206     		lsl	r2, r2, #24
 178 0044 154B     		ldr	r3, .L8+40
 179 0046 1A60     		str	r2, [r3]
 211:.\Generated_Source\PSoC4/cyfitter_cfg.c **** 
 212:.\Generated_Source\PSoC4/cyfitter_cfg.c **** 	/* CYDEV_CLK_SELECT Starting address: CYDEV_CLK_SELECT */
 213:.\Generated_Source\PSoC4/cyfitter_cfg.c **** 	CY_SET_XTND_REG32((void CYFAR *)(CYREG_CLK_SELECT), 0x00000000u);
 180              		.loc 1 213 0
ARM GAS  C:\Users\cdc75\AppData\Local\Temp\ccJafv1P.s 			page 8


 181 0048 0025     		mov	r5, #0
 182 004a 2560     		str	r5, [r4]
 214:.\Generated_Source\PSoC4/cyfitter_cfg.c **** 
 215:.\Generated_Source\PSoC4/cyfitter_cfg.c **** 	/* CYDEV_CLK_DIVIDER_A00 Starting address: CYDEV_CLK_DIVIDER_A00 */
 216:.\Generated_Source\PSoC4/cyfitter_cfg.c **** 	CY_SET_XTND_REG32((void CYFAR *)(CYREG_CLK_DIVIDER_A00), 0x8000000Eu);
 183              		.loc 1 216 0
 184 004c 144A     		ldr	r2, .L8+44
 185 004e 154B     		ldr	r3, .L8+48
 186 0050 1A60     		str	r2, [r3]
 217:.\Generated_Source\PSoC4/cyfitter_cfg.c **** 
 218:.\Generated_Source\PSoC4/cyfitter_cfg.c **** 	/* CYDEV_CLK_DIVIDER_B00 Starting address: CYDEV_CLK_DIVIDER_B00 */
 219:.\Generated_Source\PSoC4/cyfitter_cfg.c **** 	CY_SET_XTND_REG32((void CYFAR *)(CYREG_CLK_DIVIDER_B00), 0x80000010u);
 187              		.loc 1 219 0
 188 0052 154A     		ldr	r2, .L8+52
 189 0054 154B     		ldr	r3, .L8+56
 190 0056 1A60     		str	r2, [r3]
 220:.\Generated_Source\PSoC4/cyfitter_cfg.c **** 
 221:.\Generated_Source\PSoC4/cyfitter_cfg.c **** 	/* CYDEV_CLK_DIVIDER_C00 Starting address: CYDEV_CLK_DIVIDER_C00 */
 222:.\Generated_Source\PSoC4/cyfitter_cfg.c **** 	CY_SET_XTND_REG32((void CYFAR *)(CYREG_CLK_DIVIDER_C00), 0x80005DBFu);
 191              		.loc 1 222 0
 192 0058 154A     		ldr	r2, .L8+60
 193 005a 164B     		ldr	r3, .L8+64
 194 005c 1A60     		str	r2, [r3]
 223:.\Generated_Source\PSoC4/cyfitter_cfg.c **** 
 224:.\Generated_Source\PSoC4/cyfitter_cfg.c **** 	(void)CyIntSetVector(9u, &CySysWdtIsr);
 195              		.loc 1 224 0
 196 005e 0920     		mov	r0, #9
 197 0060 1549     		ldr	r1, .L8+68
 198 0062 FFF7FEFF 		bl	CyIntSetVector
 199              	.LVL16:
 225:.\Generated_Source\PSoC4/cyfitter_cfg.c **** 	CyIntEnable(9u);
 200              		.loc 1 225 0
 201 0066 0920     		mov	r0, #9
 202 0068 FFF7FEFF 		bl	CyIntEnable
 203              	.LVL17:
 226:.\Generated_Source\PSoC4/cyfitter_cfg.c **** 	CY_SET_XTND_REG32((void CYFAR *)(CYREG_WDT_CONFIG), 0x00000000u);
 204              		.loc 1 226 0
 205 006c 134B     		ldr	r3, .L8+72
 206 006e 1D60     		str	r5, [r3]
 227:.\Generated_Source\PSoC4/cyfitter_cfg.c **** }
 207              		.loc 1 227 0
 208              		@ sp needed
 209 0070 38BD     		pop	{r3, r4, r5, pc}
 210              	.L9:
 211 0072 C046     		.align	2
 212              	.L8:
 213 0074 00010B40 		.word	1074462976
 214 0078 FFFFFBFF 		.word	-262145
 215 007c 06000080 		.word	-2147483642
 216 0080 04010B40 		.word	1074462980
 217 0084 08020240 		.word	1073873416
 218 0088 0C020240 		.word	1073873420
 219 008c 20020240 		.word	1073873440
 220 0090 24020240 		.word	1073873444
 221 0094 28020240 		.word	1073873448
 222 0098 2C020240 		.word	1073873452
 223 009c 08010B40 		.word	1074462984
ARM GAS  C:\Users\cdc75\AppData\Local\Temp\ccJafv1P.s 			page 9


 224 00a0 0E000080 		.word	-2147483634
 225 00a4 00000240 		.word	1073872896
 226 00a8 10000080 		.word	-2147483632
 227 00ac 40000240 		.word	1073872960
 228 00b0 BF5D0080 		.word	-2147459649
 229 00b4 80000240 		.word	1073873024
 230 00b8 00000000 		.word	CySysWdtIsr
 231 00bc 0C020B40 		.word	1074463244
 232              		.cfi_endproc
 233              	.LFE4:
 234              		.size	ClockSetup, .-ClockSetup
 235              		.align	2
 236              		.global	cyfitter_cfg
 237              		.code	16
 238              		.thumb_func
 239              		.type	cyfitter_cfg, %function
 240              	cyfitter_cfg:
 241              	.LFB6:
 228:.\Generated_Source\PSoC4/cyfitter_cfg.c **** 
 229:.\Generated_Source\PSoC4/cyfitter_cfg.c **** 
 230:.\Generated_Source\PSoC4/cyfitter_cfg.c **** /* Analog API Functions */
 231:.\Generated_Source\PSoC4/cyfitter_cfg.c **** 
 232:.\Generated_Source\PSoC4/cyfitter_cfg.c **** 
 233:.\Generated_Source\PSoC4/cyfitter_cfg.c **** /*******************************************************************************
 234:.\Generated_Source\PSoC4/cyfitter_cfg.c **** * Function Name: AnalogSetDefault
 235:.\Generated_Source\PSoC4/cyfitter_cfg.c **** ********************************************************************************
 236:.\Generated_Source\PSoC4/cyfitter_cfg.c **** *
 237:.\Generated_Source\PSoC4/cyfitter_cfg.c **** * Summary:
 238:.\Generated_Source\PSoC4/cyfitter_cfg.c **** *  Sets up the analog portions of the chip to default values based on chip
 239:.\Generated_Source\PSoC4/cyfitter_cfg.c **** *  configuration options from the project.
 240:.\Generated_Source\PSoC4/cyfitter_cfg.c **** *
 241:.\Generated_Source\PSoC4/cyfitter_cfg.c **** * Parameters:
 242:.\Generated_Source\PSoC4/cyfitter_cfg.c **** *  void
 243:.\Generated_Source\PSoC4/cyfitter_cfg.c **** *
 244:.\Generated_Source\PSoC4/cyfitter_cfg.c **** * Return:
 245:.\Generated_Source\PSoC4/cyfitter_cfg.c **** *  void
 246:.\Generated_Source\PSoC4/cyfitter_cfg.c **** *
 247:.\Generated_Source\PSoC4/cyfitter_cfg.c **** *******************************************************************************/
 248:.\Generated_Source\PSoC4/cyfitter_cfg.c **** static void AnalogSetDefault(void);
 249:.\Generated_Source\PSoC4/cyfitter_cfg.c **** static void AnalogSetDefault(void)
 250:.\Generated_Source\PSoC4/cyfitter_cfg.c **** {
 251:.\Generated_Source\PSoC4/cyfitter_cfg.c **** }
 252:.\Generated_Source\PSoC4/cyfitter_cfg.c **** 
 253:.\Generated_Source\PSoC4/cyfitter_cfg.c **** #define CY_AMUX_UNUSED CYREG_CM0_ROM_DWT
 254:.\Generated_Source\PSoC4/cyfitter_cfg.c **** 
 255:.\Generated_Source\PSoC4/cyfitter_cfg.c **** 
 256:.\Generated_Source\PSoC4/cyfitter_cfg.c **** /*******************************************************************************
 257:.\Generated_Source\PSoC4/cyfitter_cfg.c **** * Function Name: cyfitter_cfg
 258:.\Generated_Source\PSoC4/cyfitter_cfg.c **** ********************************************************************************
 259:.\Generated_Source\PSoC4/cyfitter_cfg.c **** * Summary:
 260:.\Generated_Source\PSoC4/cyfitter_cfg.c **** *  This function is called by the start-up code for the selected device. It
 261:.\Generated_Source\PSoC4/cyfitter_cfg.c **** *  performs all of the necessary device configuration based on the design
 262:.\Generated_Source\PSoC4/cyfitter_cfg.c **** *  settings.  This includes settings from the Design Wide Resources (DWR) such
 263:.\Generated_Source\PSoC4/cyfitter_cfg.c **** *  as Clocks and Pins as well as any component configuration that is necessary.
 264:.\Generated_Source\PSoC4/cyfitter_cfg.c **** *
 265:.\Generated_Source\PSoC4/cyfitter_cfg.c **** * Parameters:  
 266:.\Generated_Source\PSoC4/cyfitter_cfg.c **** *   void
ARM GAS  C:\Users\cdc75\AppData\Local\Temp\ccJafv1P.s 			page 10


 267:.\Generated_Source\PSoC4/cyfitter_cfg.c **** *
 268:.\Generated_Source\PSoC4/cyfitter_cfg.c **** * Return:
 269:.\Generated_Source\PSoC4/cyfitter_cfg.c **** *   void
 270:.\Generated_Source\PSoC4/cyfitter_cfg.c **** *
 271:.\Generated_Source\PSoC4/cyfitter_cfg.c **** *******************************************************************************/
 272:.\Generated_Source\PSoC4/cyfitter_cfg.c **** CY_CFG_SECTION
 273:.\Generated_Source\PSoC4/cyfitter_cfg.c **** void cyfitter_cfg(void)
 274:.\Generated_Source\PSoC4/cyfitter_cfg.c **** {
 242              		.loc 1 274 0
 243              		.cfi_startproc
 244 00c0 10B5     		push	{r4, lr}
 245              		.cfi_def_cfa_offset 8
 246              		.cfi_offset 4, -8
 247              		.cfi_offset 14, -4
 275:.\Generated_Source\PSoC4/cyfitter_cfg.c **** 	/* Disable interrupts by default. Let user enable if/when they want. */
 276:.\Generated_Source\PSoC4/cyfitter_cfg.c **** 	CyGlobalIntDisable;
 248              		.loc 1 276 0
 249              	@ 276 ".\Generated_Source\PSoC4\cyfitter_cfg.c" 1
 250 00c2 72B6     		CPSID   i
 251              	@ 0 "" 2
 252              	.LVL18:
 253              		.code	16
 254              	.LBB3:
 277:.\Generated_Source\PSoC4/cyfitter_cfg.c **** 
 278:.\Generated_Source\PSoC4/cyfitter_cfg.c **** 	{
 279:.\Generated_Source\PSoC4/cyfitter_cfg.c **** 		static const uint32 CYCODE cy_cfg_addr_table[] = {
 280:.\Generated_Source\PSoC4/cyfitter_cfg.c **** 			0x400F3101u, /* Base address: 0x400F3100 Count: 1 */
 281:.\Generated_Source\PSoC4/cyfitter_cfg.c **** 			0x400F3302u, /* Base address: 0x400F3300 Count: 2 */
 282:.\Generated_Source\PSoC4/cyfitter_cfg.c **** 			0x400F4007u, /* Base address: 0x400F4000 Count: 7 */
 283:.\Generated_Source\PSoC4/cyfitter_cfg.c **** 			0x400F4103u, /* Base address: 0x400F4100 Count: 3 */
 284:.\Generated_Source\PSoC4/cyfitter_cfg.c **** 			0x400F4201u, /* Base address: 0x400F4200 Count: 1 */
 285:.\Generated_Source\PSoC4/cyfitter_cfg.c **** 			0x400F430Au, /* Base address: 0x400F4300 Count: 10 */
 286:.\Generated_Source\PSoC4/cyfitter_cfg.c **** 		};
 287:.\Generated_Source\PSoC4/cyfitter_cfg.c **** 
 288:.\Generated_Source\PSoC4/cyfitter_cfg.c **** 		static const cy_cfg_addrvalue_t CYCODE cy_cfg_data_table[] = {
 289:.\Generated_Source\PSoC4/cyfitter_cfg.c **** 			{0xE6u, 0x02u},
 290:.\Generated_Source\PSoC4/cyfitter_cfg.c **** 			{0xE6u, 0x20u},
 291:.\Generated_Source\PSoC4/cyfitter_cfg.c **** 			{0xEAu, 0x10u},
 292:.\Generated_Source\PSoC4/cyfitter_cfg.c **** 			{0x56u, 0x80u},
 293:.\Generated_Source\PSoC4/cyfitter_cfg.c **** 			{0x5Au, 0x80u},
 294:.\Generated_Source\PSoC4/cyfitter_cfg.c **** 			{0x5Eu, 0x80u},
 295:.\Generated_Source\PSoC4/cyfitter_cfg.c **** 			{0x86u, 0x40u},
 296:.\Generated_Source\PSoC4/cyfitter_cfg.c **** 			{0xD4u, 0xC0u},
 297:.\Generated_Source\PSoC4/cyfitter_cfg.c **** 			{0xD6u, 0x20u},
 298:.\Generated_Source\PSoC4/cyfitter_cfg.c **** 			{0xE6u, 0x40u},
 299:.\Generated_Source\PSoC4/cyfitter_cfg.c **** 			{0x8Au, 0x80u},
 300:.\Generated_Source\PSoC4/cyfitter_cfg.c **** 			{0x9Eu, 0x80u},
 301:.\Generated_Source\PSoC4/cyfitter_cfg.c **** 			{0xB6u, 0x40u},
 302:.\Generated_Source\PSoC4/cyfitter_cfg.c **** 			{0x87u, 0x10u},
 303:.\Generated_Source\PSoC4/cyfitter_cfg.c **** 			{0x18u, 0x08u},
 304:.\Generated_Source\PSoC4/cyfitter_cfg.c **** 			{0x1Cu, 0x80u},
 305:.\Generated_Source\PSoC4/cyfitter_cfg.c **** 			{0x1Fu, 0x10u},
 306:.\Generated_Source\PSoC4/cyfitter_cfg.c **** 			{0x88u, 0x40u},
 307:.\Generated_Source\PSoC4/cyfitter_cfg.c **** 			{0x94u, 0x08u},
 308:.\Generated_Source\PSoC4/cyfitter_cfg.c **** 			{0x97u, 0x20u},
 309:.\Generated_Source\PSoC4/cyfitter_cfg.c **** 			{0xB4u, 0x04u},
 310:.\Generated_Source\PSoC4/cyfitter_cfg.c **** 			{0xC6u, 0x07u},
ARM GAS  C:\Users\cdc75\AppData\Local\Temp\ccJafv1P.s 			page 11


 311:.\Generated_Source\PSoC4/cyfitter_cfg.c **** 			{0xE6u, 0x04u},
 312:.\Generated_Source\PSoC4/cyfitter_cfg.c **** 			{0xEAu, 0x08u},
 313:.\Generated_Source\PSoC4/cyfitter_cfg.c **** 		};
 314:.\Generated_Source\PSoC4/cyfitter_cfg.c **** 
 315:.\Generated_Source\PSoC4/cyfitter_cfg.c **** 
 316:.\Generated_Source\PSoC4/cyfitter_cfg.c **** 
 317:.\Generated_Source\PSoC4/cyfitter_cfg.c **** 		CYPACKED typedef struct {
 318:.\Generated_Source\PSoC4/cyfitter_cfg.c **** 			void CYFAR *address;
 319:.\Generated_Source\PSoC4/cyfitter_cfg.c **** 			uint16 size;
 320:.\Generated_Source\PSoC4/cyfitter_cfg.c **** 		} CYPACKED_ATTR cfg_memset_t;
 321:.\Generated_Source\PSoC4/cyfitter_cfg.c **** 
 322:.\Generated_Source\PSoC4/cyfitter_cfg.c **** 		static const cfg_memset_t CYCODE cfg_memset_list [] = {
 323:.\Generated_Source\PSoC4/cyfitter_cfg.c **** 			/* address, size */
 324:.\Generated_Source\PSoC4/cyfitter_cfg.c **** 			{(void CYFAR *)(CYDEV_UDB_P0_U0_BASE), 1024u},
 325:.\Generated_Source\PSoC4/cyfitter_cfg.c **** 			{(void CYFAR *)(CYDEV_UDB_DSI0_BASE), 1024u},
 326:.\Generated_Source\PSoC4/cyfitter_cfg.c **** 		};
 327:.\Generated_Source\PSoC4/cyfitter_cfg.c **** 
 328:.\Generated_Source\PSoC4/cyfitter_cfg.c **** 		uint8 CYDATA i;
 329:.\Generated_Source\PSoC4/cyfitter_cfg.c **** 
 330:.\Generated_Source\PSoC4/cyfitter_cfg.c **** 		/* Zero out critical memory blocks before beginning configuration */
 331:.\Generated_Source\PSoC4/cyfitter_cfg.c **** 		for (i = 0u; i < (sizeof(cfg_memset_list)/sizeof(cfg_memset_list[0])); i++)
 255              		.loc 1 331 0
 256 00c4 0024     		mov	r4, #0
 257 00c6 10E0     		b	.L11
 258              	.LVL19:
 259              	.L12:
 260              	.LBB4:
 332:.\Generated_Source\PSoC4/cyfitter_cfg.c **** 		{
 333:.\Generated_Source\PSoC4/cyfitter_cfg.c **** 			const cfg_memset_t CYCODE * CYDATA ms = &cfg_memset_list[i];
 334:.\Generated_Source\PSoC4/cyfitter_cfg.c **** 			CYMEMZERO(ms->address, (size_t)(uint32)(ms->size));
 261              		.loc 1 334 0 discriminator 3
 262 00c8 2948     		ldr	r0, .L13
 263 00ca 6300     		lsl	r3, r4, #1
 264 00cc 1A19     		add	r2, r3, r4
 265 00ce 5200     		lsl	r2, r2, #1
 266 00d0 8218     		add	r2, r0, r2
 267 00d2 9188     		ldrh	r1, [r2, #4]
 268 00d4 1B19     		add	r3, r3, r4
 269 00d6 5B00     		lsl	r3, r3, #1
 270 00d8 1A5A     		ldrh	r2, [r3, r0]
 271 00da C318     		add	r3, r0, r3
 272 00dc 5888     		ldrh	r0, [r3, #2]
 273 00de 0004     		lsl	r0, r0, #16
 274 00e0 1043     		orr	r0, r2
 275 00e2 FFF7FEFF 		bl	CYMEMZERO
 276              	.LVL20:
 277              	.LBE4:
 331:.\Generated_Source\PSoC4/cyfitter_cfg.c **** 		{
 278              		.loc 1 331 0 discriminator 3
 279 00e6 0134     		add	r4, r4, #1
 280              	.LVL21:
 281 00e8 E4B2     		uxtb	r4, r4
 282              	.LVL22:
 283              	.L11:
 331:.\Generated_Source\PSoC4/cyfitter_cfg.c **** 		{
 284              		.loc 1 331 0 is_stmt 0 discriminator 1
 285 00ea 012C     		cmp	r4, #1
ARM GAS  C:\Users\cdc75\AppData\Local\Temp\ccJafv1P.s 			page 12


 286 00ec ECD9     		bls	.L12
 335:.\Generated_Source\PSoC4/cyfitter_cfg.c **** 		}
 336:.\Generated_Source\PSoC4/cyfitter_cfg.c **** 
 337:.\Generated_Source\PSoC4/cyfitter_cfg.c **** 		cfg_write_bytes32(cy_cfg_addr_table, cy_cfg_data_table);
 287              		.loc 1 337 0 is_stmt 1
 288 00ee 2049     		ldr	r1, .L13
 289 00f0 081C     		mov	r0, r1
 290 00f2 0C30     		add	r0, r0, #12
 291 00f4 2431     		add	r1, r1, #36
 292 00f6 FFF7FEFF 		bl	cfg_write_bytes32
 293              	.LVL23:
 338:.\Generated_Source\PSoC4/cyfitter_cfg.c **** 
 339:.\Generated_Source\PSoC4/cyfitter_cfg.c **** 		/* HSIOM Starting address: CYDEV_HSIOM_BASE */
 340:.\Generated_Source\PSoC4/cyfitter_cfg.c **** 		CY_SET_XTND_REG32((void CYFAR *)(CYDEV_HSIOM_BASE), 0x00990333u);
 294              		.loc 1 340 0
 295 00fa 1E4A     		ldr	r2, .L13+4
 296 00fc 1E4B     		ldr	r3, .L13+8
 297 00fe 1A60     		str	r2, [r3]
 341:.\Generated_Source\PSoC4/cyfitter_cfg.c **** 		CY_SET_XTND_REG32((void CYFAR *)(CYREG_HSIOM_PORT_SEL3), 0x0000EE00u);
 298              		.loc 1 341 0
 299 0100 EE22     		mov	r2, #238
 300 0102 1202     		lsl	r2, r2, #8
 301 0104 1D4B     		ldr	r3, .L13+12
 302 0106 1A60     		str	r2, [r3]
 342:.\Generated_Source\PSoC4/cyfitter_cfg.c **** 		CY_SET_XTND_REG32((void CYFAR *)(CYREG_HSIOM_PORT_SEL4), 0x000000EEu);
 303              		.loc 1 342 0
 304 0108 EE22     		mov	r2, #238
 305 010a 1D4B     		ldr	r3, .L13+16
 306 010c 1A60     		str	r2, [r3]
 343:.\Generated_Source\PSoC4/cyfitter_cfg.c **** 
 344:.\Generated_Source\PSoC4/cyfitter_cfg.c **** 		/* UDB_PA_0 Starting address: CYDEV_UDB_PA0_BASE */
 345:.\Generated_Source\PSoC4/cyfitter_cfg.c **** 		CY_SET_XTND_REG32((void CYFAR *)(CYDEV_UDB_PA0_BASE), 0x00990000u);
 307              		.loc 1 345 0
 308 010e 9923     		mov	r3, #153
 309 0110 1B04     		lsl	r3, r3, #16
 310 0112 1C4A     		ldr	r2, .L13+20
 311 0114 1360     		str	r3, [r2]
 346:.\Generated_Source\PSoC4/cyfitter_cfg.c **** 		CY_SET_XTND_REG32((void CYFAR *)(CYREG_UDB_PA0_CFG8), 0x001B0000u);
 312              		.loc 1 346 0
 313 0116 D821     		mov	r1, #216
 314 0118 4903     		lsl	r1, r1, #13
 315 011a 1B4A     		ldr	r2, .L13+24
 316 011c 1160     		str	r1, [r2]
 347:.\Generated_Source\PSoC4/cyfitter_cfg.c **** 
 348:.\Generated_Source\PSoC4/cyfitter_cfg.c **** 		/* UDB_PA_3 Starting address: CYDEV_UDB_PA3_BASE */
 349:.\Generated_Source\PSoC4/cyfitter_cfg.c **** 		CY_SET_XTND_REG32((void CYFAR *)(CYDEV_UDB_PA3_BASE), 0x00990000u);
 317              		.loc 1 349 0
 318 011e 1B4A     		ldr	r2, .L13+28
 319 0120 1360     		str	r3, [r2]
 350:.\Generated_Source\PSoC4/cyfitter_cfg.c **** 
 351:.\Generated_Source\PSoC4/cyfitter_cfg.c **** 		/* Enable digital routing */
 352:.\Generated_Source\PSoC4/cyfitter_cfg.c **** 		CY_SET_XTND_REG8((void *)CYREG_UDB_UDBIF_BANK_CTL, CY_GET_XTND_REG8((void *)CYREG_UDB_UDBIF_BANK_
 320              		.loc 1 352 0
 321 0122 1B4B     		ldr	r3, .L13+32
 322 0124 1978     		ldrb	r1, [r3]
 323 0126 0222     		mov	r2, #2
 324 0128 0A43     		orr	r2, r1
ARM GAS  C:\Users\cdc75\AppData\Local\Temp\ccJafv1P.s 			page 13


 325 012a 1A70     		strb	r2, [r3]
 353:.\Generated_Source\PSoC4/cyfitter_cfg.c **** 
 354:.\Generated_Source\PSoC4/cyfitter_cfg.c **** 		/* Enable UDB array */
 355:.\Generated_Source\PSoC4/cyfitter_cfg.c **** 		CY_SET_XTND_REG8((void *)CYREG_UDB_UDBIF_WAIT_CFG, (uint8)((CY_GET_XTND_REG8((void *)CYREG_UDB_UD
 326              		.loc 1 355 0
 327 012c 1948     		ldr	r0, .L13+36
 328 012e 0278     		ldrb	r2, [r0]
 329 0130 3C21     		mov	r1, #60
 330 0132 8A43     		bic	r2, r1
 331 0134 2839     		sub	r1, r1, #40
 332 0136 0A43     		orr	r2, r1
 333 0138 0270     		strb	r2, [r0]
 356:.\Generated_Source\PSoC4/cyfitter_cfg.c **** 		CY_SET_XTND_REG8((void *)CYREG_UDB_UDBIF_BANK_CTL, (uint8)(CY_GET_XTND_REG8((void *)CYREG_UDB_UDB
 334              		.loc 1 356 0
 335 013a 1978     		ldrb	r1, [r3]
 336 013c 1622     		mov	r2, #22
 337 013e 0A43     		orr	r2, r1
 338 0140 1A70     		strb	r2, [r3]
 339              	.LBE3:
 357:.\Generated_Source\PSoC4/cyfitter_cfg.c **** 	}
 358:.\Generated_Source\PSoC4/cyfitter_cfg.c **** 
 359:.\Generated_Source\PSoC4/cyfitter_cfg.c **** 	/* Perform second pass device configuration. These items must be configured in specific order afte
 360:.\Generated_Source\PSoC4/cyfitter_cfg.c **** 	/* IOPINS0_0 Starting address: CYDEV_PRT0_BASE */
 361:.\Generated_Source\PSoC4/cyfitter_cfg.c **** 	CY_SET_XTND_REG32((void CYFAR *)(CYDEV_PRT0_BASE), 0x00000027u);
 340              		.loc 1 361 0
 341 0142 2722     		mov	r2, #39
 342 0144 144B     		ldr	r3, .L13+40
 343 0146 1A60     		str	r2, [r3]
 362:.\Generated_Source\PSoC4/cyfitter_cfg.c **** 	CY_SET_XTND_REG32((void CYFAR *)(CYREG_PRT0_PC), 0x000311B6u);
 344              		.loc 1 362 0
 345 0148 144A     		ldr	r2, .L13+44
 346 014a 154B     		ldr	r3, .L13+48
 347 014c 1A60     		str	r2, [r3]
 363:.\Generated_Source\PSoC4/cyfitter_cfg.c **** 	CY_SET_XTND_REG32((void CYFAR *)(CYREG_PRT0_PC2), 0x00000020u);
 348              		.loc 1 363 0
 349 014e 2022     		mov	r2, #32
 350 0150 144B     		ldr	r3, .L13+52
 351 0152 1A60     		str	r2, [r3]
 364:.\Generated_Source\PSoC4/cyfitter_cfg.c **** 
 365:.\Generated_Source\PSoC4/cyfitter_cfg.c **** 	/* IOPINS0_3 Starting address: CYDEV_PRT3_BASE */
 366:.\Generated_Source\PSoC4/cyfitter_cfg.c **** 	CY_SET_XTND_REG32((void CYFAR *)(CYREG_PRT3_PC), 0x00000D80u);
 352              		.loc 1 366 0
 353 0154 D822     		mov	r2, #216
 354 0156 1201     		lsl	r2, r2, #4
 355 0158 134B     		ldr	r3, .L13+56
 356 015a 1A60     		str	r2, [r3]
 367:.\Generated_Source\PSoC4/cyfitter_cfg.c **** 
 368:.\Generated_Source\PSoC4/cyfitter_cfg.c **** 	/* IOPINS0_4 Starting address: CYDEV_PRT4_BASE */
 369:.\Generated_Source\PSoC4/cyfitter_cfg.c **** 	CY_SET_XTND_REG32((void CYFAR *)(CYDEV_PRT4_BASE), 0x00000003u);
 357              		.loc 1 369 0
 358 015c 0322     		mov	r2, #3
 359 015e 134B     		ldr	r3, .L13+60
 360 0160 1A60     		str	r2, [r3]
 370:.\Generated_Source\PSoC4/cyfitter_cfg.c **** 	CY_SET_XTND_REG32((void CYFAR *)(CYREG_PRT4_PC), 0x00000024u);
 361              		.loc 1 370 0
 362 0162 2132     		add	r2, r2, #33
 363 0164 124B     		ldr	r3, .L13+64
ARM GAS  C:\Users\cdc75\AppData\Local\Temp\ccJafv1P.s 			page 14


 364 0166 1A60     		str	r2, [r3]
 371:.\Generated_Source\PSoC4/cyfitter_cfg.c **** 
 372:.\Generated_Source\PSoC4/cyfitter_cfg.c **** 
 373:.\Generated_Source\PSoC4/cyfitter_cfg.c **** 	/* Setup clocks based on selections from Clock DWR */
 374:.\Generated_Source\PSoC4/cyfitter_cfg.c **** 	ClockSetup();
 365              		.loc 1 374 0
 366 0168 FFF74AFF 		bl	ClockSetup
 367              	.LVL24:
 375:.\Generated_Source\PSoC4/cyfitter_cfg.c **** 
 376:.\Generated_Source\PSoC4/cyfitter_cfg.c **** 	/* Perform basic analog initialization to defaults */
 377:.\Generated_Source\PSoC4/cyfitter_cfg.c **** 	AnalogSetDefault();
 378:.\Generated_Source\PSoC4/cyfitter_cfg.c **** 
 379:.\Generated_Source\PSoC4/cyfitter_cfg.c **** }
 368              		.loc 1 379 0
 369              		@ sp needed
 370              	.LVL25:
 371 016c 10BD     		pop	{r4, pc}
 372              	.L14:
 373 016e C046     		.align	2
 374              	.L13:
 375 0170 00000000 		.word	.LANCHOR0
 376 0174 33039900 		.word	10027827
 377 0178 00000140 		.word	1073807360
 378 017c 0C000140 		.word	1073807372
 379 0180 10000140 		.word	1073807376
 380 0184 00500F40 		.word	1074745344
 381 0188 08500F40 		.word	1074745352
 382 018c 30500F40 		.word	1074745392
 383 0190 00700F40 		.word	1074753536
 384 0194 01700F40 		.word	1074753537
 385 0198 00000440 		.word	1074003968
 386 019c B6110300 		.word	201142
 387 01a0 08000440 		.word	1074003976
 388 01a4 18000440 		.word	1074003992
 389 01a8 08030440 		.word	1074004744
 390 01ac 00040440 		.word	1074004992
 391 01b0 08040440 		.word	1074005000
 392              		.cfi_endproc
 393              	.LFE6:
 394              		.size	cyfitter_cfg, .-cyfitter_cfg
 395              		.section	.rodata
 396              		.align	2
 397              		.set	.LANCHOR0,. + 0
 398              		.type	cfg_memset_list.4746, %object
 399              		.size	cfg_memset_list.4746, 12
 400              	cfg_memset_list.4746:
 401 0000 00300F40 		.word	1074737152
 402 0004 0004     		.short	1024
 403 0006 00400F40 		.4byte	1074741248
 404 000a 0004     		.short	1024
 405              		.type	cy_cfg_addr_table.4740, %object
 406              		.size	cy_cfg_addr_table.4740, 24
 407              	cy_cfg_addr_table.4740:
 408 000c 01310F40 		.word	1074737409
 409 0010 02330F40 		.word	1074737922
 410 0014 07400F40 		.word	1074741255
 411 0018 03410F40 		.word	1074741507
ARM GAS  C:\Users\cdc75\AppData\Local\Temp\ccJafv1P.s 			page 15


 412 001c 01420F40 		.word	1074741761
 413 0020 0A430F40 		.word	1074742026
 414              		.type	cy_cfg_data_table.4741, %object
 415              		.size	cy_cfg_data_table.4741, 48
 416              	cy_cfg_data_table.4741:
 417 0024 E6       		.byte	-26
 418 0025 02       		.byte	2
 419 0026 E6       		.byte	-26
 420 0027 20       		.byte	32
 421 0028 EA       		.byte	-22
 422 0029 10       		.byte	16
 423 002a 56       		.byte	86
 424 002b 80       		.byte	-128
 425 002c 5A       		.byte	90
 426 002d 80       		.byte	-128
 427 002e 5E       		.byte	94
 428 002f 80       		.byte	-128
 429 0030 86       		.byte	-122
 430 0031 40       		.byte	64
 431 0032 D4       		.byte	-44
 432 0033 C0       		.byte	-64
 433 0034 D6       		.byte	-42
 434 0035 20       		.byte	32
 435 0036 E6       		.byte	-26
 436 0037 40       		.byte	64
 437 0038 8A       		.byte	-118
 438 0039 80       		.byte	-128
 439 003a 9E       		.byte	-98
 440 003b 80       		.byte	-128
 441 003c B6       		.byte	-74
 442 003d 40       		.byte	64
 443 003e 87       		.byte	-121
 444 003f 10       		.byte	16
 445 0040 18       		.byte	24
 446 0041 08       		.byte	8
 447 0042 1C       		.byte	28
 448 0043 80       		.byte	-128
 449 0044 1F       		.byte	31
 450 0045 10       		.byte	16
 451 0046 88       		.byte	-120
 452 0047 40       		.byte	64
 453 0048 94       		.byte	-108
 454 0049 08       		.byte	8
 455 004a 97       		.byte	-105
 456 004b 20       		.byte	32
 457 004c B4       		.byte	-76
 458 004d 04       		.byte	4
 459 004e C6       		.byte	-58
 460 004f 07       		.byte	7
 461 0050 E6       		.byte	-26
 462 0051 04       		.byte	4
 463 0052 EA       		.byte	-22
 464 0053 08       		.byte	8
 465              		.text
 466              	.Letext0:
 467              		.file 2 "c:\\program files (x86)\\cypress\\psoc creator\\3.3\\psoc creator\\import\\gnu\\arm\\4.9.
 468              		.file 3 ".\\Generated_Source\\PSoC4\\cytypes.h"
ARM GAS  C:\Users\cdc75\AppData\Local\Temp\ccJafv1P.s 			page 16


 469              		.file 4 ".\\Generated_Source\\PSoC4\\CyLib.h"
 470              		.section	.debug_info,"",%progbits
 471              	.Ldebug_info0:
 472 0000 B9030000 		.4byte	0x3b9
 473 0004 0400     		.2byte	0x4
 474 0006 00000000 		.4byte	.Ldebug_abbrev0
 475 000a 04       		.byte	0x4
 476 000b 01       		.uleb128 0x1
 477 000c D5010000 		.4byte	.LASF38
 478 0010 01       		.byte	0x1
 479 0011 9A010000 		.4byte	.LASF39
 480 0015 70000000 		.4byte	.LASF40
 481 0019 00000000 		.4byte	.Ldebug_ranges0+0
 482 001d 00000000 		.4byte	0
 483 0021 00000000 		.4byte	.Ldebug_line0
 484 0025 02       		.uleb128 0x2
 485 0026 04       		.byte	0x4
 486 0027 05       		.byte	0x5
 487 0028 696E7400 		.ascii	"int\000"
 488 002c 03       		.uleb128 0x3
 489 002d 06000000 		.4byte	.LASF11
 490 0031 02       		.byte	0x2
 491 0032 D4       		.byte	0xd4
 492 0033 37000000 		.4byte	0x37
 493 0037 04       		.uleb128 0x4
 494 0038 04       		.byte	0x4
 495 0039 07       		.byte	0x7
 496 003a 35010000 		.4byte	.LASF0
 497 003e 04       		.uleb128 0x4
 498 003f 01       		.byte	0x1
 499 0040 06       		.byte	0x6
 500 0041 92020000 		.4byte	.LASF1
 501 0045 04       		.uleb128 0x4
 502 0046 01       		.byte	0x1
 503 0047 08       		.byte	0x8
 504 0048 D7000000 		.4byte	.LASF2
 505 004c 04       		.uleb128 0x4
 506 004d 02       		.byte	0x2
 507 004e 05       		.byte	0x5
 508 004f 6A020000 		.4byte	.LASF3
 509 0053 04       		.uleb128 0x4
 510 0054 02       		.byte	0x2
 511 0055 07       		.byte	0x7
 512 0056 9E020000 		.4byte	.LASF4
 513 005a 04       		.uleb128 0x4
 514 005b 04       		.byte	0x4
 515 005c 05       		.byte	0x5
 516 005d 89020000 		.4byte	.LASF5
 517 0061 04       		.uleb128 0x4
 518 0062 04       		.byte	0x4
 519 0063 07       		.byte	0x7
 520 0064 B5000000 		.4byte	.LASF6
 521 0068 04       		.uleb128 0x4
 522 0069 08       		.byte	0x8
 523 006a 05       		.byte	0x5
 524 006b C2010000 		.4byte	.LASF7
 525 006f 04       		.uleb128 0x4
ARM GAS  C:\Users\cdc75\AppData\Local\Temp\ccJafv1P.s 			page 17


 526 0070 08       		.byte	0x8
 527 0071 07       		.byte	0x7
 528 0072 57010000 		.4byte	.LASF8
 529 0076 04       		.uleb128 0x4
 530 0077 04       		.byte	0x4
 531 0078 07       		.byte	0x7
 532 0079 91010000 		.4byte	.LASF9
 533 007d 05       		.uleb128 0x5
 534 007e 04       		.byte	0x4
 535 007f 06       		.uleb128 0x6
 536 0080 04       		.byte	0x4
 537 0081 85000000 		.4byte	0x85
 538 0085 07       		.uleb128 0x7
 539 0086 04       		.uleb128 0x4
 540 0087 01       		.byte	0x1
 541 0088 08       		.byte	0x8
 542 0089 D0010000 		.4byte	.LASF10
 543 008d 08       		.uleb128 0x8
 544 008e C7000000 		.4byte	.LASF12
 545 0092 03       		.byte	0x3
 546 0093 9801     		.2byte	0x198
 547 0095 45000000 		.4byte	0x45
 548 0099 08       		.uleb128 0x8
 549 009a 1C010000 		.4byte	.LASF13
 550 009e 03       		.byte	0x3
 551 009f 9901     		.2byte	0x199
 552 00a1 53000000 		.4byte	0x53
 553 00a5 08       		.uleb128 0x8
 554 00a6 2E010000 		.4byte	.LASF14
 555 00aa 03       		.byte	0x3
 556 00ab 9A01     		.2byte	0x19a
 557 00ad 61000000 		.4byte	0x61
 558 00b1 04       		.uleb128 0x4
 559 00b2 04       		.byte	0x4
 560 00b3 04       		.byte	0x4
 561 00b4 6A000000 		.4byte	.LASF15
 562 00b8 04       		.uleb128 0x4
 563 00b9 08       		.byte	0x8
 564 00ba 04       		.byte	0x4
 565 00bb EC000000 		.4byte	.LASF16
 566 00bf 08       		.uleb128 0x8
 567 00c0 B0000000 		.4byte	.LASF17
 568 00c4 03       		.byte	0x3
 569 00c5 4202     		.2byte	0x242
 570 00c7 CB000000 		.4byte	0xcb
 571 00cb 09       		.uleb128 0x9
 572 00cc 8D000000 		.4byte	0x8d
 573 00d0 08       		.uleb128 0x8
 574 00d1 00000000 		.4byte	.LASF18
 575 00d5 03       		.byte	0x3
 576 00d6 4402     		.2byte	0x244
 577 00d8 DC000000 		.4byte	0xdc
 578 00dc 09       		.uleb128 0x9
 579 00dd A5000000 		.4byte	0xa5
 580 00e1 08       		.uleb128 0x8
 581 00e2 6E010000 		.4byte	.LASF19
 582 00e6 03       		.byte	0x3
ARM GAS  C:\Users\cdc75\AppData\Local\Temp\ccJafv1P.s 			page 18


 583 00e7 5402     		.2byte	0x254
 584 00e9 7F000000 		.4byte	0x7f
 585 00ed 0A       		.uleb128 0xa
 586 00ee 02       		.byte	0x2
 587 00ef 01       		.byte	0x1
 588 00f0 7F       		.byte	0x7f
 589 00f1 0E010000 		.4byte	0x10e
 590 00f5 0B       		.uleb128 0xb
 591 00f6 63020000 		.4byte	.LASF20
 592 00fa 01       		.byte	0x1
 593 00fb 81       		.byte	0x81
 594 00fc 8D000000 		.4byte	0x8d
 595 0100 00       		.byte	0
 596 0101 0B       		.uleb128 0xb
 597 0102 1C000000 		.4byte	.LASF21
 598 0106 01       		.byte	0x1
 599 0107 82       		.byte	0x82
 600 0108 8D000000 		.4byte	0x8d
 601 010c 01       		.byte	0x1
 602 010d 00       		.byte	0
 603 010e 03       		.uleb128 0x3
 604 010f 57000000 		.4byte	.LASF22
 605 0113 01       		.byte	0x1
 606 0114 83       		.byte	0x83
 607 0115 ED000000 		.4byte	0xed
 608 0119 0C       		.uleb128 0xc
 609 011a F3000000 		.4byte	.LASF27
 610 011e 01       		.byte	0x1
 611 011f 96       		.byte	0x96
 612 0120 00000000 		.4byte	.LFB3
 613 0124 32000000 		.4byte	.LFE3-.LFB3
 614 0128 01       		.uleb128 0x1
 615 0129 9C       		.byte	0x9c
 616 012a 8B010000 		.4byte	0x18b
 617 012e 0D       		.uleb128 0xd
 618 012f 11010000 		.4byte	.LASF23
 619 0133 01       		.byte	0x1
 620 0134 96       		.byte	0x96
 621 0135 8B010000 		.4byte	0x18b
 622 0139 01       		.uleb128 0x1
 623 013a 50       		.byte	0x50
 624 013b 0D       		.uleb128 0xd
 625 013c 23010000 		.4byte	.LASF24
 626 0140 01       		.byte	0x1
 627 0141 96       		.byte	0x96
 628 0142 96010000 		.4byte	0x196
 629 0146 01       		.uleb128 0x1
 630 0147 51       		.byte	0x51
 631 0148 0E       		.uleb128 0xe
 632 0149 6900     		.ascii	"i\000"
 633 014b 01       		.byte	0x1
 634 014c 99       		.byte	0x99
 635 014d A5000000 		.4byte	0xa5
 636 0151 00000000 		.4byte	.LLST0
 637 0155 0E       		.uleb128 0xe
 638 0156 6A00     		.ascii	"j\000"
 639 0158 01       		.byte	0x1
ARM GAS  C:\Users\cdc75\AppData\Local\Temp\ccJafv1P.s 			page 19


 640 0159 99       		.byte	0x99
 641 015a A5000000 		.4byte	0xa5
 642 015e 1F000000 		.4byte	.LLST1
 643 0162 0F       		.uleb128 0xf
 644 0163 08000000 		.4byte	.LBB2
 645 0167 22000000 		.4byte	.LBE2-.LBB2
 646 016b 10       		.uleb128 0x10
 647 016c 88010000 		.4byte	.LASF25
 648 0170 01       		.byte	0x1
 649 0171 9C       		.byte	0x9c
 650 0172 A5000000 		.4byte	0xa5
 651 0176 3E000000 		.4byte	.LLST2
 652 017a 10       		.uleb128 0x10
 653 017b 22000000 		.4byte	.LASF26
 654 017f 01       		.byte	0x1
 655 0180 9D       		.byte	0x9d
 656 0181 8D000000 		.4byte	0x8d
 657 0185 51000000 		.4byte	.LLST3
 658 0189 00       		.byte	0
 659 018a 00       		.byte	0
 660 018b 06       		.uleb128 0x6
 661 018c 04       		.byte	0x4
 662 018d 91010000 		.4byte	0x191
 663 0191 11       		.uleb128 0x11
 664 0192 A5000000 		.4byte	0xa5
 665 0196 06       		.uleb128 0x6
 666 0197 04       		.byte	0x4
 667 0198 9C010000 		.4byte	0x19c
 668 019c 11       		.uleb128 0x11
 669 019d 0E010000 		.4byte	0x10e
 670 01a1 0C       		.uleb128 0xc
 671 01a2 CD000000 		.4byte	.LASF28
 672 01a6 01       		.byte	0x1
 673 01a7 3D       		.byte	0x3d
 674 01a8 00000000 		.4byte	.LFB0
 675 01ac 0C000000 		.4byte	.LFE0-.LFB0
 676 01b0 01       		.uleb128 0x1
 677 01b1 9C       		.byte	0x9c
 678 01b2 EE010000 		.4byte	0x1ee
 679 01b6 12       		.uleb128 0x12
 680 01b7 7300     		.ascii	"s\000"
 681 01b9 01       		.byte	0x1
 682 01ba 3D       		.byte	0x3d
 683 01bb 7D000000 		.4byte	0x7d
 684 01bf 6F000000 		.4byte	.LLST4
 685 01c3 12       		.uleb128 0x12
 686 01c4 6E00     		.ascii	"n\000"
 687 01c6 01       		.byte	0x1
 688 01c7 3D       		.byte	0x3d
 689 01c8 2C000000 		.4byte	0x2c
 690 01cc 90000000 		.4byte	.LLST5
 691 01d0 13       		.uleb128 0x13
 692 01d1 0A000000 		.4byte	.LVL14
 693 01d5 67030000 		.4byte	0x367
 694 01d9 14       		.uleb128 0x14
 695 01da 01       		.uleb128 0x1
 696 01db 52       		.byte	0x52
ARM GAS  C:\Users\cdc75\AppData\Local\Temp\ccJafv1P.s 			page 20


 697 01dc 03       		.uleb128 0x3
 698 01dd F3       		.byte	0xf3
 699 01de 01       		.uleb128 0x1
 700 01df 51       		.byte	0x51
 701 01e0 14       		.uleb128 0x14
 702 01e1 01       		.uleb128 0x1
 703 01e2 51       		.byte	0x51
 704 01e3 01       		.uleb128 0x1
 705 01e4 30       		.byte	0x30
 706 01e5 14       		.uleb128 0x14
 707 01e6 01       		.uleb128 0x1
 708 01e7 50       		.byte	0x50
 709 01e8 03       		.uleb128 0x3
 710 01e9 F3       		.byte	0xf3
 711 01ea 01       		.uleb128 0x1
 712 01eb 50       		.byte	0x50
 713 01ec 00       		.byte	0
 714 01ed 00       		.byte	0
 715 01ee 0C       		.uleb128 0xc
 716 01ef 28000000 		.4byte	.LASF29
 717 01f3 01       		.byte	0x1
 718 01f4 BB       		.byte	0xbb
 719 01f5 00000000 		.4byte	.LFB4
 720 01f9 C0000000 		.4byte	.LFE4-.LFB4
 721 01fd 01       		.uleb128 0x1
 722 01fe 9C       		.byte	0x9c
 723 01ff 39020000 		.4byte	0x239
 724 0203 15       		.uleb128 0x15
 725 0204 14000000 		.4byte	.LVL15
 726 0208 84030000 		.4byte	0x384
 727 020c 16020000 		.4byte	0x216
 728 0210 14       		.uleb128 0x14
 729 0211 01       		.uleb128 0x1
 730 0212 50       		.byte	0x50
 731 0213 01       		.uleb128 0x1
 732 0214 48       		.byte	0x48
 733 0215 00       		.byte	0
 734 0216 15       		.uleb128 0x15
 735 0217 66000000 		.4byte	.LVL16
 736 021b 95030000 		.4byte	0x395
 737 021f 29020000 		.4byte	0x229
 738 0223 14       		.uleb128 0x14
 739 0224 01       		.uleb128 0x1
 740 0225 50       		.byte	0x50
 741 0226 01       		.uleb128 0x1
 742 0227 39       		.byte	0x39
 743 0228 00       		.byte	0
 744 0229 13       		.uleb128 0x13
 745 022a 6C000000 		.4byte	.LVL17
 746 022e AF030000 		.4byte	0x3af
 747 0232 14       		.uleb128 0x14
 748 0233 01       		.uleb128 0x1
 749 0234 50       		.byte	0x50
 750 0235 01       		.uleb128 0x1
 751 0236 39       		.byte	0x39
 752 0237 00       		.byte	0
 753 0238 00       		.byte	0
ARM GAS  C:\Users\cdc75\AppData\Local\Temp\ccJafv1P.s 			page 21


 754 0239 16       		.uleb128 0x16
 755 023a 42010000 		.4byte	.LASF41
 756 023e 01       		.byte	0x1
 757 023f 1101     		.2byte	0x111
 758 0241 C0000000 		.4byte	.LFB6
 759 0245 F4000000 		.4byte	.LFE6-.LFB6
 760 0249 01       		.uleb128 0x1
 761 024a 9C       		.byte	0x9c
 762 024b 3D030000 		.4byte	0x33d
 763 024f 17       		.uleb128 0x17
 764 0250 C4000000 		.4byte	.LBB3
 765 0254 7E000000 		.4byte	.LBE3-.LBB3
 766 0258 33030000 		.4byte	0x333
 767 025c 18       		.uleb128 0x18
 768 025d 33000000 		.4byte	.LASF30
 769 0261 01       		.byte	0x1
 770 0262 1701     		.2byte	0x117
 771 0264 4D030000 		.4byte	0x34d
 772 0268 05       		.uleb128 0x5
 773 0269 03       		.byte	0x3
 774 026a 0C000000 		.4byte	cy_cfg_addr_table.4740
 775 026e 18       		.uleb128 0x18
 776 026f 45000000 		.4byte	.LASF31
 777 0273 01       		.byte	0x1
 778 0274 2001     		.2byte	0x120
 779 0276 62030000 		.4byte	0x362
 780 027a 05       		.uleb128 0x5
 781 027b 03       		.byte	0x3
 782 027c 24000000 		.4byte	cy_cfg_data_table.4741
 783 0280 19       		.uleb128 0x19
 784 0281 06       		.byte	0x6
 785 0282 01       		.byte	0x1
 786 0283 3D01     		.2byte	0x13d
 787 0285 A4020000 		.4byte	0x2a4
 788 0289 1A       		.uleb128 0x1a
 789 028a 4F010000 		.4byte	.LASF32
 790 028e 01       		.byte	0x1
 791 028f 3E01     		.2byte	0x13e
 792 0291 7D000000 		.4byte	0x7d
 793 0295 00       		.byte	0
 794 0296 1A       		.uleb128 0x1a
 795 0297 AB000000 		.4byte	.LASF33
 796 029b 01       		.byte	0x1
 797 029c 3F01     		.2byte	0x13f
 798 029e 99000000 		.4byte	0x99
 799 02a2 04       		.byte	0x4
 800 02a3 00       		.byte	0
 801 02a4 08       		.uleb128 0x8
 802 02a5 7B010000 		.4byte	.LASF34
 803 02a9 01       		.byte	0x1
 804 02aa 4001     		.2byte	0x140
 805 02ac 80020000 		.4byte	0x280
 806 02b0 1B       		.uleb128 0x1b
 807 02b1 A4020000 		.4byte	0x2a4
 808 02b5 C0020000 		.4byte	0x2c0
 809 02b9 1C       		.uleb128 0x1c
 810 02ba 76000000 		.4byte	0x76
ARM GAS  C:\Users\cdc75\AppData\Local\Temp\ccJafv1P.s 			page 22


 811 02be 01       		.byte	0x1
 812 02bf 00       		.byte	0
 813 02c0 18       		.uleb128 0x18
 814 02c1 9B000000 		.4byte	.LASF35
 815 02c5 01       		.byte	0x1
 816 02c6 4201     		.2byte	0x142
 817 02c8 D2020000 		.4byte	0x2d2
 818 02cc 05       		.uleb128 0x5
 819 02cd 03       		.byte	0x3
 820 02ce 00000000 		.4byte	cfg_memset_list.4746
 821 02d2 11       		.uleb128 0x11
 822 02d3 B0020000 		.4byte	0x2b0
 823 02d7 1D       		.uleb128 0x1d
 824 02d8 6900     		.ascii	"i\000"
 825 02da 01       		.byte	0x1
 826 02db 4801     		.2byte	0x148
 827 02dd 8D000000 		.4byte	0x8d
 828 02e1 BC000000 		.4byte	.LLST6
 829 02e5 17       		.uleb128 0x17
 830 02e6 C8000000 		.4byte	.LBB4
 831 02ea 1E000000 		.4byte	.LBE4-.LBB4
 832 02ee 16030000 		.4byte	0x316
 833 02f2 1D       		.uleb128 0x1d
 834 02f3 6D7300   		.ascii	"ms\000"
 835 02f6 01       		.byte	0x1
 836 02f7 4D01     		.2byte	0x14d
 837 02f9 01030000 		.4byte	0x301
 838 02fd E6000000 		.4byte	.LLST7
 839 0301 06       		.uleb128 0x6
 840 0302 04       		.byte	0x4
 841 0303 07030000 		.4byte	0x307
 842 0307 11       		.uleb128 0x11
 843 0308 A4020000 		.4byte	0x2a4
 844 030c 1E       		.uleb128 0x1e
 845 030d E6000000 		.4byte	.LVL20
 846 0311 A1010000 		.4byte	0x1a1
 847 0315 00       		.byte	0
 848 0316 13       		.uleb128 0x13
 849 0317 FA000000 		.4byte	.LVL23
 850 031b 19010000 		.4byte	0x119
 851 031f 14       		.uleb128 0x14
 852 0320 01       		.uleb128 0x1
 853 0321 51       		.byte	0x51
 854 0322 05       		.uleb128 0x5
 855 0323 03       		.byte	0x3
 856 0324 24000000 		.4byte	.LANCHOR0+36
 857 0328 14       		.uleb128 0x14
 858 0329 01       		.uleb128 0x1
 859 032a 50       		.byte	0x50
 860 032b 05       		.uleb128 0x5
 861 032c 03       		.byte	0x3
 862 032d 0C000000 		.4byte	.LANCHOR0+12
 863 0331 00       		.byte	0
 864 0332 00       		.byte	0
 865 0333 1E       		.uleb128 0x1e
 866 0334 6C010000 		.4byte	.LVL24
 867 0338 EE010000 		.4byte	0x1ee
ARM GAS  C:\Users\cdc75\AppData\Local\Temp\ccJafv1P.s 			page 23


 868 033c 00       		.byte	0
 869 033d 1B       		.uleb128 0x1b
 870 033e A5000000 		.4byte	0xa5
 871 0342 4D030000 		.4byte	0x34d
 872 0346 1C       		.uleb128 0x1c
 873 0347 76000000 		.4byte	0x76
 874 034b 05       		.byte	0x5
 875 034c 00       		.byte	0
 876 034d 11       		.uleb128 0x11
 877 034e 3D030000 		.4byte	0x33d
 878 0352 1B       		.uleb128 0x1b
 879 0353 0E010000 		.4byte	0x10e
 880 0357 62030000 		.4byte	0x362
 881 035b 1C       		.uleb128 0x1c
 882 035c 76000000 		.4byte	0x76
 883 0360 17       		.byte	0x17
 884 0361 00       		.byte	0
 885 0362 11       		.uleb128 0x11
 886 0363 52030000 		.4byte	0x352
 887 0367 1F       		.uleb128 0x1f
 888 0368 E5000000 		.4byte	.LASF36
 889 036c 7D000000 		.4byte	0x7d
 890 0370 84030000 		.4byte	0x384
 891 0374 20       		.uleb128 0x20
 892 0375 7D000000 		.4byte	0x7d
 893 0379 20       		.uleb128 0x20
 894 037a 25000000 		.4byte	0x25
 895 037e 20       		.uleb128 0x20
 896 037f 76000000 		.4byte	0x76
 897 0383 00       		.byte	0
 898 0384 21       		.uleb128 0x21
 899 0385 74020000 		.4byte	.LASF37
 900 0389 04       		.byte	0x4
 901 038a 6C       		.byte	0x6c
 902 038b 95030000 		.4byte	0x395
 903 038f 20       		.uleb128 0x20
 904 0390 A5000000 		.4byte	0xa5
 905 0394 00       		.byte	0
 906 0395 22       		.uleb128 0x22
 907 0396 0D000000 		.4byte	.LASF42
 908 039a 04       		.byte	0x4
 909 039b BB       		.byte	0xbb
 910 039c E1000000 		.4byte	0xe1
 911 03a0 AF030000 		.4byte	0x3af
 912 03a4 20       		.uleb128 0x20
 913 03a5 8D000000 		.4byte	0x8d
 914 03a9 20       		.uleb128 0x20
 915 03aa E1000000 		.4byte	0xe1
 916 03ae 00       		.byte	0
 917 03af 23       		.uleb128 0x23
 918 03b0 05010000 		.4byte	.LASF43
 919 03b4 04       		.byte	0x4
 920 03b5 C1       		.byte	0xc1
 921 03b6 20       		.uleb128 0x20
 922 03b7 8D000000 		.4byte	0x8d
 923 03bb 00       		.byte	0
 924 03bc 00       		.byte	0
ARM GAS  C:\Users\cdc75\AppData\Local\Temp\ccJafv1P.s 			page 24


 925              		.section	.debug_abbrev,"",%progbits
 926              	.Ldebug_abbrev0:
 927 0000 01       		.uleb128 0x1
 928 0001 11       		.uleb128 0x11
 929 0002 01       		.byte	0x1
 930 0003 25       		.uleb128 0x25
 931 0004 0E       		.uleb128 0xe
 932 0005 13       		.uleb128 0x13
 933 0006 0B       		.uleb128 0xb
 934 0007 03       		.uleb128 0x3
 935 0008 0E       		.uleb128 0xe
 936 0009 1B       		.uleb128 0x1b
 937 000a 0E       		.uleb128 0xe
 938 000b 55       		.uleb128 0x55
 939 000c 17       		.uleb128 0x17
 940 000d 11       		.uleb128 0x11
 941 000e 01       		.uleb128 0x1
 942 000f 10       		.uleb128 0x10
 943 0010 17       		.uleb128 0x17
 944 0011 00       		.byte	0
 945 0012 00       		.byte	0
 946 0013 02       		.uleb128 0x2
 947 0014 24       		.uleb128 0x24
 948 0015 00       		.byte	0
 949 0016 0B       		.uleb128 0xb
 950 0017 0B       		.uleb128 0xb
 951 0018 3E       		.uleb128 0x3e
 952 0019 0B       		.uleb128 0xb
 953 001a 03       		.uleb128 0x3
 954 001b 08       		.uleb128 0x8
 955 001c 00       		.byte	0
 956 001d 00       		.byte	0
 957 001e 03       		.uleb128 0x3
 958 001f 16       		.uleb128 0x16
 959 0020 00       		.byte	0
 960 0021 03       		.uleb128 0x3
 961 0022 0E       		.uleb128 0xe
 962 0023 3A       		.uleb128 0x3a
 963 0024 0B       		.uleb128 0xb
 964 0025 3B       		.uleb128 0x3b
 965 0026 0B       		.uleb128 0xb
 966 0027 49       		.uleb128 0x49
 967 0028 13       		.uleb128 0x13
 968 0029 00       		.byte	0
 969 002a 00       		.byte	0
 970 002b 04       		.uleb128 0x4
 971 002c 24       		.uleb128 0x24
 972 002d 00       		.byte	0
 973 002e 0B       		.uleb128 0xb
 974 002f 0B       		.uleb128 0xb
 975 0030 3E       		.uleb128 0x3e
 976 0031 0B       		.uleb128 0xb
 977 0032 03       		.uleb128 0x3
 978 0033 0E       		.uleb128 0xe
 979 0034 00       		.byte	0
 980 0035 00       		.byte	0
 981 0036 05       		.uleb128 0x5
ARM GAS  C:\Users\cdc75\AppData\Local\Temp\ccJafv1P.s 			page 25


 982 0037 0F       		.uleb128 0xf
 983 0038 00       		.byte	0
 984 0039 0B       		.uleb128 0xb
 985 003a 0B       		.uleb128 0xb
 986 003b 00       		.byte	0
 987 003c 00       		.byte	0
 988 003d 06       		.uleb128 0x6
 989 003e 0F       		.uleb128 0xf
 990 003f 00       		.byte	0
 991 0040 0B       		.uleb128 0xb
 992 0041 0B       		.uleb128 0xb
 993 0042 49       		.uleb128 0x49
 994 0043 13       		.uleb128 0x13
 995 0044 00       		.byte	0
 996 0045 00       		.byte	0
 997 0046 07       		.uleb128 0x7
 998 0047 15       		.uleb128 0x15
 999 0048 00       		.byte	0
 1000 0049 27       		.uleb128 0x27
 1001 004a 19       		.uleb128 0x19
 1002 004b 00       		.byte	0
 1003 004c 00       		.byte	0
 1004 004d 08       		.uleb128 0x8
 1005 004e 16       		.uleb128 0x16
 1006 004f 00       		.byte	0
 1007 0050 03       		.uleb128 0x3
 1008 0051 0E       		.uleb128 0xe
 1009 0052 3A       		.uleb128 0x3a
 1010 0053 0B       		.uleb128 0xb
 1011 0054 3B       		.uleb128 0x3b
 1012 0055 05       		.uleb128 0x5
 1013 0056 49       		.uleb128 0x49
 1014 0057 13       		.uleb128 0x13
 1015 0058 00       		.byte	0
 1016 0059 00       		.byte	0
 1017 005a 09       		.uleb128 0x9
 1018 005b 35       		.uleb128 0x35
 1019 005c 00       		.byte	0
 1020 005d 49       		.uleb128 0x49
 1021 005e 13       		.uleb128 0x13
 1022 005f 00       		.byte	0
 1023 0060 00       		.byte	0
 1024 0061 0A       		.uleb128 0xa
 1025 0062 13       		.uleb128 0x13
 1026 0063 01       		.byte	0x1
 1027 0064 0B       		.uleb128 0xb
 1028 0065 0B       		.uleb128 0xb
 1029 0066 3A       		.uleb128 0x3a
 1030 0067 0B       		.uleb128 0xb
 1031 0068 3B       		.uleb128 0x3b
 1032 0069 0B       		.uleb128 0xb
 1033 006a 01       		.uleb128 0x1
 1034 006b 13       		.uleb128 0x13
 1035 006c 00       		.byte	0
 1036 006d 00       		.byte	0
 1037 006e 0B       		.uleb128 0xb
 1038 006f 0D       		.uleb128 0xd
ARM GAS  C:\Users\cdc75\AppData\Local\Temp\ccJafv1P.s 			page 26


 1039 0070 00       		.byte	0
 1040 0071 03       		.uleb128 0x3
 1041 0072 0E       		.uleb128 0xe
 1042 0073 3A       		.uleb128 0x3a
 1043 0074 0B       		.uleb128 0xb
 1044 0075 3B       		.uleb128 0x3b
 1045 0076 0B       		.uleb128 0xb
 1046 0077 49       		.uleb128 0x49
 1047 0078 13       		.uleb128 0x13
 1048 0079 38       		.uleb128 0x38
 1049 007a 0B       		.uleb128 0xb
 1050 007b 00       		.byte	0
 1051 007c 00       		.byte	0
 1052 007d 0C       		.uleb128 0xc
 1053 007e 2E       		.uleb128 0x2e
 1054 007f 01       		.byte	0x1
 1055 0080 03       		.uleb128 0x3
 1056 0081 0E       		.uleb128 0xe
 1057 0082 3A       		.uleb128 0x3a
 1058 0083 0B       		.uleb128 0xb
 1059 0084 3B       		.uleb128 0x3b
 1060 0085 0B       		.uleb128 0xb
 1061 0086 27       		.uleb128 0x27
 1062 0087 19       		.uleb128 0x19
 1063 0088 11       		.uleb128 0x11
 1064 0089 01       		.uleb128 0x1
 1065 008a 12       		.uleb128 0x12
 1066 008b 06       		.uleb128 0x6
 1067 008c 40       		.uleb128 0x40
 1068 008d 18       		.uleb128 0x18
 1069 008e 9742     		.uleb128 0x2117
 1070 0090 19       		.uleb128 0x19
 1071 0091 01       		.uleb128 0x1
 1072 0092 13       		.uleb128 0x13
 1073 0093 00       		.byte	0
 1074 0094 00       		.byte	0
 1075 0095 0D       		.uleb128 0xd
 1076 0096 05       		.uleb128 0x5
 1077 0097 00       		.byte	0
 1078 0098 03       		.uleb128 0x3
 1079 0099 0E       		.uleb128 0xe
 1080 009a 3A       		.uleb128 0x3a
 1081 009b 0B       		.uleb128 0xb
 1082 009c 3B       		.uleb128 0x3b
 1083 009d 0B       		.uleb128 0xb
 1084 009e 49       		.uleb128 0x49
 1085 009f 13       		.uleb128 0x13
 1086 00a0 02       		.uleb128 0x2
 1087 00a1 18       		.uleb128 0x18
 1088 00a2 00       		.byte	0
 1089 00a3 00       		.byte	0
 1090 00a4 0E       		.uleb128 0xe
 1091 00a5 34       		.uleb128 0x34
 1092 00a6 00       		.byte	0
 1093 00a7 03       		.uleb128 0x3
 1094 00a8 08       		.uleb128 0x8
 1095 00a9 3A       		.uleb128 0x3a
ARM GAS  C:\Users\cdc75\AppData\Local\Temp\ccJafv1P.s 			page 27


 1096 00aa 0B       		.uleb128 0xb
 1097 00ab 3B       		.uleb128 0x3b
 1098 00ac 0B       		.uleb128 0xb
 1099 00ad 49       		.uleb128 0x49
 1100 00ae 13       		.uleb128 0x13
 1101 00af 02       		.uleb128 0x2
 1102 00b0 17       		.uleb128 0x17
 1103 00b1 00       		.byte	0
 1104 00b2 00       		.byte	0
 1105 00b3 0F       		.uleb128 0xf
 1106 00b4 0B       		.uleb128 0xb
 1107 00b5 01       		.byte	0x1
 1108 00b6 11       		.uleb128 0x11
 1109 00b7 01       		.uleb128 0x1
 1110 00b8 12       		.uleb128 0x12
 1111 00b9 06       		.uleb128 0x6
 1112 00ba 00       		.byte	0
 1113 00bb 00       		.byte	0
 1114 00bc 10       		.uleb128 0x10
 1115 00bd 34       		.uleb128 0x34
 1116 00be 00       		.byte	0
 1117 00bf 03       		.uleb128 0x3
 1118 00c0 0E       		.uleb128 0xe
 1119 00c1 3A       		.uleb128 0x3a
 1120 00c2 0B       		.uleb128 0xb
 1121 00c3 3B       		.uleb128 0x3b
 1122 00c4 0B       		.uleb128 0xb
 1123 00c5 49       		.uleb128 0x49
 1124 00c6 13       		.uleb128 0x13
 1125 00c7 02       		.uleb128 0x2
 1126 00c8 17       		.uleb128 0x17
 1127 00c9 00       		.byte	0
 1128 00ca 00       		.byte	0
 1129 00cb 11       		.uleb128 0x11
 1130 00cc 26       		.uleb128 0x26
 1131 00cd 00       		.byte	0
 1132 00ce 49       		.uleb128 0x49
 1133 00cf 13       		.uleb128 0x13
 1134 00d0 00       		.byte	0
 1135 00d1 00       		.byte	0
 1136 00d2 12       		.uleb128 0x12
 1137 00d3 05       		.uleb128 0x5
 1138 00d4 00       		.byte	0
 1139 00d5 03       		.uleb128 0x3
 1140 00d6 08       		.uleb128 0x8
 1141 00d7 3A       		.uleb128 0x3a
 1142 00d8 0B       		.uleb128 0xb
 1143 00d9 3B       		.uleb128 0x3b
 1144 00da 0B       		.uleb128 0xb
 1145 00db 49       		.uleb128 0x49
 1146 00dc 13       		.uleb128 0x13
 1147 00dd 02       		.uleb128 0x2
 1148 00de 17       		.uleb128 0x17
 1149 00df 00       		.byte	0
 1150 00e0 00       		.byte	0
 1151 00e1 13       		.uleb128 0x13
 1152 00e2 898201   		.uleb128 0x4109
ARM GAS  C:\Users\cdc75\AppData\Local\Temp\ccJafv1P.s 			page 28


 1153 00e5 01       		.byte	0x1
 1154 00e6 11       		.uleb128 0x11
 1155 00e7 01       		.uleb128 0x1
 1156 00e8 31       		.uleb128 0x31
 1157 00e9 13       		.uleb128 0x13
 1158 00ea 00       		.byte	0
 1159 00eb 00       		.byte	0
 1160 00ec 14       		.uleb128 0x14
 1161 00ed 8A8201   		.uleb128 0x410a
 1162 00f0 00       		.byte	0
 1163 00f1 02       		.uleb128 0x2
 1164 00f2 18       		.uleb128 0x18
 1165 00f3 9142     		.uleb128 0x2111
 1166 00f5 18       		.uleb128 0x18
 1167 00f6 00       		.byte	0
 1168 00f7 00       		.byte	0
 1169 00f8 15       		.uleb128 0x15
 1170 00f9 898201   		.uleb128 0x4109
 1171 00fc 01       		.byte	0x1
 1172 00fd 11       		.uleb128 0x11
 1173 00fe 01       		.uleb128 0x1
 1174 00ff 31       		.uleb128 0x31
 1175 0100 13       		.uleb128 0x13
 1176 0101 01       		.uleb128 0x1
 1177 0102 13       		.uleb128 0x13
 1178 0103 00       		.byte	0
 1179 0104 00       		.byte	0
 1180 0105 16       		.uleb128 0x16
 1181 0106 2E       		.uleb128 0x2e
 1182 0107 01       		.byte	0x1
 1183 0108 3F       		.uleb128 0x3f
 1184 0109 19       		.uleb128 0x19
 1185 010a 03       		.uleb128 0x3
 1186 010b 0E       		.uleb128 0xe
 1187 010c 3A       		.uleb128 0x3a
 1188 010d 0B       		.uleb128 0xb
 1189 010e 3B       		.uleb128 0x3b
 1190 010f 05       		.uleb128 0x5
 1191 0110 27       		.uleb128 0x27
 1192 0111 19       		.uleb128 0x19
 1193 0112 11       		.uleb128 0x11
 1194 0113 01       		.uleb128 0x1
 1195 0114 12       		.uleb128 0x12
 1196 0115 06       		.uleb128 0x6
 1197 0116 40       		.uleb128 0x40
 1198 0117 18       		.uleb128 0x18
 1199 0118 9742     		.uleb128 0x2117
 1200 011a 19       		.uleb128 0x19
 1201 011b 01       		.uleb128 0x1
 1202 011c 13       		.uleb128 0x13
 1203 011d 00       		.byte	0
 1204 011e 00       		.byte	0
 1205 011f 17       		.uleb128 0x17
 1206 0120 0B       		.uleb128 0xb
 1207 0121 01       		.byte	0x1
 1208 0122 11       		.uleb128 0x11
 1209 0123 01       		.uleb128 0x1
ARM GAS  C:\Users\cdc75\AppData\Local\Temp\ccJafv1P.s 			page 29


 1210 0124 12       		.uleb128 0x12
 1211 0125 06       		.uleb128 0x6
 1212 0126 01       		.uleb128 0x1
 1213 0127 13       		.uleb128 0x13
 1214 0128 00       		.byte	0
 1215 0129 00       		.byte	0
 1216 012a 18       		.uleb128 0x18
 1217 012b 34       		.uleb128 0x34
 1218 012c 00       		.byte	0
 1219 012d 03       		.uleb128 0x3
 1220 012e 0E       		.uleb128 0xe
 1221 012f 3A       		.uleb128 0x3a
 1222 0130 0B       		.uleb128 0xb
 1223 0131 3B       		.uleb128 0x3b
 1224 0132 05       		.uleb128 0x5
 1225 0133 49       		.uleb128 0x49
 1226 0134 13       		.uleb128 0x13
 1227 0135 02       		.uleb128 0x2
 1228 0136 18       		.uleb128 0x18
 1229 0137 00       		.byte	0
 1230 0138 00       		.byte	0
 1231 0139 19       		.uleb128 0x19
 1232 013a 13       		.uleb128 0x13
 1233 013b 01       		.byte	0x1
 1234 013c 0B       		.uleb128 0xb
 1235 013d 0B       		.uleb128 0xb
 1236 013e 3A       		.uleb128 0x3a
 1237 013f 0B       		.uleb128 0xb
 1238 0140 3B       		.uleb128 0x3b
 1239 0141 05       		.uleb128 0x5
 1240 0142 01       		.uleb128 0x1
 1241 0143 13       		.uleb128 0x13
 1242 0144 00       		.byte	0
 1243 0145 00       		.byte	0
 1244 0146 1A       		.uleb128 0x1a
 1245 0147 0D       		.uleb128 0xd
 1246 0148 00       		.byte	0
 1247 0149 03       		.uleb128 0x3
 1248 014a 0E       		.uleb128 0xe
 1249 014b 3A       		.uleb128 0x3a
 1250 014c 0B       		.uleb128 0xb
 1251 014d 3B       		.uleb128 0x3b
 1252 014e 05       		.uleb128 0x5
 1253 014f 49       		.uleb128 0x49
 1254 0150 13       		.uleb128 0x13
 1255 0151 38       		.uleb128 0x38
 1256 0152 0B       		.uleb128 0xb
 1257 0153 00       		.byte	0
 1258 0154 00       		.byte	0
 1259 0155 1B       		.uleb128 0x1b
 1260 0156 01       		.uleb128 0x1
 1261 0157 01       		.byte	0x1
 1262 0158 49       		.uleb128 0x49
 1263 0159 13       		.uleb128 0x13
 1264 015a 01       		.uleb128 0x1
 1265 015b 13       		.uleb128 0x13
 1266 015c 00       		.byte	0
ARM GAS  C:\Users\cdc75\AppData\Local\Temp\ccJafv1P.s 			page 30


 1267 015d 00       		.byte	0
 1268 015e 1C       		.uleb128 0x1c
 1269 015f 21       		.uleb128 0x21
 1270 0160 00       		.byte	0
 1271 0161 49       		.uleb128 0x49
 1272 0162 13       		.uleb128 0x13
 1273 0163 2F       		.uleb128 0x2f
 1274 0164 0B       		.uleb128 0xb
 1275 0165 00       		.byte	0
 1276 0166 00       		.byte	0
 1277 0167 1D       		.uleb128 0x1d
 1278 0168 34       		.uleb128 0x34
 1279 0169 00       		.byte	0
 1280 016a 03       		.uleb128 0x3
 1281 016b 08       		.uleb128 0x8
 1282 016c 3A       		.uleb128 0x3a
 1283 016d 0B       		.uleb128 0xb
 1284 016e 3B       		.uleb128 0x3b
 1285 016f 05       		.uleb128 0x5
 1286 0170 49       		.uleb128 0x49
 1287 0171 13       		.uleb128 0x13
 1288 0172 02       		.uleb128 0x2
 1289 0173 17       		.uleb128 0x17
 1290 0174 00       		.byte	0
 1291 0175 00       		.byte	0
 1292 0176 1E       		.uleb128 0x1e
 1293 0177 898201   		.uleb128 0x4109
 1294 017a 00       		.byte	0
 1295 017b 11       		.uleb128 0x11
 1296 017c 01       		.uleb128 0x1
 1297 017d 31       		.uleb128 0x31
 1298 017e 13       		.uleb128 0x13
 1299 017f 00       		.byte	0
 1300 0180 00       		.byte	0
 1301 0181 1F       		.uleb128 0x1f
 1302 0182 2E       		.uleb128 0x2e
 1303 0183 01       		.byte	0x1
 1304 0184 3F       		.uleb128 0x3f
 1305 0185 19       		.uleb128 0x19
 1306 0186 03       		.uleb128 0x3
 1307 0187 0E       		.uleb128 0xe
 1308 0188 27       		.uleb128 0x27
 1309 0189 19       		.uleb128 0x19
 1310 018a 49       		.uleb128 0x49
 1311 018b 13       		.uleb128 0x13
 1312 018c 34       		.uleb128 0x34
 1313 018d 19       		.uleb128 0x19
 1314 018e 3C       		.uleb128 0x3c
 1315 018f 19       		.uleb128 0x19
 1316 0190 01       		.uleb128 0x1
 1317 0191 13       		.uleb128 0x13
 1318 0192 00       		.byte	0
 1319 0193 00       		.byte	0
 1320 0194 20       		.uleb128 0x20
 1321 0195 05       		.uleb128 0x5
 1322 0196 00       		.byte	0
 1323 0197 49       		.uleb128 0x49
ARM GAS  C:\Users\cdc75\AppData\Local\Temp\ccJafv1P.s 			page 31


 1324 0198 13       		.uleb128 0x13
 1325 0199 00       		.byte	0
 1326 019a 00       		.byte	0
 1327 019b 21       		.uleb128 0x21
 1328 019c 2E       		.uleb128 0x2e
 1329 019d 01       		.byte	0x1
 1330 019e 3F       		.uleb128 0x3f
 1331 019f 19       		.uleb128 0x19
 1332 01a0 03       		.uleb128 0x3
 1333 01a1 0E       		.uleb128 0xe
 1334 01a2 3A       		.uleb128 0x3a
 1335 01a3 0B       		.uleb128 0xb
 1336 01a4 3B       		.uleb128 0x3b
 1337 01a5 0B       		.uleb128 0xb
 1338 01a6 27       		.uleb128 0x27
 1339 01a7 19       		.uleb128 0x19
 1340 01a8 3C       		.uleb128 0x3c
 1341 01a9 19       		.uleb128 0x19
 1342 01aa 01       		.uleb128 0x1
 1343 01ab 13       		.uleb128 0x13
 1344 01ac 00       		.byte	0
 1345 01ad 00       		.byte	0
 1346 01ae 22       		.uleb128 0x22
 1347 01af 2E       		.uleb128 0x2e
 1348 01b0 01       		.byte	0x1
 1349 01b1 3F       		.uleb128 0x3f
 1350 01b2 19       		.uleb128 0x19
 1351 01b3 03       		.uleb128 0x3
 1352 01b4 0E       		.uleb128 0xe
 1353 01b5 3A       		.uleb128 0x3a
 1354 01b6 0B       		.uleb128 0xb
 1355 01b7 3B       		.uleb128 0x3b
 1356 01b8 0B       		.uleb128 0xb
 1357 01b9 27       		.uleb128 0x27
 1358 01ba 19       		.uleb128 0x19
 1359 01bb 49       		.uleb128 0x49
 1360 01bc 13       		.uleb128 0x13
 1361 01bd 3C       		.uleb128 0x3c
 1362 01be 19       		.uleb128 0x19
 1363 01bf 01       		.uleb128 0x1
 1364 01c0 13       		.uleb128 0x13
 1365 01c1 00       		.byte	0
 1366 01c2 00       		.byte	0
 1367 01c3 23       		.uleb128 0x23
 1368 01c4 2E       		.uleb128 0x2e
 1369 01c5 01       		.byte	0x1
 1370 01c6 3F       		.uleb128 0x3f
 1371 01c7 19       		.uleb128 0x19
 1372 01c8 03       		.uleb128 0x3
 1373 01c9 0E       		.uleb128 0xe
 1374 01ca 3A       		.uleb128 0x3a
 1375 01cb 0B       		.uleb128 0xb
 1376 01cc 3B       		.uleb128 0x3b
 1377 01cd 0B       		.uleb128 0xb
 1378 01ce 27       		.uleb128 0x27
 1379 01cf 19       		.uleb128 0x19
 1380 01d0 3C       		.uleb128 0x3c
ARM GAS  C:\Users\cdc75\AppData\Local\Temp\ccJafv1P.s 			page 32


 1381 01d1 19       		.uleb128 0x19
 1382 01d2 00       		.byte	0
 1383 01d3 00       		.byte	0
 1384 01d4 00       		.byte	0
 1385              		.section	.debug_loc,"",%progbits
 1386              	.Ldebug_loc0:
 1387              	.LLST0:
 1388 0000 02000000 		.4byte	.LVL1
 1389 0004 08000000 		.4byte	.LVL2
 1390 0008 0200     		.2byte	0x2
 1391 000a 30       		.byte	0x30
 1392 000b 9F       		.byte	0x9f
 1393 000c 08000000 		.4byte	.LVL2
 1394 0010 30000000 		.4byte	.LVL11
 1395 0014 0100     		.2byte	0x1
 1396 0016 57       		.byte	0x57
 1397 0017 00000000 		.4byte	0
 1398 001b 00000000 		.4byte	0
 1399              	.LLST1:
 1400 001f 02000000 		.4byte	.LVL1
 1401 0023 08000000 		.4byte	.LVL2
 1402 0027 0200     		.2byte	0x2
 1403 0029 30       		.byte	0x30
 1404 002a 9F       		.byte	0x9f
 1405 002b 08000000 		.4byte	.LVL2
 1406 002f 30000000 		.4byte	.LVL10
 1407 0033 0100     		.2byte	0x1
 1408 0035 55       		.byte	0x55
 1409 0036 00000000 		.4byte	0
 1410 003a 00000000 		.4byte	0
 1411              	.LLST2:
 1412 003e 0C000000 		.4byte	.LVL3
 1413 0042 2C000000 		.4byte	.LVL9
 1414 0046 0100     		.2byte	0x1
 1415 0048 56       		.byte	0x56
 1416 0049 00000000 		.4byte	0
 1417 004d 00000000 		.4byte	0
 1418              	.LLST3:
 1419 0051 0E000000 		.4byte	.LVL4
 1420 0055 24000000 		.4byte	.LVL7
 1421 0059 0100     		.2byte	0x1
 1422 005b 53       		.byte	0x53
 1423 005c 26000000 		.4byte	.LVL8
 1424 0060 2C000000 		.4byte	.LVL9
 1425 0064 0100     		.2byte	0x1
 1426 0066 53       		.byte	0x53
 1427 0067 00000000 		.4byte	0
 1428 006b 00000000 		.4byte	0
 1429              	.LLST4:
 1430 006f 00000000 		.4byte	.LVL12
 1431 0073 09000000 		.4byte	.LVL14-1
 1432 0077 0100     		.2byte	0x1
 1433 0079 50       		.byte	0x50
 1434 007a 09000000 		.4byte	.LVL14-1
 1435 007e 0C000000 		.4byte	.LFE0
 1436 0082 0400     		.2byte	0x4
 1437 0084 F3       		.byte	0xf3
ARM GAS  C:\Users\cdc75\AppData\Local\Temp\ccJafv1P.s 			page 33


 1438 0085 01       		.uleb128 0x1
 1439 0086 50       		.byte	0x50
 1440 0087 9F       		.byte	0x9f
 1441 0088 00000000 		.4byte	0
 1442 008c 00000000 		.4byte	0
 1443              	.LLST5:
 1444 0090 00000000 		.4byte	.LVL12
 1445 0094 06000000 		.4byte	.LVL13
 1446 0098 0100     		.2byte	0x1
 1447 009a 51       		.byte	0x51
 1448 009b 06000000 		.4byte	.LVL13
 1449 009f 09000000 		.4byte	.LVL14-1
 1450 00a3 0100     		.2byte	0x1
 1451 00a5 52       		.byte	0x52
 1452 00a6 09000000 		.4byte	.LVL14-1
 1453 00aa 0C000000 		.4byte	.LFE0
 1454 00ae 0400     		.2byte	0x4
 1455 00b0 F3       		.byte	0xf3
 1456 00b1 01       		.uleb128 0x1
 1457 00b2 51       		.byte	0x51
 1458 00b3 9F       		.byte	0x9f
 1459 00b4 00000000 		.4byte	0
 1460 00b8 00000000 		.4byte	0
 1461              	.LLST6:
 1462 00bc C4000000 		.4byte	.LVL18
 1463 00c0 C8000000 		.4byte	.LVL19
 1464 00c4 0200     		.2byte	0x2
 1465 00c6 30       		.byte	0x30
 1466 00c7 9F       		.byte	0x9f
 1467 00c8 C8000000 		.4byte	.LVL19
 1468 00cc E8000000 		.4byte	.LVL21
 1469 00d0 0100     		.2byte	0x1
 1470 00d2 54       		.byte	0x54
 1471 00d3 EA000000 		.4byte	.LVL22
 1472 00d7 6C010000 		.4byte	.LVL25
 1473 00db 0100     		.2byte	0x1
 1474 00dd 54       		.byte	0x54
 1475 00de 00000000 		.4byte	0
 1476 00e2 00000000 		.4byte	0
 1477              	.LLST7:
 1478 00e6 C8000000 		.4byte	.LVL19
 1479 00ea E8000000 		.4byte	.LVL21
 1480 00ee 0B00     		.2byte	0xb
 1481 00f0 74       		.byte	0x74
 1482 00f1 00       		.sleb128 0
 1483 00f2 36       		.byte	0x36
 1484 00f3 1E       		.byte	0x1e
 1485 00f4 03       		.byte	0x3
 1486 00f5 00000000 		.4byte	cfg_memset_list.4746
 1487 00f9 22       		.byte	0x22
 1488 00fa 9F       		.byte	0x9f
 1489 00fb E8000000 		.4byte	.LVL21
 1490 00ff EA000000 		.4byte	.LVL22
 1491 0103 0B00     		.2byte	0xb
 1492 0105 74       		.byte	0x74
 1493 0106 7F       		.sleb128 -1
 1494 0107 36       		.byte	0x36
ARM GAS  C:\Users\cdc75\AppData\Local\Temp\ccJafv1P.s 			page 34


 1495 0108 1E       		.byte	0x1e
 1496 0109 03       		.byte	0x3
 1497 010a 00000000 		.4byte	cfg_memset_list.4746
 1498 010e 22       		.byte	0x22
 1499 010f 9F       		.byte	0x9f
 1500 0110 00000000 		.4byte	0
 1501 0114 00000000 		.4byte	0
 1502              		.section	.debug_aranges,"",%progbits
 1503 0000 34000000 		.4byte	0x34
 1504 0004 0200     		.2byte	0x2
 1505 0006 00000000 		.4byte	.Ldebug_info0
 1506 000a 04       		.byte	0x4
 1507 000b 00       		.byte	0
 1508 000c 0000     		.2byte	0
 1509 000e 0000     		.2byte	0
 1510 0010 00000000 		.4byte	.LFB3
 1511 0014 32000000 		.4byte	.LFE3-.LFB3
 1512 0018 00000000 		.4byte	.LFB0
 1513 001c 0C000000 		.4byte	.LFE0-.LFB0
 1514 0020 00000000 		.4byte	.LFB4
 1515 0024 C0000000 		.4byte	.LFE4-.LFB4
 1516 0028 C0000000 		.4byte	.LFB6
 1517 002c F4000000 		.4byte	.LFE6-.LFB6
 1518 0030 00000000 		.4byte	0
 1519 0034 00000000 		.4byte	0
 1520              		.section	.debug_ranges,"",%progbits
 1521              	.Ldebug_ranges0:
 1522 0000 00000000 		.4byte	.LFB3
 1523 0004 32000000 		.4byte	.LFE3
 1524 0008 00000000 		.4byte	.LFB0
 1525 000c 0C000000 		.4byte	.LFE0
 1526 0010 00000000 		.4byte	.LFB4
 1527 0014 C0000000 		.4byte	.LFE4
 1528 0018 C0000000 		.4byte	.LFB6
 1529 001c B4010000 		.4byte	.LFE6
 1530 0020 00000000 		.4byte	0
 1531 0024 00000000 		.4byte	0
 1532              		.section	.debug_line,"",%progbits
 1533              	.Ldebug_line0:
 1534 0000 67010000 		.section	.debug_str,"MS",%progbits,1
 1534      0200D800 
 1534      00000201 
 1534      FB0E0D00 
 1534      01010101 
 1535              	.LASF18:
 1536 0000 72656733 		.ascii	"reg32\000"
 1536      3200
 1537              	.LASF11:
 1538 0006 73697A65 		.ascii	"size_t\000"
 1538      5F7400
 1539              	.LASF42:
 1540 000d 4379496E 		.ascii	"CyIntSetVector\000"
 1540      74536574 
 1540      56656374 
 1540      6F7200
 1541              	.LASF21:
 1542 001c 76616C75 		.ascii	"value\000"
ARM GAS  C:\Users\cdc75\AppData\Local\Temp\ccJafv1P.s 			page 35


 1542      6500
 1543              	.LASF26:
 1544 0022 636F756E 		.ascii	"count\000"
 1544      7400
 1545              	.LASF29:
 1546 0028 436C6F63 		.ascii	"ClockSetup\000"
 1546      6B536574 
 1546      757000
 1547              	.LASF30:
 1548 0033 63795F63 		.ascii	"cy_cfg_addr_table\000"
 1548      66675F61 
 1548      6464725F 
 1548      7461626C 
 1548      6500
 1549              	.LASF31:
 1550 0045 63795F63 		.ascii	"cy_cfg_data_table\000"
 1550      66675F64 
 1550      6174615F 
 1550      7461626C 
 1550      6500
 1551              	.LASF22:
 1552 0057 63795F63 		.ascii	"cy_cfg_addrvalue_t\000"
 1552      66675F61 
 1552      64647276 
 1552      616C7565 
 1552      5F7400
 1553              	.LASF15:
 1554 006a 666C6F61 		.ascii	"float\000"
 1554      7400
 1555              	.LASF40:
 1556 0070 433A5C55 		.ascii	"C:\\Users\\cdc75\\Desktop\\Labs\\Lesson16.cydsn\000"
 1556      73657273 
 1556      5C636463 
 1556      37355C44 
 1556      65736B74 
 1557              	.LASF35:
 1558 009b 6366675F 		.ascii	"cfg_memset_list\000"
 1558      6D656D73 
 1558      65745F6C 
 1558      69737400 
 1559              	.LASF33:
 1560 00ab 73697A65 		.ascii	"size\000"
 1560      00
 1561              	.LASF17:
 1562 00b0 72656738 		.ascii	"reg8\000"
 1562      00
 1563              	.LASF6:
 1564 00b5 6C6F6E67 		.ascii	"long unsigned int\000"
 1564      20756E73 
 1564      69676E65 
 1564      6420696E 
 1564      7400
 1565              	.LASF12:
 1566 00c7 75696E74 		.ascii	"uint8\000"
 1566      3800
 1567              	.LASF28:
 1568 00cd 43594D45 		.ascii	"CYMEMZERO\000"
ARM GAS  C:\Users\cdc75\AppData\Local\Temp\ccJafv1P.s 			page 36


 1568      4D5A4552 
 1568      4F00
 1569              	.LASF2:
 1570 00d7 756E7369 		.ascii	"unsigned char\000"
 1570      676E6564 
 1570      20636861 
 1570      7200
 1571              	.LASF36:
 1572 00e5 6D656D73 		.ascii	"memset\000"
 1572      657400
 1573              	.LASF16:
 1574 00ec 646F7562 		.ascii	"double\000"
 1574      6C6500
 1575              	.LASF27:
 1576 00f3 6366675F 		.ascii	"cfg_write_bytes32\000"
 1576      77726974 
 1576      655F6279 
 1576      74657333 
 1576      3200
 1577              	.LASF43:
 1578 0105 4379496E 		.ascii	"CyIntEnable\000"
 1578      74456E61 
 1578      626C6500 
 1579              	.LASF23:
 1580 0111 61646472 		.ascii	"addr_table\000"
 1580      5F746162 
 1580      6C6500
 1581              	.LASF13:
 1582 011c 75696E74 		.ascii	"uint16\000"
 1582      313600
 1583              	.LASF24:
 1584 0123 64617461 		.ascii	"data_table\000"
 1584      5F746162 
 1584      6C6500
 1585              	.LASF14:
 1586 012e 75696E74 		.ascii	"uint32\000"
 1586      333200
 1587              	.LASF0:
 1588 0135 756E7369 		.ascii	"unsigned int\000"
 1588      676E6564 
 1588      20696E74 
 1588      00
 1589              	.LASF41:
 1590 0142 63796669 		.ascii	"cyfitter_cfg\000"
 1590      74746572 
 1590      5F636667 
 1590      00
 1591              	.LASF32:
 1592 014f 61646472 		.ascii	"address\000"
 1592      65737300 
 1593              	.LASF8:
 1594 0157 6C6F6E67 		.ascii	"long long unsigned int\000"
 1594      206C6F6E 
 1594      6720756E 
 1594      7369676E 
 1594      65642069 
 1595              	.LASF19:
ARM GAS  C:\Users\cdc75\AppData\Local\Temp\ccJafv1P.s 			page 37


 1596 016e 63796973 		.ascii	"cyisraddress\000"
 1596      72616464 
 1596      72657373 
 1596      00
 1597              	.LASF34:
 1598 017b 6366675F 		.ascii	"cfg_memset_t\000"
 1598      6D656D73 
 1598      65745F74 
 1598      00
 1599              	.LASF25:
 1600 0188 62617365 		.ascii	"baseAddr\000"
 1600      41646472 
 1600      00
 1601              	.LASF9:
 1602 0191 73697A65 		.ascii	"sizetype\000"
 1602      74797065 
 1602      00
 1603              	.LASF39:
 1604 019a 2E5C4765 		.ascii	".\\Generated_Source\\PSoC4\\cyfitter_cfg.c\000"
 1604      6E657261 
 1604      7465645F 
 1604      536F7572 
 1604      63655C50 
 1605              	.LASF7:
 1606 01c2 6C6F6E67 		.ascii	"long long int\000"
 1606      206C6F6E 
 1606      6720696E 
 1606      7400
 1607              	.LASF10:
 1608 01d0 63686172 		.ascii	"char\000"
 1608      00
 1609              	.LASF38:
 1610 01d5 474E5520 		.ascii	"GNU C 4.9.3 20150303 (release) [ARM/embedded-4_9-br"
 1610      4320342E 
 1610      392E3320 
 1610      32303135 
 1610      30333033 
 1611 0208 616E6368 		.ascii	"anch revision 221220] -mcpu=cortex-m0 -mthumb -g -O"
 1611      20726576 
 1611      6973696F 
 1611      6E203232 
 1611      31323230 
 1612 023b 67202D66 		.ascii	"g -ffunction-sections -ffat-lto-objects\000"
 1612      66756E63 
 1612      74696F6E 
 1612      2D736563 
 1612      74696F6E 
 1613              	.LASF20:
 1614 0263 6F666673 		.ascii	"offset\000"
 1614      657400
 1615              	.LASF3:
 1616 026a 73686F72 		.ascii	"short int\000"
 1616      7420696E 
 1616      7400
 1617              	.LASF37:
 1618 0274 43795379 		.ascii	"CySysClkWriteImoFreq\000"
 1618      73436C6B 
ARM GAS  C:\Users\cdc75\AppData\Local\Temp\ccJafv1P.s 			page 38


 1618      57726974 
 1618      65496D6F 
 1618      46726571 
 1619              	.LASF5:
 1620 0289 6C6F6E67 		.ascii	"long int\000"
 1620      20696E74 
 1620      00
 1621              	.LASF1:
 1622 0292 7369676E 		.ascii	"signed char\000"
 1622      65642063 
 1622      68617200 
 1623              	.LASF4:
 1624 029e 73686F72 		.ascii	"short unsigned int\000"
 1624      7420756E 
 1624      7369676E 
 1624      65642069 
 1624      6E7400
 1625              		.ident	"GCC: (GNU Tools for ARM Embedded Processors) 4.9.3 20150303 (release) [ARM/embedded-4_9-br
