ARM GAS  C:\Users\cdc75\AppData\Local\Temp\ccIULFRK.s 			page 1


   1              		.cpu cortex-m0
   2              		.fpu softvfp
   3              		.eabi_attribute 20, 1
   4              		.eabi_attribute 21, 1
   5              		.eabi_attribute 23, 3
   6              		.eabi_attribute 24, 1
   7              		.eabi_attribute 25, 1
   8              		.eabi_attribute 26, 1
   9              		.eabi_attribute 30, 1
  10              		.eabi_attribute 34, 0
  11              		.eabi_attribute 18, 4
  12              		.code	16
  13              		.file	"cyfitter_cfg.c"
  14              		.text
  15              	.Ltext0:
  16              		.cfi_sections	.debug_frame
  17              		.section	.text.cfg_write_bytes32,"ax",%progbits
  18              		.align	2
  19              		.code	16
  20              		.thumb_func
  21              		.type	cfg_write_bytes32, %function
  22              	cfg_write_bytes32:
  23              	.LFB3:
  24              		.file 1 ".\\Generated_Source\\PSoC4\\cyfitter_cfg.c"
   1:.\Generated_Source\PSoC4/cyfitter_cfg.c **** /*******************************************************************************
   2:.\Generated_Source\PSoC4/cyfitter_cfg.c **** * File Name: cyfitter_cfg.c
   3:.\Generated_Source\PSoC4/cyfitter_cfg.c **** * 
   4:.\Generated_Source\PSoC4/cyfitter_cfg.c **** * PSoC Creator  3.3 CP3
   5:.\Generated_Source\PSoC4/cyfitter_cfg.c **** *
   6:.\Generated_Source\PSoC4/cyfitter_cfg.c **** * Description:
   7:.\Generated_Source\PSoC4/cyfitter_cfg.c **** * This file contains device initialization code.
   8:.\Generated_Source\PSoC4/cyfitter_cfg.c **** * Except for the user defined sections in CyClockStartupError(), this file should not be modified.
   9:.\Generated_Source\PSoC4/cyfitter_cfg.c **** * This file is automatically generated by PSoC Creator.
  10:.\Generated_Source\PSoC4/cyfitter_cfg.c **** *
  11:.\Generated_Source\PSoC4/cyfitter_cfg.c **** ********************************************************************************
  12:.\Generated_Source\PSoC4/cyfitter_cfg.c **** * Copyright (c) 2007-2016 Cypress Semiconductor.  All rights reserved.
  13:.\Generated_Source\PSoC4/cyfitter_cfg.c **** * You may use this file only in accordance with the license, terms, conditions, 
  14:.\Generated_Source\PSoC4/cyfitter_cfg.c **** * disclaimers, and limitations in the end user license agreement accompanying 
  15:.\Generated_Source\PSoC4/cyfitter_cfg.c **** * the software package with which this file was provided.
  16:.\Generated_Source\PSoC4/cyfitter_cfg.c **** ********************************************************************************/
  17:.\Generated_Source\PSoC4/cyfitter_cfg.c **** 
  18:.\Generated_Source\PSoC4/cyfitter_cfg.c **** #include <string.h>
  19:.\Generated_Source\PSoC4/cyfitter_cfg.c **** #include "cytypes.h"
  20:.\Generated_Source\PSoC4/cyfitter_cfg.c **** #include "cydevice_trm.h"
  21:.\Generated_Source\PSoC4/cyfitter_cfg.c **** #include "cyfitter.h"
  22:.\Generated_Source\PSoC4/cyfitter_cfg.c **** #include "CyLib.h"
  23:.\Generated_Source\PSoC4/cyfitter_cfg.c **** #include "CyLFClk.h"
  24:.\Generated_Source\PSoC4/cyfitter_cfg.c **** #include "cyfitter_cfg.h"
  25:.\Generated_Source\PSoC4/cyfitter_cfg.c **** 
  26:.\Generated_Source\PSoC4/cyfitter_cfg.c **** 
  27:.\Generated_Source\PSoC4/cyfitter_cfg.c **** #if defined(__GNUC__) || defined(__ARMCC_VERSION)
  28:.\Generated_Source\PSoC4/cyfitter_cfg.c ****     #define CYPACKED 
  29:.\Generated_Source\PSoC4/cyfitter_cfg.c ****     #define CYPACKED_ATTR __attribute__ ((packed))
  30:.\Generated_Source\PSoC4/cyfitter_cfg.c ****     #define CYALIGNED __attribute__ ((aligned))
  31:.\Generated_Source\PSoC4/cyfitter_cfg.c ****     #define CY_CFG_UNUSED __attribute__ ((unused))
  32:.\Generated_Source\PSoC4/cyfitter_cfg.c ****     #ifndef CY_CFG_SECTION
  33:.\Generated_Source\PSoC4/cyfitter_cfg.c ****         #define CY_CFG_SECTION __attribute__ ((section(".psocinit")))
ARM GAS  C:\Users\cdc75\AppData\Local\Temp\ccIULFRK.s 			page 2


  34:.\Generated_Source\PSoC4/cyfitter_cfg.c ****     #endif
  35:.\Generated_Source\PSoC4/cyfitter_cfg.c ****     
  36:.\Generated_Source\PSoC4/cyfitter_cfg.c ****     #if defined(__ARMCC_VERSION)
  37:.\Generated_Source\PSoC4/cyfitter_cfg.c ****         #define CY_CFG_MEMORY_BARRIER() __memory_changed()
  38:.\Generated_Source\PSoC4/cyfitter_cfg.c ****     #else
  39:.\Generated_Source\PSoC4/cyfitter_cfg.c ****         #define CY_CFG_MEMORY_BARRIER() __sync_synchronize()
  40:.\Generated_Source\PSoC4/cyfitter_cfg.c ****     #endif
  41:.\Generated_Source\PSoC4/cyfitter_cfg.c ****     
  42:.\Generated_Source\PSoC4/cyfitter_cfg.c **** #elif defined(__ICCARM__)
  43:.\Generated_Source\PSoC4/cyfitter_cfg.c ****     #include <intrinsics.h>
  44:.\Generated_Source\PSoC4/cyfitter_cfg.c **** 
  45:.\Generated_Source\PSoC4/cyfitter_cfg.c ****     #define CYPACKED __packed
  46:.\Generated_Source\PSoC4/cyfitter_cfg.c ****     #define CYPACKED_ATTR 
  47:.\Generated_Source\PSoC4/cyfitter_cfg.c ****     #define CYALIGNED _Pragma("data_alignment=4")
  48:.\Generated_Source\PSoC4/cyfitter_cfg.c ****     #define CY_CFG_UNUSED _Pragma("diag_suppress=Pe177")
  49:.\Generated_Source\PSoC4/cyfitter_cfg.c ****     #define CY_CFG_SECTION _Pragma("location=\".psocinit\"")
  50:.\Generated_Source\PSoC4/cyfitter_cfg.c ****     
  51:.\Generated_Source\PSoC4/cyfitter_cfg.c ****     #define CY_CFG_MEMORY_BARRIER() __DMB()
  52:.\Generated_Source\PSoC4/cyfitter_cfg.c ****     
  53:.\Generated_Source\PSoC4/cyfitter_cfg.c **** #else
  54:.\Generated_Source\PSoC4/cyfitter_cfg.c ****     #error Unsupported toolchain
  55:.\Generated_Source\PSoC4/cyfitter_cfg.c **** #endif
  56:.\Generated_Source\PSoC4/cyfitter_cfg.c **** 
  57:.\Generated_Source\PSoC4/cyfitter_cfg.c **** 
  58:.\Generated_Source\PSoC4/cyfitter_cfg.c **** CY_CFG_UNUSED
  59:.\Generated_Source\PSoC4/cyfitter_cfg.c **** static void CYMEMZERO(void *s, size_t n);
  60:.\Generated_Source\PSoC4/cyfitter_cfg.c **** CY_CFG_UNUSED
  61:.\Generated_Source\PSoC4/cyfitter_cfg.c **** static void CYMEMZERO(void *s, size_t n)
  62:.\Generated_Source\PSoC4/cyfitter_cfg.c **** {
  63:.\Generated_Source\PSoC4/cyfitter_cfg.c **** 	(void)memset(s, 0, n);
  64:.\Generated_Source\PSoC4/cyfitter_cfg.c **** }
  65:.\Generated_Source\PSoC4/cyfitter_cfg.c **** CY_CFG_UNUSED
  66:.\Generated_Source\PSoC4/cyfitter_cfg.c **** static void CYCONFIGCPY(void *dest, const void *src, size_t n);
  67:.\Generated_Source\PSoC4/cyfitter_cfg.c **** CY_CFG_UNUSED
  68:.\Generated_Source\PSoC4/cyfitter_cfg.c **** static void CYCONFIGCPY(void *dest, const void *src, size_t n)
  69:.\Generated_Source\PSoC4/cyfitter_cfg.c **** {
  70:.\Generated_Source\PSoC4/cyfitter_cfg.c **** 	(void)memcpy(dest, src, n);
  71:.\Generated_Source\PSoC4/cyfitter_cfg.c **** }
  72:.\Generated_Source\PSoC4/cyfitter_cfg.c **** CY_CFG_UNUSED
  73:.\Generated_Source\PSoC4/cyfitter_cfg.c **** static void CYCONFIGCPYCODE(void *dest, const void *src, size_t n);
  74:.\Generated_Source\PSoC4/cyfitter_cfg.c **** CY_CFG_UNUSED
  75:.\Generated_Source\PSoC4/cyfitter_cfg.c **** static void CYCONFIGCPYCODE(void *dest, const void *src, size_t n)
  76:.\Generated_Source\PSoC4/cyfitter_cfg.c **** {
  77:.\Generated_Source\PSoC4/cyfitter_cfg.c **** 	(void)memcpy(dest, src, n);
  78:.\Generated_Source\PSoC4/cyfitter_cfg.c **** }
  79:.\Generated_Source\PSoC4/cyfitter_cfg.c **** 
  80:.\Generated_Source\PSoC4/cyfitter_cfg.c **** 
  81:.\Generated_Source\PSoC4/cyfitter_cfg.c **** 
  82:.\Generated_Source\PSoC4/cyfitter_cfg.c **** /* Clock startup error codes                                                   */
  83:.\Generated_Source\PSoC4/cyfitter_cfg.c **** #define CYCLOCKSTART_NO_ERROR    0u
  84:.\Generated_Source\PSoC4/cyfitter_cfg.c **** #define CYCLOCKSTART_XTAL_ERROR  1u
  85:.\Generated_Source\PSoC4/cyfitter_cfg.c **** #define CYCLOCKSTART_32KHZ_ERROR 2u
  86:.\Generated_Source\PSoC4/cyfitter_cfg.c **** #define CYCLOCKSTART_PLL_ERROR   3u
  87:.\Generated_Source\PSoC4/cyfitter_cfg.c **** 
  88:.\Generated_Source\PSoC4/cyfitter_cfg.c **** #ifdef CY_NEED_CYCLOCKSTARTUPERROR
  89:.\Generated_Source\PSoC4/cyfitter_cfg.c **** /*******************************************************************************
  90:.\Generated_Source\PSoC4/cyfitter_cfg.c **** * Function Name: CyClockStartupError
ARM GAS  C:\Users\cdc75\AppData\Local\Temp\ccIULFRK.s 			page 3


  91:.\Generated_Source\PSoC4/cyfitter_cfg.c **** ********************************************************************************
  92:.\Generated_Source\PSoC4/cyfitter_cfg.c **** * Summary:
  93:.\Generated_Source\PSoC4/cyfitter_cfg.c **** *  If an error is encountered during clock configuration (crystal startup error,
  94:.\Generated_Source\PSoC4/cyfitter_cfg.c **** *  PLL lock error, etc.), the system will end up here.  Unless reimplemented by
  95:.\Generated_Source\PSoC4/cyfitter_cfg.c **** *  the customer, this function will stop in an infinite loop.
  96:.\Generated_Source\PSoC4/cyfitter_cfg.c **** *
  97:.\Generated_Source\PSoC4/cyfitter_cfg.c **** * Parameters:
  98:.\Generated_Source\PSoC4/cyfitter_cfg.c **** *   void
  99:.\Generated_Source\PSoC4/cyfitter_cfg.c **** *
 100:.\Generated_Source\PSoC4/cyfitter_cfg.c **** * Return:
 101:.\Generated_Source\PSoC4/cyfitter_cfg.c **** *   void
 102:.\Generated_Source\PSoC4/cyfitter_cfg.c **** *
 103:.\Generated_Source\PSoC4/cyfitter_cfg.c **** *******************************************************************************/
 104:.\Generated_Source\PSoC4/cyfitter_cfg.c **** CY_CFG_UNUSED
 105:.\Generated_Source\PSoC4/cyfitter_cfg.c **** static void CyClockStartupError(uint8 errorCode);
 106:.\Generated_Source\PSoC4/cyfitter_cfg.c **** CY_CFG_UNUSED
 107:.\Generated_Source\PSoC4/cyfitter_cfg.c **** static void CyClockStartupError(uint8 errorCode)
 108:.\Generated_Source\PSoC4/cyfitter_cfg.c **** {
 109:.\Generated_Source\PSoC4/cyfitter_cfg.c ****     /* To remove the compiler warning if errorCode not used.                */
 110:.\Generated_Source\PSoC4/cyfitter_cfg.c ****     errorCode = errorCode;
 111:.\Generated_Source\PSoC4/cyfitter_cfg.c **** 
 112:.\Generated_Source\PSoC4/cyfitter_cfg.c ****     /* `#START CyClockStartupError` */
 113:.\Generated_Source\PSoC4/cyfitter_cfg.c **** 
 114:.\Generated_Source\PSoC4/cyfitter_cfg.c ****     /* If we have a clock startup error (bad MHz crystal, PLL lock, etc.),  */
 115:.\Generated_Source\PSoC4/cyfitter_cfg.c ****     /* we will end up here to allow the customer to implement something to  */
 116:.\Generated_Source\PSoC4/cyfitter_cfg.c ****     /* deal with the clock condition.                                       */
 117:.\Generated_Source\PSoC4/cyfitter_cfg.c **** 
 118:.\Generated_Source\PSoC4/cyfitter_cfg.c ****     /* `#END` */
 119:.\Generated_Source\PSoC4/cyfitter_cfg.c **** 
 120:.\Generated_Source\PSoC4/cyfitter_cfg.c ****     /* If nothing else, stop here since the clocks have not started         */
 121:.\Generated_Source\PSoC4/cyfitter_cfg.c ****     /* correctly.                                                           */
 122:.\Generated_Source\PSoC4/cyfitter_cfg.c ****     while(1) {}
 123:.\Generated_Source\PSoC4/cyfitter_cfg.c **** }
 124:.\Generated_Source\PSoC4/cyfitter_cfg.c **** #endif
 125:.\Generated_Source\PSoC4/cyfitter_cfg.c **** 
 126:.\Generated_Source\PSoC4/cyfitter_cfg.c **** #define CY_CFG_BASE_ADDR_COUNT 6u
 127:.\Generated_Source\PSoC4/cyfitter_cfg.c **** CYPACKED typedef struct
 128:.\Generated_Source\PSoC4/cyfitter_cfg.c **** {
 129:.\Generated_Source\PSoC4/cyfitter_cfg.c **** 	uint8 offset;
 130:.\Generated_Source\PSoC4/cyfitter_cfg.c **** 	uint8 value;
 131:.\Generated_Source\PSoC4/cyfitter_cfg.c **** } CYPACKED_ATTR cy_cfg_addrvalue_t;
 132:.\Generated_Source\PSoC4/cyfitter_cfg.c **** 
 133:.\Generated_Source\PSoC4/cyfitter_cfg.c **** 
 134:.\Generated_Source\PSoC4/cyfitter_cfg.c **** 
 135:.\Generated_Source\PSoC4/cyfitter_cfg.c **** /*******************************************************************************
 136:.\Generated_Source\PSoC4/cyfitter_cfg.c **** * Function Name: cfg_write_bytes32
 137:.\Generated_Source\PSoC4/cyfitter_cfg.c **** ********************************************************************************
 138:.\Generated_Source\PSoC4/cyfitter_cfg.c **** * Summary:
 139:.\Generated_Source\PSoC4/cyfitter_cfg.c **** *  This function is used for setting up the chip configuration areas that
 140:.\Generated_Source\PSoC4/cyfitter_cfg.c **** *  contain relatively sparse data.
 141:.\Generated_Source\PSoC4/cyfitter_cfg.c **** *
 142:.\Generated_Source\PSoC4/cyfitter_cfg.c **** * Parameters:
 143:.\Generated_Source\PSoC4/cyfitter_cfg.c **** *   void
 144:.\Generated_Source\PSoC4/cyfitter_cfg.c **** *
 145:.\Generated_Source\PSoC4/cyfitter_cfg.c **** * Return:
 146:.\Generated_Source\PSoC4/cyfitter_cfg.c **** *   void
 147:.\Generated_Source\PSoC4/cyfitter_cfg.c **** *
ARM GAS  C:\Users\cdc75\AppData\Local\Temp\ccIULFRK.s 			page 4


 148:.\Generated_Source\PSoC4/cyfitter_cfg.c **** *******************************************************************************/
 149:.\Generated_Source\PSoC4/cyfitter_cfg.c **** static void cfg_write_bytes32(const uint32 addr_table[], const cy_cfg_addrvalue_t data_table[]);
 150:.\Generated_Source\PSoC4/cyfitter_cfg.c **** static void cfg_write_bytes32(const uint32 addr_table[], const cy_cfg_addrvalue_t data_table[])
 151:.\Generated_Source\PSoC4/cyfitter_cfg.c **** {
  25              		.loc 1 151 0
  26              		.cfi_startproc
  27              	.LVL0:
  28 0000 F0B5     		push	{r4, r5, r6, r7, lr}
  29              		.cfi_def_cfa_offset 20
  30              		.cfi_offset 4, -20
  31              		.cfi_offset 5, -16
  32              		.cfi_offset 6, -12
  33              		.cfi_offset 7, -8
  34              		.cfi_offset 14, -4
  35              	.LVL1:
 152:.\Generated_Source\PSoC4/cyfitter_cfg.c **** 	/* For 32-bit little-endian architectures */
 153:.\Generated_Source\PSoC4/cyfitter_cfg.c **** 	uint32 i, j = 0u;
  36              		.loc 1 153 0
  37 0002 0025     		mov	r5, #0
 154:.\Generated_Source\PSoC4/cyfitter_cfg.c **** 	for (i = 0u; i < CY_CFG_BASE_ADDR_COUNT; i++)
  38              		.loc 1 154 0
  39 0004 0027     		mov	r7, #0
  40 0006 11E0     		b	.L2
  41              	.LVL2:
  42              	.L5:
  43              	.LBB2:
 155:.\Generated_Source\PSoC4/cyfitter_cfg.c **** 	{
 156:.\Generated_Source\PSoC4/cyfitter_cfg.c **** 		uint32 baseAddr = addr_table[i];
  44              		.loc 1 156 0
  45 0008 BB00     		lsl	r3, r7, #2
  46 000a C658     		ldr	r6, [r0, r3]
  47              	.LVL3:
 157:.\Generated_Source\PSoC4/cyfitter_cfg.c **** 		uint8 count = (uint8)baseAddr;
  48              		.loc 1 157 0
  49 000c F3B2     		uxtb	r3, r6
  50              	.LVL4:
 158:.\Generated_Source\PSoC4/cyfitter_cfg.c **** 		baseAddr &= 0xFFFFFF00u;
  51              		.loc 1 158 0
  52 000e FF22     		mov	r2, #255
  53 0010 9643     		bic	r6, r2
  54              	.LVL5:
 159:.\Generated_Source\PSoC4/cyfitter_cfg.c **** 		while (count != 0u)
  55              		.loc 1 159 0
  56 0012 08E0     		b	.L3
  57              	.L4:
 160:.\Generated_Source\PSoC4/cyfitter_cfg.c **** 		{
 161:.\Generated_Source\PSoC4/cyfitter_cfg.c **** 			CY_SET_XTND_REG8((void CYFAR *)(baseAddr + data_table[j].offset), data_table[j].value);
  58              		.loc 1 161 0
  59 0014 6A00     		lsl	r2, r5, #1
  60 0016 8A18     		add	r2, r1, r2
  61 0018 1478     		ldrb	r4, [r2]
  62 001a A419     		add	r4, r4, r6
  63 001c 5278     		ldrb	r2, [r2, #1]
  64 001e 2270     		strb	r2, [r4]
 162:.\Generated_Source\PSoC4/cyfitter_cfg.c **** 			j++;
  65              		.loc 1 162 0
  66 0020 0135     		add	r5, r5, #1
ARM GAS  C:\Users\cdc75\AppData\Local\Temp\ccIULFRK.s 			page 5


  67              	.LVL6:
 163:.\Generated_Source\PSoC4/cyfitter_cfg.c **** 			count--;
  68              		.loc 1 163 0
  69 0022 013B     		sub	r3, r3, #1
  70              	.LVL7:
  71 0024 DBB2     		uxtb	r3, r3
  72              	.LVL8:
  73              	.L3:
 159:.\Generated_Source\PSoC4/cyfitter_cfg.c **** 		{
  74              		.loc 1 159 0
  75 0026 002B     		cmp	r3, #0
  76 0028 F4D1     		bne	.L4
  77              	.LBE2:
 154:.\Generated_Source\PSoC4/cyfitter_cfg.c **** 	{
  78              		.loc 1 154 0 discriminator 2
  79 002a 0137     		add	r7, r7, #1
  80              	.LVL9:
  81              	.L2:
 154:.\Generated_Source\PSoC4/cyfitter_cfg.c **** 	{
  82              		.loc 1 154 0 is_stmt 0 discriminator 1
  83 002c 052F     		cmp	r7, #5
  84 002e EBD9     		bls	.L5
 164:.\Generated_Source\PSoC4/cyfitter_cfg.c **** 		}
 165:.\Generated_Source\PSoC4/cyfitter_cfg.c **** 	}
 166:.\Generated_Source\PSoC4/cyfitter_cfg.c **** }
  85              		.loc 1 166 0 is_stmt 1
  86              		@ sp needed
  87              	.LVL10:
  88              	.LVL11:
  89 0030 F0BD     		pop	{r4, r5, r6, r7, pc}
  90              		.cfi_endproc
  91              	.LFE3:
  92              		.size	cfg_write_bytes32, .-cfg_write_bytes32
  93 0032 C046     		.section	.text.CYMEMZERO,"ax",%progbits
  94              		.align	2
  95              		.code	16
  96              		.thumb_func
  97              		.type	CYMEMZERO, %function
  98              	CYMEMZERO:
  99              	.LFB0:
  62:.\Generated_Source\PSoC4/cyfitter_cfg.c **** 	(void)memset(s, 0, n);
 100              		.loc 1 62 0
 101              		.cfi_startproc
 102              	.LVL12:
 103 0000 08B5     		push	{r3, lr}
 104              		.cfi_def_cfa_offset 8
 105              		.cfi_offset 3, -8
 106              		.cfi_offset 14, -4
 107 0002 0A1C     		mov	r2, r1
  63:.\Generated_Source\PSoC4/cyfitter_cfg.c **** }
 108              		.loc 1 63 0
 109 0004 0021     		mov	r1, #0
 110              	.LVL13:
 111 0006 FFF7FEFF 		bl	memset
 112              	.LVL14:
  64:.\Generated_Source\PSoC4/cyfitter_cfg.c **** CY_CFG_UNUSED
 113              		.loc 1 64 0
ARM GAS  C:\Users\cdc75\AppData\Local\Temp\ccIULFRK.s 			page 6


 114              		@ sp needed
 115 000a 08BD     		pop	{r3, pc}
 116              		.cfi_endproc
 117              	.LFE0:
 118              		.size	CYMEMZERO, .-CYMEMZERO
 119              		.section	.psocinit,"ax",%progbits
 120              		.align	2
 121              		.code	16
 122              		.thumb_func
 123              		.type	ClockSetup, %function
 124              	ClockSetup:
 125              	.LFB4:
 167:.\Generated_Source\PSoC4/cyfitter_cfg.c **** 
 168:.\Generated_Source\PSoC4/cyfitter_cfg.c **** 
 169:.\Generated_Source\PSoC4/cyfitter_cfg.c **** /*******************************************************************************
 170:.\Generated_Source\PSoC4/cyfitter_cfg.c **** * Function Name: ClockSetup
 171:.\Generated_Source\PSoC4/cyfitter_cfg.c **** ********************************************************************************
 172:.\Generated_Source\PSoC4/cyfitter_cfg.c **** *
 173:.\Generated_Source\PSoC4/cyfitter_cfg.c **** * Summary:
 174:.\Generated_Source\PSoC4/cyfitter_cfg.c **** *   Performs the initialization of all of the clocks in the device based on the
 175:.\Generated_Source\PSoC4/cyfitter_cfg.c **** *   settings in the Clock tab of the DWR.  This includes enabling the requested
 176:.\Generated_Source\PSoC4/cyfitter_cfg.c **** *   clocks and setting the necessary dividers to produce the desired frequency. 
 177:.\Generated_Source\PSoC4/cyfitter_cfg.c **** *
 178:.\Generated_Source\PSoC4/cyfitter_cfg.c **** * Parameters:
 179:.\Generated_Source\PSoC4/cyfitter_cfg.c **** *   void
 180:.\Generated_Source\PSoC4/cyfitter_cfg.c **** *
 181:.\Generated_Source\PSoC4/cyfitter_cfg.c **** * Return:
 182:.\Generated_Source\PSoC4/cyfitter_cfg.c **** *   void
 183:.\Generated_Source\PSoC4/cyfitter_cfg.c **** *
 184:.\Generated_Source\PSoC4/cyfitter_cfg.c **** *******************************************************************************/
 185:.\Generated_Source\PSoC4/cyfitter_cfg.c **** static void ClockSetup(void);
 186:.\Generated_Source\PSoC4/cyfitter_cfg.c **** CY_CFG_SECTION
 187:.\Generated_Source\PSoC4/cyfitter_cfg.c **** static void ClockSetup(void)
 188:.\Generated_Source\PSoC4/cyfitter_cfg.c **** {
 126              		.loc 1 188 0
 127              		.cfi_startproc
 128 0000 38B5     		push	{r3, r4, r5, lr}
 129              		.cfi_def_cfa_offset 16
 130              		.cfi_offset 3, -16
 131              		.cfi_offset 4, -12
 132              		.cfi_offset 5, -8
 133              		.cfi_offset 14, -4
 189:.\Generated_Source\PSoC4/cyfitter_cfg.c **** 	/* Enable HALF_EN before trimming for the flash accelerator. */
 190:.\Generated_Source\PSoC4/cyfitter_cfg.c **** 	CY_SET_REG32((void CYXDATA *)(CYREG_CLK_SELECT), (CY_GET_REG32((void *)CYREG_CLK_SELECT) | 0x00040
 134              		.loc 1 190 0
 135 0002 134C     		ldr	r4, .L8
 136 0004 2368     		ldr	r3, [r4]
 137 0006 8022     		mov	r2, #128
 138 0008 D202     		lsl	r2, r2, #11
 139 000a 1343     		orr	r3, r2
 140 000c 2360     		str	r3, [r4]
 191:.\Generated_Source\PSoC4/cyfitter_cfg.c **** 
 192:.\Generated_Source\PSoC4/cyfitter_cfg.c **** 	/* Setup and trim IMO based on desired frequency. */
 193:.\Generated_Source\PSoC4/cyfitter_cfg.c **** 	CySysClkWriteImoFreq(24u);
 141              		.loc 1 193 0
 142 000e 1820     		mov	r0, #24
 143 0010 FFF7FEFF 		bl	CySysClkWriteImoFreq
ARM GAS  C:\Users\cdc75\AppData\Local\Temp\ccIULFRK.s 			page 7


 144              	.LVL15:
 194:.\Generated_Source\PSoC4/cyfitter_cfg.c **** 
 195:.\Generated_Source\PSoC4/cyfitter_cfg.c **** 	/* Disable HALF_EN since it is not required at this IMO frequency. */
 196:.\Generated_Source\PSoC4/cyfitter_cfg.c **** 	CY_SET_REG32((void CYXDATA *)(CYREG_CLK_SELECT), (CY_GET_REG32((void *)CYREG_CLK_SELECT) & 0xFFFBF
 145              		.loc 1 196 0
 146 0014 2268     		ldr	r2, [r4]
 147 0016 0F4B     		ldr	r3, .L8+4
 148 0018 1340     		and	r3, r2
 149 001a 2360     		str	r3, [r4]
 197:.\Generated_Source\PSoC4/cyfitter_cfg.c **** 	/* CYDEV_CLK_ILO_CONFIG Starting address: CYDEV_CLK_ILO_CONFIG */
 198:.\Generated_Source\PSoC4/cyfitter_cfg.c **** 	CY_SET_XTND_REG32((void CYFAR *)(CYREG_CLK_ILO_CONFIG), 0x80000006u);
 150              		.loc 1 198 0
 151 001c 0E4A     		ldr	r2, .L8+8
 152 001e 0F4B     		ldr	r3, .L8+12
 153 0020 1A60     		str	r2, [r3]
 199:.\Generated_Source\PSoC4/cyfitter_cfg.c **** 
 200:.\Generated_Source\PSoC4/cyfitter_cfg.c **** 
 201:.\Generated_Source\PSoC4/cyfitter_cfg.c **** 	/* CYDEV_CLK_SELECT00 Starting address: CYDEV_CLK_SELECT00 */
 202:.\Generated_Source\PSoC4/cyfitter_cfg.c **** 	CY_SET_XTND_REG32((void CYFAR *)(CYREG_CLK_SELECT12), 0x00000010u);
 154              		.loc 1 202 0
 155 0022 1022     		mov	r2, #16
 156 0024 0E4B     		ldr	r3, .L8+16
 157 0026 1A60     		str	r2, [r3]
 203:.\Generated_Source\PSoC4/cyfitter_cfg.c **** 
 204:.\Generated_Source\PSoC4/cyfitter_cfg.c **** 	/* CYDEV_CLK_IMO_CONFIG Starting address: CYDEV_CLK_IMO_CONFIG */
 205:.\Generated_Source\PSoC4/cyfitter_cfg.c **** 	CY_SET_XTND_REG32((void CYFAR *)(CYREG_CLK_IMO_CONFIG), 0x80000000u);
 158              		.loc 1 205 0
 159 0028 8022     		mov	r2, #128
 160 002a 1206     		lsl	r2, r2, #24
 161 002c 0D4B     		ldr	r3, .L8+20
 162 002e 1A60     		str	r2, [r3]
 206:.\Generated_Source\PSoC4/cyfitter_cfg.c **** 
 207:.\Generated_Source\PSoC4/cyfitter_cfg.c **** 	/* CYDEV_CLK_SELECT Starting address: CYDEV_CLK_SELECT */
 208:.\Generated_Source\PSoC4/cyfitter_cfg.c **** 	CY_SET_XTND_REG32((void CYFAR *)(CYREG_CLK_SELECT), 0x00000000u);
 163              		.loc 1 208 0
 164 0030 0025     		mov	r5, #0
 165 0032 2560     		str	r5, [r4]
 209:.\Generated_Source\PSoC4/cyfitter_cfg.c **** 
 210:.\Generated_Source\PSoC4/cyfitter_cfg.c **** 	/* CYDEV_CLK_DIVIDER_A00 Starting address: CYDEV_CLK_DIVIDER_A00 */
 211:.\Generated_Source\PSoC4/cyfitter_cfg.c **** 	CY_SET_XTND_REG32((void CYFAR *)(CYREG_CLK_DIVIDER_A00), 0x800007CFu);
 166              		.loc 1 211 0
 167 0034 0C4A     		ldr	r2, .L8+24
 168 0036 0D4B     		ldr	r3, .L8+28
 169 0038 1A60     		str	r2, [r3]
 212:.\Generated_Source\PSoC4/cyfitter_cfg.c **** 
 213:.\Generated_Source\PSoC4/cyfitter_cfg.c **** 	(void)CyIntSetVector(9u, &CySysWdtIsr);
 170              		.loc 1 213 0
 171 003a 0920     		mov	r0, #9
 172 003c 0C49     		ldr	r1, .L8+32
 173 003e FFF7FEFF 		bl	CyIntSetVector
 174              	.LVL16:
 214:.\Generated_Source\PSoC4/cyfitter_cfg.c **** 	CyIntEnable(9u);
 175              		.loc 1 214 0
 176 0042 0920     		mov	r0, #9
 177 0044 FFF7FEFF 		bl	CyIntEnable
 178              	.LVL17:
 215:.\Generated_Source\PSoC4/cyfitter_cfg.c **** 	CY_SET_XTND_REG32((void CYFAR *)(CYREG_WDT_CONFIG), 0x00000000u);
ARM GAS  C:\Users\cdc75\AppData\Local\Temp\ccIULFRK.s 			page 8


 179              		.loc 1 215 0
 180 0048 0A4B     		ldr	r3, .L8+36
 181 004a 1D60     		str	r5, [r3]
 216:.\Generated_Source\PSoC4/cyfitter_cfg.c **** }
 182              		.loc 1 216 0
 183              		@ sp needed
 184 004c 38BD     		pop	{r3, r4, r5, pc}
 185              	.L9:
 186 004e C046     		.align	2
 187              	.L8:
 188 0050 00010B40 		.word	1074462976
 189 0054 FFFFFBFF 		.word	-262145
 190 0058 06000080 		.word	-2147483642
 191 005c 04010B40 		.word	1074462980
 192 0060 30020240 		.word	1073873456
 193 0064 08010B40 		.word	1074462984
 194 0068 CF070080 		.word	-2147481649
 195 006c 00000240 		.word	1073872896
 196 0070 00000000 		.word	CySysWdtIsr
 197 0074 0C020B40 		.word	1074463244
 198              		.cfi_endproc
 199              	.LFE4:
 200              		.size	ClockSetup, .-ClockSetup
 201              		.align	2
 202              		.global	cyfitter_cfg
 203              		.code	16
 204              		.thumb_func
 205              		.type	cyfitter_cfg, %function
 206              	cyfitter_cfg:
 207              	.LFB6:
 217:.\Generated_Source\PSoC4/cyfitter_cfg.c **** 
 218:.\Generated_Source\PSoC4/cyfitter_cfg.c **** 
 219:.\Generated_Source\PSoC4/cyfitter_cfg.c **** /* Analog API Functions */
 220:.\Generated_Source\PSoC4/cyfitter_cfg.c **** 
 221:.\Generated_Source\PSoC4/cyfitter_cfg.c **** 
 222:.\Generated_Source\PSoC4/cyfitter_cfg.c **** /*******************************************************************************
 223:.\Generated_Source\PSoC4/cyfitter_cfg.c **** * Function Name: AnalogSetDefault
 224:.\Generated_Source\PSoC4/cyfitter_cfg.c **** ********************************************************************************
 225:.\Generated_Source\PSoC4/cyfitter_cfg.c **** *
 226:.\Generated_Source\PSoC4/cyfitter_cfg.c **** * Summary:
 227:.\Generated_Source\PSoC4/cyfitter_cfg.c **** *  Sets up the analog portions of the chip to default values based on chip
 228:.\Generated_Source\PSoC4/cyfitter_cfg.c **** *  configuration options from the project.
 229:.\Generated_Source\PSoC4/cyfitter_cfg.c **** *
 230:.\Generated_Source\PSoC4/cyfitter_cfg.c **** * Parameters:
 231:.\Generated_Source\PSoC4/cyfitter_cfg.c **** *  void
 232:.\Generated_Source\PSoC4/cyfitter_cfg.c **** *
 233:.\Generated_Source\PSoC4/cyfitter_cfg.c **** * Return:
 234:.\Generated_Source\PSoC4/cyfitter_cfg.c **** *  void
 235:.\Generated_Source\PSoC4/cyfitter_cfg.c **** *
 236:.\Generated_Source\PSoC4/cyfitter_cfg.c **** *******************************************************************************/
 237:.\Generated_Source\PSoC4/cyfitter_cfg.c **** static void AnalogSetDefault(void);
 238:.\Generated_Source\PSoC4/cyfitter_cfg.c **** static void AnalogSetDefault(void)
 239:.\Generated_Source\PSoC4/cyfitter_cfg.c **** {
 240:.\Generated_Source\PSoC4/cyfitter_cfg.c **** }
 241:.\Generated_Source\PSoC4/cyfitter_cfg.c **** 
 242:.\Generated_Source\PSoC4/cyfitter_cfg.c **** #define CY_AMUX_UNUSED CYREG_CM0_ROM_DWT
 243:.\Generated_Source\PSoC4/cyfitter_cfg.c **** 
ARM GAS  C:\Users\cdc75\AppData\Local\Temp\ccIULFRK.s 			page 9


 244:.\Generated_Source\PSoC4/cyfitter_cfg.c **** 
 245:.\Generated_Source\PSoC4/cyfitter_cfg.c **** /*******************************************************************************
 246:.\Generated_Source\PSoC4/cyfitter_cfg.c **** * Function Name: cyfitter_cfg
 247:.\Generated_Source\PSoC4/cyfitter_cfg.c **** ********************************************************************************
 248:.\Generated_Source\PSoC4/cyfitter_cfg.c **** * Summary:
 249:.\Generated_Source\PSoC4/cyfitter_cfg.c **** *  This function is called by the start-up code for the selected device. It
 250:.\Generated_Source\PSoC4/cyfitter_cfg.c **** *  performs all of the necessary device configuration based on the design
 251:.\Generated_Source\PSoC4/cyfitter_cfg.c **** *  settings.  This includes settings from the Design Wide Resources (DWR) such
 252:.\Generated_Source\PSoC4/cyfitter_cfg.c **** *  as Clocks and Pins as well as any component configuration that is necessary.
 253:.\Generated_Source\PSoC4/cyfitter_cfg.c **** *
 254:.\Generated_Source\PSoC4/cyfitter_cfg.c **** * Parameters:  
 255:.\Generated_Source\PSoC4/cyfitter_cfg.c **** *   void
 256:.\Generated_Source\PSoC4/cyfitter_cfg.c **** *
 257:.\Generated_Source\PSoC4/cyfitter_cfg.c **** * Return:
 258:.\Generated_Source\PSoC4/cyfitter_cfg.c **** *   void
 259:.\Generated_Source\PSoC4/cyfitter_cfg.c **** *
 260:.\Generated_Source\PSoC4/cyfitter_cfg.c **** *******************************************************************************/
 261:.\Generated_Source\PSoC4/cyfitter_cfg.c **** CY_CFG_SECTION
 262:.\Generated_Source\PSoC4/cyfitter_cfg.c **** void cyfitter_cfg(void)
 263:.\Generated_Source\PSoC4/cyfitter_cfg.c **** {
 208              		.loc 1 263 0
 209              		.cfi_startproc
 210 0078 10B5     		push	{r4, lr}
 211              		.cfi_def_cfa_offset 8
 212              		.cfi_offset 4, -8
 213              		.cfi_offset 14, -4
 264:.\Generated_Source\PSoC4/cyfitter_cfg.c **** 	/* Disable interrupts by default. Let user enable if/when they want. */
 265:.\Generated_Source\PSoC4/cyfitter_cfg.c **** 	CyGlobalIntDisable;
 214              		.loc 1 265 0
 215              	@ 265 ".\Generated_Source\PSoC4\cyfitter_cfg.c" 1
 216 007a 72B6     		CPSID   i
 217              	@ 0 "" 2
 218              	.LVL18:
 219              		.code	16
 220              	.LBB3:
 266:.\Generated_Source\PSoC4/cyfitter_cfg.c **** 
 267:.\Generated_Source\PSoC4/cyfitter_cfg.c **** 	{
 268:.\Generated_Source\PSoC4/cyfitter_cfg.c **** 		static const uint32 CYCODE cy_cfg_addr_table[] = {
 269:.\Generated_Source\PSoC4/cyfitter_cfg.c **** 			0x400F3103u, /* Base address: 0x400F3100 Count: 3 */
 270:.\Generated_Source\PSoC4/cyfitter_cfg.c **** 			0x400F320Au, /* Base address: 0x400F3200 Count: 10 */
 271:.\Generated_Source\PSoC4/cyfitter_cfg.c **** 			0x400F330Eu, /* Base address: 0x400F3300 Count: 14 */
 272:.\Generated_Source\PSoC4/cyfitter_cfg.c **** 			0x400F4008u, /* Base address: 0x400F4000 Count: 8 */
 273:.\Generated_Source\PSoC4/cyfitter_cfg.c **** 			0x400F4106u, /* Base address: 0x400F4100 Count: 6 */
 274:.\Generated_Source\PSoC4/cyfitter_cfg.c **** 			0x400F6002u, /* Base address: 0x400F6000 Count: 2 */
 275:.\Generated_Source\PSoC4/cyfitter_cfg.c **** 		};
 276:.\Generated_Source\PSoC4/cyfitter_cfg.c **** 
 277:.\Generated_Source\PSoC4/cyfitter_cfg.c **** 		static const cy_cfg_addrvalue_t CYCODE cy_cfg_data_table[] = {
 278:.\Generated_Source\PSoC4/cyfitter_cfg.c **** 			{0x8Au, 0x10u},
 279:.\Generated_Source\PSoC4/cyfitter_cfg.c **** 			{0x8Bu, 0x10u},
 280:.\Generated_Source\PSoC4/cyfitter_cfg.c **** 			{0xE2u, 0xA0u},
 281:.\Generated_Source\PSoC4/cyfitter_cfg.c **** 			{0x0Bu, 0x01u},
 282:.\Generated_Source\PSoC4/cyfitter_cfg.c **** 			{0x12u, 0x03u},
 283:.\Generated_Source\PSoC4/cyfitter_cfg.c **** 			{0x16u, 0x01u},
 284:.\Generated_Source\PSoC4/cyfitter_cfg.c **** 			{0x32u, 0x02u},
 285:.\Generated_Source\PSoC4/cyfitter_cfg.c **** 			{0x34u, 0x01u},
 286:.\Generated_Source\PSoC4/cyfitter_cfg.c **** 			{0x35u, 0x01u},
 287:.\Generated_Source\PSoC4/cyfitter_cfg.c **** 			{0x3Au, 0x2Bu},
ARM GAS  C:\Users\cdc75\AppData\Local\Temp\ccIULFRK.s 			page 10


 288:.\Generated_Source\PSoC4/cyfitter_cfg.c **** 			{0x58u, 0x1Au},
 289:.\Generated_Source\PSoC4/cyfitter_cfg.c **** 			{0x59u, 0x04u},
 290:.\Generated_Source\PSoC4/cyfitter_cfg.c **** 			{0x5Fu, 0x01u},
 291:.\Generated_Source\PSoC4/cyfitter_cfg.c **** 			{0x0Eu, 0xA0u},
 292:.\Generated_Source\PSoC4/cyfitter_cfg.c **** 			{0x1Eu, 0xA0u},
 293:.\Generated_Source\PSoC4/cyfitter_cfg.c **** 			{0x1Fu, 0x10u},
 294:.\Generated_Source\PSoC4/cyfitter_cfg.c **** 			{0x26u, 0x20u},
 295:.\Generated_Source\PSoC4/cyfitter_cfg.c **** 			{0x3Fu, 0x20u},
 296:.\Generated_Source\PSoC4/cyfitter_cfg.c **** 			{0x7Eu, 0x20u},
 297:.\Generated_Source\PSoC4/cyfitter_cfg.c **** 			{0x86u, 0x40u},
 298:.\Generated_Source\PSoC4/cyfitter_cfg.c **** 			{0x97u, 0x20u},
 299:.\Generated_Source\PSoC4/cyfitter_cfg.c **** 			{0xA3u, 0x10u},
 300:.\Generated_Source\PSoC4/cyfitter_cfg.c **** 			{0xA6u, 0x10u},
 301:.\Generated_Source\PSoC4/cyfitter_cfg.c **** 			{0xABu, 0x10u},
 302:.\Generated_Source\PSoC4/cyfitter_cfg.c **** 			{0xC2u, 0x30u},
 303:.\Generated_Source\PSoC4/cyfitter_cfg.c **** 			{0xCEu, 0x20u},
 304:.\Generated_Source\PSoC4/cyfitter_cfg.c **** 			{0xDEu, 0x40u},
 305:.\Generated_Source\PSoC4/cyfitter_cfg.c **** 			{0x0Eu, 0x02u},
 306:.\Generated_Source\PSoC4/cyfitter_cfg.c **** 			{0x52u, 0x80u},
 307:.\Generated_Source\PSoC4/cyfitter_cfg.c **** 			{0x5Fu, 0x40u},
 308:.\Generated_Source\PSoC4/cyfitter_cfg.c **** 			{0x8Au, 0x80u},
 309:.\Generated_Source\PSoC4/cyfitter_cfg.c **** 			{0x8Bu, 0x40u},
 310:.\Generated_Source\PSoC4/cyfitter_cfg.c **** 			{0xC2u, 0x80u},
 311:.\Generated_Source\PSoC4/cyfitter_cfg.c **** 			{0xD4u, 0x20u},
 312:.\Generated_Source\PSoC4/cyfitter_cfg.c **** 			{0xD6u, 0x20u},
 313:.\Generated_Source\PSoC4/cyfitter_cfg.c **** 			{0x5Cu, 0x02u},
 314:.\Generated_Source\PSoC4/cyfitter_cfg.c **** 			{0x84u, 0x02u},
 315:.\Generated_Source\PSoC4/cyfitter_cfg.c **** 			{0xAAu, 0x01u},
 316:.\Generated_Source\PSoC4/cyfitter_cfg.c **** 			{0xD6u, 0x80u},
 317:.\Generated_Source\PSoC4/cyfitter_cfg.c **** 			{0xE6u, 0x40u},
 318:.\Generated_Source\PSoC4/cyfitter_cfg.c **** 			{0xECu, 0x80u},
 319:.\Generated_Source\PSoC4/cyfitter_cfg.c **** 			{0x01u, 0x01u},
 320:.\Generated_Source\PSoC4/cyfitter_cfg.c **** 			{0x10u, 0x01u},
 321:.\Generated_Source\PSoC4/cyfitter_cfg.c **** 		};
 322:.\Generated_Source\PSoC4/cyfitter_cfg.c **** 
 323:.\Generated_Source\PSoC4/cyfitter_cfg.c **** 
 324:.\Generated_Source\PSoC4/cyfitter_cfg.c **** 
 325:.\Generated_Source\PSoC4/cyfitter_cfg.c **** 		CYPACKED typedef struct {
 326:.\Generated_Source\PSoC4/cyfitter_cfg.c **** 			void CYFAR *address;
 327:.\Generated_Source\PSoC4/cyfitter_cfg.c **** 			uint16 size;
 328:.\Generated_Source\PSoC4/cyfitter_cfg.c **** 		} CYPACKED_ATTR cfg_memset_t;
 329:.\Generated_Source\PSoC4/cyfitter_cfg.c **** 
 330:.\Generated_Source\PSoC4/cyfitter_cfg.c **** 		static const cfg_memset_t CYCODE cfg_memset_list [] = {
 331:.\Generated_Source\PSoC4/cyfitter_cfg.c **** 			/* address, size */
 332:.\Generated_Source\PSoC4/cyfitter_cfg.c **** 			{(void CYFAR *)(CYDEV_UDB_P0_U0_BASE), 1024u},
 333:.\Generated_Source\PSoC4/cyfitter_cfg.c **** 			{(void CYFAR *)(CYDEV_UDB_DSI0_BASE), 1024u},
 334:.\Generated_Source\PSoC4/cyfitter_cfg.c **** 		};
 335:.\Generated_Source\PSoC4/cyfitter_cfg.c **** 
 336:.\Generated_Source\PSoC4/cyfitter_cfg.c **** 		uint8 CYDATA i;
 337:.\Generated_Source\PSoC4/cyfitter_cfg.c **** 
 338:.\Generated_Source\PSoC4/cyfitter_cfg.c **** 		/* Zero out critical memory blocks before beginning configuration */
 339:.\Generated_Source\PSoC4/cyfitter_cfg.c **** 		for (i = 0u; i < (sizeof(cfg_memset_list)/sizeof(cfg_memset_list[0])); i++)
 221              		.loc 1 339 0
 222 007c 0024     		mov	r4, #0
 223 007e 10E0     		b	.L11
 224              	.LVL19:
 225              	.L12:
ARM GAS  C:\Users\cdc75\AppData\Local\Temp\ccIULFRK.s 			page 11


 226              	.LBB4:
 340:.\Generated_Source\PSoC4/cyfitter_cfg.c **** 		{
 341:.\Generated_Source\PSoC4/cyfitter_cfg.c **** 			const cfg_memset_t CYCODE * CYDATA ms = &cfg_memset_list[i];
 342:.\Generated_Source\PSoC4/cyfitter_cfg.c **** 			CYMEMZERO(ms->address, (size_t)(uint32)(ms->size));
 227              		.loc 1 342 0 discriminator 3
 228 0080 2C48     		ldr	r0, .L13
 229 0082 6300     		lsl	r3, r4, #1
 230 0084 1A19     		add	r2, r3, r4
 231 0086 5200     		lsl	r2, r2, #1
 232 0088 8218     		add	r2, r0, r2
 233 008a 9188     		ldrh	r1, [r2, #4]
 234 008c 1B19     		add	r3, r3, r4
 235 008e 5B00     		lsl	r3, r3, #1
 236 0090 1A5A     		ldrh	r2, [r3, r0]
 237 0092 C318     		add	r3, r0, r3
 238 0094 5888     		ldrh	r0, [r3, #2]
 239 0096 0004     		lsl	r0, r0, #16
 240 0098 1043     		orr	r0, r2
 241 009a FFF7FEFF 		bl	CYMEMZERO
 242              	.LVL20:
 243              	.LBE4:
 339:.\Generated_Source\PSoC4/cyfitter_cfg.c **** 		{
 244              		.loc 1 339 0 discriminator 3
 245 009e 0134     		add	r4, r4, #1
 246              	.LVL21:
 247 00a0 E4B2     		uxtb	r4, r4
 248              	.LVL22:
 249              	.L11:
 339:.\Generated_Source\PSoC4/cyfitter_cfg.c **** 		{
 250              		.loc 1 339 0 is_stmt 0 discriminator 1
 251 00a2 012C     		cmp	r4, #1
 252 00a4 ECD9     		bls	.L12
 343:.\Generated_Source\PSoC4/cyfitter_cfg.c **** 		}
 344:.\Generated_Source\PSoC4/cyfitter_cfg.c **** 
 345:.\Generated_Source\PSoC4/cyfitter_cfg.c **** 		cfg_write_bytes32(cy_cfg_addr_table, cy_cfg_data_table);
 253              		.loc 1 345 0 is_stmt 1
 254 00a6 2349     		ldr	r1, .L13
 255 00a8 081C     		mov	r0, r1
 256 00aa 0C30     		add	r0, r0, #12
 257 00ac 2431     		add	r1, r1, #36
 258 00ae FFF7FEFF 		bl	cfg_write_bytes32
 259              	.LVL23:
 346:.\Generated_Source\PSoC4/cyfitter_cfg.c **** 
 347:.\Generated_Source\PSoC4/cyfitter_cfg.c **** 		/* HSIOM Starting address: CYDEV_HSIOM_BASE */
 348:.\Generated_Source\PSoC4/cyfitter_cfg.c **** 		CY_SET_XTND_REG32((void CYFAR *)(CYDEV_HSIOM_BASE), 0x00003300u);
 260              		.loc 1 348 0
 261 00b2 CC22     		mov	r2, #204
 262 00b4 9201     		lsl	r2, r2, #6
 263 00b6 204B     		ldr	r3, .L13+4
 264 00b8 1A60     		str	r2, [r3]
 349:.\Generated_Source\PSoC4/cyfitter_cfg.c **** 		CY_SET_XTND_REG32((void CYFAR *)(CYREG_HSIOM_PORT_SEL1), 0x03000000u);
 265              		.loc 1 349 0
 266 00ba C022     		mov	r2, #192
 267 00bc 9204     		lsl	r2, r2, #18
 268 00be 1F4B     		ldr	r3, .L13+8
 269 00c0 1A60     		str	r2, [r3]
 350:.\Generated_Source\PSoC4/cyfitter_cfg.c **** 		CY_SET_XTND_REG32((void CYFAR *)(CYREG_HSIOM_PORT_SEL3), 0x0000EE00u);
ARM GAS  C:\Users\cdc75\AppData\Local\Temp\ccIULFRK.s 			page 12


 270              		.loc 1 350 0
 271 00c2 EE22     		mov	r2, #238
 272 00c4 1202     		lsl	r2, r2, #8
 273 00c6 1E4B     		ldr	r3, .L13+12
 274 00c8 1A60     		str	r2, [r3]
 351:.\Generated_Source\PSoC4/cyfitter_cfg.c **** 
 352:.\Generated_Source\PSoC4/cyfitter_cfg.c **** 		/* UDB_PA_0 Starting address: CYDEV_UDB_PA0_BASE */
 353:.\Generated_Source\PSoC4/cyfitter_cfg.c **** 		CY_SET_XTND_REG32((void CYFAR *)(CYDEV_UDB_PA0_BASE), 0x00990000u);
 275              		.loc 1 353 0
 276 00ca 9923     		mov	r3, #153
 277 00cc 1B04     		lsl	r3, r3, #16
 278 00ce 1D4A     		ldr	r2, .L13+16
 279 00d0 1360     		str	r3, [r2]
 354:.\Generated_Source\PSoC4/cyfitter_cfg.c **** 		CY_SET_XTND_REG32((void CYFAR *)(CYREG_UDB_PA0_CFG8), 0x00C50000u);
 280              		.loc 1 354 0
 281 00d2 C521     		mov	r1, #197
 282 00d4 0904     		lsl	r1, r1, #16
 283 00d6 1C4A     		ldr	r2, .L13+20
 284 00d8 1160     		str	r1, [r2]
 355:.\Generated_Source\PSoC4/cyfitter_cfg.c **** 
 356:.\Generated_Source\PSoC4/cyfitter_cfg.c **** 		/* UDB_PA_1 Starting address: CYDEV_UDB_PA1_BASE */
 357:.\Generated_Source\PSoC4/cyfitter_cfg.c **** 		CY_SET_XTND_REG32((void CYFAR *)(CYDEV_UDB_PA1_BASE), 0x00990000u);
 285              		.loc 1 357 0
 286 00da 1C4A     		ldr	r2, .L13+24
 287 00dc 1360     		str	r3, [r2]
 358:.\Generated_Source\PSoC4/cyfitter_cfg.c **** 		CY_SET_XTND_REG32((void CYFAR *)(CYREG_UDB_PA1_CFG8), 0x10000000u);
 288              		.loc 1 358 0
 289 00de 8021     		mov	r1, #128
 290 00e0 4905     		lsl	r1, r1, #21
 291 00e2 1B4A     		ldr	r2, .L13+28
 292 00e4 1160     		str	r1, [r2]
 359:.\Generated_Source\PSoC4/cyfitter_cfg.c **** 
 360:.\Generated_Source\PSoC4/cyfitter_cfg.c **** 		/* UDB_PA_3 Starting address: CYDEV_UDB_PA3_BASE */
 361:.\Generated_Source\PSoC4/cyfitter_cfg.c **** 		CY_SET_XTND_REG32((void CYFAR *)(CYDEV_UDB_PA3_BASE), 0x00990000u);
 293              		.loc 1 361 0
 294 00e6 1B4A     		ldr	r2, .L13+32
 295 00e8 1360     		str	r3, [r2]
 362:.\Generated_Source\PSoC4/cyfitter_cfg.c **** 
 363:.\Generated_Source\PSoC4/cyfitter_cfg.c **** 		/* Enable digital routing */
 364:.\Generated_Source\PSoC4/cyfitter_cfg.c **** 		CY_SET_XTND_REG8((void *)CYREG_UDB_UDBIF_BANK_CTL, CY_GET_XTND_REG8((void *)CYREG_UDB_UDBIF_BANK_
 296              		.loc 1 364 0
 297 00ea 1B4B     		ldr	r3, .L13+36
 298 00ec 1978     		ldrb	r1, [r3]
 299 00ee 0222     		mov	r2, #2
 300 00f0 0A43     		orr	r2, r1
 301 00f2 1A70     		strb	r2, [r3]
 365:.\Generated_Source\PSoC4/cyfitter_cfg.c **** 
 366:.\Generated_Source\PSoC4/cyfitter_cfg.c **** 		/* Enable UDB array */
 367:.\Generated_Source\PSoC4/cyfitter_cfg.c **** 		CY_SET_XTND_REG8((void *)CYREG_UDB_UDBIF_WAIT_CFG, (uint8)((CY_GET_XTND_REG8((void *)CYREG_UDB_UD
 302              		.loc 1 367 0
 303 00f4 1948     		ldr	r0, .L13+40
 304 00f6 0278     		ldrb	r2, [r0]
 305 00f8 3C21     		mov	r1, #60
 306 00fa 8A43     		bic	r2, r1
 307 00fc 2839     		sub	r1, r1, #40
 308 00fe 0A43     		orr	r2, r1
 309 0100 0270     		strb	r2, [r0]
ARM GAS  C:\Users\cdc75\AppData\Local\Temp\ccIULFRK.s 			page 13


 368:.\Generated_Source\PSoC4/cyfitter_cfg.c **** 		CY_SET_XTND_REG8((void *)CYREG_UDB_UDBIF_BANK_CTL, (uint8)(CY_GET_XTND_REG8((void *)CYREG_UDB_UDB
 310              		.loc 1 368 0
 311 0102 1978     		ldrb	r1, [r3]
 312 0104 1622     		mov	r2, #22
 313 0106 0A43     		orr	r2, r1
 314 0108 1A70     		strb	r2, [r3]
 315              	.LBE3:
 369:.\Generated_Source\PSoC4/cyfitter_cfg.c **** 	}
 370:.\Generated_Source\PSoC4/cyfitter_cfg.c **** 
 371:.\Generated_Source\PSoC4/cyfitter_cfg.c **** 	/* Perform second pass device configuration. These items must be configured in specific order afte
 372:.\Generated_Source\PSoC4/cyfitter_cfg.c **** 	/* IOPINS0_0 Starting address: CYDEV_PRT0_BASE */
 373:.\Generated_Source\PSoC4/cyfitter_cfg.c **** 	CY_SET_XTND_REG32((void CYFAR *)(CYDEV_PRT0_BASE), 0x0000008Cu);
 316              		.loc 1 373 0
 317 010a 8C22     		mov	r2, #140
 318 010c 144B     		ldr	r3, .L13+44
 319 010e 1A60     		str	r2, [r3]
 374:.\Generated_Source\PSoC4/cyfitter_cfg.c **** 	CY_SET_XTND_REG32((void CYFAR *)(CYREG_PRT0_PC), 0x00400D80u);
 320              		.loc 1 374 0
 321 0110 144A     		ldr	r2, .L13+48
 322 0112 154B     		ldr	r3, .L13+52
 323 0114 1A60     		str	r2, [r3]
 375:.\Generated_Source\PSoC4/cyfitter_cfg.c **** 
 376:.\Generated_Source\PSoC4/cyfitter_cfg.c **** 	/* IOPINS0_1 Starting address: CYDEV_PRT1_BASE */
 377:.\Generated_Source\PSoC4/cyfitter_cfg.c **** 	CY_SET_XTND_REG32((void CYFAR *)(CYDEV_PRT1_BASE), 0x00000040u);
 324              		.loc 1 377 0
 325 0116 4022     		mov	r2, #64
 326 0118 144B     		ldr	r3, .L13+56
 327 011a 1A60     		str	r2, [r3]
 378:.\Generated_Source\PSoC4/cyfitter_cfg.c **** 	CY_SET_XTND_REG32((void CYFAR *)(CYREG_PRT1_PC), 0x00180000u);
 328              		.loc 1 378 0
 329 011c C022     		mov	r2, #192
 330 011e 5203     		lsl	r2, r2, #13
 331 0120 134B     		ldr	r3, .L13+60
 332 0122 1A60     		str	r2, [r3]
 379:.\Generated_Source\PSoC4/cyfitter_cfg.c **** 
 380:.\Generated_Source\PSoC4/cyfitter_cfg.c **** 	/* IOPINS0_3 Starting address: CYDEV_PRT3_BASE */
 381:.\Generated_Source\PSoC4/cyfitter_cfg.c **** 	CY_SET_XTND_REG32((void CYFAR *)(CYREG_PRT3_PC), 0x00000D80u);
 333              		.loc 1 381 0
 334 0124 D822     		mov	r2, #216
 335 0126 1201     		lsl	r2, r2, #4
 336 0128 124B     		ldr	r3, .L13+64
 337 012a 1A60     		str	r2, [r3]
 382:.\Generated_Source\PSoC4/cyfitter_cfg.c **** 
 383:.\Generated_Source\PSoC4/cyfitter_cfg.c **** 
 384:.\Generated_Source\PSoC4/cyfitter_cfg.c **** 	/* Setup clocks based on selections from Clock DWR */
 385:.\Generated_Source\PSoC4/cyfitter_cfg.c **** 	ClockSetup();
 338              		.loc 1 385 0
 339 012c FFF768FF 		bl	ClockSetup
 340              	.LVL24:
 386:.\Generated_Source\PSoC4/cyfitter_cfg.c **** 
 387:.\Generated_Source\PSoC4/cyfitter_cfg.c **** 	/* Perform basic analog initialization to defaults */
 388:.\Generated_Source\PSoC4/cyfitter_cfg.c **** 	AnalogSetDefault();
 389:.\Generated_Source\PSoC4/cyfitter_cfg.c **** 
 390:.\Generated_Source\PSoC4/cyfitter_cfg.c **** }
 341              		.loc 1 390 0
 342              		@ sp needed
 343              	.LVL25:
ARM GAS  C:\Users\cdc75\AppData\Local\Temp\ccIULFRK.s 			page 14


 344 0130 10BD     		pop	{r4, pc}
 345              	.L14:
 346 0132 C046     		.align	2
 347              	.L13:
 348 0134 00000000 		.word	.LANCHOR0
 349 0138 00000140 		.word	1073807360
 350 013c 04000140 		.word	1073807364
 351 0140 0C000140 		.word	1073807372
 352 0144 00500F40 		.word	1074745344
 353 0148 08500F40 		.word	1074745352
 354 014c 10500F40 		.word	1074745360
 355 0150 18500F40 		.word	1074745368
 356 0154 30500F40 		.word	1074745392
 357 0158 00700F40 		.word	1074753536
 358 015c 01700F40 		.word	1074753537
 359 0160 00000440 		.word	1074003968
 360 0164 800D4000 		.word	4197760
 361 0168 08000440 		.word	1074003976
 362 016c 00010440 		.word	1074004224
 363 0170 08010440 		.word	1074004232
 364 0174 08030440 		.word	1074004744
 365              		.cfi_endproc
 366              	.LFE6:
 367              		.size	cyfitter_cfg, .-cyfitter_cfg
 368              		.section	.rodata
 369              		.align	2
 370              		.set	.LANCHOR0,. + 0
 371              		.type	cfg_memset_list.4746, %object
 372              		.size	cfg_memset_list.4746, 12
 373              	cfg_memset_list.4746:
 374 0000 00300F40 		.word	1074737152
 375 0004 0004     		.short	1024
 376 0006 00400F40 		.4byte	1074741248
 377 000a 0004     		.short	1024
 378              		.type	cy_cfg_addr_table.4740, %object
 379              		.size	cy_cfg_addr_table.4740, 24
 380              	cy_cfg_addr_table.4740:
 381 000c 03310F40 		.word	1074737411
 382 0010 0A320F40 		.word	1074737674
 383 0014 0E330F40 		.word	1074737934
 384 0018 08400F40 		.word	1074741256
 385 001c 06410F40 		.word	1074741510
 386 0020 02600F40 		.word	1074749442
 387              		.type	cy_cfg_data_table.4741, %object
 388              		.size	cy_cfg_data_table.4741, 86
 389              	cy_cfg_data_table.4741:
 390 0024 8A       		.byte	-118
 391 0025 10       		.byte	16
 392 0026 8B       		.byte	-117
 393 0027 10       		.byte	16
 394 0028 E2       		.byte	-30
 395 0029 A0       		.byte	-96
 396 002a 0B       		.byte	11
 397 002b 01       		.byte	1
 398 002c 12       		.byte	18
 399 002d 03       		.byte	3
 400 002e 16       		.byte	22
ARM GAS  C:\Users\cdc75\AppData\Local\Temp\ccIULFRK.s 			page 15


 401 002f 01       		.byte	1
 402 0030 32       		.byte	50
 403 0031 02       		.byte	2
 404 0032 34       		.byte	52
 405 0033 01       		.byte	1
 406 0034 35       		.byte	53
 407 0035 01       		.byte	1
 408 0036 3A       		.byte	58
 409 0037 2B       		.byte	43
 410 0038 58       		.byte	88
 411 0039 1A       		.byte	26
 412 003a 59       		.byte	89
 413 003b 04       		.byte	4
 414 003c 5F       		.byte	95
 415 003d 01       		.byte	1
 416 003e 0E       		.byte	14
 417 003f A0       		.byte	-96
 418 0040 1E       		.byte	30
 419 0041 A0       		.byte	-96
 420 0042 1F       		.byte	31
 421 0043 10       		.byte	16
 422 0044 26       		.byte	38
 423 0045 20       		.byte	32
 424 0046 3F       		.byte	63
 425 0047 20       		.byte	32
 426 0048 7E       		.byte	126
 427 0049 20       		.byte	32
 428 004a 86       		.byte	-122
 429 004b 40       		.byte	64
 430 004c 97       		.byte	-105
 431 004d 20       		.byte	32
 432 004e A3       		.byte	-93
 433 004f 10       		.byte	16
 434 0050 A6       		.byte	-90
 435 0051 10       		.byte	16
 436 0052 AB       		.byte	-85
 437 0053 10       		.byte	16
 438 0054 C2       		.byte	-62
 439 0055 30       		.byte	48
 440 0056 CE       		.byte	-50
 441 0057 20       		.byte	32
 442 0058 DE       		.byte	-34
 443 0059 40       		.byte	64
 444 005a 0E       		.byte	14
 445 005b 02       		.byte	2
 446 005c 52       		.byte	82
 447 005d 80       		.byte	-128
 448 005e 5F       		.byte	95
 449 005f 40       		.byte	64
 450 0060 8A       		.byte	-118
 451 0061 80       		.byte	-128
 452 0062 8B       		.byte	-117
 453 0063 40       		.byte	64
 454 0064 C2       		.byte	-62
 455 0065 80       		.byte	-128
 456 0066 D4       		.byte	-44
 457 0067 20       		.byte	32
ARM GAS  C:\Users\cdc75\AppData\Local\Temp\ccIULFRK.s 			page 16


 458 0068 D6       		.byte	-42
 459 0069 20       		.byte	32
 460 006a 5C       		.byte	92
 461 006b 02       		.byte	2
 462 006c 84       		.byte	-124
 463 006d 02       		.byte	2
 464 006e AA       		.byte	-86
 465 006f 01       		.byte	1
 466 0070 D6       		.byte	-42
 467 0071 80       		.byte	-128
 468 0072 E6       		.byte	-26
 469 0073 40       		.byte	64
 470 0074 EC       		.byte	-20
 471 0075 80       		.byte	-128
 472 0076 01       		.byte	1
 473 0077 01       		.byte	1
 474 0078 10       		.byte	16
 475 0079 01       		.byte	1
 476 007a 0000     		.text
 477              	.Letext0:
 478              		.file 2 "c:\\program files (x86)\\cypress\\psoc creator\\3.3\\psoc creator\\import\\gnu\\arm\\4.9.
 479              		.file 3 ".\\Generated_Source\\PSoC4\\cytypes.h"
 480              		.file 4 ".\\Generated_Source\\PSoC4\\CyLib.h"
 481              		.section	.debug_info,"",%progbits
 482              	.Ldebug_info0:
 483 0000 B9030000 		.4byte	0x3b9
 484 0004 0400     		.2byte	0x4
 485 0006 00000000 		.4byte	.Ldebug_abbrev0
 486 000a 04       		.byte	0x4
 487 000b 01       		.uleb128 0x1
 488 000c DE010000 		.4byte	.LASF38
 489 0010 01       		.byte	0x1
 490 0011 A3010000 		.4byte	.LASF39
 491 0015 50010000 		.4byte	.LASF40
 492 0019 00000000 		.4byte	.Ldebug_ranges0+0
 493 001d 00000000 		.4byte	0
 494 0021 00000000 		.4byte	.Ldebug_line0
 495 0025 02       		.uleb128 0x2
 496 0026 04       		.byte	0x4
 497 0027 05       		.byte	0x5
 498 0028 696E7400 		.ascii	"int\000"
 499 002c 03       		.uleb128 0x3
 500 002d 06000000 		.4byte	.LASF11
 501 0031 02       		.byte	0x2
 502 0032 D4       		.byte	0xd4
 503 0033 37000000 		.4byte	0x37
 504 0037 04       		.uleb128 0x4
 505 0038 04       		.byte	0x4
 506 0039 07       		.byte	0x7
 507 003a 0A010000 		.4byte	.LASF0
 508 003e 04       		.uleb128 0x4
 509 003f 01       		.byte	0x1
 510 0040 06       		.byte	0x6
 511 0041 9B020000 		.4byte	.LASF1
 512 0045 04       		.uleb128 0x4
 513 0046 01       		.byte	0x1
 514 0047 08       		.byte	0x8
ARM GAS  C:\Users\cdc75\AppData\Local\Temp\ccIULFRK.s 			page 17


 515 0048 AC000000 		.4byte	.LASF2
 516 004c 04       		.uleb128 0x4
 517 004d 02       		.byte	0x2
 518 004e 05       		.byte	0x5
 519 004f 73020000 		.4byte	.LASF3
 520 0053 04       		.uleb128 0x4
 521 0054 02       		.byte	0x2
 522 0055 07       		.byte	0x7
 523 0056 A7020000 		.4byte	.LASF4
 524 005a 04       		.uleb128 0x4
 525 005b 04       		.byte	0x4
 526 005c 05       		.byte	0x5
 527 005d 92020000 		.4byte	.LASF5
 528 0061 04       		.uleb128 0x4
 529 0062 04       		.byte	0x4
 530 0063 07       		.byte	0x7
 531 0064 8A000000 		.4byte	.LASF6
 532 0068 04       		.uleb128 0x4
 533 0069 08       		.byte	0x8
 534 006a 05       		.byte	0x5
 535 006b CB010000 		.4byte	.LASF7
 536 006f 04       		.uleb128 0x4
 537 0070 08       		.byte	0x8
 538 0071 07       		.byte	0x7
 539 0072 2C010000 		.4byte	.LASF8
 540 0076 04       		.uleb128 0x4
 541 0077 04       		.byte	0x4
 542 0078 07       		.byte	0x7
 543 0079 9A010000 		.4byte	.LASF9
 544 007d 05       		.uleb128 0x5
 545 007e 04       		.byte	0x4
 546 007f 06       		.uleb128 0x6
 547 0080 04       		.byte	0x4
 548 0081 85000000 		.4byte	0x85
 549 0085 07       		.uleb128 0x7
 550 0086 04       		.uleb128 0x4
 551 0087 01       		.byte	0x1
 552 0088 08       		.byte	0x8
 553 0089 D9010000 		.4byte	.LASF10
 554 008d 08       		.uleb128 0x8
 555 008e 9C000000 		.4byte	.LASF12
 556 0092 03       		.byte	0x3
 557 0093 9801     		.2byte	0x198
 558 0095 45000000 		.4byte	0x45
 559 0099 08       		.uleb128 0x8
 560 009a F1000000 		.4byte	.LASF13
 561 009e 03       		.byte	0x3
 562 009f 9901     		.2byte	0x199
 563 00a1 53000000 		.4byte	0x53
 564 00a5 08       		.uleb128 0x8
 565 00a6 03010000 		.4byte	.LASF14
 566 00aa 03       		.byte	0x3
 567 00ab 9A01     		.2byte	0x19a
 568 00ad 61000000 		.4byte	0x61
 569 00b1 04       		.uleb128 0x4
 570 00b2 04       		.byte	0x4
 571 00b3 04       		.byte	0x4
ARM GAS  C:\Users\cdc75\AppData\Local\Temp\ccIULFRK.s 			page 18


 572 00b4 6A000000 		.4byte	.LASF15
 573 00b8 04       		.uleb128 0x4
 574 00b9 08       		.byte	0x8
 575 00ba 04       		.byte	0x4
 576 00bb C1000000 		.4byte	.LASF16
 577 00bf 08       		.uleb128 0x8
 578 00c0 85000000 		.4byte	.LASF17
 579 00c4 03       		.byte	0x3
 580 00c5 4202     		.2byte	0x242
 581 00c7 CB000000 		.4byte	0xcb
 582 00cb 09       		.uleb128 0x9
 583 00cc 8D000000 		.4byte	0x8d
 584 00d0 08       		.uleb128 0x8
 585 00d1 00000000 		.4byte	.LASF18
 586 00d5 03       		.byte	0x3
 587 00d6 4402     		.2byte	0x244
 588 00d8 DC000000 		.4byte	0xdc
 589 00dc 09       		.uleb128 0x9
 590 00dd A5000000 		.4byte	0xa5
 591 00e1 08       		.uleb128 0x8
 592 00e2 43010000 		.4byte	.LASF19
 593 00e6 03       		.byte	0x3
 594 00e7 5402     		.2byte	0x254
 595 00e9 7F000000 		.4byte	0x7f
 596 00ed 0A       		.uleb128 0xa
 597 00ee 02       		.byte	0x2
 598 00ef 01       		.byte	0x1
 599 00f0 7F       		.byte	0x7f
 600 00f1 0E010000 		.4byte	0x10e
 601 00f5 0B       		.uleb128 0xb
 602 00f6 6C020000 		.4byte	.LASF20
 603 00fa 01       		.byte	0x1
 604 00fb 81       		.byte	0x81
 605 00fc 8D000000 		.4byte	0x8d
 606 0100 00       		.byte	0
 607 0101 0B       		.uleb128 0xb
 608 0102 1C000000 		.4byte	.LASF21
 609 0106 01       		.byte	0x1
 610 0107 82       		.byte	0x82
 611 0108 8D000000 		.4byte	0x8d
 612 010c 01       		.byte	0x1
 613 010d 00       		.byte	0
 614 010e 03       		.uleb128 0x3
 615 010f 57000000 		.4byte	.LASF22
 616 0113 01       		.byte	0x1
 617 0114 83       		.byte	0x83
 618 0115 ED000000 		.4byte	0xed
 619 0119 0C       		.uleb128 0xc
 620 011a C8000000 		.4byte	.LASF27
 621 011e 01       		.byte	0x1
 622 011f 96       		.byte	0x96
 623 0120 00000000 		.4byte	.LFB3
 624 0124 32000000 		.4byte	.LFE3-.LFB3
 625 0128 01       		.uleb128 0x1
 626 0129 9C       		.byte	0x9c
 627 012a 8B010000 		.4byte	0x18b
 628 012e 0D       		.uleb128 0xd
ARM GAS  C:\Users\cdc75\AppData\Local\Temp\ccIULFRK.s 			page 19


 629 012f E6000000 		.4byte	.LASF23
 630 0133 01       		.byte	0x1
 631 0134 96       		.byte	0x96
 632 0135 8B010000 		.4byte	0x18b
 633 0139 01       		.uleb128 0x1
 634 013a 50       		.byte	0x50
 635 013b 0D       		.uleb128 0xd
 636 013c F8000000 		.4byte	.LASF24
 637 0140 01       		.byte	0x1
 638 0141 96       		.byte	0x96
 639 0142 96010000 		.4byte	0x196
 640 0146 01       		.uleb128 0x1
 641 0147 51       		.byte	0x51
 642 0148 0E       		.uleb128 0xe
 643 0149 6900     		.ascii	"i\000"
 644 014b 01       		.byte	0x1
 645 014c 99       		.byte	0x99
 646 014d A5000000 		.4byte	0xa5
 647 0151 00000000 		.4byte	.LLST0
 648 0155 0E       		.uleb128 0xe
 649 0156 6A00     		.ascii	"j\000"
 650 0158 01       		.byte	0x1
 651 0159 99       		.byte	0x99
 652 015a A5000000 		.4byte	0xa5
 653 015e 1F000000 		.4byte	.LLST1
 654 0162 0F       		.uleb128 0xf
 655 0163 08000000 		.4byte	.LBB2
 656 0167 22000000 		.4byte	.LBE2-.LBB2
 657 016b 10       		.uleb128 0x10
 658 016c 91010000 		.4byte	.LASF25
 659 0170 01       		.byte	0x1
 660 0171 9C       		.byte	0x9c
 661 0172 A5000000 		.4byte	0xa5
 662 0176 3E000000 		.4byte	.LLST2
 663 017a 10       		.uleb128 0x10
 664 017b 22000000 		.4byte	.LASF26
 665 017f 01       		.byte	0x1
 666 0180 9D       		.byte	0x9d
 667 0181 8D000000 		.4byte	0x8d
 668 0185 51000000 		.4byte	.LLST3
 669 0189 00       		.byte	0
 670 018a 00       		.byte	0
 671 018b 06       		.uleb128 0x6
 672 018c 04       		.byte	0x4
 673 018d 91010000 		.4byte	0x191
 674 0191 11       		.uleb128 0x11
 675 0192 A5000000 		.4byte	0xa5
 676 0196 06       		.uleb128 0x6
 677 0197 04       		.byte	0x4
 678 0198 9C010000 		.4byte	0x19c
 679 019c 11       		.uleb128 0x11
 680 019d 0E010000 		.4byte	0x10e
 681 01a1 0C       		.uleb128 0xc
 682 01a2 A2000000 		.4byte	.LASF28
 683 01a6 01       		.byte	0x1
 684 01a7 3D       		.byte	0x3d
 685 01a8 00000000 		.4byte	.LFB0
ARM GAS  C:\Users\cdc75\AppData\Local\Temp\ccIULFRK.s 			page 20


 686 01ac 0C000000 		.4byte	.LFE0-.LFB0
 687 01b0 01       		.uleb128 0x1
 688 01b1 9C       		.byte	0x9c
 689 01b2 EE010000 		.4byte	0x1ee
 690 01b6 12       		.uleb128 0x12
 691 01b7 7300     		.ascii	"s\000"
 692 01b9 01       		.byte	0x1
 693 01ba 3D       		.byte	0x3d
 694 01bb 7D000000 		.4byte	0x7d
 695 01bf 6F000000 		.4byte	.LLST4
 696 01c3 12       		.uleb128 0x12
 697 01c4 6E00     		.ascii	"n\000"
 698 01c6 01       		.byte	0x1
 699 01c7 3D       		.byte	0x3d
 700 01c8 2C000000 		.4byte	0x2c
 701 01cc 90000000 		.4byte	.LLST5
 702 01d0 13       		.uleb128 0x13
 703 01d1 0A000000 		.4byte	.LVL14
 704 01d5 67030000 		.4byte	0x367
 705 01d9 14       		.uleb128 0x14
 706 01da 01       		.uleb128 0x1
 707 01db 52       		.byte	0x52
 708 01dc 03       		.uleb128 0x3
 709 01dd F3       		.byte	0xf3
 710 01de 01       		.uleb128 0x1
 711 01df 51       		.byte	0x51
 712 01e0 14       		.uleb128 0x14
 713 01e1 01       		.uleb128 0x1
 714 01e2 51       		.byte	0x51
 715 01e3 01       		.uleb128 0x1
 716 01e4 30       		.byte	0x30
 717 01e5 14       		.uleb128 0x14
 718 01e6 01       		.uleb128 0x1
 719 01e7 50       		.byte	0x50
 720 01e8 03       		.uleb128 0x3
 721 01e9 F3       		.byte	0xf3
 722 01ea 01       		.uleb128 0x1
 723 01eb 50       		.byte	0x50
 724 01ec 00       		.byte	0
 725 01ed 00       		.byte	0
 726 01ee 0C       		.uleb128 0xc
 727 01ef 28000000 		.4byte	.LASF29
 728 01f3 01       		.byte	0x1
 729 01f4 BB       		.byte	0xbb
 730 01f5 00000000 		.4byte	.LFB4
 731 01f9 78000000 		.4byte	.LFE4-.LFB4
 732 01fd 01       		.uleb128 0x1
 733 01fe 9C       		.byte	0x9c
 734 01ff 39020000 		.4byte	0x239
 735 0203 15       		.uleb128 0x15
 736 0204 14000000 		.4byte	.LVL15
 737 0208 84030000 		.4byte	0x384
 738 020c 16020000 		.4byte	0x216
 739 0210 14       		.uleb128 0x14
 740 0211 01       		.uleb128 0x1
 741 0212 50       		.byte	0x50
 742 0213 01       		.uleb128 0x1
ARM GAS  C:\Users\cdc75\AppData\Local\Temp\ccIULFRK.s 			page 21


 743 0214 48       		.byte	0x48
 744 0215 00       		.byte	0
 745 0216 15       		.uleb128 0x15
 746 0217 42000000 		.4byte	.LVL16
 747 021b 95030000 		.4byte	0x395
 748 021f 29020000 		.4byte	0x229
 749 0223 14       		.uleb128 0x14
 750 0224 01       		.uleb128 0x1
 751 0225 50       		.byte	0x50
 752 0226 01       		.uleb128 0x1
 753 0227 39       		.byte	0x39
 754 0228 00       		.byte	0
 755 0229 13       		.uleb128 0x13
 756 022a 48000000 		.4byte	.LVL17
 757 022e AF030000 		.4byte	0x3af
 758 0232 14       		.uleb128 0x14
 759 0233 01       		.uleb128 0x1
 760 0234 50       		.byte	0x50
 761 0235 01       		.uleb128 0x1
 762 0236 39       		.byte	0x39
 763 0237 00       		.byte	0
 764 0238 00       		.byte	0
 765 0239 16       		.uleb128 0x16
 766 023a 17010000 		.4byte	.LASF41
 767 023e 01       		.byte	0x1
 768 023f 0601     		.2byte	0x106
 769 0241 78000000 		.4byte	.LFB6
 770 0245 00010000 		.4byte	.LFE6-.LFB6
 771 0249 01       		.uleb128 0x1
 772 024a 9C       		.byte	0x9c
 773 024b 3D030000 		.4byte	0x33d
 774 024f 17       		.uleb128 0x17
 775 0250 7C000000 		.4byte	.LBB3
 776 0254 8E000000 		.4byte	.LBE3-.LBB3
 777 0258 33030000 		.4byte	0x333
 778 025c 18       		.uleb128 0x18
 779 025d 33000000 		.4byte	.LASF30
 780 0261 01       		.byte	0x1
 781 0262 0C01     		.2byte	0x10c
 782 0264 4D030000 		.4byte	0x34d
 783 0268 05       		.uleb128 0x5
 784 0269 03       		.byte	0x3
 785 026a 0C000000 		.4byte	cy_cfg_addr_table.4740
 786 026e 18       		.uleb128 0x18
 787 026f 45000000 		.4byte	.LASF31
 788 0273 01       		.byte	0x1
 789 0274 1501     		.2byte	0x115
 790 0276 62030000 		.4byte	0x362
 791 027a 05       		.uleb128 0x5
 792 027b 03       		.byte	0x3
 793 027c 24000000 		.4byte	cy_cfg_data_table.4741
 794 0280 19       		.uleb128 0x19
 795 0281 06       		.byte	0x6
 796 0282 01       		.byte	0x1
 797 0283 4501     		.2byte	0x145
 798 0285 A4020000 		.4byte	0x2a4
 799 0289 1A       		.uleb128 0x1a
ARM GAS  C:\Users\cdc75\AppData\Local\Temp\ccIULFRK.s 			page 22


 800 028a 24010000 		.4byte	.LASF32
 801 028e 01       		.byte	0x1
 802 028f 4601     		.2byte	0x146
 803 0291 7D000000 		.4byte	0x7d
 804 0295 00       		.byte	0
 805 0296 1A       		.uleb128 0x1a
 806 0297 80000000 		.4byte	.LASF33
 807 029b 01       		.byte	0x1
 808 029c 4701     		.2byte	0x147
 809 029e 99000000 		.4byte	0x99
 810 02a2 04       		.byte	0x4
 811 02a3 00       		.byte	0
 812 02a4 08       		.uleb128 0x8
 813 02a5 84010000 		.4byte	.LASF34
 814 02a9 01       		.byte	0x1
 815 02aa 4801     		.2byte	0x148
 816 02ac 80020000 		.4byte	0x280
 817 02b0 1B       		.uleb128 0x1b
 818 02b1 A4020000 		.4byte	0x2a4
 819 02b5 C0020000 		.4byte	0x2c0
 820 02b9 1C       		.uleb128 0x1c
 821 02ba 76000000 		.4byte	0x76
 822 02be 01       		.byte	0x1
 823 02bf 00       		.byte	0
 824 02c0 18       		.uleb128 0x18
 825 02c1 70000000 		.4byte	.LASF35
 826 02c5 01       		.byte	0x1
 827 02c6 4A01     		.2byte	0x14a
 828 02c8 D2020000 		.4byte	0x2d2
 829 02cc 05       		.uleb128 0x5
 830 02cd 03       		.byte	0x3
 831 02ce 00000000 		.4byte	cfg_memset_list.4746
 832 02d2 11       		.uleb128 0x11
 833 02d3 B0020000 		.4byte	0x2b0
 834 02d7 1D       		.uleb128 0x1d
 835 02d8 6900     		.ascii	"i\000"
 836 02da 01       		.byte	0x1
 837 02db 5001     		.2byte	0x150
 838 02dd 8D000000 		.4byte	0x8d
 839 02e1 BC000000 		.4byte	.LLST6
 840 02e5 17       		.uleb128 0x17
 841 02e6 80000000 		.4byte	.LBB4
 842 02ea 1E000000 		.4byte	.LBE4-.LBB4
 843 02ee 16030000 		.4byte	0x316
 844 02f2 1D       		.uleb128 0x1d
 845 02f3 6D7300   		.ascii	"ms\000"
 846 02f6 01       		.byte	0x1
 847 02f7 5501     		.2byte	0x155
 848 02f9 01030000 		.4byte	0x301
 849 02fd E6000000 		.4byte	.LLST7
 850 0301 06       		.uleb128 0x6
 851 0302 04       		.byte	0x4
 852 0303 07030000 		.4byte	0x307
 853 0307 11       		.uleb128 0x11
 854 0308 A4020000 		.4byte	0x2a4
 855 030c 1E       		.uleb128 0x1e
 856 030d 9E000000 		.4byte	.LVL20
ARM GAS  C:\Users\cdc75\AppData\Local\Temp\ccIULFRK.s 			page 23


 857 0311 A1010000 		.4byte	0x1a1
 858 0315 00       		.byte	0
 859 0316 13       		.uleb128 0x13
 860 0317 B2000000 		.4byte	.LVL23
 861 031b 19010000 		.4byte	0x119
 862 031f 14       		.uleb128 0x14
 863 0320 01       		.uleb128 0x1
 864 0321 51       		.byte	0x51
 865 0322 05       		.uleb128 0x5
 866 0323 03       		.byte	0x3
 867 0324 24000000 		.4byte	.LANCHOR0+36
 868 0328 14       		.uleb128 0x14
 869 0329 01       		.uleb128 0x1
 870 032a 50       		.byte	0x50
 871 032b 05       		.uleb128 0x5
 872 032c 03       		.byte	0x3
 873 032d 0C000000 		.4byte	.LANCHOR0+12
 874 0331 00       		.byte	0
 875 0332 00       		.byte	0
 876 0333 1E       		.uleb128 0x1e
 877 0334 30010000 		.4byte	.LVL24
 878 0338 EE010000 		.4byte	0x1ee
 879 033c 00       		.byte	0
 880 033d 1B       		.uleb128 0x1b
 881 033e A5000000 		.4byte	0xa5
 882 0342 4D030000 		.4byte	0x34d
 883 0346 1C       		.uleb128 0x1c
 884 0347 76000000 		.4byte	0x76
 885 034b 05       		.byte	0x5
 886 034c 00       		.byte	0
 887 034d 11       		.uleb128 0x11
 888 034e 3D030000 		.4byte	0x33d
 889 0352 1B       		.uleb128 0x1b
 890 0353 0E010000 		.4byte	0x10e
 891 0357 62030000 		.4byte	0x362
 892 035b 1C       		.uleb128 0x1c
 893 035c 76000000 		.4byte	0x76
 894 0360 2A       		.byte	0x2a
 895 0361 00       		.byte	0
 896 0362 11       		.uleb128 0x11
 897 0363 52030000 		.4byte	0x352
 898 0367 1F       		.uleb128 0x1f
 899 0368 BA000000 		.4byte	.LASF36
 900 036c 7D000000 		.4byte	0x7d
 901 0370 84030000 		.4byte	0x384
 902 0374 20       		.uleb128 0x20
 903 0375 7D000000 		.4byte	0x7d
 904 0379 20       		.uleb128 0x20
 905 037a 25000000 		.4byte	0x25
 906 037e 20       		.uleb128 0x20
 907 037f 76000000 		.4byte	0x76
 908 0383 00       		.byte	0
 909 0384 21       		.uleb128 0x21
 910 0385 7D020000 		.4byte	.LASF37
 911 0389 04       		.byte	0x4
 912 038a 6C       		.byte	0x6c
 913 038b 95030000 		.4byte	0x395
ARM GAS  C:\Users\cdc75\AppData\Local\Temp\ccIULFRK.s 			page 24


 914 038f 20       		.uleb128 0x20
 915 0390 A5000000 		.4byte	0xa5
 916 0394 00       		.byte	0
 917 0395 22       		.uleb128 0x22
 918 0396 0D000000 		.4byte	.LASF42
 919 039a 04       		.byte	0x4
 920 039b BB       		.byte	0xbb
 921 039c E1000000 		.4byte	0xe1
 922 03a0 AF030000 		.4byte	0x3af
 923 03a4 20       		.uleb128 0x20
 924 03a5 8D000000 		.4byte	0x8d
 925 03a9 20       		.uleb128 0x20
 926 03aa E1000000 		.4byte	0xe1
 927 03ae 00       		.byte	0
 928 03af 23       		.uleb128 0x23
 929 03b0 DA000000 		.4byte	.LASF43
 930 03b4 04       		.byte	0x4
 931 03b5 C1       		.byte	0xc1
 932 03b6 20       		.uleb128 0x20
 933 03b7 8D000000 		.4byte	0x8d
 934 03bb 00       		.byte	0
 935 03bc 00       		.byte	0
 936              		.section	.debug_abbrev,"",%progbits
 937              	.Ldebug_abbrev0:
 938 0000 01       		.uleb128 0x1
 939 0001 11       		.uleb128 0x11
 940 0002 01       		.byte	0x1
 941 0003 25       		.uleb128 0x25
 942 0004 0E       		.uleb128 0xe
 943 0005 13       		.uleb128 0x13
 944 0006 0B       		.uleb128 0xb
 945 0007 03       		.uleb128 0x3
 946 0008 0E       		.uleb128 0xe
 947 0009 1B       		.uleb128 0x1b
 948 000a 0E       		.uleb128 0xe
 949 000b 55       		.uleb128 0x55
 950 000c 17       		.uleb128 0x17
 951 000d 11       		.uleb128 0x11
 952 000e 01       		.uleb128 0x1
 953 000f 10       		.uleb128 0x10
 954 0010 17       		.uleb128 0x17
 955 0011 00       		.byte	0
 956 0012 00       		.byte	0
 957 0013 02       		.uleb128 0x2
 958 0014 24       		.uleb128 0x24
 959 0015 00       		.byte	0
 960 0016 0B       		.uleb128 0xb
 961 0017 0B       		.uleb128 0xb
 962 0018 3E       		.uleb128 0x3e
 963 0019 0B       		.uleb128 0xb
 964 001a 03       		.uleb128 0x3
 965 001b 08       		.uleb128 0x8
 966 001c 00       		.byte	0
 967 001d 00       		.byte	0
 968 001e 03       		.uleb128 0x3
 969 001f 16       		.uleb128 0x16
 970 0020 00       		.byte	0
ARM GAS  C:\Users\cdc75\AppData\Local\Temp\ccIULFRK.s 			page 25


 971 0021 03       		.uleb128 0x3
 972 0022 0E       		.uleb128 0xe
 973 0023 3A       		.uleb128 0x3a
 974 0024 0B       		.uleb128 0xb
 975 0025 3B       		.uleb128 0x3b
 976 0026 0B       		.uleb128 0xb
 977 0027 49       		.uleb128 0x49
 978 0028 13       		.uleb128 0x13
 979 0029 00       		.byte	0
 980 002a 00       		.byte	0
 981 002b 04       		.uleb128 0x4
 982 002c 24       		.uleb128 0x24
 983 002d 00       		.byte	0
 984 002e 0B       		.uleb128 0xb
 985 002f 0B       		.uleb128 0xb
 986 0030 3E       		.uleb128 0x3e
 987 0031 0B       		.uleb128 0xb
 988 0032 03       		.uleb128 0x3
 989 0033 0E       		.uleb128 0xe
 990 0034 00       		.byte	0
 991 0035 00       		.byte	0
 992 0036 05       		.uleb128 0x5
 993 0037 0F       		.uleb128 0xf
 994 0038 00       		.byte	0
 995 0039 0B       		.uleb128 0xb
 996 003a 0B       		.uleb128 0xb
 997 003b 00       		.byte	0
 998 003c 00       		.byte	0
 999 003d 06       		.uleb128 0x6
 1000 003e 0F       		.uleb128 0xf
 1001 003f 00       		.byte	0
 1002 0040 0B       		.uleb128 0xb
 1003 0041 0B       		.uleb128 0xb
 1004 0042 49       		.uleb128 0x49
 1005 0043 13       		.uleb128 0x13
 1006 0044 00       		.byte	0
 1007 0045 00       		.byte	0
 1008 0046 07       		.uleb128 0x7
 1009 0047 15       		.uleb128 0x15
 1010 0048 00       		.byte	0
 1011 0049 27       		.uleb128 0x27
 1012 004a 19       		.uleb128 0x19
 1013 004b 00       		.byte	0
 1014 004c 00       		.byte	0
 1015 004d 08       		.uleb128 0x8
 1016 004e 16       		.uleb128 0x16
 1017 004f 00       		.byte	0
 1018 0050 03       		.uleb128 0x3
 1019 0051 0E       		.uleb128 0xe
 1020 0052 3A       		.uleb128 0x3a
 1021 0053 0B       		.uleb128 0xb
 1022 0054 3B       		.uleb128 0x3b
 1023 0055 05       		.uleb128 0x5
 1024 0056 49       		.uleb128 0x49
 1025 0057 13       		.uleb128 0x13
 1026 0058 00       		.byte	0
 1027 0059 00       		.byte	0
ARM GAS  C:\Users\cdc75\AppData\Local\Temp\ccIULFRK.s 			page 26


 1028 005a 09       		.uleb128 0x9
 1029 005b 35       		.uleb128 0x35
 1030 005c 00       		.byte	0
 1031 005d 49       		.uleb128 0x49
 1032 005e 13       		.uleb128 0x13
 1033 005f 00       		.byte	0
 1034 0060 00       		.byte	0
 1035 0061 0A       		.uleb128 0xa
 1036 0062 13       		.uleb128 0x13
 1037 0063 01       		.byte	0x1
 1038 0064 0B       		.uleb128 0xb
 1039 0065 0B       		.uleb128 0xb
 1040 0066 3A       		.uleb128 0x3a
 1041 0067 0B       		.uleb128 0xb
 1042 0068 3B       		.uleb128 0x3b
 1043 0069 0B       		.uleb128 0xb
 1044 006a 01       		.uleb128 0x1
 1045 006b 13       		.uleb128 0x13
 1046 006c 00       		.byte	0
 1047 006d 00       		.byte	0
 1048 006e 0B       		.uleb128 0xb
 1049 006f 0D       		.uleb128 0xd
 1050 0070 00       		.byte	0
 1051 0071 03       		.uleb128 0x3
 1052 0072 0E       		.uleb128 0xe
 1053 0073 3A       		.uleb128 0x3a
 1054 0074 0B       		.uleb128 0xb
 1055 0075 3B       		.uleb128 0x3b
 1056 0076 0B       		.uleb128 0xb
 1057 0077 49       		.uleb128 0x49
 1058 0078 13       		.uleb128 0x13
 1059 0079 38       		.uleb128 0x38
 1060 007a 0B       		.uleb128 0xb
 1061 007b 00       		.byte	0
 1062 007c 00       		.byte	0
 1063 007d 0C       		.uleb128 0xc
 1064 007e 2E       		.uleb128 0x2e
 1065 007f 01       		.byte	0x1
 1066 0080 03       		.uleb128 0x3
 1067 0081 0E       		.uleb128 0xe
 1068 0082 3A       		.uleb128 0x3a
 1069 0083 0B       		.uleb128 0xb
 1070 0084 3B       		.uleb128 0x3b
 1071 0085 0B       		.uleb128 0xb
 1072 0086 27       		.uleb128 0x27
 1073 0087 19       		.uleb128 0x19
 1074 0088 11       		.uleb128 0x11
 1075 0089 01       		.uleb128 0x1
 1076 008a 12       		.uleb128 0x12
 1077 008b 06       		.uleb128 0x6
 1078 008c 40       		.uleb128 0x40
 1079 008d 18       		.uleb128 0x18
 1080 008e 9742     		.uleb128 0x2117
 1081 0090 19       		.uleb128 0x19
 1082 0091 01       		.uleb128 0x1
 1083 0092 13       		.uleb128 0x13
 1084 0093 00       		.byte	0
ARM GAS  C:\Users\cdc75\AppData\Local\Temp\ccIULFRK.s 			page 27


 1085 0094 00       		.byte	0
 1086 0095 0D       		.uleb128 0xd
 1087 0096 05       		.uleb128 0x5
 1088 0097 00       		.byte	0
 1089 0098 03       		.uleb128 0x3
 1090 0099 0E       		.uleb128 0xe
 1091 009a 3A       		.uleb128 0x3a
 1092 009b 0B       		.uleb128 0xb
 1093 009c 3B       		.uleb128 0x3b
 1094 009d 0B       		.uleb128 0xb
 1095 009e 49       		.uleb128 0x49
 1096 009f 13       		.uleb128 0x13
 1097 00a0 02       		.uleb128 0x2
 1098 00a1 18       		.uleb128 0x18
 1099 00a2 00       		.byte	0
 1100 00a3 00       		.byte	0
 1101 00a4 0E       		.uleb128 0xe
 1102 00a5 34       		.uleb128 0x34
 1103 00a6 00       		.byte	0
 1104 00a7 03       		.uleb128 0x3
 1105 00a8 08       		.uleb128 0x8
 1106 00a9 3A       		.uleb128 0x3a
 1107 00aa 0B       		.uleb128 0xb
 1108 00ab 3B       		.uleb128 0x3b
 1109 00ac 0B       		.uleb128 0xb
 1110 00ad 49       		.uleb128 0x49
 1111 00ae 13       		.uleb128 0x13
 1112 00af 02       		.uleb128 0x2
 1113 00b0 17       		.uleb128 0x17
 1114 00b1 00       		.byte	0
 1115 00b2 00       		.byte	0
 1116 00b3 0F       		.uleb128 0xf
 1117 00b4 0B       		.uleb128 0xb
 1118 00b5 01       		.byte	0x1
 1119 00b6 11       		.uleb128 0x11
 1120 00b7 01       		.uleb128 0x1
 1121 00b8 12       		.uleb128 0x12
 1122 00b9 06       		.uleb128 0x6
 1123 00ba 00       		.byte	0
 1124 00bb 00       		.byte	0
 1125 00bc 10       		.uleb128 0x10
 1126 00bd 34       		.uleb128 0x34
 1127 00be 00       		.byte	0
 1128 00bf 03       		.uleb128 0x3
 1129 00c0 0E       		.uleb128 0xe
 1130 00c1 3A       		.uleb128 0x3a
 1131 00c2 0B       		.uleb128 0xb
 1132 00c3 3B       		.uleb128 0x3b
 1133 00c4 0B       		.uleb128 0xb
 1134 00c5 49       		.uleb128 0x49
 1135 00c6 13       		.uleb128 0x13
 1136 00c7 02       		.uleb128 0x2
 1137 00c8 17       		.uleb128 0x17
 1138 00c9 00       		.byte	0
 1139 00ca 00       		.byte	0
 1140 00cb 11       		.uleb128 0x11
 1141 00cc 26       		.uleb128 0x26
ARM GAS  C:\Users\cdc75\AppData\Local\Temp\ccIULFRK.s 			page 28


 1142 00cd 00       		.byte	0
 1143 00ce 49       		.uleb128 0x49
 1144 00cf 13       		.uleb128 0x13
 1145 00d0 00       		.byte	0
 1146 00d1 00       		.byte	0
 1147 00d2 12       		.uleb128 0x12
 1148 00d3 05       		.uleb128 0x5
 1149 00d4 00       		.byte	0
 1150 00d5 03       		.uleb128 0x3
 1151 00d6 08       		.uleb128 0x8
 1152 00d7 3A       		.uleb128 0x3a
 1153 00d8 0B       		.uleb128 0xb
 1154 00d9 3B       		.uleb128 0x3b
 1155 00da 0B       		.uleb128 0xb
 1156 00db 49       		.uleb128 0x49
 1157 00dc 13       		.uleb128 0x13
 1158 00dd 02       		.uleb128 0x2
 1159 00de 17       		.uleb128 0x17
 1160 00df 00       		.byte	0
 1161 00e0 00       		.byte	0
 1162 00e1 13       		.uleb128 0x13
 1163 00e2 898201   		.uleb128 0x4109
 1164 00e5 01       		.byte	0x1
 1165 00e6 11       		.uleb128 0x11
 1166 00e7 01       		.uleb128 0x1
 1167 00e8 31       		.uleb128 0x31
 1168 00e9 13       		.uleb128 0x13
 1169 00ea 00       		.byte	0
 1170 00eb 00       		.byte	0
 1171 00ec 14       		.uleb128 0x14
 1172 00ed 8A8201   		.uleb128 0x410a
 1173 00f0 00       		.byte	0
 1174 00f1 02       		.uleb128 0x2
 1175 00f2 18       		.uleb128 0x18
 1176 00f3 9142     		.uleb128 0x2111
 1177 00f5 18       		.uleb128 0x18
 1178 00f6 00       		.byte	0
 1179 00f7 00       		.byte	0
 1180 00f8 15       		.uleb128 0x15
 1181 00f9 898201   		.uleb128 0x4109
 1182 00fc 01       		.byte	0x1
 1183 00fd 11       		.uleb128 0x11
 1184 00fe 01       		.uleb128 0x1
 1185 00ff 31       		.uleb128 0x31
 1186 0100 13       		.uleb128 0x13
 1187 0101 01       		.uleb128 0x1
 1188 0102 13       		.uleb128 0x13
 1189 0103 00       		.byte	0
 1190 0104 00       		.byte	0
 1191 0105 16       		.uleb128 0x16
 1192 0106 2E       		.uleb128 0x2e
 1193 0107 01       		.byte	0x1
 1194 0108 3F       		.uleb128 0x3f
 1195 0109 19       		.uleb128 0x19
 1196 010a 03       		.uleb128 0x3
 1197 010b 0E       		.uleb128 0xe
 1198 010c 3A       		.uleb128 0x3a
ARM GAS  C:\Users\cdc75\AppData\Local\Temp\ccIULFRK.s 			page 29


 1199 010d 0B       		.uleb128 0xb
 1200 010e 3B       		.uleb128 0x3b
 1201 010f 05       		.uleb128 0x5
 1202 0110 27       		.uleb128 0x27
 1203 0111 19       		.uleb128 0x19
 1204 0112 11       		.uleb128 0x11
 1205 0113 01       		.uleb128 0x1
 1206 0114 12       		.uleb128 0x12
 1207 0115 06       		.uleb128 0x6
 1208 0116 40       		.uleb128 0x40
 1209 0117 18       		.uleb128 0x18
 1210 0118 9742     		.uleb128 0x2117
 1211 011a 19       		.uleb128 0x19
 1212 011b 01       		.uleb128 0x1
 1213 011c 13       		.uleb128 0x13
 1214 011d 00       		.byte	0
 1215 011e 00       		.byte	0
 1216 011f 17       		.uleb128 0x17
 1217 0120 0B       		.uleb128 0xb
 1218 0121 01       		.byte	0x1
 1219 0122 11       		.uleb128 0x11
 1220 0123 01       		.uleb128 0x1
 1221 0124 12       		.uleb128 0x12
 1222 0125 06       		.uleb128 0x6
 1223 0126 01       		.uleb128 0x1
 1224 0127 13       		.uleb128 0x13
 1225 0128 00       		.byte	0
 1226 0129 00       		.byte	0
 1227 012a 18       		.uleb128 0x18
 1228 012b 34       		.uleb128 0x34
 1229 012c 00       		.byte	0
 1230 012d 03       		.uleb128 0x3
 1231 012e 0E       		.uleb128 0xe
 1232 012f 3A       		.uleb128 0x3a
 1233 0130 0B       		.uleb128 0xb
 1234 0131 3B       		.uleb128 0x3b
 1235 0132 05       		.uleb128 0x5
 1236 0133 49       		.uleb128 0x49
 1237 0134 13       		.uleb128 0x13
 1238 0135 02       		.uleb128 0x2
 1239 0136 18       		.uleb128 0x18
 1240 0137 00       		.byte	0
 1241 0138 00       		.byte	0
 1242 0139 19       		.uleb128 0x19
 1243 013a 13       		.uleb128 0x13
 1244 013b 01       		.byte	0x1
 1245 013c 0B       		.uleb128 0xb
 1246 013d 0B       		.uleb128 0xb
 1247 013e 3A       		.uleb128 0x3a
 1248 013f 0B       		.uleb128 0xb
 1249 0140 3B       		.uleb128 0x3b
 1250 0141 05       		.uleb128 0x5
 1251 0142 01       		.uleb128 0x1
 1252 0143 13       		.uleb128 0x13
 1253 0144 00       		.byte	0
 1254 0145 00       		.byte	0
 1255 0146 1A       		.uleb128 0x1a
ARM GAS  C:\Users\cdc75\AppData\Local\Temp\ccIULFRK.s 			page 30


 1256 0147 0D       		.uleb128 0xd
 1257 0148 00       		.byte	0
 1258 0149 03       		.uleb128 0x3
 1259 014a 0E       		.uleb128 0xe
 1260 014b 3A       		.uleb128 0x3a
 1261 014c 0B       		.uleb128 0xb
 1262 014d 3B       		.uleb128 0x3b
 1263 014e 05       		.uleb128 0x5
 1264 014f 49       		.uleb128 0x49
 1265 0150 13       		.uleb128 0x13
 1266 0151 38       		.uleb128 0x38
 1267 0152 0B       		.uleb128 0xb
 1268 0153 00       		.byte	0
 1269 0154 00       		.byte	0
 1270 0155 1B       		.uleb128 0x1b
 1271 0156 01       		.uleb128 0x1
 1272 0157 01       		.byte	0x1
 1273 0158 49       		.uleb128 0x49
 1274 0159 13       		.uleb128 0x13
 1275 015a 01       		.uleb128 0x1
 1276 015b 13       		.uleb128 0x13
 1277 015c 00       		.byte	0
 1278 015d 00       		.byte	0
 1279 015e 1C       		.uleb128 0x1c
 1280 015f 21       		.uleb128 0x21
 1281 0160 00       		.byte	0
 1282 0161 49       		.uleb128 0x49
 1283 0162 13       		.uleb128 0x13
 1284 0163 2F       		.uleb128 0x2f
 1285 0164 0B       		.uleb128 0xb
 1286 0165 00       		.byte	0
 1287 0166 00       		.byte	0
 1288 0167 1D       		.uleb128 0x1d
 1289 0168 34       		.uleb128 0x34
 1290 0169 00       		.byte	0
 1291 016a 03       		.uleb128 0x3
 1292 016b 08       		.uleb128 0x8
 1293 016c 3A       		.uleb128 0x3a
 1294 016d 0B       		.uleb128 0xb
 1295 016e 3B       		.uleb128 0x3b
 1296 016f 05       		.uleb128 0x5
 1297 0170 49       		.uleb128 0x49
 1298 0171 13       		.uleb128 0x13
 1299 0172 02       		.uleb128 0x2
 1300 0173 17       		.uleb128 0x17
 1301 0174 00       		.byte	0
 1302 0175 00       		.byte	0
 1303 0176 1E       		.uleb128 0x1e
 1304 0177 898201   		.uleb128 0x4109
 1305 017a 00       		.byte	0
 1306 017b 11       		.uleb128 0x11
 1307 017c 01       		.uleb128 0x1
 1308 017d 31       		.uleb128 0x31
 1309 017e 13       		.uleb128 0x13
 1310 017f 00       		.byte	0
 1311 0180 00       		.byte	0
 1312 0181 1F       		.uleb128 0x1f
ARM GAS  C:\Users\cdc75\AppData\Local\Temp\ccIULFRK.s 			page 31


 1313 0182 2E       		.uleb128 0x2e
 1314 0183 01       		.byte	0x1
 1315 0184 3F       		.uleb128 0x3f
 1316 0185 19       		.uleb128 0x19
 1317 0186 03       		.uleb128 0x3
 1318 0187 0E       		.uleb128 0xe
 1319 0188 27       		.uleb128 0x27
 1320 0189 19       		.uleb128 0x19
 1321 018a 49       		.uleb128 0x49
 1322 018b 13       		.uleb128 0x13
 1323 018c 34       		.uleb128 0x34
 1324 018d 19       		.uleb128 0x19
 1325 018e 3C       		.uleb128 0x3c
 1326 018f 19       		.uleb128 0x19
 1327 0190 01       		.uleb128 0x1
 1328 0191 13       		.uleb128 0x13
 1329 0192 00       		.byte	0
 1330 0193 00       		.byte	0
 1331 0194 20       		.uleb128 0x20
 1332 0195 05       		.uleb128 0x5
 1333 0196 00       		.byte	0
 1334 0197 49       		.uleb128 0x49
 1335 0198 13       		.uleb128 0x13
 1336 0199 00       		.byte	0
 1337 019a 00       		.byte	0
 1338 019b 21       		.uleb128 0x21
 1339 019c 2E       		.uleb128 0x2e
 1340 019d 01       		.byte	0x1
 1341 019e 3F       		.uleb128 0x3f
 1342 019f 19       		.uleb128 0x19
 1343 01a0 03       		.uleb128 0x3
 1344 01a1 0E       		.uleb128 0xe
 1345 01a2 3A       		.uleb128 0x3a
 1346 01a3 0B       		.uleb128 0xb
 1347 01a4 3B       		.uleb128 0x3b
 1348 01a5 0B       		.uleb128 0xb
 1349 01a6 27       		.uleb128 0x27
 1350 01a7 19       		.uleb128 0x19
 1351 01a8 3C       		.uleb128 0x3c
 1352 01a9 19       		.uleb128 0x19
 1353 01aa 01       		.uleb128 0x1
 1354 01ab 13       		.uleb128 0x13
 1355 01ac 00       		.byte	0
 1356 01ad 00       		.byte	0
 1357 01ae 22       		.uleb128 0x22
 1358 01af 2E       		.uleb128 0x2e
 1359 01b0 01       		.byte	0x1
 1360 01b1 3F       		.uleb128 0x3f
 1361 01b2 19       		.uleb128 0x19
 1362 01b3 03       		.uleb128 0x3
 1363 01b4 0E       		.uleb128 0xe
 1364 01b5 3A       		.uleb128 0x3a
 1365 01b6 0B       		.uleb128 0xb
 1366 01b7 3B       		.uleb128 0x3b
 1367 01b8 0B       		.uleb128 0xb
 1368 01b9 27       		.uleb128 0x27
 1369 01ba 19       		.uleb128 0x19
ARM GAS  C:\Users\cdc75\AppData\Local\Temp\ccIULFRK.s 			page 32


 1370 01bb 49       		.uleb128 0x49
 1371 01bc 13       		.uleb128 0x13
 1372 01bd 3C       		.uleb128 0x3c
 1373 01be 19       		.uleb128 0x19
 1374 01bf 01       		.uleb128 0x1
 1375 01c0 13       		.uleb128 0x13
 1376 01c1 00       		.byte	0
 1377 01c2 00       		.byte	0
 1378 01c3 23       		.uleb128 0x23
 1379 01c4 2E       		.uleb128 0x2e
 1380 01c5 01       		.byte	0x1
 1381 01c6 3F       		.uleb128 0x3f
 1382 01c7 19       		.uleb128 0x19
 1383 01c8 03       		.uleb128 0x3
 1384 01c9 0E       		.uleb128 0xe
 1385 01ca 3A       		.uleb128 0x3a
 1386 01cb 0B       		.uleb128 0xb
 1387 01cc 3B       		.uleb128 0x3b
 1388 01cd 0B       		.uleb128 0xb
 1389 01ce 27       		.uleb128 0x27
 1390 01cf 19       		.uleb128 0x19
 1391 01d0 3C       		.uleb128 0x3c
 1392 01d1 19       		.uleb128 0x19
 1393 01d2 00       		.byte	0
 1394 01d3 00       		.byte	0
 1395 01d4 00       		.byte	0
 1396              		.section	.debug_loc,"",%progbits
 1397              	.Ldebug_loc0:
 1398              	.LLST0:
 1399 0000 02000000 		.4byte	.LVL1
 1400 0004 08000000 		.4byte	.LVL2
 1401 0008 0200     		.2byte	0x2
 1402 000a 30       		.byte	0x30
 1403 000b 9F       		.byte	0x9f
 1404 000c 08000000 		.4byte	.LVL2
 1405 0010 30000000 		.4byte	.LVL11
 1406 0014 0100     		.2byte	0x1
 1407 0016 57       		.byte	0x57
 1408 0017 00000000 		.4byte	0
 1409 001b 00000000 		.4byte	0
 1410              	.LLST1:
 1411 001f 02000000 		.4byte	.LVL1
 1412 0023 08000000 		.4byte	.LVL2
 1413 0027 0200     		.2byte	0x2
 1414 0029 30       		.byte	0x30
 1415 002a 9F       		.byte	0x9f
 1416 002b 08000000 		.4byte	.LVL2
 1417 002f 30000000 		.4byte	.LVL10
 1418 0033 0100     		.2byte	0x1
 1419 0035 55       		.byte	0x55
 1420 0036 00000000 		.4byte	0
 1421 003a 00000000 		.4byte	0
 1422              	.LLST2:
 1423 003e 0C000000 		.4byte	.LVL3
 1424 0042 2C000000 		.4byte	.LVL9
 1425 0046 0100     		.2byte	0x1
 1426 0048 56       		.byte	0x56
ARM GAS  C:\Users\cdc75\AppData\Local\Temp\ccIULFRK.s 			page 33


 1427 0049 00000000 		.4byte	0
 1428 004d 00000000 		.4byte	0
 1429              	.LLST3:
 1430 0051 0E000000 		.4byte	.LVL4
 1431 0055 24000000 		.4byte	.LVL7
 1432 0059 0100     		.2byte	0x1
 1433 005b 53       		.byte	0x53
 1434 005c 26000000 		.4byte	.LVL8
 1435 0060 2C000000 		.4byte	.LVL9
 1436 0064 0100     		.2byte	0x1
 1437 0066 53       		.byte	0x53
 1438 0067 00000000 		.4byte	0
 1439 006b 00000000 		.4byte	0
 1440              	.LLST4:
 1441 006f 00000000 		.4byte	.LVL12
 1442 0073 09000000 		.4byte	.LVL14-1
 1443 0077 0100     		.2byte	0x1
 1444 0079 50       		.byte	0x50
 1445 007a 09000000 		.4byte	.LVL14-1
 1446 007e 0C000000 		.4byte	.LFE0
 1447 0082 0400     		.2byte	0x4
 1448 0084 F3       		.byte	0xf3
 1449 0085 01       		.uleb128 0x1
 1450 0086 50       		.byte	0x50
 1451 0087 9F       		.byte	0x9f
 1452 0088 00000000 		.4byte	0
 1453 008c 00000000 		.4byte	0
 1454              	.LLST5:
 1455 0090 00000000 		.4byte	.LVL12
 1456 0094 06000000 		.4byte	.LVL13
 1457 0098 0100     		.2byte	0x1
 1458 009a 51       		.byte	0x51
 1459 009b 06000000 		.4byte	.LVL13
 1460 009f 09000000 		.4byte	.LVL14-1
 1461 00a3 0100     		.2byte	0x1
 1462 00a5 52       		.byte	0x52
 1463 00a6 09000000 		.4byte	.LVL14-1
 1464 00aa 0C000000 		.4byte	.LFE0
 1465 00ae 0400     		.2byte	0x4
 1466 00b0 F3       		.byte	0xf3
 1467 00b1 01       		.uleb128 0x1
 1468 00b2 51       		.byte	0x51
 1469 00b3 9F       		.byte	0x9f
 1470 00b4 00000000 		.4byte	0
 1471 00b8 00000000 		.4byte	0
 1472              	.LLST6:
 1473 00bc 7C000000 		.4byte	.LVL18
 1474 00c0 80000000 		.4byte	.LVL19
 1475 00c4 0200     		.2byte	0x2
 1476 00c6 30       		.byte	0x30
 1477 00c7 9F       		.byte	0x9f
 1478 00c8 80000000 		.4byte	.LVL19
 1479 00cc A0000000 		.4byte	.LVL21
 1480 00d0 0100     		.2byte	0x1
 1481 00d2 54       		.byte	0x54
 1482 00d3 A2000000 		.4byte	.LVL22
 1483 00d7 30010000 		.4byte	.LVL25
ARM GAS  C:\Users\cdc75\AppData\Local\Temp\ccIULFRK.s 			page 34


 1484 00db 0100     		.2byte	0x1
 1485 00dd 54       		.byte	0x54
 1486 00de 00000000 		.4byte	0
 1487 00e2 00000000 		.4byte	0
 1488              	.LLST7:
 1489 00e6 80000000 		.4byte	.LVL19
 1490 00ea A0000000 		.4byte	.LVL21
 1491 00ee 0B00     		.2byte	0xb
 1492 00f0 74       		.byte	0x74
 1493 00f1 00       		.sleb128 0
 1494 00f2 36       		.byte	0x36
 1495 00f3 1E       		.byte	0x1e
 1496 00f4 03       		.byte	0x3
 1497 00f5 00000000 		.4byte	cfg_memset_list.4746
 1498 00f9 22       		.byte	0x22
 1499 00fa 9F       		.byte	0x9f
 1500 00fb A0000000 		.4byte	.LVL21
 1501 00ff A2000000 		.4byte	.LVL22
 1502 0103 0B00     		.2byte	0xb
 1503 0105 74       		.byte	0x74
 1504 0106 7F       		.sleb128 -1
 1505 0107 36       		.byte	0x36
 1506 0108 1E       		.byte	0x1e
 1507 0109 03       		.byte	0x3
 1508 010a 00000000 		.4byte	cfg_memset_list.4746
 1509 010e 22       		.byte	0x22
 1510 010f 9F       		.byte	0x9f
 1511 0110 00000000 		.4byte	0
 1512 0114 00000000 		.4byte	0
 1513              		.section	.debug_aranges,"",%progbits
 1514 0000 34000000 		.4byte	0x34
 1515 0004 0200     		.2byte	0x2
 1516 0006 00000000 		.4byte	.Ldebug_info0
 1517 000a 04       		.byte	0x4
 1518 000b 00       		.byte	0
 1519 000c 0000     		.2byte	0
 1520 000e 0000     		.2byte	0
 1521 0010 00000000 		.4byte	.LFB3
 1522 0014 32000000 		.4byte	.LFE3-.LFB3
 1523 0018 00000000 		.4byte	.LFB0
 1524 001c 0C000000 		.4byte	.LFE0-.LFB0
 1525 0020 00000000 		.4byte	.LFB4
 1526 0024 78000000 		.4byte	.LFE4-.LFB4
 1527 0028 78000000 		.4byte	.LFB6
 1528 002c 00010000 		.4byte	.LFE6-.LFB6
 1529 0030 00000000 		.4byte	0
 1530 0034 00000000 		.4byte	0
 1531              		.section	.debug_ranges,"",%progbits
 1532              	.Ldebug_ranges0:
 1533 0000 00000000 		.4byte	.LFB3
 1534 0004 32000000 		.4byte	.LFE3
 1535 0008 00000000 		.4byte	.LFB0
 1536 000c 0C000000 		.4byte	.LFE0
 1537 0010 00000000 		.4byte	.LFB4
 1538 0014 78000000 		.4byte	.LFE4
 1539 0018 78000000 		.4byte	.LFB6
 1540 001c 78010000 		.4byte	.LFE6
ARM GAS  C:\Users\cdc75\AppData\Local\Temp\ccIULFRK.s 			page 35


 1541 0020 00000000 		.4byte	0
 1542 0024 00000000 		.4byte	0
 1543              		.section	.debug_line,"",%progbits
 1544              	.Ldebug_line0:
 1545 0000 61010000 		.section	.debug_str,"MS",%progbits,1
 1545      0200D800 
 1545      00000201 
 1545      FB0E0D00 
 1545      01010101 
 1546              	.LASF18:
 1547 0000 72656733 		.ascii	"reg32\000"
 1547      3200
 1548              	.LASF11:
 1549 0006 73697A65 		.ascii	"size_t\000"
 1549      5F7400
 1550              	.LASF42:
 1551 000d 4379496E 		.ascii	"CyIntSetVector\000"
 1551      74536574 
 1551      56656374 
 1551      6F7200
 1552              	.LASF21:
 1553 001c 76616C75 		.ascii	"value\000"
 1553      6500
 1554              	.LASF26:
 1555 0022 636F756E 		.ascii	"count\000"
 1555      7400
 1556              	.LASF29:
 1557 0028 436C6F63 		.ascii	"ClockSetup\000"
 1557      6B536574 
 1557      757000
 1558              	.LASF30:
 1559 0033 63795F63 		.ascii	"cy_cfg_addr_table\000"
 1559      66675F61 
 1559      6464725F 
 1559      7461626C 
 1559      6500
 1560              	.LASF31:
 1561 0045 63795F63 		.ascii	"cy_cfg_data_table\000"
 1561      66675F64 
 1561      6174615F 
 1561      7461626C 
 1561      6500
 1562              	.LASF22:
 1563 0057 63795F63 		.ascii	"cy_cfg_addrvalue_t\000"
 1563      66675F61 
 1563      64647276 
 1563      616C7565 
 1563      5F7400
 1564              	.LASF15:
 1565 006a 666C6F61 		.ascii	"float\000"
 1565      7400
 1566              	.LASF35:
 1567 0070 6366675F 		.ascii	"cfg_memset_list\000"
 1567      6D656D73 
 1567      65745F6C 
 1567      69737400 
 1568              	.LASF33:
ARM GAS  C:\Users\cdc75\AppData\Local\Temp\ccIULFRK.s 			page 36


 1569 0080 73697A65 		.ascii	"size\000"
 1569      00
 1570              	.LASF17:
 1571 0085 72656738 		.ascii	"reg8\000"
 1571      00
 1572              	.LASF6:
 1573 008a 6C6F6E67 		.ascii	"long unsigned int\000"
 1573      20756E73 
 1573      69676E65 
 1573      6420696E 
 1573      7400
 1574              	.LASF12:
 1575 009c 75696E74 		.ascii	"uint8\000"
 1575      3800
 1576              	.LASF28:
 1577 00a2 43594D45 		.ascii	"CYMEMZERO\000"
 1577      4D5A4552 
 1577      4F00
 1578              	.LASF2:
 1579 00ac 756E7369 		.ascii	"unsigned char\000"
 1579      676E6564 
 1579      20636861 
 1579      7200
 1580              	.LASF36:
 1581 00ba 6D656D73 		.ascii	"memset\000"
 1581      657400
 1582              	.LASF16:
 1583 00c1 646F7562 		.ascii	"double\000"
 1583      6C6500
 1584              	.LASF27:
 1585 00c8 6366675F 		.ascii	"cfg_write_bytes32\000"
 1585      77726974 
 1585      655F6279 
 1585      74657333 
 1585      3200
 1586              	.LASF43:
 1587 00da 4379496E 		.ascii	"CyIntEnable\000"
 1587      74456E61 
 1587      626C6500 
 1588              	.LASF23:
 1589 00e6 61646472 		.ascii	"addr_table\000"
 1589      5F746162 
 1589      6C6500
 1590              	.LASF13:
 1591 00f1 75696E74 		.ascii	"uint16\000"
 1591      313600
 1592              	.LASF24:
 1593 00f8 64617461 		.ascii	"data_table\000"
 1593      5F746162 
 1593      6C6500
 1594              	.LASF14:
 1595 0103 75696E74 		.ascii	"uint32\000"
 1595      333200
 1596              	.LASF0:
 1597 010a 756E7369 		.ascii	"unsigned int\000"
 1597      676E6564 
 1597      20696E74 
ARM GAS  C:\Users\cdc75\AppData\Local\Temp\ccIULFRK.s 			page 37


 1597      00
 1598              	.LASF41:
 1599 0117 63796669 		.ascii	"cyfitter_cfg\000"
 1599      74746572 
 1599      5F636667 
 1599      00
 1600              	.LASF32:
 1601 0124 61646472 		.ascii	"address\000"
 1601      65737300 
 1602              	.LASF8:
 1603 012c 6C6F6E67 		.ascii	"long long unsigned int\000"
 1603      206C6F6E 
 1603      6720756E 
 1603      7369676E 
 1603      65642069 
 1604              	.LASF19:
 1605 0143 63796973 		.ascii	"cyisraddress\000"
 1605      72616464 
 1605      72657373 
 1605      00
 1606              	.LASF40:
 1607 0150 433A5C55 		.ascii	"C:\\Users\\cdc75\\Desktop\\Labs\\Lesson6_Challenge."
 1607      73657273 
 1607      5C636463 
 1607      37355C44 
 1607      65736B74 
 1608 017e 63796473 		.ascii	"cydsn\000"
 1608      6E00
 1609              	.LASF34:
 1610 0184 6366675F 		.ascii	"cfg_memset_t\000"
 1610      6D656D73 
 1610      65745F74 
 1610      00
 1611              	.LASF25:
 1612 0191 62617365 		.ascii	"baseAddr\000"
 1612      41646472 
 1612      00
 1613              	.LASF9:
 1614 019a 73697A65 		.ascii	"sizetype\000"
 1614      74797065 
 1614      00
 1615              	.LASF39:
 1616 01a3 2E5C4765 		.ascii	".\\Generated_Source\\PSoC4\\cyfitter_cfg.c\000"
 1616      6E657261 
 1616      7465645F 
 1616      536F7572 
 1616      63655C50 
 1617              	.LASF7:
 1618 01cb 6C6F6E67 		.ascii	"long long int\000"
 1618      206C6F6E 
 1618      6720696E 
 1618      7400
 1619              	.LASF10:
 1620 01d9 63686172 		.ascii	"char\000"
 1620      00
 1621              	.LASF38:
 1622 01de 474E5520 		.ascii	"GNU C 4.9.3 20150303 (release) [ARM/embedded-4_9-br"
ARM GAS  C:\Users\cdc75\AppData\Local\Temp\ccIULFRK.s 			page 38


 1622      4320342E 
 1622      392E3320 
 1622      32303135 
 1622      30333033 
 1623 0211 616E6368 		.ascii	"anch revision 221220] -mcpu=cortex-m0 -mthumb -g -O"
 1623      20726576 
 1623      6973696F 
 1623      6E203232 
 1623      31323230 
 1624 0244 67202D66 		.ascii	"g -ffunction-sections -ffat-lto-objects\000"
 1624      66756E63 
 1624      74696F6E 
 1624      2D736563 
 1624      74696F6E 
 1625              	.LASF20:
 1626 026c 6F666673 		.ascii	"offset\000"
 1626      657400
 1627              	.LASF3:
 1628 0273 73686F72 		.ascii	"short int\000"
 1628      7420696E 
 1628      7400
 1629              	.LASF37:
 1630 027d 43795379 		.ascii	"CySysClkWriteImoFreq\000"
 1630      73436C6B 
 1630      57726974 
 1630      65496D6F 
 1630      46726571 
 1631              	.LASF5:
 1632 0292 6C6F6E67 		.ascii	"long int\000"
 1632      20696E74 
 1632      00
 1633              	.LASF1:
 1634 029b 7369676E 		.ascii	"signed char\000"
 1634      65642063 
 1634      68617200 
 1635              	.LASF4:
 1636 02a7 73686F72 		.ascii	"short unsigned int\000"
 1636      7420756E 
 1636      7369676E 
 1636      65642069 
 1636      6E7400
 1637              		.ident	"GCC: (GNU Tools for ARM Embedded Processors) 4.9.3 20150303 (release) [ARM/embedded-4_9-br
