ARM GAS  C:\Users\Chris\AppData\Local\Temp\cco1j5I7.s 			page 1


   1              		.cpu cortex-m0
   2              		.fpu softvfp
   3              		.eabi_attribute 20, 1
   4              		.eabi_attribute 21, 1
   5              		.eabi_attribute 23, 3
   6              		.eabi_attribute 24, 1
   7              		.eabi_attribute 25, 1
   8              		.eabi_attribute 26, 1
   9              		.eabi_attribute 30, 1
  10              		.eabi_attribute 34, 0
  11              		.eabi_attribute 18, 4
  12              		.code	16
  13              		.file	"cyfitter_cfg.c"
  14              		.text
  15              	.Ltext0:
  16              		.cfi_sections	.debug_frame
  17              		.section	.text.cfg_write_bytes32,"ax",%progbits
  18              		.align	2
  19              		.code	16
  20              		.thumb_func
  21              		.type	cfg_write_bytes32, %function
  22              	cfg_write_bytes32:
  23              	.LFB3:
  24              		.file 1 ".\\Generated_Source\\PSoC4\\cyfitter_cfg.c"
   1:.\Generated_Source\PSoC4/cyfitter_cfg.c **** /*******************************************************************************
   2:.\Generated_Source\PSoC4/cyfitter_cfg.c **** * File Name: cyfitter_cfg.c
   3:.\Generated_Source\PSoC4/cyfitter_cfg.c **** * 
   4:.\Generated_Source\PSoC4/cyfitter_cfg.c **** * PSoC Creator  3.3 CP3
   5:.\Generated_Source\PSoC4/cyfitter_cfg.c **** *
   6:.\Generated_Source\PSoC4/cyfitter_cfg.c **** * Description:
   7:.\Generated_Source\PSoC4/cyfitter_cfg.c **** * This file contains device initialization code.
   8:.\Generated_Source\PSoC4/cyfitter_cfg.c **** * Except for the user defined sections in CyClockStartupError(), this file should not be modified.
   9:.\Generated_Source\PSoC4/cyfitter_cfg.c **** * This file is automatically generated by PSoC Creator.
  10:.\Generated_Source\PSoC4/cyfitter_cfg.c **** *
  11:.\Generated_Source\PSoC4/cyfitter_cfg.c **** ********************************************************************************
  12:.\Generated_Source\PSoC4/cyfitter_cfg.c **** * Copyright (c) 2007-2016 Cypress Semiconductor.  All rights reserved.
  13:.\Generated_Source\PSoC4/cyfitter_cfg.c **** * You may use this file only in accordance with the license, terms, conditions, 
  14:.\Generated_Source\PSoC4/cyfitter_cfg.c **** * disclaimers, and limitations in the end user license agreement accompanying 
  15:.\Generated_Source\PSoC4/cyfitter_cfg.c **** * the software package with which this file was provided.
  16:.\Generated_Source\PSoC4/cyfitter_cfg.c **** ********************************************************************************/
  17:.\Generated_Source\PSoC4/cyfitter_cfg.c **** 
  18:.\Generated_Source\PSoC4/cyfitter_cfg.c **** #include <string.h>
  19:.\Generated_Source\PSoC4/cyfitter_cfg.c **** #include "cytypes.h"
  20:.\Generated_Source\PSoC4/cyfitter_cfg.c **** #include "cydevice_trm.h"
  21:.\Generated_Source\PSoC4/cyfitter_cfg.c **** #include "cyfitter.h"
  22:.\Generated_Source\PSoC4/cyfitter_cfg.c **** #include "CyLib.h"
  23:.\Generated_Source\PSoC4/cyfitter_cfg.c **** #include "CyLFClk.h"
  24:.\Generated_Source\PSoC4/cyfitter_cfg.c **** #include "cyfitter_cfg.h"
  25:.\Generated_Source\PSoC4/cyfitter_cfg.c **** 
  26:.\Generated_Source\PSoC4/cyfitter_cfg.c **** 
  27:.\Generated_Source\PSoC4/cyfitter_cfg.c **** #if defined(__GNUC__) || defined(__ARMCC_VERSION)
  28:.\Generated_Source\PSoC4/cyfitter_cfg.c ****     #define CYPACKED 
  29:.\Generated_Source\PSoC4/cyfitter_cfg.c ****     #define CYPACKED_ATTR __attribute__ ((packed))
  30:.\Generated_Source\PSoC4/cyfitter_cfg.c ****     #define CYALIGNED __attribute__ ((aligned))
  31:.\Generated_Source\PSoC4/cyfitter_cfg.c ****     #define CY_CFG_UNUSED __attribute__ ((unused))
  32:.\Generated_Source\PSoC4/cyfitter_cfg.c ****     #ifndef CY_CFG_SECTION
  33:.\Generated_Source\PSoC4/cyfitter_cfg.c ****         #define CY_CFG_SECTION __attribute__ ((section(".psocinit")))
ARM GAS  C:\Users\Chris\AppData\Local\Temp\cco1j5I7.s 			page 2


  34:.\Generated_Source\PSoC4/cyfitter_cfg.c ****     #endif
  35:.\Generated_Source\PSoC4/cyfitter_cfg.c ****     
  36:.\Generated_Source\PSoC4/cyfitter_cfg.c ****     #if defined(__ARMCC_VERSION)
  37:.\Generated_Source\PSoC4/cyfitter_cfg.c ****         #define CY_CFG_MEMORY_BARRIER() __memory_changed()
  38:.\Generated_Source\PSoC4/cyfitter_cfg.c ****     #else
  39:.\Generated_Source\PSoC4/cyfitter_cfg.c ****         #define CY_CFG_MEMORY_BARRIER() __sync_synchronize()
  40:.\Generated_Source\PSoC4/cyfitter_cfg.c ****     #endif
  41:.\Generated_Source\PSoC4/cyfitter_cfg.c ****     
  42:.\Generated_Source\PSoC4/cyfitter_cfg.c **** #elif defined(__ICCARM__)
  43:.\Generated_Source\PSoC4/cyfitter_cfg.c ****     #include <intrinsics.h>
  44:.\Generated_Source\PSoC4/cyfitter_cfg.c **** 
  45:.\Generated_Source\PSoC4/cyfitter_cfg.c ****     #define CYPACKED __packed
  46:.\Generated_Source\PSoC4/cyfitter_cfg.c ****     #define CYPACKED_ATTR 
  47:.\Generated_Source\PSoC4/cyfitter_cfg.c ****     #define CYALIGNED _Pragma("data_alignment=4")
  48:.\Generated_Source\PSoC4/cyfitter_cfg.c ****     #define CY_CFG_UNUSED _Pragma("diag_suppress=Pe177")
  49:.\Generated_Source\PSoC4/cyfitter_cfg.c ****     #define CY_CFG_SECTION _Pragma("location=\".psocinit\"")
  50:.\Generated_Source\PSoC4/cyfitter_cfg.c ****     
  51:.\Generated_Source\PSoC4/cyfitter_cfg.c ****     #define CY_CFG_MEMORY_BARRIER() __DMB()
  52:.\Generated_Source\PSoC4/cyfitter_cfg.c ****     
  53:.\Generated_Source\PSoC4/cyfitter_cfg.c **** #else
  54:.\Generated_Source\PSoC4/cyfitter_cfg.c ****     #error Unsupported toolchain
  55:.\Generated_Source\PSoC4/cyfitter_cfg.c **** #endif
  56:.\Generated_Source\PSoC4/cyfitter_cfg.c **** 
  57:.\Generated_Source\PSoC4/cyfitter_cfg.c **** 
  58:.\Generated_Source\PSoC4/cyfitter_cfg.c **** CY_CFG_UNUSED
  59:.\Generated_Source\PSoC4/cyfitter_cfg.c **** static void CYMEMZERO(void *s, size_t n);
  60:.\Generated_Source\PSoC4/cyfitter_cfg.c **** CY_CFG_UNUSED
  61:.\Generated_Source\PSoC4/cyfitter_cfg.c **** static void CYMEMZERO(void *s, size_t n)
  62:.\Generated_Source\PSoC4/cyfitter_cfg.c **** {
  63:.\Generated_Source\PSoC4/cyfitter_cfg.c **** 	(void)memset(s, 0, n);
  64:.\Generated_Source\PSoC4/cyfitter_cfg.c **** }
  65:.\Generated_Source\PSoC4/cyfitter_cfg.c **** CY_CFG_UNUSED
  66:.\Generated_Source\PSoC4/cyfitter_cfg.c **** static void CYCONFIGCPY(void *dest, const void *src, size_t n);
  67:.\Generated_Source\PSoC4/cyfitter_cfg.c **** CY_CFG_UNUSED
  68:.\Generated_Source\PSoC4/cyfitter_cfg.c **** static void CYCONFIGCPY(void *dest, const void *src, size_t n)
  69:.\Generated_Source\PSoC4/cyfitter_cfg.c **** {
  70:.\Generated_Source\PSoC4/cyfitter_cfg.c **** 	(void)memcpy(dest, src, n);
  71:.\Generated_Source\PSoC4/cyfitter_cfg.c **** }
  72:.\Generated_Source\PSoC4/cyfitter_cfg.c **** CY_CFG_UNUSED
  73:.\Generated_Source\PSoC4/cyfitter_cfg.c **** static void CYCONFIGCPYCODE(void *dest, const void *src, size_t n);
  74:.\Generated_Source\PSoC4/cyfitter_cfg.c **** CY_CFG_UNUSED
  75:.\Generated_Source\PSoC4/cyfitter_cfg.c **** static void CYCONFIGCPYCODE(void *dest, const void *src, size_t n)
  76:.\Generated_Source\PSoC4/cyfitter_cfg.c **** {
  77:.\Generated_Source\PSoC4/cyfitter_cfg.c **** 	(void)memcpy(dest, src, n);
  78:.\Generated_Source\PSoC4/cyfitter_cfg.c **** }
  79:.\Generated_Source\PSoC4/cyfitter_cfg.c **** 
  80:.\Generated_Source\PSoC4/cyfitter_cfg.c **** 
  81:.\Generated_Source\PSoC4/cyfitter_cfg.c **** 
  82:.\Generated_Source\PSoC4/cyfitter_cfg.c **** /* Clock startup error codes                                                   */
  83:.\Generated_Source\PSoC4/cyfitter_cfg.c **** #define CYCLOCKSTART_NO_ERROR    0u
  84:.\Generated_Source\PSoC4/cyfitter_cfg.c **** #define CYCLOCKSTART_XTAL_ERROR  1u
  85:.\Generated_Source\PSoC4/cyfitter_cfg.c **** #define CYCLOCKSTART_32KHZ_ERROR 2u
  86:.\Generated_Source\PSoC4/cyfitter_cfg.c **** #define CYCLOCKSTART_PLL_ERROR   3u
  87:.\Generated_Source\PSoC4/cyfitter_cfg.c **** 
  88:.\Generated_Source\PSoC4/cyfitter_cfg.c **** #ifdef CY_NEED_CYCLOCKSTARTUPERROR
  89:.\Generated_Source\PSoC4/cyfitter_cfg.c **** /*******************************************************************************
  90:.\Generated_Source\PSoC4/cyfitter_cfg.c **** * Function Name: CyClockStartupError
ARM GAS  C:\Users\Chris\AppData\Local\Temp\cco1j5I7.s 			page 3


  91:.\Generated_Source\PSoC4/cyfitter_cfg.c **** ********************************************************************************
  92:.\Generated_Source\PSoC4/cyfitter_cfg.c **** * Summary:
  93:.\Generated_Source\PSoC4/cyfitter_cfg.c **** *  If an error is encountered during clock configuration (crystal startup error,
  94:.\Generated_Source\PSoC4/cyfitter_cfg.c **** *  PLL lock error, etc.), the system will end up here.  Unless reimplemented by
  95:.\Generated_Source\PSoC4/cyfitter_cfg.c **** *  the customer, this function will stop in an infinite loop.
  96:.\Generated_Source\PSoC4/cyfitter_cfg.c **** *
  97:.\Generated_Source\PSoC4/cyfitter_cfg.c **** * Parameters:
  98:.\Generated_Source\PSoC4/cyfitter_cfg.c **** *   void
  99:.\Generated_Source\PSoC4/cyfitter_cfg.c **** *
 100:.\Generated_Source\PSoC4/cyfitter_cfg.c **** * Return:
 101:.\Generated_Source\PSoC4/cyfitter_cfg.c **** *   void
 102:.\Generated_Source\PSoC4/cyfitter_cfg.c **** *
 103:.\Generated_Source\PSoC4/cyfitter_cfg.c **** *******************************************************************************/
 104:.\Generated_Source\PSoC4/cyfitter_cfg.c **** CY_CFG_UNUSED
 105:.\Generated_Source\PSoC4/cyfitter_cfg.c **** static void CyClockStartupError(uint8 errorCode);
 106:.\Generated_Source\PSoC4/cyfitter_cfg.c **** CY_CFG_UNUSED
 107:.\Generated_Source\PSoC4/cyfitter_cfg.c **** static void CyClockStartupError(uint8 errorCode)
 108:.\Generated_Source\PSoC4/cyfitter_cfg.c **** {
 109:.\Generated_Source\PSoC4/cyfitter_cfg.c ****     /* To remove the compiler warning if errorCode not used.                */
 110:.\Generated_Source\PSoC4/cyfitter_cfg.c ****     errorCode = errorCode;
 111:.\Generated_Source\PSoC4/cyfitter_cfg.c **** 
 112:.\Generated_Source\PSoC4/cyfitter_cfg.c ****     /* `#START CyClockStartupError` */
 113:.\Generated_Source\PSoC4/cyfitter_cfg.c **** 
 114:.\Generated_Source\PSoC4/cyfitter_cfg.c ****     /* If we have a clock startup error (bad MHz crystal, PLL lock, etc.),  */
 115:.\Generated_Source\PSoC4/cyfitter_cfg.c ****     /* we will end up here to allow the customer to implement something to  */
 116:.\Generated_Source\PSoC4/cyfitter_cfg.c ****     /* deal with the clock condition.                                       */
 117:.\Generated_Source\PSoC4/cyfitter_cfg.c **** 
 118:.\Generated_Source\PSoC4/cyfitter_cfg.c ****     /* `#END` */
 119:.\Generated_Source\PSoC4/cyfitter_cfg.c **** 
 120:.\Generated_Source\PSoC4/cyfitter_cfg.c ****     /* If nothing else, stop here since the clocks have not started         */
 121:.\Generated_Source\PSoC4/cyfitter_cfg.c ****     /* correctly.                                                           */
 122:.\Generated_Source\PSoC4/cyfitter_cfg.c ****     while(1) {}
 123:.\Generated_Source\PSoC4/cyfitter_cfg.c **** }
 124:.\Generated_Source\PSoC4/cyfitter_cfg.c **** #endif
 125:.\Generated_Source\PSoC4/cyfitter_cfg.c **** 
 126:.\Generated_Source\PSoC4/cyfitter_cfg.c **** #define CY_CFG_BASE_ADDR_COUNT 4u
 127:.\Generated_Source\PSoC4/cyfitter_cfg.c **** CYPACKED typedef struct
 128:.\Generated_Source\PSoC4/cyfitter_cfg.c **** {
 129:.\Generated_Source\PSoC4/cyfitter_cfg.c **** 	uint8 offset;
 130:.\Generated_Source\PSoC4/cyfitter_cfg.c **** 	uint8 value;
 131:.\Generated_Source\PSoC4/cyfitter_cfg.c **** } CYPACKED_ATTR cy_cfg_addrvalue_t;
 132:.\Generated_Source\PSoC4/cyfitter_cfg.c **** 
 133:.\Generated_Source\PSoC4/cyfitter_cfg.c **** 
 134:.\Generated_Source\PSoC4/cyfitter_cfg.c **** 
 135:.\Generated_Source\PSoC4/cyfitter_cfg.c **** /*******************************************************************************
 136:.\Generated_Source\PSoC4/cyfitter_cfg.c **** * Function Name: cfg_write_bytes32
 137:.\Generated_Source\PSoC4/cyfitter_cfg.c **** ********************************************************************************
 138:.\Generated_Source\PSoC4/cyfitter_cfg.c **** * Summary:
 139:.\Generated_Source\PSoC4/cyfitter_cfg.c **** *  This function is used for setting up the chip configuration areas that
 140:.\Generated_Source\PSoC4/cyfitter_cfg.c **** *  contain relatively sparse data.
 141:.\Generated_Source\PSoC4/cyfitter_cfg.c **** *
 142:.\Generated_Source\PSoC4/cyfitter_cfg.c **** * Parameters:
 143:.\Generated_Source\PSoC4/cyfitter_cfg.c **** *   void
 144:.\Generated_Source\PSoC4/cyfitter_cfg.c **** *
 145:.\Generated_Source\PSoC4/cyfitter_cfg.c **** * Return:
 146:.\Generated_Source\PSoC4/cyfitter_cfg.c **** *   void
 147:.\Generated_Source\PSoC4/cyfitter_cfg.c **** *
ARM GAS  C:\Users\Chris\AppData\Local\Temp\cco1j5I7.s 			page 4


 148:.\Generated_Source\PSoC4/cyfitter_cfg.c **** *******************************************************************************/
 149:.\Generated_Source\PSoC4/cyfitter_cfg.c **** static void cfg_write_bytes32(const uint32 addr_table[], const cy_cfg_addrvalue_t data_table[]);
 150:.\Generated_Source\PSoC4/cyfitter_cfg.c **** static void cfg_write_bytes32(const uint32 addr_table[], const cy_cfg_addrvalue_t data_table[])
 151:.\Generated_Source\PSoC4/cyfitter_cfg.c **** {
  25              		.loc 1 151 0
  26              		.cfi_startproc
  27              	.LVL0:
  28 0000 F0B5     		push	{r4, r5, r6, r7, lr}
  29              		.cfi_def_cfa_offset 20
  30              		.cfi_offset 4, -20
  31              		.cfi_offset 5, -16
  32              		.cfi_offset 6, -12
  33              		.cfi_offset 7, -8
  34              		.cfi_offset 14, -4
  35              	.LVL1:
 152:.\Generated_Source\PSoC4/cyfitter_cfg.c **** 	/* For 32-bit little-endian architectures */
 153:.\Generated_Source\PSoC4/cyfitter_cfg.c **** 	uint32 i, j = 0u;
  36              		.loc 1 153 0
  37 0002 0025     		mov	r5, #0
 154:.\Generated_Source\PSoC4/cyfitter_cfg.c **** 	for (i = 0u; i < CY_CFG_BASE_ADDR_COUNT; i++)
  38              		.loc 1 154 0
  39 0004 0027     		mov	r7, #0
  40 0006 11E0     		b	.L2
  41              	.LVL2:
  42              	.L5:
  43              	.LBB2:
 155:.\Generated_Source\PSoC4/cyfitter_cfg.c **** 	{
 156:.\Generated_Source\PSoC4/cyfitter_cfg.c **** 		uint32 baseAddr = addr_table[i];
  44              		.loc 1 156 0
  45 0008 BB00     		lsl	r3, r7, #2
  46 000a C658     		ldr	r6, [r0, r3]
  47              	.LVL3:
 157:.\Generated_Source\PSoC4/cyfitter_cfg.c **** 		uint8 count = (uint8)baseAddr;
  48              		.loc 1 157 0
  49 000c F3B2     		uxtb	r3, r6
  50              	.LVL4:
 158:.\Generated_Source\PSoC4/cyfitter_cfg.c **** 		baseAddr &= 0xFFFFFF00u;
  51              		.loc 1 158 0
  52 000e FF22     		mov	r2, #255
  53 0010 9643     		bic	r6, r2
  54              	.LVL5:
 159:.\Generated_Source\PSoC4/cyfitter_cfg.c **** 		while (count != 0u)
  55              		.loc 1 159 0
  56 0012 08E0     		b	.L3
  57              	.L4:
 160:.\Generated_Source\PSoC4/cyfitter_cfg.c **** 		{
 161:.\Generated_Source\PSoC4/cyfitter_cfg.c **** 			CY_SET_XTND_REG8((void CYFAR *)(baseAddr + data_table[j].offset), data_table[j].value);
  58              		.loc 1 161 0
  59 0014 6A00     		lsl	r2, r5, #1
  60 0016 8A18     		add	r2, r1, r2
  61 0018 1478     		ldrb	r4, [r2]
  62 001a A419     		add	r4, r4, r6
  63 001c 5278     		ldrb	r2, [r2, #1]
  64 001e 2270     		strb	r2, [r4]
 162:.\Generated_Source\PSoC4/cyfitter_cfg.c **** 			j++;
  65              		.loc 1 162 0
  66 0020 0135     		add	r5, r5, #1
ARM GAS  C:\Users\Chris\AppData\Local\Temp\cco1j5I7.s 			page 5


  67              	.LVL6:
 163:.\Generated_Source\PSoC4/cyfitter_cfg.c **** 			count--;
  68              		.loc 1 163 0
  69 0022 013B     		sub	r3, r3, #1
  70              	.LVL7:
  71 0024 DBB2     		uxtb	r3, r3
  72              	.LVL8:
  73              	.L3:
 159:.\Generated_Source\PSoC4/cyfitter_cfg.c **** 		{
  74              		.loc 1 159 0
  75 0026 002B     		cmp	r3, #0
  76 0028 F4D1     		bne	.L4
  77              	.LBE2:
 154:.\Generated_Source\PSoC4/cyfitter_cfg.c **** 	{
  78              		.loc 1 154 0 discriminator 2
  79 002a 0137     		add	r7, r7, #1
  80              	.LVL9:
  81              	.L2:
 154:.\Generated_Source\PSoC4/cyfitter_cfg.c **** 	{
  82              		.loc 1 154 0 is_stmt 0 discriminator 1
  83 002c 032F     		cmp	r7, #3
  84 002e EBD9     		bls	.L5
 164:.\Generated_Source\PSoC4/cyfitter_cfg.c **** 		}
 165:.\Generated_Source\PSoC4/cyfitter_cfg.c **** 	}
 166:.\Generated_Source\PSoC4/cyfitter_cfg.c **** }
  85              		.loc 1 166 0 is_stmt 1
  86              		@ sp needed
  87              	.LVL10:
  88              	.LVL11:
  89 0030 F0BD     		pop	{r4, r5, r6, r7, pc}
  90              		.cfi_endproc
  91              	.LFE3:
  92              		.size	cfg_write_bytes32, .-cfg_write_bytes32
  93 0032 C046     		.section	.text.CYMEMZERO,"ax",%progbits
  94              		.align	2
  95              		.code	16
  96              		.thumb_func
  97              		.type	CYMEMZERO, %function
  98              	CYMEMZERO:
  99              	.LFB0:
  62:.\Generated_Source\PSoC4/cyfitter_cfg.c **** 	(void)memset(s, 0, n);
 100              		.loc 1 62 0
 101              		.cfi_startproc
 102              	.LVL12:
 103 0000 08B5     		push	{r3, lr}
 104              		.cfi_def_cfa_offset 8
 105              		.cfi_offset 3, -8
 106              		.cfi_offset 14, -4
 107 0002 0A1C     		mov	r2, r1
  63:.\Generated_Source\PSoC4/cyfitter_cfg.c **** }
 108              		.loc 1 63 0
 109 0004 0021     		mov	r1, #0
 110              	.LVL13:
 111 0006 FFF7FEFF 		bl	memset
 112              	.LVL14:
  64:.\Generated_Source\PSoC4/cyfitter_cfg.c **** CY_CFG_UNUSED
 113              		.loc 1 64 0
ARM GAS  C:\Users\Chris\AppData\Local\Temp\cco1j5I7.s 			page 6


 114              		@ sp needed
 115 000a 08BD     		pop	{r3, pc}
 116              		.cfi_endproc
 117              	.LFE0:
 118              		.size	CYMEMZERO, .-CYMEMZERO
 119              		.section	.psocinit,"ax",%progbits
 120              		.align	2
 121              		.code	16
 122              		.thumb_func
 123              		.type	ClockSetup, %function
 124              	ClockSetup:
 125              	.LFB4:
 167:.\Generated_Source\PSoC4/cyfitter_cfg.c **** 
 168:.\Generated_Source\PSoC4/cyfitter_cfg.c **** 
 169:.\Generated_Source\PSoC4/cyfitter_cfg.c **** /*******************************************************************************
 170:.\Generated_Source\PSoC4/cyfitter_cfg.c **** * Function Name: ClockSetup
 171:.\Generated_Source\PSoC4/cyfitter_cfg.c **** ********************************************************************************
 172:.\Generated_Source\PSoC4/cyfitter_cfg.c **** *
 173:.\Generated_Source\PSoC4/cyfitter_cfg.c **** * Summary:
 174:.\Generated_Source\PSoC4/cyfitter_cfg.c **** *   Performs the initialization of all of the clocks in the device based on the
 175:.\Generated_Source\PSoC4/cyfitter_cfg.c **** *   settings in the Clock tab of the DWR.  This includes enabling the requested
 176:.\Generated_Source\PSoC4/cyfitter_cfg.c **** *   clocks and setting the necessary dividers to produce the desired frequency. 
 177:.\Generated_Source\PSoC4/cyfitter_cfg.c **** *
 178:.\Generated_Source\PSoC4/cyfitter_cfg.c **** * Parameters:
 179:.\Generated_Source\PSoC4/cyfitter_cfg.c **** *   void
 180:.\Generated_Source\PSoC4/cyfitter_cfg.c **** *
 181:.\Generated_Source\PSoC4/cyfitter_cfg.c **** * Return:
 182:.\Generated_Source\PSoC4/cyfitter_cfg.c **** *   void
 183:.\Generated_Source\PSoC4/cyfitter_cfg.c **** *
 184:.\Generated_Source\PSoC4/cyfitter_cfg.c **** *******************************************************************************/
 185:.\Generated_Source\PSoC4/cyfitter_cfg.c **** static void ClockSetup(void);
 186:.\Generated_Source\PSoC4/cyfitter_cfg.c **** CY_CFG_SECTION
 187:.\Generated_Source\PSoC4/cyfitter_cfg.c **** static void ClockSetup(void)
 188:.\Generated_Source\PSoC4/cyfitter_cfg.c **** {
 126              		.loc 1 188 0
 127              		.cfi_startproc
 128 0000 38B5     		push	{r3, r4, r5, lr}
 129              		.cfi_def_cfa_offset 16
 130              		.cfi_offset 3, -16
 131              		.cfi_offset 4, -12
 132              		.cfi_offset 5, -8
 133              		.cfi_offset 14, -4
 189:.\Generated_Source\PSoC4/cyfitter_cfg.c **** 	/* Enable HALF_EN before trimming for the flash accelerator. */
 190:.\Generated_Source\PSoC4/cyfitter_cfg.c **** 	CY_SET_REG32((void CYXDATA *)(CYREG_CLK_SELECT), (CY_GET_REG32((void *)CYREG_CLK_SELECT) | 0x00040
 134              		.loc 1 190 0
 135 0002 0F4C     		ldr	r4, .L8
 136 0004 2368     		ldr	r3, [r4]
 137 0006 8022     		mov	r2, #128
 138 0008 D202     		lsl	r2, r2, #11
 139 000a 1343     		orr	r3, r2
 140 000c 2360     		str	r3, [r4]
 191:.\Generated_Source\PSoC4/cyfitter_cfg.c **** 
 192:.\Generated_Source\PSoC4/cyfitter_cfg.c **** 	/* Setup and trim IMO based on desired frequency. */
 193:.\Generated_Source\PSoC4/cyfitter_cfg.c **** 	CySysClkWriteImoFreq(24u);
 141              		.loc 1 193 0
 142 000e 1820     		mov	r0, #24
 143 0010 FFF7FEFF 		bl	CySysClkWriteImoFreq
ARM GAS  C:\Users\Chris\AppData\Local\Temp\cco1j5I7.s 			page 7


 144              	.LVL15:
 194:.\Generated_Source\PSoC4/cyfitter_cfg.c **** 
 195:.\Generated_Source\PSoC4/cyfitter_cfg.c **** 	/* Disable HALF_EN since it is not required at this IMO frequency. */
 196:.\Generated_Source\PSoC4/cyfitter_cfg.c **** 	CY_SET_REG32((void CYXDATA *)(CYREG_CLK_SELECT), (CY_GET_REG32((void *)CYREG_CLK_SELECT) & 0xFFFBF
 145              		.loc 1 196 0
 146 0014 2268     		ldr	r2, [r4]
 147 0016 0B4B     		ldr	r3, .L8+4
 148 0018 1340     		and	r3, r2
 149 001a 2360     		str	r3, [r4]
 197:.\Generated_Source\PSoC4/cyfitter_cfg.c **** 	/* CYDEV_CLK_ILO_CONFIG Starting address: CYDEV_CLK_ILO_CONFIG */
 198:.\Generated_Source\PSoC4/cyfitter_cfg.c **** 	CY_SET_XTND_REG32((void CYFAR *)(CYREG_CLK_ILO_CONFIG), 0x80000006u);
 150              		.loc 1 198 0
 151 001c 0A4A     		ldr	r2, .L8+8
 152 001e 0B4B     		ldr	r3, .L8+12
 153 0020 1A60     		str	r2, [r3]
 199:.\Generated_Source\PSoC4/cyfitter_cfg.c **** 
 200:.\Generated_Source\PSoC4/cyfitter_cfg.c **** 
 201:.\Generated_Source\PSoC4/cyfitter_cfg.c **** 	/* CYDEV_CLK_IMO_CONFIG Starting address: CYDEV_CLK_IMO_CONFIG */
 202:.\Generated_Source\PSoC4/cyfitter_cfg.c **** 	CY_SET_XTND_REG32((void CYFAR *)(CYREG_CLK_IMO_CONFIG), 0x80000000u);
 154              		.loc 1 202 0
 155 0022 063A     		sub	r2, r2, #6
 156 0024 0A4B     		ldr	r3, .L8+16
 157 0026 1A60     		str	r2, [r3]
 203:.\Generated_Source\PSoC4/cyfitter_cfg.c **** 
 204:.\Generated_Source\PSoC4/cyfitter_cfg.c **** 	/* CYDEV_CLK_SELECT Starting address: CYDEV_CLK_SELECT */
 205:.\Generated_Source\PSoC4/cyfitter_cfg.c **** 	CY_SET_XTND_REG32((void CYFAR *)(CYREG_CLK_SELECT), 0x00000000u);
 158              		.loc 1 205 0
 159 0028 0025     		mov	r5, #0
 160 002a 2560     		str	r5, [r4]
 206:.\Generated_Source\PSoC4/cyfitter_cfg.c **** 
 207:.\Generated_Source\PSoC4/cyfitter_cfg.c **** 	(void)CyIntSetVector(9u, &CySysWdtIsr);
 161              		.loc 1 207 0
 162 002c 0920     		mov	r0, #9
 163 002e 0949     		ldr	r1, .L8+20
 164 0030 FFF7FEFF 		bl	CyIntSetVector
 165              	.LVL16:
 208:.\Generated_Source\PSoC4/cyfitter_cfg.c **** 	CyIntEnable(9u);
 166              		.loc 1 208 0
 167 0034 0920     		mov	r0, #9
 168 0036 FFF7FEFF 		bl	CyIntEnable
 169              	.LVL17:
 209:.\Generated_Source\PSoC4/cyfitter_cfg.c **** 	CY_SET_XTND_REG32((void CYFAR *)(CYREG_WDT_CONFIG), 0x00000000u);
 170              		.loc 1 209 0
 171 003a 074B     		ldr	r3, .L8+24
 172 003c 1D60     		str	r5, [r3]
 210:.\Generated_Source\PSoC4/cyfitter_cfg.c **** }
 173              		.loc 1 210 0
 174              		@ sp needed
 175 003e 38BD     		pop	{r3, r4, r5, pc}
 176              	.L9:
 177              		.align	2
 178              	.L8:
 179 0040 00010B40 		.word	1074462976
 180 0044 FFFFFBFF 		.word	-262145
 181 0048 06000080 		.word	-2147483642
 182 004c 04010B40 		.word	1074462980
 183 0050 08010B40 		.word	1074462984
ARM GAS  C:\Users\Chris\AppData\Local\Temp\cco1j5I7.s 			page 8


 184 0054 00000000 		.word	CySysWdtIsr
 185 0058 0C020B40 		.word	1074463244
 186              		.cfi_endproc
 187              	.LFE4:
 188              		.size	ClockSetup, .-ClockSetup
 189              		.align	2
 190              		.global	cyfitter_cfg
 191              		.code	16
 192              		.thumb_func
 193              		.type	cyfitter_cfg, %function
 194              	cyfitter_cfg:
 195              	.LFB6:
 211:.\Generated_Source\PSoC4/cyfitter_cfg.c **** 
 212:.\Generated_Source\PSoC4/cyfitter_cfg.c **** 
 213:.\Generated_Source\PSoC4/cyfitter_cfg.c **** /* Analog API Functions */
 214:.\Generated_Source\PSoC4/cyfitter_cfg.c **** 
 215:.\Generated_Source\PSoC4/cyfitter_cfg.c **** 
 216:.\Generated_Source\PSoC4/cyfitter_cfg.c **** /*******************************************************************************
 217:.\Generated_Source\PSoC4/cyfitter_cfg.c **** * Function Name: AnalogSetDefault
 218:.\Generated_Source\PSoC4/cyfitter_cfg.c **** ********************************************************************************
 219:.\Generated_Source\PSoC4/cyfitter_cfg.c **** *
 220:.\Generated_Source\PSoC4/cyfitter_cfg.c **** * Summary:
 221:.\Generated_Source\PSoC4/cyfitter_cfg.c **** *  Sets up the analog portions of the chip to default values based on chip
 222:.\Generated_Source\PSoC4/cyfitter_cfg.c **** *  configuration options from the project.
 223:.\Generated_Source\PSoC4/cyfitter_cfg.c **** *
 224:.\Generated_Source\PSoC4/cyfitter_cfg.c **** * Parameters:
 225:.\Generated_Source\PSoC4/cyfitter_cfg.c **** *  void
 226:.\Generated_Source\PSoC4/cyfitter_cfg.c **** *
 227:.\Generated_Source\PSoC4/cyfitter_cfg.c **** * Return:
 228:.\Generated_Source\PSoC4/cyfitter_cfg.c **** *  void
 229:.\Generated_Source\PSoC4/cyfitter_cfg.c **** *
 230:.\Generated_Source\PSoC4/cyfitter_cfg.c **** *******************************************************************************/
 231:.\Generated_Source\PSoC4/cyfitter_cfg.c **** static void AnalogSetDefault(void);
 232:.\Generated_Source\PSoC4/cyfitter_cfg.c **** static void AnalogSetDefault(void)
 233:.\Generated_Source\PSoC4/cyfitter_cfg.c **** {
 234:.\Generated_Source\PSoC4/cyfitter_cfg.c **** }
 235:.\Generated_Source\PSoC4/cyfitter_cfg.c **** 
 236:.\Generated_Source\PSoC4/cyfitter_cfg.c **** #define CY_AMUX_UNUSED CYREG_CM0_ROM_DWT
 237:.\Generated_Source\PSoC4/cyfitter_cfg.c **** 
 238:.\Generated_Source\PSoC4/cyfitter_cfg.c **** 
 239:.\Generated_Source\PSoC4/cyfitter_cfg.c **** /*******************************************************************************
 240:.\Generated_Source\PSoC4/cyfitter_cfg.c **** * Function Name: cyfitter_cfg
 241:.\Generated_Source\PSoC4/cyfitter_cfg.c **** ********************************************************************************
 242:.\Generated_Source\PSoC4/cyfitter_cfg.c **** * Summary:
 243:.\Generated_Source\PSoC4/cyfitter_cfg.c **** *  This function is called by the start-up code for the selected device. It
 244:.\Generated_Source\PSoC4/cyfitter_cfg.c **** *  performs all of the necessary device configuration based on the design
 245:.\Generated_Source\PSoC4/cyfitter_cfg.c **** *  settings.  This includes settings from the Design Wide Resources (DWR) such
 246:.\Generated_Source\PSoC4/cyfitter_cfg.c **** *  as Clocks and Pins as well as any component configuration that is necessary.
 247:.\Generated_Source\PSoC4/cyfitter_cfg.c **** *
 248:.\Generated_Source\PSoC4/cyfitter_cfg.c **** * Parameters:  
 249:.\Generated_Source\PSoC4/cyfitter_cfg.c **** *   void
 250:.\Generated_Source\PSoC4/cyfitter_cfg.c **** *
 251:.\Generated_Source\PSoC4/cyfitter_cfg.c **** * Return:
 252:.\Generated_Source\PSoC4/cyfitter_cfg.c **** *   void
 253:.\Generated_Source\PSoC4/cyfitter_cfg.c **** *
 254:.\Generated_Source\PSoC4/cyfitter_cfg.c **** *******************************************************************************/
 255:.\Generated_Source\PSoC4/cyfitter_cfg.c **** CY_CFG_SECTION
ARM GAS  C:\Users\Chris\AppData\Local\Temp\cco1j5I7.s 			page 9


 256:.\Generated_Source\PSoC4/cyfitter_cfg.c **** void cyfitter_cfg(void)
 257:.\Generated_Source\PSoC4/cyfitter_cfg.c **** {
 196              		.loc 1 257 0
 197              		.cfi_startproc
 198 005c 10B5     		push	{r4, lr}
 199              		.cfi_def_cfa_offset 8
 200              		.cfi_offset 4, -8
 201              		.cfi_offset 14, -4
 258:.\Generated_Source\PSoC4/cyfitter_cfg.c **** 	/* Disable interrupts by default. Let user enable if/when they want. */
 259:.\Generated_Source\PSoC4/cyfitter_cfg.c **** 	CyGlobalIntDisable;
 202              		.loc 1 259 0
 203              	@ 259 ".\Generated_Source\PSoC4\cyfitter_cfg.c" 1
 204 005e 72B6     		CPSID   i
 205              	@ 0 "" 2
 206              	.LVL18:
 207              		.code	16
 208              	.LBB3:
 260:.\Generated_Source\PSoC4/cyfitter_cfg.c **** 
 261:.\Generated_Source\PSoC4/cyfitter_cfg.c **** 	{
 262:.\Generated_Source\PSoC4/cyfitter_cfg.c **** 		static const uint32 CYCODE cy_cfg_addr_table[] = {
 263:.\Generated_Source\PSoC4/cyfitter_cfg.c **** 			0x400F3206u, /* Base address: 0x400F3200 Count: 6 */
 264:.\Generated_Source\PSoC4/cyfitter_cfg.c **** 			0x400F3307u, /* Base address: 0x400F3300 Count: 7 */
 265:.\Generated_Source\PSoC4/cyfitter_cfg.c **** 			0x400F4004u, /* Base address: 0x400F4000 Count: 4 */
 266:.\Generated_Source\PSoC4/cyfitter_cfg.c **** 			0x400F4108u, /* Base address: 0x400F4100 Count: 8 */
 267:.\Generated_Source\PSoC4/cyfitter_cfg.c **** 		};
 268:.\Generated_Source\PSoC4/cyfitter_cfg.c **** 
 269:.\Generated_Source\PSoC4/cyfitter_cfg.c **** 		static const cy_cfg_addrvalue_t CYCODE cy_cfg_data_table[] = {
 270:.\Generated_Source\PSoC4/cyfitter_cfg.c **** 			{0x3Au, 0xC0u},
 271:.\Generated_Source\PSoC4/cyfitter_cfg.c **** 			{0x3Bu, 0x0Cu},
 272:.\Generated_Source\PSoC4/cyfitter_cfg.c **** 			{0x58u, 0x24u},
 273:.\Generated_Source\PSoC4/cyfitter_cfg.c **** 			{0x59u, 0x0Bu},
 274:.\Generated_Source\PSoC4/cyfitter_cfg.c **** 			{0x5Cu, 0x88u},
 275:.\Generated_Source\PSoC4/cyfitter_cfg.c **** 			{0x5Fu, 0x21u},
 276:.\Generated_Source\PSoC4/cyfitter_cfg.c **** 			{0x1Fu, 0x40u},
 277:.\Generated_Source\PSoC4/cyfitter_cfg.c **** 			{0x27u, 0x20u},
 278:.\Generated_Source\PSoC4/cyfitter_cfg.c **** 			{0x7Fu, 0x50u},
 279:.\Generated_Source\PSoC4/cyfitter_cfg.c **** 			{0x87u, 0x60u},
 280:.\Generated_Source\PSoC4/cyfitter_cfg.c **** 			{0x93u, 0x20u},
 281:.\Generated_Source\PSoC4/cyfitter_cfg.c **** 			{0xAFu, 0x10u},
 282:.\Generated_Source\PSoC4/cyfitter_cfg.c **** 			{0xDEu, 0xC0u},
 283:.\Generated_Source\PSoC4/cyfitter_cfg.c **** 			{0x0Cu, 0x10u},
 284:.\Generated_Source\PSoC4/cyfitter_cfg.c **** 			{0x56u, 0x10u},
 285:.\Generated_Source\PSoC4/cyfitter_cfg.c **** 			{0xC2u, 0x80u},
 286:.\Generated_Source\PSoC4/cyfitter_cfg.c **** 			{0xD4u, 0x40u},
 287:.\Generated_Source\PSoC4/cyfitter_cfg.c **** 			{0x5Du, 0x01u},
 288:.\Generated_Source\PSoC4/cyfitter_cfg.c **** 			{0x85u, 0x01u},
 289:.\Generated_Source\PSoC4/cyfitter_cfg.c **** 			{0x86u, 0x10u},
 290:.\Generated_Source\PSoC4/cyfitter_cfg.c **** 			{0x9Eu, 0x10u},
 291:.\Generated_Source\PSoC4/cyfitter_cfg.c **** 			{0xACu, 0x10u},
 292:.\Generated_Source\PSoC4/cyfitter_cfg.c **** 			{0xD6u, 0x80u},
 293:.\Generated_Source\PSoC4/cyfitter_cfg.c **** 			{0xE2u, 0x50u},
 294:.\Generated_Source\PSoC4/cyfitter_cfg.c **** 			{0xECu, 0x40u},
 295:.\Generated_Source\PSoC4/cyfitter_cfg.c **** 		};
 296:.\Generated_Source\PSoC4/cyfitter_cfg.c **** 
 297:.\Generated_Source\PSoC4/cyfitter_cfg.c **** 
 298:.\Generated_Source\PSoC4/cyfitter_cfg.c **** 
 299:.\Generated_Source\PSoC4/cyfitter_cfg.c **** 		CYPACKED typedef struct {
ARM GAS  C:\Users\Chris\AppData\Local\Temp\cco1j5I7.s 			page 10


 300:.\Generated_Source\PSoC4/cyfitter_cfg.c **** 			void CYFAR *address;
 301:.\Generated_Source\PSoC4/cyfitter_cfg.c **** 			uint16 size;
 302:.\Generated_Source\PSoC4/cyfitter_cfg.c **** 		} CYPACKED_ATTR cfg_memset_t;
 303:.\Generated_Source\PSoC4/cyfitter_cfg.c **** 
 304:.\Generated_Source\PSoC4/cyfitter_cfg.c **** 		static const cfg_memset_t CYCODE cfg_memset_list [] = {
 305:.\Generated_Source\PSoC4/cyfitter_cfg.c **** 			/* address, size */
 306:.\Generated_Source\PSoC4/cyfitter_cfg.c **** 			{(void CYFAR *)(CYDEV_UDB_P0_U0_BASE), 1024u},
 307:.\Generated_Source\PSoC4/cyfitter_cfg.c **** 			{(void CYFAR *)(CYDEV_UDB_DSI0_BASE), 1024u},
 308:.\Generated_Source\PSoC4/cyfitter_cfg.c **** 		};
 309:.\Generated_Source\PSoC4/cyfitter_cfg.c **** 
 310:.\Generated_Source\PSoC4/cyfitter_cfg.c **** 		uint8 CYDATA i;
 311:.\Generated_Source\PSoC4/cyfitter_cfg.c **** 
 312:.\Generated_Source\PSoC4/cyfitter_cfg.c **** 		/* Zero out critical memory blocks before beginning configuration */
 313:.\Generated_Source\PSoC4/cyfitter_cfg.c **** 		for (i = 0u; i < (sizeof(cfg_memset_list)/sizeof(cfg_memset_list[0])); i++)
 209              		.loc 1 313 0
 210 0060 0024     		mov	r4, #0
 211 0062 10E0     		b	.L11
 212              	.LVL19:
 213              	.L12:
 214              	.LBB4:
 314:.\Generated_Source\PSoC4/cyfitter_cfg.c **** 		{
 315:.\Generated_Source\PSoC4/cyfitter_cfg.c **** 			const cfg_memset_t CYCODE * CYDATA ms = &cfg_memset_list[i];
 316:.\Generated_Source\PSoC4/cyfitter_cfg.c **** 			CYMEMZERO(ms->address, (size_t)(uint32)(ms->size));
 215              		.loc 1 316 0 discriminator 3
 216 0064 2C48     		ldr	r0, .L13
 217 0066 6300     		lsl	r3, r4, #1
 218 0068 1A19     		add	r2, r3, r4
 219 006a 5200     		lsl	r2, r2, #1
 220 006c 8218     		add	r2, r0, r2
 221 006e 9188     		ldrh	r1, [r2, #4]
 222 0070 1B19     		add	r3, r3, r4
 223 0072 5B00     		lsl	r3, r3, #1
 224 0074 1A5A     		ldrh	r2, [r3, r0]
 225 0076 C318     		add	r3, r0, r3
 226 0078 5888     		ldrh	r0, [r3, #2]
 227 007a 0004     		lsl	r0, r0, #16
 228 007c 1043     		orr	r0, r2
 229 007e FFF7FEFF 		bl	CYMEMZERO
 230              	.LVL20:
 231              	.LBE4:
 313:.\Generated_Source\PSoC4/cyfitter_cfg.c **** 		{
 232              		.loc 1 313 0 discriminator 3
 233 0082 0134     		add	r4, r4, #1
 234              	.LVL21:
 235 0084 E4B2     		uxtb	r4, r4
 236              	.LVL22:
 237              	.L11:
 313:.\Generated_Source\PSoC4/cyfitter_cfg.c **** 		{
 238              		.loc 1 313 0 is_stmt 0 discriminator 1
 239 0086 012C     		cmp	r4, #1
 240 0088 ECD9     		bls	.L12
 317:.\Generated_Source\PSoC4/cyfitter_cfg.c **** 		}
 318:.\Generated_Source\PSoC4/cyfitter_cfg.c **** 
 319:.\Generated_Source\PSoC4/cyfitter_cfg.c **** 		cfg_write_bytes32(cy_cfg_addr_table, cy_cfg_data_table);
 241              		.loc 1 319 0 is_stmt 1
 242 008a 2349     		ldr	r1, .L13
 243 008c 081C     		mov	r0, r1
ARM GAS  C:\Users\Chris\AppData\Local\Temp\cco1j5I7.s 			page 11


 244 008e 0C30     		add	r0, r0, #12
 245 0090 1C31     		add	r1, r1, #28
 246 0092 FFF7FEFF 		bl	cfg_write_bytes32
 247              	.LVL23:
 320:.\Generated_Source\PSoC4/cyfitter_cfg.c **** 
 321:.\Generated_Source\PSoC4/cyfitter_cfg.c **** 		/* HSIOM Starting address: CYDEV_HSIOM_BASE */
 322:.\Generated_Source\PSoC4/cyfitter_cfg.c **** 		CY_SET_XTND_REG32((void CYFAR *)(CYDEV_HSIOM_BASE), 0x00000300u);
 248              		.loc 1 322 0
 249 0096 C022     		mov	r2, #192
 250 0098 9200     		lsl	r2, r2, #2
 251 009a 204B     		ldr	r3, .L13+4
 252 009c 1A60     		str	r2, [r3]
 323:.\Generated_Source\PSoC4/cyfitter_cfg.c **** 		CY_SET_XTND_REG32((void CYFAR *)(CYREG_HSIOM_PORT_SEL1), 0x03000000u);
 253              		.loc 1 323 0
 254 009e C022     		mov	r2, #192
 255 00a0 9204     		lsl	r2, r2, #18
 256 00a2 1F4B     		ldr	r3, .L13+8
 257 00a4 1A60     		str	r2, [r3]
 324:.\Generated_Source\PSoC4/cyfitter_cfg.c **** 		CY_SET_XTND_REG32((void CYFAR *)(CYREG_HSIOM_PORT_SEL3), 0x0000EE00u);
 258              		.loc 1 324 0
 259 00a6 EE22     		mov	r2, #238
 260 00a8 1202     		lsl	r2, r2, #8
 261 00aa 1E4B     		ldr	r3, .L13+12
 262 00ac 1A60     		str	r2, [r3]
 325:.\Generated_Source\PSoC4/cyfitter_cfg.c **** 
 326:.\Generated_Source\PSoC4/cyfitter_cfg.c **** 		/* UDB_PA_0 Starting address: CYDEV_UDB_PA0_BASE */
 327:.\Generated_Source\PSoC4/cyfitter_cfg.c **** 		CY_SET_XTND_REG32((void CYFAR *)(CYDEV_UDB_PA0_BASE), 0x00990000u);
 263              		.loc 1 327 0
 264 00ae 9923     		mov	r3, #153
 265 00b0 1B04     		lsl	r3, r3, #16
 266 00b2 1D4A     		ldr	r2, .L13+16
 267 00b4 1360     		str	r3, [r2]
 328:.\Generated_Source\PSoC4/cyfitter_cfg.c **** 		CY_SET_XTND_REG32((void CYFAR *)(CYREG_UDB_PA0_CFG8), 0x00100000u);
 268              		.loc 1 328 0
 269 00b6 8021     		mov	r1, #128
 270 00b8 4903     		lsl	r1, r1, #13
 271 00ba 1C4A     		ldr	r2, .L13+20
 272 00bc 1160     		str	r1, [r2]
 329:.\Generated_Source\PSoC4/cyfitter_cfg.c **** 
 330:.\Generated_Source\PSoC4/cyfitter_cfg.c **** 		/* UDB_PA_1 Starting address: CYDEV_UDB_PA1_BASE */
 331:.\Generated_Source\PSoC4/cyfitter_cfg.c **** 		CY_SET_XTND_REG32((void CYFAR *)(CYDEV_UDB_PA1_BASE), 0x00990000u);
 273              		.loc 1 331 0
 274 00be 1C4A     		ldr	r2, .L13+24
 275 00c0 1360     		str	r3, [r2]
 332:.\Generated_Source\PSoC4/cyfitter_cfg.c **** 		CY_SET_XTND_REG32((void CYFAR *)(CYREG_UDB_PA1_CFG8), 0x10000000u);
 276              		.loc 1 332 0
 277 00c2 8021     		mov	r1, #128
 278 00c4 4905     		lsl	r1, r1, #21
 279 00c6 1B4A     		ldr	r2, .L13+28
 280 00c8 1160     		str	r1, [r2]
 333:.\Generated_Source\PSoC4/cyfitter_cfg.c **** 
 334:.\Generated_Source\PSoC4/cyfitter_cfg.c **** 		/* UDB_PA_3 Starting address: CYDEV_UDB_PA3_BASE */
 335:.\Generated_Source\PSoC4/cyfitter_cfg.c **** 		CY_SET_XTND_REG32((void CYFAR *)(CYDEV_UDB_PA3_BASE), 0x00990000u);
 281              		.loc 1 335 0
 282 00ca 1B4A     		ldr	r2, .L13+32
 283 00cc 1360     		str	r3, [r2]
 336:.\Generated_Source\PSoC4/cyfitter_cfg.c **** 
ARM GAS  C:\Users\Chris\AppData\Local\Temp\cco1j5I7.s 			page 12


 337:.\Generated_Source\PSoC4/cyfitter_cfg.c **** 		/* Enable digital routing */
 338:.\Generated_Source\PSoC4/cyfitter_cfg.c **** 		CY_SET_XTND_REG8((void *)CYREG_UDB_UDBIF_BANK_CTL, CY_GET_XTND_REG8((void *)CYREG_UDB_UDBIF_BANK_
 284              		.loc 1 338 0
 285 00ce 1B4B     		ldr	r3, .L13+36
 286 00d0 1978     		ldrb	r1, [r3]
 287 00d2 0222     		mov	r2, #2
 288 00d4 0A43     		orr	r2, r1
 289 00d6 1A70     		strb	r2, [r3]
 339:.\Generated_Source\PSoC4/cyfitter_cfg.c **** 
 340:.\Generated_Source\PSoC4/cyfitter_cfg.c **** 		/* Enable UDB array */
 341:.\Generated_Source\PSoC4/cyfitter_cfg.c **** 		CY_SET_XTND_REG8((void *)CYREG_UDB_UDBIF_WAIT_CFG, (uint8)((CY_GET_XTND_REG8((void *)CYREG_UDB_UD
 290              		.loc 1 341 0
 291 00d8 1948     		ldr	r0, .L13+40
 292 00da 0278     		ldrb	r2, [r0]
 293 00dc 3C21     		mov	r1, #60
 294 00de 8A43     		bic	r2, r1
 295 00e0 2839     		sub	r1, r1, #40
 296 00e2 0A43     		orr	r2, r1
 297 00e4 0270     		strb	r2, [r0]
 342:.\Generated_Source\PSoC4/cyfitter_cfg.c **** 		CY_SET_XTND_REG8((void *)CYREG_UDB_UDBIF_BANK_CTL, (uint8)(CY_GET_XTND_REG8((void *)CYREG_UDB_UDB
 298              		.loc 1 342 0
 299 00e6 1978     		ldrb	r1, [r3]
 300 00e8 1622     		mov	r2, #22
 301 00ea 0A43     		orr	r2, r1
 302 00ec 1A70     		strb	r2, [r3]
 303              	.LBE3:
 343:.\Generated_Source\PSoC4/cyfitter_cfg.c **** 	}
 344:.\Generated_Source\PSoC4/cyfitter_cfg.c **** 
 345:.\Generated_Source\PSoC4/cyfitter_cfg.c **** 	/* Perform second pass device configuration. These items must be configured in specific order afte
 346:.\Generated_Source\PSoC4/cyfitter_cfg.c **** 	/* IOPINS0_0 Starting address: CYDEV_PRT0_BASE */
 347:.\Generated_Source\PSoC4/cyfitter_cfg.c **** 	CY_SET_XTND_REG32((void CYFAR *)(CYDEV_PRT0_BASE), 0x0000008Cu);
 304              		.loc 1 347 0
 305 00ee 8C22     		mov	r2, #140
 306 00f0 144B     		ldr	r3, .L13+44
 307 00f2 1A60     		str	r2, [r3]
 348:.\Generated_Source\PSoC4/cyfitter_cfg.c **** 	CY_SET_XTND_REG32((void CYFAR *)(CYREG_PRT0_PC), 0x00400D80u);
 308              		.loc 1 348 0
 309 00f4 144A     		ldr	r2, .L13+48
 310 00f6 154B     		ldr	r3, .L13+52
 311 00f8 1A60     		str	r2, [r3]
 349:.\Generated_Source\PSoC4/cyfitter_cfg.c **** 
 350:.\Generated_Source\PSoC4/cyfitter_cfg.c **** 	/* IOPINS0_1 Starting address: CYDEV_PRT1_BASE */
 351:.\Generated_Source\PSoC4/cyfitter_cfg.c **** 	CY_SET_XTND_REG32((void CYFAR *)(CYDEV_PRT1_BASE), 0x00000040u);
 312              		.loc 1 351 0
 313 00fa 4022     		mov	r2, #64
 314 00fc 144B     		ldr	r3, .L13+56
 315 00fe 1A60     		str	r2, [r3]
 352:.\Generated_Source\PSoC4/cyfitter_cfg.c **** 	CY_SET_XTND_REG32((void CYFAR *)(CYREG_PRT1_PC), 0x00180000u);
 316              		.loc 1 352 0
 317 0100 C022     		mov	r2, #192
 318 0102 5203     		lsl	r2, r2, #13
 319 0104 134B     		ldr	r3, .L13+60
 320 0106 1A60     		str	r2, [r3]
 353:.\Generated_Source\PSoC4/cyfitter_cfg.c **** 
 354:.\Generated_Source\PSoC4/cyfitter_cfg.c **** 	/* IOPINS0_3 Starting address: CYDEV_PRT3_BASE */
 355:.\Generated_Source\PSoC4/cyfitter_cfg.c **** 	CY_SET_XTND_REG32((void CYFAR *)(CYREG_PRT3_PC), 0x00000D80u);
 321              		.loc 1 355 0
ARM GAS  C:\Users\Chris\AppData\Local\Temp\cco1j5I7.s 			page 13


 322 0108 D822     		mov	r2, #216
 323 010a 1201     		lsl	r2, r2, #4
 324 010c 124B     		ldr	r3, .L13+64
 325 010e 1A60     		str	r2, [r3]
 356:.\Generated_Source\PSoC4/cyfitter_cfg.c **** 
 357:.\Generated_Source\PSoC4/cyfitter_cfg.c **** 
 358:.\Generated_Source\PSoC4/cyfitter_cfg.c **** 	/* Setup clocks based on selections from Clock DWR */
 359:.\Generated_Source\PSoC4/cyfitter_cfg.c **** 	ClockSetup();
 326              		.loc 1 359 0
 327 0110 FFF776FF 		bl	ClockSetup
 328              	.LVL24:
 360:.\Generated_Source\PSoC4/cyfitter_cfg.c **** 
 361:.\Generated_Source\PSoC4/cyfitter_cfg.c **** 	/* Perform basic analog initialization to defaults */
 362:.\Generated_Source\PSoC4/cyfitter_cfg.c **** 	AnalogSetDefault();
 363:.\Generated_Source\PSoC4/cyfitter_cfg.c **** 
 364:.\Generated_Source\PSoC4/cyfitter_cfg.c **** }
 329              		.loc 1 364 0
 330              		@ sp needed
 331              	.LVL25:
 332 0114 10BD     		pop	{r4, pc}
 333              	.L14:
 334 0116 C046     		.align	2
 335              	.L13:
 336 0118 00000000 		.word	.LANCHOR0
 337 011c 00000140 		.word	1073807360
 338 0120 04000140 		.word	1073807364
 339 0124 0C000140 		.word	1073807372
 340 0128 00500F40 		.word	1074745344
 341 012c 08500F40 		.word	1074745352
 342 0130 10500F40 		.word	1074745360
 343 0134 18500F40 		.word	1074745368
 344 0138 30500F40 		.word	1074745392
 345 013c 00700F40 		.word	1074753536
 346 0140 01700F40 		.word	1074753537
 347 0144 00000440 		.word	1074003968
 348 0148 800D4000 		.word	4197760
 349 014c 08000440 		.word	1074003976
 350 0150 00010440 		.word	1074004224
 351 0154 08010440 		.word	1074004232
 352 0158 08030440 		.word	1074004744
 353              		.cfi_endproc
 354              	.LFE6:
 355              		.size	cyfitter_cfg, .-cyfitter_cfg
 356              		.section	.rodata
 357              		.align	2
 358              		.set	.LANCHOR0,. + 0
 359              		.type	cfg_memset_list.4746, %object
 360              		.size	cfg_memset_list.4746, 12
 361              	cfg_memset_list.4746:
 362 0000 00300F40 		.word	1074737152
 363 0004 0004     		.short	1024
 364 0006 00400F40 		.4byte	1074741248
 365 000a 0004     		.short	1024
 366              		.type	cy_cfg_addr_table.4740, %object
 367              		.size	cy_cfg_addr_table.4740, 16
 368              	cy_cfg_addr_table.4740:
 369 000c 06320F40 		.word	1074737670
ARM GAS  C:\Users\Chris\AppData\Local\Temp\cco1j5I7.s 			page 14


 370 0010 07330F40 		.word	1074737927
 371 0014 04400F40 		.word	1074741252
 372 0018 08410F40 		.word	1074741512
 373              		.type	cy_cfg_data_table.4741, %object
 374              		.size	cy_cfg_data_table.4741, 50
 375              	cy_cfg_data_table.4741:
 376 001c 3A       		.byte	58
 377 001d C0       		.byte	-64
 378 001e 3B       		.byte	59
 379 001f 0C       		.byte	12
 380 0020 58       		.byte	88
 381 0021 24       		.byte	36
 382 0022 59       		.byte	89
 383 0023 0B       		.byte	11
 384 0024 5C       		.byte	92
 385 0025 88       		.byte	-120
 386 0026 5F       		.byte	95
 387 0027 21       		.byte	33
 388 0028 1F       		.byte	31
 389 0029 40       		.byte	64
 390 002a 27       		.byte	39
 391 002b 20       		.byte	32
 392 002c 7F       		.byte	127
 393 002d 50       		.byte	80
 394 002e 87       		.byte	-121
 395 002f 60       		.byte	96
 396 0030 93       		.byte	-109
 397 0031 20       		.byte	32
 398 0032 AF       		.byte	-81
 399 0033 10       		.byte	16
 400 0034 DE       		.byte	-34
 401 0035 C0       		.byte	-64
 402 0036 0C       		.byte	12
 403 0037 10       		.byte	16
 404 0038 56       		.byte	86
 405 0039 10       		.byte	16
 406 003a C2       		.byte	-62
 407 003b 80       		.byte	-128
 408 003c D4       		.byte	-44
 409 003d 40       		.byte	64
 410 003e 5D       		.byte	93
 411 003f 01       		.byte	1
 412 0040 85       		.byte	-123
 413 0041 01       		.byte	1
 414 0042 86       		.byte	-122
 415 0043 10       		.byte	16
 416 0044 9E       		.byte	-98
 417 0045 10       		.byte	16
 418 0046 AC       		.byte	-84
 419 0047 10       		.byte	16
 420 0048 D6       		.byte	-42
 421 0049 80       		.byte	-128
 422 004a E2       		.byte	-30
 423 004b 50       		.byte	80
 424 004c EC       		.byte	-20
 425 004d 40       		.byte	64
 426 004e 0000     		.text
ARM GAS  C:\Users\Chris\AppData\Local\Temp\cco1j5I7.s 			page 15


 427              	.Letext0:
 428              		.file 2 "c:\\program files (x86)\\cypress\\psoc creator\\3.3\\psoc creator\\import\\gnu\\arm\\4.9.
 429              		.file 3 ".\\Generated_Source\\PSoC4\\cytypes.h"
 430              		.file 4 ".\\Generated_Source\\PSoC4\\CyLib.h"
 431              		.section	.debug_info,"",%progbits
 432              	.Ldebug_info0:
 433 0000 B9030000 		.4byte	0x3b9
 434 0004 0400     		.2byte	0x4
 435 0006 00000000 		.4byte	.Ldebug_abbrev0
 436 000a 04       		.byte	0x4
 437 000b 01       		.uleb128 0x1
 438 000c DD010000 		.4byte	.LASF38
 439 0010 01       		.byte	0x1
 440 0011 A2010000 		.4byte	.LASF39
 441 0015 70000000 		.4byte	.LASF40
 442 0019 00000000 		.4byte	.Ldebug_ranges0+0
 443 001d 00000000 		.4byte	0
 444 0021 00000000 		.4byte	.Ldebug_line0
 445 0025 02       		.uleb128 0x2
 446 0026 04       		.byte	0x4
 447 0027 05       		.byte	0x5
 448 0028 696E7400 		.ascii	"int\000"
 449 002c 03       		.uleb128 0x3
 450 002d 06000000 		.4byte	.LASF11
 451 0031 02       		.byte	0x2
 452 0032 D4       		.byte	0xd4
 453 0033 37000000 		.4byte	0x37
 454 0037 04       		.uleb128 0x4
 455 0038 04       		.byte	0x4
 456 0039 07       		.byte	0x7
 457 003a 3D010000 		.4byte	.LASF0
 458 003e 04       		.uleb128 0x4
 459 003f 01       		.byte	0x1
 460 0040 06       		.byte	0x6
 461 0041 9A020000 		.4byte	.LASF1
 462 0045 04       		.uleb128 0x4
 463 0046 01       		.byte	0x1
 464 0047 08       		.byte	0x8
 465 0048 DF000000 		.4byte	.LASF2
 466 004c 04       		.uleb128 0x4
 467 004d 02       		.byte	0x2
 468 004e 05       		.byte	0x5
 469 004f 72020000 		.4byte	.LASF3
 470 0053 04       		.uleb128 0x4
 471 0054 02       		.byte	0x2
 472 0055 07       		.byte	0x7
 473 0056 A6020000 		.4byte	.LASF4
 474 005a 04       		.uleb128 0x4
 475 005b 04       		.byte	0x4
 476 005c 05       		.byte	0x5
 477 005d 91020000 		.4byte	.LASF5
 478 0061 04       		.uleb128 0x4
 479 0062 04       		.byte	0x4
 480 0063 07       		.byte	0x7
 481 0064 BD000000 		.4byte	.LASF6
 482 0068 04       		.uleb128 0x4
 483 0069 08       		.byte	0x8
ARM GAS  C:\Users\Chris\AppData\Local\Temp\cco1j5I7.s 			page 16


 484 006a 05       		.byte	0x5
 485 006b CA010000 		.4byte	.LASF7
 486 006f 04       		.uleb128 0x4
 487 0070 08       		.byte	0x8
 488 0071 07       		.byte	0x7
 489 0072 5F010000 		.4byte	.LASF8
 490 0076 04       		.uleb128 0x4
 491 0077 04       		.byte	0x4
 492 0078 07       		.byte	0x7
 493 0079 99010000 		.4byte	.LASF9
 494 007d 05       		.uleb128 0x5
 495 007e 04       		.byte	0x4
 496 007f 06       		.uleb128 0x6
 497 0080 04       		.byte	0x4
 498 0081 85000000 		.4byte	0x85
 499 0085 07       		.uleb128 0x7
 500 0086 04       		.uleb128 0x4
 501 0087 01       		.byte	0x1
 502 0088 08       		.byte	0x8
 503 0089 D8010000 		.4byte	.LASF10
 504 008d 08       		.uleb128 0x8
 505 008e CF000000 		.4byte	.LASF12
 506 0092 03       		.byte	0x3
 507 0093 9801     		.2byte	0x198
 508 0095 45000000 		.4byte	0x45
 509 0099 08       		.uleb128 0x8
 510 009a 24010000 		.4byte	.LASF13
 511 009e 03       		.byte	0x3
 512 009f 9901     		.2byte	0x199
 513 00a1 53000000 		.4byte	0x53
 514 00a5 08       		.uleb128 0x8
 515 00a6 36010000 		.4byte	.LASF14
 516 00aa 03       		.byte	0x3
 517 00ab 9A01     		.2byte	0x19a
 518 00ad 61000000 		.4byte	0x61
 519 00b1 04       		.uleb128 0x4
 520 00b2 04       		.byte	0x4
 521 00b3 04       		.byte	0x4
 522 00b4 6A000000 		.4byte	.LASF15
 523 00b8 04       		.uleb128 0x4
 524 00b9 08       		.byte	0x8
 525 00ba 04       		.byte	0x4
 526 00bb F4000000 		.4byte	.LASF16
 527 00bf 08       		.uleb128 0x8
 528 00c0 B8000000 		.4byte	.LASF17
 529 00c4 03       		.byte	0x3
 530 00c5 4202     		.2byte	0x242
 531 00c7 CB000000 		.4byte	0xcb
 532 00cb 09       		.uleb128 0x9
 533 00cc 8D000000 		.4byte	0x8d
 534 00d0 08       		.uleb128 0x8
 535 00d1 00000000 		.4byte	.LASF18
 536 00d5 03       		.byte	0x3
 537 00d6 4402     		.2byte	0x244
 538 00d8 DC000000 		.4byte	0xdc
 539 00dc 09       		.uleb128 0x9
 540 00dd A5000000 		.4byte	0xa5
ARM GAS  C:\Users\Chris\AppData\Local\Temp\cco1j5I7.s 			page 17


 541 00e1 08       		.uleb128 0x8
 542 00e2 76010000 		.4byte	.LASF19
 543 00e6 03       		.byte	0x3
 544 00e7 5402     		.2byte	0x254
 545 00e9 7F000000 		.4byte	0x7f
 546 00ed 0A       		.uleb128 0xa
 547 00ee 02       		.byte	0x2
 548 00ef 01       		.byte	0x1
 549 00f0 7F       		.byte	0x7f
 550 00f1 0E010000 		.4byte	0x10e
 551 00f5 0B       		.uleb128 0xb
 552 00f6 6B020000 		.4byte	.LASF20
 553 00fa 01       		.byte	0x1
 554 00fb 81       		.byte	0x81
 555 00fc 8D000000 		.4byte	0x8d
 556 0100 00       		.byte	0
 557 0101 0B       		.uleb128 0xb
 558 0102 1C000000 		.4byte	.LASF21
 559 0106 01       		.byte	0x1
 560 0107 82       		.byte	0x82
 561 0108 8D000000 		.4byte	0x8d
 562 010c 01       		.byte	0x1
 563 010d 00       		.byte	0
 564 010e 03       		.uleb128 0x3
 565 010f 57000000 		.4byte	.LASF22
 566 0113 01       		.byte	0x1
 567 0114 83       		.byte	0x83
 568 0115 ED000000 		.4byte	0xed
 569 0119 0C       		.uleb128 0xc
 570 011a FB000000 		.4byte	.LASF27
 571 011e 01       		.byte	0x1
 572 011f 96       		.byte	0x96
 573 0120 00000000 		.4byte	.LFB3
 574 0124 32000000 		.4byte	.LFE3-.LFB3
 575 0128 01       		.uleb128 0x1
 576 0129 9C       		.byte	0x9c
 577 012a 8B010000 		.4byte	0x18b
 578 012e 0D       		.uleb128 0xd
 579 012f 19010000 		.4byte	.LASF23
 580 0133 01       		.byte	0x1
 581 0134 96       		.byte	0x96
 582 0135 8B010000 		.4byte	0x18b
 583 0139 01       		.uleb128 0x1
 584 013a 50       		.byte	0x50
 585 013b 0D       		.uleb128 0xd
 586 013c 2B010000 		.4byte	.LASF24
 587 0140 01       		.byte	0x1
 588 0141 96       		.byte	0x96
 589 0142 96010000 		.4byte	0x196
 590 0146 01       		.uleb128 0x1
 591 0147 51       		.byte	0x51
 592 0148 0E       		.uleb128 0xe
 593 0149 6900     		.ascii	"i\000"
 594 014b 01       		.byte	0x1
 595 014c 99       		.byte	0x99
 596 014d A5000000 		.4byte	0xa5
 597 0151 00000000 		.4byte	.LLST0
ARM GAS  C:\Users\Chris\AppData\Local\Temp\cco1j5I7.s 			page 18


 598 0155 0E       		.uleb128 0xe
 599 0156 6A00     		.ascii	"j\000"
 600 0158 01       		.byte	0x1
 601 0159 99       		.byte	0x99
 602 015a A5000000 		.4byte	0xa5
 603 015e 1F000000 		.4byte	.LLST1
 604 0162 0F       		.uleb128 0xf
 605 0163 08000000 		.4byte	.LBB2
 606 0167 22000000 		.4byte	.LBE2-.LBB2
 607 016b 10       		.uleb128 0x10
 608 016c 90010000 		.4byte	.LASF25
 609 0170 01       		.byte	0x1
 610 0171 9C       		.byte	0x9c
 611 0172 A5000000 		.4byte	0xa5
 612 0176 3E000000 		.4byte	.LLST2
 613 017a 10       		.uleb128 0x10
 614 017b 22000000 		.4byte	.LASF26
 615 017f 01       		.byte	0x1
 616 0180 9D       		.byte	0x9d
 617 0181 8D000000 		.4byte	0x8d
 618 0185 51000000 		.4byte	.LLST3
 619 0189 00       		.byte	0
 620 018a 00       		.byte	0
 621 018b 06       		.uleb128 0x6
 622 018c 04       		.byte	0x4
 623 018d 91010000 		.4byte	0x191
 624 0191 11       		.uleb128 0x11
 625 0192 A5000000 		.4byte	0xa5
 626 0196 06       		.uleb128 0x6
 627 0197 04       		.byte	0x4
 628 0198 9C010000 		.4byte	0x19c
 629 019c 11       		.uleb128 0x11
 630 019d 0E010000 		.4byte	0x10e
 631 01a1 0C       		.uleb128 0xc
 632 01a2 D5000000 		.4byte	.LASF28
 633 01a6 01       		.byte	0x1
 634 01a7 3D       		.byte	0x3d
 635 01a8 00000000 		.4byte	.LFB0
 636 01ac 0C000000 		.4byte	.LFE0-.LFB0
 637 01b0 01       		.uleb128 0x1
 638 01b1 9C       		.byte	0x9c
 639 01b2 EE010000 		.4byte	0x1ee
 640 01b6 12       		.uleb128 0x12
 641 01b7 7300     		.ascii	"s\000"
 642 01b9 01       		.byte	0x1
 643 01ba 3D       		.byte	0x3d
 644 01bb 7D000000 		.4byte	0x7d
 645 01bf 6F000000 		.4byte	.LLST4
 646 01c3 12       		.uleb128 0x12
 647 01c4 6E00     		.ascii	"n\000"
 648 01c6 01       		.byte	0x1
 649 01c7 3D       		.byte	0x3d
 650 01c8 2C000000 		.4byte	0x2c
 651 01cc 90000000 		.4byte	.LLST5
 652 01d0 13       		.uleb128 0x13
 653 01d1 0A000000 		.4byte	.LVL14
 654 01d5 67030000 		.4byte	0x367
ARM GAS  C:\Users\Chris\AppData\Local\Temp\cco1j5I7.s 			page 19


 655 01d9 14       		.uleb128 0x14
 656 01da 01       		.uleb128 0x1
 657 01db 52       		.byte	0x52
 658 01dc 03       		.uleb128 0x3
 659 01dd F3       		.byte	0xf3
 660 01de 01       		.uleb128 0x1
 661 01df 51       		.byte	0x51
 662 01e0 14       		.uleb128 0x14
 663 01e1 01       		.uleb128 0x1
 664 01e2 51       		.byte	0x51
 665 01e3 01       		.uleb128 0x1
 666 01e4 30       		.byte	0x30
 667 01e5 14       		.uleb128 0x14
 668 01e6 01       		.uleb128 0x1
 669 01e7 50       		.byte	0x50
 670 01e8 03       		.uleb128 0x3
 671 01e9 F3       		.byte	0xf3
 672 01ea 01       		.uleb128 0x1
 673 01eb 50       		.byte	0x50
 674 01ec 00       		.byte	0
 675 01ed 00       		.byte	0
 676 01ee 0C       		.uleb128 0xc
 677 01ef 28000000 		.4byte	.LASF29
 678 01f3 01       		.byte	0x1
 679 01f4 BB       		.byte	0xbb
 680 01f5 00000000 		.4byte	.LFB4
 681 01f9 5C000000 		.4byte	.LFE4-.LFB4
 682 01fd 01       		.uleb128 0x1
 683 01fe 9C       		.byte	0x9c
 684 01ff 39020000 		.4byte	0x239
 685 0203 15       		.uleb128 0x15
 686 0204 14000000 		.4byte	.LVL15
 687 0208 84030000 		.4byte	0x384
 688 020c 16020000 		.4byte	0x216
 689 0210 14       		.uleb128 0x14
 690 0211 01       		.uleb128 0x1
 691 0212 50       		.byte	0x50
 692 0213 01       		.uleb128 0x1
 693 0214 48       		.byte	0x48
 694 0215 00       		.byte	0
 695 0216 15       		.uleb128 0x15
 696 0217 34000000 		.4byte	.LVL16
 697 021b 95030000 		.4byte	0x395
 698 021f 29020000 		.4byte	0x229
 699 0223 14       		.uleb128 0x14
 700 0224 01       		.uleb128 0x1
 701 0225 50       		.byte	0x50
 702 0226 01       		.uleb128 0x1
 703 0227 39       		.byte	0x39
 704 0228 00       		.byte	0
 705 0229 13       		.uleb128 0x13
 706 022a 3A000000 		.4byte	.LVL17
 707 022e AF030000 		.4byte	0x3af
 708 0232 14       		.uleb128 0x14
 709 0233 01       		.uleb128 0x1
 710 0234 50       		.byte	0x50
 711 0235 01       		.uleb128 0x1
ARM GAS  C:\Users\Chris\AppData\Local\Temp\cco1j5I7.s 			page 20


 712 0236 39       		.byte	0x39
 713 0237 00       		.byte	0
 714 0238 00       		.byte	0
 715 0239 16       		.uleb128 0x16
 716 023a 4A010000 		.4byte	.LASF41
 717 023e 01       		.byte	0x1
 718 023f 0001     		.2byte	0x100
 719 0241 5C000000 		.4byte	.LFB6
 720 0245 00010000 		.4byte	.LFE6-.LFB6
 721 0249 01       		.uleb128 0x1
 722 024a 9C       		.byte	0x9c
 723 024b 3D030000 		.4byte	0x33d
 724 024f 17       		.uleb128 0x17
 725 0250 60000000 		.4byte	.LBB3
 726 0254 8E000000 		.4byte	.LBE3-.LBB3
 727 0258 33030000 		.4byte	0x333
 728 025c 18       		.uleb128 0x18
 729 025d 33000000 		.4byte	.LASF30
 730 0261 01       		.byte	0x1
 731 0262 0601     		.2byte	0x106
 732 0264 4D030000 		.4byte	0x34d
 733 0268 05       		.uleb128 0x5
 734 0269 03       		.byte	0x3
 735 026a 0C000000 		.4byte	cy_cfg_addr_table.4740
 736 026e 18       		.uleb128 0x18
 737 026f 45000000 		.4byte	.LASF31
 738 0273 01       		.byte	0x1
 739 0274 0D01     		.2byte	0x10d
 740 0276 62030000 		.4byte	0x362
 741 027a 05       		.uleb128 0x5
 742 027b 03       		.byte	0x3
 743 027c 1C000000 		.4byte	cy_cfg_data_table.4741
 744 0280 19       		.uleb128 0x19
 745 0281 06       		.byte	0x6
 746 0282 01       		.byte	0x1
 747 0283 2B01     		.2byte	0x12b
 748 0285 A4020000 		.4byte	0x2a4
 749 0289 1A       		.uleb128 0x1a
 750 028a 57010000 		.4byte	.LASF32
 751 028e 01       		.byte	0x1
 752 028f 2C01     		.2byte	0x12c
 753 0291 7D000000 		.4byte	0x7d
 754 0295 00       		.byte	0
 755 0296 1A       		.uleb128 0x1a
 756 0297 B3000000 		.4byte	.LASF33
 757 029b 01       		.byte	0x1
 758 029c 2D01     		.2byte	0x12d
 759 029e 99000000 		.4byte	0x99
 760 02a2 04       		.byte	0x4
 761 02a3 00       		.byte	0
 762 02a4 08       		.uleb128 0x8
 763 02a5 83010000 		.4byte	.LASF34
 764 02a9 01       		.byte	0x1
 765 02aa 2E01     		.2byte	0x12e
 766 02ac 80020000 		.4byte	0x280
 767 02b0 1B       		.uleb128 0x1b
 768 02b1 A4020000 		.4byte	0x2a4
ARM GAS  C:\Users\Chris\AppData\Local\Temp\cco1j5I7.s 			page 21


 769 02b5 C0020000 		.4byte	0x2c0
 770 02b9 1C       		.uleb128 0x1c
 771 02ba 76000000 		.4byte	0x76
 772 02be 01       		.byte	0x1
 773 02bf 00       		.byte	0
 774 02c0 18       		.uleb128 0x18
 775 02c1 A3000000 		.4byte	.LASF35
 776 02c5 01       		.byte	0x1
 777 02c6 3001     		.2byte	0x130
 778 02c8 D2020000 		.4byte	0x2d2
 779 02cc 05       		.uleb128 0x5
 780 02cd 03       		.byte	0x3
 781 02ce 00000000 		.4byte	cfg_memset_list.4746
 782 02d2 11       		.uleb128 0x11
 783 02d3 B0020000 		.4byte	0x2b0
 784 02d7 1D       		.uleb128 0x1d
 785 02d8 6900     		.ascii	"i\000"
 786 02da 01       		.byte	0x1
 787 02db 3601     		.2byte	0x136
 788 02dd 8D000000 		.4byte	0x8d
 789 02e1 BC000000 		.4byte	.LLST6
 790 02e5 17       		.uleb128 0x17
 791 02e6 64000000 		.4byte	.LBB4
 792 02ea 1E000000 		.4byte	.LBE4-.LBB4
 793 02ee 16030000 		.4byte	0x316
 794 02f2 1D       		.uleb128 0x1d
 795 02f3 6D7300   		.ascii	"ms\000"
 796 02f6 01       		.byte	0x1
 797 02f7 3B01     		.2byte	0x13b
 798 02f9 01030000 		.4byte	0x301
 799 02fd E6000000 		.4byte	.LLST7
 800 0301 06       		.uleb128 0x6
 801 0302 04       		.byte	0x4
 802 0303 07030000 		.4byte	0x307
 803 0307 11       		.uleb128 0x11
 804 0308 A4020000 		.4byte	0x2a4
 805 030c 1E       		.uleb128 0x1e
 806 030d 82000000 		.4byte	.LVL20
 807 0311 A1010000 		.4byte	0x1a1
 808 0315 00       		.byte	0
 809 0316 13       		.uleb128 0x13
 810 0317 96000000 		.4byte	.LVL23
 811 031b 19010000 		.4byte	0x119
 812 031f 14       		.uleb128 0x14
 813 0320 01       		.uleb128 0x1
 814 0321 51       		.byte	0x51
 815 0322 05       		.uleb128 0x5
 816 0323 03       		.byte	0x3
 817 0324 1C000000 		.4byte	.LANCHOR0+28
 818 0328 14       		.uleb128 0x14
 819 0329 01       		.uleb128 0x1
 820 032a 50       		.byte	0x50
 821 032b 05       		.uleb128 0x5
 822 032c 03       		.byte	0x3
 823 032d 0C000000 		.4byte	.LANCHOR0+12
 824 0331 00       		.byte	0
 825 0332 00       		.byte	0
ARM GAS  C:\Users\Chris\AppData\Local\Temp\cco1j5I7.s 			page 22


 826 0333 1E       		.uleb128 0x1e
 827 0334 14010000 		.4byte	.LVL24
 828 0338 EE010000 		.4byte	0x1ee
 829 033c 00       		.byte	0
 830 033d 1B       		.uleb128 0x1b
 831 033e A5000000 		.4byte	0xa5
 832 0342 4D030000 		.4byte	0x34d
 833 0346 1C       		.uleb128 0x1c
 834 0347 76000000 		.4byte	0x76
 835 034b 03       		.byte	0x3
 836 034c 00       		.byte	0
 837 034d 11       		.uleb128 0x11
 838 034e 3D030000 		.4byte	0x33d
 839 0352 1B       		.uleb128 0x1b
 840 0353 0E010000 		.4byte	0x10e
 841 0357 62030000 		.4byte	0x362
 842 035b 1C       		.uleb128 0x1c
 843 035c 76000000 		.4byte	0x76
 844 0360 18       		.byte	0x18
 845 0361 00       		.byte	0
 846 0362 11       		.uleb128 0x11
 847 0363 52030000 		.4byte	0x352
 848 0367 1F       		.uleb128 0x1f
 849 0368 ED000000 		.4byte	.LASF36
 850 036c 7D000000 		.4byte	0x7d
 851 0370 84030000 		.4byte	0x384
 852 0374 20       		.uleb128 0x20
 853 0375 7D000000 		.4byte	0x7d
 854 0379 20       		.uleb128 0x20
 855 037a 25000000 		.4byte	0x25
 856 037e 20       		.uleb128 0x20
 857 037f 76000000 		.4byte	0x76
 858 0383 00       		.byte	0
 859 0384 21       		.uleb128 0x21
 860 0385 7C020000 		.4byte	.LASF37
 861 0389 04       		.byte	0x4
 862 038a 6C       		.byte	0x6c
 863 038b 95030000 		.4byte	0x395
 864 038f 20       		.uleb128 0x20
 865 0390 A5000000 		.4byte	0xa5
 866 0394 00       		.byte	0
 867 0395 22       		.uleb128 0x22
 868 0396 0D000000 		.4byte	.LASF42
 869 039a 04       		.byte	0x4
 870 039b BB       		.byte	0xbb
 871 039c E1000000 		.4byte	0xe1
 872 03a0 AF030000 		.4byte	0x3af
 873 03a4 20       		.uleb128 0x20
 874 03a5 8D000000 		.4byte	0x8d
 875 03a9 20       		.uleb128 0x20
 876 03aa E1000000 		.4byte	0xe1
 877 03ae 00       		.byte	0
 878 03af 23       		.uleb128 0x23
 879 03b0 0D010000 		.4byte	.LASF43
 880 03b4 04       		.byte	0x4
 881 03b5 C1       		.byte	0xc1
 882 03b6 20       		.uleb128 0x20
ARM GAS  C:\Users\Chris\AppData\Local\Temp\cco1j5I7.s 			page 23


 883 03b7 8D000000 		.4byte	0x8d
 884 03bb 00       		.byte	0
 885 03bc 00       		.byte	0
 886              		.section	.debug_abbrev,"",%progbits
 887              	.Ldebug_abbrev0:
 888 0000 01       		.uleb128 0x1
 889 0001 11       		.uleb128 0x11
 890 0002 01       		.byte	0x1
 891 0003 25       		.uleb128 0x25
 892 0004 0E       		.uleb128 0xe
 893 0005 13       		.uleb128 0x13
 894 0006 0B       		.uleb128 0xb
 895 0007 03       		.uleb128 0x3
 896 0008 0E       		.uleb128 0xe
 897 0009 1B       		.uleb128 0x1b
 898 000a 0E       		.uleb128 0xe
 899 000b 55       		.uleb128 0x55
 900 000c 17       		.uleb128 0x17
 901 000d 11       		.uleb128 0x11
 902 000e 01       		.uleb128 0x1
 903 000f 10       		.uleb128 0x10
 904 0010 17       		.uleb128 0x17
 905 0011 00       		.byte	0
 906 0012 00       		.byte	0
 907 0013 02       		.uleb128 0x2
 908 0014 24       		.uleb128 0x24
 909 0015 00       		.byte	0
 910 0016 0B       		.uleb128 0xb
 911 0017 0B       		.uleb128 0xb
 912 0018 3E       		.uleb128 0x3e
 913 0019 0B       		.uleb128 0xb
 914 001a 03       		.uleb128 0x3
 915 001b 08       		.uleb128 0x8
 916 001c 00       		.byte	0
 917 001d 00       		.byte	0
 918 001e 03       		.uleb128 0x3
 919 001f 16       		.uleb128 0x16
 920 0020 00       		.byte	0
 921 0021 03       		.uleb128 0x3
 922 0022 0E       		.uleb128 0xe
 923 0023 3A       		.uleb128 0x3a
 924 0024 0B       		.uleb128 0xb
 925 0025 3B       		.uleb128 0x3b
 926 0026 0B       		.uleb128 0xb
 927 0027 49       		.uleb128 0x49
 928 0028 13       		.uleb128 0x13
 929 0029 00       		.byte	0
 930 002a 00       		.byte	0
 931 002b 04       		.uleb128 0x4
 932 002c 24       		.uleb128 0x24
 933 002d 00       		.byte	0
 934 002e 0B       		.uleb128 0xb
 935 002f 0B       		.uleb128 0xb
 936 0030 3E       		.uleb128 0x3e
 937 0031 0B       		.uleb128 0xb
 938 0032 03       		.uleb128 0x3
 939 0033 0E       		.uleb128 0xe
ARM GAS  C:\Users\Chris\AppData\Local\Temp\cco1j5I7.s 			page 24


 940 0034 00       		.byte	0
 941 0035 00       		.byte	0
 942 0036 05       		.uleb128 0x5
 943 0037 0F       		.uleb128 0xf
 944 0038 00       		.byte	0
 945 0039 0B       		.uleb128 0xb
 946 003a 0B       		.uleb128 0xb
 947 003b 00       		.byte	0
 948 003c 00       		.byte	0
 949 003d 06       		.uleb128 0x6
 950 003e 0F       		.uleb128 0xf
 951 003f 00       		.byte	0
 952 0040 0B       		.uleb128 0xb
 953 0041 0B       		.uleb128 0xb
 954 0042 49       		.uleb128 0x49
 955 0043 13       		.uleb128 0x13
 956 0044 00       		.byte	0
 957 0045 00       		.byte	0
 958 0046 07       		.uleb128 0x7
 959 0047 15       		.uleb128 0x15
 960 0048 00       		.byte	0
 961 0049 27       		.uleb128 0x27
 962 004a 19       		.uleb128 0x19
 963 004b 00       		.byte	0
 964 004c 00       		.byte	0
 965 004d 08       		.uleb128 0x8
 966 004e 16       		.uleb128 0x16
 967 004f 00       		.byte	0
 968 0050 03       		.uleb128 0x3
 969 0051 0E       		.uleb128 0xe
 970 0052 3A       		.uleb128 0x3a
 971 0053 0B       		.uleb128 0xb
 972 0054 3B       		.uleb128 0x3b
 973 0055 05       		.uleb128 0x5
 974 0056 49       		.uleb128 0x49
 975 0057 13       		.uleb128 0x13
 976 0058 00       		.byte	0
 977 0059 00       		.byte	0
 978 005a 09       		.uleb128 0x9
 979 005b 35       		.uleb128 0x35
 980 005c 00       		.byte	0
 981 005d 49       		.uleb128 0x49
 982 005e 13       		.uleb128 0x13
 983 005f 00       		.byte	0
 984 0060 00       		.byte	0
 985 0061 0A       		.uleb128 0xa
 986 0062 13       		.uleb128 0x13
 987 0063 01       		.byte	0x1
 988 0064 0B       		.uleb128 0xb
 989 0065 0B       		.uleb128 0xb
 990 0066 3A       		.uleb128 0x3a
 991 0067 0B       		.uleb128 0xb
 992 0068 3B       		.uleb128 0x3b
 993 0069 0B       		.uleb128 0xb
 994 006a 01       		.uleb128 0x1
 995 006b 13       		.uleb128 0x13
 996 006c 00       		.byte	0
ARM GAS  C:\Users\Chris\AppData\Local\Temp\cco1j5I7.s 			page 25


 997 006d 00       		.byte	0
 998 006e 0B       		.uleb128 0xb
 999 006f 0D       		.uleb128 0xd
 1000 0070 00       		.byte	0
 1001 0071 03       		.uleb128 0x3
 1002 0072 0E       		.uleb128 0xe
 1003 0073 3A       		.uleb128 0x3a
 1004 0074 0B       		.uleb128 0xb
 1005 0075 3B       		.uleb128 0x3b
 1006 0076 0B       		.uleb128 0xb
 1007 0077 49       		.uleb128 0x49
 1008 0078 13       		.uleb128 0x13
 1009 0079 38       		.uleb128 0x38
 1010 007a 0B       		.uleb128 0xb
 1011 007b 00       		.byte	0
 1012 007c 00       		.byte	0
 1013 007d 0C       		.uleb128 0xc
 1014 007e 2E       		.uleb128 0x2e
 1015 007f 01       		.byte	0x1
 1016 0080 03       		.uleb128 0x3
 1017 0081 0E       		.uleb128 0xe
 1018 0082 3A       		.uleb128 0x3a
 1019 0083 0B       		.uleb128 0xb
 1020 0084 3B       		.uleb128 0x3b
 1021 0085 0B       		.uleb128 0xb
 1022 0086 27       		.uleb128 0x27
 1023 0087 19       		.uleb128 0x19
 1024 0088 11       		.uleb128 0x11
 1025 0089 01       		.uleb128 0x1
 1026 008a 12       		.uleb128 0x12
 1027 008b 06       		.uleb128 0x6
 1028 008c 40       		.uleb128 0x40
 1029 008d 18       		.uleb128 0x18
 1030 008e 9742     		.uleb128 0x2117
 1031 0090 19       		.uleb128 0x19
 1032 0091 01       		.uleb128 0x1
 1033 0092 13       		.uleb128 0x13
 1034 0093 00       		.byte	0
 1035 0094 00       		.byte	0
 1036 0095 0D       		.uleb128 0xd
 1037 0096 05       		.uleb128 0x5
 1038 0097 00       		.byte	0
 1039 0098 03       		.uleb128 0x3
 1040 0099 0E       		.uleb128 0xe
 1041 009a 3A       		.uleb128 0x3a
 1042 009b 0B       		.uleb128 0xb
 1043 009c 3B       		.uleb128 0x3b
 1044 009d 0B       		.uleb128 0xb
 1045 009e 49       		.uleb128 0x49
 1046 009f 13       		.uleb128 0x13
 1047 00a0 02       		.uleb128 0x2
 1048 00a1 18       		.uleb128 0x18
 1049 00a2 00       		.byte	0
 1050 00a3 00       		.byte	0
 1051 00a4 0E       		.uleb128 0xe
 1052 00a5 34       		.uleb128 0x34
 1053 00a6 00       		.byte	0
ARM GAS  C:\Users\Chris\AppData\Local\Temp\cco1j5I7.s 			page 26


 1054 00a7 03       		.uleb128 0x3
 1055 00a8 08       		.uleb128 0x8
 1056 00a9 3A       		.uleb128 0x3a
 1057 00aa 0B       		.uleb128 0xb
 1058 00ab 3B       		.uleb128 0x3b
 1059 00ac 0B       		.uleb128 0xb
 1060 00ad 49       		.uleb128 0x49
 1061 00ae 13       		.uleb128 0x13
 1062 00af 02       		.uleb128 0x2
 1063 00b0 17       		.uleb128 0x17
 1064 00b1 00       		.byte	0
 1065 00b2 00       		.byte	0
 1066 00b3 0F       		.uleb128 0xf
 1067 00b4 0B       		.uleb128 0xb
 1068 00b5 01       		.byte	0x1
 1069 00b6 11       		.uleb128 0x11
 1070 00b7 01       		.uleb128 0x1
 1071 00b8 12       		.uleb128 0x12
 1072 00b9 06       		.uleb128 0x6
 1073 00ba 00       		.byte	0
 1074 00bb 00       		.byte	0
 1075 00bc 10       		.uleb128 0x10
 1076 00bd 34       		.uleb128 0x34
 1077 00be 00       		.byte	0
 1078 00bf 03       		.uleb128 0x3
 1079 00c0 0E       		.uleb128 0xe
 1080 00c1 3A       		.uleb128 0x3a
 1081 00c2 0B       		.uleb128 0xb
 1082 00c3 3B       		.uleb128 0x3b
 1083 00c4 0B       		.uleb128 0xb
 1084 00c5 49       		.uleb128 0x49
 1085 00c6 13       		.uleb128 0x13
 1086 00c7 02       		.uleb128 0x2
 1087 00c8 17       		.uleb128 0x17
 1088 00c9 00       		.byte	0
 1089 00ca 00       		.byte	0
 1090 00cb 11       		.uleb128 0x11
 1091 00cc 26       		.uleb128 0x26
 1092 00cd 00       		.byte	0
 1093 00ce 49       		.uleb128 0x49
 1094 00cf 13       		.uleb128 0x13
 1095 00d0 00       		.byte	0
 1096 00d1 00       		.byte	0
 1097 00d2 12       		.uleb128 0x12
 1098 00d3 05       		.uleb128 0x5
 1099 00d4 00       		.byte	0
 1100 00d5 03       		.uleb128 0x3
 1101 00d6 08       		.uleb128 0x8
 1102 00d7 3A       		.uleb128 0x3a
 1103 00d8 0B       		.uleb128 0xb
 1104 00d9 3B       		.uleb128 0x3b
 1105 00da 0B       		.uleb128 0xb
 1106 00db 49       		.uleb128 0x49
 1107 00dc 13       		.uleb128 0x13
 1108 00dd 02       		.uleb128 0x2
 1109 00de 17       		.uleb128 0x17
 1110 00df 00       		.byte	0
ARM GAS  C:\Users\Chris\AppData\Local\Temp\cco1j5I7.s 			page 27


 1111 00e0 00       		.byte	0
 1112 00e1 13       		.uleb128 0x13
 1113 00e2 898201   		.uleb128 0x4109
 1114 00e5 01       		.byte	0x1
 1115 00e6 11       		.uleb128 0x11
 1116 00e7 01       		.uleb128 0x1
 1117 00e8 31       		.uleb128 0x31
 1118 00e9 13       		.uleb128 0x13
 1119 00ea 00       		.byte	0
 1120 00eb 00       		.byte	0
 1121 00ec 14       		.uleb128 0x14
 1122 00ed 8A8201   		.uleb128 0x410a
 1123 00f0 00       		.byte	0
 1124 00f1 02       		.uleb128 0x2
 1125 00f2 18       		.uleb128 0x18
 1126 00f3 9142     		.uleb128 0x2111
 1127 00f5 18       		.uleb128 0x18
 1128 00f6 00       		.byte	0
 1129 00f7 00       		.byte	0
 1130 00f8 15       		.uleb128 0x15
 1131 00f9 898201   		.uleb128 0x4109
 1132 00fc 01       		.byte	0x1
 1133 00fd 11       		.uleb128 0x11
 1134 00fe 01       		.uleb128 0x1
 1135 00ff 31       		.uleb128 0x31
 1136 0100 13       		.uleb128 0x13
 1137 0101 01       		.uleb128 0x1
 1138 0102 13       		.uleb128 0x13
 1139 0103 00       		.byte	0
 1140 0104 00       		.byte	0
 1141 0105 16       		.uleb128 0x16
 1142 0106 2E       		.uleb128 0x2e
 1143 0107 01       		.byte	0x1
 1144 0108 3F       		.uleb128 0x3f
 1145 0109 19       		.uleb128 0x19
 1146 010a 03       		.uleb128 0x3
 1147 010b 0E       		.uleb128 0xe
 1148 010c 3A       		.uleb128 0x3a
 1149 010d 0B       		.uleb128 0xb
 1150 010e 3B       		.uleb128 0x3b
 1151 010f 05       		.uleb128 0x5
 1152 0110 27       		.uleb128 0x27
 1153 0111 19       		.uleb128 0x19
 1154 0112 11       		.uleb128 0x11
 1155 0113 01       		.uleb128 0x1
 1156 0114 12       		.uleb128 0x12
 1157 0115 06       		.uleb128 0x6
 1158 0116 40       		.uleb128 0x40
 1159 0117 18       		.uleb128 0x18
 1160 0118 9742     		.uleb128 0x2117
 1161 011a 19       		.uleb128 0x19
 1162 011b 01       		.uleb128 0x1
 1163 011c 13       		.uleb128 0x13
 1164 011d 00       		.byte	0
 1165 011e 00       		.byte	0
 1166 011f 17       		.uleb128 0x17
 1167 0120 0B       		.uleb128 0xb
ARM GAS  C:\Users\Chris\AppData\Local\Temp\cco1j5I7.s 			page 28


 1168 0121 01       		.byte	0x1
 1169 0122 11       		.uleb128 0x11
 1170 0123 01       		.uleb128 0x1
 1171 0124 12       		.uleb128 0x12
 1172 0125 06       		.uleb128 0x6
 1173 0126 01       		.uleb128 0x1
 1174 0127 13       		.uleb128 0x13
 1175 0128 00       		.byte	0
 1176 0129 00       		.byte	0
 1177 012a 18       		.uleb128 0x18
 1178 012b 34       		.uleb128 0x34
 1179 012c 00       		.byte	0
 1180 012d 03       		.uleb128 0x3
 1181 012e 0E       		.uleb128 0xe
 1182 012f 3A       		.uleb128 0x3a
 1183 0130 0B       		.uleb128 0xb
 1184 0131 3B       		.uleb128 0x3b
 1185 0132 05       		.uleb128 0x5
 1186 0133 49       		.uleb128 0x49
 1187 0134 13       		.uleb128 0x13
 1188 0135 02       		.uleb128 0x2
 1189 0136 18       		.uleb128 0x18
 1190 0137 00       		.byte	0
 1191 0138 00       		.byte	0
 1192 0139 19       		.uleb128 0x19
 1193 013a 13       		.uleb128 0x13
 1194 013b 01       		.byte	0x1
 1195 013c 0B       		.uleb128 0xb
 1196 013d 0B       		.uleb128 0xb
 1197 013e 3A       		.uleb128 0x3a
 1198 013f 0B       		.uleb128 0xb
 1199 0140 3B       		.uleb128 0x3b
 1200 0141 05       		.uleb128 0x5
 1201 0142 01       		.uleb128 0x1
 1202 0143 13       		.uleb128 0x13
 1203 0144 00       		.byte	0
 1204 0145 00       		.byte	0
 1205 0146 1A       		.uleb128 0x1a
 1206 0147 0D       		.uleb128 0xd
 1207 0148 00       		.byte	0
 1208 0149 03       		.uleb128 0x3
 1209 014a 0E       		.uleb128 0xe
 1210 014b 3A       		.uleb128 0x3a
 1211 014c 0B       		.uleb128 0xb
 1212 014d 3B       		.uleb128 0x3b
 1213 014e 05       		.uleb128 0x5
 1214 014f 49       		.uleb128 0x49
 1215 0150 13       		.uleb128 0x13
 1216 0151 38       		.uleb128 0x38
 1217 0152 0B       		.uleb128 0xb
 1218 0153 00       		.byte	0
 1219 0154 00       		.byte	0
 1220 0155 1B       		.uleb128 0x1b
 1221 0156 01       		.uleb128 0x1
 1222 0157 01       		.byte	0x1
 1223 0158 49       		.uleb128 0x49
 1224 0159 13       		.uleb128 0x13
ARM GAS  C:\Users\Chris\AppData\Local\Temp\cco1j5I7.s 			page 29


 1225 015a 01       		.uleb128 0x1
 1226 015b 13       		.uleb128 0x13
 1227 015c 00       		.byte	0
 1228 015d 00       		.byte	0
 1229 015e 1C       		.uleb128 0x1c
 1230 015f 21       		.uleb128 0x21
 1231 0160 00       		.byte	0
 1232 0161 49       		.uleb128 0x49
 1233 0162 13       		.uleb128 0x13
 1234 0163 2F       		.uleb128 0x2f
 1235 0164 0B       		.uleb128 0xb
 1236 0165 00       		.byte	0
 1237 0166 00       		.byte	0
 1238 0167 1D       		.uleb128 0x1d
 1239 0168 34       		.uleb128 0x34
 1240 0169 00       		.byte	0
 1241 016a 03       		.uleb128 0x3
 1242 016b 08       		.uleb128 0x8
 1243 016c 3A       		.uleb128 0x3a
 1244 016d 0B       		.uleb128 0xb
 1245 016e 3B       		.uleb128 0x3b
 1246 016f 05       		.uleb128 0x5
 1247 0170 49       		.uleb128 0x49
 1248 0171 13       		.uleb128 0x13
 1249 0172 02       		.uleb128 0x2
 1250 0173 17       		.uleb128 0x17
 1251 0174 00       		.byte	0
 1252 0175 00       		.byte	0
 1253 0176 1E       		.uleb128 0x1e
 1254 0177 898201   		.uleb128 0x4109
 1255 017a 00       		.byte	0
 1256 017b 11       		.uleb128 0x11
 1257 017c 01       		.uleb128 0x1
 1258 017d 31       		.uleb128 0x31
 1259 017e 13       		.uleb128 0x13
 1260 017f 00       		.byte	0
 1261 0180 00       		.byte	0
 1262 0181 1F       		.uleb128 0x1f
 1263 0182 2E       		.uleb128 0x2e
 1264 0183 01       		.byte	0x1
 1265 0184 3F       		.uleb128 0x3f
 1266 0185 19       		.uleb128 0x19
 1267 0186 03       		.uleb128 0x3
 1268 0187 0E       		.uleb128 0xe
 1269 0188 27       		.uleb128 0x27
 1270 0189 19       		.uleb128 0x19
 1271 018a 49       		.uleb128 0x49
 1272 018b 13       		.uleb128 0x13
 1273 018c 34       		.uleb128 0x34
 1274 018d 19       		.uleb128 0x19
 1275 018e 3C       		.uleb128 0x3c
 1276 018f 19       		.uleb128 0x19
 1277 0190 01       		.uleb128 0x1
 1278 0191 13       		.uleb128 0x13
 1279 0192 00       		.byte	0
 1280 0193 00       		.byte	0
 1281 0194 20       		.uleb128 0x20
ARM GAS  C:\Users\Chris\AppData\Local\Temp\cco1j5I7.s 			page 30


 1282 0195 05       		.uleb128 0x5
 1283 0196 00       		.byte	0
 1284 0197 49       		.uleb128 0x49
 1285 0198 13       		.uleb128 0x13
 1286 0199 00       		.byte	0
 1287 019a 00       		.byte	0
 1288 019b 21       		.uleb128 0x21
 1289 019c 2E       		.uleb128 0x2e
 1290 019d 01       		.byte	0x1
 1291 019e 3F       		.uleb128 0x3f
 1292 019f 19       		.uleb128 0x19
 1293 01a0 03       		.uleb128 0x3
 1294 01a1 0E       		.uleb128 0xe
 1295 01a2 3A       		.uleb128 0x3a
 1296 01a3 0B       		.uleb128 0xb
 1297 01a4 3B       		.uleb128 0x3b
 1298 01a5 0B       		.uleb128 0xb
 1299 01a6 27       		.uleb128 0x27
 1300 01a7 19       		.uleb128 0x19
 1301 01a8 3C       		.uleb128 0x3c
 1302 01a9 19       		.uleb128 0x19
 1303 01aa 01       		.uleb128 0x1
 1304 01ab 13       		.uleb128 0x13
 1305 01ac 00       		.byte	0
 1306 01ad 00       		.byte	0
 1307 01ae 22       		.uleb128 0x22
 1308 01af 2E       		.uleb128 0x2e
 1309 01b0 01       		.byte	0x1
 1310 01b1 3F       		.uleb128 0x3f
 1311 01b2 19       		.uleb128 0x19
 1312 01b3 03       		.uleb128 0x3
 1313 01b4 0E       		.uleb128 0xe
 1314 01b5 3A       		.uleb128 0x3a
 1315 01b6 0B       		.uleb128 0xb
 1316 01b7 3B       		.uleb128 0x3b
 1317 01b8 0B       		.uleb128 0xb
 1318 01b9 27       		.uleb128 0x27
 1319 01ba 19       		.uleb128 0x19
 1320 01bb 49       		.uleb128 0x49
 1321 01bc 13       		.uleb128 0x13
 1322 01bd 3C       		.uleb128 0x3c
 1323 01be 19       		.uleb128 0x19
 1324 01bf 01       		.uleb128 0x1
 1325 01c0 13       		.uleb128 0x13
 1326 01c1 00       		.byte	0
 1327 01c2 00       		.byte	0
 1328 01c3 23       		.uleb128 0x23
 1329 01c4 2E       		.uleb128 0x2e
 1330 01c5 01       		.byte	0x1
 1331 01c6 3F       		.uleb128 0x3f
 1332 01c7 19       		.uleb128 0x19
 1333 01c8 03       		.uleb128 0x3
 1334 01c9 0E       		.uleb128 0xe
 1335 01ca 3A       		.uleb128 0x3a
 1336 01cb 0B       		.uleb128 0xb
 1337 01cc 3B       		.uleb128 0x3b
 1338 01cd 0B       		.uleb128 0xb
ARM GAS  C:\Users\Chris\AppData\Local\Temp\cco1j5I7.s 			page 31


 1339 01ce 27       		.uleb128 0x27
 1340 01cf 19       		.uleb128 0x19
 1341 01d0 3C       		.uleb128 0x3c
 1342 01d1 19       		.uleb128 0x19
 1343 01d2 00       		.byte	0
 1344 01d3 00       		.byte	0
 1345 01d4 00       		.byte	0
 1346              		.section	.debug_loc,"",%progbits
 1347              	.Ldebug_loc0:
 1348              	.LLST0:
 1349 0000 02000000 		.4byte	.LVL1
 1350 0004 08000000 		.4byte	.LVL2
 1351 0008 0200     		.2byte	0x2
 1352 000a 30       		.byte	0x30
 1353 000b 9F       		.byte	0x9f
 1354 000c 08000000 		.4byte	.LVL2
 1355 0010 30000000 		.4byte	.LVL11
 1356 0014 0100     		.2byte	0x1
 1357 0016 57       		.byte	0x57
 1358 0017 00000000 		.4byte	0
 1359 001b 00000000 		.4byte	0
 1360              	.LLST1:
 1361 001f 02000000 		.4byte	.LVL1
 1362 0023 08000000 		.4byte	.LVL2
 1363 0027 0200     		.2byte	0x2
 1364 0029 30       		.byte	0x30
 1365 002a 9F       		.byte	0x9f
 1366 002b 08000000 		.4byte	.LVL2
 1367 002f 30000000 		.4byte	.LVL10
 1368 0033 0100     		.2byte	0x1
 1369 0035 55       		.byte	0x55
 1370 0036 00000000 		.4byte	0
 1371 003a 00000000 		.4byte	0
 1372              	.LLST2:
 1373 003e 0C000000 		.4byte	.LVL3
 1374 0042 2C000000 		.4byte	.LVL9
 1375 0046 0100     		.2byte	0x1
 1376 0048 56       		.byte	0x56
 1377 0049 00000000 		.4byte	0
 1378 004d 00000000 		.4byte	0
 1379              	.LLST3:
 1380 0051 0E000000 		.4byte	.LVL4
 1381 0055 24000000 		.4byte	.LVL7
 1382 0059 0100     		.2byte	0x1
 1383 005b 53       		.byte	0x53
 1384 005c 26000000 		.4byte	.LVL8
 1385 0060 2C000000 		.4byte	.LVL9
 1386 0064 0100     		.2byte	0x1
 1387 0066 53       		.byte	0x53
 1388 0067 00000000 		.4byte	0
 1389 006b 00000000 		.4byte	0
 1390              	.LLST4:
 1391 006f 00000000 		.4byte	.LVL12
 1392 0073 09000000 		.4byte	.LVL14-1
 1393 0077 0100     		.2byte	0x1
 1394 0079 50       		.byte	0x50
 1395 007a 09000000 		.4byte	.LVL14-1
ARM GAS  C:\Users\Chris\AppData\Local\Temp\cco1j5I7.s 			page 32


 1396 007e 0C000000 		.4byte	.LFE0
 1397 0082 0400     		.2byte	0x4
 1398 0084 F3       		.byte	0xf3
 1399 0085 01       		.uleb128 0x1
 1400 0086 50       		.byte	0x50
 1401 0087 9F       		.byte	0x9f
 1402 0088 00000000 		.4byte	0
 1403 008c 00000000 		.4byte	0
 1404              	.LLST5:
 1405 0090 00000000 		.4byte	.LVL12
 1406 0094 06000000 		.4byte	.LVL13
 1407 0098 0100     		.2byte	0x1
 1408 009a 51       		.byte	0x51
 1409 009b 06000000 		.4byte	.LVL13
 1410 009f 09000000 		.4byte	.LVL14-1
 1411 00a3 0100     		.2byte	0x1
 1412 00a5 52       		.byte	0x52
 1413 00a6 09000000 		.4byte	.LVL14-1
 1414 00aa 0C000000 		.4byte	.LFE0
 1415 00ae 0400     		.2byte	0x4
 1416 00b0 F3       		.byte	0xf3
 1417 00b1 01       		.uleb128 0x1
 1418 00b2 51       		.byte	0x51
 1419 00b3 9F       		.byte	0x9f
 1420 00b4 00000000 		.4byte	0
 1421 00b8 00000000 		.4byte	0
 1422              	.LLST6:
 1423 00bc 60000000 		.4byte	.LVL18
 1424 00c0 64000000 		.4byte	.LVL19
 1425 00c4 0200     		.2byte	0x2
 1426 00c6 30       		.byte	0x30
 1427 00c7 9F       		.byte	0x9f
 1428 00c8 64000000 		.4byte	.LVL19
 1429 00cc 84000000 		.4byte	.LVL21
 1430 00d0 0100     		.2byte	0x1
 1431 00d2 54       		.byte	0x54
 1432 00d3 86000000 		.4byte	.LVL22
 1433 00d7 14010000 		.4byte	.LVL25
 1434 00db 0100     		.2byte	0x1
 1435 00dd 54       		.byte	0x54
 1436 00de 00000000 		.4byte	0
 1437 00e2 00000000 		.4byte	0
 1438              	.LLST7:
 1439 00e6 64000000 		.4byte	.LVL19
 1440 00ea 84000000 		.4byte	.LVL21
 1441 00ee 0B00     		.2byte	0xb
 1442 00f0 74       		.byte	0x74
 1443 00f1 00       		.sleb128 0
 1444 00f2 36       		.byte	0x36
 1445 00f3 1E       		.byte	0x1e
 1446 00f4 03       		.byte	0x3
 1447 00f5 00000000 		.4byte	cfg_memset_list.4746
 1448 00f9 22       		.byte	0x22
 1449 00fa 9F       		.byte	0x9f
 1450 00fb 84000000 		.4byte	.LVL21
 1451 00ff 86000000 		.4byte	.LVL22
 1452 0103 0B00     		.2byte	0xb
ARM GAS  C:\Users\Chris\AppData\Local\Temp\cco1j5I7.s 			page 33


 1453 0105 74       		.byte	0x74
 1454 0106 7F       		.sleb128 -1
 1455 0107 36       		.byte	0x36
 1456 0108 1E       		.byte	0x1e
 1457 0109 03       		.byte	0x3
 1458 010a 00000000 		.4byte	cfg_memset_list.4746
 1459 010e 22       		.byte	0x22
 1460 010f 9F       		.byte	0x9f
 1461 0110 00000000 		.4byte	0
 1462 0114 00000000 		.4byte	0
 1463              		.section	.debug_aranges,"",%progbits
 1464 0000 34000000 		.4byte	0x34
 1465 0004 0200     		.2byte	0x2
 1466 0006 00000000 		.4byte	.Ldebug_info0
 1467 000a 04       		.byte	0x4
 1468 000b 00       		.byte	0
 1469 000c 0000     		.2byte	0
 1470 000e 0000     		.2byte	0
 1471 0010 00000000 		.4byte	.LFB3
 1472 0014 32000000 		.4byte	.LFE3-.LFB3
 1473 0018 00000000 		.4byte	.LFB0
 1474 001c 0C000000 		.4byte	.LFE0-.LFB0
 1475 0020 00000000 		.4byte	.LFB4
 1476 0024 5C000000 		.4byte	.LFE4-.LFB4
 1477 0028 5C000000 		.4byte	.LFB6
 1478 002c 00010000 		.4byte	.LFE6-.LFB6
 1479 0030 00000000 		.4byte	0
 1480 0034 00000000 		.4byte	0
 1481              		.section	.debug_ranges,"",%progbits
 1482              	.Ldebug_ranges0:
 1483 0000 00000000 		.4byte	.LFB3
 1484 0004 32000000 		.4byte	.LFE3
 1485 0008 00000000 		.4byte	.LFB0
 1486 000c 0C000000 		.4byte	.LFE0
 1487 0010 00000000 		.4byte	.LFB4
 1488 0014 5C000000 		.4byte	.LFE4
 1489 0018 5C000000 		.4byte	.LFB6
 1490 001c 5C010000 		.4byte	.LFE6
 1491 0020 00000000 		.4byte	0
 1492 0024 00000000 		.4byte	0
 1493              		.section	.debug_line,"",%progbits
 1494              	.Ldebug_line0:
 1495 0000 5D010000 		.section	.debug_str,"MS",%progbits,1
 1495      0200D800 
 1495      00000201 
 1495      FB0E0D00 
 1495      01010101 
 1496              	.LASF18:
 1497 0000 72656733 		.ascii	"reg32\000"
 1497      3200
 1498              	.LASF11:
 1499 0006 73697A65 		.ascii	"size_t\000"
 1499      5F7400
 1500              	.LASF42:
 1501 000d 4379496E 		.ascii	"CyIntSetVector\000"
 1501      74536574 
 1501      56656374 
ARM GAS  C:\Users\Chris\AppData\Local\Temp\cco1j5I7.s 			page 34


 1501      6F7200
 1502              	.LASF21:
 1503 001c 76616C75 		.ascii	"value\000"
 1503      6500
 1504              	.LASF26:
 1505 0022 636F756E 		.ascii	"count\000"
 1505      7400
 1506              	.LASF29:
 1507 0028 436C6F63 		.ascii	"ClockSetup\000"
 1507      6B536574 
 1507      757000
 1508              	.LASF30:
 1509 0033 63795F63 		.ascii	"cy_cfg_addr_table\000"
 1509      66675F61 
 1509      6464725F 
 1509      7461626C 
 1509      6500
 1510              	.LASF31:
 1511 0045 63795F63 		.ascii	"cy_cfg_data_table\000"
 1511      66675F64 
 1511      6174615F 
 1511      7461626C 
 1511      6500
 1512              	.LASF22:
 1513 0057 63795F63 		.ascii	"cy_cfg_addrvalue_t\000"
 1513      66675F61 
 1513      64647276 
 1513      616C7565 
 1513      5F7400
 1514              	.LASF15:
 1515 006a 666C6F61 		.ascii	"float\000"
 1515      7400
 1516              	.LASF40:
 1517 0070 433A5C55 		.ascii	"C:\\Users\\Chris\\Desktop\\ECEC 304\\Labs\\Lesson5."
 1517      73657273 
 1517      5C436872 
 1517      69735C44 
 1517      65736B74 
 1518 009d 63796473 		.ascii	"cydsn\000"
 1518      6E00
 1519              	.LASF35:
 1520 00a3 6366675F 		.ascii	"cfg_memset_list\000"
 1520      6D656D73 
 1520      65745F6C 
 1520      69737400 
 1521              	.LASF33:
 1522 00b3 73697A65 		.ascii	"size\000"
 1522      00
 1523              	.LASF17:
 1524 00b8 72656738 		.ascii	"reg8\000"
 1524      00
 1525              	.LASF6:
 1526 00bd 6C6F6E67 		.ascii	"long unsigned int\000"
 1526      20756E73 
 1526      69676E65 
 1526      6420696E 
 1526      7400
ARM GAS  C:\Users\Chris\AppData\Local\Temp\cco1j5I7.s 			page 35


 1527              	.LASF12:
 1528 00cf 75696E74 		.ascii	"uint8\000"
 1528      3800
 1529              	.LASF28:
 1530 00d5 43594D45 		.ascii	"CYMEMZERO\000"
 1530      4D5A4552 
 1530      4F00
 1531              	.LASF2:
 1532 00df 756E7369 		.ascii	"unsigned char\000"
 1532      676E6564 
 1532      20636861 
 1532      7200
 1533              	.LASF36:
 1534 00ed 6D656D73 		.ascii	"memset\000"
 1534      657400
 1535              	.LASF16:
 1536 00f4 646F7562 		.ascii	"double\000"
 1536      6C6500
 1537              	.LASF27:
 1538 00fb 6366675F 		.ascii	"cfg_write_bytes32\000"
 1538      77726974 
 1538      655F6279 
 1538      74657333 
 1538      3200
 1539              	.LASF43:
 1540 010d 4379496E 		.ascii	"CyIntEnable\000"
 1540      74456E61 
 1540      626C6500 
 1541              	.LASF23:
 1542 0119 61646472 		.ascii	"addr_table\000"
 1542      5F746162 
 1542      6C6500
 1543              	.LASF13:
 1544 0124 75696E74 		.ascii	"uint16\000"
 1544      313600
 1545              	.LASF24:
 1546 012b 64617461 		.ascii	"data_table\000"
 1546      5F746162 
 1546      6C6500
 1547              	.LASF14:
 1548 0136 75696E74 		.ascii	"uint32\000"
 1548      333200
 1549              	.LASF0:
 1550 013d 756E7369 		.ascii	"unsigned int\000"
 1550      676E6564 
 1550      20696E74 
 1550      00
 1551              	.LASF41:
 1552 014a 63796669 		.ascii	"cyfitter_cfg\000"
 1552      74746572 
 1552      5F636667 
 1552      00
 1553              	.LASF32:
 1554 0157 61646472 		.ascii	"address\000"
 1554      65737300 
 1555              	.LASF8:
 1556 015f 6C6F6E67 		.ascii	"long long unsigned int\000"
ARM GAS  C:\Users\Chris\AppData\Local\Temp\cco1j5I7.s 			page 36


 1556      206C6F6E 
 1556      6720756E 
 1556      7369676E 
 1556      65642069 
 1557              	.LASF19:
 1558 0176 63796973 		.ascii	"cyisraddress\000"
 1558      72616464 
 1558      72657373 
 1558      00
 1559              	.LASF34:
 1560 0183 6366675F 		.ascii	"cfg_memset_t\000"
 1560      6D656D73 
 1560      65745F74 
 1560      00
 1561              	.LASF25:
 1562 0190 62617365 		.ascii	"baseAddr\000"
 1562      41646472 
 1562      00
 1563              	.LASF9:
 1564 0199 73697A65 		.ascii	"sizetype\000"
 1564      74797065 
 1564      00
 1565              	.LASF39:
 1566 01a2 2E5C4765 		.ascii	".\\Generated_Source\\PSoC4\\cyfitter_cfg.c\000"
 1566      6E657261 
 1566      7465645F 
 1566      536F7572 
 1566      63655C50 
 1567              	.LASF7:
 1568 01ca 6C6F6E67 		.ascii	"long long int\000"
 1568      206C6F6E 
 1568      6720696E 
 1568      7400
 1569              	.LASF10:
 1570 01d8 63686172 		.ascii	"char\000"
 1570      00
 1571              	.LASF38:
 1572 01dd 474E5520 		.ascii	"GNU C 4.9.3 20150303 (release) [ARM/embedded-4_9-br"
 1572      4320342E 
 1572      392E3320 
 1572      32303135 
 1572      30333033 
 1573 0210 616E6368 		.ascii	"anch revision 221220] -mcpu=cortex-m0 -mthumb -g -O"
 1573      20726576 
 1573      6973696F 
 1573      6E203232 
 1573      31323230 
 1574 0243 67202D66 		.ascii	"g -ffunction-sections -ffat-lto-objects\000"
 1574      66756E63 
 1574      74696F6E 
 1574      2D736563 
 1574      74696F6E 
 1575              	.LASF20:
 1576 026b 6F666673 		.ascii	"offset\000"
 1576      657400
 1577              	.LASF3:
 1578 0272 73686F72 		.ascii	"short int\000"
ARM GAS  C:\Users\Chris\AppData\Local\Temp\cco1j5I7.s 			page 37


 1578      7420696E 
 1578      7400
 1579              	.LASF37:
 1580 027c 43795379 		.ascii	"CySysClkWriteImoFreq\000"
 1580      73436C6B 
 1580      57726974 
 1580      65496D6F 
 1580      46726571 
 1581              	.LASF5:
 1582 0291 6C6F6E67 		.ascii	"long int\000"
 1582      20696E74 
 1582      00
 1583              	.LASF1:
 1584 029a 7369676E 		.ascii	"signed char\000"
 1584      65642063 
 1584      68617200 
 1585              	.LASF4:
 1586 02a6 73686F72 		.ascii	"short unsigned int\000"
 1586      7420756E 
 1586      7369676E 
 1586      65642069 
 1586      6E7400
 1587              		.ident	"GCC: (GNU Tools for ARM Embedded Processors) 4.9.3 20150303 (release) [ARM/embedded-4_9-br
