ARM GAS  C:\Users\cdc75\AppData\Local\Temp\ccyvmZpG.s 			page 1


   1              		.cpu cortex-m0
   2              		.fpu softvfp
   3              		.eabi_attribute 20, 1
   4              		.eabi_attribute 21, 1
   5              		.eabi_attribute 23, 3
   6              		.eabi_attribute 24, 1
   7              		.eabi_attribute 25, 1
   8              		.eabi_attribute 26, 1
   9              		.eabi_attribute 30, 1
  10              		.eabi_attribute 34, 0
  11              		.eabi_attribute 18, 4
  12              		.code	16
  13              		.file	"cyfitter_cfg.c"
  14              		.text
  15              	.Ltext0:
  16              		.cfi_sections	.debug_frame
  17              		.section	.text.CYMEMZERO,"ax",%progbits
  18              		.align	2
  19              		.code	16
  20              		.thumb_func
  21              		.type	CYMEMZERO, %function
  22              	CYMEMZERO:
  23              	.LFB0:
  24              		.file 1 ".\\Generated_Source\\PSoC4\\cyfitter_cfg.c"
   1:.\Generated_Source\PSoC4/cyfitter_cfg.c **** /*******************************************************************************
   2:.\Generated_Source\PSoC4/cyfitter_cfg.c **** * File Name: cyfitter_cfg.c
   3:.\Generated_Source\PSoC4/cyfitter_cfg.c **** * 
   4:.\Generated_Source\PSoC4/cyfitter_cfg.c **** * PSoC Creator  3.3 CP3
   5:.\Generated_Source\PSoC4/cyfitter_cfg.c **** *
   6:.\Generated_Source\PSoC4/cyfitter_cfg.c **** * Description:
   7:.\Generated_Source\PSoC4/cyfitter_cfg.c **** * This file contains device initialization code.
   8:.\Generated_Source\PSoC4/cyfitter_cfg.c **** * Except for the user defined sections in CyClockStartupError(), this file should not be modified.
   9:.\Generated_Source\PSoC4/cyfitter_cfg.c **** * This file is automatically generated by PSoC Creator.
  10:.\Generated_Source\PSoC4/cyfitter_cfg.c **** *
  11:.\Generated_Source\PSoC4/cyfitter_cfg.c **** ********************************************************************************
  12:.\Generated_Source\PSoC4/cyfitter_cfg.c **** * Copyright (c) 2007-2016 Cypress Semiconductor.  All rights reserved.
  13:.\Generated_Source\PSoC4/cyfitter_cfg.c **** * You may use this file only in accordance with the license, terms, conditions, 
  14:.\Generated_Source\PSoC4/cyfitter_cfg.c **** * disclaimers, and limitations in the end user license agreement accompanying 
  15:.\Generated_Source\PSoC4/cyfitter_cfg.c **** * the software package with which this file was provided.
  16:.\Generated_Source\PSoC4/cyfitter_cfg.c **** ********************************************************************************/
  17:.\Generated_Source\PSoC4/cyfitter_cfg.c **** 
  18:.\Generated_Source\PSoC4/cyfitter_cfg.c **** #include <string.h>
  19:.\Generated_Source\PSoC4/cyfitter_cfg.c **** #include "cytypes.h"
  20:.\Generated_Source\PSoC4/cyfitter_cfg.c **** #include "cydevice_trm.h"
  21:.\Generated_Source\PSoC4/cyfitter_cfg.c **** #include "cyfitter.h"
  22:.\Generated_Source\PSoC4/cyfitter_cfg.c **** #include "CyLib.h"
  23:.\Generated_Source\PSoC4/cyfitter_cfg.c **** #include "CyLFClk.h"
  24:.\Generated_Source\PSoC4/cyfitter_cfg.c **** #include "cyfitter_cfg.h"
  25:.\Generated_Source\PSoC4/cyfitter_cfg.c **** 
  26:.\Generated_Source\PSoC4/cyfitter_cfg.c **** 
  27:.\Generated_Source\PSoC4/cyfitter_cfg.c **** #if defined(__GNUC__) || defined(__ARMCC_VERSION)
  28:.\Generated_Source\PSoC4/cyfitter_cfg.c ****     #define CYPACKED 
  29:.\Generated_Source\PSoC4/cyfitter_cfg.c ****     #define CYPACKED_ATTR __attribute__ ((packed))
  30:.\Generated_Source\PSoC4/cyfitter_cfg.c ****     #define CYALIGNED __attribute__ ((aligned))
  31:.\Generated_Source\PSoC4/cyfitter_cfg.c ****     #define CY_CFG_UNUSED __attribute__ ((unused))
  32:.\Generated_Source\PSoC4/cyfitter_cfg.c ****     #ifndef CY_CFG_SECTION
  33:.\Generated_Source\PSoC4/cyfitter_cfg.c ****         #define CY_CFG_SECTION __attribute__ ((section(".psocinit")))
ARM GAS  C:\Users\cdc75\AppData\Local\Temp\ccyvmZpG.s 			page 2


  34:.\Generated_Source\PSoC4/cyfitter_cfg.c ****     #endif
  35:.\Generated_Source\PSoC4/cyfitter_cfg.c ****     
  36:.\Generated_Source\PSoC4/cyfitter_cfg.c ****     #if defined(__ARMCC_VERSION)
  37:.\Generated_Source\PSoC4/cyfitter_cfg.c ****         #define CY_CFG_MEMORY_BARRIER() __memory_changed()
  38:.\Generated_Source\PSoC4/cyfitter_cfg.c ****     #else
  39:.\Generated_Source\PSoC4/cyfitter_cfg.c ****         #define CY_CFG_MEMORY_BARRIER() __sync_synchronize()
  40:.\Generated_Source\PSoC4/cyfitter_cfg.c ****     #endif
  41:.\Generated_Source\PSoC4/cyfitter_cfg.c ****     
  42:.\Generated_Source\PSoC4/cyfitter_cfg.c **** #elif defined(__ICCARM__)
  43:.\Generated_Source\PSoC4/cyfitter_cfg.c ****     #include <intrinsics.h>
  44:.\Generated_Source\PSoC4/cyfitter_cfg.c **** 
  45:.\Generated_Source\PSoC4/cyfitter_cfg.c ****     #define CYPACKED __packed
  46:.\Generated_Source\PSoC4/cyfitter_cfg.c ****     #define CYPACKED_ATTR 
  47:.\Generated_Source\PSoC4/cyfitter_cfg.c ****     #define CYALIGNED _Pragma("data_alignment=4")
  48:.\Generated_Source\PSoC4/cyfitter_cfg.c ****     #define CY_CFG_UNUSED _Pragma("diag_suppress=Pe177")
  49:.\Generated_Source\PSoC4/cyfitter_cfg.c ****     #define CY_CFG_SECTION _Pragma("location=\".psocinit\"")
  50:.\Generated_Source\PSoC4/cyfitter_cfg.c ****     
  51:.\Generated_Source\PSoC4/cyfitter_cfg.c ****     #define CY_CFG_MEMORY_BARRIER() __DMB()
  52:.\Generated_Source\PSoC4/cyfitter_cfg.c ****     
  53:.\Generated_Source\PSoC4/cyfitter_cfg.c **** #else
  54:.\Generated_Source\PSoC4/cyfitter_cfg.c ****     #error Unsupported toolchain
  55:.\Generated_Source\PSoC4/cyfitter_cfg.c **** #endif
  56:.\Generated_Source\PSoC4/cyfitter_cfg.c **** 
  57:.\Generated_Source\PSoC4/cyfitter_cfg.c **** 
  58:.\Generated_Source\PSoC4/cyfitter_cfg.c **** CY_CFG_UNUSED
  59:.\Generated_Source\PSoC4/cyfitter_cfg.c **** static void CYMEMZERO(void *s, size_t n);
  60:.\Generated_Source\PSoC4/cyfitter_cfg.c **** CY_CFG_UNUSED
  61:.\Generated_Source\PSoC4/cyfitter_cfg.c **** static void CYMEMZERO(void *s, size_t n)
  62:.\Generated_Source\PSoC4/cyfitter_cfg.c **** {
  25              		.loc 1 62 0
  26              		.cfi_startproc
  27              	.LVL0:
  28 0000 08B5     		push	{r3, lr}
  29              		.cfi_def_cfa_offset 8
  30              		.cfi_offset 3, -8
  31              		.cfi_offset 14, -4
  32 0002 0A1C     		mov	r2, r1
  63:.\Generated_Source\PSoC4/cyfitter_cfg.c **** 	(void)memset(s, 0, n);
  33              		.loc 1 63 0
  34 0004 0021     		mov	r1, #0
  35              	.LVL1:
  36 0006 FFF7FEFF 		bl	memset
  37              	.LVL2:
  64:.\Generated_Source\PSoC4/cyfitter_cfg.c **** }
  38              		.loc 1 64 0
  39              		@ sp needed
  40 000a 08BD     		pop	{r3, pc}
  41              		.cfi_endproc
  42              	.LFE0:
  43              		.size	CYMEMZERO, .-CYMEMZERO
  44              		.section	.psocinit,"ax",%progbits
  45              		.align	2
  46              		.code	16
  47              		.thumb_func
  48              		.type	ClockSetup, %function
  49              	ClockSetup:
  50              	.LFB3:
ARM GAS  C:\Users\cdc75\AppData\Local\Temp\ccyvmZpG.s 			page 3


  65:.\Generated_Source\PSoC4/cyfitter_cfg.c **** CY_CFG_UNUSED
  66:.\Generated_Source\PSoC4/cyfitter_cfg.c **** static void CYCONFIGCPY(void *dest, const void *src, size_t n);
  67:.\Generated_Source\PSoC4/cyfitter_cfg.c **** CY_CFG_UNUSED
  68:.\Generated_Source\PSoC4/cyfitter_cfg.c **** static void CYCONFIGCPY(void *dest, const void *src, size_t n)
  69:.\Generated_Source\PSoC4/cyfitter_cfg.c **** {
  70:.\Generated_Source\PSoC4/cyfitter_cfg.c **** 	(void)memcpy(dest, src, n);
  71:.\Generated_Source\PSoC4/cyfitter_cfg.c **** }
  72:.\Generated_Source\PSoC4/cyfitter_cfg.c **** CY_CFG_UNUSED
  73:.\Generated_Source\PSoC4/cyfitter_cfg.c **** static void CYCONFIGCPYCODE(void *dest, const void *src, size_t n);
  74:.\Generated_Source\PSoC4/cyfitter_cfg.c **** CY_CFG_UNUSED
  75:.\Generated_Source\PSoC4/cyfitter_cfg.c **** static void CYCONFIGCPYCODE(void *dest, const void *src, size_t n)
  76:.\Generated_Source\PSoC4/cyfitter_cfg.c **** {
  77:.\Generated_Source\PSoC4/cyfitter_cfg.c **** 	(void)memcpy(dest, src, n);
  78:.\Generated_Source\PSoC4/cyfitter_cfg.c **** }
  79:.\Generated_Source\PSoC4/cyfitter_cfg.c **** 
  80:.\Generated_Source\PSoC4/cyfitter_cfg.c **** 
  81:.\Generated_Source\PSoC4/cyfitter_cfg.c **** 
  82:.\Generated_Source\PSoC4/cyfitter_cfg.c **** /* Clock startup error codes                                                   */
  83:.\Generated_Source\PSoC4/cyfitter_cfg.c **** #define CYCLOCKSTART_NO_ERROR    0u
  84:.\Generated_Source\PSoC4/cyfitter_cfg.c **** #define CYCLOCKSTART_XTAL_ERROR  1u
  85:.\Generated_Source\PSoC4/cyfitter_cfg.c **** #define CYCLOCKSTART_32KHZ_ERROR 2u
  86:.\Generated_Source\PSoC4/cyfitter_cfg.c **** #define CYCLOCKSTART_PLL_ERROR   3u
  87:.\Generated_Source\PSoC4/cyfitter_cfg.c **** 
  88:.\Generated_Source\PSoC4/cyfitter_cfg.c **** #ifdef CY_NEED_CYCLOCKSTARTUPERROR
  89:.\Generated_Source\PSoC4/cyfitter_cfg.c **** /*******************************************************************************
  90:.\Generated_Source\PSoC4/cyfitter_cfg.c **** * Function Name: CyClockStartupError
  91:.\Generated_Source\PSoC4/cyfitter_cfg.c **** ********************************************************************************
  92:.\Generated_Source\PSoC4/cyfitter_cfg.c **** * Summary:
  93:.\Generated_Source\PSoC4/cyfitter_cfg.c **** *  If an error is encountered during clock configuration (crystal startup error,
  94:.\Generated_Source\PSoC4/cyfitter_cfg.c **** *  PLL lock error, etc.), the system will end up here.  Unless reimplemented by
  95:.\Generated_Source\PSoC4/cyfitter_cfg.c **** *  the customer, this function will stop in an infinite loop.
  96:.\Generated_Source\PSoC4/cyfitter_cfg.c **** *
  97:.\Generated_Source\PSoC4/cyfitter_cfg.c **** * Parameters:
  98:.\Generated_Source\PSoC4/cyfitter_cfg.c **** *   void
  99:.\Generated_Source\PSoC4/cyfitter_cfg.c **** *
 100:.\Generated_Source\PSoC4/cyfitter_cfg.c **** * Return:
 101:.\Generated_Source\PSoC4/cyfitter_cfg.c **** *   void
 102:.\Generated_Source\PSoC4/cyfitter_cfg.c **** *
 103:.\Generated_Source\PSoC4/cyfitter_cfg.c **** *******************************************************************************/
 104:.\Generated_Source\PSoC4/cyfitter_cfg.c **** CY_CFG_UNUSED
 105:.\Generated_Source\PSoC4/cyfitter_cfg.c **** static void CyClockStartupError(uint8 errorCode);
 106:.\Generated_Source\PSoC4/cyfitter_cfg.c **** CY_CFG_UNUSED
 107:.\Generated_Source\PSoC4/cyfitter_cfg.c **** static void CyClockStartupError(uint8 errorCode)
 108:.\Generated_Source\PSoC4/cyfitter_cfg.c **** {
 109:.\Generated_Source\PSoC4/cyfitter_cfg.c ****     /* To remove the compiler warning if errorCode not used.                */
 110:.\Generated_Source\PSoC4/cyfitter_cfg.c ****     errorCode = errorCode;
 111:.\Generated_Source\PSoC4/cyfitter_cfg.c **** 
 112:.\Generated_Source\PSoC4/cyfitter_cfg.c ****     /* `#START CyClockStartupError` */
 113:.\Generated_Source\PSoC4/cyfitter_cfg.c **** 
 114:.\Generated_Source\PSoC4/cyfitter_cfg.c ****     /* If we have a clock startup error (bad MHz crystal, PLL lock, etc.),  */
 115:.\Generated_Source\PSoC4/cyfitter_cfg.c ****     /* we will end up here to allow the customer to implement something to  */
 116:.\Generated_Source\PSoC4/cyfitter_cfg.c ****     /* deal with the clock condition.                                       */
 117:.\Generated_Source\PSoC4/cyfitter_cfg.c **** 
 118:.\Generated_Source\PSoC4/cyfitter_cfg.c ****     /* `#END` */
 119:.\Generated_Source\PSoC4/cyfitter_cfg.c **** 
 120:.\Generated_Source\PSoC4/cyfitter_cfg.c ****     /* If nothing else, stop here since the clocks have not started         */
 121:.\Generated_Source\PSoC4/cyfitter_cfg.c ****     /* correctly.                                                           */
ARM GAS  C:\Users\cdc75\AppData\Local\Temp\ccyvmZpG.s 			page 4


 122:.\Generated_Source\PSoC4/cyfitter_cfg.c ****     while(1) {}
 123:.\Generated_Source\PSoC4/cyfitter_cfg.c **** }
 124:.\Generated_Source\PSoC4/cyfitter_cfg.c **** #endif
 125:.\Generated_Source\PSoC4/cyfitter_cfg.c **** 
 126:.\Generated_Source\PSoC4/cyfitter_cfg.c **** 
 127:.\Generated_Source\PSoC4/cyfitter_cfg.c **** 
 128:.\Generated_Source\PSoC4/cyfitter_cfg.c **** /*******************************************************************************
 129:.\Generated_Source\PSoC4/cyfitter_cfg.c **** * Function Name: ClockSetup
 130:.\Generated_Source\PSoC4/cyfitter_cfg.c **** ********************************************************************************
 131:.\Generated_Source\PSoC4/cyfitter_cfg.c **** *
 132:.\Generated_Source\PSoC4/cyfitter_cfg.c **** * Summary:
 133:.\Generated_Source\PSoC4/cyfitter_cfg.c **** *   Performs the initialization of all of the clocks in the device based on the
 134:.\Generated_Source\PSoC4/cyfitter_cfg.c **** *   settings in the Clock tab of the DWR.  This includes enabling the requested
 135:.\Generated_Source\PSoC4/cyfitter_cfg.c **** *   clocks and setting the necessary dividers to produce the desired frequency. 
 136:.\Generated_Source\PSoC4/cyfitter_cfg.c **** *
 137:.\Generated_Source\PSoC4/cyfitter_cfg.c **** * Parameters:
 138:.\Generated_Source\PSoC4/cyfitter_cfg.c **** *   void
 139:.\Generated_Source\PSoC4/cyfitter_cfg.c **** *
 140:.\Generated_Source\PSoC4/cyfitter_cfg.c **** * Return:
 141:.\Generated_Source\PSoC4/cyfitter_cfg.c **** *   void
 142:.\Generated_Source\PSoC4/cyfitter_cfg.c **** *
 143:.\Generated_Source\PSoC4/cyfitter_cfg.c **** *******************************************************************************/
 144:.\Generated_Source\PSoC4/cyfitter_cfg.c **** static void ClockSetup(void);
 145:.\Generated_Source\PSoC4/cyfitter_cfg.c **** CY_CFG_SECTION
 146:.\Generated_Source\PSoC4/cyfitter_cfg.c **** static void ClockSetup(void)
 147:.\Generated_Source\PSoC4/cyfitter_cfg.c **** {
  51              		.loc 1 147 0
  52              		.cfi_startproc
  53 0000 38B5     		push	{r3, r4, r5, lr}
  54              		.cfi_def_cfa_offset 16
  55              		.cfi_offset 3, -16
  56              		.cfi_offset 4, -12
  57              		.cfi_offset 5, -8
  58              		.cfi_offset 14, -4
 148:.\Generated_Source\PSoC4/cyfitter_cfg.c **** 	/* Enable HALF_EN before trimming for the flash accelerator. */
 149:.\Generated_Source\PSoC4/cyfitter_cfg.c **** 	CY_SET_REG32((void CYXDATA *)(CYREG_CLK_SELECT), (CY_GET_REG32((void *)CYREG_CLK_SELECT) | 0x00040
  59              		.loc 1 149 0
  60 0002 164C     		ldr	r4, .L3
  61 0004 2368     		ldr	r3, [r4]
  62 0006 8022     		mov	r2, #128
  63 0008 D202     		lsl	r2, r2, #11
  64 000a 1343     		orr	r3, r2
  65 000c 2360     		str	r3, [r4]
 150:.\Generated_Source\PSoC4/cyfitter_cfg.c **** 
 151:.\Generated_Source\PSoC4/cyfitter_cfg.c **** 	/* Setup and trim IMO based on desired frequency. */
 152:.\Generated_Source\PSoC4/cyfitter_cfg.c **** 	CySysClkWriteImoFreq(24u);
  66              		.loc 1 152 0
  67 000e 1820     		mov	r0, #24
  68 0010 FFF7FEFF 		bl	CySysClkWriteImoFreq
  69              	.LVL3:
 153:.\Generated_Source\PSoC4/cyfitter_cfg.c **** 
 154:.\Generated_Source\PSoC4/cyfitter_cfg.c **** 	/* Disable HALF_EN since it is not required at this IMO frequency. */
 155:.\Generated_Source\PSoC4/cyfitter_cfg.c **** 	CY_SET_REG32((void CYXDATA *)(CYREG_CLK_SELECT), (CY_GET_REG32((void *)CYREG_CLK_SELECT) & 0xFFFBF
  70              		.loc 1 155 0
  71 0014 2268     		ldr	r2, [r4]
  72 0016 124B     		ldr	r3, .L3+4
  73 0018 1340     		and	r3, r2
ARM GAS  C:\Users\cdc75\AppData\Local\Temp\ccyvmZpG.s 			page 5


  74 001a 2360     		str	r3, [r4]
 156:.\Generated_Source\PSoC4/cyfitter_cfg.c **** 	/* CYDEV_CLK_ILO_CONFIG Starting address: CYDEV_CLK_ILO_CONFIG */
 157:.\Generated_Source\PSoC4/cyfitter_cfg.c **** 	CY_SET_XTND_REG32((void CYFAR *)(CYREG_CLK_ILO_CONFIG), 0x80000006u);
  75              		.loc 1 157 0
  76 001c 114A     		ldr	r2, .L3+8
  77 001e 124B     		ldr	r3, .L3+12
  78 0020 1A60     		str	r2, [r3]
 158:.\Generated_Source\PSoC4/cyfitter_cfg.c **** 
 159:.\Generated_Source\PSoC4/cyfitter_cfg.c **** 
 160:.\Generated_Source\PSoC4/cyfitter_cfg.c **** 	/* CYDEV_CLK_SELECT00 Starting address: CYDEV_CLK_SELECT00 */
 161:.\Generated_Source\PSoC4/cyfitter_cfg.c **** 	CY_SET_XTND_REG32((void CYFAR *)(CYREG_CLK_SELECT02), 0x00000020u);
  79              		.loc 1 161 0
  80 0022 2022     		mov	r2, #32
  81 0024 114B     		ldr	r3, .L3+16
  82 0026 1A60     		str	r2, [r3]
 162:.\Generated_Source\PSoC4/cyfitter_cfg.c **** 	CY_SET_XTND_REG32((void CYFAR *)(CYREG_CLK_SELECT03), 0x00000010u);
  83              		.loc 1 162 0
  84 0028 103A     		sub	r2, r2, #16
  85 002a 114B     		ldr	r3, .L3+20
  86 002c 1A60     		str	r2, [r3]
 163:.\Generated_Source\PSoC4/cyfitter_cfg.c **** 
 164:.\Generated_Source\PSoC4/cyfitter_cfg.c **** 	/* CYDEV_CLK_IMO_CONFIG Starting address: CYDEV_CLK_IMO_CONFIG */
 165:.\Generated_Source\PSoC4/cyfitter_cfg.c **** 	CY_SET_XTND_REG32((void CYFAR *)(CYREG_CLK_IMO_CONFIG), 0x80000000u);
  87              		.loc 1 165 0
  88 002e 8022     		mov	r2, #128
  89 0030 1206     		lsl	r2, r2, #24
  90 0032 104B     		ldr	r3, .L3+24
  91 0034 1A60     		str	r2, [r3]
 166:.\Generated_Source\PSoC4/cyfitter_cfg.c **** 
 167:.\Generated_Source\PSoC4/cyfitter_cfg.c **** 	/* CYDEV_CLK_SELECT Starting address: CYDEV_CLK_SELECT */
 168:.\Generated_Source\PSoC4/cyfitter_cfg.c **** 	CY_SET_XTND_REG32((void CYFAR *)(CYREG_CLK_SELECT), 0x00000000u);
  92              		.loc 1 168 0
  93 0036 0025     		mov	r5, #0
  94 0038 2560     		str	r5, [r4]
 169:.\Generated_Source\PSoC4/cyfitter_cfg.c **** 
 170:.\Generated_Source\PSoC4/cyfitter_cfg.c **** 	/* CYDEV_CLK_DIVIDER_A00 Starting address: CYDEV_CLK_DIVIDER_A00 */
 171:.\Generated_Source\PSoC4/cyfitter_cfg.c **** 	CY_SET_XTND_REG32((void CYFAR *)(CYREG_CLK_DIVIDER_A00), 0x8000000Eu);
  95              		.loc 1 171 0
  96 003a 0F4A     		ldr	r2, .L3+28
  97 003c 0F4B     		ldr	r3, .L3+32
  98 003e 1A60     		str	r2, [r3]
 172:.\Generated_Source\PSoC4/cyfitter_cfg.c **** 
 173:.\Generated_Source\PSoC4/cyfitter_cfg.c **** 	/* CYDEV_CLK_DIVIDER_B00 Starting address: CYDEV_CLK_DIVIDER_B00 */
 174:.\Generated_Source\PSoC4/cyfitter_cfg.c **** 	CY_SET_XTND_REG32((void CYFAR *)(CYREG_CLK_DIVIDER_B00), 0x80000010u);
  99              		.loc 1 174 0
 100 0040 0F4A     		ldr	r2, .L3+36
 101 0042 104B     		ldr	r3, .L3+40
 102 0044 1A60     		str	r2, [r3]
 175:.\Generated_Source\PSoC4/cyfitter_cfg.c **** 
 176:.\Generated_Source\PSoC4/cyfitter_cfg.c **** 	(void)CyIntSetVector(9u, &CySysWdtIsr);
 103              		.loc 1 176 0
 104 0046 0920     		mov	r0, #9
 105 0048 0F49     		ldr	r1, .L3+44
 106 004a FFF7FEFF 		bl	CyIntSetVector
 107              	.LVL4:
 177:.\Generated_Source\PSoC4/cyfitter_cfg.c **** 	CyIntEnable(9u);
 108              		.loc 1 177 0
ARM GAS  C:\Users\cdc75\AppData\Local\Temp\ccyvmZpG.s 			page 6


 109 004e 0920     		mov	r0, #9
 110 0050 FFF7FEFF 		bl	CyIntEnable
 111              	.LVL5:
 178:.\Generated_Source\PSoC4/cyfitter_cfg.c **** 	CY_SET_XTND_REG32((void CYFAR *)(CYREG_WDT_CONFIG), 0x00000000u);
 112              		.loc 1 178 0
 113 0054 0D4B     		ldr	r3, .L3+48
 114 0056 1D60     		str	r5, [r3]
 179:.\Generated_Source\PSoC4/cyfitter_cfg.c **** }
 115              		.loc 1 179 0
 116              		@ sp needed
 117 0058 38BD     		pop	{r3, r4, r5, pc}
 118              	.L4:
 119 005a C046     		.align	2
 120              	.L3:
 121 005c 00010B40 		.word	1074462976
 122 0060 FFFFFBFF 		.word	-262145
 123 0064 06000080 		.word	-2147483642
 124 0068 04010B40 		.word	1074462980
 125 006c 08020240 		.word	1073873416
 126 0070 0C020240 		.word	1073873420
 127 0074 08010B40 		.word	1074462984
 128 0078 0E000080 		.word	-2147483634
 129 007c 00000240 		.word	1073872896
 130 0080 10000080 		.word	-2147483632
 131 0084 40000240 		.word	1073872960
 132 0088 00000000 		.word	CySysWdtIsr
 133 008c 0C020B40 		.word	1074463244
 134              		.cfi_endproc
 135              	.LFE3:
 136              		.size	ClockSetup, .-ClockSetup
 137              		.align	2
 138              		.global	cyfitter_cfg
 139              		.code	16
 140              		.thumb_func
 141              		.type	cyfitter_cfg, %function
 142              	cyfitter_cfg:
 143              	.LFB5:
 180:.\Generated_Source\PSoC4/cyfitter_cfg.c **** 
 181:.\Generated_Source\PSoC4/cyfitter_cfg.c **** 
 182:.\Generated_Source\PSoC4/cyfitter_cfg.c **** /* Analog API Functions */
 183:.\Generated_Source\PSoC4/cyfitter_cfg.c **** 
 184:.\Generated_Source\PSoC4/cyfitter_cfg.c **** 
 185:.\Generated_Source\PSoC4/cyfitter_cfg.c **** /*******************************************************************************
 186:.\Generated_Source\PSoC4/cyfitter_cfg.c **** * Function Name: AnalogSetDefault
 187:.\Generated_Source\PSoC4/cyfitter_cfg.c **** ********************************************************************************
 188:.\Generated_Source\PSoC4/cyfitter_cfg.c **** *
 189:.\Generated_Source\PSoC4/cyfitter_cfg.c **** * Summary:
 190:.\Generated_Source\PSoC4/cyfitter_cfg.c **** *  Sets up the analog portions of the chip to default values based on chip
 191:.\Generated_Source\PSoC4/cyfitter_cfg.c **** *  configuration options from the project.
 192:.\Generated_Source\PSoC4/cyfitter_cfg.c **** *
 193:.\Generated_Source\PSoC4/cyfitter_cfg.c **** * Parameters:
 194:.\Generated_Source\PSoC4/cyfitter_cfg.c **** *  void
 195:.\Generated_Source\PSoC4/cyfitter_cfg.c **** *
 196:.\Generated_Source\PSoC4/cyfitter_cfg.c **** * Return:
 197:.\Generated_Source\PSoC4/cyfitter_cfg.c **** *  void
 198:.\Generated_Source\PSoC4/cyfitter_cfg.c **** *
 199:.\Generated_Source\PSoC4/cyfitter_cfg.c **** *******************************************************************************/
ARM GAS  C:\Users\cdc75\AppData\Local\Temp\ccyvmZpG.s 			page 7


 200:.\Generated_Source\PSoC4/cyfitter_cfg.c **** static void AnalogSetDefault(void);
 201:.\Generated_Source\PSoC4/cyfitter_cfg.c **** static void AnalogSetDefault(void)
 202:.\Generated_Source\PSoC4/cyfitter_cfg.c **** {
 203:.\Generated_Source\PSoC4/cyfitter_cfg.c **** }
 204:.\Generated_Source\PSoC4/cyfitter_cfg.c **** 
 205:.\Generated_Source\PSoC4/cyfitter_cfg.c **** #define CY_AMUX_UNUSED CYREG_CM0_ROM_DWT
 206:.\Generated_Source\PSoC4/cyfitter_cfg.c **** 
 207:.\Generated_Source\PSoC4/cyfitter_cfg.c **** 
 208:.\Generated_Source\PSoC4/cyfitter_cfg.c **** /*******************************************************************************
 209:.\Generated_Source\PSoC4/cyfitter_cfg.c **** * Function Name: cyfitter_cfg
 210:.\Generated_Source\PSoC4/cyfitter_cfg.c **** ********************************************************************************
 211:.\Generated_Source\PSoC4/cyfitter_cfg.c **** * Summary:
 212:.\Generated_Source\PSoC4/cyfitter_cfg.c **** *  This function is called by the start-up code for the selected device. It
 213:.\Generated_Source\PSoC4/cyfitter_cfg.c **** *  performs all of the necessary device configuration based on the design
 214:.\Generated_Source\PSoC4/cyfitter_cfg.c **** *  settings.  This includes settings from the Design Wide Resources (DWR) such
 215:.\Generated_Source\PSoC4/cyfitter_cfg.c **** *  as Clocks and Pins as well as any component configuration that is necessary.
 216:.\Generated_Source\PSoC4/cyfitter_cfg.c **** *
 217:.\Generated_Source\PSoC4/cyfitter_cfg.c **** * Parameters:  
 218:.\Generated_Source\PSoC4/cyfitter_cfg.c **** *   void
 219:.\Generated_Source\PSoC4/cyfitter_cfg.c **** *
 220:.\Generated_Source\PSoC4/cyfitter_cfg.c **** * Return:
 221:.\Generated_Source\PSoC4/cyfitter_cfg.c **** *   void
 222:.\Generated_Source\PSoC4/cyfitter_cfg.c **** *
 223:.\Generated_Source\PSoC4/cyfitter_cfg.c **** *******************************************************************************/
 224:.\Generated_Source\PSoC4/cyfitter_cfg.c **** CY_CFG_SECTION
 225:.\Generated_Source\PSoC4/cyfitter_cfg.c **** void cyfitter_cfg(void)
 226:.\Generated_Source\PSoC4/cyfitter_cfg.c **** {
 144              		.loc 1 226 0
 145              		.cfi_startproc
 146 0090 10B5     		push	{r4, lr}
 147              		.cfi_def_cfa_offset 8
 148              		.cfi_offset 4, -8
 149              		.cfi_offset 14, -4
 227:.\Generated_Source\PSoC4/cyfitter_cfg.c **** 	/* Disable interrupts by default. Let user enable if/when they want. */
 228:.\Generated_Source\PSoC4/cyfitter_cfg.c **** 	CyGlobalIntDisable;
 150              		.loc 1 228 0
 151              	@ 228 ".\Generated_Source\PSoC4\cyfitter_cfg.c" 1
 152 0092 72B6     		CPSID   i
 153              	@ 0 "" 2
 154              	.LVL6:
 155              		.code	16
 156              	.LBB2:
 229:.\Generated_Source\PSoC4/cyfitter_cfg.c **** 
 230:.\Generated_Source\PSoC4/cyfitter_cfg.c **** 	{
 231:.\Generated_Source\PSoC4/cyfitter_cfg.c **** 
 232:.\Generated_Source\PSoC4/cyfitter_cfg.c **** 		CYPACKED typedef struct {
 233:.\Generated_Source\PSoC4/cyfitter_cfg.c **** 			void CYFAR *address;
 234:.\Generated_Source\PSoC4/cyfitter_cfg.c **** 			uint16 size;
 235:.\Generated_Source\PSoC4/cyfitter_cfg.c **** 		} CYPACKED_ATTR cfg_memset_t;
 236:.\Generated_Source\PSoC4/cyfitter_cfg.c **** 
 237:.\Generated_Source\PSoC4/cyfitter_cfg.c **** 		static const cfg_memset_t CYCODE cfg_memset_list [] = {
 238:.\Generated_Source\PSoC4/cyfitter_cfg.c **** 			/* address, size */
 239:.\Generated_Source\PSoC4/cyfitter_cfg.c **** 			{(void CYFAR *)(CYDEV_UDB_P0_U0_BASE), 1024u},
 240:.\Generated_Source\PSoC4/cyfitter_cfg.c **** 			{(void CYFAR *)(CYDEV_UDB_DSI0_BASE), 1024u},
 241:.\Generated_Source\PSoC4/cyfitter_cfg.c **** 		};
 242:.\Generated_Source\PSoC4/cyfitter_cfg.c **** 
 243:.\Generated_Source\PSoC4/cyfitter_cfg.c **** 		uint8 CYDATA i;
ARM GAS  C:\Users\cdc75\AppData\Local\Temp\ccyvmZpG.s 			page 8


 244:.\Generated_Source\PSoC4/cyfitter_cfg.c **** 
 245:.\Generated_Source\PSoC4/cyfitter_cfg.c **** 		/* Zero out critical memory blocks before beginning configuration */
 246:.\Generated_Source\PSoC4/cyfitter_cfg.c **** 		for (i = 0u; i < (sizeof(cfg_memset_list)/sizeof(cfg_memset_list[0])); i++)
 157              		.loc 1 246 0
 158 0094 0024     		mov	r4, #0
 159 0096 10E0     		b	.L6
 160              	.LVL7:
 161              	.L7:
 162              	.LBB3:
 247:.\Generated_Source\PSoC4/cyfitter_cfg.c **** 		{
 248:.\Generated_Source\PSoC4/cyfitter_cfg.c **** 			const cfg_memset_t CYCODE * CYDATA ms = &cfg_memset_list[i];
 249:.\Generated_Source\PSoC4/cyfitter_cfg.c **** 			CYMEMZERO(ms->address, (size_t)(uint32)(ms->size));
 163              		.loc 1 249 0 discriminator 3
 164 0098 2848     		ldr	r0, .L8
 165 009a 6300     		lsl	r3, r4, #1
 166 009c 1A19     		add	r2, r3, r4
 167 009e 5200     		lsl	r2, r2, #1
 168 00a0 8218     		add	r2, r0, r2
 169 00a2 9188     		ldrh	r1, [r2, #4]
 170 00a4 1B19     		add	r3, r3, r4
 171 00a6 5B00     		lsl	r3, r3, #1
 172 00a8 1A5A     		ldrh	r2, [r3, r0]
 173 00aa C318     		add	r3, r0, r3
 174 00ac 5888     		ldrh	r0, [r3, #2]
 175 00ae 0004     		lsl	r0, r0, #16
 176 00b0 1043     		orr	r0, r2
 177 00b2 FFF7FEFF 		bl	CYMEMZERO
 178              	.LVL8:
 179              	.LBE3:
 246:.\Generated_Source\PSoC4/cyfitter_cfg.c **** 		{
 180              		.loc 1 246 0 discriminator 3
 181 00b6 0134     		add	r4, r4, #1
 182              	.LVL9:
 183 00b8 E4B2     		uxtb	r4, r4
 184              	.LVL10:
 185              	.L6:
 246:.\Generated_Source\PSoC4/cyfitter_cfg.c **** 		{
 186              		.loc 1 246 0 is_stmt 0 discriminator 1
 187 00ba 012C     		cmp	r4, #1
 188 00bc ECD9     		bls	.L7
 250:.\Generated_Source\PSoC4/cyfitter_cfg.c **** 		}
 251:.\Generated_Source\PSoC4/cyfitter_cfg.c **** 
 252:.\Generated_Source\PSoC4/cyfitter_cfg.c **** 		/* HSIOM Starting address: CYDEV_HSIOM_BASE */
 253:.\Generated_Source\PSoC4/cyfitter_cfg.c **** 		CY_SET_XTND_REG32((void CYFAR *)(CYREG_HSIOM_PORT_SEL3), 0x0000EEEEu);
 189              		.loc 1 253 0 is_stmt 1
 190 00be 204A     		ldr	r2, .L8+4
 191 00c0 204B     		ldr	r3, .L8+8
 192 00c2 1A60     		str	r2, [r3]
 254:.\Generated_Source\PSoC4/cyfitter_cfg.c **** 		CY_SET_XTND_REG32((void CYFAR *)(CYREG_HSIOM_PORT_SEL4), 0x00000099u);
 193              		.loc 1 254 0
 194 00c4 9922     		mov	r2, #153
 195 00c6 204B     		ldr	r3, .L8+12
 196 00c8 1A60     		str	r2, [r3]
 255:.\Generated_Source\PSoC4/cyfitter_cfg.c **** 
 256:.\Generated_Source\PSoC4/cyfitter_cfg.c **** 		/* UDB_PA_0 Starting address: CYDEV_UDB_PA0_BASE */
 257:.\Generated_Source\PSoC4/cyfitter_cfg.c **** 		CY_SET_XTND_REG32((void CYFAR *)(CYDEV_UDB_PA0_BASE), 0x00990000u);
 197              		.loc 1 257 0
ARM GAS  C:\Users\cdc75\AppData\Local\Temp\ccyvmZpG.s 			page 9


 198 00ca 9923     		mov	r3, #153
 199 00cc 1B04     		lsl	r3, r3, #16
 200 00ce 1F4A     		ldr	r2, .L8+16
 201 00d0 1360     		str	r3, [r2]
 258:.\Generated_Source\PSoC4/cyfitter_cfg.c **** 
 259:.\Generated_Source\PSoC4/cyfitter_cfg.c **** 		/* UDB_PA_1 Starting address: CYDEV_UDB_PA1_BASE */
 260:.\Generated_Source\PSoC4/cyfitter_cfg.c **** 		CY_SET_XTND_REG32((void CYFAR *)(CYDEV_UDB_PA1_BASE), 0x00990000u);
 202              		.loc 1 260 0
 203 00d2 1F4A     		ldr	r2, .L8+20
 204 00d4 1360     		str	r3, [r2]
 261:.\Generated_Source\PSoC4/cyfitter_cfg.c **** 
 262:.\Generated_Source\PSoC4/cyfitter_cfg.c **** 		/* UDB_PA_3 Starting address: CYDEV_UDB_PA3_BASE */
 263:.\Generated_Source\PSoC4/cyfitter_cfg.c **** 		CY_SET_XTND_REG32((void CYFAR *)(CYDEV_UDB_PA3_BASE), 0x00990000u);
 205              		.loc 1 263 0
 206 00d6 1F4A     		ldr	r2, .L8+24
 207 00d8 1360     		str	r3, [r2]
 264:.\Generated_Source\PSoC4/cyfitter_cfg.c **** 
 265:.\Generated_Source\PSoC4/cyfitter_cfg.c **** 		/* Enable digital routing */
 266:.\Generated_Source\PSoC4/cyfitter_cfg.c **** 		CY_SET_XTND_REG8((void *)CYREG_UDB_UDBIF_BANK_CTL, CY_GET_XTND_REG8((void *)CYREG_UDB_UDBIF_BANK_
 208              		.loc 1 266 0
 209 00da 1F4A     		ldr	r2, .L8+28
 210 00dc 1078     		ldrb	r0, [r2]
 211 00de 0223     		mov	r3, #2
 212 00e0 0221     		mov	r1, #2
 213 00e2 0143     		orr	r1, r0
 214 00e4 1170     		strb	r1, [r2]
 267:.\Generated_Source\PSoC4/cyfitter_cfg.c **** 
 268:.\Generated_Source\PSoC4/cyfitter_cfg.c **** 		/* Enable UDB array */
 269:.\Generated_Source\PSoC4/cyfitter_cfg.c **** 		CY_SET_XTND_REG8((void *)CYREG_UDB_UDBIF_WAIT_CFG, (uint8)((CY_GET_XTND_REG8((void *)CYREG_UDB_UD
 215              		.loc 1 269 0
 216 00e6 1D4C     		ldr	r4, .L8+32
 217              	.LVL11:
 218 00e8 2178     		ldrb	r1, [r4]
 219 00ea 3C20     		mov	r0, #60
 220 00ec 8143     		bic	r1, r0
 221 00ee 2838     		sub	r0, r0, #40
 222 00f0 0143     		orr	r1, r0
 223 00f2 2170     		strb	r1, [r4]
 270:.\Generated_Source\PSoC4/cyfitter_cfg.c **** 		CY_SET_XTND_REG8((void *)CYREG_UDB_UDBIF_BANK_CTL, (uint8)(CY_GET_XTND_REG8((void *)CYREG_UDB_UDB
 224              		.loc 1 270 0
 225 00f4 1078     		ldrb	r0, [r2]
 226 00f6 1621     		mov	r1, #22
 227 00f8 0143     		orr	r1, r0
 228 00fa 1170     		strb	r1, [r2]
 229              	.LBE2:
 271:.\Generated_Source\PSoC4/cyfitter_cfg.c **** 	}
 272:.\Generated_Source\PSoC4/cyfitter_cfg.c **** 
 273:.\Generated_Source\PSoC4/cyfitter_cfg.c **** 	/* Perform second pass device configuration. These items must be configured in specific order afte
 274:.\Generated_Source\PSoC4/cyfitter_cfg.c **** 	/* IOPINS0_0 Starting address: CYDEV_PRT0_BASE */
 275:.\Generated_Source\PSoC4/cyfitter_cfg.c **** 	CY_SET_XTND_REG32((void CYFAR *)(CYDEV_PRT0_BASE), 0x0000000Cu);
 230              		.loc 1 275 0
 231 00fc 0C21     		mov	r1, #12
 232 00fe 184A     		ldr	r2, .L8+36
 233 0100 1160     		str	r1, [r2]
 276:.\Generated_Source\PSoC4/cyfitter_cfg.c **** 	CY_SET_XTND_REG32((void CYFAR *)(CYREG_PRT0_PC), 0x00000D81u);
 234              		.loc 1 276 0
 235 0102 1849     		ldr	r1, .L8+40
ARM GAS  C:\Users\cdc75\AppData\Local\Temp\ccyvmZpG.s 			page 10


 236 0104 184A     		ldr	r2, .L8+44
 237 0106 1160     		str	r1, [r2]
 277:.\Generated_Source\PSoC4/cyfitter_cfg.c **** 	CY_SET_XTND_REG32((void CYFAR *)(CYREG_PRT0_INTCFG), 0x00000002u);
 238              		.loc 1 277 0
 239 0108 184A     		ldr	r2, .L8+48
 240 010a 1360     		str	r3, [r2]
 278:.\Generated_Source\PSoC4/cyfitter_cfg.c **** 
 279:.\Generated_Source\PSoC4/cyfitter_cfg.c **** 	/* IOPINS0_1 Starting address: CYDEV_PRT1_BASE */
 280:.\Generated_Source\PSoC4/cyfitter_cfg.c **** 	CY_SET_XTND_REG32((void CYFAR *)(CYDEV_PRT1_BASE), 0x00000040u);
 241              		.loc 1 280 0
 242 010c 4021     		mov	r1, #64
 243 010e 184A     		ldr	r2, .L8+52
 244 0110 1160     		str	r1, [r2]
 281:.\Generated_Source\PSoC4/cyfitter_cfg.c **** 	CY_SET_XTND_REG32((void CYFAR *)(CYREG_PRT1_PC), 0x00180001u);
 245              		.loc 1 281 0
 246 0112 1849     		ldr	r1, .L8+56
 247 0114 184A     		ldr	r2, .L8+60
 248 0116 1160     		str	r1, [r2]
 282:.\Generated_Source\PSoC4/cyfitter_cfg.c **** 	CY_SET_XTND_REG32((void CYFAR *)(CYREG_PRT1_INTCFG), 0x00000002u);
 249              		.loc 1 282 0
 250 0118 184A     		ldr	r2, .L8+64
 251 011a 1360     		str	r3, [r2]
 283:.\Generated_Source\PSoC4/cyfitter_cfg.c **** 
 284:.\Generated_Source\PSoC4/cyfitter_cfg.c **** 	/* IOPINS0_3 Starting address: CYDEV_PRT3_BASE */
 285:.\Generated_Source\PSoC4/cyfitter_cfg.c **** 	CY_SET_XTND_REG32((void CYFAR *)(CYDEV_PRT3_BASE), 0x00000003u);
 252              		.loc 1 285 0
 253 011c 0321     		mov	r1, #3
 254 011e 184A     		ldr	r2, .L8+68
 255 0120 1160     		str	r1, [r2]
 286:.\Generated_Source\PSoC4/cyfitter_cfg.c **** 	CY_SET_XTND_REG32((void CYFAR *)(CYREG_PRT3_PC), 0x00000DA4u);
 256              		.loc 1 286 0
 257 0122 1849     		ldr	r1, .L8+72
 258 0124 184A     		ldr	r2, .L8+76
 259 0126 1160     		str	r1, [r2]
 287:.\Generated_Source\PSoC4/cyfitter_cfg.c **** 
 288:.\Generated_Source\PSoC4/cyfitter_cfg.c **** 	/* IOPINS0_4 Starting address: CYDEV_PRT4_BASE */
 289:.\Generated_Source\PSoC4/cyfitter_cfg.c **** 	CY_SET_XTND_REG32((void CYFAR *)(CYDEV_PRT4_BASE), 0x00000002u);
 260              		.loc 1 289 0
 261 0128 184A     		ldr	r2, .L8+80
 262 012a 1360     		str	r3, [r2]
 290:.\Generated_Source\PSoC4/cyfitter_cfg.c **** 	CY_SET_XTND_REG32((void CYFAR *)(CYREG_PRT4_PC), 0x00000031u);
 263              		.loc 1 290 0
 264 012c 3121     		mov	r1, #49
 265 012e 184A     		ldr	r2, .L8+84
 266 0130 1160     		str	r1, [r2]
 291:.\Generated_Source\PSoC4/cyfitter_cfg.c **** 	CY_SET_XTND_REG32((void CYFAR *)(CYREG_PRT4_PC2), 0x00000002u);
 267              		.loc 1 291 0
 268 0132 184A     		ldr	r2, .L8+88
 269 0134 1360     		str	r3, [r2]
 292:.\Generated_Source\PSoC4/cyfitter_cfg.c **** 
 293:.\Generated_Source\PSoC4/cyfitter_cfg.c **** 
 294:.\Generated_Source\PSoC4/cyfitter_cfg.c **** 	/* Setup clocks based on selections from Clock DWR */
 295:.\Generated_Source\PSoC4/cyfitter_cfg.c **** 	ClockSetup();
 270              		.loc 1 295 0
 271 0136 FFF763FF 		bl	ClockSetup
 272              	.LVL12:
 296:.\Generated_Source\PSoC4/cyfitter_cfg.c **** 
ARM GAS  C:\Users\cdc75\AppData\Local\Temp\ccyvmZpG.s 			page 11


 297:.\Generated_Source\PSoC4/cyfitter_cfg.c **** 	/* Perform basic analog initialization to defaults */
 298:.\Generated_Source\PSoC4/cyfitter_cfg.c **** 	AnalogSetDefault();
 299:.\Generated_Source\PSoC4/cyfitter_cfg.c **** 
 300:.\Generated_Source\PSoC4/cyfitter_cfg.c **** }
 273              		.loc 1 300 0
 274              		@ sp needed
 275 013a 10BD     		pop	{r4, pc}
 276              	.L9:
 277              		.align	2
 278              	.L8:
 279 013c 00000000 		.word	.LANCHOR0
 280 0140 EEEE0000 		.word	61166
 281 0144 0C000140 		.word	1073807372
 282 0148 10000140 		.word	1073807376
 283 014c 00500F40 		.word	1074745344
 284 0150 10500F40 		.word	1074745360
 285 0154 30500F40 		.word	1074745392
 286 0158 00700F40 		.word	1074753536
 287 015c 01700F40 		.word	1074753537
 288 0160 00000440 		.word	1074003968
 289 0164 810D0000 		.word	3457
 290 0168 08000440 		.word	1074003976
 291 016c 0C000440 		.word	1074003980
 292 0170 00010440 		.word	1074004224
 293 0174 01001800 		.word	1572865
 294 0178 08010440 		.word	1074004232
 295 017c 0C010440 		.word	1074004236
 296 0180 00030440 		.word	1074004736
 297 0184 A40D0000 		.word	3492
 298 0188 08030440 		.word	1074004744
 299 018c 00040440 		.word	1074004992
 300 0190 08040440 		.word	1074005000
 301 0194 18040440 		.word	1074005016
 302              		.cfi_endproc
 303              	.LFE5:
 304              		.size	cyfitter_cfg, .-cyfitter_cfg
 305              		.section	.rodata
 306              		.align	2
 307              		.set	.LANCHOR0,. + 0
 308              		.type	cfg_memset_list.4723, %object
 309              		.size	cfg_memset_list.4723, 12
 310              	cfg_memset_list.4723:
 311 0000 00300F40 		.word	1074737152
 312 0004 0004     		.short	1024
 313 0006 00400F40 		.4byte	1074741248
 314 000a 0004     		.short	1024
 315              		.text
 316              	.Letext0:
 317              		.file 2 "c:\\program files (x86)\\cypress\\psoc creator\\3.3\\psoc creator\\import\\gnu\\arm\\4.9.
 318              		.file 3 ".\\Generated_Source\\PSoC4\\cytypes.h"
 319              		.file 4 ".\\Generated_Source\\PSoC4\\CyLib.h"
 320              		.section	.debug_info,"",%progbits
 321              	.Ldebug_info0:
 322 0000 8F020000 		.4byte	0x28f
 323 0004 0400     		.2byte	0x4
 324 0006 00000000 		.4byte	.Ldebug_abbrev0
 325 000a 04       		.byte	0x4
ARM GAS  C:\Users\cdc75\AppData\Local\Temp\ccyvmZpG.s 			page 12


 326 000b 01       		.uleb128 0x1
 327 000c 6E010000 		.4byte	.LASF28
 328 0010 01       		.byte	0x1
 329 0011 2A010000 		.4byte	.LASF29
 330 0015 6C000000 		.4byte	.LASF30
 331 0019 00000000 		.4byte	.Ldebug_ranges0+0
 332 001d 00000000 		.4byte	0
 333 0021 00000000 		.4byte	.Ldebug_line0
 334 0025 02       		.uleb128 0x2
 335 0026 04       		.byte	0x4
 336 0027 05       		.byte	0x5
 337 0028 696E7400 		.ascii	"int\000"
 338 002c 03       		.uleb128 0x3
 339 002d 06000000 		.4byte	.LASF11
 340 0031 02       		.byte	0x2
 341 0032 D4       		.byte	0xd4
 342 0033 37000000 		.4byte	0x37
 343 0037 04       		.uleb128 0x4
 344 0038 04       		.byte	0x4
 345 0039 07       		.byte	0x7
 346 003a D7000000 		.4byte	.LASF0
 347 003e 04       		.uleb128 0x4
 348 003f 01       		.byte	0x1
 349 0040 06       		.byte	0x6
 350 0041 2A020000 		.4byte	.LASF1
 351 0045 04       		.uleb128 0x4
 352 0046 01       		.byte	0x1
 353 0047 08       		.byte	0x8
 354 0048 A1000000 		.4byte	.LASF2
 355 004c 04       		.uleb128 0x4
 356 004d 02       		.byte	0x2
 357 004e 05       		.byte	0x5
 358 004f FC010000 		.4byte	.LASF3
 359 0053 04       		.uleb128 0x4
 360 0054 02       		.byte	0x2
 361 0055 07       		.byte	0x7
 362 0056 37000000 		.4byte	.LASF4
 363 005a 04       		.uleb128 0x4
 364 005b 04       		.byte	0x4
 365 005c 05       		.byte	0x5
 366 005d 21020000 		.4byte	.LASF5
 367 0061 04       		.uleb128 0x4
 368 0062 04       		.byte	0x4
 369 0063 07       		.byte	0x7
 370 0064 5A000000 		.4byte	.LASF6
 371 0068 04       		.uleb128 0x4
 372 0069 08       		.byte	0x8
 373 006a 05       		.byte	0x5
 374 006b 5B010000 		.4byte	.LASF7
 375 006f 04       		.uleb128 0x4
 376 0070 08       		.byte	0x8
 377 0071 07       		.byte	0x7
 378 0072 F9000000 		.4byte	.LASF8
 379 0076 04       		.uleb128 0x4
 380 0077 04       		.byte	0x4
 381 0078 07       		.byte	0x7
 382 0079 52010000 		.4byte	.LASF9
ARM GAS  C:\Users\cdc75\AppData\Local\Temp\ccyvmZpG.s 			page 13


 383 007d 05       		.uleb128 0x5
 384 007e 04       		.byte	0x4
 385 007f 06       		.uleb128 0x6
 386 0080 04       		.byte	0x4
 387 0081 85000000 		.4byte	0x85
 388 0085 07       		.uleb128 0x7
 389 0086 04       		.uleb128 0x4
 390 0087 01       		.byte	0x1
 391 0088 08       		.byte	0x8
 392 0089 69010000 		.4byte	.LASF10
 393 008d 08       		.uleb128 0x8
 394 008e 1B020000 		.4byte	.LASF12
 395 0092 03       		.byte	0x3
 396 0093 9801     		.2byte	0x198
 397 0095 45000000 		.4byte	0x45
 398 0099 08       		.uleb128 0x8
 399 009a C9000000 		.4byte	.LASF13
 400 009e 03       		.byte	0x3
 401 009f 9901     		.2byte	0x199
 402 00a1 53000000 		.4byte	0x53
 403 00a5 08       		.uleb128 0x8
 404 00a6 D0000000 		.4byte	.LASF14
 405 00aa 03       		.byte	0x3
 406 00ab 9A01     		.2byte	0x19a
 407 00ad 61000000 		.4byte	0x61
 408 00b1 04       		.uleb128 0x4
 409 00b2 04       		.byte	0x4
 410 00b3 04       		.byte	0x4
 411 00b4 4A000000 		.4byte	.LASF15
 412 00b8 04       		.uleb128 0x4
 413 00b9 08       		.byte	0x8
 414 00ba 04       		.byte	0x4
 415 00bb B6000000 		.4byte	.LASF16
 416 00bf 08       		.uleb128 0x8
 417 00c0 55000000 		.4byte	.LASF17
 418 00c4 03       		.byte	0x3
 419 00c5 4202     		.2byte	0x242
 420 00c7 CB000000 		.4byte	0xcb
 421 00cb 09       		.uleb128 0x9
 422 00cc 8D000000 		.4byte	0x8d
 423 00d0 08       		.uleb128 0x8
 424 00d1 00000000 		.4byte	.LASF18
 425 00d5 03       		.byte	0x3
 426 00d6 4402     		.2byte	0x244
 427 00d8 DC000000 		.4byte	0xdc
 428 00dc 09       		.uleb128 0x9
 429 00dd A5000000 		.4byte	0xa5
 430 00e1 08       		.uleb128 0x8
 431 00e2 10010000 		.4byte	.LASF19
 432 00e6 03       		.byte	0x3
 433 00e7 5402     		.2byte	0x254
 434 00e9 7F000000 		.4byte	0x7f
 435 00ed 0A       		.uleb128 0xa
 436 00ee 97000000 		.4byte	.LASF20
 437 00f2 01       		.byte	0x1
 438 00f3 3D       		.byte	0x3d
 439 00f4 00000000 		.4byte	.LFB0
ARM GAS  C:\Users\cdc75\AppData\Local\Temp\ccyvmZpG.s 			page 14


 440 00f8 0C000000 		.4byte	.LFE0-.LFB0
 441 00fc 01       		.uleb128 0x1
 442 00fd 9C       		.byte	0x9c
 443 00fe 3A010000 		.4byte	0x13a
 444 0102 0B       		.uleb128 0xb
 445 0103 7300     		.ascii	"s\000"
 446 0105 01       		.byte	0x1
 447 0106 3D       		.byte	0x3d
 448 0107 7D000000 		.4byte	0x7d
 449 010b 00000000 		.4byte	.LLST0
 450 010f 0B       		.uleb128 0xb
 451 0110 6E00     		.ascii	"n\000"
 452 0112 01       		.byte	0x1
 453 0113 3D       		.byte	0x3d
 454 0114 2C000000 		.4byte	0x2c
 455 0118 21000000 		.4byte	.LLST1
 456 011c 0C       		.uleb128 0xc
 457 011d 0A000000 		.4byte	.LVL2
 458 0121 3D020000 		.4byte	0x23d
 459 0125 0D       		.uleb128 0xd
 460 0126 01       		.uleb128 0x1
 461 0127 52       		.byte	0x52
 462 0128 03       		.uleb128 0x3
 463 0129 F3       		.byte	0xf3
 464 012a 01       		.uleb128 0x1
 465 012b 51       		.byte	0x51
 466 012c 0D       		.uleb128 0xd
 467 012d 01       		.uleb128 0x1
 468 012e 51       		.byte	0x51
 469 012f 01       		.uleb128 0x1
 470 0130 30       		.byte	0x30
 471 0131 0D       		.uleb128 0xd
 472 0132 01       		.uleb128 0x1
 473 0133 50       		.byte	0x50
 474 0134 03       		.uleb128 0x3
 475 0135 F3       		.byte	0xf3
 476 0136 01       		.uleb128 0x1
 477 0137 50       		.byte	0x50
 478 0138 00       		.byte	0
 479 0139 00       		.byte	0
 480 013a 0A       		.uleb128 0xa
 481 013b 2C000000 		.4byte	.LASF21
 482 013f 01       		.byte	0x1
 483 0140 92       		.byte	0x92
 484 0141 00000000 		.4byte	.LFB3
 485 0145 90000000 		.4byte	.LFE3-.LFB3
 486 0149 01       		.uleb128 0x1
 487 014a 9C       		.byte	0x9c
 488 014b 85010000 		.4byte	0x185
 489 014f 0E       		.uleb128 0xe
 490 0150 14000000 		.4byte	.LVL3
 491 0154 5A020000 		.4byte	0x25a
 492 0158 62010000 		.4byte	0x162
 493 015c 0D       		.uleb128 0xd
 494 015d 01       		.uleb128 0x1
 495 015e 50       		.byte	0x50
 496 015f 01       		.uleb128 0x1
ARM GAS  C:\Users\cdc75\AppData\Local\Temp\ccyvmZpG.s 			page 15


 497 0160 48       		.byte	0x48
 498 0161 00       		.byte	0
 499 0162 0E       		.uleb128 0xe
 500 0163 4E000000 		.4byte	.LVL4
 501 0167 6B020000 		.4byte	0x26b
 502 016b 75010000 		.4byte	0x175
 503 016f 0D       		.uleb128 0xd
 504 0170 01       		.uleb128 0x1
 505 0171 50       		.byte	0x50
 506 0172 01       		.uleb128 0x1
 507 0173 39       		.byte	0x39
 508 0174 00       		.byte	0
 509 0175 0C       		.uleb128 0xc
 510 0176 54000000 		.4byte	.LVL5
 511 017a 85020000 		.4byte	0x285
 512 017e 0D       		.uleb128 0xd
 513 017f 01       		.uleb128 0x1
 514 0180 50       		.byte	0x50
 515 0181 01       		.uleb128 0x1
 516 0182 39       		.byte	0x39
 517 0183 00       		.byte	0
 518 0184 00       		.byte	0
 519 0185 0F       		.uleb128 0xf
 520 0186 E4000000 		.4byte	.LASF31
 521 018a 01       		.byte	0x1
 522 018b E1       		.byte	0xe1
 523 018c 90000000 		.4byte	.LFB5
 524 0190 08010000 		.4byte	.LFE5-.LFB5
 525 0194 01       		.uleb128 0x1
 526 0195 9C       		.byte	0x9c
 527 0196 3D020000 		.4byte	0x23d
 528 019a 10       		.uleb128 0x10
 529 019b 94000000 		.4byte	.LBB2
 530 019f 68000000 		.4byte	.LBE2-.LBB2
 531 01a3 33020000 		.4byte	0x233
 532 01a7 11       		.uleb128 0x11
 533 01a8 06       		.byte	0x6
 534 01a9 01       		.byte	0x1
 535 01aa E8       		.byte	0xe8
 536 01ab C8010000 		.4byte	0x1c8
 537 01af 12       		.uleb128 0x12
 538 01b0 F1000000 		.4byte	.LASF22
 539 01b4 01       		.byte	0x1
 540 01b5 E9       		.byte	0xe9
 541 01b6 7D000000 		.4byte	0x7d
 542 01ba 00       		.byte	0
 543 01bb 12       		.uleb128 0x12
 544 01bc 50000000 		.4byte	.LASF23
 545 01c0 01       		.byte	0x1
 546 01c1 EA       		.byte	0xea
 547 01c2 99000000 		.4byte	0x99
 548 01c6 04       		.byte	0x4
 549 01c7 00       		.byte	0
 550 01c8 03       		.uleb128 0x3
 551 01c9 1D010000 		.4byte	.LASF24
 552 01cd 01       		.byte	0x1
 553 01ce EB       		.byte	0xeb
ARM GAS  C:\Users\cdc75\AppData\Local\Temp\ccyvmZpG.s 			page 16


 554 01cf A7010000 		.4byte	0x1a7
 555 01d3 13       		.uleb128 0x13
 556 01d4 C8010000 		.4byte	0x1c8
 557 01d8 E3010000 		.4byte	0x1e3
 558 01dc 14       		.uleb128 0x14
 559 01dd 76000000 		.4byte	0x76
 560 01e1 01       		.byte	0x1
 561 01e2 00       		.byte	0
 562 01e3 15       		.uleb128 0x15
 563 01e4 1C000000 		.4byte	.LASF25
 564 01e8 01       		.byte	0x1
 565 01e9 ED       		.byte	0xed
 566 01ea F4010000 		.4byte	0x1f4
 567 01ee 05       		.uleb128 0x5
 568 01ef 03       		.byte	0x3
 569 01f0 00000000 		.4byte	cfg_memset_list.4723
 570 01f4 16       		.uleb128 0x16
 571 01f5 D3010000 		.4byte	0x1d3
 572 01f9 17       		.uleb128 0x17
 573 01fa 6900     		.ascii	"i\000"
 574 01fc 01       		.byte	0x1
 575 01fd F3       		.byte	0xf3
 576 01fe 8D000000 		.4byte	0x8d
 577 0202 4D000000 		.4byte	.LLST2
 578 0206 18       		.uleb128 0x18
 579 0207 98000000 		.4byte	.LBB3
 580 020b 1E000000 		.4byte	.LBE3-.LBB3
 581 020f 17       		.uleb128 0x17
 582 0210 6D7300   		.ascii	"ms\000"
 583 0213 01       		.byte	0x1
 584 0214 F8       		.byte	0xf8
 585 0215 1D020000 		.4byte	0x21d
 586 0219 77000000 		.4byte	.LLST3
 587 021d 06       		.uleb128 0x6
 588 021e 04       		.byte	0x4
 589 021f 23020000 		.4byte	0x223
 590 0223 16       		.uleb128 0x16
 591 0224 C8010000 		.4byte	0x1c8
 592 0228 19       		.uleb128 0x19
 593 0229 B6000000 		.4byte	.LVL8
 594 022d ED000000 		.4byte	0xed
 595 0231 00       		.byte	0
 596 0232 00       		.byte	0
 597 0233 19       		.uleb128 0x19
 598 0234 3A010000 		.4byte	.LVL12
 599 0238 3A010000 		.4byte	0x13a
 600 023c 00       		.byte	0
 601 023d 1A       		.uleb128 0x1a
 602 023e AF000000 		.4byte	.LASF26
 603 0242 7D000000 		.4byte	0x7d
 604 0246 5A020000 		.4byte	0x25a
 605 024a 1B       		.uleb128 0x1b
 606 024b 7D000000 		.4byte	0x7d
 607 024f 1B       		.uleb128 0x1b
 608 0250 25000000 		.4byte	0x25
 609 0254 1B       		.uleb128 0x1b
 610 0255 76000000 		.4byte	0x76
ARM GAS  C:\Users\cdc75\AppData\Local\Temp\ccyvmZpG.s 			page 17


 611 0259 00       		.byte	0
 612 025a 1C       		.uleb128 0x1c
 613 025b 06020000 		.4byte	.LASF27
 614 025f 04       		.byte	0x4
 615 0260 6C       		.byte	0x6c
 616 0261 6B020000 		.4byte	0x26b
 617 0265 1B       		.uleb128 0x1b
 618 0266 A5000000 		.4byte	0xa5
 619 026a 00       		.byte	0
 620 026b 1D       		.uleb128 0x1d
 621 026c 0D000000 		.4byte	.LASF32
 622 0270 04       		.byte	0x4
 623 0271 BB       		.byte	0xbb
 624 0272 E1000000 		.4byte	0xe1
 625 0276 85020000 		.4byte	0x285
 626 027a 1B       		.uleb128 0x1b
 627 027b 8D000000 		.4byte	0x8d
 628 027f 1B       		.uleb128 0x1b
 629 0280 E1000000 		.4byte	0xe1
 630 0284 00       		.byte	0
 631 0285 1E       		.uleb128 0x1e
 632 0286 BD000000 		.4byte	.LASF33
 633 028a 04       		.byte	0x4
 634 028b C1       		.byte	0xc1
 635 028c 1B       		.uleb128 0x1b
 636 028d 8D000000 		.4byte	0x8d
 637 0291 00       		.byte	0
 638 0292 00       		.byte	0
 639              		.section	.debug_abbrev,"",%progbits
 640              	.Ldebug_abbrev0:
 641 0000 01       		.uleb128 0x1
 642 0001 11       		.uleb128 0x11
 643 0002 01       		.byte	0x1
 644 0003 25       		.uleb128 0x25
 645 0004 0E       		.uleb128 0xe
 646 0005 13       		.uleb128 0x13
 647 0006 0B       		.uleb128 0xb
 648 0007 03       		.uleb128 0x3
 649 0008 0E       		.uleb128 0xe
 650 0009 1B       		.uleb128 0x1b
 651 000a 0E       		.uleb128 0xe
 652 000b 55       		.uleb128 0x55
 653 000c 17       		.uleb128 0x17
 654 000d 11       		.uleb128 0x11
 655 000e 01       		.uleb128 0x1
 656 000f 10       		.uleb128 0x10
 657 0010 17       		.uleb128 0x17
 658 0011 00       		.byte	0
 659 0012 00       		.byte	0
 660 0013 02       		.uleb128 0x2
 661 0014 24       		.uleb128 0x24
 662 0015 00       		.byte	0
 663 0016 0B       		.uleb128 0xb
 664 0017 0B       		.uleb128 0xb
 665 0018 3E       		.uleb128 0x3e
 666 0019 0B       		.uleb128 0xb
 667 001a 03       		.uleb128 0x3
ARM GAS  C:\Users\cdc75\AppData\Local\Temp\ccyvmZpG.s 			page 18


 668 001b 08       		.uleb128 0x8
 669 001c 00       		.byte	0
 670 001d 00       		.byte	0
 671 001e 03       		.uleb128 0x3
 672 001f 16       		.uleb128 0x16
 673 0020 00       		.byte	0
 674 0021 03       		.uleb128 0x3
 675 0022 0E       		.uleb128 0xe
 676 0023 3A       		.uleb128 0x3a
 677 0024 0B       		.uleb128 0xb
 678 0025 3B       		.uleb128 0x3b
 679 0026 0B       		.uleb128 0xb
 680 0027 49       		.uleb128 0x49
 681 0028 13       		.uleb128 0x13
 682 0029 00       		.byte	0
 683 002a 00       		.byte	0
 684 002b 04       		.uleb128 0x4
 685 002c 24       		.uleb128 0x24
 686 002d 00       		.byte	0
 687 002e 0B       		.uleb128 0xb
 688 002f 0B       		.uleb128 0xb
 689 0030 3E       		.uleb128 0x3e
 690 0031 0B       		.uleb128 0xb
 691 0032 03       		.uleb128 0x3
 692 0033 0E       		.uleb128 0xe
 693 0034 00       		.byte	0
 694 0035 00       		.byte	0
 695 0036 05       		.uleb128 0x5
 696 0037 0F       		.uleb128 0xf
 697 0038 00       		.byte	0
 698 0039 0B       		.uleb128 0xb
 699 003a 0B       		.uleb128 0xb
 700 003b 00       		.byte	0
 701 003c 00       		.byte	0
 702 003d 06       		.uleb128 0x6
 703 003e 0F       		.uleb128 0xf
 704 003f 00       		.byte	0
 705 0040 0B       		.uleb128 0xb
 706 0041 0B       		.uleb128 0xb
 707 0042 49       		.uleb128 0x49
 708 0043 13       		.uleb128 0x13
 709 0044 00       		.byte	0
 710 0045 00       		.byte	0
 711 0046 07       		.uleb128 0x7
 712 0047 15       		.uleb128 0x15
 713 0048 00       		.byte	0
 714 0049 27       		.uleb128 0x27
 715 004a 19       		.uleb128 0x19
 716 004b 00       		.byte	0
 717 004c 00       		.byte	0
 718 004d 08       		.uleb128 0x8
 719 004e 16       		.uleb128 0x16
 720 004f 00       		.byte	0
 721 0050 03       		.uleb128 0x3
 722 0051 0E       		.uleb128 0xe
 723 0052 3A       		.uleb128 0x3a
 724 0053 0B       		.uleb128 0xb
ARM GAS  C:\Users\cdc75\AppData\Local\Temp\ccyvmZpG.s 			page 19


 725 0054 3B       		.uleb128 0x3b
 726 0055 05       		.uleb128 0x5
 727 0056 49       		.uleb128 0x49
 728 0057 13       		.uleb128 0x13
 729 0058 00       		.byte	0
 730 0059 00       		.byte	0
 731 005a 09       		.uleb128 0x9
 732 005b 35       		.uleb128 0x35
 733 005c 00       		.byte	0
 734 005d 49       		.uleb128 0x49
 735 005e 13       		.uleb128 0x13
 736 005f 00       		.byte	0
 737 0060 00       		.byte	0
 738 0061 0A       		.uleb128 0xa
 739 0062 2E       		.uleb128 0x2e
 740 0063 01       		.byte	0x1
 741 0064 03       		.uleb128 0x3
 742 0065 0E       		.uleb128 0xe
 743 0066 3A       		.uleb128 0x3a
 744 0067 0B       		.uleb128 0xb
 745 0068 3B       		.uleb128 0x3b
 746 0069 0B       		.uleb128 0xb
 747 006a 27       		.uleb128 0x27
 748 006b 19       		.uleb128 0x19
 749 006c 11       		.uleb128 0x11
 750 006d 01       		.uleb128 0x1
 751 006e 12       		.uleb128 0x12
 752 006f 06       		.uleb128 0x6
 753 0070 40       		.uleb128 0x40
 754 0071 18       		.uleb128 0x18
 755 0072 9742     		.uleb128 0x2117
 756 0074 19       		.uleb128 0x19
 757 0075 01       		.uleb128 0x1
 758 0076 13       		.uleb128 0x13
 759 0077 00       		.byte	0
 760 0078 00       		.byte	0
 761 0079 0B       		.uleb128 0xb
 762 007a 05       		.uleb128 0x5
 763 007b 00       		.byte	0
 764 007c 03       		.uleb128 0x3
 765 007d 08       		.uleb128 0x8
 766 007e 3A       		.uleb128 0x3a
 767 007f 0B       		.uleb128 0xb
 768 0080 3B       		.uleb128 0x3b
 769 0081 0B       		.uleb128 0xb
 770 0082 49       		.uleb128 0x49
 771 0083 13       		.uleb128 0x13
 772 0084 02       		.uleb128 0x2
 773 0085 17       		.uleb128 0x17
 774 0086 00       		.byte	0
 775 0087 00       		.byte	0
 776 0088 0C       		.uleb128 0xc
 777 0089 898201   		.uleb128 0x4109
 778 008c 01       		.byte	0x1
 779 008d 11       		.uleb128 0x11
 780 008e 01       		.uleb128 0x1
 781 008f 31       		.uleb128 0x31
ARM GAS  C:\Users\cdc75\AppData\Local\Temp\ccyvmZpG.s 			page 20


 782 0090 13       		.uleb128 0x13
 783 0091 00       		.byte	0
 784 0092 00       		.byte	0
 785 0093 0D       		.uleb128 0xd
 786 0094 8A8201   		.uleb128 0x410a
 787 0097 00       		.byte	0
 788 0098 02       		.uleb128 0x2
 789 0099 18       		.uleb128 0x18
 790 009a 9142     		.uleb128 0x2111
 791 009c 18       		.uleb128 0x18
 792 009d 00       		.byte	0
 793 009e 00       		.byte	0
 794 009f 0E       		.uleb128 0xe
 795 00a0 898201   		.uleb128 0x4109
 796 00a3 01       		.byte	0x1
 797 00a4 11       		.uleb128 0x11
 798 00a5 01       		.uleb128 0x1
 799 00a6 31       		.uleb128 0x31
 800 00a7 13       		.uleb128 0x13
 801 00a8 01       		.uleb128 0x1
 802 00a9 13       		.uleb128 0x13
 803 00aa 00       		.byte	0
 804 00ab 00       		.byte	0
 805 00ac 0F       		.uleb128 0xf
 806 00ad 2E       		.uleb128 0x2e
 807 00ae 01       		.byte	0x1
 808 00af 3F       		.uleb128 0x3f
 809 00b0 19       		.uleb128 0x19
 810 00b1 03       		.uleb128 0x3
 811 00b2 0E       		.uleb128 0xe
 812 00b3 3A       		.uleb128 0x3a
 813 00b4 0B       		.uleb128 0xb
 814 00b5 3B       		.uleb128 0x3b
 815 00b6 0B       		.uleb128 0xb
 816 00b7 27       		.uleb128 0x27
 817 00b8 19       		.uleb128 0x19
 818 00b9 11       		.uleb128 0x11
 819 00ba 01       		.uleb128 0x1
 820 00bb 12       		.uleb128 0x12
 821 00bc 06       		.uleb128 0x6
 822 00bd 40       		.uleb128 0x40
 823 00be 18       		.uleb128 0x18
 824 00bf 9742     		.uleb128 0x2117
 825 00c1 19       		.uleb128 0x19
 826 00c2 01       		.uleb128 0x1
 827 00c3 13       		.uleb128 0x13
 828 00c4 00       		.byte	0
 829 00c5 00       		.byte	0
 830 00c6 10       		.uleb128 0x10
 831 00c7 0B       		.uleb128 0xb
 832 00c8 01       		.byte	0x1
 833 00c9 11       		.uleb128 0x11
 834 00ca 01       		.uleb128 0x1
 835 00cb 12       		.uleb128 0x12
 836 00cc 06       		.uleb128 0x6
 837 00cd 01       		.uleb128 0x1
 838 00ce 13       		.uleb128 0x13
ARM GAS  C:\Users\cdc75\AppData\Local\Temp\ccyvmZpG.s 			page 21


 839 00cf 00       		.byte	0
 840 00d0 00       		.byte	0
 841 00d1 11       		.uleb128 0x11
 842 00d2 13       		.uleb128 0x13
 843 00d3 01       		.byte	0x1
 844 00d4 0B       		.uleb128 0xb
 845 00d5 0B       		.uleb128 0xb
 846 00d6 3A       		.uleb128 0x3a
 847 00d7 0B       		.uleb128 0xb
 848 00d8 3B       		.uleb128 0x3b
 849 00d9 0B       		.uleb128 0xb
 850 00da 01       		.uleb128 0x1
 851 00db 13       		.uleb128 0x13
 852 00dc 00       		.byte	0
 853 00dd 00       		.byte	0
 854 00de 12       		.uleb128 0x12
 855 00df 0D       		.uleb128 0xd
 856 00e0 00       		.byte	0
 857 00e1 03       		.uleb128 0x3
 858 00e2 0E       		.uleb128 0xe
 859 00e3 3A       		.uleb128 0x3a
 860 00e4 0B       		.uleb128 0xb
 861 00e5 3B       		.uleb128 0x3b
 862 00e6 0B       		.uleb128 0xb
 863 00e7 49       		.uleb128 0x49
 864 00e8 13       		.uleb128 0x13
 865 00e9 38       		.uleb128 0x38
 866 00ea 0B       		.uleb128 0xb
 867 00eb 00       		.byte	0
 868 00ec 00       		.byte	0
 869 00ed 13       		.uleb128 0x13
 870 00ee 01       		.uleb128 0x1
 871 00ef 01       		.byte	0x1
 872 00f0 49       		.uleb128 0x49
 873 00f1 13       		.uleb128 0x13
 874 00f2 01       		.uleb128 0x1
 875 00f3 13       		.uleb128 0x13
 876 00f4 00       		.byte	0
 877 00f5 00       		.byte	0
 878 00f6 14       		.uleb128 0x14
 879 00f7 21       		.uleb128 0x21
 880 00f8 00       		.byte	0
 881 00f9 49       		.uleb128 0x49
 882 00fa 13       		.uleb128 0x13
 883 00fb 2F       		.uleb128 0x2f
 884 00fc 0B       		.uleb128 0xb
 885 00fd 00       		.byte	0
 886 00fe 00       		.byte	0
 887 00ff 15       		.uleb128 0x15
 888 0100 34       		.uleb128 0x34
 889 0101 00       		.byte	0
 890 0102 03       		.uleb128 0x3
 891 0103 0E       		.uleb128 0xe
 892 0104 3A       		.uleb128 0x3a
 893 0105 0B       		.uleb128 0xb
 894 0106 3B       		.uleb128 0x3b
 895 0107 0B       		.uleb128 0xb
ARM GAS  C:\Users\cdc75\AppData\Local\Temp\ccyvmZpG.s 			page 22


 896 0108 49       		.uleb128 0x49
 897 0109 13       		.uleb128 0x13
 898 010a 02       		.uleb128 0x2
 899 010b 18       		.uleb128 0x18
 900 010c 00       		.byte	0
 901 010d 00       		.byte	0
 902 010e 16       		.uleb128 0x16
 903 010f 26       		.uleb128 0x26
 904 0110 00       		.byte	0
 905 0111 49       		.uleb128 0x49
 906 0112 13       		.uleb128 0x13
 907 0113 00       		.byte	0
 908 0114 00       		.byte	0
 909 0115 17       		.uleb128 0x17
 910 0116 34       		.uleb128 0x34
 911 0117 00       		.byte	0
 912 0118 03       		.uleb128 0x3
 913 0119 08       		.uleb128 0x8
 914 011a 3A       		.uleb128 0x3a
 915 011b 0B       		.uleb128 0xb
 916 011c 3B       		.uleb128 0x3b
 917 011d 0B       		.uleb128 0xb
 918 011e 49       		.uleb128 0x49
 919 011f 13       		.uleb128 0x13
 920 0120 02       		.uleb128 0x2
 921 0121 17       		.uleb128 0x17
 922 0122 00       		.byte	0
 923 0123 00       		.byte	0
 924 0124 18       		.uleb128 0x18
 925 0125 0B       		.uleb128 0xb
 926 0126 01       		.byte	0x1
 927 0127 11       		.uleb128 0x11
 928 0128 01       		.uleb128 0x1
 929 0129 12       		.uleb128 0x12
 930 012a 06       		.uleb128 0x6
 931 012b 00       		.byte	0
 932 012c 00       		.byte	0
 933 012d 19       		.uleb128 0x19
 934 012e 898201   		.uleb128 0x4109
 935 0131 00       		.byte	0
 936 0132 11       		.uleb128 0x11
 937 0133 01       		.uleb128 0x1
 938 0134 31       		.uleb128 0x31
 939 0135 13       		.uleb128 0x13
 940 0136 00       		.byte	0
 941 0137 00       		.byte	0
 942 0138 1A       		.uleb128 0x1a
 943 0139 2E       		.uleb128 0x2e
 944 013a 01       		.byte	0x1
 945 013b 3F       		.uleb128 0x3f
 946 013c 19       		.uleb128 0x19
 947 013d 03       		.uleb128 0x3
 948 013e 0E       		.uleb128 0xe
 949 013f 27       		.uleb128 0x27
 950 0140 19       		.uleb128 0x19
 951 0141 49       		.uleb128 0x49
 952 0142 13       		.uleb128 0x13
ARM GAS  C:\Users\cdc75\AppData\Local\Temp\ccyvmZpG.s 			page 23


 953 0143 34       		.uleb128 0x34
 954 0144 19       		.uleb128 0x19
 955 0145 3C       		.uleb128 0x3c
 956 0146 19       		.uleb128 0x19
 957 0147 01       		.uleb128 0x1
 958 0148 13       		.uleb128 0x13
 959 0149 00       		.byte	0
 960 014a 00       		.byte	0
 961 014b 1B       		.uleb128 0x1b
 962 014c 05       		.uleb128 0x5
 963 014d 00       		.byte	0
 964 014e 49       		.uleb128 0x49
 965 014f 13       		.uleb128 0x13
 966 0150 00       		.byte	0
 967 0151 00       		.byte	0
 968 0152 1C       		.uleb128 0x1c
 969 0153 2E       		.uleb128 0x2e
 970 0154 01       		.byte	0x1
 971 0155 3F       		.uleb128 0x3f
 972 0156 19       		.uleb128 0x19
 973 0157 03       		.uleb128 0x3
 974 0158 0E       		.uleb128 0xe
 975 0159 3A       		.uleb128 0x3a
 976 015a 0B       		.uleb128 0xb
 977 015b 3B       		.uleb128 0x3b
 978 015c 0B       		.uleb128 0xb
 979 015d 27       		.uleb128 0x27
 980 015e 19       		.uleb128 0x19
 981 015f 3C       		.uleb128 0x3c
 982 0160 19       		.uleb128 0x19
 983 0161 01       		.uleb128 0x1
 984 0162 13       		.uleb128 0x13
 985 0163 00       		.byte	0
 986 0164 00       		.byte	0
 987 0165 1D       		.uleb128 0x1d
 988 0166 2E       		.uleb128 0x2e
 989 0167 01       		.byte	0x1
 990 0168 3F       		.uleb128 0x3f
 991 0169 19       		.uleb128 0x19
 992 016a 03       		.uleb128 0x3
 993 016b 0E       		.uleb128 0xe
 994 016c 3A       		.uleb128 0x3a
 995 016d 0B       		.uleb128 0xb
 996 016e 3B       		.uleb128 0x3b
 997 016f 0B       		.uleb128 0xb
 998 0170 27       		.uleb128 0x27
 999 0171 19       		.uleb128 0x19
 1000 0172 49       		.uleb128 0x49
 1001 0173 13       		.uleb128 0x13
 1002 0174 3C       		.uleb128 0x3c
 1003 0175 19       		.uleb128 0x19
 1004 0176 01       		.uleb128 0x1
 1005 0177 13       		.uleb128 0x13
 1006 0178 00       		.byte	0
 1007 0179 00       		.byte	0
 1008 017a 1E       		.uleb128 0x1e
 1009 017b 2E       		.uleb128 0x2e
ARM GAS  C:\Users\cdc75\AppData\Local\Temp\ccyvmZpG.s 			page 24


 1010 017c 01       		.byte	0x1
 1011 017d 3F       		.uleb128 0x3f
 1012 017e 19       		.uleb128 0x19
 1013 017f 03       		.uleb128 0x3
 1014 0180 0E       		.uleb128 0xe
 1015 0181 3A       		.uleb128 0x3a
 1016 0182 0B       		.uleb128 0xb
 1017 0183 3B       		.uleb128 0x3b
 1018 0184 0B       		.uleb128 0xb
 1019 0185 27       		.uleb128 0x27
 1020 0186 19       		.uleb128 0x19
 1021 0187 3C       		.uleb128 0x3c
 1022 0188 19       		.uleb128 0x19
 1023 0189 00       		.byte	0
 1024 018a 00       		.byte	0
 1025 018b 00       		.byte	0
 1026              		.section	.debug_loc,"",%progbits
 1027              	.Ldebug_loc0:
 1028              	.LLST0:
 1029 0000 00000000 		.4byte	.LVL0
 1030 0004 09000000 		.4byte	.LVL2-1
 1031 0008 0100     		.2byte	0x1
 1032 000a 50       		.byte	0x50
 1033 000b 09000000 		.4byte	.LVL2-1
 1034 000f 0C000000 		.4byte	.LFE0
 1035 0013 0400     		.2byte	0x4
 1036 0015 F3       		.byte	0xf3
 1037 0016 01       		.uleb128 0x1
 1038 0017 50       		.byte	0x50
 1039 0018 9F       		.byte	0x9f
 1040 0019 00000000 		.4byte	0
 1041 001d 00000000 		.4byte	0
 1042              	.LLST1:
 1043 0021 00000000 		.4byte	.LVL0
 1044 0025 06000000 		.4byte	.LVL1
 1045 0029 0100     		.2byte	0x1
 1046 002b 51       		.byte	0x51
 1047 002c 06000000 		.4byte	.LVL1
 1048 0030 09000000 		.4byte	.LVL2-1
 1049 0034 0100     		.2byte	0x1
 1050 0036 52       		.byte	0x52
 1051 0037 09000000 		.4byte	.LVL2-1
 1052 003b 0C000000 		.4byte	.LFE0
 1053 003f 0400     		.2byte	0x4
 1054 0041 F3       		.byte	0xf3
 1055 0042 01       		.uleb128 0x1
 1056 0043 51       		.byte	0x51
 1057 0044 9F       		.byte	0x9f
 1058 0045 00000000 		.4byte	0
 1059 0049 00000000 		.4byte	0
 1060              	.LLST2:
 1061 004d 94000000 		.4byte	.LVL6
 1062 0051 98000000 		.4byte	.LVL7
 1063 0055 0200     		.2byte	0x2
 1064 0057 30       		.byte	0x30
 1065 0058 9F       		.byte	0x9f
 1066 0059 98000000 		.4byte	.LVL7
ARM GAS  C:\Users\cdc75\AppData\Local\Temp\ccyvmZpG.s 			page 25


 1067 005d B8000000 		.4byte	.LVL9
 1068 0061 0100     		.2byte	0x1
 1069 0063 54       		.byte	0x54
 1070 0064 BA000000 		.4byte	.LVL10
 1071 0068 E8000000 		.4byte	.LVL11
 1072 006c 0100     		.2byte	0x1
 1073 006e 54       		.byte	0x54
 1074 006f 00000000 		.4byte	0
 1075 0073 00000000 		.4byte	0
 1076              	.LLST3:
 1077 0077 98000000 		.4byte	.LVL7
 1078 007b B8000000 		.4byte	.LVL9
 1079 007f 0B00     		.2byte	0xb
 1080 0081 74       		.byte	0x74
 1081 0082 00       		.sleb128 0
 1082 0083 36       		.byte	0x36
 1083 0084 1E       		.byte	0x1e
 1084 0085 03       		.byte	0x3
 1085 0086 00000000 		.4byte	cfg_memset_list.4723
 1086 008a 22       		.byte	0x22
 1087 008b 9F       		.byte	0x9f
 1088 008c B8000000 		.4byte	.LVL9
 1089 0090 BA000000 		.4byte	.LVL10
 1090 0094 0B00     		.2byte	0xb
 1091 0096 74       		.byte	0x74
 1092 0097 7F       		.sleb128 -1
 1093 0098 36       		.byte	0x36
 1094 0099 1E       		.byte	0x1e
 1095 009a 03       		.byte	0x3
 1096 009b 00000000 		.4byte	cfg_memset_list.4723
 1097 009f 22       		.byte	0x22
 1098 00a0 9F       		.byte	0x9f
 1099 00a1 00000000 		.4byte	0
 1100 00a5 00000000 		.4byte	0
 1101              		.section	.debug_aranges,"",%progbits
 1102 0000 2C000000 		.4byte	0x2c
 1103 0004 0200     		.2byte	0x2
 1104 0006 00000000 		.4byte	.Ldebug_info0
 1105 000a 04       		.byte	0x4
 1106 000b 00       		.byte	0
 1107 000c 0000     		.2byte	0
 1108 000e 0000     		.2byte	0
 1109 0010 00000000 		.4byte	.LFB0
 1110 0014 0C000000 		.4byte	.LFE0-.LFB0
 1111 0018 00000000 		.4byte	.LFB3
 1112 001c 90000000 		.4byte	.LFE3-.LFB3
 1113 0020 90000000 		.4byte	.LFB5
 1114 0024 08010000 		.4byte	.LFE5-.LFB5
 1115 0028 00000000 		.4byte	0
 1116 002c 00000000 		.4byte	0
 1117              		.section	.debug_ranges,"",%progbits
 1118              	.Ldebug_ranges0:
 1119 0000 00000000 		.4byte	.LFB0
 1120 0004 0C000000 		.4byte	.LFE0
 1121 0008 00000000 		.4byte	.LFB3
 1122 000c 90000000 		.4byte	.LFE3
 1123 0010 90000000 		.4byte	.LFB5
ARM GAS  C:\Users\cdc75\AppData\Local\Temp\ccyvmZpG.s 			page 26


 1124 0014 98010000 		.4byte	.LFE5
 1125 0018 00000000 		.4byte	0
 1126 001c 00000000 		.4byte	0
 1127              		.section	.debug_line,"",%progbits
 1128              	.Ldebug_line0:
 1129 0000 3B010000 		.section	.debug_str,"MS",%progbits,1
 1129      0200D800 
 1129      00000201 
 1129      FB0E0D00 
 1129      01010101 
 1130              	.LASF18:
 1131 0000 72656733 		.ascii	"reg32\000"
 1131      3200
 1132              	.LASF11:
 1133 0006 73697A65 		.ascii	"size_t\000"
 1133      5F7400
 1134              	.LASF32:
 1135 000d 4379496E 		.ascii	"CyIntSetVector\000"
 1135      74536574 
 1135      56656374 
 1135      6F7200
 1136              	.LASF25:
 1137 001c 6366675F 		.ascii	"cfg_memset_list\000"
 1137      6D656D73 
 1137      65745F6C 
 1137      69737400 
 1138              	.LASF21:
 1139 002c 436C6F63 		.ascii	"ClockSetup\000"
 1139      6B536574 
 1139      757000
 1140              	.LASF4:
 1141 0037 73686F72 		.ascii	"short unsigned int\000"
 1141      7420756E 
 1141      7369676E 
 1141      65642069 
 1141      6E7400
 1142              	.LASF15:
 1143 004a 666C6F61 		.ascii	"float\000"
 1143      7400
 1144              	.LASF23:
 1145 0050 73697A65 		.ascii	"size\000"
 1145      00
 1146              	.LASF17:
 1147 0055 72656738 		.ascii	"reg8\000"
 1147      00
 1148              	.LASF6:
 1149 005a 6C6F6E67 		.ascii	"long unsigned int\000"
 1149      20756E73 
 1149      69676E65 
 1149      6420696E 
 1149      7400
 1150              	.LASF30:
 1151 006c 433A5C55 		.ascii	"C:\\Users\\cdc75\\Desktop\\Labs\\Lesson17.cydsn\000"
 1151      73657273 
 1151      5C636463 
 1151      37355C44 
 1151      65736B74 
ARM GAS  C:\Users\cdc75\AppData\Local\Temp\ccyvmZpG.s 			page 27


 1152              	.LASF20:
 1153 0097 43594D45 		.ascii	"CYMEMZERO\000"
 1153      4D5A4552 
 1153      4F00
 1154              	.LASF2:
 1155 00a1 756E7369 		.ascii	"unsigned char\000"
 1155      676E6564 
 1155      20636861 
 1155      7200
 1156              	.LASF26:
 1157 00af 6D656D73 		.ascii	"memset\000"
 1157      657400
 1158              	.LASF16:
 1159 00b6 646F7562 		.ascii	"double\000"
 1159      6C6500
 1160              	.LASF33:
 1161 00bd 4379496E 		.ascii	"CyIntEnable\000"
 1161      74456E61 
 1161      626C6500 
 1162              	.LASF13:
 1163 00c9 75696E74 		.ascii	"uint16\000"
 1163      313600
 1164              	.LASF14:
 1165 00d0 75696E74 		.ascii	"uint32\000"
 1165      333200
 1166              	.LASF0:
 1167 00d7 756E7369 		.ascii	"unsigned int\000"
 1167      676E6564 
 1167      20696E74 
 1167      00
 1168              	.LASF31:
 1169 00e4 63796669 		.ascii	"cyfitter_cfg\000"
 1169      74746572 
 1169      5F636667 
 1169      00
 1170              	.LASF22:
 1171 00f1 61646472 		.ascii	"address\000"
 1171      65737300 
 1172              	.LASF8:
 1173 00f9 6C6F6E67 		.ascii	"long long unsigned int\000"
 1173      206C6F6E 
 1173      6720756E 
 1173      7369676E 
 1173      65642069 
 1174              	.LASF19:
 1175 0110 63796973 		.ascii	"cyisraddress\000"
 1175      72616464 
 1175      72657373 
 1175      00
 1176              	.LASF24:
 1177 011d 6366675F 		.ascii	"cfg_memset_t\000"
 1177      6D656D73 
 1177      65745F74 
 1177      00
 1178              	.LASF29:
 1179 012a 2E5C4765 		.ascii	".\\Generated_Source\\PSoC4\\cyfitter_cfg.c\000"
 1179      6E657261 
ARM GAS  C:\Users\cdc75\AppData\Local\Temp\ccyvmZpG.s 			page 28


 1179      7465645F 
 1179      536F7572 
 1179      63655C50 
 1180              	.LASF9:
 1181 0152 73697A65 		.ascii	"sizetype\000"
 1181      74797065 
 1181      00
 1182              	.LASF7:
 1183 015b 6C6F6E67 		.ascii	"long long int\000"
 1183      206C6F6E 
 1183      6720696E 
 1183      7400
 1184              	.LASF10:
 1185 0169 63686172 		.ascii	"char\000"
 1185      00
 1186              	.LASF28:
 1187 016e 474E5520 		.ascii	"GNU C 4.9.3 20150303 (release) [ARM/embedded-4_9-br"
 1187      4320342E 
 1187      392E3320 
 1187      32303135 
 1187      30333033 
 1188 01a1 616E6368 		.ascii	"anch revision 221220] -mcpu=cortex-m0 -mthumb -g -O"
 1188      20726576 
 1188      6973696F 
 1188      6E203232 
 1188      31323230 
 1189 01d4 67202D66 		.ascii	"g -ffunction-sections -ffat-lto-objects\000"
 1189      66756E63 
 1189      74696F6E 
 1189      2D736563 
 1189      74696F6E 
 1190              	.LASF3:
 1191 01fc 73686F72 		.ascii	"short int\000"
 1191      7420696E 
 1191      7400
 1192              	.LASF27:
 1193 0206 43795379 		.ascii	"CySysClkWriteImoFreq\000"
 1193      73436C6B 
 1193      57726974 
 1193      65496D6F 
 1193      46726571 
 1194              	.LASF12:
 1195 021b 75696E74 		.ascii	"uint8\000"
 1195      3800
 1196              	.LASF5:
 1197 0221 6C6F6E67 		.ascii	"long int\000"
 1197      20696E74 
 1197      00
 1198              	.LASF1:
 1199 022a 7369676E 		.ascii	"signed char\000"
 1199      65642063 
 1199      68617200 
 1200              		.ident	"GCC: (GNU Tools for ARM Embedded Processors) 4.9.3 20150303 (release) [ARM/embedded-4_9-br
