ARM GAS  C:\Users\cdc75\AppData\Local\Temp\ccQOl6jw.s 			page 1


   1              		.cpu cortex-m0
   2              		.fpu softvfp
   3              		.eabi_attribute 20, 1
   4              		.eabi_attribute 21, 1
   5              		.eabi_attribute 23, 3
   6              		.eabi_attribute 24, 1
   7              		.eabi_attribute 25, 1
   8              		.eabi_attribute 26, 1
   9              		.eabi_attribute 30, 1
  10              		.eabi_attribute 34, 0
  11              		.eabi_attribute 18, 4
  12              		.code	16
  13              		.file	"main.c"
  14              		.text
  15              	.Ltext0:
  16              		.cfi_sections	.debug_frame
  17              		.section	.text.main,"ax",%progbits
  18              		.align	2
  19              		.global	main
  20              		.code	16
  21              		.thumb_func
  22              		.type	main, %function
  23              	main:
  24              	.LFB34:
  25              		.file 1 ".\\main.c"
   1:.\main.c      **** /* ========================================
   2:.\main.c      ****  *
   3:.\main.c      ****  * Copyright YOUR COMPANY, THE YEAR
   4:.\main.c      ****  * All Rights Reserved
   5:.\main.c      ****  * UNPUBLISHED, LICENSED SOFTWARE.
   6:.\main.c      ****  *
   7:.\main.c      ****  * CONFIDENTIAL AND PROPRIETARY INFORMATION
   8:.\main.c      ****  * WHICH IS THE PROPERTY OF your company.
   9:.\main.c      ****  *
  10:.\main.c      ****  * ========================================
  11:.\main.c      **** */
  12:.\main.c      **** #include <project.h>
  13:.\main.c      **** 
  14:.\main.c      **** int main()
  15:.\main.c      **** {
  26              		.loc 1 15 0
  27              		.cfi_startproc
  28 0000 10B5     		push	{r4, lr}
  29              		.cfi_def_cfa_offset 8
  30              		.cfi_offset 4, -8
  31              		.cfi_offset 14, -4
  32 0002 82B0     		sub	sp, sp, #8
  33              		.cfi_def_cfa_offset 16
  16:.\main.c      ****     uint8 i2cbuf[1];
  17:.\main.c      ****     i2cbuf[0]=0;
  34              		.loc 1 17 0
  35 0004 01AC     		add	r4, sp, #4
  36 0006 0023     		mov	r3, #0
  37 0008 2370     		strb	r3, [r4]
  18:.\main.c      ****     
  19:.\main.c      ****     CyGlobalIntEnable;      /* Enable global interrupts */
  38              		.loc 1 19 0
ARM GAS  C:\Users\cdc75\AppData\Local\Temp\ccQOl6jw.s 			page 2


  39              	@ 19 ".\main.c" 1
  40 000a 62B6     		CPSIE   i
  41              	@ 0 "" 2
  20:.\main.c      ****     
  21:.\main.c      ****     I2C_Start();
  42              		.loc 1 21 0
  43              		.code	16
  44 000c FFF7FEFF 		bl	I2C_Start
  45              	.LVL0:
  22:.\main.c      ****     I2C_EzI2CSetBuffer1(1,1,i2cbuf);
  46              		.loc 1 22 0
  47 0010 0120     		mov	r0, #1
  48 0012 0121     		mov	r1, #1
  49 0014 221C     		mov	r2, r4
  50 0016 FFF7FEFF 		bl	I2C_EzI2CSetBuffer1
  51              	.LVL1:
  52              	.L2:
  23:.\main.c      ****     
  24:.\main.c      ****     for(;;)
  25:.\main.c      ****     {
  26:.\main.c      ****         Output_Pin_0_Write( 0 ); CyDelay(100);
  53              		.loc 1 26 0 discriminator 1
  54 001a 0020     		mov	r0, #0
  55 001c FFF7FEFF 		bl	Output_Pin_0_Write
  56              	.LVL2:
  57 0020 6420     		mov	r0, #100
  58 0022 FFF7FEFF 		bl	CyDelay
  59              	.LVL3:
  27:.\main.c      ****         Output_Pin_0_Write( 1 ); CyDelay(100);
  60              		.loc 1 27 0 discriminator 1
  61 0026 0120     		mov	r0, #1
  62 0028 FFF7FEFF 		bl	Output_Pin_0_Write
  63              	.LVL4:
  64 002c 6420     		mov	r0, #100
  65 002e FFF7FEFF 		bl	CyDelay
  66              	.LVL5:
  28:.\main.c      ****         Output_Pin_0_Write( 0 ); CyDelay(100);
  67              		.loc 1 28 0 discriminator 1
  68 0032 0020     		mov	r0, #0
  69 0034 FFF7FEFF 		bl	Output_Pin_0_Write
  70              	.LVL6:
  71 0038 6420     		mov	r0, #100
  72 003a FFF7FEFF 		bl	CyDelay
  73              	.LVL7:
  29:.\main.c      ****         Output_Pin_0_Write( 1 ); CyDelay(100);
  74              		.loc 1 29 0 discriminator 1
  75 003e 0120     		mov	r0, #1
  76 0040 FFF7FEFF 		bl	Output_Pin_0_Write
  77              	.LVL8:
  78 0044 6420     		mov	r0, #100
  79 0046 FFF7FEFF 		bl	CyDelay
  80              	.LVL9:
  30:.\main.c      ****         
  31:.\main.c      ****         I2C_Sleep();        
  81              		.loc 1 31 0 discriminator 1
  82 004a FFF7FEFF 		bl	I2C_Sleep
  83              	.LVL10:
ARM GAS  C:\Users\cdc75\AppData\Local\Temp\ccQOl6jw.s 			page 3


  32:.\main.c      ****         CySysPmDeepSleep();
  84              		.loc 1 32 0 discriminator 1
  85 004e FFF7FEFF 		bl	CySysPmDeepSleep
  86              	.LVL11:
  33:.\main.c      ****         I2C_Wakeup();
  87              		.loc 1 33 0 discriminator 1
  88 0052 FFF7FEFF 		bl	I2C_Wakeup
  89              	.LVL12:
  34:.\main.c      ****         
  35:.\main.c      ****         CyDelay(5000);
  90              		.loc 1 35 0 discriminator 1
  91 0056 0248     		ldr	r0, .L3
  92 0058 FFF7FEFF 		bl	CyDelay
  93              	.LVL13:
  36:.\main.c      ****     }
  94              		.loc 1 36 0 discriminator 1
  95 005c DDE7     		b	.L2
  96              	.L4:
  97 005e C046     		.align	2
  98              	.L3:
  99 0060 88130000 		.word	5000
 100              		.cfi_endproc
 101              	.LFE34:
 102              		.size	main, .-main
 103              		.text
 104              	.Letext0:
 105              		.file 2 "Generated_Source\\PSoC4/cytypes.h"
 106              		.file 3 "Generated_Source\\PSoC4/I2C_EZI2C.h"
 107              		.file 4 "Generated_Source\\PSoC4/Output_Pin_0.h"
 108              		.file 5 "Generated_Source\\PSoC4/CyLib.h"
 109              		.file 6 "Generated_Source\\PSoC4/I2C.h"
 110              		.file 7 "Generated_Source\\PSoC4/cyPm.h"
 111              		.section	.debug_info,"",%progbits
 112              	.Ldebug_info0:
 113 0000 27020000 		.4byte	0x227
 114 0004 0400     		.2byte	0x4
 115 0006 00000000 		.4byte	.Ldebug_abbrev0
 116 000a 04       		.byte	0x4
 117 000b 01       		.uleb128 0x1
 118 000c 04010000 		.4byte	.LASF22
 119 0010 01       		.byte	0x1
 120 0011 BD010000 		.4byte	.LASF23
 121 0015 92010000 		.4byte	.LASF24
 122 0019 00000000 		.4byte	.Ldebug_ranges0+0
 123 001d 00000000 		.4byte	0
 124 0021 00000000 		.4byte	.Ldebug_line0
 125 0025 02       		.uleb128 0x2
 126 0026 01       		.byte	0x1
 127 0027 06       		.byte	0x6
 128 0028 F3000000 		.4byte	.LASF0
 129 002c 02       		.uleb128 0x2
 130 002d 01       		.byte	0x1
 131 002e 08       		.byte	0x8
 132 002f AC000000 		.4byte	.LASF1
 133 0033 02       		.uleb128 0x2
 134 0034 02       		.byte	0x2
 135 0035 05       		.byte	0x5
ARM GAS  C:\Users\cdc75\AppData\Local\Temp\ccQOl6jw.s 			page 4


 136 0036 C8000000 		.4byte	.LASF2
 137 003a 02       		.uleb128 0x2
 138 003b 02       		.byte	0x2
 139 003c 07       		.byte	0x7
 140 003d E0000000 		.4byte	.LASF3
 141 0041 02       		.uleb128 0x2
 142 0042 04       		.byte	0x4
 143 0043 05       		.byte	0x5
 144 0044 BF000000 		.4byte	.LASF4
 145 0048 02       		.uleb128 0x2
 146 0049 04       		.byte	0x4
 147 004a 07       		.byte	0x7
 148 004b 56000000 		.4byte	.LASF5
 149 004f 02       		.uleb128 0x2
 150 0050 08       		.byte	0x8
 151 0051 05       		.byte	0x5
 152 0052 00000000 		.4byte	.LASF6
 153 0056 02       		.uleb128 0x2
 154 0057 08       		.byte	0x8
 155 0058 07       		.byte	0x7
 156 0059 68000000 		.4byte	.LASF7
 157 005d 03       		.uleb128 0x3
 158 005e 04       		.byte	0x4
 159 005f 05       		.byte	0x5
 160 0060 696E7400 		.ascii	"int\000"
 161 0064 02       		.uleb128 0x2
 162 0065 04       		.byte	0x4
 163 0066 07       		.byte	0x7
 164 0067 15000000 		.4byte	.LASF8
 165 006b 04       		.uleb128 0x4
 166 006c 50000000 		.4byte	.LASF9
 167 0070 02       		.byte	0x2
 168 0071 9801     		.2byte	0x198
 169 0073 2C000000 		.4byte	0x2c
 170 0077 04       		.uleb128 0x4
 171 0078 0E000000 		.4byte	.LASF10
 172 007c 02       		.byte	0x2
 173 007d 9A01     		.2byte	0x19a
 174 007f 48000000 		.4byte	0x48
 175 0083 02       		.uleb128 0x2
 176 0084 04       		.byte	0x4
 177 0085 04       		.byte	0x4
 178 0086 7F000000 		.4byte	.LASF11
 179 008a 02       		.uleb128 0x2
 180 008b 08       		.byte	0x8
 181 008c 04       		.byte	0x4
 182 008d D2000000 		.4byte	.LASF12
 183 0091 02       		.uleb128 0x2
 184 0092 01       		.byte	0x1
 185 0093 08       		.byte	0x8
 186 0094 BA000000 		.4byte	.LASF13
 187 0098 05       		.uleb128 0x5
 188 0099 6B000000 		.4byte	0x6b
 189 009d 02       		.uleb128 0x2
 190 009e 04       		.byte	0x4
 191 009f 07       		.byte	0x7
 192 00a0 D0010000 		.4byte	.LASF14
ARM GAS  C:\Users\cdc75\AppData\Local\Temp\ccQOl6jw.s 			page 5


 193 00a4 06       		.uleb128 0x6
 194 00a5 FF000000 		.4byte	.LASF25
 195 00a9 01       		.byte	0x1
 196 00aa 0E       		.byte	0xe
 197 00ab 5D000000 		.4byte	0x5d
 198 00af 00000000 		.4byte	.LFB34
 199 00b3 64000000 		.4byte	.LFE34-.LFB34
 200 00b7 01       		.uleb128 0x1
 201 00b8 9C       		.byte	0x9c
 202 00b9 BB010000 		.4byte	0x1bb
 203 00bd 07       		.uleb128 0x7
 204 00be D9000000 		.4byte	.LASF26
 205 00c2 01       		.byte	0x1
 206 00c3 10       		.byte	0x10
 207 00c4 BB010000 		.4byte	0x1bb
 208 00c8 02       		.uleb128 0x2
 209 00c9 91       		.byte	0x91
 210 00ca 74       		.sleb128 -12
 211 00cb 08       		.uleb128 0x8
 212 00cc 10000000 		.4byte	.LVL0
 213 00d0 CB010000 		.4byte	0x1cb
 214 00d4 09       		.uleb128 0x9
 215 00d5 1A000000 		.4byte	.LVL1
 216 00d9 D2010000 		.4byte	0x1d2
 217 00dd F2000000 		.4byte	0xf2
 218 00e1 0A       		.uleb128 0xa
 219 00e2 01       		.uleb128 0x1
 220 00e3 52       		.byte	0x52
 221 00e4 02       		.uleb128 0x2
 222 00e5 74       		.byte	0x74
 223 00e6 00       		.sleb128 0
 224 00e7 0A       		.uleb128 0xa
 225 00e8 01       		.uleb128 0x1
 226 00e9 51       		.byte	0x51
 227 00ea 01       		.uleb128 0x1
 228 00eb 31       		.byte	0x31
 229 00ec 0A       		.uleb128 0xa
 230 00ed 01       		.uleb128 0x1
 231 00ee 50       		.byte	0x50
 232 00ef 01       		.uleb128 0x1
 233 00f0 31       		.byte	0x31
 234 00f1 00       		.byte	0
 235 00f2 09       		.uleb128 0x9
 236 00f3 20000000 		.4byte	.LVL2
 237 00f7 F3010000 		.4byte	0x1f3
 238 00fb 05010000 		.4byte	0x105
 239 00ff 0A       		.uleb128 0xa
 240 0100 01       		.uleb128 0x1
 241 0101 50       		.byte	0x50
 242 0102 01       		.uleb128 0x1
 243 0103 30       		.byte	0x30
 244 0104 00       		.byte	0
 245 0105 09       		.uleb128 0x9
 246 0106 26000000 		.4byte	.LVL3
 247 010a 04020000 		.4byte	0x204
 248 010e 19010000 		.4byte	0x119
 249 0112 0A       		.uleb128 0xa
ARM GAS  C:\Users\cdc75\AppData\Local\Temp\ccQOl6jw.s 			page 6


 250 0113 01       		.uleb128 0x1
 251 0114 50       		.byte	0x50
 252 0115 02       		.uleb128 0x2
 253 0116 08       		.byte	0x8
 254 0117 64       		.byte	0x64
 255 0118 00       		.byte	0
 256 0119 09       		.uleb128 0x9
 257 011a 2C000000 		.4byte	.LVL4
 258 011e F3010000 		.4byte	0x1f3
 259 0122 2C010000 		.4byte	0x12c
 260 0126 0A       		.uleb128 0xa
 261 0127 01       		.uleb128 0x1
 262 0128 50       		.byte	0x50
 263 0129 01       		.uleb128 0x1
 264 012a 31       		.byte	0x31
 265 012b 00       		.byte	0
 266 012c 09       		.uleb128 0x9
 267 012d 32000000 		.4byte	.LVL5
 268 0131 04020000 		.4byte	0x204
 269 0135 40010000 		.4byte	0x140
 270 0139 0A       		.uleb128 0xa
 271 013a 01       		.uleb128 0x1
 272 013b 50       		.byte	0x50
 273 013c 02       		.uleb128 0x2
 274 013d 08       		.byte	0x8
 275 013e 64       		.byte	0x64
 276 013f 00       		.byte	0
 277 0140 09       		.uleb128 0x9
 278 0141 38000000 		.4byte	.LVL6
 279 0145 F3010000 		.4byte	0x1f3
 280 0149 53010000 		.4byte	0x153
 281 014d 0A       		.uleb128 0xa
 282 014e 01       		.uleb128 0x1
 283 014f 50       		.byte	0x50
 284 0150 01       		.uleb128 0x1
 285 0151 30       		.byte	0x30
 286 0152 00       		.byte	0
 287 0153 09       		.uleb128 0x9
 288 0154 3E000000 		.4byte	.LVL7
 289 0158 04020000 		.4byte	0x204
 290 015c 67010000 		.4byte	0x167
 291 0160 0A       		.uleb128 0xa
 292 0161 01       		.uleb128 0x1
 293 0162 50       		.byte	0x50
 294 0163 02       		.uleb128 0x2
 295 0164 08       		.byte	0x8
 296 0165 64       		.byte	0x64
 297 0166 00       		.byte	0
 298 0167 09       		.uleb128 0x9
 299 0168 44000000 		.4byte	.LVL8
 300 016c F3010000 		.4byte	0x1f3
 301 0170 7A010000 		.4byte	0x17a
 302 0174 0A       		.uleb128 0xa
 303 0175 01       		.uleb128 0x1
 304 0176 50       		.byte	0x50
 305 0177 01       		.uleb128 0x1
 306 0178 31       		.byte	0x31
ARM GAS  C:\Users\cdc75\AppData\Local\Temp\ccQOl6jw.s 			page 7


 307 0179 00       		.byte	0
 308 017a 09       		.uleb128 0x9
 309 017b 4A000000 		.4byte	.LVL9
 310 017f 04020000 		.4byte	0x204
 311 0183 8E010000 		.4byte	0x18e
 312 0187 0A       		.uleb128 0xa
 313 0188 01       		.uleb128 0x1
 314 0189 50       		.byte	0x50
 315 018a 02       		.uleb128 0x2
 316 018b 08       		.byte	0x8
 317 018c 64       		.byte	0x64
 318 018d 00       		.byte	0
 319 018e 08       		.uleb128 0x8
 320 018f 4E000000 		.4byte	.LVL10
 321 0193 15020000 		.4byte	0x215
 322 0197 08       		.uleb128 0x8
 323 0198 52000000 		.4byte	.LVL11
 324 019c 1C020000 		.4byte	0x21c
 325 01a0 08       		.uleb128 0x8
 326 01a1 56000000 		.4byte	.LVL12
 327 01a5 23020000 		.4byte	0x223
 328 01a9 0B       		.uleb128 0xb
 329 01aa 5C000000 		.4byte	.LVL13
 330 01ae 04020000 		.4byte	0x204
 331 01b2 0A       		.uleb128 0xa
 332 01b3 01       		.uleb128 0x1
 333 01b4 50       		.byte	0x50
 334 01b5 03       		.uleb128 0x3
 335 01b6 0A       		.byte	0xa
 336 01b7 8813     		.2byte	0x1388
 337 01b9 00       		.byte	0
 338 01ba 00       		.byte	0
 339 01bb 0C       		.uleb128 0xc
 340 01bc 6B000000 		.4byte	0x6b
 341 01c0 CB010000 		.4byte	0x1cb
 342 01c4 0D       		.uleb128 0xd
 343 01c5 9D000000 		.4byte	0x9d
 344 01c9 00       		.byte	0
 345 01ca 00       		.byte	0
 346 01cb 0E       		.uleb128 0xe
 347 01cc 3E000000 		.4byte	.LASF18
 348 01d0 06       		.byte	0x6
 349 01d1 6E       		.byte	0x6e
 350 01d2 0F       		.uleb128 0xf
 351 01d3 85000000 		.4byte	.LASF15
 352 01d7 03       		.byte	0x3
 353 01d8 A2       		.byte	0xa2
 354 01d9 ED010000 		.4byte	0x1ed
 355 01dd 10       		.uleb128 0x10
 356 01de 77000000 		.4byte	0x77
 357 01e2 10       		.uleb128 0x10
 358 01e3 77000000 		.4byte	0x77
 359 01e7 10       		.uleb128 0x10
 360 01e8 ED010000 		.4byte	0x1ed
 361 01ec 00       		.byte	0
 362 01ed 11       		.uleb128 0x11
 363 01ee 04       		.byte	0x4
ARM GAS  C:\Users\cdc75\AppData\Local\Temp\ccQOl6jw.s 			page 8


 364 01ef 98000000 		.4byte	0x98
 365 01f3 0F       		.uleb128 0xf
 366 01f4 99000000 		.4byte	.LASF16
 367 01f8 04       		.byte	0x4
 368 01f9 33       		.byte	0x33
 369 01fa 04020000 		.4byte	0x204
 370 01fe 10       		.uleb128 0x10
 371 01ff 6B000000 		.4byte	0x6b
 372 0203 00       		.byte	0
 373 0204 0F       		.uleb128 0xf
 374 0205 48000000 		.4byte	.LASF17
 375 0209 05       		.byte	0x5
 376 020a D7       		.byte	0xd7
 377 020b 15020000 		.4byte	0x215
 378 020f 10       		.uleb128 0x10
 379 0210 77000000 		.4byte	0x77
 380 0214 00       		.byte	0
 381 0215 0E       		.uleb128 0xe
 382 0216 C6010000 		.4byte	.LASF19
 383 021a 06       		.byte	0x6
 384 021b 78       		.byte	0x78
 385 021c 0E       		.uleb128 0xe
 386 021d 22000000 		.4byte	.LASF20
 387 0221 07       		.byte	0x7
 388 0222 57       		.byte	0x57
 389 0223 0E       		.uleb128 0xe
 390 0224 33000000 		.4byte	.LASF21
 391 0228 06       		.byte	0x6
 392 0229 79       		.byte	0x79
 393 022a 00       		.byte	0
 394              		.section	.debug_abbrev,"",%progbits
 395              	.Ldebug_abbrev0:
 396 0000 01       		.uleb128 0x1
 397 0001 11       		.uleb128 0x11
 398 0002 01       		.byte	0x1
 399 0003 25       		.uleb128 0x25
 400 0004 0E       		.uleb128 0xe
 401 0005 13       		.uleb128 0x13
 402 0006 0B       		.uleb128 0xb
 403 0007 03       		.uleb128 0x3
 404 0008 0E       		.uleb128 0xe
 405 0009 1B       		.uleb128 0x1b
 406 000a 0E       		.uleb128 0xe
 407 000b 55       		.uleb128 0x55
 408 000c 17       		.uleb128 0x17
 409 000d 11       		.uleb128 0x11
 410 000e 01       		.uleb128 0x1
 411 000f 10       		.uleb128 0x10
 412 0010 17       		.uleb128 0x17
 413 0011 00       		.byte	0
 414 0012 00       		.byte	0
 415 0013 02       		.uleb128 0x2
 416 0014 24       		.uleb128 0x24
 417 0015 00       		.byte	0
 418 0016 0B       		.uleb128 0xb
 419 0017 0B       		.uleb128 0xb
 420 0018 3E       		.uleb128 0x3e
ARM GAS  C:\Users\cdc75\AppData\Local\Temp\ccQOl6jw.s 			page 9


 421 0019 0B       		.uleb128 0xb
 422 001a 03       		.uleb128 0x3
 423 001b 0E       		.uleb128 0xe
 424 001c 00       		.byte	0
 425 001d 00       		.byte	0
 426 001e 03       		.uleb128 0x3
 427 001f 24       		.uleb128 0x24
 428 0020 00       		.byte	0
 429 0021 0B       		.uleb128 0xb
 430 0022 0B       		.uleb128 0xb
 431 0023 3E       		.uleb128 0x3e
 432 0024 0B       		.uleb128 0xb
 433 0025 03       		.uleb128 0x3
 434 0026 08       		.uleb128 0x8
 435 0027 00       		.byte	0
 436 0028 00       		.byte	0
 437 0029 04       		.uleb128 0x4
 438 002a 16       		.uleb128 0x16
 439 002b 00       		.byte	0
 440 002c 03       		.uleb128 0x3
 441 002d 0E       		.uleb128 0xe
 442 002e 3A       		.uleb128 0x3a
 443 002f 0B       		.uleb128 0xb
 444 0030 3B       		.uleb128 0x3b
 445 0031 05       		.uleb128 0x5
 446 0032 49       		.uleb128 0x49
 447 0033 13       		.uleb128 0x13
 448 0034 00       		.byte	0
 449 0035 00       		.byte	0
 450 0036 05       		.uleb128 0x5
 451 0037 35       		.uleb128 0x35
 452 0038 00       		.byte	0
 453 0039 49       		.uleb128 0x49
 454 003a 13       		.uleb128 0x13
 455 003b 00       		.byte	0
 456 003c 00       		.byte	0
 457 003d 06       		.uleb128 0x6
 458 003e 2E       		.uleb128 0x2e
 459 003f 01       		.byte	0x1
 460 0040 3F       		.uleb128 0x3f
 461 0041 19       		.uleb128 0x19
 462 0042 03       		.uleb128 0x3
 463 0043 0E       		.uleb128 0xe
 464 0044 3A       		.uleb128 0x3a
 465 0045 0B       		.uleb128 0xb
 466 0046 3B       		.uleb128 0x3b
 467 0047 0B       		.uleb128 0xb
 468 0048 49       		.uleb128 0x49
 469 0049 13       		.uleb128 0x13
 470 004a 11       		.uleb128 0x11
 471 004b 01       		.uleb128 0x1
 472 004c 12       		.uleb128 0x12
 473 004d 06       		.uleb128 0x6
 474 004e 40       		.uleb128 0x40
 475 004f 18       		.uleb128 0x18
 476 0050 9742     		.uleb128 0x2117
 477 0052 19       		.uleb128 0x19
ARM GAS  C:\Users\cdc75\AppData\Local\Temp\ccQOl6jw.s 			page 10


 478 0053 01       		.uleb128 0x1
 479 0054 13       		.uleb128 0x13
 480 0055 00       		.byte	0
 481 0056 00       		.byte	0
 482 0057 07       		.uleb128 0x7
 483 0058 34       		.uleb128 0x34
 484 0059 00       		.byte	0
 485 005a 03       		.uleb128 0x3
 486 005b 0E       		.uleb128 0xe
 487 005c 3A       		.uleb128 0x3a
 488 005d 0B       		.uleb128 0xb
 489 005e 3B       		.uleb128 0x3b
 490 005f 0B       		.uleb128 0xb
 491 0060 49       		.uleb128 0x49
 492 0061 13       		.uleb128 0x13
 493 0062 02       		.uleb128 0x2
 494 0063 18       		.uleb128 0x18
 495 0064 00       		.byte	0
 496 0065 00       		.byte	0
 497 0066 08       		.uleb128 0x8
 498 0067 898201   		.uleb128 0x4109
 499 006a 00       		.byte	0
 500 006b 11       		.uleb128 0x11
 501 006c 01       		.uleb128 0x1
 502 006d 31       		.uleb128 0x31
 503 006e 13       		.uleb128 0x13
 504 006f 00       		.byte	0
 505 0070 00       		.byte	0
 506 0071 09       		.uleb128 0x9
 507 0072 898201   		.uleb128 0x4109
 508 0075 01       		.byte	0x1
 509 0076 11       		.uleb128 0x11
 510 0077 01       		.uleb128 0x1
 511 0078 31       		.uleb128 0x31
 512 0079 13       		.uleb128 0x13
 513 007a 01       		.uleb128 0x1
 514 007b 13       		.uleb128 0x13
 515 007c 00       		.byte	0
 516 007d 00       		.byte	0
 517 007e 0A       		.uleb128 0xa
 518 007f 8A8201   		.uleb128 0x410a
 519 0082 00       		.byte	0
 520 0083 02       		.uleb128 0x2
 521 0084 18       		.uleb128 0x18
 522 0085 9142     		.uleb128 0x2111
 523 0087 18       		.uleb128 0x18
 524 0088 00       		.byte	0
 525 0089 00       		.byte	0
 526 008a 0B       		.uleb128 0xb
 527 008b 898201   		.uleb128 0x4109
 528 008e 01       		.byte	0x1
 529 008f 11       		.uleb128 0x11
 530 0090 01       		.uleb128 0x1
 531 0091 31       		.uleb128 0x31
 532 0092 13       		.uleb128 0x13
 533 0093 00       		.byte	0
 534 0094 00       		.byte	0
ARM GAS  C:\Users\cdc75\AppData\Local\Temp\ccQOl6jw.s 			page 11


 535 0095 0C       		.uleb128 0xc
 536 0096 01       		.uleb128 0x1
 537 0097 01       		.byte	0x1
 538 0098 49       		.uleb128 0x49
 539 0099 13       		.uleb128 0x13
 540 009a 01       		.uleb128 0x1
 541 009b 13       		.uleb128 0x13
 542 009c 00       		.byte	0
 543 009d 00       		.byte	0
 544 009e 0D       		.uleb128 0xd
 545 009f 21       		.uleb128 0x21
 546 00a0 00       		.byte	0
 547 00a1 49       		.uleb128 0x49
 548 00a2 13       		.uleb128 0x13
 549 00a3 2F       		.uleb128 0x2f
 550 00a4 0B       		.uleb128 0xb
 551 00a5 00       		.byte	0
 552 00a6 00       		.byte	0
 553 00a7 0E       		.uleb128 0xe
 554 00a8 2E       		.uleb128 0x2e
 555 00a9 00       		.byte	0
 556 00aa 3F       		.uleb128 0x3f
 557 00ab 19       		.uleb128 0x19
 558 00ac 03       		.uleb128 0x3
 559 00ad 0E       		.uleb128 0xe
 560 00ae 3A       		.uleb128 0x3a
 561 00af 0B       		.uleb128 0xb
 562 00b0 3B       		.uleb128 0x3b
 563 00b1 0B       		.uleb128 0xb
 564 00b2 27       		.uleb128 0x27
 565 00b3 19       		.uleb128 0x19
 566 00b4 3C       		.uleb128 0x3c
 567 00b5 19       		.uleb128 0x19
 568 00b6 00       		.byte	0
 569 00b7 00       		.byte	0
 570 00b8 0F       		.uleb128 0xf
 571 00b9 2E       		.uleb128 0x2e
 572 00ba 01       		.byte	0x1
 573 00bb 3F       		.uleb128 0x3f
 574 00bc 19       		.uleb128 0x19
 575 00bd 03       		.uleb128 0x3
 576 00be 0E       		.uleb128 0xe
 577 00bf 3A       		.uleb128 0x3a
 578 00c0 0B       		.uleb128 0xb
 579 00c1 3B       		.uleb128 0x3b
 580 00c2 0B       		.uleb128 0xb
 581 00c3 27       		.uleb128 0x27
 582 00c4 19       		.uleb128 0x19
 583 00c5 3C       		.uleb128 0x3c
 584 00c6 19       		.uleb128 0x19
 585 00c7 01       		.uleb128 0x1
 586 00c8 13       		.uleb128 0x13
 587 00c9 00       		.byte	0
 588 00ca 00       		.byte	0
 589 00cb 10       		.uleb128 0x10
 590 00cc 05       		.uleb128 0x5
 591 00cd 00       		.byte	0
ARM GAS  C:\Users\cdc75\AppData\Local\Temp\ccQOl6jw.s 			page 12


 592 00ce 49       		.uleb128 0x49
 593 00cf 13       		.uleb128 0x13
 594 00d0 00       		.byte	0
 595 00d1 00       		.byte	0
 596 00d2 11       		.uleb128 0x11
 597 00d3 0F       		.uleb128 0xf
 598 00d4 00       		.byte	0
 599 00d5 0B       		.uleb128 0xb
 600 00d6 0B       		.uleb128 0xb
 601 00d7 49       		.uleb128 0x49
 602 00d8 13       		.uleb128 0x13
 603 00d9 00       		.byte	0
 604 00da 00       		.byte	0
 605 00db 00       		.byte	0
 606              		.section	.debug_aranges,"",%progbits
 607 0000 1C000000 		.4byte	0x1c
 608 0004 0200     		.2byte	0x2
 609 0006 00000000 		.4byte	.Ldebug_info0
 610 000a 04       		.byte	0x4
 611 000b 00       		.byte	0
 612 000c 0000     		.2byte	0
 613 000e 0000     		.2byte	0
 614 0010 00000000 		.4byte	.LFB34
 615 0014 64000000 		.4byte	.LFE34-.LFB34
 616 0018 00000000 		.4byte	0
 617 001c 00000000 		.4byte	0
 618              		.section	.debug_ranges,"",%progbits
 619              	.Ldebug_ranges0:
 620 0000 00000000 		.4byte	.LFB34
 621 0004 64000000 		.4byte	.LFE34
 622 0008 00000000 		.4byte	0
 623 000c 00000000 		.4byte	0
 624              		.section	.debug_line,"",%progbits
 625              	.Ldebug_line0:
 626 0000 C8000000 		.section	.debug_str,"MS",%progbits,1
 626      02008200 
 626      00000201 
 626      FB0E0D00 
 626      01010101 
 627              	.LASF6:
 628 0000 6C6F6E67 		.ascii	"long long int\000"
 628      206C6F6E 
 628      6720696E 
 628      7400
 629              	.LASF10:
 630 000e 75696E74 		.ascii	"uint32\000"
 630      333200
 631              	.LASF8:
 632 0015 756E7369 		.ascii	"unsigned int\000"
 632      676E6564 
 632      20696E74 
 632      00
 633              	.LASF20:
 634 0022 43795379 		.ascii	"CySysPmDeepSleep\000"
 634      73506D44 
 634      65657053 
 634      6C656570 
ARM GAS  C:\Users\cdc75\AppData\Local\Temp\ccQOl6jw.s 			page 13


 634      00
 635              	.LASF21:
 636 0033 4932435F 		.ascii	"I2C_Wakeup\000"
 636      57616B65 
 636      757000
 637              	.LASF18:
 638 003e 4932435F 		.ascii	"I2C_Start\000"
 638      53746172 
 638      7400
 639              	.LASF17:
 640 0048 43794465 		.ascii	"CyDelay\000"
 640      6C617900 
 641              	.LASF9:
 642 0050 75696E74 		.ascii	"uint8\000"
 642      3800
 643              	.LASF5:
 644 0056 6C6F6E67 		.ascii	"long unsigned int\000"
 644      20756E73 
 644      69676E65 
 644      6420696E 
 644      7400
 645              	.LASF7:
 646 0068 6C6F6E67 		.ascii	"long long unsigned int\000"
 646      206C6F6E 
 646      6720756E 
 646      7369676E 
 646      65642069 
 647              	.LASF11:
 648 007f 666C6F61 		.ascii	"float\000"
 648      7400
 649              	.LASF15:
 650 0085 4932435F 		.ascii	"I2C_EzI2CSetBuffer1\000"
 650      457A4932 
 650      43536574 
 650      42756666 
 650      65723100 
 651              	.LASF16:
 652 0099 4F757470 		.ascii	"Output_Pin_0_Write\000"
 652      75745F50 
 652      696E5F30 
 652      5F577269 
 652      746500
 653              	.LASF1:
 654 00ac 756E7369 		.ascii	"unsigned char\000"
 654      676E6564 
 654      20636861 
 654      7200
 655              	.LASF13:
 656 00ba 63686172 		.ascii	"char\000"
 656      00
 657              	.LASF4:
 658 00bf 6C6F6E67 		.ascii	"long int\000"
 658      20696E74 
 658      00
 659              	.LASF2:
 660 00c8 73686F72 		.ascii	"short int\000"
 660      7420696E 
ARM GAS  C:\Users\cdc75\AppData\Local\Temp\ccQOl6jw.s 			page 14


 660      7400
 661              	.LASF12:
 662 00d2 646F7562 		.ascii	"double\000"
 662      6C6500
 663              	.LASF26:
 664 00d9 69326362 		.ascii	"i2cbuf\000"
 664      756600
 665              	.LASF3:
 666 00e0 73686F72 		.ascii	"short unsigned int\000"
 666      7420756E 
 666      7369676E 
 666      65642069 
 666      6E7400
 667              	.LASF0:
 668 00f3 7369676E 		.ascii	"signed char\000"
 668      65642063 
 668      68617200 
 669              	.LASF25:
 670 00ff 6D61696E 		.ascii	"main\000"
 670      00
 671              	.LASF22:
 672 0104 474E5520 		.ascii	"GNU C 4.9.3 20150303 (release) [ARM/embedded-4_9-br"
 672      4320342E 
 672      392E3320 
 672      32303135 
 672      30333033 
 673 0137 616E6368 		.ascii	"anch revision 221220] -mcpu=cortex-m0 -mthumb -g -O"
 673      20726576 
 673      6973696F 
 673      6E203232 
 673      31323230 
 674 016a 67202D66 		.ascii	"g -ffunction-sections -ffat-lto-objects\000"
 674      66756E63 
 674      74696F6E 
 674      2D736563 
 674      74696F6E 
 675              	.LASF24:
 676 0192 433A5C55 		.ascii	"C:\\Users\\cdc75\\Desktop\\Labs\\Lesson17.cydsn\000"
 676      73657273 
 676      5C636463 
 676      37355C44 
 676      65736B74 
 677              	.LASF23:
 678 01bd 2E5C6D61 		.ascii	".\\main.c\000"
 678      696E2E63 
 678      00
 679              	.LASF19:
 680 01c6 4932435F 		.ascii	"I2C_Sleep\000"
 680      536C6565 
 680      7000
 681              	.LASF14:
 682 01d0 73697A65 		.ascii	"sizetype\000"
 682      74797065 
 682      00
 683              		.ident	"GCC: (GNU Tools for ARM Embedded Processors) 4.9.3 20150303 (release) [ARM/embedded-4_9-br
