ARM GAS  C:\Users\cdc75\AppData\Local\Temp\ccAFxIeD.s 			page 1


   1              		.cpu cortex-m0
   2              		.fpu softvfp
   3              		.eabi_attribute 20, 1
   4              		.eabi_attribute 21, 1
   5              		.eabi_attribute 23, 3
   6              		.eabi_attribute 24, 1
   7              		.eabi_attribute 25, 1
   8              		.eabi_attribute 26, 1
   9              		.eabi_attribute 30, 1
  10              		.eabi_attribute 34, 0
  11              		.eabi_attribute 18, 4
  12              		.code	16
  13              		.file	"cyfitter_cfg.c"
  14              		.text
  15              	.Ltext0:
  16              		.cfi_sections	.debug_frame
  17              		.section	.text.cfg_write_bytes32,"ax",%progbits
  18              		.align	2
  19              		.code	16
  20              		.thumb_func
  21              		.type	cfg_write_bytes32, %function
  22              	cfg_write_bytes32:
  23              	.LFB3:
  24              		.file 1 ".\\Generated_Source\\PSoC4\\cyfitter_cfg.c"
   1:.\Generated_Source\PSoC4/cyfitter_cfg.c **** /*******************************************************************************
   2:.\Generated_Source\PSoC4/cyfitter_cfg.c **** * File Name: cyfitter_cfg.c
   3:.\Generated_Source\PSoC4/cyfitter_cfg.c **** * 
   4:.\Generated_Source\PSoC4/cyfitter_cfg.c **** * PSoC Creator  3.3 CP3
   5:.\Generated_Source\PSoC4/cyfitter_cfg.c **** *
   6:.\Generated_Source\PSoC4/cyfitter_cfg.c **** * Description:
   7:.\Generated_Source\PSoC4/cyfitter_cfg.c **** * This file contains device initialization code.
   8:.\Generated_Source\PSoC4/cyfitter_cfg.c **** * Except for the user defined sections in CyClockStartupError(), this file should not be modified.
   9:.\Generated_Source\PSoC4/cyfitter_cfg.c **** * This file is automatically generated by PSoC Creator.
  10:.\Generated_Source\PSoC4/cyfitter_cfg.c **** *
  11:.\Generated_Source\PSoC4/cyfitter_cfg.c **** ********************************************************************************
  12:.\Generated_Source\PSoC4/cyfitter_cfg.c **** * Copyright (c) 2007-2016 Cypress Semiconductor.  All rights reserved.
  13:.\Generated_Source\PSoC4/cyfitter_cfg.c **** * You may use this file only in accordance with the license, terms, conditions, 
  14:.\Generated_Source\PSoC4/cyfitter_cfg.c **** * disclaimers, and limitations in the end user license agreement accompanying 
  15:.\Generated_Source\PSoC4/cyfitter_cfg.c **** * the software package with which this file was provided.
  16:.\Generated_Source\PSoC4/cyfitter_cfg.c **** ********************************************************************************/
  17:.\Generated_Source\PSoC4/cyfitter_cfg.c **** 
  18:.\Generated_Source\PSoC4/cyfitter_cfg.c **** #include <string.h>
  19:.\Generated_Source\PSoC4/cyfitter_cfg.c **** #include "cytypes.h"
  20:.\Generated_Source\PSoC4/cyfitter_cfg.c **** #include "cydevice_trm.h"
  21:.\Generated_Source\PSoC4/cyfitter_cfg.c **** #include "cyfitter.h"
  22:.\Generated_Source\PSoC4/cyfitter_cfg.c **** #include "CyLib.h"
  23:.\Generated_Source\PSoC4/cyfitter_cfg.c **** #include "CyLFClk.h"
  24:.\Generated_Source\PSoC4/cyfitter_cfg.c **** #include "cyfitter_cfg.h"
  25:.\Generated_Source\PSoC4/cyfitter_cfg.c **** 
  26:.\Generated_Source\PSoC4/cyfitter_cfg.c **** 
  27:.\Generated_Source\PSoC4/cyfitter_cfg.c **** #if defined(__GNUC__) || defined(__ARMCC_VERSION)
  28:.\Generated_Source\PSoC4/cyfitter_cfg.c ****     #define CYPACKED 
  29:.\Generated_Source\PSoC4/cyfitter_cfg.c ****     #define CYPACKED_ATTR __attribute__ ((packed))
  30:.\Generated_Source\PSoC4/cyfitter_cfg.c ****     #define CYALIGNED __attribute__ ((aligned))
  31:.\Generated_Source\PSoC4/cyfitter_cfg.c ****     #define CY_CFG_UNUSED __attribute__ ((unused))
  32:.\Generated_Source\PSoC4/cyfitter_cfg.c ****     #ifndef CY_CFG_SECTION
  33:.\Generated_Source\PSoC4/cyfitter_cfg.c ****         #define CY_CFG_SECTION __attribute__ ((section(".psocinit")))
ARM GAS  C:\Users\cdc75\AppData\Local\Temp\ccAFxIeD.s 			page 2


  34:.\Generated_Source\PSoC4/cyfitter_cfg.c ****     #endif
  35:.\Generated_Source\PSoC4/cyfitter_cfg.c ****     
  36:.\Generated_Source\PSoC4/cyfitter_cfg.c ****     #if defined(__ARMCC_VERSION)
  37:.\Generated_Source\PSoC4/cyfitter_cfg.c ****         #define CY_CFG_MEMORY_BARRIER() __memory_changed()
  38:.\Generated_Source\PSoC4/cyfitter_cfg.c ****     #else
  39:.\Generated_Source\PSoC4/cyfitter_cfg.c ****         #define CY_CFG_MEMORY_BARRIER() __sync_synchronize()
  40:.\Generated_Source\PSoC4/cyfitter_cfg.c ****     #endif
  41:.\Generated_Source\PSoC4/cyfitter_cfg.c ****     
  42:.\Generated_Source\PSoC4/cyfitter_cfg.c **** #elif defined(__ICCARM__)
  43:.\Generated_Source\PSoC4/cyfitter_cfg.c ****     #include <intrinsics.h>
  44:.\Generated_Source\PSoC4/cyfitter_cfg.c **** 
  45:.\Generated_Source\PSoC4/cyfitter_cfg.c ****     #define CYPACKED __packed
  46:.\Generated_Source\PSoC4/cyfitter_cfg.c ****     #define CYPACKED_ATTR 
  47:.\Generated_Source\PSoC4/cyfitter_cfg.c ****     #define CYALIGNED _Pragma("data_alignment=4")
  48:.\Generated_Source\PSoC4/cyfitter_cfg.c ****     #define CY_CFG_UNUSED _Pragma("diag_suppress=Pe177")
  49:.\Generated_Source\PSoC4/cyfitter_cfg.c ****     #define CY_CFG_SECTION _Pragma("location=\".psocinit\"")
  50:.\Generated_Source\PSoC4/cyfitter_cfg.c ****     
  51:.\Generated_Source\PSoC4/cyfitter_cfg.c ****     #define CY_CFG_MEMORY_BARRIER() __DMB()
  52:.\Generated_Source\PSoC4/cyfitter_cfg.c ****     
  53:.\Generated_Source\PSoC4/cyfitter_cfg.c **** #else
  54:.\Generated_Source\PSoC4/cyfitter_cfg.c ****     #error Unsupported toolchain
  55:.\Generated_Source\PSoC4/cyfitter_cfg.c **** #endif
  56:.\Generated_Source\PSoC4/cyfitter_cfg.c **** 
  57:.\Generated_Source\PSoC4/cyfitter_cfg.c **** 
  58:.\Generated_Source\PSoC4/cyfitter_cfg.c **** CY_CFG_UNUSED
  59:.\Generated_Source\PSoC4/cyfitter_cfg.c **** static void CYMEMZERO(void *s, size_t n);
  60:.\Generated_Source\PSoC4/cyfitter_cfg.c **** CY_CFG_UNUSED
  61:.\Generated_Source\PSoC4/cyfitter_cfg.c **** static void CYMEMZERO(void *s, size_t n)
  62:.\Generated_Source\PSoC4/cyfitter_cfg.c **** {
  63:.\Generated_Source\PSoC4/cyfitter_cfg.c **** 	(void)memset(s, 0, n);
  64:.\Generated_Source\PSoC4/cyfitter_cfg.c **** }
  65:.\Generated_Source\PSoC4/cyfitter_cfg.c **** CY_CFG_UNUSED
  66:.\Generated_Source\PSoC4/cyfitter_cfg.c **** static void CYCONFIGCPY(void *dest, const void *src, size_t n);
  67:.\Generated_Source\PSoC4/cyfitter_cfg.c **** CY_CFG_UNUSED
  68:.\Generated_Source\PSoC4/cyfitter_cfg.c **** static void CYCONFIGCPY(void *dest, const void *src, size_t n)
  69:.\Generated_Source\PSoC4/cyfitter_cfg.c **** {
  70:.\Generated_Source\PSoC4/cyfitter_cfg.c **** 	(void)memcpy(dest, src, n);
  71:.\Generated_Source\PSoC4/cyfitter_cfg.c **** }
  72:.\Generated_Source\PSoC4/cyfitter_cfg.c **** CY_CFG_UNUSED
  73:.\Generated_Source\PSoC4/cyfitter_cfg.c **** static void CYCONFIGCPYCODE(void *dest, const void *src, size_t n);
  74:.\Generated_Source\PSoC4/cyfitter_cfg.c **** CY_CFG_UNUSED
  75:.\Generated_Source\PSoC4/cyfitter_cfg.c **** static void CYCONFIGCPYCODE(void *dest, const void *src, size_t n)
  76:.\Generated_Source\PSoC4/cyfitter_cfg.c **** {
  77:.\Generated_Source\PSoC4/cyfitter_cfg.c **** 	(void)memcpy(dest, src, n);
  78:.\Generated_Source\PSoC4/cyfitter_cfg.c **** }
  79:.\Generated_Source\PSoC4/cyfitter_cfg.c **** 
  80:.\Generated_Source\PSoC4/cyfitter_cfg.c **** 
  81:.\Generated_Source\PSoC4/cyfitter_cfg.c **** 
  82:.\Generated_Source\PSoC4/cyfitter_cfg.c **** /* Clock startup error codes                                                   */
  83:.\Generated_Source\PSoC4/cyfitter_cfg.c **** #define CYCLOCKSTART_NO_ERROR    0u
  84:.\Generated_Source\PSoC4/cyfitter_cfg.c **** #define CYCLOCKSTART_XTAL_ERROR  1u
  85:.\Generated_Source\PSoC4/cyfitter_cfg.c **** #define CYCLOCKSTART_32KHZ_ERROR 2u
  86:.\Generated_Source\PSoC4/cyfitter_cfg.c **** #define CYCLOCKSTART_PLL_ERROR   3u
  87:.\Generated_Source\PSoC4/cyfitter_cfg.c **** 
  88:.\Generated_Source\PSoC4/cyfitter_cfg.c **** #ifdef CY_NEED_CYCLOCKSTARTUPERROR
  89:.\Generated_Source\PSoC4/cyfitter_cfg.c **** /*******************************************************************************
  90:.\Generated_Source\PSoC4/cyfitter_cfg.c **** * Function Name: CyClockStartupError
ARM GAS  C:\Users\cdc75\AppData\Local\Temp\ccAFxIeD.s 			page 3


  91:.\Generated_Source\PSoC4/cyfitter_cfg.c **** ********************************************************************************
  92:.\Generated_Source\PSoC4/cyfitter_cfg.c **** * Summary:
  93:.\Generated_Source\PSoC4/cyfitter_cfg.c **** *  If an error is encountered during clock configuration (crystal startup error,
  94:.\Generated_Source\PSoC4/cyfitter_cfg.c **** *  PLL lock error, etc.), the system will end up here.  Unless reimplemented by
  95:.\Generated_Source\PSoC4/cyfitter_cfg.c **** *  the customer, this function will stop in an infinite loop.
  96:.\Generated_Source\PSoC4/cyfitter_cfg.c **** *
  97:.\Generated_Source\PSoC4/cyfitter_cfg.c **** * Parameters:
  98:.\Generated_Source\PSoC4/cyfitter_cfg.c **** *   void
  99:.\Generated_Source\PSoC4/cyfitter_cfg.c **** *
 100:.\Generated_Source\PSoC4/cyfitter_cfg.c **** * Return:
 101:.\Generated_Source\PSoC4/cyfitter_cfg.c **** *   void
 102:.\Generated_Source\PSoC4/cyfitter_cfg.c **** *
 103:.\Generated_Source\PSoC4/cyfitter_cfg.c **** *******************************************************************************/
 104:.\Generated_Source\PSoC4/cyfitter_cfg.c **** CY_CFG_UNUSED
 105:.\Generated_Source\PSoC4/cyfitter_cfg.c **** static void CyClockStartupError(uint8 errorCode);
 106:.\Generated_Source\PSoC4/cyfitter_cfg.c **** CY_CFG_UNUSED
 107:.\Generated_Source\PSoC4/cyfitter_cfg.c **** static void CyClockStartupError(uint8 errorCode)
 108:.\Generated_Source\PSoC4/cyfitter_cfg.c **** {
 109:.\Generated_Source\PSoC4/cyfitter_cfg.c ****     /* To remove the compiler warning if errorCode not used.                */
 110:.\Generated_Source\PSoC4/cyfitter_cfg.c ****     errorCode = errorCode;
 111:.\Generated_Source\PSoC4/cyfitter_cfg.c **** 
 112:.\Generated_Source\PSoC4/cyfitter_cfg.c ****     /* `#START CyClockStartupError` */
 113:.\Generated_Source\PSoC4/cyfitter_cfg.c **** 
 114:.\Generated_Source\PSoC4/cyfitter_cfg.c ****     /* If we have a clock startup error (bad MHz crystal, PLL lock, etc.),  */
 115:.\Generated_Source\PSoC4/cyfitter_cfg.c ****     /* we will end up here to allow the customer to implement something to  */
 116:.\Generated_Source\PSoC4/cyfitter_cfg.c ****     /* deal with the clock condition.                                       */
 117:.\Generated_Source\PSoC4/cyfitter_cfg.c **** 
 118:.\Generated_Source\PSoC4/cyfitter_cfg.c ****     /* `#END` */
 119:.\Generated_Source\PSoC4/cyfitter_cfg.c **** 
 120:.\Generated_Source\PSoC4/cyfitter_cfg.c ****     /* If nothing else, stop here since the clocks have not started         */
 121:.\Generated_Source\PSoC4/cyfitter_cfg.c ****     /* correctly.                                                           */
 122:.\Generated_Source\PSoC4/cyfitter_cfg.c ****     while(1) {}
 123:.\Generated_Source\PSoC4/cyfitter_cfg.c **** }
 124:.\Generated_Source\PSoC4/cyfitter_cfg.c **** #endif
 125:.\Generated_Source\PSoC4/cyfitter_cfg.c **** 
 126:.\Generated_Source\PSoC4/cyfitter_cfg.c **** #define CY_CFG_BASE_ADDR_COUNT 4u
 127:.\Generated_Source\PSoC4/cyfitter_cfg.c **** CYPACKED typedef struct
 128:.\Generated_Source\PSoC4/cyfitter_cfg.c **** {
 129:.\Generated_Source\PSoC4/cyfitter_cfg.c **** 	uint8 offset;
 130:.\Generated_Source\PSoC4/cyfitter_cfg.c **** 	uint8 value;
 131:.\Generated_Source\PSoC4/cyfitter_cfg.c **** } CYPACKED_ATTR cy_cfg_addrvalue_t;
 132:.\Generated_Source\PSoC4/cyfitter_cfg.c **** 
 133:.\Generated_Source\PSoC4/cyfitter_cfg.c **** 
 134:.\Generated_Source\PSoC4/cyfitter_cfg.c **** 
 135:.\Generated_Source\PSoC4/cyfitter_cfg.c **** /*******************************************************************************
 136:.\Generated_Source\PSoC4/cyfitter_cfg.c **** * Function Name: cfg_write_bytes32
 137:.\Generated_Source\PSoC4/cyfitter_cfg.c **** ********************************************************************************
 138:.\Generated_Source\PSoC4/cyfitter_cfg.c **** * Summary:
 139:.\Generated_Source\PSoC4/cyfitter_cfg.c **** *  This function is used for setting up the chip configuration areas that
 140:.\Generated_Source\PSoC4/cyfitter_cfg.c **** *  contain relatively sparse data.
 141:.\Generated_Source\PSoC4/cyfitter_cfg.c **** *
 142:.\Generated_Source\PSoC4/cyfitter_cfg.c **** * Parameters:
 143:.\Generated_Source\PSoC4/cyfitter_cfg.c **** *   void
 144:.\Generated_Source\PSoC4/cyfitter_cfg.c **** *
 145:.\Generated_Source\PSoC4/cyfitter_cfg.c **** * Return:
 146:.\Generated_Source\PSoC4/cyfitter_cfg.c **** *   void
 147:.\Generated_Source\PSoC4/cyfitter_cfg.c **** *
ARM GAS  C:\Users\cdc75\AppData\Local\Temp\ccAFxIeD.s 			page 4


 148:.\Generated_Source\PSoC4/cyfitter_cfg.c **** *******************************************************************************/
 149:.\Generated_Source\PSoC4/cyfitter_cfg.c **** static void cfg_write_bytes32(const uint32 addr_table[], const cy_cfg_addrvalue_t data_table[]);
 150:.\Generated_Source\PSoC4/cyfitter_cfg.c **** static void cfg_write_bytes32(const uint32 addr_table[], const cy_cfg_addrvalue_t data_table[])
 151:.\Generated_Source\PSoC4/cyfitter_cfg.c **** {
  25              		.loc 1 151 0
  26              		.cfi_startproc
  27              	.LVL0:
  28 0000 F0B5     		push	{r4, r5, r6, r7, lr}
  29              		.cfi_def_cfa_offset 20
  30              		.cfi_offset 4, -20
  31              		.cfi_offset 5, -16
  32              		.cfi_offset 6, -12
  33              		.cfi_offset 7, -8
  34              		.cfi_offset 14, -4
  35              	.LVL1:
 152:.\Generated_Source\PSoC4/cyfitter_cfg.c **** 	/* For 32-bit little-endian architectures */
 153:.\Generated_Source\PSoC4/cyfitter_cfg.c **** 	uint32 i, j = 0u;
  36              		.loc 1 153 0
  37 0002 0025     		mov	r5, #0
 154:.\Generated_Source\PSoC4/cyfitter_cfg.c **** 	for (i = 0u; i < CY_CFG_BASE_ADDR_COUNT; i++)
  38              		.loc 1 154 0
  39 0004 0027     		mov	r7, #0
  40 0006 11E0     		b	.L2
  41              	.LVL2:
  42              	.L5:
  43              	.LBB2:
 155:.\Generated_Source\PSoC4/cyfitter_cfg.c **** 	{
 156:.\Generated_Source\PSoC4/cyfitter_cfg.c **** 		uint32 baseAddr = addr_table[i];
  44              		.loc 1 156 0
  45 0008 BB00     		lsl	r3, r7, #2
  46 000a C658     		ldr	r6, [r0, r3]
  47              	.LVL3:
 157:.\Generated_Source\PSoC4/cyfitter_cfg.c **** 		uint8 count = (uint8)baseAddr;
  48              		.loc 1 157 0
  49 000c F3B2     		uxtb	r3, r6
  50              	.LVL4:
 158:.\Generated_Source\PSoC4/cyfitter_cfg.c **** 		baseAddr &= 0xFFFFFF00u;
  51              		.loc 1 158 0
  52 000e FF22     		mov	r2, #255
  53 0010 9643     		bic	r6, r2
  54              	.LVL5:
 159:.\Generated_Source\PSoC4/cyfitter_cfg.c **** 		while (count != 0u)
  55              		.loc 1 159 0
  56 0012 08E0     		b	.L3
  57              	.L4:
 160:.\Generated_Source\PSoC4/cyfitter_cfg.c **** 		{
 161:.\Generated_Source\PSoC4/cyfitter_cfg.c **** 			CY_SET_XTND_REG8((void CYFAR *)(baseAddr + data_table[j].offset), data_table[j].value);
  58              		.loc 1 161 0
  59 0014 6A00     		lsl	r2, r5, #1
  60 0016 8A18     		add	r2, r1, r2
  61 0018 1478     		ldrb	r4, [r2]
  62 001a A419     		add	r4, r4, r6
  63 001c 5278     		ldrb	r2, [r2, #1]
  64 001e 2270     		strb	r2, [r4]
 162:.\Generated_Source\PSoC4/cyfitter_cfg.c **** 			j++;
  65              		.loc 1 162 0
  66 0020 0135     		add	r5, r5, #1
ARM GAS  C:\Users\cdc75\AppData\Local\Temp\ccAFxIeD.s 			page 5


  67              	.LVL6:
 163:.\Generated_Source\PSoC4/cyfitter_cfg.c **** 			count--;
  68              		.loc 1 163 0
  69 0022 013B     		sub	r3, r3, #1
  70              	.LVL7:
  71 0024 DBB2     		uxtb	r3, r3
  72              	.LVL8:
  73              	.L3:
 159:.\Generated_Source\PSoC4/cyfitter_cfg.c **** 		{
  74              		.loc 1 159 0
  75 0026 002B     		cmp	r3, #0
  76 0028 F4D1     		bne	.L4
  77              	.LBE2:
 154:.\Generated_Source\PSoC4/cyfitter_cfg.c **** 	{
  78              		.loc 1 154 0 discriminator 2
  79 002a 0137     		add	r7, r7, #1
  80              	.LVL9:
  81              	.L2:
 154:.\Generated_Source\PSoC4/cyfitter_cfg.c **** 	{
  82              		.loc 1 154 0 is_stmt 0 discriminator 1
  83 002c 032F     		cmp	r7, #3
  84 002e EBD9     		bls	.L5
 164:.\Generated_Source\PSoC4/cyfitter_cfg.c **** 		}
 165:.\Generated_Source\PSoC4/cyfitter_cfg.c **** 	}
 166:.\Generated_Source\PSoC4/cyfitter_cfg.c **** }
  85              		.loc 1 166 0 is_stmt 1
  86              		@ sp needed
  87              	.LVL10:
  88              	.LVL11:
  89 0030 F0BD     		pop	{r4, r5, r6, r7, pc}
  90              		.cfi_endproc
  91              	.LFE3:
  92              		.size	cfg_write_bytes32, .-cfg_write_bytes32
  93 0032 C046     		.section	.text.CYMEMZERO,"ax",%progbits
  94              		.align	2
  95              		.code	16
  96              		.thumb_func
  97              		.type	CYMEMZERO, %function
  98              	CYMEMZERO:
  99              	.LFB0:
  62:.\Generated_Source\PSoC4/cyfitter_cfg.c **** 	(void)memset(s, 0, n);
 100              		.loc 1 62 0
 101              		.cfi_startproc
 102              	.LVL12:
 103 0000 08B5     		push	{r3, lr}
 104              		.cfi_def_cfa_offset 8
 105              		.cfi_offset 3, -8
 106              		.cfi_offset 14, -4
 107 0002 0A1C     		mov	r2, r1
  63:.\Generated_Source\PSoC4/cyfitter_cfg.c **** }
 108              		.loc 1 63 0
 109 0004 0021     		mov	r1, #0
 110              	.LVL13:
 111 0006 FFF7FEFF 		bl	memset
 112              	.LVL14:
  64:.\Generated_Source\PSoC4/cyfitter_cfg.c **** CY_CFG_UNUSED
 113              		.loc 1 64 0
ARM GAS  C:\Users\cdc75\AppData\Local\Temp\ccAFxIeD.s 			page 6


 114              		@ sp needed
 115 000a 08BD     		pop	{r3, pc}
 116              		.cfi_endproc
 117              	.LFE0:
 118              		.size	CYMEMZERO, .-CYMEMZERO
 119              		.section	.psocinit,"ax",%progbits
 120              		.align	2
 121              		.code	16
 122              		.thumb_func
 123              		.type	ClockSetup, %function
 124              	ClockSetup:
 125              	.LFB4:
 167:.\Generated_Source\PSoC4/cyfitter_cfg.c **** 
 168:.\Generated_Source\PSoC4/cyfitter_cfg.c **** 
 169:.\Generated_Source\PSoC4/cyfitter_cfg.c **** /*******************************************************************************
 170:.\Generated_Source\PSoC4/cyfitter_cfg.c **** * Function Name: ClockSetup
 171:.\Generated_Source\PSoC4/cyfitter_cfg.c **** ********************************************************************************
 172:.\Generated_Source\PSoC4/cyfitter_cfg.c **** *
 173:.\Generated_Source\PSoC4/cyfitter_cfg.c **** * Summary:
 174:.\Generated_Source\PSoC4/cyfitter_cfg.c **** *   Performs the initialization of all of the clocks in the device based on the
 175:.\Generated_Source\PSoC4/cyfitter_cfg.c **** *   settings in the Clock tab of the DWR.  This includes enabling the requested
 176:.\Generated_Source\PSoC4/cyfitter_cfg.c **** *   clocks and setting the necessary dividers to produce the desired frequency. 
 177:.\Generated_Source\PSoC4/cyfitter_cfg.c **** *
 178:.\Generated_Source\PSoC4/cyfitter_cfg.c **** * Parameters:
 179:.\Generated_Source\PSoC4/cyfitter_cfg.c **** *   void
 180:.\Generated_Source\PSoC4/cyfitter_cfg.c **** *
 181:.\Generated_Source\PSoC4/cyfitter_cfg.c **** * Return:
 182:.\Generated_Source\PSoC4/cyfitter_cfg.c **** *   void
 183:.\Generated_Source\PSoC4/cyfitter_cfg.c **** *
 184:.\Generated_Source\PSoC4/cyfitter_cfg.c **** *******************************************************************************/
 185:.\Generated_Source\PSoC4/cyfitter_cfg.c **** static void ClockSetup(void);
 186:.\Generated_Source\PSoC4/cyfitter_cfg.c **** CY_CFG_SECTION
 187:.\Generated_Source\PSoC4/cyfitter_cfg.c **** static void ClockSetup(void)
 188:.\Generated_Source\PSoC4/cyfitter_cfg.c **** {
 126              		.loc 1 188 0
 127              		.cfi_startproc
 128 0000 38B5     		push	{r3, r4, r5, lr}
 129              		.cfi_def_cfa_offset 16
 130              		.cfi_offset 3, -16
 131              		.cfi_offset 4, -12
 132              		.cfi_offset 5, -8
 133              		.cfi_offset 14, -4
 189:.\Generated_Source\PSoC4/cyfitter_cfg.c **** 	/* Enable HALF_EN before trimming for the flash accelerator. */
 190:.\Generated_Source\PSoC4/cyfitter_cfg.c **** 	CY_SET_REG32((void CYXDATA *)(CYREG_CLK_SELECT), (CY_GET_REG32((void *)CYREG_CLK_SELECT) | 0x00040
 134              		.loc 1 190 0
 135 0002 184C     		ldr	r4, .L8
 136 0004 2368     		ldr	r3, [r4]
 137 0006 8022     		mov	r2, #128
 138 0008 D202     		lsl	r2, r2, #11
 139 000a 1343     		orr	r3, r2
 140 000c 2360     		str	r3, [r4]
 191:.\Generated_Source\PSoC4/cyfitter_cfg.c **** 
 192:.\Generated_Source\PSoC4/cyfitter_cfg.c **** 	/* Setup and trim IMO based on desired frequency. */
 193:.\Generated_Source\PSoC4/cyfitter_cfg.c **** 	CySysClkWriteImoFreq(24u);
 141              		.loc 1 193 0
 142 000e 1820     		mov	r0, #24
 143 0010 FFF7FEFF 		bl	CySysClkWriteImoFreq
ARM GAS  C:\Users\cdc75\AppData\Local\Temp\ccAFxIeD.s 			page 7


 144              	.LVL15:
 194:.\Generated_Source\PSoC4/cyfitter_cfg.c **** 
 195:.\Generated_Source\PSoC4/cyfitter_cfg.c **** 	/* Disable HALF_EN since it is not required at this IMO frequency. */
 196:.\Generated_Source\PSoC4/cyfitter_cfg.c **** 	CY_SET_REG32((void CYXDATA *)(CYREG_CLK_SELECT), (CY_GET_REG32((void *)CYREG_CLK_SELECT) & 0xFFFBF
 145              		.loc 1 196 0
 146 0014 2268     		ldr	r2, [r4]
 147 0016 144B     		ldr	r3, .L8+4
 148 0018 1340     		and	r3, r2
 149 001a 2360     		str	r3, [r4]
 197:.\Generated_Source\PSoC4/cyfitter_cfg.c **** 	/* CYDEV_CLK_ILO_CONFIG Starting address: CYDEV_CLK_ILO_CONFIG */
 198:.\Generated_Source\PSoC4/cyfitter_cfg.c **** 	CY_SET_XTND_REG32((void CYFAR *)(CYREG_CLK_ILO_CONFIG), 0x80000006u);
 150              		.loc 1 198 0
 151 001c 134A     		ldr	r2, .L8+8
 152 001e 144B     		ldr	r3, .L8+12
 153 0020 1A60     		str	r2, [r3]
 199:.\Generated_Source\PSoC4/cyfitter_cfg.c **** 
 200:.\Generated_Source\PSoC4/cyfitter_cfg.c **** 
 201:.\Generated_Source\PSoC4/cyfitter_cfg.c **** 	/* CYDEV_CLK_SELECT00 Starting address: CYDEV_CLK_SELECT00 */
 202:.\Generated_Source\PSoC4/cyfitter_cfg.c **** 	CY_SET_XTND_REG32((void CYFAR *)(CYREG_CLK_SELECT03), 0x00000030u);
 154              		.loc 1 202 0
 155 0022 3022     		mov	r2, #48
 156 0024 134B     		ldr	r3, .L8+16
 157 0026 1A60     		str	r2, [r3]
 203:.\Generated_Source\PSoC4/cyfitter_cfg.c **** 	CY_SET_XTND_REG32((void CYFAR *)(CYREG_CLK_SELECT08), 0x00000010u);
 158              		.loc 1 203 0
 159 0028 203A     		sub	r2, r2, #32
 160 002a 134B     		ldr	r3, .L8+20
 161 002c 1A60     		str	r2, [r3]
 204:.\Generated_Source\PSoC4/cyfitter_cfg.c **** 	CY_SET_XTND_REG32((void CYFAR *)(CYREG_CLK_SELECT09), 0x00000020u);
 162              		.loc 1 204 0
 163 002e 1032     		add	r2, r2, #16
 164 0030 124B     		ldr	r3, .L8+24
 165 0032 1A60     		str	r2, [r3]
 205:.\Generated_Source\PSoC4/cyfitter_cfg.c **** 
 206:.\Generated_Source\PSoC4/cyfitter_cfg.c **** 	/* CYDEV_CLK_IMO_CONFIG Starting address: CYDEV_CLK_IMO_CONFIG */
 207:.\Generated_Source\PSoC4/cyfitter_cfg.c **** 	CY_SET_XTND_REG32((void CYFAR *)(CYREG_CLK_IMO_CONFIG), 0x80000000u);
 166              		.loc 1 207 0
 167 0034 8022     		mov	r2, #128
 168 0036 1206     		lsl	r2, r2, #24
 169 0038 114B     		ldr	r3, .L8+28
 170 003a 1A60     		str	r2, [r3]
 208:.\Generated_Source\PSoC4/cyfitter_cfg.c **** 
 209:.\Generated_Source\PSoC4/cyfitter_cfg.c **** 	/* CYDEV_CLK_SELECT Starting address: CYDEV_CLK_SELECT */
 210:.\Generated_Source\PSoC4/cyfitter_cfg.c **** 	CY_SET_XTND_REG32((void CYFAR *)(CYREG_CLK_SELECT), 0x00000000u);
 171              		.loc 1 210 0
 172 003c 0025     		mov	r5, #0
 173 003e 2560     		str	r5, [r4]
 211:.\Generated_Source\PSoC4/cyfitter_cfg.c **** 
 212:.\Generated_Source\PSoC4/cyfitter_cfg.c **** 	/* CYDEV_CLK_DIVIDER_A00 Starting address: CYDEV_CLK_DIVIDER_A00 */
 213:.\Generated_Source\PSoC4/cyfitter_cfg.c **** 	CY_SET_XTND_REG32((void CYFAR *)(CYREG_CLK_DIVIDER_A00), 0x80000001u);
 174              		.loc 1 213 0
 175 0040 104B     		ldr	r3, .L8+32
 176 0042 114A     		ldr	r2, .L8+36
 177 0044 1360     		str	r3, [r2]
 214:.\Generated_Source\PSoC4/cyfitter_cfg.c **** 
 215:.\Generated_Source\PSoC4/cyfitter_cfg.c **** 	/* CYDEV_CLK_DIVIDER_B00 Starting address: CYDEV_CLK_DIVIDER_B00 */
 216:.\Generated_Source\PSoC4/cyfitter_cfg.c **** 	CY_SET_XTND_REG32((void CYFAR *)(CYREG_CLK_DIVIDER_B00), 0x80000001u);
ARM GAS  C:\Users\cdc75\AppData\Local\Temp\ccAFxIeD.s 			page 8


 178              		.loc 1 216 0
 179 0046 114A     		ldr	r2, .L8+40
 180 0048 1360     		str	r3, [r2]
 217:.\Generated_Source\PSoC4/cyfitter_cfg.c **** 
 218:.\Generated_Source\PSoC4/cyfitter_cfg.c **** 	/* CYDEV_CLK_DIVIDER_C00 Starting address: CYDEV_CLK_DIVIDER_C00 */
 219:.\Generated_Source\PSoC4/cyfitter_cfg.c **** 	CY_SET_XTND_REG32((void CYFAR *)(CYREG_CLK_DIVIDER_C00), 0x8000000Eu);
 181              		.loc 1 219 0
 182 004a 114A     		ldr	r2, .L8+44
 183 004c 114B     		ldr	r3, .L8+48
 184 004e 1A60     		str	r2, [r3]
 220:.\Generated_Source\PSoC4/cyfitter_cfg.c **** 
 221:.\Generated_Source\PSoC4/cyfitter_cfg.c **** 	(void)CyIntSetVector(9u, &CySysWdtIsr);
 185              		.loc 1 221 0
 186 0050 0920     		mov	r0, #9
 187 0052 1149     		ldr	r1, .L8+52
 188 0054 FFF7FEFF 		bl	CyIntSetVector
 189              	.LVL16:
 222:.\Generated_Source\PSoC4/cyfitter_cfg.c **** 	CyIntEnable(9u);
 190              		.loc 1 222 0
 191 0058 0920     		mov	r0, #9
 192 005a FFF7FEFF 		bl	CyIntEnable
 193              	.LVL17:
 223:.\Generated_Source\PSoC4/cyfitter_cfg.c **** 	CY_SET_XTND_REG32((void CYFAR *)(CYREG_WDT_CONFIG), 0x00000000u);
 194              		.loc 1 223 0
 195 005e 0F4B     		ldr	r3, .L8+56
 196 0060 1D60     		str	r5, [r3]
 224:.\Generated_Source\PSoC4/cyfitter_cfg.c **** }
 197              		.loc 1 224 0
 198              		@ sp needed
 199 0062 38BD     		pop	{r3, r4, r5, pc}
 200              	.L9:
 201              		.align	2
 202              	.L8:
 203 0064 00010B40 		.word	1074462976
 204 0068 FFFFFBFF 		.word	-262145
 205 006c 06000080 		.word	-2147483642
 206 0070 04010B40 		.word	1074462980
 207 0074 0C020240 		.word	1073873420
 208 0078 20020240 		.word	1073873440
 209 007c 24020240 		.word	1073873444
 210 0080 08010B40 		.word	1074462984
 211 0084 01000080 		.word	-2147483647
 212 0088 00000240 		.word	1073872896
 213 008c 40000240 		.word	1073872960
 214 0090 0E000080 		.word	-2147483634
 215 0094 80000240 		.word	1073873024
 216 0098 00000000 		.word	CySysWdtIsr
 217 009c 0C020B40 		.word	1074463244
 218              		.cfi_endproc
 219              	.LFE4:
 220              		.size	ClockSetup, .-ClockSetup
 221              		.align	2
 222              		.global	cyfitter_cfg
 223              		.code	16
 224              		.thumb_func
 225              		.type	cyfitter_cfg, %function
 226              	cyfitter_cfg:
ARM GAS  C:\Users\cdc75\AppData\Local\Temp\ccAFxIeD.s 			page 9


 227              	.LFB6:
 225:.\Generated_Source\PSoC4/cyfitter_cfg.c **** 
 226:.\Generated_Source\PSoC4/cyfitter_cfg.c **** 
 227:.\Generated_Source\PSoC4/cyfitter_cfg.c **** /* Analog API Functions */
 228:.\Generated_Source\PSoC4/cyfitter_cfg.c **** 
 229:.\Generated_Source\PSoC4/cyfitter_cfg.c **** 
 230:.\Generated_Source\PSoC4/cyfitter_cfg.c **** /*******************************************************************************
 231:.\Generated_Source\PSoC4/cyfitter_cfg.c **** * Function Name: AnalogSetDefault
 232:.\Generated_Source\PSoC4/cyfitter_cfg.c **** ********************************************************************************
 233:.\Generated_Source\PSoC4/cyfitter_cfg.c **** *
 234:.\Generated_Source\PSoC4/cyfitter_cfg.c **** * Summary:
 235:.\Generated_Source\PSoC4/cyfitter_cfg.c **** *  Sets up the analog portions of the chip to default values based on chip
 236:.\Generated_Source\PSoC4/cyfitter_cfg.c **** *  configuration options from the project.
 237:.\Generated_Source\PSoC4/cyfitter_cfg.c **** *
 238:.\Generated_Source\PSoC4/cyfitter_cfg.c **** * Parameters:
 239:.\Generated_Source\PSoC4/cyfitter_cfg.c **** *  void
 240:.\Generated_Source\PSoC4/cyfitter_cfg.c **** *
 241:.\Generated_Source\PSoC4/cyfitter_cfg.c **** * Return:
 242:.\Generated_Source\PSoC4/cyfitter_cfg.c **** *  void
 243:.\Generated_Source\PSoC4/cyfitter_cfg.c **** *
 244:.\Generated_Source\PSoC4/cyfitter_cfg.c **** *******************************************************************************/
 245:.\Generated_Source\PSoC4/cyfitter_cfg.c **** static void AnalogSetDefault(void);
 246:.\Generated_Source\PSoC4/cyfitter_cfg.c **** static void AnalogSetDefault(void)
 247:.\Generated_Source\PSoC4/cyfitter_cfg.c **** {
 248:.\Generated_Source\PSoC4/cyfitter_cfg.c **** }
 249:.\Generated_Source\PSoC4/cyfitter_cfg.c **** 
 250:.\Generated_Source\PSoC4/cyfitter_cfg.c **** #define CY_AMUX_UNUSED CYREG_CM0_ROM_DWT
 251:.\Generated_Source\PSoC4/cyfitter_cfg.c **** 
 252:.\Generated_Source\PSoC4/cyfitter_cfg.c **** 
 253:.\Generated_Source\PSoC4/cyfitter_cfg.c **** /*******************************************************************************
 254:.\Generated_Source\PSoC4/cyfitter_cfg.c **** * Function Name: cyfitter_cfg
 255:.\Generated_Source\PSoC4/cyfitter_cfg.c **** ********************************************************************************
 256:.\Generated_Source\PSoC4/cyfitter_cfg.c **** * Summary:
 257:.\Generated_Source\PSoC4/cyfitter_cfg.c **** *  This function is called by the start-up code for the selected device. It
 258:.\Generated_Source\PSoC4/cyfitter_cfg.c **** *  performs all of the necessary device configuration based on the design
 259:.\Generated_Source\PSoC4/cyfitter_cfg.c **** *  settings.  This includes settings from the Design Wide Resources (DWR) such
 260:.\Generated_Source\PSoC4/cyfitter_cfg.c **** *  as Clocks and Pins as well as any component configuration that is necessary.
 261:.\Generated_Source\PSoC4/cyfitter_cfg.c **** *
 262:.\Generated_Source\PSoC4/cyfitter_cfg.c **** * Parameters:  
 263:.\Generated_Source\PSoC4/cyfitter_cfg.c **** *   void
 264:.\Generated_Source\PSoC4/cyfitter_cfg.c **** *
 265:.\Generated_Source\PSoC4/cyfitter_cfg.c **** * Return:
 266:.\Generated_Source\PSoC4/cyfitter_cfg.c **** *   void
 267:.\Generated_Source\PSoC4/cyfitter_cfg.c **** *
 268:.\Generated_Source\PSoC4/cyfitter_cfg.c **** *******************************************************************************/
 269:.\Generated_Source\PSoC4/cyfitter_cfg.c **** CY_CFG_SECTION
 270:.\Generated_Source\PSoC4/cyfitter_cfg.c **** void cyfitter_cfg(void)
 271:.\Generated_Source\PSoC4/cyfitter_cfg.c **** {
 228              		.loc 1 271 0
 229              		.cfi_startproc
 230 00a0 10B5     		push	{r4, lr}
 231              		.cfi_def_cfa_offset 8
 232              		.cfi_offset 4, -8
 233              		.cfi_offset 14, -4
 272:.\Generated_Source\PSoC4/cyfitter_cfg.c **** 	/* Disable interrupts by default. Let user enable if/when they want. */
 273:.\Generated_Source\PSoC4/cyfitter_cfg.c **** 	CyGlobalIntDisable;
 234              		.loc 1 273 0
ARM GAS  C:\Users\cdc75\AppData\Local\Temp\ccAFxIeD.s 			page 10


 235              	@ 273 ".\Generated_Source\PSoC4\cyfitter_cfg.c" 1
 236 00a2 72B6     		CPSID   i
 237              	@ 0 "" 2
 238              	.LVL18:
 239              		.code	16
 240              	.LBB3:
 274:.\Generated_Source\PSoC4/cyfitter_cfg.c **** 
 275:.\Generated_Source\PSoC4/cyfitter_cfg.c **** 	{
 276:.\Generated_Source\PSoC4/cyfitter_cfg.c **** 		static const uint32 CYCODE cy_cfg_addr_table[] = {
 277:.\Generated_Source\PSoC4/cyfitter_cfg.c **** 			0x400F3301u, /* Base address: 0x400F3300 Count: 1 */
 278:.\Generated_Source\PSoC4/cyfitter_cfg.c **** 			0x400F4002u, /* Base address: 0x400F4000 Count: 2 */
 279:.\Generated_Source\PSoC4/cyfitter_cfg.c **** 			0x400F4105u, /* Base address: 0x400F4100 Count: 5 */
 280:.\Generated_Source\PSoC4/cyfitter_cfg.c **** 			0x400F4306u, /* Base address: 0x400F4300 Count: 6 */
 281:.\Generated_Source\PSoC4/cyfitter_cfg.c **** 		};
 282:.\Generated_Source\PSoC4/cyfitter_cfg.c **** 
 283:.\Generated_Source\PSoC4/cyfitter_cfg.c **** 		static const cy_cfg_addrvalue_t CYCODE cy_cfg_data_table[] = {
 284:.\Generated_Source\PSoC4/cyfitter_cfg.c **** 			{0xE6u, 0x30u},
 285:.\Generated_Source\PSoC4/cyfitter_cfg.c **** 			{0x56u, 0x80u},
 286:.\Generated_Source\PSoC4/cyfitter_cfg.c **** 			{0xD4u, 0x40u},
 287:.\Generated_Source\PSoC4/cyfitter_cfg.c **** 			{0x62u, 0x04u},
 288:.\Generated_Source\PSoC4/cyfitter_cfg.c **** 			{0x8Au, 0x80u},
 289:.\Generated_Source\PSoC4/cyfitter_cfg.c **** 			{0x8Eu, 0x04u},
 290:.\Generated_Source\PSoC4/cyfitter_cfg.c **** 			{0x9Eu, 0x80u},
 291:.\Generated_Source\PSoC4/cyfitter_cfg.c **** 			{0xD8u, 0x40u},
 292:.\Generated_Source\PSoC4/cyfitter_cfg.c **** 			{0x18u, 0x80u},
 293:.\Generated_Source\PSoC4/cyfitter_cfg.c **** 			{0x1Cu, 0x80u},
 294:.\Generated_Source\PSoC4/cyfitter_cfg.c **** 			{0x88u, 0x40u},
 295:.\Generated_Source\PSoC4/cyfitter_cfg.c **** 			{0x8Cu, 0x40u},
 296:.\Generated_Source\PSoC4/cyfitter_cfg.c **** 			{0xC6u, 0x0Cu},
 297:.\Generated_Source\PSoC4/cyfitter_cfg.c **** 			{0xE6u, 0x0Cu},
 298:.\Generated_Source\PSoC4/cyfitter_cfg.c **** 		};
 299:.\Generated_Source\PSoC4/cyfitter_cfg.c **** 
 300:.\Generated_Source\PSoC4/cyfitter_cfg.c **** 
 301:.\Generated_Source\PSoC4/cyfitter_cfg.c **** 
 302:.\Generated_Source\PSoC4/cyfitter_cfg.c **** 		CYPACKED typedef struct {
 303:.\Generated_Source\PSoC4/cyfitter_cfg.c **** 			void CYFAR *address;
 304:.\Generated_Source\PSoC4/cyfitter_cfg.c **** 			uint16 size;
 305:.\Generated_Source\PSoC4/cyfitter_cfg.c **** 		} CYPACKED_ATTR cfg_memset_t;
 306:.\Generated_Source\PSoC4/cyfitter_cfg.c **** 
 307:.\Generated_Source\PSoC4/cyfitter_cfg.c **** 		static const cfg_memset_t CYCODE cfg_memset_list [] = {
 308:.\Generated_Source\PSoC4/cyfitter_cfg.c **** 			/* address, size */
 309:.\Generated_Source\PSoC4/cyfitter_cfg.c **** 			{(void CYFAR *)(CYDEV_UDB_P0_U0_BASE), 1024u},
 310:.\Generated_Source\PSoC4/cyfitter_cfg.c **** 			{(void CYFAR *)(CYDEV_UDB_DSI0_BASE), 1024u},
 311:.\Generated_Source\PSoC4/cyfitter_cfg.c **** 		};
 312:.\Generated_Source\PSoC4/cyfitter_cfg.c **** 
 313:.\Generated_Source\PSoC4/cyfitter_cfg.c **** 		uint8 CYDATA i;
 314:.\Generated_Source\PSoC4/cyfitter_cfg.c **** 
 315:.\Generated_Source\PSoC4/cyfitter_cfg.c **** 		/* Zero out critical memory blocks before beginning configuration */
 316:.\Generated_Source\PSoC4/cyfitter_cfg.c **** 		for (i = 0u; i < (sizeof(cfg_memset_list)/sizeof(cfg_memset_list[0])); i++)
 241              		.loc 1 316 0
 242 00a4 0024     		mov	r4, #0
 243 00a6 10E0     		b	.L11
 244              	.LVL19:
 245              	.L12:
 246              	.LBB4:
 317:.\Generated_Source\PSoC4/cyfitter_cfg.c **** 		{
 318:.\Generated_Source\PSoC4/cyfitter_cfg.c **** 			const cfg_memset_t CYCODE * CYDATA ms = &cfg_memset_list[i];
ARM GAS  C:\Users\cdc75\AppData\Local\Temp\ccAFxIeD.s 			page 11


 319:.\Generated_Source\PSoC4/cyfitter_cfg.c **** 			CYMEMZERO(ms->address, (size_t)(uint32)(ms->size));
 247              		.loc 1 319 0 discriminator 3
 248 00a8 2C48     		ldr	r0, .L13
 249 00aa 6300     		lsl	r3, r4, #1
 250 00ac 1A19     		add	r2, r3, r4
 251 00ae 5200     		lsl	r2, r2, #1
 252 00b0 8218     		add	r2, r0, r2
 253 00b2 9188     		ldrh	r1, [r2, #4]
 254 00b4 1B19     		add	r3, r3, r4
 255 00b6 5B00     		lsl	r3, r3, #1
 256 00b8 1A5A     		ldrh	r2, [r3, r0]
 257 00ba C318     		add	r3, r0, r3
 258 00bc 5888     		ldrh	r0, [r3, #2]
 259 00be 0004     		lsl	r0, r0, #16
 260 00c0 1043     		orr	r0, r2
 261 00c2 FFF7FEFF 		bl	CYMEMZERO
 262              	.LVL20:
 263              	.LBE4:
 316:.\Generated_Source\PSoC4/cyfitter_cfg.c **** 		{
 264              		.loc 1 316 0 discriminator 3
 265 00c6 0134     		add	r4, r4, #1
 266              	.LVL21:
 267 00c8 E4B2     		uxtb	r4, r4
 268              	.LVL22:
 269              	.L11:
 316:.\Generated_Source\PSoC4/cyfitter_cfg.c **** 		{
 270              		.loc 1 316 0 is_stmt 0 discriminator 1
 271 00ca 012C     		cmp	r4, #1
 272 00cc ECD9     		bls	.L12
 320:.\Generated_Source\PSoC4/cyfitter_cfg.c **** 		}
 321:.\Generated_Source\PSoC4/cyfitter_cfg.c **** 
 322:.\Generated_Source\PSoC4/cyfitter_cfg.c **** 		cfg_write_bytes32(cy_cfg_addr_table, cy_cfg_data_table);
 273              		.loc 1 322 0 is_stmt 1
 274 00ce 2349     		ldr	r1, .L13
 275 00d0 081C     		mov	r0, r1
 276 00d2 0C30     		add	r0, r0, #12
 277 00d4 1C31     		add	r1, r1, #28
 278 00d6 FFF7FEFF 		bl	cfg_write_bytes32
 279              	.LVL23:
 323:.\Generated_Source\PSoC4/cyfitter_cfg.c **** 
 324:.\Generated_Source\PSoC4/cyfitter_cfg.c **** 		/* HSIOM Starting address: CYDEV_HSIOM_BASE */
 325:.\Generated_Source\PSoC4/cyfitter_cfg.c **** 		CY_SET_XTND_REG32((void CYFAR *)(CYDEV_HSIOM_BASE), 0x00000300u);
 280              		.loc 1 325 0
 281 00da C022     		mov	r2, #192
 282 00dc 9200     		lsl	r2, r2, #2
 283 00de 204B     		ldr	r3, .L13+4
 284 00e0 1A60     		str	r2, [r3]
 326:.\Generated_Source\PSoC4/cyfitter_cfg.c **** 		CY_SET_XTND_REG32((void CYFAR *)(CYREG_HSIOM_PORT_SEL1), 0x03000000u);
 285              		.loc 1 326 0
 286 00e2 C022     		mov	r2, #192
 287 00e4 9204     		lsl	r2, r2, #18
 288 00e6 1F4B     		ldr	r3, .L13+8
 289 00e8 1A60     		str	r2, [r3]
 327:.\Generated_Source\PSoC4/cyfitter_cfg.c **** 		CY_SET_XTND_REG32((void CYFAR *)(CYREG_HSIOM_PORT_SEL3), 0x0000EEEEu);
 290              		.loc 1 327 0
 291 00ea 1F4A     		ldr	r2, .L13+12
 292 00ec 1F4B     		ldr	r3, .L13+16
ARM GAS  C:\Users\cdc75\AppData\Local\Temp\ccAFxIeD.s 			page 12


 293 00ee 1A60     		str	r2, [r3]
 328:.\Generated_Source\PSoC4/cyfitter_cfg.c **** 
 329:.\Generated_Source\PSoC4/cyfitter_cfg.c **** 		/* UDB_PA_0 Starting address: CYDEV_UDB_PA0_BASE */
 330:.\Generated_Source\PSoC4/cyfitter_cfg.c **** 		CY_SET_XTND_REG32((void CYFAR *)(CYDEV_UDB_PA0_BASE), 0x00990000u);
 294              		.loc 1 330 0
 295 00f0 9923     		mov	r3, #153
 296 00f2 1B04     		lsl	r3, r3, #16
 297 00f4 1E4A     		ldr	r2, .L13+20
 298 00f6 1360     		str	r3, [r2]
 331:.\Generated_Source\PSoC4/cyfitter_cfg.c **** 		CY_SET_XTND_REG32((void CYFAR *)(CYREG_UDB_PA0_CFG8), 0x00100000u);
 299              		.loc 1 331 0
 300 00f8 8021     		mov	r1, #128
 301 00fa 4903     		lsl	r1, r1, #13
 302 00fc 1D4A     		ldr	r2, .L13+24
 303 00fe 1160     		str	r1, [r2]
 332:.\Generated_Source\PSoC4/cyfitter_cfg.c **** 
 333:.\Generated_Source\PSoC4/cyfitter_cfg.c **** 		/* UDB_PA_1 Starting address: CYDEV_UDB_PA1_BASE */
 334:.\Generated_Source\PSoC4/cyfitter_cfg.c **** 		CY_SET_XTND_REG32((void CYFAR *)(CYDEV_UDB_PA1_BASE), 0x00990000u);
 304              		.loc 1 334 0
 305 0100 1D4A     		ldr	r2, .L13+28
 306 0102 1360     		str	r3, [r2]
 335:.\Generated_Source\PSoC4/cyfitter_cfg.c **** 		CY_SET_XTND_REG32((void CYFAR *)(CYREG_UDB_PA1_CFG8), 0x20000000u);
 307              		.loc 1 335 0
 308 0104 8021     		mov	r1, #128
 309 0106 8905     		lsl	r1, r1, #22
 310 0108 1C4A     		ldr	r2, .L13+32
 311 010a 1160     		str	r1, [r2]
 336:.\Generated_Source\PSoC4/cyfitter_cfg.c **** 
 337:.\Generated_Source\PSoC4/cyfitter_cfg.c **** 		/* UDB_PA_3 Starting address: CYDEV_UDB_PA3_BASE */
 338:.\Generated_Source\PSoC4/cyfitter_cfg.c **** 		CY_SET_XTND_REG32((void CYFAR *)(CYDEV_UDB_PA3_BASE), 0x00990000u);
 312              		.loc 1 338 0
 313 010c 1C4A     		ldr	r2, .L13+36
 314 010e 1360     		str	r3, [r2]
 339:.\Generated_Source\PSoC4/cyfitter_cfg.c **** 
 340:.\Generated_Source\PSoC4/cyfitter_cfg.c **** 		/* Enable digital routing */
 341:.\Generated_Source\PSoC4/cyfitter_cfg.c **** 		CY_SET_XTND_REG8((void *)CYREG_UDB_UDBIF_BANK_CTL, CY_GET_XTND_REG8((void *)CYREG_UDB_UDBIF_BANK_
 315              		.loc 1 341 0
 316 0110 1C4B     		ldr	r3, .L13+40
 317 0112 1978     		ldrb	r1, [r3]
 318 0114 0222     		mov	r2, #2
 319 0116 0A43     		orr	r2, r1
 320 0118 1A70     		strb	r2, [r3]
 342:.\Generated_Source\PSoC4/cyfitter_cfg.c **** 
 343:.\Generated_Source\PSoC4/cyfitter_cfg.c **** 		/* Enable UDB array */
 344:.\Generated_Source\PSoC4/cyfitter_cfg.c **** 		CY_SET_XTND_REG8((void *)CYREG_UDB_UDBIF_WAIT_CFG, (uint8)((CY_GET_XTND_REG8((void *)CYREG_UDB_UD
 321              		.loc 1 344 0
 322 011a 1B48     		ldr	r0, .L13+44
 323 011c 0278     		ldrb	r2, [r0]
 324 011e 3C21     		mov	r1, #60
 325 0120 8A43     		bic	r2, r1
 326 0122 2839     		sub	r1, r1, #40
 327 0124 0A43     		orr	r2, r1
 328 0126 0270     		strb	r2, [r0]
 345:.\Generated_Source\PSoC4/cyfitter_cfg.c **** 		CY_SET_XTND_REG8((void *)CYREG_UDB_UDBIF_BANK_CTL, (uint8)(CY_GET_XTND_REG8((void *)CYREG_UDB_UDB
 329              		.loc 1 345 0
 330 0128 1978     		ldrb	r1, [r3]
 331 012a 1622     		mov	r2, #22
ARM GAS  C:\Users\cdc75\AppData\Local\Temp\ccAFxIeD.s 			page 13


 332 012c 0A43     		orr	r2, r1
 333 012e 1A70     		strb	r2, [r3]
 334              	.LBE3:
 346:.\Generated_Source\PSoC4/cyfitter_cfg.c **** 	}
 347:.\Generated_Source\PSoC4/cyfitter_cfg.c **** 
 348:.\Generated_Source\PSoC4/cyfitter_cfg.c **** 	/* Perform second pass device configuration. These items must be configured in specific order afte
 349:.\Generated_Source\PSoC4/cyfitter_cfg.c **** 	/* IOPINS0_0 Starting address: CYDEV_PRT0_BASE */
 350:.\Generated_Source\PSoC4/cyfitter_cfg.c **** 	CY_SET_XTND_REG32((void CYFAR *)(CYDEV_PRT0_BASE), 0x0000008Cu);
 335              		.loc 1 350 0
 336 0130 8C22     		mov	r2, #140
 337 0132 164B     		ldr	r3, .L13+48
 338 0134 1A60     		str	r2, [r3]
 351:.\Generated_Source\PSoC4/cyfitter_cfg.c **** 	CY_SET_XTND_REG32((void CYFAR *)(CYREG_PRT0_PC), 0x00400D80u);
 339              		.loc 1 351 0
 340 0136 164A     		ldr	r2, .L13+52
 341 0138 164B     		ldr	r3, .L13+56
 342 013a 1A60     		str	r2, [r3]
 352:.\Generated_Source\PSoC4/cyfitter_cfg.c **** 
 353:.\Generated_Source\PSoC4/cyfitter_cfg.c **** 	/* IOPINS0_1 Starting address: CYDEV_PRT1_BASE */
 354:.\Generated_Source\PSoC4/cyfitter_cfg.c **** 	CY_SET_XTND_REG32((void CYFAR *)(CYDEV_PRT1_BASE), 0x00000040u);
 343              		.loc 1 354 0
 344 013c 4022     		mov	r2, #64
 345 013e 164B     		ldr	r3, .L13+60
 346 0140 1A60     		str	r2, [r3]
 355:.\Generated_Source\PSoC4/cyfitter_cfg.c **** 	CY_SET_XTND_REG32((void CYFAR *)(CYREG_PRT1_PC), 0x00180000u);
 347              		.loc 1 355 0
 348 0142 C022     		mov	r2, #192
 349 0144 5203     		lsl	r2, r2, #13
 350 0146 154B     		ldr	r3, .L13+64
 351 0148 1A60     		str	r2, [r3]
 356:.\Generated_Source\PSoC4/cyfitter_cfg.c **** 
 357:.\Generated_Source\PSoC4/cyfitter_cfg.c **** 	/* IOPINS0_3 Starting address: CYDEV_PRT3_BASE */
 358:.\Generated_Source\PSoC4/cyfitter_cfg.c **** 	CY_SET_XTND_REG32((void CYFAR *)(CYDEV_PRT3_BASE), 0x00000003u);
 352              		.loc 1 358 0
 353 014a 0322     		mov	r2, #3
 354 014c 144B     		ldr	r3, .L13+68
 355 014e 1A60     		str	r2, [r3]
 359:.\Generated_Source\PSoC4/cyfitter_cfg.c **** 	CY_SET_XTND_REG32((void CYFAR *)(CYREG_PRT3_PC), 0x00000DA4u);
 356              		.loc 1 359 0
 357 0150 144A     		ldr	r2, .L13+72
 358 0152 154B     		ldr	r3, .L13+76
 359 0154 1A60     		str	r2, [r3]
 360:.\Generated_Source\PSoC4/cyfitter_cfg.c **** 
 361:.\Generated_Source\PSoC4/cyfitter_cfg.c **** 
 362:.\Generated_Source\PSoC4/cyfitter_cfg.c **** 	/* Setup clocks based on selections from Clock DWR */
 363:.\Generated_Source\PSoC4/cyfitter_cfg.c **** 	ClockSetup();
 360              		.loc 1 363 0
 361 0156 FFF753FF 		bl	ClockSetup
 362              	.LVL24:
 364:.\Generated_Source\PSoC4/cyfitter_cfg.c **** 
 365:.\Generated_Source\PSoC4/cyfitter_cfg.c **** 	/* Perform basic analog initialization to defaults */
 366:.\Generated_Source\PSoC4/cyfitter_cfg.c **** 	AnalogSetDefault();
 367:.\Generated_Source\PSoC4/cyfitter_cfg.c **** 
 368:.\Generated_Source\PSoC4/cyfitter_cfg.c **** }
 363              		.loc 1 368 0
 364              		@ sp needed
 365              	.LVL25:
ARM GAS  C:\Users\cdc75\AppData\Local\Temp\ccAFxIeD.s 			page 14


 366 015a 10BD     		pop	{r4, pc}
 367              	.L14:
 368              		.align	2
 369              	.L13:
 370 015c 00000000 		.word	.LANCHOR0
 371 0160 00000140 		.word	1073807360
 372 0164 04000140 		.word	1073807364
 373 0168 EEEE0000 		.word	61166
 374 016c 0C000140 		.word	1073807372
 375 0170 00500F40 		.word	1074745344
 376 0174 08500F40 		.word	1074745352
 377 0178 10500F40 		.word	1074745360
 378 017c 18500F40 		.word	1074745368
 379 0180 30500F40 		.word	1074745392
 380 0184 00700F40 		.word	1074753536
 381 0188 01700F40 		.word	1074753537
 382 018c 00000440 		.word	1074003968
 383 0190 800D4000 		.word	4197760
 384 0194 08000440 		.word	1074003976
 385 0198 00010440 		.word	1074004224
 386 019c 08010440 		.word	1074004232
 387 01a0 00030440 		.word	1074004736
 388 01a4 A40D0000 		.word	3492
 389 01a8 08030440 		.word	1074004744
 390              		.cfi_endproc
 391              	.LFE6:
 392              		.size	cyfitter_cfg, .-cyfitter_cfg
 393              		.section	.rodata
 394              		.align	2
 395              		.set	.LANCHOR0,. + 0
 396              		.type	cfg_memset_list.4746, %object
 397              		.size	cfg_memset_list.4746, 12
 398              	cfg_memset_list.4746:
 399 0000 00300F40 		.word	1074737152
 400 0004 0004     		.short	1024
 401 0006 00400F40 		.4byte	1074741248
 402 000a 0004     		.short	1024
 403              		.type	cy_cfg_addr_table.4740, %object
 404              		.size	cy_cfg_addr_table.4740, 16
 405              	cy_cfg_addr_table.4740:
 406 000c 01330F40 		.word	1074737921
 407 0010 02400F40 		.word	1074741250
 408 0014 05410F40 		.word	1074741509
 409 0018 06430F40 		.word	1074742022
 410              		.type	cy_cfg_data_table.4741, %object
 411              		.size	cy_cfg_data_table.4741, 28
 412              	cy_cfg_data_table.4741:
 413 001c E6       		.byte	-26
 414 001d 30       		.byte	48
 415 001e 56       		.byte	86
 416 001f 80       		.byte	-128
 417 0020 D4       		.byte	-44
 418 0021 40       		.byte	64
 419 0022 62       		.byte	98
 420 0023 04       		.byte	4
 421 0024 8A       		.byte	-118
 422 0025 80       		.byte	-128
ARM GAS  C:\Users\cdc75\AppData\Local\Temp\ccAFxIeD.s 			page 15


 423 0026 8E       		.byte	-114
 424 0027 04       		.byte	4
 425 0028 9E       		.byte	-98
 426 0029 80       		.byte	-128
 427 002a D8       		.byte	-40
 428 002b 40       		.byte	64
 429 002c 18       		.byte	24
 430 002d 80       		.byte	-128
 431 002e 1C       		.byte	28
 432 002f 80       		.byte	-128
 433 0030 88       		.byte	-120
 434 0031 40       		.byte	64
 435 0032 8C       		.byte	-116
 436 0033 40       		.byte	64
 437 0034 C6       		.byte	-58
 438 0035 0C       		.byte	12
 439 0036 E6       		.byte	-26
 440 0037 0C       		.byte	12
 441              		.text
 442              	.Letext0:
 443              		.file 2 "c:\\program files (x86)\\cypress\\psoc creator\\3.3\\psoc creator\\import\\gnu\\arm\\4.9.
 444              		.file 3 ".\\Generated_Source\\PSoC4\\cytypes.h"
 445              		.file 4 ".\\Generated_Source\\PSoC4\\CyLib.h"
 446              		.section	.debug_info,"",%progbits
 447              	.Ldebug_info0:
 448 0000 B9030000 		.4byte	0x3b9
 449 0004 0400     		.2byte	0x4
 450 0006 00000000 		.4byte	.Ldebug_abbrev0
 451 000a 04       		.byte	0x4
 452 000b 01       		.uleb128 0x1
 453 000c DF010000 		.4byte	.LASF38
 454 0010 01       		.byte	0x1
 455 0011 A4010000 		.4byte	.LASF39
 456 0015 0A010000 		.4byte	.LASF40
 457 0019 00000000 		.4byte	.Ldebug_ranges0+0
 458 001d 00000000 		.4byte	0
 459 0021 00000000 		.4byte	.Ldebug_line0
 460 0025 02       		.uleb128 0x2
 461 0026 04       		.byte	0x4
 462 0027 05       		.byte	0x5
 463 0028 696E7400 		.ascii	"int\000"
 464 002c 03       		.uleb128 0x3
 465 002d 06000000 		.4byte	.LASF11
 466 0031 02       		.byte	0x2
 467 0032 D4       		.byte	0xd4
 468 0033 37000000 		.4byte	0x37
 469 0037 04       		.uleb128 0x4
 470 0038 04       		.byte	0x4
 471 0039 07       		.byte	0x7
 472 003a 3F010000 		.4byte	.LASF0
 473 003e 04       		.uleb128 0x4
 474 003f 01       		.byte	0x1
 475 0040 06       		.byte	0x6
 476 0041 9C020000 		.4byte	.LASF1
 477 0045 04       		.uleb128 0x4
 478 0046 01       		.byte	0x1
 479 0047 08       		.byte	0x8
ARM GAS  C:\Users\cdc75\AppData\Local\Temp\ccAFxIeD.s 			page 16


 480 0048 AC000000 		.4byte	.LASF2
 481 004c 04       		.uleb128 0x4
 482 004d 02       		.byte	0x2
 483 004e 05       		.byte	0x5
 484 004f 74020000 		.4byte	.LASF3
 485 0053 04       		.uleb128 0x4
 486 0054 02       		.byte	0x2
 487 0055 07       		.byte	0x7
 488 0056 A8020000 		.4byte	.LASF4
 489 005a 04       		.uleb128 0x4
 490 005b 04       		.byte	0x4
 491 005c 05       		.byte	0x5
 492 005d 93020000 		.4byte	.LASF5
 493 0061 04       		.uleb128 0x4
 494 0062 04       		.byte	0x4
 495 0063 07       		.byte	0x7
 496 0064 8A000000 		.4byte	.LASF6
 497 0068 04       		.uleb128 0x4
 498 0069 08       		.byte	0x8
 499 006a 05       		.byte	0x5
 500 006b CC010000 		.4byte	.LASF7
 501 006f 04       		.uleb128 0x4
 502 0070 08       		.byte	0x8
 503 0071 07       		.byte	0x7
 504 0072 61010000 		.4byte	.LASF8
 505 0076 04       		.uleb128 0x4
 506 0077 04       		.byte	0x4
 507 0078 07       		.byte	0x7
 508 0079 9B010000 		.4byte	.LASF9
 509 007d 05       		.uleb128 0x5
 510 007e 04       		.byte	0x4
 511 007f 06       		.uleb128 0x6
 512 0080 04       		.byte	0x4
 513 0081 85000000 		.4byte	0x85
 514 0085 07       		.uleb128 0x7
 515 0086 04       		.uleb128 0x4
 516 0087 01       		.byte	0x1
 517 0088 08       		.byte	0x8
 518 0089 DA010000 		.4byte	.LASF10
 519 008d 08       		.uleb128 0x8
 520 008e 9C000000 		.4byte	.LASF12
 521 0092 03       		.byte	0x3
 522 0093 9801     		.2byte	0x198
 523 0095 45000000 		.4byte	0x45
 524 0099 08       		.uleb128 0x8
 525 009a F1000000 		.4byte	.LASF13
 526 009e 03       		.byte	0x3
 527 009f 9901     		.2byte	0x199
 528 00a1 53000000 		.4byte	0x53
 529 00a5 08       		.uleb128 0x8
 530 00a6 03010000 		.4byte	.LASF14
 531 00aa 03       		.byte	0x3
 532 00ab 9A01     		.2byte	0x19a
 533 00ad 61000000 		.4byte	0x61
 534 00b1 04       		.uleb128 0x4
 535 00b2 04       		.byte	0x4
 536 00b3 04       		.byte	0x4
ARM GAS  C:\Users\cdc75\AppData\Local\Temp\ccAFxIeD.s 			page 17


 537 00b4 6A000000 		.4byte	.LASF15
 538 00b8 04       		.uleb128 0x4
 539 00b9 08       		.byte	0x8
 540 00ba 04       		.byte	0x4
 541 00bb C1000000 		.4byte	.LASF16
 542 00bf 08       		.uleb128 0x8
 543 00c0 85000000 		.4byte	.LASF17
 544 00c4 03       		.byte	0x3
 545 00c5 4202     		.2byte	0x242
 546 00c7 CB000000 		.4byte	0xcb
 547 00cb 09       		.uleb128 0x9
 548 00cc 8D000000 		.4byte	0x8d
 549 00d0 08       		.uleb128 0x8
 550 00d1 00000000 		.4byte	.LASF18
 551 00d5 03       		.byte	0x3
 552 00d6 4402     		.2byte	0x244
 553 00d8 DC000000 		.4byte	0xdc
 554 00dc 09       		.uleb128 0x9
 555 00dd A5000000 		.4byte	0xa5
 556 00e1 08       		.uleb128 0x8
 557 00e2 78010000 		.4byte	.LASF19
 558 00e6 03       		.byte	0x3
 559 00e7 5402     		.2byte	0x254
 560 00e9 7F000000 		.4byte	0x7f
 561 00ed 0A       		.uleb128 0xa
 562 00ee 02       		.byte	0x2
 563 00ef 01       		.byte	0x1
 564 00f0 7F       		.byte	0x7f
 565 00f1 0E010000 		.4byte	0x10e
 566 00f5 0B       		.uleb128 0xb
 567 00f6 6D020000 		.4byte	.LASF20
 568 00fa 01       		.byte	0x1
 569 00fb 81       		.byte	0x81
 570 00fc 8D000000 		.4byte	0x8d
 571 0100 00       		.byte	0
 572 0101 0B       		.uleb128 0xb
 573 0102 1C000000 		.4byte	.LASF21
 574 0106 01       		.byte	0x1
 575 0107 82       		.byte	0x82
 576 0108 8D000000 		.4byte	0x8d
 577 010c 01       		.byte	0x1
 578 010d 00       		.byte	0
 579 010e 03       		.uleb128 0x3
 580 010f 57000000 		.4byte	.LASF22
 581 0113 01       		.byte	0x1
 582 0114 83       		.byte	0x83
 583 0115 ED000000 		.4byte	0xed
 584 0119 0C       		.uleb128 0xc
 585 011a C8000000 		.4byte	.LASF27
 586 011e 01       		.byte	0x1
 587 011f 96       		.byte	0x96
 588 0120 00000000 		.4byte	.LFB3
 589 0124 32000000 		.4byte	.LFE3-.LFB3
 590 0128 01       		.uleb128 0x1
 591 0129 9C       		.byte	0x9c
 592 012a 8B010000 		.4byte	0x18b
 593 012e 0D       		.uleb128 0xd
ARM GAS  C:\Users\cdc75\AppData\Local\Temp\ccAFxIeD.s 			page 18


 594 012f E6000000 		.4byte	.LASF23
 595 0133 01       		.byte	0x1
 596 0134 96       		.byte	0x96
 597 0135 8B010000 		.4byte	0x18b
 598 0139 01       		.uleb128 0x1
 599 013a 50       		.byte	0x50
 600 013b 0D       		.uleb128 0xd
 601 013c F8000000 		.4byte	.LASF24
 602 0140 01       		.byte	0x1
 603 0141 96       		.byte	0x96
 604 0142 96010000 		.4byte	0x196
 605 0146 01       		.uleb128 0x1
 606 0147 51       		.byte	0x51
 607 0148 0E       		.uleb128 0xe
 608 0149 6900     		.ascii	"i\000"
 609 014b 01       		.byte	0x1
 610 014c 99       		.byte	0x99
 611 014d A5000000 		.4byte	0xa5
 612 0151 00000000 		.4byte	.LLST0
 613 0155 0E       		.uleb128 0xe
 614 0156 6A00     		.ascii	"j\000"
 615 0158 01       		.byte	0x1
 616 0159 99       		.byte	0x99
 617 015a A5000000 		.4byte	0xa5
 618 015e 1F000000 		.4byte	.LLST1
 619 0162 0F       		.uleb128 0xf
 620 0163 08000000 		.4byte	.LBB2
 621 0167 22000000 		.4byte	.LBE2-.LBB2
 622 016b 10       		.uleb128 0x10
 623 016c 92010000 		.4byte	.LASF25
 624 0170 01       		.byte	0x1
 625 0171 9C       		.byte	0x9c
 626 0172 A5000000 		.4byte	0xa5
 627 0176 3E000000 		.4byte	.LLST2
 628 017a 10       		.uleb128 0x10
 629 017b 22000000 		.4byte	.LASF26
 630 017f 01       		.byte	0x1
 631 0180 9D       		.byte	0x9d
 632 0181 8D000000 		.4byte	0x8d
 633 0185 51000000 		.4byte	.LLST3
 634 0189 00       		.byte	0
 635 018a 00       		.byte	0
 636 018b 06       		.uleb128 0x6
 637 018c 04       		.byte	0x4
 638 018d 91010000 		.4byte	0x191
 639 0191 11       		.uleb128 0x11
 640 0192 A5000000 		.4byte	0xa5
 641 0196 06       		.uleb128 0x6
 642 0197 04       		.byte	0x4
 643 0198 9C010000 		.4byte	0x19c
 644 019c 11       		.uleb128 0x11
 645 019d 0E010000 		.4byte	0x10e
 646 01a1 0C       		.uleb128 0xc
 647 01a2 A2000000 		.4byte	.LASF28
 648 01a6 01       		.byte	0x1
 649 01a7 3D       		.byte	0x3d
 650 01a8 00000000 		.4byte	.LFB0
ARM GAS  C:\Users\cdc75\AppData\Local\Temp\ccAFxIeD.s 			page 19


 651 01ac 0C000000 		.4byte	.LFE0-.LFB0
 652 01b0 01       		.uleb128 0x1
 653 01b1 9C       		.byte	0x9c
 654 01b2 EE010000 		.4byte	0x1ee
 655 01b6 12       		.uleb128 0x12
 656 01b7 7300     		.ascii	"s\000"
 657 01b9 01       		.byte	0x1
 658 01ba 3D       		.byte	0x3d
 659 01bb 7D000000 		.4byte	0x7d
 660 01bf 6F000000 		.4byte	.LLST4
 661 01c3 12       		.uleb128 0x12
 662 01c4 6E00     		.ascii	"n\000"
 663 01c6 01       		.byte	0x1
 664 01c7 3D       		.byte	0x3d
 665 01c8 2C000000 		.4byte	0x2c
 666 01cc 90000000 		.4byte	.LLST5
 667 01d0 13       		.uleb128 0x13
 668 01d1 0A000000 		.4byte	.LVL14
 669 01d5 67030000 		.4byte	0x367
 670 01d9 14       		.uleb128 0x14
 671 01da 01       		.uleb128 0x1
 672 01db 52       		.byte	0x52
 673 01dc 03       		.uleb128 0x3
 674 01dd F3       		.byte	0xf3
 675 01de 01       		.uleb128 0x1
 676 01df 51       		.byte	0x51
 677 01e0 14       		.uleb128 0x14
 678 01e1 01       		.uleb128 0x1
 679 01e2 51       		.byte	0x51
 680 01e3 01       		.uleb128 0x1
 681 01e4 30       		.byte	0x30
 682 01e5 14       		.uleb128 0x14
 683 01e6 01       		.uleb128 0x1
 684 01e7 50       		.byte	0x50
 685 01e8 03       		.uleb128 0x3
 686 01e9 F3       		.byte	0xf3
 687 01ea 01       		.uleb128 0x1
 688 01eb 50       		.byte	0x50
 689 01ec 00       		.byte	0
 690 01ed 00       		.byte	0
 691 01ee 0C       		.uleb128 0xc
 692 01ef 28000000 		.4byte	.LASF29
 693 01f3 01       		.byte	0x1
 694 01f4 BB       		.byte	0xbb
 695 01f5 00000000 		.4byte	.LFB4
 696 01f9 A0000000 		.4byte	.LFE4-.LFB4
 697 01fd 01       		.uleb128 0x1
 698 01fe 9C       		.byte	0x9c
 699 01ff 39020000 		.4byte	0x239
 700 0203 15       		.uleb128 0x15
 701 0204 14000000 		.4byte	.LVL15
 702 0208 84030000 		.4byte	0x384
 703 020c 16020000 		.4byte	0x216
 704 0210 14       		.uleb128 0x14
 705 0211 01       		.uleb128 0x1
 706 0212 50       		.byte	0x50
 707 0213 01       		.uleb128 0x1
ARM GAS  C:\Users\cdc75\AppData\Local\Temp\ccAFxIeD.s 			page 20


 708 0214 48       		.byte	0x48
 709 0215 00       		.byte	0
 710 0216 15       		.uleb128 0x15
 711 0217 58000000 		.4byte	.LVL16
 712 021b 95030000 		.4byte	0x395
 713 021f 29020000 		.4byte	0x229
 714 0223 14       		.uleb128 0x14
 715 0224 01       		.uleb128 0x1
 716 0225 50       		.byte	0x50
 717 0226 01       		.uleb128 0x1
 718 0227 39       		.byte	0x39
 719 0228 00       		.byte	0
 720 0229 13       		.uleb128 0x13
 721 022a 5E000000 		.4byte	.LVL17
 722 022e AF030000 		.4byte	0x3af
 723 0232 14       		.uleb128 0x14
 724 0233 01       		.uleb128 0x1
 725 0234 50       		.byte	0x50
 726 0235 01       		.uleb128 0x1
 727 0236 39       		.byte	0x39
 728 0237 00       		.byte	0
 729 0238 00       		.byte	0
 730 0239 16       		.uleb128 0x16
 731 023a 4C010000 		.4byte	.LASF41
 732 023e 01       		.byte	0x1
 733 023f 0E01     		.2byte	0x10e
 734 0241 A0000000 		.4byte	.LFB6
 735 0245 0C010000 		.4byte	.LFE6-.LFB6
 736 0249 01       		.uleb128 0x1
 737 024a 9C       		.byte	0x9c
 738 024b 3D030000 		.4byte	0x33d
 739 024f 17       		.uleb128 0x17
 740 0250 A4000000 		.4byte	.LBB3
 741 0254 8C000000 		.4byte	.LBE3-.LBB3
 742 0258 33030000 		.4byte	0x333
 743 025c 18       		.uleb128 0x18
 744 025d 33000000 		.4byte	.LASF30
 745 0261 01       		.byte	0x1
 746 0262 1401     		.2byte	0x114
 747 0264 4D030000 		.4byte	0x34d
 748 0268 05       		.uleb128 0x5
 749 0269 03       		.byte	0x3
 750 026a 0C000000 		.4byte	cy_cfg_addr_table.4740
 751 026e 18       		.uleb128 0x18
 752 026f 45000000 		.4byte	.LASF31
 753 0273 01       		.byte	0x1
 754 0274 1B01     		.2byte	0x11b
 755 0276 62030000 		.4byte	0x362
 756 027a 05       		.uleb128 0x5
 757 027b 03       		.byte	0x3
 758 027c 1C000000 		.4byte	cy_cfg_data_table.4741
 759 0280 19       		.uleb128 0x19
 760 0281 06       		.byte	0x6
 761 0282 01       		.byte	0x1
 762 0283 2E01     		.2byte	0x12e
 763 0285 A4020000 		.4byte	0x2a4
 764 0289 1A       		.uleb128 0x1a
ARM GAS  C:\Users\cdc75\AppData\Local\Temp\ccAFxIeD.s 			page 21


 765 028a 59010000 		.4byte	.LASF32
 766 028e 01       		.byte	0x1
 767 028f 2F01     		.2byte	0x12f
 768 0291 7D000000 		.4byte	0x7d
 769 0295 00       		.byte	0
 770 0296 1A       		.uleb128 0x1a
 771 0297 80000000 		.4byte	.LASF33
 772 029b 01       		.byte	0x1
 773 029c 3001     		.2byte	0x130
 774 029e 99000000 		.4byte	0x99
 775 02a2 04       		.byte	0x4
 776 02a3 00       		.byte	0
 777 02a4 08       		.uleb128 0x8
 778 02a5 85010000 		.4byte	.LASF34
 779 02a9 01       		.byte	0x1
 780 02aa 3101     		.2byte	0x131
 781 02ac 80020000 		.4byte	0x280
 782 02b0 1B       		.uleb128 0x1b
 783 02b1 A4020000 		.4byte	0x2a4
 784 02b5 C0020000 		.4byte	0x2c0
 785 02b9 1C       		.uleb128 0x1c
 786 02ba 76000000 		.4byte	0x76
 787 02be 01       		.byte	0x1
 788 02bf 00       		.byte	0
 789 02c0 18       		.uleb128 0x18
 790 02c1 70000000 		.4byte	.LASF35
 791 02c5 01       		.byte	0x1
 792 02c6 3301     		.2byte	0x133
 793 02c8 D2020000 		.4byte	0x2d2
 794 02cc 05       		.uleb128 0x5
 795 02cd 03       		.byte	0x3
 796 02ce 00000000 		.4byte	cfg_memset_list.4746
 797 02d2 11       		.uleb128 0x11
 798 02d3 B0020000 		.4byte	0x2b0
 799 02d7 1D       		.uleb128 0x1d
 800 02d8 6900     		.ascii	"i\000"
 801 02da 01       		.byte	0x1
 802 02db 3901     		.2byte	0x139
 803 02dd 8D000000 		.4byte	0x8d
 804 02e1 BC000000 		.4byte	.LLST6
 805 02e5 17       		.uleb128 0x17
 806 02e6 A8000000 		.4byte	.LBB4
 807 02ea 1E000000 		.4byte	.LBE4-.LBB4
 808 02ee 16030000 		.4byte	0x316
 809 02f2 1D       		.uleb128 0x1d
 810 02f3 6D7300   		.ascii	"ms\000"
 811 02f6 01       		.byte	0x1
 812 02f7 3E01     		.2byte	0x13e
 813 02f9 01030000 		.4byte	0x301
 814 02fd E6000000 		.4byte	.LLST7
 815 0301 06       		.uleb128 0x6
 816 0302 04       		.byte	0x4
 817 0303 07030000 		.4byte	0x307
 818 0307 11       		.uleb128 0x11
 819 0308 A4020000 		.4byte	0x2a4
 820 030c 1E       		.uleb128 0x1e
 821 030d C6000000 		.4byte	.LVL20
ARM GAS  C:\Users\cdc75\AppData\Local\Temp\ccAFxIeD.s 			page 22


 822 0311 A1010000 		.4byte	0x1a1
 823 0315 00       		.byte	0
 824 0316 13       		.uleb128 0x13
 825 0317 DA000000 		.4byte	.LVL23
 826 031b 19010000 		.4byte	0x119
 827 031f 14       		.uleb128 0x14
 828 0320 01       		.uleb128 0x1
 829 0321 51       		.byte	0x51
 830 0322 05       		.uleb128 0x5
 831 0323 03       		.byte	0x3
 832 0324 1C000000 		.4byte	.LANCHOR0+28
 833 0328 14       		.uleb128 0x14
 834 0329 01       		.uleb128 0x1
 835 032a 50       		.byte	0x50
 836 032b 05       		.uleb128 0x5
 837 032c 03       		.byte	0x3
 838 032d 0C000000 		.4byte	.LANCHOR0+12
 839 0331 00       		.byte	0
 840 0332 00       		.byte	0
 841 0333 1E       		.uleb128 0x1e
 842 0334 5A010000 		.4byte	.LVL24
 843 0338 EE010000 		.4byte	0x1ee
 844 033c 00       		.byte	0
 845 033d 1B       		.uleb128 0x1b
 846 033e A5000000 		.4byte	0xa5
 847 0342 4D030000 		.4byte	0x34d
 848 0346 1C       		.uleb128 0x1c
 849 0347 76000000 		.4byte	0x76
 850 034b 03       		.byte	0x3
 851 034c 00       		.byte	0
 852 034d 11       		.uleb128 0x11
 853 034e 3D030000 		.4byte	0x33d
 854 0352 1B       		.uleb128 0x1b
 855 0353 0E010000 		.4byte	0x10e
 856 0357 62030000 		.4byte	0x362
 857 035b 1C       		.uleb128 0x1c
 858 035c 76000000 		.4byte	0x76
 859 0360 0D       		.byte	0xd
 860 0361 00       		.byte	0
 861 0362 11       		.uleb128 0x11
 862 0363 52030000 		.4byte	0x352
 863 0367 1F       		.uleb128 0x1f
 864 0368 BA000000 		.4byte	.LASF36
 865 036c 7D000000 		.4byte	0x7d
 866 0370 84030000 		.4byte	0x384
 867 0374 20       		.uleb128 0x20
 868 0375 7D000000 		.4byte	0x7d
 869 0379 20       		.uleb128 0x20
 870 037a 25000000 		.4byte	0x25
 871 037e 20       		.uleb128 0x20
 872 037f 76000000 		.4byte	0x76
 873 0383 00       		.byte	0
 874 0384 21       		.uleb128 0x21
 875 0385 7E020000 		.4byte	.LASF37
 876 0389 04       		.byte	0x4
 877 038a 6C       		.byte	0x6c
 878 038b 95030000 		.4byte	0x395
ARM GAS  C:\Users\cdc75\AppData\Local\Temp\ccAFxIeD.s 			page 23


 879 038f 20       		.uleb128 0x20
 880 0390 A5000000 		.4byte	0xa5
 881 0394 00       		.byte	0
 882 0395 22       		.uleb128 0x22
 883 0396 0D000000 		.4byte	.LASF42
 884 039a 04       		.byte	0x4
 885 039b BB       		.byte	0xbb
 886 039c E1000000 		.4byte	0xe1
 887 03a0 AF030000 		.4byte	0x3af
 888 03a4 20       		.uleb128 0x20
 889 03a5 8D000000 		.4byte	0x8d
 890 03a9 20       		.uleb128 0x20
 891 03aa E1000000 		.4byte	0xe1
 892 03ae 00       		.byte	0
 893 03af 23       		.uleb128 0x23
 894 03b0 DA000000 		.4byte	.LASF43
 895 03b4 04       		.byte	0x4
 896 03b5 C1       		.byte	0xc1
 897 03b6 20       		.uleb128 0x20
 898 03b7 8D000000 		.4byte	0x8d
 899 03bb 00       		.byte	0
 900 03bc 00       		.byte	0
 901              		.section	.debug_abbrev,"",%progbits
 902              	.Ldebug_abbrev0:
 903 0000 01       		.uleb128 0x1
 904 0001 11       		.uleb128 0x11
 905 0002 01       		.byte	0x1
 906 0003 25       		.uleb128 0x25
 907 0004 0E       		.uleb128 0xe
 908 0005 13       		.uleb128 0x13
 909 0006 0B       		.uleb128 0xb
 910 0007 03       		.uleb128 0x3
 911 0008 0E       		.uleb128 0xe
 912 0009 1B       		.uleb128 0x1b
 913 000a 0E       		.uleb128 0xe
 914 000b 55       		.uleb128 0x55
 915 000c 17       		.uleb128 0x17
 916 000d 11       		.uleb128 0x11
 917 000e 01       		.uleb128 0x1
 918 000f 10       		.uleb128 0x10
 919 0010 17       		.uleb128 0x17
 920 0011 00       		.byte	0
 921 0012 00       		.byte	0
 922 0013 02       		.uleb128 0x2
 923 0014 24       		.uleb128 0x24
 924 0015 00       		.byte	0
 925 0016 0B       		.uleb128 0xb
 926 0017 0B       		.uleb128 0xb
 927 0018 3E       		.uleb128 0x3e
 928 0019 0B       		.uleb128 0xb
 929 001a 03       		.uleb128 0x3
 930 001b 08       		.uleb128 0x8
 931 001c 00       		.byte	0
 932 001d 00       		.byte	0
 933 001e 03       		.uleb128 0x3
 934 001f 16       		.uleb128 0x16
 935 0020 00       		.byte	0
ARM GAS  C:\Users\cdc75\AppData\Local\Temp\ccAFxIeD.s 			page 24


 936 0021 03       		.uleb128 0x3
 937 0022 0E       		.uleb128 0xe
 938 0023 3A       		.uleb128 0x3a
 939 0024 0B       		.uleb128 0xb
 940 0025 3B       		.uleb128 0x3b
 941 0026 0B       		.uleb128 0xb
 942 0027 49       		.uleb128 0x49
 943 0028 13       		.uleb128 0x13
 944 0029 00       		.byte	0
 945 002a 00       		.byte	0
 946 002b 04       		.uleb128 0x4
 947 002c 24       		.uleb128 0x24
 948 002d 00       		.byte	0
 949 002e 0B       		.uleb128 0xb
 950 002f 0B       		.uleb128 0xb
 951 0030 3E       		.uleb128 0x3e
 952 0031 0B       		.uleb128 0xb
 953 0032 03       		.uleb128 0x3
 954 0033 0E       		.uleb128 0xe
 955 0034 00       		.byte	0
 956 0035 00       		.byte	0
 957 0036 05       		.uleb128 0x5
 958 0037 0F       		.uleb128 0xf
 959 0038 00       		.byte	0
 960 0039 0B       		.uleb128 0xb
 961 003a 0B       		.uleb128 0xb
 962 003b 00       		.byte	0
 963 003c 00       		.byte	0
 964 003d 06       		.uleb128 0x6
 965 003e 0F       		.uleb128 0xf
 966 003f 00       		.byte	0
 967 0040 0B       		.uleb128 0xb
 968 0041 0B       		.uleb128 0xb
 969 0042 49       		.uleb128 0x49
 970 0043 13       		.uleb128 0x13
 971 0044 00       		.byte	0
 972 0045 00       		.byte	0
 973 0046 07       		.uleb128 0x7
 974 0047 15       		.uleb128 0x15
 975 0048 00       		.byte	0
 976 0049 27       		.uleb128 0x27
 977 004a 19       		.uleb128 0x19
 978 004b 00       		.byte	0
 979 004c 00       		.byte	0
 980 004d 08       		.uleb128 0x8
 981 004e 16       		.uleb128 0x16
 982 004f 00       		.byte	0
 983 0050 03       		.uleb128 0x3
 984 0051 0E       		.uleb128 0xe
 985 0052 3A       		.uleb128 0x3a
 986 0053 0B       		.uleb128 0xb
 987 0054 3B       		.uleb128 0x3b
 988 0055 05       		.uleb128 0x5
 989 0056 49       		.uleb128 0x49
 990 0057 13       		.uleb128 0x13
 991 0058 00       		.byte	0
 992 0059 00       		.byte	0
ARM GAS  C:\Users\cdc75\AppData\Local\Temp\ccAFxIeD.s 			page 25


 993 005a 09       		.uleb128 0x9
 994 005b 35       		.uleb128 0x35
 995 005c 00       		.byte	0
 996 005d 49       		.uleb128 0x49
 997 005e 13       		.uleb128 0x13
 998 005f 00       		.byte	0
 999 0060 00       		.byte	0
 1000 0061 0A       		.uleb128 0xa
 1001 0062 13       		.uleb128 0x13
 1002 0063 01       		.byte	0x1
 1003 0064 0B       		.uleb128 0xb
 1004 0065 0B       		.uleb128 0xb
 1005 0066 3A       		.uleb128 0x3a
 1006 0067 0B       		.uleb128 0xb
 1007 0068 3B       		.uleb128 0x3b
 1008 0069 0B       		.uleb128 0xb
 1009 006a 01       		.uleb128 0x1
 1010 006b 13       		.uleb128 0x13
 1011 006c 00       		.byte	0
 1012 006d 00       		.byte	0
 1013 006e 0B       		.uleb128 0xb
 1014 006f 0D       		.uleb128 0xd
 1015 0070 00       		.byte	0
 1016 0071 03       		.uleb128 0x3
 1017 0072 0E       		.uleb128 0xe
 1018 0073 3A       		.uleb128 0x3a
 1019 0074 0B       		.uleb128 0xb
 1020 0075 3B       		.uleb128 0x3b
 1021 0076 0B       		.uleb128 0xb
 1022 0077 49       		.uleb128 0x49
 1023 0078 13       		.uleb128 0x13
 1024 0079 38       		.uleb128 0x38
 1025 007a 0B       		.uleb128 0xb
 1026 007b 00       		.byte	0
 1027 007c 00       		.byte	0
 1028 007d 0C       		.uleb128 0xc
 1029 007e 2E       		.uleb128 0x2e
 1030 007f 01       		.byte	0x1
 1031 0080 03       		.uleb128 0x3
 1032 0081 0E       		.uleb128 0xe
 1033 0082 3A       		.uleb128 0x3a
 1034 0083 0B       		.uleb128 0xb
 1035 0084 3B       		.uleb128 0x3b
 1036 0085 0B       		.uleb128 0xb
 1037 0086 27       		.uleb128 0x27
 1038 0087 19       		.uleb128 0x19
 1039 0088 11       		.uleb128 0x11
 1040 0089 01       		.uleb128 0x1
 1041 008a 12       		.uleb128 0x12
 1042 008b 06       		.uleb128 0x6
 1043 008c 40       		.uleb128 0x40
 1044 008d 18       		.uleb128 0x18
 1045 008e 9742     		.uleb128 0x2117
 1046 0090 19       		.uleb128 0x19
 1047 0091 01       		.uleb128 0x1
 1048 0092 13       		.uleb128 0x13
 1049 0093 00       		.byte	0
ARM GAS  C:\Users\cdc75\AppData\Local\Temp\ccAFxIeD.s 			page 26


 1050 0094 00       		.byte	0
 1051 0095 0D       		.uleb128 0xd
 1052 0096 05       		.uleb128 0x5
 1053 0097 00       		.byte	0
 1054 0098 03       		.uleb128 0x3
 1055 0099 0E       		.uleb128 0xe
 1056 009a 3A       		.uleb128 0x3a
 1057 009b 0B       		.uleb128 0xb
 1058 009c 3B       		.uleb128 0x3b
 1059 009d 0B       		.uleb128 0xb
 1060 009e 49       		.uleb128 0x49
 1061 009f 13       		.uleb128 0x13
 1062 00a0 02       		.uleb128 0x2
 1063 00a1 18       		.uleb128 0x18
 1064 00a2 00       		.byte	0
 1065 00a3 00       		.byte	0
 1066 00a4 0E       		.uleb128 0xe
 1067 00a5 34       		.uleb128 0x34
 1068 00a6 00       		.byte	0
 1069 00a7 03       		.uleb128 0x3
 1070 00a8 08       		.uleb128 0x8
 1071 00a9 3A       		.uleb128 0x3a
 1072 00aa 0B       		.uleb128 0xb
 1073 00ab 3B       		.uleb128 0x3b
 1074 00ac 0B       		.uleb128 0xb
 1075 00ad 49       		.uleb128 0x49
 1076 00ae 13       		.uleb128 0x13
 1077 00af 02       		.uleb128 0x2
 1078 00b0 17       		.uleb128 0x17
 1079 00b1 00       		.byte	0
 1080 00b2 00       		.byte	0
 1081 00b3 0F       		.uleb128 0xf
 1082 00b4 0B       		.uleb128 0xb
 1083 00b5 01       		.byte	0x1
 1084 00b6 11       		.uleb128 0x11
 1085 00b7 01       		.uleb128 0x1
 1086 00b8 12       		.uleb128 0x12
 1087 00b9 06       		.uleb128 0x6
 1088 00ba 00       		.byte	0
 1089 00bb 00       		.byte	0
 1090 00bc 10       		.uleb128 0x10
 1091 00bd 34       		.uleb128 0x34
 1092 00be 00       		.byte	0
 1093 00bf 03       		.uleb128 0x3
 1094 00c0 0E       		.uleb128 0xe
 1095 00c1 3A       		.uleb128 0x3a
 1096 00c2 0B       		.uleb128 0xb
 1097 00c3 3B       		.uleb128 0x3b
 1098 00c4 0B       		.uleb128 0xb
 1099 00c5 49       		.uleb128 0x49
 1100 00c6 13       		.uleb128 0x13
 1101 00c7 02       		.uleb128 0x2
 1102 00c8 17       		.uleb128 0x17
 1103 00c9 00       		.byte	0
 1104 00ca 00       		.byte	0
 1105 00cb 11       		.uleb128 0x11
 1106 00cc 26       		.uleb128 0x26
ARM GAS  C:\Users\cdc75\AppData\Local\Temp\ccAFxIeD.s 			page 27


 1107 00cd 00       		.byte	0
 1108 00ce 49       		.uleb128 0x49
 1109 00cf 13       		.uleb128 0x13
 1110 00d0 00       		.byte	0
 1111 00d1 00       		.byte	0
 1112 00d2 12       		.uleb128 0x12
 1113 00d3 05       		.uleb128 0x5
 1114 00d4 00       		.byte	0
 1115 00d5 03       		.uleb128 0x3
 1116 00d6 08       		.uleb128 0x8
 1117 00d7 3A       		.uleb128 0x3a
 1118 00d8 0B       		.uleb128 0xb
 1119 00d9 3B       		.uleb128 0x3b
 1120 00da 0B       		.uleb128 0xb
 1121 00db 49       		.uleb128 0x49
 1122 00dc 13       		.uleb128 0x13
 1123 00dd 02       		.uleb128 0x2
 1124 00de 17       		.uleb128 0x17
 1125 00df 00       		.byte	0
 1126 00e0 00       		.byte	0
 1127 00e1 13       		.uleb128 0x13
 1128 00e2 898201   		.uleb128 0x4109
 1129 00e5 01       		.byte	0x1
 1130 00e6 11       		.uleb128 0x11
 1131 00e7 01       		.uleb128 0x1
 1132 00e8 31       		.uleb128 0x31
 1133 00e9 13       		.uleb128 0x13
 1134 00ea 00       		.byte	0
 1135 00eb 00       		.byte	0
 1136 00ec 14       		.uleb128 0x14
 1137 00ed 8A8201   		.uleb128 0x410a
 1138 00f0 00       		.byte	0
 1139 00f1 02       		.uleb128 0x2
 1140 00f2 18       		.uleb128 0x18
 1141 00f3 9142     		.uleb128 0x2111
 1142 00f5 18       		.uleb128 0x18
 1143 00f6 00       		.byte	0
 1144 00f7 00       		.byte	0
 1145 00f8 15       		.uleb128 0x15
 1146 00f9 898201   		.uleb128 0x4109
 1147 00fc 01       		.byte	0x1
 1148 00fd 11       		.uleb128 0x11
 1149 00fe 01       		.uleb128 0x1
 1150 00ff 31       		.uleb128 0x31
 1151 0100 13       		.uleb128 0x13
 1152 0101 01       		.uleb128 0x1
 1153 0102 13       		.uleb128 0x13
 1154 0103 00       		.byte	0
 1155 0104 00       		.byte	0
 1156 0105 16       		.uleb128 0x16
 1157 0106 2E       		.uleb128 0x2e
 1158 0107 01       		.byte	0x1
 1159 0108 3F       		.uleb128 0x3f
 1160 0109 19       		.uleb128 0x19
 1161 010a 03       		.uleb128 0x3
 1162 010b 0E       		.uleb128 0xe
 1163 010c 3A       		.uleb128 0x3a
ARM GAS  C:\Users\cdc75\AppData\Local\Temp\ccAFxIeD.s 			page 28


 1164 010d 0B       		.uleb128 0xb
 1165 010e 3B       		.uleb128 0x3b
 1166 010f 05       		.uleb128 0x5
 1167 0110 27       		.uleb128 0x27
 1168 0111 19       		.uleb128 0x19
 1169 0112 11       		.uleb128 0x11
 1170 0113 01       		.uleb128 0x1
 1171 0114 12       		.uleb128 0x12
 1172 0115 06       		.uleb128 0x6
 1173 0116 40       		.uleb128 0x40
 1174 0117 18       		.uleb128 0x18
 1175 0118 9742     		.uleb128 0x2117
 1176 011a 19       		.uleb128 0x19
 1177 011b 01       		.uleb128 0x1
 1178 011c 13       		.uleb128 0x13
 1179 011d 00       		.byte	0
 1180 011e 00       		.byte	0
 1181 011f 17       		.uleb128 0x17
 1182 0120 0B       		.uleb128 0xb
 1183 0121 01       		.byte	0x1
 1184 0122 11       		.uleb128 0x11
 1185 0123 01       		.uleb128 0x1
 1186 0124 12       		.uleb128 0x12
 1187 0125 06       		.uleb128 0x6
 1188 0126 01       		.uleb128 0x1
 1189 0127 13       		.uleb128 0x13
 1190 0128 00       		.byte	0
 1191 0129 00       		.byte	0
 1192 012a 18       		.uleb128 0x18
 1193 012b 34       		.uleb128 0x34
 1194 012c 00       		.byte	0
 1195 012d 03       		.uleb128 0x3
 1196 012e 0E       		.uleb128 0xe
 1197 012f 3A       		.uleb128 0x3a
 1198 0130 0B       		.uleb128 0xb
 1199 0131 3B       		.uleb128 0x3b
 1200 0132 05       		.uleb128 0x5
 1201 0133 49       		.uleb128 0x49
 1202 0134 13       		.uleb128 0x13
 1203 0135 02       		.uleb128 0x2
 1204 0136 18       		.uleb128 0x18
 1205 0137 00       		.byte	0
 1206 0138 00       		.byte	0
 1207 0139 19       		.uleb128 0x19
 1208 013a 13       		.uleb128 0x13
 1209 013b 01       		.byte	0x1
 1210 013c 0B       		.uleb128 0xb
 1211 013d 0B       		.uleb128 0xb
 1212 013e 3A       		.uleb128 0x3a
 1213 013f 0B       		.uleb128 0xb
 1214 0140 3B       		.uleb128 0x3b
 1215 0141 05       		.uleb128 0x5
 1216 0142 01       		.uleb128 0x1
 1217 0143 13       		.uleb128 0x13
 1218 0144 00       		.byte	0
 1219 0145 00       		.byte	0
 1220 0146 1A       		.uleb128 0x1a
ARM GAS  C:\Users\cdc75\AppData\Local\Temp\ccAFxIeD.s 			page 29


 1221 0147 0D       		.uleb128 0xd
 1222 0148 00       		.byte	0
 1223 0149 03       		.uleb128 0x3
 1224 014a 0E       		.uleb128 0xe
 1225 014b 3A       		.uleb128 0x3a
 1226 014c 0B       		.uleb128 0xb
 1227 014d 3B       		.uleb128 0x3b
 1228 014e 05       		.uleb128 0x5
 1229 014f 49       		.uleb128 0x49
 1230 0150 13       		.uleb128 0x13
 1231 0151 38       		.uleb128 0x38
 1232 0152 0B       		.uleb128 0xb
 1233 0153 00       		.byte	0
 1234 0154 00       		.byte	0
 1235 0155 1B       		.uleb128 0x1b
 1236 0156 01       		.uleb128 0x1
 1237 0157 01       		.byte	0x1
 1238 0158 49       		.uleb128 0x49
 1239 0159 13       		.uleb128 0x13
 1240 015a 01       		.uleb128 0x1
 1241 015b 13       		.uleb128 0x13
 1242 015c 00       		.byte	0
 1243 015d 00       		.byte	0
 1244 015e 1C       		.uleb128 0x1c
 1245 015f 21       		.uleb128 0x21
 1246 0160 00       		.byte	0
 1247 0161 49       		.uleb128 0x49
 1248 0162 13       		.uleb128 0x13
 1249 0163 2F       		.uleb128 0x2f
 1250 0164 0B       		.uleb128 0xb
 1251 0165 00       		.byte	0
 1252 0166 00       		.byte	0
 1253 0167 1D       		.uleb128 0x1d
 1254 0168 34       		.uleb128 0x34
 1255 0169 00       		.byte	0
 1256 016a 03       		.uleb128 0x3
 1257 016b 08       		.uleb128 0x8
 1258 016c 3A       		.uleb128 0x3a
 1259 016d 0B       		.uleb128 0xb
 1260 016e 3B       		.uleb128 0x3b
 1261 016f 05       		.uleb128 0x5
 1262 0170 49       		.uleb128 0x49
 1263 0171 13       		.uleb128 0x13
 1264 0172 02       		.uleb128 0x2
 1265 0173 17       		.uleb128 0x17
 1266 0174 00       		.byte	0
 1267 0175 00       		.byte	0
 1268 0176 1E       		.uleb128 0x1e
 1269 0177 898201   		.uleb128 0x4109
 1270 017a 00       		.byte	0
 1271 017b 11       		.uleb128 0x11
 1272 017c 01       		.uleb128 0x1
 1273 017d 31       		.uleb128 0x31
 1274 017e 13       		.uleb128 0x13
 1275 017f 00       		.byte	0
 1276 0180 00       		.byte	0
 1277 0181 1F       		.uleb128 0x1f
ARM GAS  C:\Users\cdc75\AppData\Local\Temp\ccAFxIeD.s 			page 30


 1278 0182 2E       		.uleb128 0x2e
 1279 0183 01       		.byte	0x1
 1280 0184 3F       		.uleb128 0x3f
 1281 0185 19       		.uleb128 0x19
 1282 0186 03       		.uleb128 0x3
 1283 0187 0E       		.uleb128 0xe
 1284 0188 27       		.uleb128 0x27
 1285 0189 19       		.uleb128 0x19
 1286 018a 49       		.uleb128 0x49
 1287 018b 13       		.uleb128 0x13
 1288 018c 34       		.uleb128 0x34
 1289 018d 19       		.uleb128 0x19
 1290 018e 3C       		.uleb128 0x3c
 1291 018f 19       		.uleb128 0x19
 1292 0190 01       		.uleb128 0x1
 1293 0191 13       		.uleb128 0x13
 1294 0192 00       		.byte	0
 1295 0193 00       		.byte	0
 1296 0194 20       		.uleb128 0x20
 1297 0195 05       		.uleb128 0x5
 1298 0196 00       		.byte	0
 1299 0197 49       		.uleb128 0x49
 1300 0198 13       		.uleb128 0x13
 1301 0199 00       		.byte	0
 1302 019a 00       		.byte	0
 1303 019b 21       		.uleb128 0x21
 1304 019c 2E       		.uleb128 0x2e
 1305 019d 01       		.byte	0x1
 1306 019e 3F       		.uleb128 0x3f
 1307 019f 19       		.uleb128 0x19
 1308 01a0 03       		.uleb128 0x3
 1309 01a1 0E       		.uleb128 0xe
 1310 01a2 3A       		.uleb128 0x3a
 1311 01a3 0B       		.uleb128 0xb
 1312 01a4 3B       		.uleb128 0x3b
 1313 01a5 0B       		.uleb128 0xb
 1314 01a6 27       		.uleb128 0x27
 1315 01a7 19       		.uleb128 0x19
 1316 01a8 3C       		.uleb128 0x3c
 1317 01a9 19       		.uleb128 0x19
 1318 01aa 01       		.uleb128 0x1
 1319 01ab 13       		.uleb128 0x13
 1320 01ac 00       		.byte	0
 1321 01ad 00       		.byte	0
 1322 01ae 22       		.uleb128 0x22
 1323 01af 2E       		.uleb128 0x2e
 1324 01b0 01       		.byte	0x1
 1325 01b1 3F       		.uleb128 0x3f
 1326 01b2 19       		.uleb128 0x19
 1327 01b3 03       		.uleb128 0x3
 1328 01b4 0E       		.uleb128 0xe
 1329 01b5 3A       		.uleb128 0x3a
 1330 01b6 0B       		.uleb128 0xb
 1331 01b7 3B       		.uleb128 0x3b
 1332 01b8 0B       		.uleb128 0xb
 1333 01b9 27       		.uleb128 0x27
 1334 01ba 19       		.uleb128 0x19
ARM GAS  C:\Users\cdc75\AppData\Local\Temp\ccAFxIeD.s 			page 31


 1335 01bb 49       		.uleb128 0x49
 1336 01bc 13       		.uleb128 0x13
 1337 01bd 3C       		.uleb128 0x3c
 1338 01be 19       		.uleb128 0x19
 1339 01bf 01       		.uleb128 0x1
 1340 01c0 13       		.uleb128 0x13
 1341 01c1 00       		.byte	0
 1342 01c2 00       		.byte	0
 1343 01c3 23       		.uleb128 0x23
 1344 01c4 2E       		.uleb128 0x2e
 1345 01c5 01       		.byte	0x1
 1346 01c6 3F       		.uleb128 0x3f
 1347 01c7 19       		.uleb128 0x19
 1348 01c8 03       		.uleb128 0x3
 1349 01c9 0E       		.uleb128 0xe
 1350 01ca 3A       		.uleb128 0x3a
 1351 01cb 0B       		.uleb128 0xb
 1352 01cc 3B       		.uleb128 0x3b
 1353 01cd 0B       		.uleb128 0xb
 1354 01ce 27       		.uleb128 0x27
 1355 01cf 19       		.uleb128 0x19
 1356 01d0 3C       		.uleb128 0x3c
 1357 01d1 19       		.uleb128 0x19
 1358 01d2 00       		.byte	0
 1359 01d3 00       		.byte	0
 1360 01d4 00       		.byte	0
 1361              		.section	.debug_loc,"",%progbits
 1362              	.Ldebug_loc0:
 1363              	.LLST0:
 1364 0000 02000000 		.4byte	.LVL1
 1365 0004 08000000 		.4byte	.LVL2
 1366 0008 0200     		.2byte	0x2
 1367 000a 30       		.byte	0x30
 1368 000b 9F       		.byte	0x9f
 1369 000c 08000000 		.4byte	.LVL2
 1370 0010 30000000 		.4byte	.LVL11
 1371 0014 0100     		.2byte	0x1
 1372 0016 57       		.byte	0x57
 1373 0017 00000000 		.4byte	0
 1374 001b 00000000 		.4byte	0
 1375              	.LLST1:
 1376 001f 02000000 		.4byte	.LVL1
 1377 0023 08000000 		.4byte	.LVL2
 1378 0027 0200     		.2byte	0x2
 1379 0029 30       		.byte	0x30
 1380 002a 9F       		.byte	0x9f
 1381 002b 08000000 		.4byte	.LVL2
 1382 002f 30000000 		.4byte	.LVL10
 1383 0033 0100     		.2byte	0x1
 1384 0035 55       		.byte	0x55
 1385 0036 00000000 		.4byte	0
 1386 003a 00000000 		.4byte	0
 1387              	.LLST2:
 1388 003e 0C000000 		.4byte	.LVL3
 1389 0042 2C000000 		.4byte	.LVL9
 1390 0046 0100     		.2byte	0x1
 1391 0048 56       		.byte	0x56
ARM GAS  C:\Users\cdc75\AppData\Local\Temp\ccAFxIeD.s 			page 32


 1392 0049 00000000 		.4byte	0
 1393 004d 00000000 		.4byte	0
 1394              	.LLST3:
 1395 0051 0E000000 		.4byte	.LVL4
 1396 0055 24000000 		.4byte	.LVL7
 1397 0059 0100     		.2byte	0x1
 1398 005b 53       		.byte	0x53
 1399 005c 26000000 		.4byte	.LVL8
 1400 0060 2C000000 		.4byte	.LVL9
 1401 0064 0100     		.2byte	0x1
 1402 0066 53       		.byte	0x53
 1403 0067 00000000 		.4byte	0
 1404 006b 00000000 		.4byte	0
 1405              	.LLST4:
 1406 006f 00000000 		.4byte	.LVL12
 1407 0073 09000000 		.4byte	.LVL14-1
 1408 0077 0100     		.2byte	0x1
 1409 0079 50       		.byte	0x50
 1410 007a 09000000 		.4byte	.LVL14-1
 1411 007e 0C000000 		.4byte	.LFE0
 1412 0082 0400     		.2byte	0x4
 1413 0084 F3       		.byte	0xf3
 1414 0085 01       		.uleb128 0x1
 1415 0086 50       		.byte	0x50
 1416 0087 9F       		.byte	0x9f
 1417 0088 00000000 		.4byte	0
 1418 008c 00000000 		.4byte	0
 1419              	.LLST5:
 1420 0090 00000000 		.4byte	.LVL12
 1421 0094 06000000 		.4byte	.LVL13
 1422 0098 0100     		.2byte	0x1
 1423 009a 51       		.byte	0x51
 1424 009b 06000000 		.4byte	.LVL13
 1425 009f 09000000 		.4byte	.LVL14-1
 1426 00a3 0100     		.2byte	0x1
 1427 00a5 52       		.byte	0x52
 1428 00a6 09000000 		.4byte	.LVL14-1
 1429 00aa 0C000000 		.4byte	.LFE0
 1430 00ae 0400     		.2byte	0x4
 1431 00b0 F3       		.byte	0xf3
 1432 00b1 01       		.uleb128 0x1
 1433 00b2 51       		.byte	0x51
 1434 00b3 9F       		.byte	0x9f
 1435 00b4 00000000 		.4byte	0
 1436 00b8 00000000 		.4byte	0
 1437              	.LLST6:
 1438 00bc A4000000 		.4byte	.LVL18
 1439 00c0 A8000000 		.4byte	.LVL19
 1440 00c4 0200     		.2byte	0x2
 1441 00c6 30       		.byte	0x30
 1442 00c7 9F       		.byte	0x9f
 1443 00c8 A8000000 		.4byte	.LVL19
 1444 00cc C8000000 		.4byte	.LVL21
 1445 00d0 0100     		.2byte	0x1
 1446 00d2 54       		.byte	0x54
 1447 00d3 CA000000 		.4byte	.LVL22
 1448 00d7 5A010000 		.4byte	.LVL25
ARM GAS  C:\Users\cdc75\AppData\Local\Temp\ccAFxIeD.s 			page 33


 1449 00db 0100     		.2byte	0x1
 1450 00dd 54       		.byte	0x54
 1451 00de 00000000 		.4byte	0
 1452 00e2 00000000 		.4byte	0
 1453              	.LLST7:
 1454 00e6 A8000000 		.4byte	.LVL19
 1455 00ea C8000000 		.4byte	.LVL21
 1456 00ee 0B00     		.2byte	0xb
 1457 00f0 74       		.byte	0x74
 1458 00f1 00       		.sleb128 0
 1459 00f2 36       		.byte	0x36
 1460 00f3 1E       		.byte	0x1e
 1461 00f4 03       		.byte	0x3
 1462 00f5 00000000 		.4byte	cfg_memset_list.4746
 1463 00f9 22       		.byte	0x22
 1464 00fa 9F       		.byte	0x9f
 1465 00fb C8000000 		.4byte	.LVL21
 1466 00ff CA000000 		.4byte	.LVL22
 1467 0103 0B00     		.2byte	0xb
 1468 0105 74       		.byte	0x74
 1469 0106 7F       		.sleb128 -1
 1470 0107 36       		.byte	0x36
 1471 0108 1E       		.byte	0x1e
 1472 0109 03       		.byte	0x3
 1473 010a 00000000 		.4byte	cfg_memset_list.4746
 1474 010e 22       		.byte	0x22
 1475 010f 9F       		.byte	0x9f
 1476 0110 00000000 		.4byte	0
 1477 0114 00000000 		.4byte	0
 1478              		.section	.debug_aranges,"",%progbits
 1479 0000 34000000 		.4byte	0x34
 1480 0004 0200     		.2byte	0x2
 1481 0006 00000000 		.4byte	.Ldebug_info0
 1482 000a 04       		.byte	0x4
 1483 000b 00       		.byte	0
 1484 000c 0000     		.2byte	0
 1485 000e 0000     		.2byte	0
 1486 0010 00000000 		.4byte	.LFB3
 1487 0014 32000000 		.4byte	.LFE3-.LFB3
 1488 0018 00000000 		.4byte	.LFB0
 1489 001c 0C000000 		.4byte	.LFE0-.LFB0
 1490 0020 00000000 		.4byte	.LFB4
 1491 0024 A0000000 		.4byte	.LFE4-.LFB4
 1492 0028 A0000000 		.4byte	.LFB6
 1493 002c 0C010000 		.4byte	.LFE6-.LFB6
 1494 0030 00000000 		.4byte	0
 1495 0034 00000000 		.4byte	0
 1496              		.section	.debug_ranges,"",%progbits
 1497              	.Ldebug_ranges0:
 1498 0000 00000000 		.4byte	.LFB3
 1499 0004 32000000 		.4byte	.LFE3
 1500 0008 00000000 		.4byte	.LFB0
 1501 000c 0C000000 		.4byte	.LFE0
 1502 0010 00000000 		.4byte	.LFB4
 1503 0014 A0000000 		.4byte	.LFE4
 1504 0018 A0000000 		.4byte	.LFB6
 1505 001c AC010000 		.4byte	.LFE6
ARM GAS  C:\Users\cdc75\AppData\Local\Temp\ccAFxIeD.s 			page 34


 1506 0020 00000000 		.4byte	0
 1507 0024 00000000 		.4byte	0
 1508              		.section	.debug_line,"",%progbits
 1509              	.Ldebug_line0:
 1510 0000 65010000 		.section	.debug_str,"MS",%progbits,1
 1510      0200D800 
 1510      00000201 
 1510      FB0E0D00 
 1510      01010101 
 1511              	.LASF18:
 1512 0000 72656733 		.ascii	"reg32\000"
 1512      3200
 1513              	.LASF11:
 1514 0006 73697A65 		.ascii	"size_t\000"
 1514      5F7400
 1515              	.LASF42:
 1516 000d 4379496E 		.ascii	"CyIntSetVector\000"
 1516      74536574 
 1516      56656374 
 1516      6F7200
 1517              	.LASF21:
 1518 001c 76616C75 		.ascii	"value\000"
 1518      6500
 1519              	.LASF26:
 1520 0022 636F756E 		.ascii	"count\000"
 1520      7400
 1521              	.LASF29:
 1522 0028 436C6F63 		.ascii	"ClockSetup\000"
 1522      6B536574 
 1522      757000
 1523              	.LASF30:
 1524 0033 63795F63 		.ascii	"cy_cfg_addr_table\000"
 1524      66675F61 
 1524      6464725F 
 1524      7461626C 
 1524      6500
 1525              	.LASF31:
 1526 0045 63795F63 		.ascii	"cy_cfg_data_table\000"
 1526      66675F64 
 1526      6174615F 
 1526      7461626C 
 1526      6500
 1527              	.LASF22:
 1528 0057 63795F63 		.ascii	"cy_cfg_addrvalue_t\000"
 1528      66675F61 
 1528      64647276 
 1528      616C7565 
 1528      5F7400
 1529              	.LASF15:
 1530 006a 666C6F61 		.ascii	"float\000"
 1530      7400
 1531              	.LASF35:
 1532 0070 6366675F 		.ascii	"cfg_memset_list\000"
 1532      6D656D73 
 1532      65745F6C 
 1532      69737400 
 1533              	.LASF33:
ARM GAS  C:\Users\cdc75\AppData\Local\Temp\ccAFxIeD.s 			page 35


 1534 0080 73697A65 		.ascii	"size\000"
 1534      00
 1535              	.LASF17:
 1536 0085 72656738 		.ascii	"reg8\000"
 1536      00
 1537              	.LASF6:
 1538 008a 6C6F6E67 		.ascii	"long unsigned int\000"
 1538      20756E73 
 1538      69676E65 
 1538      6420696E 
 1538      7400
 1539              	.LASF12:
 1540 009c 75696E74 		.ascii	"uint8\000"
 1540      3800
 1541              	.LASF28:
 1542 00a2 43594D45 		.ascii	"CYMEMZERO\000"
 1542      4D5A4552 
 1542      4F00
 1543              	.LASF2:
 1544 00ac 756E7369 		.ascii	"unsigned char\000"
 1544      676E6564 
 1544      20636861 
 1544      7200
 1545              	.LASF36:
 1546 00ba 6D656D73 		.ascii	"memset\000"
 1546      657400
 1547              	.LASF16:
 1548 00c1 646F7562 		.ascii	"double\000"
 1548      6C6500
 1549              	.LASF27:
 1550 00c8 6366675F 		.ascii	"cfg_write_bytes32\000"
 1550      77726974 
 1550      655F6279 
 1550      74657333 
 1550      3200
 1551              	.LASF43:
 1552 00da 4379496E 		.ascii	"CyIntEnable\000"
 1552      74456E61 
 1552      626C6500 
 1553              	.LASF23:
 1554 00e6 61646472 		.ascii	"addr_table\000"
 1554      5F746162 
 1554      6C6500
 1555              	.LASF13:
 1556 00f1 75696E74 		.ascii	"uint16\000"
 1556      313600
 1557              	.LASF24:
 1558 00f8 64617461 		.ascii	"data_table\000"
 1558      5F746162 
 1558      6C6500
 1559              	.LASF14:
 1560 0103 75696E74 		.ascii	"uint32\000"
 1560      333200
 1561              	.LASF40:
 1562 010a 433A5C55 		.ascii	"C:\\Users\\cdc75\\Desktop\\Labs\\Lesson10_Challenge"
 1562      73657273 
 1562      5C636463 
ARM GAS  C:\Users\cdc75\AppData\Local\Temp\ccAFxIeD.s 			page 36


 1562      37355C44 
 1562      65736B74 
 1563 0138 2E637964 		.ascii	".cydsn\000"
 1563      736E00
 1564              	.LASF0:
 1565 013f 756E7369 		.ascii	"unsigned int\000"
 1565      676E6564 
 1565      20696E74 
 1565      00
 1566              	.LASF41:
 1567 014c 63796669 		.ascii	"cyfitter_cfg\000"
 1567      74746572 
 1567      5F636667 
 1567      00
 1568              	.LASF32:
 1569 0159 61646472 		.ascii	"address\000"
 1569      65737300 
 1570              	.LASF8:
 1571 0161 6C6F6E67 		.ascii	"long long unsigned int\000"
 1571      206C6F6E 
 1571      6720756E 
 1571      7369676E 
 1571      65642069 
 1572              	.LASF19:
 1573 0178 63796973 		.ascii	"cyisraddress\000"
 1573      72616464 
 1573      72657373 
 1573      00
 1574              	.LASF34:
 1575 0185 6366675F 		.ascii	"cfg_memset_t\000"
 1575      6D656D73 
 1575      65745F74 
 1575      00
 1576              	.LASF25:
 1577 0192 62617365 		.ascii	"baseAddr\000"
 1577      41646472 
 1577      00
 1578              	.LASF9:
 1579 019b 73697A65 		.ascii	"sizetype\000"
 1579      74797065 
 1579      00
 1580              	.LASF39:
 1581 01a4 2E5C4765 		.ascii	".\\Generated_Source\\PSoC4\\cyfitter_cfg.c\000"
 1581      6E657261 
 1581      7465645F 
 1581      536F7572 
 1581      63655C50 
 1582              	.LASF7:
 1583 01cc 6C6F6E67 		.ascii	"long long int\000"
 1583      206C6F6E 
 1583      6720696E 
 1583      7400
 1584              	.LASF10:
 1585 01da 63686172 		.ascii	"char\000"
 1585      00
 1586              	.LASF38:
 1587 01df 474E5520 		.ascii	"GNU C 4.9.3 20150303 (release) [ARM/embedded-4_9-br"
ARM GAS  C:\Users\cdc75\AppData\Local\Temp\ccAFxIeD.s 			page 37


 1587      4320342E 
 1587      392E3320 
 1587      32303135 
 1587      30333033 
 1588 0212 616E6368 		.ascii	"anch revision 221220] -mcpu=cortex-m0 -mthumb -g -O"
 1588      20726576 
 1588      6973696F 
 1588      6E203232 
 1588      31323230 
 1589 0245 67202D66 		.ascii	"g -ffunction-sections -ffat-lto-objects\000"
 1589      66756E63 
 1589      74696F6E 
 1589      2D736563 
 1589      74696F6E 
 1590              	.LASF20:
 1591 026d 6F666673 		.ascii	"offset\000"
 1591      657400
 1592              	.LASF3:
 1593 0274 73686F72 		.ascii	"short int\000"
 1593      7420696E 
 1593      7400
 1594              	.LASF37:
 1595 027e 43795379 		.ascii	"CySysClkWriteImoFreq\000"
 1595      73436C6B 
 1595      57726974 
 1595      65496D6F 
 1595      46726571 
 1596              	.LASF5:
 1597 0293 6C6F6E67 		.ascii	"long int\000"
 1597      20696E74 
 1597      00
 1598              	.LASF1:
 1599 029c 7369676E 		.ascii	"signed char\000"
 1599      65642063 
 1599      68617200 
 1600              	.LASF4:
 1601 02a8 73686F72 		.ascii	"short unsigned int\000"
 1601      7420756E 
 1601      7369676E 
 1601      65642069 
 1601      6E7400
 1602              		.ident	"GCC: (GNU Tools for ARM Embedded Processors) 4.9.3 20150303 (release) [ARM/embedded-4_9-br
