ARM GAS  C:\Users\Chris\AppData\Local\Temp\ccqYm0VS.s 			page 1


   1              		.cpu cortex-m0
   2              		.fpu softvfp
   3              		.eabi_attribute 20, 1
   4              		.eabi_attribute 21, 1
   5              		.eabi_attribute 23, 3
   6              		.eabi_attribute 24, 1
   7              		.eabi_attribute 25, 1
   8              		.eabi_attribute 26, 1
   9              		.eabi_attribute 30, 1
  10              		.eabi_attribute 34, 0
  11              		.eabi_attribute 18, 4
  12              		.code	16
  13              		.file	"cyfitter_cfg.c"
  14              		.text
  15              	.Ltext0:
  16              		.cfi_sections	.debug_frame
  17              		.section	.text.cfg_write_bytes32,"ax",%progbits
  18              		.align	2
  19              		.code	16
  20              		.thumb_func
  21              		.type	cfg_write_bytes32, %function
  22              	cfg_write_bytes32:
  23              	.LFB3:
  24              		.file 1 ".\\Generated_Source\\PSoC4\\cyfitter_cfg.c"
   1:.\Generated_Source\PSoC4/cyfitter_cfg.c **** /*******************************************************************************
   2:.\Generated_Source\PSoC4/cyfitter_cfg.c **** * File Name: cyfitter_cfg.c
   3:.\Generated_Source\PSoC4/cyfitter_cfg.c **** * 
   4:.\Generated_Source\PSoC4/cyfitter_cfg.c **** * PSoC Creator  3.3 CP3
   5:.\Generated_Source\PSoC4/cyfitter_cfg.c **** *
   6:.\Generated_Source\PSoC4/cyfitter_cfg.c **** * Description:
   7:.\Generated_Source\PSoC4/cyfitter_cfg.c **** * This file contains device initialization code.
   8:.\Generated_Source\PSoC4/cyfitter_cfg.c **** * Except for the user defined sections in CyClockStartupError(), this file should not be modified.
   9:.\Generated_Source\PSoC4/cyfitter_cfg.c **** * This file is automatically generated by PSoC Creator.
  10:.\Generated_Source\PSoC4/cyfitter_cfg.c **** *
  11:.\Generated_Source\PSoC4/cyfitter_cfg.c **** ********************************************************************************
  12:.\Generated_Source\PSoC4/cyfitter_cfg.c **** * Copyright (c) 2007-2016 Cypress Semiconductor.  All rights reserved.
  13:.\Generated_Source\PSoC4/cyfitter_cfg.c **** * You may use this file only in accordance with the license, terms, conditions, 
  14:.\Generated_Source\PSoC4/cyfitter_cfg.c **** * disclaimers, and limitations in the end user license agreement accompanying 
  15:.\Generated_Source\PSoC4/cyfitter_cfg.c **** * the software package with which this file was provided.
  16:.\Generated_Source\PSoC4/cyfitter_cfg.c **** ********************************************************************************/
  17:.\Generated_Source\PSoC4/cyfitter_cfg.c **** 
  18:.\Generated_Source\PSoC4/cyfitter_cfg.c **** #include <string.h>
  19:.\Generated_Source\PSoC4/cyfitter_cfg.c **** #include "cytypes.h"
  20:.\Generated_Source\PSoC4/cyfitter_cfg.c **** #include "cydevice_trm.h"
  21:.\Generated_Source\PSoC4/cyfitter_cfg.c **** #include "cyfitter.h"
  22:.\Generated_Source\PSoC4/cyfitter_cfg.c **** #include "CyLib.h"
  23:.\Generated_Source\PSoC4/cyfitter_cfg.c **** #include "CyLFClk.h"
  24:.\Generated_Source\PSoC4/cyfitter_cfg.c **** #include "cyfitter_cfg.h"
  25:.\Generated_Source\PSoC4/cyfitter_cfg.c **** 
  26:.\Generated_Source\PSoC4/cyfitter_cfg.c **** 
  27:.\Generated_Source\PSoC4/cyfitter_cfg.c **** #if defined(__GNUC__) || defined(__ARMCC_VERSION)
  28:.\Generated_Source\PSoC4/cyfitter_cfg.c ****     #define CYPACKED 
  29:.\Generated_Source\PSoC4/cyfitter_cfg.c ****     #define CYPACKED_ATTR __attribute__ ((packed))
  30:.\Generated_Source\PSoC4/cyfitter_cfg.c ****     #define CYALIGNED __attribute__ ((aligned))
  31:.\Generated_Source\PSoC4/cyfitter_cfg.c ****     #define CY_CFG_UNUSED __attribute__ ((unused))
  32:.\Generated_Source\PSoC4/cyfitter_cfg.c ****     #ifndef CY_CFG_SECTION
  33:.\Generated_Source\PSoC4/cyfitter_cfg.c ****         #define CY_CFG_SECTION __attribute__ ((section(".psocinit")))
ARM GAS  C:\Users\Chris\AppData\Local\Temp\ccqYm0VS.s 			page 2


  34:.\Generated_Source\PSoC4/cyfitter_cfg.c ****     #endif
  35:.\Generated_Source\PSoC4/cyfitter_cfg.c ****     
  36:.\Generated_Source\PSoC4/cyfitter_cfg.c ****     #if defined(__ARMCC_VERSION)
  37:.\Generated_Source\PSoC4/cyfitter_cfg.c ****         #define CY_CFG_MEMORY_BARRIER() __memory_changed()
  38:.\Generated_Source\PSoC4/cyfitter_cfg.c ****     #else
  39:.\Generated_Source\PSoC4/cyfitter_cfg.c ****         #define CY_CFG_MEMORY_BARRIER() __sync_synchronize()
  40:.\Generated_Source\PSoC4/cyfitter_cfg.c ****     #endif
  41:.\Generated_Source\PSoC4/cyfitter_cfg.c ****     
  42:.\Generated_Source\PSoC4/cyfitter_cfg.c **** #elif defined(__ICCARM__)
  43:.\Generated_Source\PSoC4/cyfitter_cfg.c ****     #include <intrinsics.h>
  44:.\Generated_Source\PSoC4/cyfitter_cfg.c **** 
  45:.\Generated_Source\PSoC4/cyfitter_cfg.c ****     #define CYPACKED __packed
  46:.\Generated_Source\PSoC4/cyfitter_cfg.c ****     #define CYPACKED_ATTR 
  47:.\Generated_Source\PSoC4/cyfitter_cfg.c ****     #define CYALIGNED _Pragma("data_alignment=4")
  48:.\Generated_Source\PSoC4/cyfitter_cfg.c ****     #define CY_CFG_UNUSED _Pragma("diag_suppress=Pe177")
  49:.\Generated_Source\PSoC4/cyfitter_cfg.c ****     #define CY_CFG_SECTION _Pragma("location=\".psocinit\"")
  50:.\Generated_Source\PSoC4/cyfitter_cfg.c ****     
  51:.\Generated_Source\PSoC4/cyfitter_cfg.c ****     #define CY_CFG_MEMORY_BARRIER() __DMB()
  52:.\Generated_Source\PSoC4/cyfitter_cfg.c ****     
  53:.\Generated_Source\PSoC4/cyfitter_cfg.c **** #else
  54:.\Generated_Source\PSoC4/cyfitter_cfg.c ****     #error Unsupported toolchain
  55:.\Generated_Source\PSoC4/cyfitter_cfg.c **** #endif
  56:.\Generated_Source\PSoC4/cyfitter_cfg.c **** 
  57:.\Generated_Source\PSoC4/cyfitter_cfg.c **** 
  58:.\Generated_Source\PSoC4/cyfitter_cfg.c **** CY_CFG_UNUSED
  59:.\Generated_Source\PSoC4/cyfitter_cfg.c **** static void CYMEMZERO(void *s, size_t n);
  60:.\Generated_Source\PSoC4/cyfitter_cfg.c **** CY_CFG_UNUSED
  61:.\Generated_Source\PSoC4/cyfitter_cfg.c **** static void CYMEMZERO(void *s, size_t n)
  62:.\Generated_Source\PSoC4/cyfitter_cfg.c **** {
  63:.\Generated_Source\PSoC4/cyfitter_cfg.c **** 	(void)memset(s, 0, n);
  64:.\Generated_Source\PSoC4/cyfitter_cfg.c **** }
  65:.\Generated_Source\PSoC4/cyfitter_cfg.c **** CY_CFG_UNUSED
  66:.\Generated_Source\PSoC4/cyfitter_cfg.c **** static void CYCONFIGCPY(void *dest, const void *src, size_t n);
  67:.\Generated_Source\PSoC4/cyfitter_cfg.c **** CY_CFG_UNUSED
  68:.\Generated_Source\PSoC4/cyfitter_cfg.c **** static void CYCONFIGCPY(void *dest, const void *src, size_t n)
  69:.\Generated_Source\PSoC4/cyfitter_cfg.c **** {
  70:.\Generated_Source\PSoC4/cyfitter_cfg.c **** 	(void)memcpy(dest, src, n);
  71:.\Generated_Source\PSoC4/cyfitter_cfg.c **** }
  72:.\Generated_Source\PSoC4/cyfitter_cfg.c **** CY_CFG_UNUSED
  73:.\Generated_Source\PSoC4/cyfitter_cfg.c **** static void CYCONFIGCPYCODE(void *dest, const void *src, size_t n);
  74:.\Generated_Source\PSoC4/cyfitter_cfg.c **** CY_CFG_UNUSED
  75:.\Generated_Source\PSoC4/cyfitter_cfg.c **** static void CYCONFIGCPYCODE(void *dest, const void *src, size_t n)
  76:.\Generated_Source\PSoC4/cyfitter_cfg.c **** {
  77:.\Generated_Source\PSoC4/cyfitter_cfg.c **** 	(void)memcpy(dest, src, n);
  78:.\Generated_Source\PSoC4/cyfitter_cfg.c **** }
  79:.\Generated_Source\PSoC4/cyfitter_cfg.c **** 
  80:.\Generated_Source\PSoC4/cyfitter_cfg.c **** 
  81:.\Generated_Source\PSoC4/cyfitter_cfg.c **** 
  82:.\Generated_Source\PSoC4/cyfitter_cfg.c **** /* Clock startup error codes                                                   */
  83:.\Generated_Source\PSoC4/cyfitter_cfg.c **** #define CYCLOCKSTART_NO_ERROR    0u
  84:.\Generated_Source\PSoC4/cyfitter_cfg.c **** #define CYCLOCKSTART_XTAL_ERROR  1u
  85:.\Generated_Source\PSoC4/cyfitter_cfg.c **** #define CYCLOCKSTART_32KHZ_ERROR 2u
  86:.\Generated_Source\PSoC4/cyfitter_cfg.c **** #define CYCLOCKSTART_PLL_ERROR   3u
  87:.\Generated_Source\PSoC4/cyfitter_cfg.c **** 
  88:.\Generated_Source\PSoC4/cyfitter_cfg.c **** #ifdef CY_NEED_CYCLOCKSTARTUPERROR
  89:.\Generated_Source\PSoC4/cyfitter_cfg.c **** /*******************************************************************************
  90:.\Generated_Source\PSoC4/cyfitter_cfg.c **** * Function Name: CyClockStartupError
ARM GAS  C:\Users\Chris\AppData\Local\Temp\ccqYm0VS.s 			page 3


  91:.\Generated_Source\PSoC4/cyfitter_cfg.c **** ********************************************************************************
  92:.\Generated_Source\PSoC4/cyfitter_cfg.c **** * Summary:
  93:.\Generated_Source\PSoC4/cyfitter_cfg.c **** *  If an error is encountered during clock configuration (crystal startup error,
  94:.\Generated_Source\PSoC4/cyfitter_cfg.c **** *  PLL lock error, etc.), the system will end up here.  Unless reimplemented by
  95:.\Generated_Source\PSoC4/cyfitter_cfg.c **** *  the customer, this function will stop in an infinite loop.
  96:.\Generated_Source\PSoC4/cyfitter_cfg.c **** *
  97:.\Generated_Source\PSoC4/cyfitter_cfg.c **** * Parameters:
  98:.\Generated_Source\PSoC4/cyfitter_cfg.c **** *   void
  99:.\Generated_Source\PSoC4/cyfitter_cfg.c **** *
 100:.\Generated_Source\PSoC4/cyfitter_cfg.c **** * Return:
 101:.\Generated_Source\PSoC4/cyfitter_cfg.c **** *   void
 102:.\Generated_Source\PSoC4/cyfitter_cfg.c **** *
 103:.\Generated_Source\PSoC4/cyfitter_cfg.c **** *******************************************************************************/
 104:.\Generated_Source\PSoC4/cyfitter_cfg.c **** CY_CFG_UNUSED
 105:.\Generated_Source\PSoC4/cyfitter_cfg.c **** static void CyClockStartupError(uint8 errorCode);
 106:.\Generated_Source\PSoC4/cyfitter_cfg.c **** CY_CFG_UNUSED
 107:.\Generated_Source\PSoC4/cyfitter_cfg.c **** static void CyClockStartupError(uint8 errorCode)
 108:.\Generated_Source\PSoC4/cyfitter_cfg.c **** {
 109:.\Generated_Source\PSoC4/cyfitter_cfg.c ****     /* To remove the compiler warning if errorCode not used.                */
 110:.\Generated_Source\PSoC4/cyfitter_cfg.c ****     errorCode = errorCode;
 111:.\Generated_Source\PSoC4/cyfitter_cfg.c **** 
 112:.\Generated_Source\PSoC4/cyfitter_cfg.c ****     /* `#START CyClockStartupError` */
 113:.\Generated_Source\PSoC4/cyfitter_cfg.c **** 
 114:.\Generated_Source\PSoC4/cyfitter_cfg.c ****     /* If we have a clock startup error (bad MHz crystal, PLL lock, etc.),  */
 115:.\Generated_Source\PSoC4/cyfitter_cfg.c ****     /* we will end up here to allow the customer to implement something to  */
 116:.\Generated_Source\PSoC4/cyfitter_cfg.c ****     /* deal with the clock condition.                                       */
 117:.\Generated_Source\PSoC4/cyfitter_cfg.c **** 
 118:.\Generated_Source\PSoC4/cyfitter_cfg.c ****     /* `#END` */
 119:.\Generated_Source\PSoC4/cyfitter_cfg.c **** 
 120:.\Generated_Source\PSoC4/cyfitter_cfg.c ****     /* If nothing else, stop here since the clocks have not started         */
 121:.\Generated_Source\PSoC4/cyfitter_cfg.c ****     /* correctly.                                                           */
 122:.\Generated_Source\PSoC4/cyfitter_cfg.c ****     while(1) {}
 123:.\Generated_Source\PSoC4/cyfitter_cfg.c **** }
 124:.\Generated_Source\PSoC4/cyfitter_cfg.c **** #endif
 125:.\Generated_Source\PSoC4/cyfitter_cfg.c **** 
 126:.\Generated_Source\PSoC4/cyfitter_cfg.c **** #define CY_CFG_BASE_ADDR_COUNT 6u
 127:.\Generated_Source\PSoC4/cyfitter_cfg.c **** CYPACKED typedef struct
 128:.\Generated_Source\PSoC4/cyfitter_cfg.c **** {
 129:.\Generated_Source\PSoC4/cyfitter_cfg.c **** 	uint8 offset;
 130:.\Generated_Source\PSoC4/cyfitter_cfg.c **** 	uint8 value;
 131:.\Generated_Source\PSoC4/cyfitter_cfg.c **** } CYPACKED_ATTR cy_cfg_addrvalue_t;
 132:.\Generated_Source\PSoC4/cyfitter_cfg.c **** 
 133:.\Generated_Source\PSoC4/cyfitter_cfg.c **** 
 134:.\Generated_Source\PSoC4/cyfitter_cfg.c **** 
 135:.\Generated_Source\PSoC4/cyfitter_cfg.c **** /*******************************************************************************
 136:.\Generated_Source\PSoC4/cyfitter_cfg.c **** * Function Name: cfg_write_bytes32
 137:.\Generated_Source\PSoC4/cyfitter_cfg.c **** ********************************************************************************
 138:.\Generated_Source\PSoC4/cyfitter_cfg.c **** * Summary:
 139:.\Generated_Source\PSoC4/cyfitter_cfg.c **** *  This function is used for setting up the chip configuration areas that
 140:.\Generated_Source\PSoC4/cyfitter_cfg.c **** *  contain relatively sparse data.
 141:.\Generated_Source\PSoC4/cyfitter_cfg.c **** *
 142:.\Generated_Source\PSoC4/cyfitter_cfg.c **** * Parameters:
 143:.\Generated_Source\PSoC4/cyfitter_cfg.c **** *   void
 144:.\Generated_Source\PSoC4/cyfitter_cfg.c **** *
 145:.\Generated_Source\PSoC4/cyfitter_cfg.c **** * Return:
 146:.\Generated_Source\PSoC4/cyfitter_cfg.c **** *   void
 147:.\Generated_Source\PSoC4/cyfitter_cfg.c **** *
ARM GAS  C:\Users\Chris\AppData\Local\Temp\ccqYm0VS.s 			page 4


 148:.\Generated_Source\PSoC4/cyfitter_cfg.c **** *******************************************************************************/
 149:.\Generated_Source\PSoC4/cyfitter_cfg.c **** static void cfg_write_bytes32(const uint32 addr_table[], const cy_cfg_addrvalue_t data_table[]);
 150:.\Generated_Source\PSoC4/cyfitter_cfg.c **** static void cfg_write_bytes32(const uint32 addr_table[], const cy_cfg_addrvalue_t data_table[])
 151:.\Generated_Source\PSoC4/cyfitter_cfg.c **** {
  25              		.loc 1 151 0
  26              		.cfi_startproc
  27              	.LVL0:
  28 0000 F0B5     		push	{r4, r5, r6, r7, lr}
  29              		.cfi_def_cfa_offset 20
  30              		.cfi_offset 4, -20
  31              		.cfi_offset 5, -16
  32              		.cfi_offset 6, -12
  33              		.cfi_offset 7, -8
  34              		.cfi_offset 14, -4
  35              	.LVL1:
 152:.\Generated_Source\PSoC4/cyfitter_cfg.c **** 	/* For 32-bit little-endian architectures */
 153:.\Generated_Source\PSoC4/cyfitter_cfg.c **** 	uint32 i, j = 0u;
  36              		.loc 1 153 0
  37 0002 0025     		mov	r5, #0
 154:.\Generated_Source\PSoC4/cyfitter_cfg.c **** 	for (i = 0u; i < CY_CFG_BASE_ADDR_COUNT; i++)
  38              		.loc 1 154 0
  39 0004 0027     		mov	r7, #0
  40 0006 11E0     		b	.L2
  41              	.LVL2:
  42              	.L5:
  43              	.LBB2:
 155:.\Generated_Source\PSoC4/cyfitter_cfg.c **** 	{
 156:.\Generated_Source\PSoC4/cyfitter_cfg.c **** 		uint32 baseAddr = addr_table[i];
  44              		.loc 1 156 0
  45 0008 BB00     		lsl	r3, r7, #2
  46 000a C658     		ldr	r6, [r0, r3]
  47              	.LVL3:
 157:.\Generated_Source\PSoC4/cyfitter_cfg.c **** 		uint8 count = (uint8)baseAddr;
  48              		.loc 1 157 0
  49 000c F3B2     		uxtb	r3, r6
  50              	.LVL4:
 158:.\Generated_Source\PSoC4/cyfitter_cfg.c **** 		baseAddr &= 0xFFFFFF00u;
  51              		.loc 1 158 0
  52 000e FF22     		mov	r2, #255
  53 0010 9643     		bic	r6, r2
  54              	.LVL5:
 159:.\Generated_Source\PSoC4/cyfitter_cfg.c **** 		while (count != 0u)
  55              		.loc 1 159 0
  56 0012 08E0     		b	.L3
  57              	.L4:
 160:.\Generated_Source\PSoC4/cyfitter_cfg.c **** 		{
 161:.\Generated_Source\PSoC4/cyfitter_cfg.c **** 			CY_SET_XTND_REG8((void CYFAR *)(baseAddr + data_table[j].offset), data_table[j].value);
  58              		.loc 1 161 0
  59 0014 6A00     		lsl	r2, r5, #1
  60 0016 8A18     		add	r2, r1, r2
  61 0018 1478     		ldrb	r4, [r2]
  62 001a A419     		add	r4, r4, r6
  63 001c 5278     		ldrb	r2, [r2, #1]
  64 001e 2270     		strb	r2, [r4]
 162:.\Generated_Source\PSoC4/cyfitter_cfg.c **** 			j++;
  65              		.loc 1 162 0
  66 0020 0135     		add	r5, r5, #1
ARM GAS  C:\Users\Chris\AppData\Local\Temp\ccqYm0VS.s 			page 5


  67              	.LVL6:
 163:.\Generated_Source\PSoC4/cyfitter_cfg.c **** 			count--;
  68              		.loc 1 163 0
  69 0022 013B     		sub	r3, r3, #1
  70              	.LVL7:
  71 0024 DBB2     		uxtb	r3, r3
  72              	.LVL8:
  73              	.L3:
 159:.\Generated_Source\PSoC4/cyfitter_cfg.c **** 		{
  74              		.loc 1 159 0
  75 0026 002B     		cmp	r3, #0
  76 0028 F4D1     		bne	.L4
  77              	.LBE2:
 154:.\Generated_Source\PSoC4/cyfitter_cfg.c **** 	{
  78              		.loc 1 154 0 discriminator 2
  79 002a 0137     		add	r7, r7, #1
  80              	.LVL9:
  81              	.L2:
 154:.\Generated_Source\PSoC4/cyfitter_cfg.c **** 	{
  82              		.loc 1 154 0 is_stmt 0 discriminator 1
  83 002c 052F     		cmp	r7, #5
  84 002e EBD9     		bls	.L5
 164:.\Generated_Source\PSoC4/cyfitter_cfg.c **** 		}
 165:.\Generated_Source\PSoC4/cyfitter_cfg.c **** 	}
 166:.\Generated_Source\PSoC4/cyfitter_cfg.c **** }
  85              		.loc 1 166 0 is_stmt 1
  86              		@ sp needed
  87              	.LVL10:
  88              	.LVL11:
  89 0030 F0BD     		pop	{r4, r5, r6, r7, pc}
  90              		.cfi_endproc
  91              	.LFE3:
  92              		.size	cfg_write_bytes32, .-cfg_write_bytes32
  93 0032 C046     		.section	.text.CYMEMZERO,"ax",%progbits
  94              		.align	2
  95              		.code	16
  96              		.thumb_func
  97              		.type	CYMEMZERO, %function
  98              	CYMEMZERO:
  99              	.LFB0:
  62:.\Generated_Source\PSoC4/cyfitter_cfg.c **** 	(void)memset(s, 0, n);
 100              		.loc 1 62 0
 101              		.cfi_startproc
 102              	.LVL12:
 103 0000 08B5     		push	{r3, lr}
 104              		.cfi_def_cfa_offset 8
 105              		.cfi_offset 3, -8
 106              		.cfi_offset 14, -4
 107 0002 0A1C     		mov	r2, r1
  63:.\Generated_Source\PSoC4/cyfitter_cfg.c **** }
 108              		.loc 1 63 0
 109 0004 0021     		mov	r1, #0
 110              	.LVL13:
 111 0006 FFF7FEFF 		bl	memset
 112              	.LVL14:
  64:.\Generated_Source\PSoC4/cyfitter_cfg.c **** CY_CFG_UNUSED
 113              		.loc 1 64 0
ARM GAS  C:\Users\Chris\AppData\Local\Temp\ccqYm0VS.s 			page 6


 114              		@ sp needed
 115 000a 08BD     		pop	{r3, pc}
 116              		.cfi_endproc
 117              	.LFE0:
 118              		.size	CYMEMZERO, .-CYMEMZERO
 119              		.section	.psocinit,"ax",%progbits
 120              		.align	2
 121              		.code	16
 122              		.thumb_func
 123              		.type	ClockSetup, %function
 124              	ClockSetup:
 125              	.LFB4:
 167:.\Generated_Source\PSoC4/cyfitter_cfg.c **** 
 168:.\Generated_Source\PSoC4/cyfitter_cfg.c **** 
 169:.\Generated_Source\PSoC4/cyfitter_cfg.c **** /*******************************************************************************
 170:.\Generated_Source\PSoC4/cyfitter_cfg.c **** * Function Name: ClockSetup
 171:.\Generated_Source\PSoC4/cyfitter_cfg.c **** ********************************************************************************
 172:.\Generated_Source\PSoC4/cyfitter_cfg.c **** *
 173:.\Generated_Source\PSoC4/cyfitter_cfg.c **** * Summary:
 174:.\Generated_Source\PSoC4/cyfitter_cfg.c **** *   Performs the initialization of all of the clocks in the device based on the
 175:.\Generated_Source\PSoC4/cyfitter_cfg.c **** *   settings in the Clock tab of the DWR.  This includes enabling the requested
 176:.\Generated_Source\PSoC4/cyfitter_cfg.c **** *   clocks and setting the necessary dividers to produce the desired frequency. 
 177:.\Generated_Source\PSoC4/cyfitter_cfg.c **** *
 178:.\Generated_Source\PSoC4/cyfitter_cfg.c **** * Parameters:
 179:.\Generated_Source\PSoC4/cyfitter_cfg.c **** *   void
 180:.\Generated_Source\PSoC4/cyfitter_cfg.c **** *
 181:.\Generated_Source\PSoC4/cyfitter_cfg.c **** * Return:
 182:.\Generated_Source\PSoC4/cyfitter_cfg.c **** *   void
 183:.\Generated_Source\PSoC4/cyfitter_cfg.c **** *
 184:.\Generated_Source\PSoC4/cyfitter_cfg.c **** *******************************************************************************/
 185:.\Generated_Source\PSoC4/cyfitter_cfg.c **** static void ClockSetup(void);
 186:.\Generated_Source\PSoC4/cyfitter_cfg.c **** CY_CFG_SECTION
 187:.\Generated_Source\PSoC4/cyfitter_cfg.c **** static void ClockSetup(void)
 188:.\Generated_Source\PSoC4/cyfitter_cfg.c **** {
 126              		.loc 1 188 0
 127              		.cfi_startproc
 128 0000 38B5     		push	{r3, r4, r5, lr}
 129              		.cfi_def_cfa_offset 16
 130              		.cfi_offset 3, -16
 131              		.cfi_offset 4, -12
 132              		.cfi_offset 5, -8
 133              		.cfi_offset 14, -4
 189:.\Generated_Source\PSoC4/cyfitter_cfg.c **** 	/* Enable HALF_EN before trimming for the flash accelerator. */
 190:.\Generated_Source\PSoC4/cyfitter_cfg.c **** 	CY_SET_REG32((void CYXDATA *)(CYREG_CLK_SELECT), (CY_GET_REG32((void *)CYREG_CLK_SELECT) | 0x00040
 134              		.loc 1 190 0
 135 0002 134C     		ldr	r4, .L8
 136 0004 2368     		ldr	r3, [r4]
 137 0006 8022     		mov	r2, #128
 138 0008 D202     		lsl	r2, r2, #11
 139 000a 1343     		orr	r3, r2
 140 000c 2360     		str	r3, [r4]
 191:.\Generated_Source\PSoC4/cyfitter_cfg.c **** 
 192:.\Generated_Source\PSoC4/cyfitter_cfg.c **** 	/* Setup and trim IMO based on desired frequency. */
 193:.\Generated_Source\PSoC4/cyfitter_cfg.c **** 	CySysClkWriteImoFreq(24u);
 141              		.loc 1 193 0
 142 000e 1820     		mov	r0, #24
 143 0010 FFF7FEFF 		bl	CySysClkWriteImoFreq
ARM GAS  C:\Users\Chris\AppData\Local\Temp\ccqYm0VS.s 			page 7


 144              	.LVL15:
 194:.\Generated_Source\PSoC4/cyfitter_cfg.c **** 
 195:.\Generated_Source\PSoC4/cyfitter_cfg.c **** 	/* Disable HALF_EN since it is not required at this IMO frequency. */
 196:.\Generated_Source\PSoC4/cyfitter_cfg.c **** 	CY_SET_REG32((void CYXDATA *)(CYREG_CLK_SELECT), (CY_GET_REG32((void *)CYREG_CLK_SELECT) & 0xFFFBF
 145              		.loc 1 196 0
 146 0014 2268     		ldr	r2, [r4]
 147 0016 0F4B     		ldr	r3, .L8+4
 148 0018 1340     		and	r3, r2
 149 001a 2360     		str	r3, [r4]
 197:.\Generated_Source\PSoC4/cyfitter_cfg.c **** 	/* CYDEV_CLK_ILO_CONFIG Starting address: CYDEV_CLK_ILO_CONFIG */
 198:.\Generated_Source\PSoC4/cyfitter_cfg.c **** 	CY_SET_XTND_REG32((void CYFAR *)(CYREG_CLK_ILO_CONFIG), 0x80000006u);
 150              		.loc 1 198 0
 151 001c 0E4A     		ldr	r2, .L8+8
 152 001e 0F4B     		ldr	r3, .L8+12
 153 0020 1A60     		str	r2, [r3]
 199:.\Generated_Source\PSoC4/cyfitter_cfg.c **** 
 200:.\Generated_Source\PSoC4/cyfitter_cfg.c **** 
 201:.\Generated_Source\PSoC4/cyfitter_cfg.c **** 	/* CYDEV_CLK_SELECT00 Starting address: CYDEV_CLK_SELECT00 */
 202:.\Generated_Source\PSoC4/cyfitter_cfg.c **** 	CY_SET_XTND_REG32((void CYFAR *)(CYREG_CLK_SELECT12), 0x00000010u);
 154              		.loc 1 202 0
 155 0022 1022     		mov	r2, #16
 156 0024 0E4B     		ldr	r3, .L8+16
 157 0026 1A60     		str	r2, [r3]
 203:.\Generated_Source\PSoC4/cyfitter_cfg.c **** 
 204:.\Generated_Source\PSoC4/cyfitter_cfg.c **** 	/* CYDEV_CLK_IMO_CONFIG Starting address: CYDEV_CLK_IMO_CONFIG */
 205:.\Generated_Source\PSoC4/cyfitter_cfg.c **** 	CY_SET_XTND_REG32((void CYFAR *)(CYREG_CLK_IMO_CONFIG), 0x80000000u);
 158              		.loc 1 205 0
 159 0028 8022     		mov	r2, #128
 160 002a 1206     		lsl	r2, r2, #24
 161 002c 0D4B     		ldr	r3, .L8+20
 162 002e 1A60     		str	r2, [r3]
 206:.\Generated_Source\PSoC4/cyfitter_cfg.c **** 
 207:.\Generated_Source\PSoC4/cyfitter_cfg.c **** 	/* CYDEV_CLK_SELECT Starting address: CYDEV_CLK_SELECT */
 208:.\Generated_Source\PSoC4/cyfitter_cfg.c **** 	CY_SET_XTND_REG32((void CYFAR *)(CYREG_CLK_SELECT), 0x00000000u);
 163              		.loc 1 208 0
 164 0030 0025     		mov	r5, #0
 165 0032 2560     		str	r5, [r4]
 209:.\Generated_Source\PSoC4/cyfitter_cfg.c **** 
 210:.\Generated_Source\PSoC4/cyfitter_cfg.c **** 	/* CYDEV_CLK_DIVIDER_A00 Starting address: CYDEV_CLK_DIVIDER_A00 */
 211:.\Generated_Source\PSoC4/cyfitter_cfg.c **** 	CY_SET_XTND_REG32((void CYFAR *)(CYREG_CLK_DIVIDER_A00), 0x80000001u);
 166              		.loc 1 211 0
 167 0034 0C4A     		ldr	r2, .L8+24
 168 0036 0D4B     		ldr	r3, .L8+28
 169 0038 1A60     		str	r2, [r3]
 212:.\Generated_Source\PSoC4/cyfitter_cfg.c **** 
 213:.\Generated_Source\PSoC4/cyfitter_cfg.c **** 	(void)CyIntSetVector(9u, &CySysWdtIsr);
 170              		.loc 1 213 0
 171 003a 0920     		mov	r0, #9
 172 003c 0C49     		ldr	r1, .L8+32
 173 003e FFF7FEFF 		bl	CyIntSetVector
 174              	.LVL16:
 214:.\Generated_Source\PSoC4/cyfitter_cfg.c **** 	CyIntEnable(9u);
 175              		.loc 1 214 0
 176 0042 0920     		mov	r0, #9
 177 0044 FFF7FEFF 		bl	CyIntEnable
 178              	.LVL17:
 215:.\Generated_Source\PSoC4/cyfitter_cfg.c **** 	CY_SET_XTND_REG32((void CYFAR *)(CYREG_WDT_CONFIG), 0x00000000u);
ARM GAS  C:\Users\Chris\AppData\Local\Temp\ccqYm0VS.s 			page 8


 179              		.loc 1 215 0
 180 0048 0A4B     		ldr	r3, .L8+36
 181 004a 1D60     		str	r5, [r3]
 216:.\Generated_Source\PSoC4/cyfitter_cfg.c **** }
 182              		.loc 1 216 0
 183              		@ sp needed
 184 004c 38BD     		pop	{r3, r4, r5, pc}
 185              	.L9:
 186 004e C046     		.align	2
 187              	.L8:
 188 0050 00010B40 		.word	1074462976
 189 0054 FFFFFBFF 		.word	-262145
 190 0058 06000080 		.word	-2147483642
 191 005c 04010B40 		.word	1074462980
 192 0060 30020240 		.word	1073873456
 193 0064 08010B40 		.word	1074462984
 194 0068 01000080 		.word	-2147483647
 195 006c 00000240 		.word	1073872896
 196 0070 00000000 		.word	CySysWdtIsr
 197 0074 0C020B40 		.word	1074463244
 198              		.cfi_endproc
 199              	.LFE4:
 200              		.size	ClockSetup, .-ClockSetup
 201              		.align	2
 202              		.global	cyfitter_cfg
 203              		.code	16
 204              		.thumb_func
 205              		.type	cyfitter_cfg, %function
 206              	cyfitter_cfg:
 207              	.LFB6:
 217:.\Generated_Source\PSoC4/cyfitter_cfg.c **** 
 218:.\Generated_Source\PSoC4/cyfitter_cfg.c **** 
 219:.\Generated_Source\PSoC4/cyfitter_cfg.c **** /* Analog API Functions */
 220:.\Generated_Source\PSoC4/cyfitter_cfg.c **** 
 221:.\Generated_Source\PSoC4/cyfitter_cfg.c **** 
 222:.\Generated_Source\PSoC4/cyfitter_cfg.c **** /*******************************************************************************
 223:.\Generated_Source\PSoC4/cyfitter_cfg.c **** * Function Name: AnalogSetDefault
 224:.\Generated_Source\PSoC4/cyfitter_cfg.c **** ********************************************************************************
 225:.\Generated_Source\PSoC4/cyfitter_cfg.c **** *
 226:.\Generated_Source\PSoC4/cyfitter_cfg.c **** * Summary:
 227:.\Generated_Source\PSoC4/cyfitter_cfg.c **** *  Sets up the analog portions of the chip to default values based on chip
 228:.\Generated_Source\PSoC4/cyfitter_cfg.c **** *  configuration options from the project.
 229:.\Generated_Source\PSoC4/cyfitter_cfg.c **** *
 230:.\Generated_Source\PSoC4/cyfitter_cfg.c **** * Parameters:
 231:.\Generated_Source\PSoC4/cyfitter_cfg.c **** *  void
 232:.\Generated_Source\PSoC4/cyfitter_cfg.c **** *
 233:.\Generated_Source\PSoC4/cyfitter_cfg.c **** * Return:
 234:.\Generated_Source\PSoC4/cyfitter_cfg.c **** *  void
 235:.\Generated_Source\PSoC4/cyfitter_cfg.c **** *
 236:.\Generated_Source\PSoC4/cyfitter_cfg.c **** *******************************************************************************/
 237:.\Generated_Source\PSoC4/cyfitter_cfg.c **** static void AnalogSetDefault(void);
 238:.\Generated_Source\PSoC4/cyfitter_cfg.c **** static void AnalogSetDefault(void)
 239:.\Generated_Source\PSoC4/cyfitter_cfg.c **** {
 240:.\Generated_Source\PSoC4/cyfitter_cfg.c **** }
 241:.\Generated_Source\PSoC4/cyfitter_cfg.c **** 
 242:.\Generated_Source\PSoC4/cyfitter_cfg.c **** #define CY_AMUX_UNUSED CYREG_CM0_ROM_DWT
 243:.\Generated_Source\PSoC4/cyfitter_cfg.c **** 
ARM GAS  C:\Users\Chris\AppData\Local\Temp\ccqYm0VS.s 			page 9


 244:.\Generated_Source\PSoC4/cyfitter_cfg.c **** 
 245:.\Generated_Source\PSoC4/cyfitter_cfg.c **** /*******************************************************************************
 246:.\Generated_Source\PSoC4/cyfitter_cfg.c **** * Function Name: cyfitter_cfg
 247:.\Generated_Source\PSoC4/cyfitter_cfg.c **** ********************************************************************************
 248:.\Generated_Source\PSoC4/cyfitter_cfg.c **** * Summary:
 249:.\Generated_Source\PSoC4/cyfitter_cfg.c **** *  This function is called by the start-up code for the selected device. It
 250:.\Generated_Source\PSoC4/cyfitter_cfg.c **** *  performs all of the necessary device configuration based on the design
 251:.\Generated_Source\PSoC4/cyfitter_cfg.c **** *  settings.  This includes settings from the Design Wide Resources (DWR) such
 252:.\Generated_Source\PSoC4/cyfitter_cfg.c **** *  as Clocks and Pins as well as any component configuration that is necessary.
 253:.\Generated_Source\PSoC4/cyfitter_cfg.c **** *
 254:.\Generated_Source\PSoC4/cyfitter_cfg.c **** * Parameters:  
 255:.\Generated_Source\PSoC4/cyfitter_cfg.c **** *   void
 256:.\Generated_Source\PSoC4/cyfitter_cfg.c **** *
 257:.\Generated_Source\PSoC4/cyfitter_cfg.c **** * Return:
 258:.\Generated_Source\PSoC4/cyfitter_cfg.c **** *   void
 259:.\Generated_Source\PSoC4/cyfitter_cfg.c **** *
 260:.\Generated_Source\PSoC4/cyfitter_cfg.c **** *******************************************************************************/
 261:.\Generated_Source\PSoC4/cyfitter_cfg.c **** CY_CFG_SECTION
 262:.\Generated_Source\PSoC4/cyfitter_cfg.c **** void cyfitter_cfg(void)
 263:.\Generated_Source\PSoC4/cyfitter_cfg.c **** {
 208              		.loc 1 263 0
 209              		.cfi_startproc
 210 0078 10B5     		push	{r4, lr}
 211              		.cfi_def_cfa_offset 8
 212              		.cfi_offset 4, -8
 213              		.cfi_offset 14, -4
 264:.\Generated_Source\PSoC4/cyfitter_cfg.c **** 	/* Disable interrupts by default. Let user enable if/when they want. */
 265:.\Generated_Source\PSoC4/cyfitter_cfg.c **** 	CyGlobalIntDisable;
 214              		.loc 1 265 0
 215              	@ 265 ".\Generated_Source\PSoC4\cyfitter_cfg.c" 1
 216 007a 72B6     		CPSID   i
 217              	@ 0 "" 2
 218              	.LVL18:
 219              		.code	16
 220              	.LBB3:
 266:.\Generated_Source\PSoC4/cyfitter_cfg.c **** 
 267:.\Generated_Source\PSoC4/cyfitter_cfg.c **** 	{
 268:.\Generated_Source\PSoC4/cyfitter_cfg.c **** 		static const uint32 CYCODE cy_cfg_addr_table[] = {
 269:.\Generated_Source\PSoC4/cyfitter_cfg.c **** 			0x400F3007u, /* Base address: 0x400F3000 Count: 7 */
 270:.\Generated_Source\PSoC4/cyfitter_cfg.c **** 			0x400F3106u, /* Base address: 0x400F3100 Count: 6 */
 271:.\Generated_Source\PSoC4/cyfitter_cfg.c **** 			0x400F3304u, /* Base address: 0x400F3300 Count: 4 */
 272:.\Generated_Source\PSoC4/cyfitter_cfg.c **** 			0x400F4006u, /* Base address: 0x400F4000 Count: 6 */
 273:.\Generated_Source\PSoC4/cyfitter_cfg.c **** 			0x400F4104u, /* Base address: 0x400F4100 Count: 4 */
 274:.\Generated_Source\PSoC4/cyfitter_cfg.c **** 			0x400F6002u, /* Base address: 0x400F6000 Count: 2 */
 275:.\Generated_Source\PSoC4/cyfitter_cfg.c **** 		};
 276:.\Generated_Source\PSoC4/cyfitter_cfg.c **** 
 277:.\Generated_Source\PSoC4/cyfitter_cfg.c **** 		static const cy_cfg_addrvalue_t CYCODE cy_cfg_data_table[] = {
 278:.\Generated_Source\PSoC4/cyfitter_cfg.c **** 			{0x80u, 0x02u},
 279:.\Generated_Source\PSoC4/cyfitter_cfg.c **** 			{0x8Eu, 0x01u},
 280:.\Generated_Source\PSoC4/cyfitter_cfg.c **** 			{0xB0u, 0x01u},
 281:.\Generated_Source\PSoC4/cyfitter_cfg.c **** 			{0xB4u, 0x02u},
 282:.\Generated_Source\PSoC4/cyfitter_cfg.c **** 			{0xBEu, 0x10u},
 283:.\Generated_Source\PSoC4/cyfitter_cfg.c **** 			{0xD8u, 0x04u},
 284:.\Generated_Source\PSoC4/cyfitter_cfg.c **** 			{0xDFu, 0x01u},
 285:.\Generated_Source\PSoC4/cyfitter_cfg.c **** 			{0x04u, 0x40u},
 286:.\Generated_Source\PSoC4/cyfitter_cfg.c **** 			{0x05u, 0x01u},
 287:.\Generated_Source\PSoC4/cyfitter_cfg.c **** 			{0x1Du, 0x01u},
ARM GAS  C:\Users\Chris\AppData\Local\Temp\ccqYm0VS.s 			page 10


 288:.\Generated_Source\PSoC4/cyfitter_cfg.c **** 			{0x1Fu, 0x20u},
 289:.\Generated_Source\PSoC4/cyfitter_cfg.c **** 			{0x80u, 0x40u},
 290:.\Generated_Source\PSoC4/cyfitter_cfg.c **** 			{0xC0u, 0x90u},
 291:.\Generated_Source\PSoC4/cyfitter_cfg.c **** 			{0xB5u, 0x01u},
 292:.\Generated_Source\PSoC4/cyfitter_cfg.c **** 			{0xB7u, 0x20u},
 293:.\Generated_Source\PSoC4/cyfitter_cfg.c **** 			{0xEAu, 0x40u},
 294:.\Generated_Source\PSoC4/cyfitter_cfg.c **** 			{0xEEu, 0x40u},
 295:.\Generated_Source\PSoC4/cyfitter_cfg.c **** 			{0x0Fu, 0x08u},
 296:.\Generated_Source\PSoC4/cyfitter_cfg.c **** 			{0x57u, 0x80u},
 297:.\Generated_Source\PSoC4/cyfitter_cfg.c **** 			{0x83u, 0x04u},
 298:.\Generated_Source\PSoC4/cyfitter_cfg.c **** 			{0xC2u, 0x80u},
 299:.\Generated_Source\PSoC4/cyfitter_cfg.c **** 			{0xD4u, 0x40u},
 300:.\Generated_Source\PSoC4/cyfitter_cfg.c **** 			{0xE4u, 0x20u},
 301:.\Generated_Source\PSoC4/cyfitter_cfg.c **** 			{0x5Fu, 0x08u},
 302:.\Generated_Source\PSoC4/cyfitter_cfg.c **** 			{0x9Bu, 0x08u},
 303:.\Generated_Source\PSoC4/cyfitter_cfg.c **** 			{0xB7u, 0x88u},
 304:.\Generated_Source\PSoC4/cyfitter_cfg.c **** 			{0xD6u, 0x80u},
 305:.\Generated_Source\PSoC4/cyfitter_cfg.c **** 			{0x01u, 0x01u},
 306:.\Generated_Source\PSoC4/cyfitter_cfg.c **** 			{0x10u, 0x01u},
 307:.\Generated_Source\PSoC4/cyfitter_cfg.c **** 		};
 308:.\Generated_Source\PSoC4/cyfitter_cfg.c **** 
 309:.\Generated_Source\PSoC4/cyfitter_cfg.c **** 
 310:.\Generated_Source\PSoC4/cyfitter_cfg.c **** 
 311:.\Generated_Source\PSoC4/cyfitter_cfg.c **** 		CYPACKED typedef struct {
 312:.\Generated_Source\PSoC4/cyfitter_cfg.c **** 			void CYFAR *address;
 313:.\Generated_Source\PSoC4/cyfitter_cfg.c **** 			uint16 size;
 314:.\Generated_Source\PSoC4/cyfitter_cfg.c **** 		} CYPACKED_ATTR cfg_memset_t;
 315:.\Generated_Source\PSoC4/cyfitter_cfg.c **** 
 316:.\Generated_Source\PSoC4/cyfitter_cfg.c **** 		static const cfg_memset_t CYCODE cfg_memset_list [] = {
 317:.\Generated_Source\PSoC4/cyfitter_cfg.c **** 			/* address, size */
 318:.\Generated_Source\PSoC4/cyfitter_cfg.c **** 			{(void CYFAR *)(CYDEV_UDB_P0_U0_BASE), 1024u},
 319:.\Generated_Source\PSoC4/cyfitter_cfg.c **** 			{(void CYFAR *)(CYDEV_UDB_DSI0_BASE), 1024u},
 320:.\Generated_Source\PSoC4/cyfitter_cfg.c **** 		};
 321:.\Generated_Source\PSoC4/cyfitter_cfg.c **** 
 322:.\Generated_Source\PSoC4/cyfitter_cfg.c **** 		uint8 CYDATA i;
 323:.\Generated_Source\PSoC4/cyfitter_cfg.c **** 
 324:.\Generated_Source\PSoC4/cyfitter_cfg.c **** 		/* Zero out critical memory blocks before beginning configuration */
 325:.\Generated_Source\PSoC4/cyfitter_cfg.c **** 		for (i = 0u; i < (sizeof(cfg_memset_list)/sizeof(cfg_memset_list[0])); i++)
 221              		.loc 1 325 0
 222 007c 0024     		mov	r4, #0
 223 007e 10E0     		b	.L11
 224              	.LVL19:
 225              	.L12:
 226              	.LBB4:
 326:.\Generated_Source\PSoC4/cyfitter_cfg.c **** 		{
 327:.\Generated_Source\PSoC4/cyfitter_cfg.c **** 			const cfg_memset_t CYCODE * CYDATA ms = &cfg_memset_list[i];
 328:.\Generated_Source\PSoC4/cyfitter_cfg.c **** 			CYMEMZERO(ms->address, (size_t)(uint32)(ms->size));
 227              		.loc 1 328 0 discriminator 3
 228 0080 2C48     		ldr	r0, .L13
 229 0082 6300     		lsl	r3, r4, #1
 230 0084 1A19     		add	r2, r3, r4
 231 0086 5200     		lsl	r2, r2, #1
 232 0088 8218     		add	r2, r0, r2
 233 008a 9188     		ldrh	r1, [r2, #4]
 234 008c 1B19     		add	r3, r3, r4
 235 008e 5B00     		lsl	r3, r3, #1
 236 0090 1A5A     		ldrh	r2, [r3, r0]
ARM GAS  C:\Users\Chris\AppData\Local\Temp\ccqYm0VS.s 			page 11


 237 0092 C318     		add	r3, r0, r3
 238 0094 5888     		ldrh	r0, [r3, #2]
 239 0096 0004     		lsl	r0, r0, #16
 240 0098 1043     		orr	r0, r2
 241 009a FFF7FEFF 		bl	CYMEMZERO
 242              	.LVL20:
 243              	.LBE4:
 325:.\Generated_Source\PSoC4/cyfitter_cfg.c **** 		{
 244              		.loc 1 325 0 discriminator 3
 245 009e 0134     		add	r4, r4, #1
 246              	.LVL21:
 247 00a0 E4B2     		uxtb	r4, r4
 248              	.LVL22:
 249              	.L11:
 325:.\Generated_Source\PSoC4/cyfitter_cfg.c **** 		{
 250              		.loc 1 325 0 is_stmt 0 discriminator 1
 251 00a2 012C     		cmp	r4, #1
 252 00a4 ECD9     		bls	.L12
 329:.\Generated_Source\PSoC4/cyfitter_cfg.c **** 		}
 330:.\Generated_Source\PSoC4/cyfitter_cfg.c **** 
 331:.\Generated_Source\PSoC4/cyfitter_cfg.c **** 		cfg_write_bytes32(cy_cfg_addr_table, cy_cfg_data_table);
 253              		.loc 1 331 0 is_stmt 1
 254 00a6 2349     		ldr	r1, .L13
 255 00a8 081C     		mov	r0, r1
 256 00aa 0C30     		add	r0, r0, #12
 257 00ac 2431     		add	r1, r1, #36
 258 00ae FFF7FEFF 		bl	cfg_write_bytes32
 259              	.LVL23:
 332:.\Generated_Source\PSoC4/cyfitter_cfg.c **** 
 333:.\Generated_Source\PSoC4/cyfitter_cfg.c **** 		/* HSIOM Starting address: CYDEV_HSIOM_BASE */
 334:.\Generated_Source\PSoC4/cyfitter_cfg.c **** 		CY_SET_XTND_REG32((void CYFAR *)(CYDEV_HSIOM_BASE), 0x00000300u);
 260              		.loc 1 334 0
 261 00b2 C022     		mov	r2, #192
 262 00b4 9200     		lsl	r2, r2, #2
 263 00b6 204B     		ldr	r3, .L13+4
 264 00b8 1A60     		str	r2, [r3]
 335:.\Generated_Source\PSoC4/cyfitter_cfg.c **** 		CY_SET_XTND_REG32((void CYFAR *)(CYREG_HSIOM_PORT_SEL1), 0x03000000u);
 265              		.loc 1 335 0
 266 00ba C022     		mov	r2, #192
 267 00bc 9204     		lsl	r2, r2, #18
 268 00be 1F4B     		ldr	r3, .L13+8
 269 00c0 1A60     		str	r2, [r3]
 336:.\Generated_Source\PSoC4/cyfitter_cfg.c **** 		CY_SET_XTND_REG32((void CYFAR *)(CYREG_HSIOM_PORT_SEL3), 0x0000EE00u);
 270              		.loc 1 336 0
 271 00c2 EE22     		mov	r2, #238
 272 00c4 1202     		lsl	r2, r2, #8
 273 00c6 1E4B     		ldr	r3, .L13+12
 274 00c8 1A60     		str	r2, [r3]
 337:.\Generated_Source\PSoC4/cyfitter_cfg.c **** 
 338:.\Generated_Source\PSoC4/cyfitter_cfg.c **** 		/* UDB_PA_0 Starting address: CYDEV_UDB_PA0_BASE */
 339:.\Generated_Source\PSoC4/cyfitter_cfg.c **** 		CY_SET_XTND_REG32((void CYFAR *)(CYDEV_UDB_PA0_BASE), 0x00990000u);
 275              		.loc 1 339 0
 276 00ca 9923     		mov	r3, #153
 277 00cc 1B04     		lsl	r3, r3, #16
 278 00ce 1D4A     		ldr	r2, .L13+16
 279 00d0 1360     		str	r3, [r2]
 340:.\Generated_Source\PSoC4/cyfitter_cfg.c **** 		CY_SET_XTND_REG32((void CYFAR *)(CYREG_UDB_PA0_CFG8), 0x00100000u);
ARM GAS  C:\Users\Chris\AppData\Local\Temp\ccqYm0VS.s 			page 12


 280              		.loc 1 340 0
 281 00d2 8021     		mov	r1, #128
 282 00d4 4903     		lsl	r1, r1, #13
 283 00d6 1C4A     		ldr	r2, .L13+20
 284 00d8 1160     		str	r1, [r2]
 341:.\Generated_Source\PSoC4/cyfitter_cfg.c **** 
 342:.\Generated_Source\PSoC4/cyfitter_cfg.c **** 		/* UDB_PA_1 Starting address: CYDEV_UDB_PA1_BASE */
 343:.\Generated_Source\PSoC4/cyfitter_cfg.c **** 		CY_SET_XTND_REG32((void CYFAR *)(CYDEV_UDB_PA1_BASE), 0x00990000u);
 285              		.loc 1 343 0
 286 00da 1C4A     		ldr	r2, .L13+24
 287 00dc 1360     		str	r3, [r2]
 344:.\Generated_Source\PSoC4/cyfitter_cfg.c **** 		CY_SET_XTND_REG32((void CYFAR *)(CYREG_UDB_PA1_CFG8), 0x10000000u);
 288              		.loc 1 344 0
 289 00de 8021     		mov	r1, #128
 290 00e0 4905     		lsl	r1, r1, #21
 291 00e2 1B4A     		ldr	r2, .L13+28
 292 00e4 1160     		str	r1, [r2]
 345:.\Generated_Source\PSoC4/cyfitter_cfg.c **** 
 346:.\Generated_Source\PSoC4/cyfitter_cfg.c **** 		/* UDB_PA_3 Starting address: CYDEV_UDB_PA3_BASE */
 347:.\Generated_Source\PSoC4/cyfitter_cfg.c **** 		CY_SET_XTND_REG32((void CYFAR *)(CYDEV_UDB_PA3_BASE), 0x00990000u);
 293              		.loc 1 347 0
 294 00e6 1B4A     		ldr	r2, .L13+32
 295 00e8 1360     		str	r3, [r2]
 348:.\Generated_Source\PSoC4/cyfitter_cfg.c **** 
 349:.\Generated_Source\PSoC4/cyfitter_cfg.c **** 		/* Enable digital routing */
 350:.\Generated_Source\PSoC4/cyfitter_cfg.c **** 		CY_SET_XTND_REG8((void *)CYREG_UDB_UDBIF_BANK_CTL, CY_GET_XTND_REG8((void *)CYREG_UDB_UDBIF_BANK_
 296              		.loc 1 350 0
 297 00ea 1B4B     		ldr	r3, .L13+36
 298 00ec 1978     		ldrb	r1, [r3]
 299 00ee 0222     		mov	r2, #2
 300 00f0 0A43     		orr	r2, r1
 301 00f2 1A70     		strb	r2, [r3]
 351:.\Generated_Source\PSoC4/cyfitter_cfg.c **** 
 352:.\Generated_Source\PSoC4/cyfitter_cfg.c **** 		/* Enable UDB array */
 353:.\Generated_Source\PSoC4/cyfitter_cfg.c **** 		CY_SET_XTND_REG8((void *)CYREG_UDB_UDBIF_WAIT_CFG, (uint8)((CY_GET_XTND_REG8((void *)CYREG_UDB_UD
 302              		.loc 1 353 0
 303 00f4 1948     		ldr	r0, .L13+40
 304 00f6 0278     		ldrb	r2, [r0]
 305 00f8 3C21     		mov	r1, #60
 306 00fa 8A43     		bic	r2, r1
 307 00fc 2839     		sub	r1, r1, #40
 308 00fe 0A43     		orr	r2, r1
 309 0100 0270     		strb	r2, [r0]
 354:.\Generated_Source\PSoC4/cyfitter_cfg.c **** 		CY_SET_XTND_REG8((void *)CYREG_UDB_UDBIF_BANK_CTL, (uint8)(CY_GET_XTND_REG8((void *)CYREG_UDB_UDB
 310              		.loc 1 354 0
 311 0102 1978     		ldrb	r1, [r3]
 312 0104 1622     		mov	r2, #22
 313 0106 0A43     		orr	r2, r1
 314 0108 1A70     		strb	r2, [r3]
 315              	.LBE3:
 355:.\Generated_Source\PSoC4/cyfitter_cfg.c **** 	}
 356:.\Generated_Source\PSoC4/cyfitter_cfg.c **** 
 357:.\Generated_Source\PSoC4/cyfitter_cfg.c **** 	/* Perform second pass device configuration. These items must be configured in specific order afte
 358:.\Generated_Source\PSoC4/cyfitter_cfg.c **** 	/* IOPINS0_0 Starting address: CYDEV_PRT0_BASE */
 359:.\Generated_Source\PSoC4/cyfitter_cfg.c **** 	CY_SET_XTND_REG32((void CYFAR *)(CYDEV_PRT0_BASE), 0x0000008Cu);
 316              		.loc 1 359 0
 317 010a 8C22     		mov	r2, #140
ARM GAS  C:\Users\Chris\AppData\Local\Temp\ccqYm0VS.s 			page 13


 318 010c 144B     		ldr	r3, .L13+44
 319 010e 1A60     		str	r2, [r3]
 360:.\Generated_Source\PSoC4/cyfitter_cfg.c **** 	CY_SET_XTND_REG32((void CYFAR *)(CYREG_PRT0_PC), 0x00400D80u);
 320              		.loc 1 360 0
 321 0110 144A     		ldr	r2, .L13+48
 322 0112 154B     		ldr	r3, .L13+52
 323 0114 1A60     		str	r2, [r3]
 361:.\Generated_Source\PSoC4/cyfitter_cfg.c **** 
 362:.\Generated_Source\PSoC4/cyfitter_cfg.c **** 	/* IOPINS0_1 Starting address: CYDEV_PRT1_BASE */
 363:.\Generated_Source\PSoC4/cyfitter_cfg.c **** 	CY_SET_XTND_REG32((void CYFAR *)(CYDEV_PRT1_BASE), 0x00000040u);
 324              		.loc 1 363 0
 325 0116 4022     		mov	r2, #64
 326 0118 144B     		ldr	r3, .L13+56
 327 011a 1A60     		str	r2, [r3]
 364:.\Generated_Source\PSoC4/cyfitter_cfg.c **** 	CY_SET_XTND_REG32((void CYFAR *)(CYREG_PRT1_PC), 0x00180000u);
 328              		.loc 1 364 0
 329 011c C022     		mov	r2, #192
 330 011e 5203     		lsl	r2, r2, #13
 331 0120 134B     		ldr	r3, .L13+60
 332 0122 1A60     		str	r2, [r3]
 365:.\Generated_Source\PSoC4/cyfitter_cfg.c **** 
 366:.\Generated_Source\PSoC4/cyfitter_cfg.c **** 	/* IOPINS0_3 Starting address: CYDEV_PRT3_BASE */
 367:.\Generated_Source\PSoC4/cyfitter_cfg.c **** 	CY_SET_XTND_REG32((void CYFAR *)(CYREG_PRT3_PC), 0x00000D80u);
 333              		.loc 1 367 0
 334 0124 D822     		mov	r2, #216
 335 0126 1201     		lsl	r2, r2, #4
 336 0128 124B     		ldr	r3, .L13+64
 337 012a 1A60     		str	r2, [r3]
 368:.\Generated_Source\PSoC4/cyfitter_cfg.c **** 
 369:.\Generated_Source\PSoC4/cyfitter_cfg.c **** 
 370:.\Generated_Source\PSoC4/cyfitter_cfg.c **** 	/* Setup clocks based on selections from Clock DWR */
 371:.\Generated_Source\PSoC4/cyfitter_cfg.c **** 	ClockSetup();
 338              		.loc 1 371 0
 339 012c FFF768FF 		bl	ClockSetup
 340              	.LVL24:
 372:.\Generated_Source\PSoC4/cyfitter_cfg.c **** 
 373:.\Generated_Source\PSoC4/cyfitter_cfg.c **** 	/* Perform basic analog initialization to defaults */
 374:.\Generated_Source\PSoC4/cyfitter_cfg.c **** 	AnalogSetDefault();
 375:.\Generated_Source\PSoC4/cyfitter_cfg.c **** 
 376:.\Generated_Source\PSoC4/cyfitter_cfg.c **** }
 341              		.loc 1 376 0
 342              		@ sp needed
 343              	.LVL25:
 344 0130 10BD     		pop	{r4, pc}
 345              	.L14:
 346 0132 C046     		.align	2
 347              	.L13:
 348 0134 00000000 		.word	.LANCHOR0
 349 0138 00000140 		.word	1073807360
 350 013c 04000140 		.word	1073807364
 351 0140 0C000140 		.word	1073807372
 352 0144 00500F40 		.word	1074745344
 353 0148 08500F40 		.word	1074745352
 354 014c 10500F40 		.word	1074745360
 355 0150 18500F40 		.word	1074745368
 356 0154 30500F40 		.word	1074745392
 357 0158 00700F40 		.word	1074753536
ARM GAS  C:\Users\Chris\AppData\Local\Temp\ccqYm0VS.s 			page 14


 358 015c 01700F40 		.word	1074753537
 359 0160 00000440 		.word	1074003968
 360 0164 800D4000 		.word	4197760
 361 0168 08000440 		.word	1074003976
 362 016c 00010440 		.word	1074004224
 363 0170 08010440 		.word	1074004232
 364 0174 08030440 		.word	1074004744
 365              		.cfi_endproc
 366              	.LFE6:
 367              		.size	cyfitter_cfg, .-cyfitter_cfg
 368              		.section	.rodata
 369              		.align	2
 370              		.set	.LANCHOR0,. + 0
 371              		.type	cfg_memset_list.4746, %object
 372              		.size	cfg_memset_list.4746, 12
 373              	cfg_memset_list.4746:
 374 0000 00300F40 		.word	1074737152
 375 0004 0004     		.short	1024
 376 0006 00400F40 		.4byte	1074741248
 377 000a 0004     		.short	1024
 378              		.type	cy_cfg_addr_table.4740, %object
 379              		.size	cy_cfg_addr_table.4740, 24
 380              	cy_cfg_addr_table.4740:
 381 000c 07300F40 		.word	1074737159
 382 0010 06310F40 		.word	1074737414
 383 0014 04330F40 		.word	1074737924
 384 0018 06400F40 		.word	1074741254
 385 001c 04410F40 		.word	1074741508
 386 0020 02600F40 		.word	1074749442
 387              		.type	cy_cfg_data_table.4741, %object
 388              		.size	cy_cfg_data_table.4741, 58
 389              	cy_cfg_data_table.4741:
 390 0024 80       		.byte	-128
 391 0025 02       		.byte	2
 392 0026 8E       		.byte	-114
 393 0027 01       		.byte	1
 394 0028 B0       		.byte	-80
 395 0029 01       		.byte	1
 396 002a B4       		.byte	-76
 397 002b 02       		.byte	2
 398 002c BE       		.byte	-66
 399 002d 10       		.byte	16
 400 002e D8       		.byte	-40
 401 002f 04       		.byte	4
 402 0030 DF       		.byte	-33
 403 0031 01       		.byte	1
 404 0032 04       		.byte	4
 405 0033 40       		.byte	64
 406 0034 05       		.byte	5
 407 0035 01       		.byte	1
 408 0036 1D       		.byte	29
 409 0037 01       		.byte	1
 410 0038 1F       		.byte	31
 411 0039 20       		.byte	32
 412 003a 80       		.byte	-128
 413 003b 40       		.byte	64
 414 003c C0       		.byte	-64
ARM GAS  C:\Users\Chris\AppData\Local\Temp\ccqYm0VS.s 			page 15


 415 003d 90       		.byte	-112
 416 003e B5       		.byte	-75
 417 003f 01       		.byte	1
 418 0040 B7       		.byte	-73
 419 0041 20       		.byte	32
 420 0042 EA       		.byte	-22
 421 0043 40       		.byte	64
 422 0044 EE       		.byte	-18
 423 0045 40       		.byte	64
 424 0046 0F       		.byte	15
 425 0047 08       		.byte	8
 426 0048 57       		.byte	87
 427 0049 80       		.byte	-128
 428 004a 83       		.byte	-125
 429 004b 04       		.byte	4
 430 004c C2       		.byte	-62
 431 004d 80       		.byte	-128
 432 004e D4       		.byte	-44
 433 004f 40       		.byte	64
 434 0050 E4       		.byte	-28
 435 0051 20       		.byte	32
 436 0052 5F       		.byte	95
 437 0053 08       		.byte	8
 438 0054 9B       		.byte	-101
 439 0055 08       		.byte	8
 440 0056 B7       		.byte	-73
 441 0057 88       		.byte	-120
 442 0058 D6       		.byte	-42
 443 0059 80       		.byte	-128
 444 005a 01       		.byte	1
 445 005b 01       		.byte	1
 446 005c 10       		.byte	16
 447 005d 01       		.byte	1
 448 005e 0000     		.text
 449              	.Letext0:
 450              		.file 2 "c:\\program files (x86)\\cypress\\psoc creator\\3.3\\psoc creator\\import\\gnu\\arm\\4.9.
 451              		.file 3 ".\\Generated_Source\\PSoC4\\cytypes.h"
 452              		.file 4 ".\\Generated_Source\\PSoC4\\CyLib.h"
 453              		.section	.debug_info,"",%progbits
 454              	.Ldebug_info0:
 455 0000 B9030000 		.4byte	0x3b9
 456 0004 0400     		.2byte	0x4
 457 0006 00000000 		.4byte	.Ldebug_abbrev0
 458 000a 04       		.byte	0x4
 459 000b 01       		.uleb128 0x1
 460 000c E7010000 		.4byte	.LASF38
 461 0010 01       		.byte	0x1
 462 0011 AC010000 		.4byte	.LASF39
 463 0015 85000000 		.4byte	.LASF40
 464 0019 00000000 		.4byte	.Ldebug_ranges0+0
 465 001d 00000000 		.4byte	0
 466 0021 00000000 		.4byte	.Ldebug_line0
 467 0025 02       		.uleb128 0x2
 468 0026 04       		.byte	0x4
 469 0027 05       		.byte	0x5
 470 0028 696E7400 		.ascii	"int\000"
 471 002c 03       		.uleb128 0x3
ARM GAS  C:\Users\Chris\AppData\Local\Temp\ccqYm0VS.s 			page 16


 472 002d 06000000 		.4byte	.LASF11
 473 0031 02       		.byte	0x2
 474 0032 D4       		.byte	0xd4
 475 0033 37000000 		.4byte	0x37
 476 0037 04       		.uleb128 0x4
 477 0038 04       		.byte	0x4
 478 0039 07       		.byte	0x7
 479 003a 47010000 		.4byte	.LASF0
 480 003e 04       		.uleb128 0x4
 481 003f 01       		.byte	0x1
 482 0040 06       		.byte	0x6
 483 0041 A4020000 		.4byte	.LASF1
 484 0045 04       		.uleb128 0x4
 485 0046 01       		.byte	0x1
 486 0047 08       		.byte	0x8
 487 0048 E9000000 		.4byte	.LASF2
 488 004c 04       		.uleb128 0x4
 489 004d 02       		.byte	0x2
 490 004e 05       		.byte	0x5
 491 004f 7C020000 		.4byte	.LASF3
 492 0053 04       		.uleb128 0x4
 493 0054 02       		.byte	0x2
 494 0055 07       		.byte	0x7
 495 0056 B0020000 		.4byte	.LASF4
 496 005a 04       		.uleb128 0x4
 497 005b 04       		.byte	0x4
 498 005c 05       		.byte	0x5
 499 005d 9B020000 		.4byte	.LASF5
 500 0061 04       		.uleb128 0x4
 501 0062 04       		.byte	0x4
 502 0063 07       		.byte	0x7
 503 0064 C7000000 		.4byte	.LASF6
 504 0068 04       		.uleb128 0x4
 505 0069 08       		.byte	0x8
 506 006a 05       		.byte	0x5
 507 006b D4010000 		.4byte	.LASF7
 508 006f 04       		.uleb128 0x4
 509 0070 08       		.byte	0x8
 510 0071 07       		.byte	0x7
 511 0072 69010000 		.4byte	.LASF8
 512 0076 04       		.uleb128 0x4
 513 0077 04       		.byte	0x4
 514 0078 07       		.byte	0x7
 515 0079 A3010000 		.4byte	.LASF9
 516 007d 05       		.uleb128 0x5
 517 007e 04       		.byte	0x4
 518 007f 06       		.uleb128 0x6
 519 0080 04       		.byte	0x4
 520 0081 85000000 		.4byte	0x85
 521 0085 07       		.uleb128 0x7
 522 0086 04       		.uleb128 0x4
 523 0087 01       		.byte	0x1
 524 0088 08       		.byte	0x8
 525 0089 E2010000 		.4byte	.LASF10
 526 008d 08       		.uleb128 0x8
 527 008e D9000000 		.4byte	.LASF12
 528 0092 03       		.byte	0x3
ARM GAS  C:\Users\Chris\AppData\Local\Temp\ccqYm0VS.s 			page 17


 529 0093 9801     		.2byte	0x198
 530 0095 45000000 		.4byte	0x45
 531 0099 08       		.uleb128 0x8
 532 009a 2E010000 		.4byte	.LASF13
 533 009e 03       		.byte	0x3
 534 009f 9901     		.2byte	0x199
 535 00a1 53000000 		.4byte	0x53
 536 00a5 08       		.uleb128 0x8
 537 00a6 40010000 		.4byte	.LASF14
 538 00aa 03       		.byte	0x3
 539 00ab 9A01     		.2byte	0x19a
 540 00ad 61000000 		.4byte	0x61
 541 00b1 04       		.uleb128 0x4
 542 00b2 04       		.byte	0x4
 543 00b3 04       		.byte	0x4
 544 00b4 6A000000 		.4byte	.LASF15
 545 00b8 04       		.uleb128 0x4
 546 00b9 08       		.byte	0x8
 547 00ba 04       		.byte	0x4
 548 00bb FE000000 		.4byte	.LASF16
 549 00bf 08       		.uleb128 0x8
 550 00c0 C2000000 		.4byte	.LASF17
 551 00c4 03       		.byte	0x3
 552 00c5 4202     		.2byte	0x242
 553 00c7 CB000000 		.4byte	0xcb
 554 00cb 09       		.uleb128 0x9
 555 00cc 8D000000 		.4byte	0x8d
 556 00d0 08       		.uleb128 0x8
 557 00d1 00000000 		.4byte	.LASF18
 558 00d5 03       		.byte	0x3
 559 00d6 4402     		.2byte	0x244
 560 00d8 DC000000 		.4byte	0xdc
 561 00dc 09       		.uleb128 0x9
 562 00dd A5000000 		.4byte	0xa5
 563 00e1 08       		.uleb128 0x8
 564 00e2 80010000 		.4byte	.LASF19
 565 00e6 03       		.byte	0x3
 566 00e7 5402     		.2byte	0x254
 567 00e9 7F000000 		.4byte	0x7f
 568 00ed 0A       		.uleb128 0xa
 569 00ee 02       		.byte	0x2
 570 00ef 01       		.byte	0x1
 571 00f0 7F       		.byte	0x7f
 572 00f1 0E010000 		.4byte	0x10e
 573 00f5 0B       		.uleb128 0xb
 574 00f6 75020000 		.4byte	.LASF20
 575 00fa 01       		.byte	0x1
 576 00fb 81       		.byte	0x81
 577 00fc 8D000000 		.4byte	0x8d
 578 0100 00       		.byte	0
 579 0101 0B       		.uleb128 0xb
 580 0102 1C000000 		.4byte	.LASF21
 581 0106 01       		.byte	0x1
 582 0107 82       		.byte	0x82
 583 0108 8D000000 		.4byte	0x8d
 584 010c 01       		.byte	0x1
 585 010d 00       		.byte	0
ARM GAS  C:\Users\Chris\AppData\Local\Temp\ccqYm0VS.s 			page 18


 586 010e 03       		.uleb128 0x3
 587 010f 57000000 		.4byte	.LASF22
 588 0113 01       		.byte	0x1
 589 0114 83       		.byte	0x83
 590 0115 ED000000 		.4byte	0xed
 591 0119 0C       		.uleb128 0xc
 592 011a 05010000 		.4byte	.LASF27
 593 011e 01       		.byte	0x1
 594 011f 96       		.byte	0x96
 595 0120 00000000 		.4byte	.LFB3
 596 0124 32000000 		.4byte	.LFE3-.LFB3
 597 0128 01       		.uleb128 0x1
 598 0129 9C       		.byte	0x9c
 599 012a 8B010000 		.4byte	0x18b
 600 012e 0D       		.uleb128 0xd
 601 012f 23010000 		.4byte	.LASF23
 602 0133 01       		.byte	0x1
 603 0134 96       		.byte	0x96
 604 0135 8B010000 		.4byte	0x18b
 605 0139 01       		.uleb128 0x1
 606 013a 50       		.byte	0x50
 607 013b 0D       		.uleb128 0xd
 608 013c 35010000 		.4byte	.LASF24
 609 0140 01       		.byte	0x1
 610 0141 96       		.byte	0x96
 611 0142 96010000 		.4byte	0x196
 612 0146 01       		.uleb128 0x1
 613 0147 51       		.byte	0x51
 614 0148 0E       		.uleb128 0xe
 615 0149 6900     		.ascii	"i\000"
 616 014b 01       		.byte	0x1
 617 014c 99       		.byte	0x99
 618 014d A5000000 		.4byte	0xa5
 619 0151 00000000 		.4byte	.LLST0
 620 0155 0E       		.uleb128 0xe
 621 0156 6A00     		.ascii	"j\000"
 622 0158 01       		.byte	0x1
 623 0159 99       		.byte	0x99
 624 015a A5000000 		.4byte	0xa5
 625 015e 1F000000 		.4byte	.LLST1
 626 0162 0F       		.uleb128 0xf
 627 0163 08000000 		.4byte	.LBB2
 628 0167 22000000 		.4byte	.LBE2-.LBB2
 629 016b 10       		.uleb128 0x10
 630 016c 9A010000 		.4byte	.LASF25
 631 0170 01       		.byte	0x1
 632 0171 9C       		.byte	0x9c
 633 0172 A5000000 		.4byte	0xa5
 634 0176 3E000000 		.4byte	.LLST2
 635 017a 10       		.uleb128 0x10
 636 017b 22000000 		.4byte	.LASF26
 637 017f 01       		.byte	0x1
 638 0180 9D       		.byte	0x9d
 639 0181 8D000000 		.4byte	0x8d
 640 0185 51000000 		.4byte	.LLST3
 641 0189 00       		.byte	0
 642 018a 00       		.byte	0
ARM GAS  C:\Users\Chris\AppData\Local\Temp\ccqYm0VS.s 			page 19


 643 018b 06       		.uleb128 0x6
 644 018c 04       		.byte	0x4
 645 018d 91010000 		.4byte	0x191
 646 0191 11       		.uleb128 0x11
 647 0192 A5000000 		.4byte	0xa5
 648 0196 06       		.uleb128 0x6
 649 0197 04       		.byte	0x4
 650 0198 9C010000 		.4byte	0x19c
 651 019c 11       		.uleb128 0x11
 652 019d 0E010000 		.4byte	0x10e
 653 01a1 0C       		.uleb128 0xc
 654 01a2 DF000000 		.4byte	.LASF28
 655 01a6 01       		.byte	0x1
 656 01a7 3D       		.byte	0x3d
 657 01a8 00000000 		.4byte	.LFB0
 658 01ac 0C000000 		.4byte	.LFE0-.LFB0
 659 01b0 01       		.uleb128 0x1
 660 01b1 9C       		.byte	0x9c
 661 01b2 EE010000 		.4byte	0x1ee
 662 01b6 12       		.uleb128 0x12
 663 01b7 7300     		.ascii	"s\000"
 664 01b9 01       		.byte	0x1
 665 01ba 3D       		.byte	0x3d
 666 01bb 7D000000 		.4byte	0x7d
 667 01bf 6F000000 		.4byte	.LLST4
 668 01c3 12       		.uleb128 0x12
 669 01c4 6E00     		.ascii	"n\000"
 670 01c6 01       		.byte	0x1
 671 01c7 3D       		.byte	0x3d
 672 01c8 2C000000 		.4byte	0x2c
 673 01cc 90000000 		.4byte	.LLST5
 674 01d0 13       		.uleb128 0x13
 675 01d1 0A000000 		.4byte	.LVL14
 676 01d5 67030000 		.4byte	0x367
 677 01d9 14       		.uleb128 0x14
 678 01da 01       		.uleb128 0x1
 679 01db 52       		.byte	0x52
 680 01dc 03       		.uleb128 0x3
 681 01dd F3       		.byte	0xf3
 682 01de 01       		.uleb128 0x1
 683 01df 51       		.byte	0x51
 684 01e0 14       		.uleb128 0x14
 685 01e1 01       		.uleb128 0x1
 686 01e2 51       		.byte	0x51
 687 01e3 01       		.uleb128 0x1
 688 01e4 30       		.byte	0x30
 689 01e5 14       		.uleb128 0x14
 690 01e6 01       		.uleb128 0x1
 691 01e7 50       		.byte	0x50
 692 01e8 03       		.uleb128 0x3
 693 01e9 F3       		.byte	0xf3
 694 01ea 01       		.uleb128 0x1
 695 01eb 50       		.byte	0x50
 696 01ec 00       		.byte	0
 697 01ed 00       		.byte	0
 698 01ee 0C       		.uleb128 0xc
 699 01ef 28000000 		.4byte	.LASF29
ARM GAS  C:\Users\Chris\AppData\Local\Temp\ccqYm0VS.s 			page 20


 700 01f3 01       		.byte	0x1
 701 01f4 BB       		.byte	0xbb
 702 01f5 00000000 		.4byte	.LFB4
 703 01f9 78000000 		.4byte	.LFE4-.LFB4
 704 01fd 01       		.uleb128 0x1
 705 01fe 9C       		.byte	0x9c
 706 01ff 39020000 		.4byte	0x239
 707 0203 15       		.uleb128 0x15
 708 0204 14000000 		.4byte	.LVL15
 709 0208 84030000 		.4byte	0x384
 710 020c 16020000 		.4byte	0x216
 711 0210 14       		.uleb128 0x14
 712 0211 01       		.uleb128 0x1
 713 0212 50       		.byte	0x50
 714 0213 01       		.uleb128 0x1
 715 0214 48       		.byte	0x48
 716 0215 00       		.byte	0
 717 0216 15       		.uleb128 0x15
 718 0217 42000000 		.4byte	.LVL16
 719 021b 95030000 		.4byte	0x395
 720 021f 29020000 		.4byte	0x229
 721 0223 14       		.uleb128 0x14
 722 0224 01       		.uleb128 0x1
 723 0225 50       		.byte	0x50
 724 0226 01       		.uleb128 0x1
 725 0227 39       		.byte	0x39
 726 0228 00       		.byte	0
 727 0229 13       		.uleb128 0x13
 728 022a 48000000 		.4byte	.LVL17
 729 022e AF030000 		.4byte	0x3af
 730 0232 14       		.uleb128 0x14
 731 0233 01       		.uleb128 0x1
 732 0234 50       		.byte	0x50
 733 0235 01       		.uleb128 0x1
 734 0236 39       		.byte	0x39
 735 0237 00       		.byte	0
 736 0238 00       		.byte	0
 737 0239 16       		.uleb128 0x16
 738 023a 54010000 		.4byte	.LASF41
 739 023e 01       		.byte	0x1
 740 023f 0601     		.2byte	0x106
 741 0241 78000000 		.4byte	.LFB6
 742 0245 00010000 		.4byte	.LFE6-.LFB6
 743 0249 01       		.uleb128 0x1
 744 024a 9C       		.byte	0x9c
 745 024b 3D030000 		.4byte	0x33d
 746 024f 17       		.uleb128 0x17
 747 0250 7C000000 		.4byte	.LBB3
 748 0254 8E000000 		.4byte	.LBE3-.LBB3
 749 0258 33030000 		.4byte	0x333
 750 025c 18       		.uleb128 0x18
 751 025d 33000000 		.4byte	.LASF30
 752 0261 01       		.byte	0x1
 753 0262 0C01     		.2byte	0x10c
 754 0264 4D030000 		.4byte	0x34d
 755 0268 05       		.uleb128 0x5
 756 0269 03       		.byte	0x3
ARM GAS  C:\Users\Chris\AppData\Local\Temp\ccqYm0VS.s 			page 21


 757 026a 0C000000 		.4byte	cy_cfg_addr_table.4740
 758 026e 18       		.uleb128 0x18
 759 026f 45000000 		.4byte	.LASF31
 760 0273 01       		.byte	0x1
 761 0274 1501     		.2byte	0x115
 762 0276 62030000 		.4byte	0x362
 763 027a 05       		.uleb128 0x5
 764 027b 03       		.byte	0x3
 765 027c 24000000 		.4byte	cy_cfg_data_table.4741
 766 0280 19       		.uleb128 0x19
 767 0281 06       		.byte	0x6
 768 0282 01       		.byte	0x1
 769 0283 3701     		.2byte	0x137
 770 0285 A4020000 		.4byte	0x2a4
 771 0289 1A       		.uleb128 0x1a
 772 028a 61010000 		.4byte	.LASF32
 773 028e 01       		.byte	0x1
 774 028f 3801     		.2byte	0x138
 775 0291 7D000000 		.4byte	0x7d
 776 0295 00       		.byte	0
 777 0296 1A       		.uleb128 0x1a
 778 0297 80000000 		.4byte	.LASF33
 779 029b 01       		.byte	0x1
 780 029c 3901     		.2byte	0x139
 781 029e 99000000 		.4byte	0x99
 782 02a2 04       		.byte	0x4
 783 02a3 00       		.byte	0
 784 02a4 08       		.uleb128 0x8
 785 02a5 8D010000 		.4byte	.LASF34
 786 02a9 01       		.byte	0x1
 787 02aa 3A01     		.2byte	0x13a
 788 02ac 80020000 		.4byte	0x280
 789 02b0 1B       		.uleb128 0x1b
 790 02b1 A4020000 		.4byte	0x2a4
 791 02b5 C0020000 		.4byte	0x2c0
 792 02b9 1C       		.uleb128 0x1c
 793 02ba 76000000 		.4byte	0x76
 794 02be 01       		.byte	0x1
 795 02bf 00       		.byte	0
 796 02c0 18       		.uleb128 0x18
 797 02c1 70000000 		.4byte	.LASF35
 798 02c5 01       		.byte	0x1
 799 02c6 3C01     		.2byte	0x13c
 800 02c8 D2020000 		.4byte	0x2d2
 801 02cc 05       		.uleb128 0x5
 802 02cd 03       		.byte	0x3
 803 02ce 00000000 		.4byte	cfg_memset_list.4746
 804 02d2 11       		.uleb128 0x11
 805 02d3 B0020000 		.4byte	0x2b0
 806 02d7 1D       		.uleb128 0x1d
 807 02d8 6900     		.ascii	"i\000"
 808 02da 01       		.byte	0x1
 809 02db 4201     		.2byte	0x142
 810 02dd 8D000000 		.4byte	0x8d
 811 02e1 BC000000 		.4byte	.LLST6
 812 02e5 17       		.uleb128 0x17
 813 02e6 80000000 		.4byte	.LBB4
ARM GAS  C:\Users\Chris\AppData\Local\Temp\ccqYm0VS.s 			page 22


 814 02ea 1E000000 		.4byte	.LBE4-.LBB4
 815 02ee 16030000 		.4byte	0x316
 816 02f2 1D       		.uleb128 0x1d
 817 02f3 6D7300   		.ascii	"ms\000"
 818 02f6 01       		.byte	0x1
 819 02f7 4701     		.2byte	0x147
 820 02f9 01030000 		.4byte	0x301
 821 02fd E6000000 		.4byte	.LLST7
 822 0301 06       		.uleb128 0x6
 823 0302 04       		.byte	0x4
 824 0303 07030000 		.4byte	0x307
 825 0307 11       		.uleb128 0x11
 826 0308 A4020000 		.4byte	0x2a4
 827 030c 1E       		.uleb128 0x1e
 828 030d 9E000000 		.4byte	.LVL20
 829 0311 A1010000 		.4byte	0x1a1
 830 0315 00       		.byte	0
 831 0316 13       		.uleb128 0x13
 832 0317 B2000000 		.4byte	.LVL23
 833 031b 19010000 		.4byte	0x119
 834 031f 14       		.uleb128 0x14
 835 0320 01       		.uleb128 0x1
 836 0321 51       		.byte	0x51
 837 0322 05       		.uleb128 0x5
 838 0323 03       		.byte	0x3
 839 0324 24000000 		.4byte	.LANCHOR0+36
 840 0328 14       		.uleb128 0x14
 841 0329 01       		.uleb128 0x1
 842 032a 50       		.byte	0x50
 843 032b 05       		.uleb128 0x5
 844 032c 03       		.byte	0x3
 845 032d 0C000000 		.4byte	.LANCHOR0+12
 846 0331 00       		.byte	0
 847 0332 00       		.byte	0
 848 0333 1E       		.uleb128 0x1e
 849 0334 30010000 		.4byte	.LVL24
 850 0338 EE010000 		.4byte	0x1ee
 851 033c 00       		.byte	0
 852 033d 1B       		.uleb128 0x1b
 853 033e A5000000 		.4byte	0xa5
 854 0342 4D030000 		.4byte	0x34d
 855 0346 1C       		.uleb128 0x1c
 856 0347 76000000 		.4byte	0x76
 857 034b 05       		.byte	0x5
 858 034c 00       		.byte	0
 859 034d 11       		.uleb128 0x11
 860 034e 3D030000 		.4byte	0x33d
 861 0352 1B       		.uleb128 0x1b
 862 0353 0E010000 		.4byte	0x10e
 863 0357 62030000 		.4byte	0x362
 864 035b 1C       		.uleb128 0x1c
 865 035c 76000000 		.4byte	0x76
 866 0360 1C       		.byte	0x1c
 867 0361 00       		.byte	0
 868 0362 11       		.uleb128 0x11
 869 0363 52030000 		.4byte	0x352
 870 0367 1F       		.uleb128 0x1f
ARM GAS  C:\Users\Chris\AppData\Local\Temp\ccqYm0VS.s 			page 23


 871 0368 F7000000 		.4byte	.LASF36
 872 036c 7D000000 		.4byte	0x7d
 873 0370 84030000 		.4byte	0x384
 874 0374 20       		.uleb128 0x20
 875 0375 7D000000 		.4byte	0x7d
 876 0379 20       		.uleb128 0x20
 877 037a 25000000 		.4byte	0x25
 878 037e 20       		.uleb128 0x20
 879 037f 76000000 		.4byte	0x76
 880 0383 00       		.byte	0
 881 0384 21       		.uleb128 0x21
 882 0385 86020000 		.4byte	.LASF37
 883 0389 04       		.byte	0x4
 884 038a 6C       		.byte	0x6c
 885 038b 95030000 		.4byte	0x395
 886 038f 20       		.uleb128 0x20
 887 0390 A5000000 		.4byte	0xa5
 888 0394 00       		.byte	0
 889 0395 22       		.uleb128 0x22
 890 0396 0D000000 		.4byte	.LASF42
 891 039a 04       		.byte	0x4
 892 039b BB       		.byte	0xbb
 893 039c E1000000 		.4byte	0xe1
 894 03a0 AF030000 		.4byte	0x3af
 895 03a4 20       		.uleb128 0x20
 896 03a5 8D000000 		.4byte	0x8d
 897 03a9 20       		.uleb128 0x20
 898 03aa E1000000 		.4byte	0xe1
 899 03ae 00       		.byte	0
 900 03af 23       		.uleb128 0x23
 901 03b0 17010000 		.4byte	.LASF43
 902 03b4 04       		.byte	0x4
 903 03b5 C1       		.byte	0xc1
 904 03b6 20       		.uleb128 0x20
 905 03b7 8D000000 		.4byte	0x8d
 906 03bb 00       		.byte	0
 907 03bc 00       		.byte	0
 908              		.section	.debug_abbrev,"",%progbits
 909              	.Ldebug_abbrev0:
 910 0000 01       		.uleb128 0x1
 911 0001 11       		.uleb128 0x11
 912 0002 01       		.byte	0x1
 913 0003 25       		.uleb128 0x25
 914 0004 0E       		.uleb128 0xe
 915 0005 13       		.uleb128 0x13
 916 0006 0B       		.uleb128 0xb
 917 0007 03       		.uleb128 0x3
 918 0008 0E       		.uleb128 0xe
 919 0009 1B       		.uleb128 0x1b
 920 000a 0E       		.uleb128 0xe
 921 000b 55       		.uleb128 0x55
 922 000c 17       		.uleb128 0x17
 923 000d 11       		.uleb128 0x11
 924 000e 01       		.uleb128 0x1
 925 000f 10       		.uleb128 0x10
 926 0010 17       		.uleb128 0x17
 927 0011 00       		.byte	0
ARM GAS  C:\Users\Chris\AppData\Local\Temp\ccqYm0VS.s 			page 24


 928 0012 00       		.byte	0
 929 0013 02       		.uleb128 0x2
 930 0014 24       		.uleb128 0x24
 931 0015 00       		.byte	0
 932 0016 0B       		.uleb128 0xb
 933 0017 0B       		.uleb128 0xb
 934 0018 3E       		.uleb128 0x3e
 935 0019 0B       		.uleb128 0xb
 936 001a 03       		.uleb128 0x3
 937 001b 08       		.uleb128 0x8
 938 001c 00       		.byte	0
 939 001d 00       		.byte	0
 940 001e 03       		.uleb128 0x3
 941 001f 16       		.uleb128 0x16
 942 0020 00       		.byte	0
 943 0021 03       		.uleb128 0x3
 944 0022 0E       		.uleb128 0xe
 945 0023 3A       		.uleb128 0x3a
 946 0024 0B       		.uleb128 0xb
 947 0025 3B       		.uleb128 0x3b
 948 0026 0B       		.uleb128 0xb
 949 0027 49       		.uleb128 0x49
 950 0028 13       		.uleb128 0x13
 951 0029 00       		.byte	0
 952 002a 00       		.byte	0
 953 002b 04       		.uleb128 0x4
 954 002c 24       		.uleb128 0x24
 955 002d 00       		.byte	0
 956 002e 0B       		.uleb128 0xb
 957 002f 0B       		.uleb128 0xb
 958 0030 3E       		.uleb128 0x3e
 959 0031 0B       		.uleb128 0xb
 960 0032 03       		.uleb128 0x3
 961 0033 0E       		.uleb128 0xe
 962 0034 00       		.byte	0
 963 0035 00       		.byte	0
 964 0036 05       		.uleb128 0x5
 965 0037 0F       		.uleb128 0xf
 966 0038 00       		.byte	0
 967 0039 0B       		.uleb128 0xb
 968 003a 0B       		.uleb128 0xb
 969 003b 00       		.byte	0
 970 003c 00       		.byte	0
 971 003d 06       		.uleb128 0x6
 972 003e 0F       		.uleb128 0xf
 973 003f 00       		.byte	0
 974 0040 0B       		.uleb128 0xb
 975 0041 0B       		.uleb128 0xb
 976 0042 49       		.uleb128 0x49
 977 0043 13       		.uleb128 0x13
 978 0044 00       		.byte	0
 979 0045 00       		.byte	0
 980 0046 07       		.uleb128 0x7
 981 0047 15       		.uleb128 0x15
 982 0048 00       		.byte	0
 983 0049 27       		.uleb128 0x27
 984 004a 19       		.uleb128 0x19
ARM GAS  C:\Users\Chris\AppData\Local\Temp\ccqYm0VS.s 			page 25


 985 004b 00       		.byte	0
 986 004c 00       		.byte	0
 987 004d 08       		.uleb128 0x8
 988 004e 16       		.uleb128 0x16
 989 004f 00       		.byte	0
 990 0050 03       		.uleb128 0x3
 991 0051 0E       		.uleb128 0xe
 992 0052 3A       		.uleb128 0x3a
 993 0053 0B       		.uleb128 0xb
 994 0054 3B       		.uleb128 0x3b
 995 0055 05       		.uleb128 0x5
 996 0056 49       		.uleb128 0x49
 997 0057 13       		.uleb128 0x13
 998 0058 00       		.byte	0
 999 0059 00       		.byte	0
 1000 005a 09       		.uleb128 0x9
 1001 005b 35       		.uleb128 0x35
 1002 005c 00       		.byte	0
 1003 005d 49       		.uleb128 0x49
 1004 005e 13       		.uleb128 0x13
 1005 005f 00       		.byte	0
 1006 0060 00       		.byte	0
 1007 0061 0A       		.uleb128 0xa
 1008 0062 13       		.uleb128 0x13
 1009 0063 01       		.byte	0x1
 1010 0064 0B       		.uleb128 0xb
 1011 0065 0B       		.uleb128 0xb
 1012 0066 3A       		.uleb128 0x3a
 1013 0067 0B       		.uleb128 0xb
 1014 0068 3B       		.uleb128 0x3b
 1015 0069 0B       		.uleb128 0xb
 1016 006a 01       		.uleb128 0x1
 1017 006b 13       		.uleb128 0x13
 1018 006c 00       		.byte	0
 1019 006d 00       		.byte	0
 1020 006e 0B       		.uleb128 0xb
 1021 006f 0D       		.uleb128 0xd
 1022 0070 00       		.byte	0
 1023 0071 03       		.uleb128 0x3
 1024 0072 0E       		.uleb128 0xe
 1025 0073 3A       		.uleb128 0x3a
 1026 0074 0B       		.uleb128 0xb
 1027 0075 3B       		.uleb128 0x3b
 1028 0076 0B       		.uleb128 0xb
 1029 0077 49       		.uleb128 0x49
 1030 0078 13       		.uleb128 0x13
 1031 0079 38       		.uleb128 0x38
 1032 007a 0B       		.uleb128 0xb
 1033 007b 00       		.byte	0
 1034 007c 00       		.byte	0
 1035 007d 0C       		.uleb128 0xc
 1036 007e 2E       		.uleb128 0x2e
 1037 007f 01       		.byte	0x1
 1038 0080 03       		.uleb128 0x3
 1039 0081 0E       		.uleb128 0xe
 1040 0082 3A       		.uleb128 0x3a
 1041 0083 0B       		.uleb128 0xb
ARM GAS  C:\Users\Chris\AppData\Local\Temp\ccqYm0VS.s 			page 26


 1042 0084 3B       		.uleb128 0x3b
 1043 0085 0B       		.uleb128 0xb
 1044 0086 27       		.uleb128 0x27
 1045 0087 19       		.uleb128 0x19
 1046 0088 11       		.uleb128 0x11
 1047 0089 01       		.uleb128 0x1
 1048 008a 12       		.uleb128 0x12
 1049 008b 06       		.uleb128 0x6
 1050 008c 40       		.uleb128 0x40
 1051 008d 18       		.uleb128 0x18
 1052 008e 9742     		.uleb128 0x2117
 1053 0090 19       		.uleb128 0x19
 1054 0091 01       		.uleb128 0x1
 1055 0092 13       		.uleb128 0x13
 1056 0093 00       		.byte	0
 1057 0094 00       		.byte	0
 1058 0095 0D       		.uleb128 0xd
 1059 0096 05       		.uleb128 0x5
 1060 0097 00       		.byte	0
 1061 0098 03       		.uleb128 0x3
 1062 0099 0E       		.uleb128 0xe
 1063 009a 3A       		.uleb128 0x3a
 1064 009b 0B       		.uleb128 0xb
 1065 009c 3B       		.uleb128 0x3b
 1066 009d 0B       		.uleb128 0xb
 1067 009e 49       		.uleb128 0x49
 1068 009f 13       		.uleb128 0x13
 1069 00a0 02       		.uleb128 0x2
 1070 00a1 18       		.uleb128 0x18
 1071 00a2 00       		.byte	0
 1072 00a3 00       		.byte	0
 1073 00a4 0E       		.uleb128 0xe
 1074 00a5 34       		.uleb128 0x34
 1075 00a6 00       		.byte	0
 1076 00a7 03       		.uleb128 0x3
 1077 00a8 08       		.uleb128 0x8
 1078 00a9 3A       		.uleb128 0x3a
 1079 00aa 0B       		.uleb128 0xb
 1080 00ab 3B       		.uleb128 0x3b
 1081 00ac 0B       		.uleb128 0xb
 1082 00ad 49       		.uleb128 0x49
 1083 00ae 13       		.uleb128 0x13
 1084 00af 02       		.uleb128 0x2
 1085 00b0 17       		.uleb128 0x17
 1086 00b1 00       		.byte	0
 1087 00b2 00       		.byte	0
 1088 00b3 0F       		.uleb128 0xf
 1089 00b4 0B       		.uleb128 0xb
 1090 00b5 01       		.byte	0x1
 1091 00b6 11       		.uleb128 0x11
 1092 00b7 01       		.uleb128 0x1
 1093 00b8 12       		.uleb128 0x12
 1094 00b9 06       		.uleb128 0x6
 1095 00ba 00       		.byte	0
 1096 00bb 00       		.byte	0
 1097 00bc 10       		.uleb128 0x10
 1098 00bd 34       		.uleb128 0x34
ARM GAS  C:\Users\Chris\AppData\Local\Temp\ccqYm0VS.s 			page 27


 1099 00be 00       		.byte	0
 1100 00bf 03       		.uleb128 0x3
 1101 00c0 0E       		.uleb128 0xe
 1102 00c1 3A       		.uleb128 0x3a
 1103 00c2 0B       		.uleb128 0xb
 1104 00c3 3B       		.uleb128 0x3b
 1105 00c4 0B       		.uleb128 0xb
 1106 00c5 49       		.uleb128 0x49
 1107 00c6 13       		.uleb128 0x13
 1108 00c7 02       		.uleb128 0x2
 1109 00c8 17       		.uleb128 0x17
 1110 00c9 00       		.byte	0
 1111 00ca 00       		.byte	0
 1112 00cb 11       		.uleb128 0x11
 1113 00cc 26       		.uleb128 0x26
 1114 00cd 00       		.byte	0
 1115 00ce 49       		.uleb128 0x49
 1116 00cf 13       		.uleb128 0x13
 1117 00d0 00       		.byte	0
 1118 00d1 00       		.byte	0
 1119 00d2 12       		.uleb128 0x12
 1120 00d3 05       		.uleb128 0x5
 1121 00d4 00       		.byte	0
 1122 00d5 03       		.uleb128 0x3
 1123 00d6 08       		.uleb128 0x8
 1124 00d7 3A       		.uleb128 0x3a
 1125 00d8 0B       		.uleb128 0xb
 1126 00d9 3B       		.uleb128 0x3b
 1127 00da 0B       		.uleb128 0xb
 1128 00db 49       		.uleb128 0x49
 1129 00dc 13       		.uleb128 0x13
 1130 00dd 02       		.uleb128 0x2
 1131 00de 17       		.uleb128 0x17
 1132 00df 00       		.byte	0
 1133 00e0 00       		.byte	0
 1134 00e1 13       		.uleb128 0x13
 1135 00e2 898201   		.uleb128 0x4109
 1136 00e5 01       		.byte	0x1
 1137 00e6 11       		.uleb128 0x11
 1138 00e7 01       		.uleb128 0x1
 1139 00e8 31       		.uleb128 0x31
 1140 00e9 13       		.uleb128 0x13
 1141 00ea 00       		.byte	0
 1142 00eb 00       		.byte	0
 1143 00ec 14       		.uleb128 0x14
 1144 00ed 8A8201   		.uleb128 0x410a
 1145 00f0 00       		.byte	0
 1146 00f1 02       		.uleb128 0x2
 1147 00f2 18       		.uleb128 0x18
 1148 00f3 9142     		.uleb128 0x2111
 1149 00f5 18       		.uleb128 0x18
 1150 00f6 00       		.byte	0
 1151 00f7 00       		.byte	0
 1152 00f8 15       		.uleb128 0x15
 1153 00f9 898201   		.uleb128 0x4109
 1154 00fc 01       		.byte	0x1
 1155 00fd 11       		.uleb128 0x11
ARM GAS  C:\Users\Chris\AppData\Local\Temp\ccqYm0VS.s 			page 28


 1156 00fe 01       		.uleb128 0x1
 1157 00ff 31       		.uleb128 0x31
 1158 0100 13       		.uleb128 0x13
 1159 0101 01       		.uleb128 0x1
 1160 0102 13       		.uleb128 0x13
 1161 0103 00       		.byte	0
 1162 0104 00       		.byte	0
 1163 0105 16       		.uleb128 0x16
 1164 0106 2E       		.uleb128 0x2e
 1165 0107 01       		.byte	0x1
 1166 0108 3F       		.uleb128 0x3f
 1167 0109 19       		.uleb128 0x19
 1168 010a 03       		.uleb128 0x3
 1169 010b 0E       		.uleb128 0xe
 1170 010c 3A       		.uleb128 0x3a
 1171 010d 0B       		.uleb128 0xb
 1172 010e 3B       		.uleb128 0x3b
 1173 010f 05       		.uleb128 0x5
 1174 0110 27       		.uleb128 0x27
 1175 0111 19       		.uleb128 0x19
 1176 0112 11       		.uleb128 0x11
 1177 0113 01       		.uleb128 0x1
 1178 0114 12       		.uleb128 0x12
 1179 0115 06       		.uleb128 0x6
 1180 0116 40       		.uleb128 0x40
 1181 0117 18       		.uleb128 0x18
 1182 0118 9742     		.uleb128 0x2117
 1183 011a 19       		.uleb128 0x19
 1184 011b 01       		.uleb128 0x1
 1185 011c 13       		.uleb128 0x13
 1186 011d 00       		.byte	0
 1187 011e 00       		.byte	0
 1188 011f 17       		.uleb128 0x17
 1189 0120 0B       		.uleb128 0xb
 1190 0121 01       		.byte	0x1
 1191 0122 11       		.uleb128 0x11
 1192 0123 01       		.uleb128 0x1
 1193 0124 12       		.uleb128 0x12
 1194 0125 06       		.uleb128 0x6
 1195 0126 01       		.uleb128 0x1
 1196 0127 13       		.uleb128 0x13
 1197 0128 00       		.byte	0
 1198 0129 00       		.byte	0
 1199 012a 18       		.uleb128 0x18
 1200 012b 34       		.uleb128 0x34
 1201 012c 00       		.byte	0
 1202 012d 03       		.uleb128 0x3
 1203 012e 0E       		.uleb128 0xe
 1204 012f 3A       		.uleb128 0x3a
 1205 0130 0B       		.uleb128 0xb
 1206 0131 3B       		.uleb128 0x3b
 1207 0132 05       		.uleb128 0x5
 1208 0133 49       		.uleb128 0x49
 1209 0134 13       		.uleb128 0x13
 1210 0135 02       		.uleb128 0x2
 1211 0136 18       		.uleb128 0x18
 1212 0137 00       		.byte	0
ARM GAS  C:\Users\Chris\AppData\Local\Temp\ccqYm0VS.s 			page 29


 1213 0138 00       		.byte	0
 1214 0139 19       		.uleb128 0x19
 1215 013a 13       		.uleb128 0x13
 1216 013b 01       		.byte	0x1
 1217 013c 0B       		.uleb128 0xb
 1218 013d 0B       		.uleb128 0xb
 1219 013e 3A       		.uleb128 0x3a
 1220 013f 0B       		.uleb128 0xb
 1221 0140 3B       		.uleb128 0x3b
 1222 0141 05       		.uleb128 0x5
 1223 0142 01       		.uleb128 0x1
 1224 0143 13       		.uleb128 0x13
 1225 0144 00       		.byte	0
 1226 0145 00       		.byte	0
 1227 0146 1A       		.uleb128 0x1a
 1228 0147 0D       		.uleb128 0xd
 1229 0148 00       		.byte	0
 1230 0149 03       		.uleb128 0x3
 1231 014a 0E       		.uleb128 0xe
 1232 014b 3A       		.uleb128 0x3a
 1233 014c 0B       		.uleb128 0xb
 1234 014d 3B       		.uleb128 0x3b
 1235 014e 05       		.uleb128 0x5
 1236 014f 49       		.uleb128 0x49
 1237 0150 13       		.uleb128 0x13
 1238 0151 38       		.uleb128 0x38
 1239 0152 0B       		.uleb128 0xb
 1240 0153 00       		.byte	0
 1241 0154 00       		.byte	0
 1242 0155 1B       		.uleb128 0x1b
 1243 0156 01       		.uleb128 0x1
 1244 0157 01       		.byte	0x1
 1245 0158 49       		.uleb128 0x49
 1246 0159 13       		.uleb128 0x13
 1247 015a 01       		.uleb128 0x1
 1248 015b 13       		.uleb128 0x13
 1249 015c 00       		.byte	0
 1250 015d 00       		.byte	0
 1251 015e 1C       		.uleb128 0x1c
 1252 015f 21       		.uleb128 0x21
 1253 0160 00       		.byte	0
 1254 0161 49       		.uleb128 0x49
 1255 0162 13       		.uleb128 0x13
 1256 0163 2F       		.uleb128 0x2f
 1257 0164 0B       		.uleb128 0xb
 1258 0165 00       		.byte	0
 1259 0166 00       		.byte	0
 1260 0167 1D       		.uleb128 0x1d
 1261 0168 34       		.uleb128 0x34
 1262 0169 00       		.byte	0
 1263 016a 03       		.uleb128 0x3
 1264 016b 08       		.uleb128 0x8
 1265 016c 3A       		.uleb128 0x3a
 1266 016d 0B       		.uleb128 0xb
 1267 016e 3B       		.uleb128 0x3b
 1268 016f 05       		.uleb128 0x5
 1269 0170 49       		.uleb128 0x49
ARM GAS  C:\Users\Chris\AppData\Local\Temp\ccqYm0VS.s 			page 30


 1270 0171 13       		.uleb128 0x13
 1271 0172 02       		.uleb128 0x2
 1272 0173 17       		.uleb128 0x17
 1273 0174 00       		.byte	0
 1274 0175 00       		.byte	0
 1275 0176 1E       		.uleb128 0x1e
 1276 0177 898201   		.uleb128 0x4109
 1277 017a 00       		.byte	0
 1278 017b 11       		.uleb128 0x11
 1279 017c 01       		.uleb128 0x1
 1280 017d 31       		.uleb128 0x31
 1281 017e 13       		.uleb128 0x13
 1282 017f 00       		.byte	0
 1283 0180 00       		.byte	0
 1284 0181 1F       		.uleb128 0x1f
 1285 0182 2E       		.uleb128 0x2e
 1286 0183 01       		.byte	0x1
 1287 0184 3F       		.uleb128 0x3f
 1288 0185 19       		.uleb128 0x19
 1289 0186 03       		.uleb128 0x3
 1290 0187 0E       		.uleb128 0xe
 1291 0188 27       		.uleb128 0x27
 1292 0189 19       		.uleb128 0x19
 1293 018a 49       		.uleb128 0x49
 1294 018b 13       		.uleb128 0x13
 1295 018c 34       		.uleb128 0x34
 1296 018d 19       		.uleb128 0x19
 1297 018e 3C       		.uleb128 0x3c
 1298 018f 19       		.uleb128 0x19
 1299 0190 01       		.uleb128 0x1
 1300 0191 13       		.uleb128 0x13
 1301 0192 00       		.byte	0
 1302 0193 00       		.byte	0
 1303 0194 20       		.uleb128 0x20
 1304 0195 05       		.uleb128 0x5
 1305 0196 00       		.byte	0
 1306 0197 49       		.uleb128 0x49
 1307 0198 13       		.uleb128 0x13
 1308 0199 00       		.byte	0
 1309 019a 00       		.byte	0
 1310 019b 21       		.uleb128 0x21
 1311 019c 2E       		.uleb128 0x2e
 1312 019d 01       		.byte	0x1
 1313 019e 3F       		.uleb128 0x3f
 1314 019f 19       		.uleb128 0x19
 1315 01a0 03       		.uleb128 0x3
 1316 01a1 0E       		.uleb128 0xe
 1317 01a2 3A       		.uleb128 0x3a
 1318 01a3 0B       		.uleb128 0xb
 1319 01a4 3B       		.uleb128 0x3b
 1320 01a5 0B       		.uleb128 0xb
 1321 01a6 27       		.uleb128 0x27
 1322 01a7 19       		.uleb128 0x19
 1323 01a8 3C       		.uleb128 0x3c
 1324 01a9 19       		.uleb128 0x19
 1325 01aa 01       		.uleb128 0x1
 1326 01ab 13       		.uleb128 0x13
ARM GAS  C:\Users\Chris\AppData\Local\Temp\ccqYm0VS.s 			page 31


 1327 01ac 00       		.byte	0
 1328 01ad 00       		.byte	0
 1329 01ae 22       		.uleb128 0x22
 1330 01af 2E       		.uleb128 0x2e
 1331 01b0 01       		.byte	0x1
 1332 01b1 3F       		.uleb128 0x3f
 1333 01b2 19       		.uleb128 0x19
 1334 01b3 03       		.uleb128 0x3
 1335 01b4 0E       		.uleb128 0xe
 1336 01b5 3A       		.uleb128 0x3a
 1337 01b6 0B       		.uleb128 0xb
 1338 01b7 3B       		.uleb128 0x3b
 1339 01b8 0B       		.uleb128 0xb
 1340 01b9 27       		.uleb128 0x27
 1341 01ba 19       		.uleb128 0x19
 1342 01bb 49       		.uleb128 0x49
 1343 01bc 13       		.uleb128 0x13
 1344 01bd 3C       		.uleb128 0x3c
 1345 01be 19       		.uleb128 0x19
 1346 01bf 01       		.uleb128 0x1
 1347 01c0 13       		.uleb128 0x13
 1348 01c1 00       		.byte	0
 1349 01c2 00       		.byte	0
 1350 01c3 23       		.uleb128 0x23
 1351 01c4 2E       		.uleb128 0x2e
 1352 01c5 01       		.byte	0x1
 1353 01c6 3F       		.uleb128 0x3f
 1354 01c7 19       		.uleb128 0x19
 1355 01c8 03       		.uleb128 0x3
 1356 01c9 0E       		.uleb128 0xe
 1357 01ca 3A       		.uleb128 0x3a
 1358 01cb 0B       		.uleb128 0xb
 1359 01cc 3B       		.uleb128 0x3b
 1360 01cd 0B       		.uleb128 0xb
 1361 01ce 27       		.uleb128 0x27
 1362 01cf 19       		.uleb128 0x19
 1363 01d0 3C       		.uleb128 0x3c
 1364 01d1 19       		.uleb128 0x19
 1365 01d2 00       		.byte	0
 1366 01d3 00       		.byte	0
 1367 01d4 00       		.byte	0
 1368              		.section	.debug_loc,"",%progbits
 1369              	.Ldebug_loc0:
 1370              	.LLST0:
 1371 0000 02000000 		.4byte	.LVL1
 1372 0004 08000000 		.4byte	.LVL2
 1373 0008 0200     		.2byte	0x2
 1374 000a 30       		.byte	0x30
 1375 000b 9F       		.byte	0x9f
 1376 000c 08000000 		.4byte	.LVL2
 1377 0010 30000000 		.4byte	.LVL11
 1378 0014 0100     		.2byte	0x1
 1379 0016 57       		.byte	0x57
 1380 0017 00000000 		.4byte	0
 1381 001b 00000000 		.4byte	0
 1382              	.LLST1:
 1383 001f 02000000 		.4byte	.LVL1
ARM GAS  C:\Users\Chris\AppData\Local\Temp\ccqYm0VS.s 			page 32


 1384 0023 08000000 		.4byte	.LVL2
 1385 0027 0200     		.2byte	0x2
 1386 0029 30       		.byte	0x30
 1387 002a 9F       		.byte	0x9f
 1388 002b 08000000 		.4byte	.LVL2
 1389 002f 30000000 		.4byte	.LVL10
 1390 0033 0100     		.2byte	0x1
 1391 0035 55       		.byte	0x55
 1392 0036 00000000 		.4byte	0
 1393 003a 00000000 		.4byte	0
 1394              	.LLST2:
 1395 003e 0C000000 		.4byte	.LVL3
 1396 0042 2C000000 		.4byte	.LVL9
 1397 0046 0100     		.2byte	0x1
 1398 0048 56       		.byte	0x56
 1399 0049 00000000 		.4byte	0
 1400 004d 00000000 		.4byte	0
 1401              	.LLST3:
 1402 0051 0E000000 		.4byte	.LVL4
 1403 0055 24000000 		.4byte	.LVL7
 1404 0059 0100     		.2byte	0x1
 1405 005b 53       		.byte	0x53
 1406 005c 26000000 		.4byte	.LVL8
 1407 0060 2C000000 		.4byte	.LVL9
 1408 0064 0100     		.2byte	0x1
 1409 0066 53       		.byte	0x53
 1410 0067 00000000 		.4byte	0
 1411 006b 00000000 		.4byte	0
 1412              	.LLST4:
 1413 006f 00000000 		.4byte	.LVL12
 1414 0073 09000000 		.4byte	.LVL14-1
 1415 0077 0100     		.2byte	0x1
 1416 0079 50       		.byte	0x50
 1417 007a 09000000 		.4byte	.LVL14-1
 1418 007e 0C000000 		.4byte	.LFE0
 1419 0082 0400     		.2byte	0x4
 1420 0084 F3       		.byte	0xf3
 1421 0085 01       		.uleb128 0x1
 1422 0086 50       		.byte	0x50
 1423 0087 9F       		.byte	0x9f
 1424 0088 00000000 		.4byte	0
 1425 008c 00000000 		.4byte	0
 1426              	.LLST5:
 1427 0090 00000000 		.4byte	.LVL12
 1428 0094 06000000 		.4byte	.LVL13
 1429 0098 0100     		.2byte	0x1
 1430 009a 51       		.byte	0x51
 1431 009b 06000000 		.4byte	.LVL13
 1432 009f 09000000 		.4byte	.LVL14-1
 1433 00a3 0100     		.2byte	0x1
 1434 00a5 52       		.byte	0x52
 1435 00a6 09000000 		.4byte	.LVL14-1
 1436 00aa 0C000000 		.4byte	.LFE0
 1437 00ae 0400     		.2byte	0x4
 1438 00b0 F3       		.byte	0xf3
 1439 00b1 01       		.uleb128 0x1
 1440 00b2 51       		.byte	0x51
ARM GAS  C:\Users\Chris\AppData\Local\Temp\ccqYm0VS.s 			page 33


 1441 00b3 9F       		.byte	0x9f
 1442 00b4 00000000 		.4byte	0
 1443 00b8 00000000 		.4byte	0
 1444              	.LLST6:
 1445 00bc 7C000000 		.4byte	.LVL18
 1446 00c0 80000000 		.4byte	.LVL19
 1447 00c4 0200     		.2byte	0x2
 1448 00c6 30       		.byte	0x30
 1449 00c7 9F       		.byte	0x9f
 1450 00c8 80000000 		.4byte	.LVL19
 1451 00cc A0000000 		.4byte	.LVL21
 1452 00d0 0100     		.2byte	0x1
 1453 00d2 54       		.byte	0x54
 1454 00d3 A2000000 		.4byte	.LVL22
 1455 00d7 30010000 		.4byte	.LVL25
 1456 00db 0100     		.2byte	0x1
 1457 00dd 54       		.byte	0x54
 1458 00de 00000000 		.4byte	0
 1459 00e2 00000000 		.4byte	0
 1460              	.LLST7:
 1461 00e6 80000000 		.4byte	.LVL19
 1462 00ea A0000000 		.4byte	.LVL21
 1463 00ee 0B00     		.2byte	0xb
 1464 00f0 74       		.byte	0x74
 1465 00f1 00       		.sleb128 0
 1466 00f2 36       		.byte	0x36
 1467 00f3 1E       		.byte	0x1e
 1468 00f4 03       		.byte	0x3
 1469 00f5 00000000 		.4byte	cfg_memset_list.4746
 1470 00f9 22       		.byte	0x22
 1471 00fa 9F       		.byte	0x9f
 1472 00fb A0000000 		.4byte	.LVL21
 1473 00ff A2000000 		.4byte	.LVL22
 1474 0103 0B00     		.2byte	0xb
 1475 0105 74       		.byte	0x74
 1476 0106 7F       		.sleb128 -1
 1477 0107 36       		.byte	0x36
 1478 0108 1E       		.byte	0x1e
 1479 0109 03       		.byte	0x3
 1480 010a 00000000 		.4byte	cfg_memset_list.4746
 1481 010e 22       		.byte	0x22
 1482 010f 9F       		.byte	0x9f
 1483 0110 00000000 		.4byte	0
 1484 0114 00000000 		.4byte	0
 1485              		.section	.debug_aranges,"",%progbits
 1486 0000 34000000 		.4byte	0x34
 1487 0004 0200     		.2byte	0x2
 1488 0006 00000000 		.4byte	.Ldebug_info0
 1489 000a 04       		.byte	0x4
 1490 000b 00       		.byte	0
 1491 000c 0000     		.2byte	0
 1492 000e 0000     		.2byte	0
 1493 0010 00000000 		.4byte	.LFB3
 1494 0014 32000000 		.4byte	.LFE3-.LFB3
 1495 0018 00000000 		.4byte	.LFB0
 1496 001c 0C000000 		.4byte	.LFE0-.LFB0
 1497 0020 00000000 		.4byte	.LFB4
ARM GAS  C:\Users\Chris\AppData\Local\Temp\ccqYm0VS.s 			page 34


 1498 0024 78000000 		.4byte	.LFE4-.LFB4
 1499 0028 78000000 		.4byte	.LFB6
 1500 002c 00010000 		.4byte	.LFE6-.LFB6
 1501 0030 00000000 		.4byte	0
 1502 0034 00000000 		.4byte	0
 1503              		.section	.debug_ranges,"",%progbits
 1504              	.Ldebug_ranges0:
 1505 0000 00000000 		.4byte	.LFB3
 1506 0004 32000000 		.4byte	.LFE3
 1507 0008 00000000 		.4byte	.LFB0
 1508 000c 0C000000 		.4byte	.LFE0
 1509 0010 00000000 		.4byte	.LFB4
 1510 0014 78000000 		.4byte	.LFE4
 1511 0018 78000000 		.4byte	.LFB6
 1512 001c 78010000 		.4byte	.LFE6
 1513 0020 00000000 		.4byte	0
 1514 0024 00000000 		.4byte	0
 1515              		.section	.debug_line,"",%progbits
 1516              	.Ldebug_line0:
 1517 0000 60010000 		.section	.debug_str,"MS",%progbits,1
 1517      0200D800 
 1517      00000201 
 1517      FB0E0D00 
 1517      01010101 
 1518              	.LASF18:
 1519 0000 72656733 		.ascii	"reg32\000"
 1519      3200
 1520              	.LASF11:
 1521 0006 73697A65 		.ascii	"size_t\000"
 1521      5F7400
 1522              	.LASF42:
 1523 000d 4379496E 		.ascii	"CyIntSetVector\000"
 1523      74536574 
 1523      56656374 
 1523      6F7200
 1524              	.LASF21:
 1525 001c 76616C75 		.ascii	"value\000"
 1525      6500
 1526              	.LASF26:
 1527 0022 636F756E 		.ascii	"count\000"
 1527      7400
 1528              	.LASF29:
 1529 0028 436C6F63 		.ascii	"ClockSetup\000"
 1529      6B536574 
 1529      757000
 1530              	.LASF30:
 1531 0033 63795F63 		.ascii	"cy_cfg_addr_table\000"
 1531      66675F61 
 1531      6464725F 
 1531      7461626C 
 1531      6500
 1532              	.LASF31:
 1533 0045 63795F63 		.ascii	"cy_cfg_data_table\000"
 1533      66675F64 
 1533      6174615F 
 1533      7461626C 
 1533      6500
ARM GAS  C:\Users\Chris\AppData\Local\Temp\ccqYm0VS.s 			page 35


 1534              	.LASF22:
 1535 0057 63795F63 		.ascii	"cy_cfg_addrvalue_t\000"
 1535      66675F61 
 1535      64647276 
 1535      616C7565 
 1535      5F7400
 1536              	.LASF15:
 1537 006a 666C6F61 		.ascii	"float\000"
 1537      7400
 1538              	.LASF35:
 1539 0070 6366675F 		.ascii	"cfg_memset_list\000"
 1539      6D656D73 
 1539      65745F6C 
 1539      69737400 
 1540              	.LASF33:
 1541 0080 73697A65 		.ascii	"size\000"
 1541      00
 1542              	.LASF40:
 1543 0085 433A5C55 		.ascii	"C:\\Users\\Chris\\Desktop\\ECEC 304\\Labs\\Lesson4_"
 1543      73657273 
 1543      5C436872 
 1543      69735C44 
 1543      65736B74 
 1544 00b2 4368616C 		.ascii	"Challenge.cydsn\000"
 1544      6C656E67 
 1544      652E6379 
 1544      64736E00 
 1545              	.LASF17:
 1546 00c2 72656738 		.ascii	"reg8\000"
 1546      00
 1547              	.LASF6:
 1548 00c7 6C6F6E67 		.ascii	"long unsigned int\000"
 1548      20756E73 
 1548      69676E65 
 1548      6420696E 
 1548      7400
 1549              	.LASF12:
 1550 00d9 75696E74 		.ascii	"uint8\000"
 1550      3800
 1551              	.LASF28:
 1552 00df 43594D45 		.ascii	"CYMEMZERO\000"
 1552      4D5A4552 
 1552      4F00
 1553              	.LASF2:
 1554 00e9 756E7369 		.ascii	"unsigned char\000"
 1554      676E6564 
 1554      20636861 
 1554      7200
 1555              	.LASF36:
 1556 00f7 6D656D73 		.ascii	"memset\000"
 1556      657400
 1557              	.LASF16:
 1558 00fe 646F7562 		.ascii	"double\000"
 1558      6C6500
 1559              	.LASF27:
 1560 0105 6366675F 		.ascii	"cfg_write_bytes32\000"
 1560      77726974 
ARM GAS  C:\Users\Chris\AppData\Local\Temp\ccqYm0VS.s 			page 36


 1560      655F6279 
 1560      74657333 
 1560      3200
 1561              	.LASF43:
 1562 0117 4379496E 		.ascii	"CyIntEnable\000"
 1562      74456E61 
 1562      626C6500 
 1563              	.LASF23:
 1564 0123 61646472 		.ascii	"addr_table\000"
 1564      5F746162 
 1564      6C6500
 1565              	.LASF13:
 1566 012e 75696E74 		.ascii	"uint16\000"
 1566      313600
 1567              	.LASF24:
 1568 0135 64617461 		.ascii	"data_table\000"
 1568      5F746162 
 1568      6C6500
 1569              	.LASF14:
 1570 0140 75696E74 		.ascii	"uint32\000"
 1570      333200
 1571              	.LASF0:
 1572 0147 756E7369 		.ascii	"unsigned int\000"
 1572      676E6564 
 1572      20696E74 
 1572      00
 1573              	.LASF41:
 1574 0154 63796669 		.ascii	"cyfitter_cfg\000"
 1574      74746572 
 1574      5F636667 
 1574      00
 1575              	.LASF32:
 1576 0161 61646472 		.ascii	"address\000"
 1576      65737300 
 1577              	.LASF8:
 1578 0169 6C6F6E67 		.ascii	"long long unsigned int\000"
 1578      206C6F6E 
 1578      6720756E 
 1578      7369676E 
 1578      65642069 
 1579              	.LASF19:
 1580 0180 63796973 		.ascii	"cyisraddress\000"
 1580      72616464 
 1580      72657373 
 1580      00
 1581              	.LASF34:
 1582 018d 6366675F 		.ascii	"cfg_memset_t\000"
 1582      6D656D73 
 1582      65745F74 
 1582      00
 1583              	.LASF25:
 1584 019a 62617365 		.ascii	"baseAddr\000"
 1584      41646472 
 1584      00
 1585              	.LASF9:
 1586 01a3 73697A65 		.ascii	"sizetype\000"
 1586      74797065 
ARM GAS  C:\Users\Chris\AppData\Local\Temp\ccqYm0VS.s 			page 37


 1586      00
 1587              	.LASF39:
 1588 01ac 2E5C4765 		.ascii	".\\Generated_Source\\PSoC4\\cyfitter_cfg.c\000"
 1588      6E657261 
 1588      7465645F 
 1588      536F7572 
 1588      63655C50 
 1589              	.LASF7:
 1590 01d4 6C6F6E67 		.ascii	"long long int\000"
 1590      206C6F6E 
 1590      6720696E 
 1590      7400
 1591              	.LASF10:
 1592 01e2 63686172 		.ascii	"char\000"
 1592      00
 1593              	.LASF38:
 1594 01e7 474E5520 		.ascii	"GNU C 4.9.3 20150303 (release) [ARM/embedded-4_9-br"
 1594      4320342E 
 1594      392E3320 
 1594      32303135 
 1594      30333033 
 1595 021a 616E6368 		.ascii	"anch revision 221220] -mcpu=cortex-m0 -mthumb -g -O"
 1595      20726576 
 1595      6973696F 
 1595      6E203232 
 1595      31323230 
 1596 024d 67202D66 		.ascii	"g -ffunction-sections -ffat-lto-objects\000"
 1596      66756E63 
 1596      74696F6E 
 1596      2D736563 
 1596      74696F6E 
 1597              	.LASF20:
 1598 0275 6F666673 		.ascii	"offset\000"
 1598      657400
 1599              	.LASF3:
 1600 027c 73686F72 		.ascii	"short int\000"
 1600      7420696E 
 1600      7400
 1601              	.LASF37:
 1602 0286 43795379 		.ascii	"CySysClkWriteImoFreq\000"
 1602      73436C6B 
 1602      57726974 
 1602      65496D6F 
 1602      46726571 
 1603              	.LASF5:
 1604 029b 6C6F6E67 		.ascii	"long int\000"
 1604      20696E74 
 1604      00
 1605              	.LASF1:
 1606 02a4 7369676E 		.ascii	"signed char\000"
 1606      65642063 
 1606      68617200 
 1607              	.LASF4:
 1608 02b0 73686F72 		.ascii	"short unsigned int\000"
 1608      7420756E 
 1608      7369676E 
 1608      65642069 
ARM GAS  C:\Users\Chris\AppData\Local\Temp\ccqYm0VS.s 			page 38


 1608      6E7400
 1609              		.ident	"GCC: (GNU Tools for ARM Embedded Processors) 4.9.3 20150303 (release) [ARM/embedded-4_9-br
