ARM GAS  C:\Users\Chris\AppData\Local\Temp\ccwx4zZq.s 			page 1


   1              		.cpu cortex-m0
   2              		.fpu softvfp
   3              		.eabi_attribute 20, 1
   4              		.eabi_attribute 21, 1
   5              		.eabi_attribute 23, 3
   6              		.eabi_attribute 24, 1
   7              		.eabi_attribute 25, 1
   8              		.eabi_attribute 26, 1
   9              		.eabi_attribute 30, 1
  10              		.eabi_attribute 34, 0
  11              		.eabi_attribute 18, 4
  12              		.code	16
  13              		.file	"main.c"
  14              		.text
  15              	.Ltext0:
  16              		.cfi_sections	.debug_frame
  17              		.section	.text.main,"ax",%progbits
  18              		.align	2
  19              		.global	main
  20              		.code	16
  21              		.thumb_func
  22              		.type	main, %function
  23              	main:
  24              	.LFB34:
  25              		.file 1 ".\\main.c"
   1:.\main.c      **** /* ========================================
   2:.\main.c      ****  *
   3:.\main.c      ****  * Copyright YOUR COMPANY, THE YEAR
   4:.\main.c      ****  * All Rights Reserved
   5:.\main.c      ****  * UNPUBLISHED, LICENSED SOFTWARE.
   6:.\main.c      ****  *
   7:.\main.c      ****  * CONFIDENTIAL AND PROPRIETARY INFORMATION
   8:.\main.c      ****  * WHICH IS THE PROPERTY OF your company.
   9:.\main.c      ****  *
  10:.\main.c      ****  * ========================================
  11:.\main.c      **** */
  12:.\main.c      **** #include <project.h>
  13:.\main.c      **** 
  14:.\main.c      **** int main()
  15:.\main.c      **** {
  26              		.loc 1 15 0
  27              		.cfi_startproc
  28 0000 10B5     		push	{r4, lr}
  29              		.cfi_def_cfa_offset 8
  30              		.cfi_offset 4, -8
  31              		.cfi_offset 14, -4
  16:.\main.c      ****     CyGlobalIntEnable; /* Enable global interrupts. */
  32              		.loc 1 16 0
  33              	@ 16 ".\main.c" 1
  34 0002 62B6     		CPSIE   i
  35              	@ 0 "" 2
  36              		.code	16
  37              	.L2:
  17:.\main.c      **** 
  18:.\main.c      ****     /* Place your initialization/startup code here (e.g. MyInst_Start()) */
  19:.\main.c      **** 
  20:.\main.c      ****     for(;;)
ARM GAS  C:\Users\Chris\AppData\Local\Temp\ccwx4zZq.s 			page 2


  21:.\main.c      ****     {
  22:.\main.c      ****         Pin_Red_Write( ~Pin_Red_Read() );
  38              		.loc 1 22 0 discriminator 1
  39 0004 FFF7FEFF 		bl	Pin_Red_Read
  40              	.LVL0:
  41 0008 C043     		mvn	r0, r0
  42 000a C0B2     		uxtb	r0, r0
  43 000c FFF7FEFF 		bl	Pin_Red_Write
  44              	.LVL1:
  23:.\main.c      ****         CyDelay(1000);
  45              		.loc 1 23 0 discriminator 1
  46 0010 FA24     		mov	r4, #250
  47 0012 A400     		lsl	r4, r4, #2
  48 0014 201C     		mov	r0, r4
  49 0016 FFF7FEFF 		bl	CyDelay
  50              	.LVL2:
  24:.\main.c      ****         Pin_Red_Write( ~Pin_Red_Read() );
  51              		.loc 1 24 0 discriminator 1
  52 001a FFF7FEFF 		bl	Pin_Red_Read
  53              	.LVL3:
  54 001e C043     		mvn	r0, r0
  55 0020 C0B2     		uxtb	r0, r0
  56 0022 FFF7FEFF 		bl	Pin_Red_Write
  57              	.LVL4:
  25:.\main.c      ****         Pin_Green_Write( ~Pin_Green_Read() );
  58              		.loc 1 25 0 discriminator 1
  59 0026 FFF7FEFF 		bl	Pin_Green_Read
  60              	.LVL5:
  61 002a C043     		mvn	r0, r0
  62 002c C0B2     		uxtb	r0, r0
  63 002e FFF7FEFF 		bl	Pin_Green_Write
  64              	.LVL6:
  26:.\main.c      ****         CyDelay(1000);
  65              		.loc 1 26 0 discriminator 1
  66 0032 201C     		mov	r0, r4
  67 0034 FFF7FEFF 		bl	CyDelay
  68              	.LVL7:
  27:.\main.c      ****         Pin_Green_Write( ~Pin_Green_Read() );
  69              		.loc 1 27 0 discriminator 1
  70 0038 FFF7FEFF 		bl	Pin_Green_Read
  71              	.LVL8:
  72 003c C043     		mvn	r0, r0
  73 003e C0B2     		uxtb	r0, r0
  74 0040 FFF7FEFF 		bl	Pin_Green_Write
  75              	.LVL9:
  28:.\main.c      ****     }
  76              		.loc 1 28 0 discriminator 1
  77 0044 DEE7     		b	.L2
  78              		.cfi_endproc
  79              	.LFE34:
  80              		.size	main, .-main
  81 0046 C046     		.text
  82              	.Letext0:
  83              		.file 2 "Generated_Source\\PSoC4/cytypes.h"
  84              		.file 3 "Generated_Source\\PSoC4/Pin_Red.h"
  85              		.file 4 "Generated_Source\\PSoC4/CyLib.h"
  86              		.file 5 "Generated_Source\\PSoC4/Pin_Green.h"
ARM GAS  C:\Users\Chris\AppData\Local\Temp\ccwx4zZq.s 			page 3


  87              		.section	.debug_info,"",%progbits
  88              	.Ldebug_info0:
  89 0000 6B010000 		.4byte	0x16b
  90 0004 0400     		.2byte	0x4
  91 0006 00000000 		.4byte	.Ldebug_abbrev0
  92 000a 04       		.byte	0x4
  93 000b 01       		.uleb128 0x1
  94 000c D0000000 		.4byte	.LASF19
  95 0010 01       		.byte	0x1
  96 0011 6B010000 		.4byte	.LASF20
  97 0015 74010000 		.4byte	.LASF21
  98 0019 00000000 		.4byte	.Ldebug_ranges0+0
  99 001d 00000000 		.4byte	0
 100 0021 00000000 		.4byte	.Ldebug_line0
 101 0025 02       		.uleb128 0x2
 102 0026 01       		.byte	0x1
 103 0027 06       		.byte	0x6
 104 0028 C4000000 		.4byte	.LASF0
 105 002c 02       		.uleb128 0x2
 106 002d 01       		.byte	0x1
 107 002e 08       		.byte	0x8
 108 002f 75000000 		.4byte	.LASF1
 109 0033 02       		.uleb128 0x2
 110 0034 02       		.byte	0x2
 111 0035 05       		.byte	0x5
 112 0036 91000000 		.4byte	.LASF2
 113 003a 02       		.uleb128 0x2
 114 003b 02       		.byte	0x2
 115 003c 07       		.byte	0x7
 116 003d B1000000 		.4byte	.LASF3
 117 0041 02       		.uleb128 0x2
 118 0042 04       		.byte	0x4
 119 0043 05       		.byte	0x5
 120 0044 88000000 		.4byte	.LASF4
 121 0048 02       		.uleb128 0x2
 122 0049 04       		.byte	0x4
 123 004a 07       		.byte	0x7
 124 004b 38000000 		.4byte	.LASF5
 125 004f 02       		.uleb128 0x2
 126 0050 08       		.byte	0x8
 127 0051 05       		.byte	0x5
 128 0052 00000000 		.4byte	.LASF6
 129 0056 02       		.uleb128 0x2
 130 0057 08       		.byte	0x8
 131 0058 07       		.byte	0x7
 132 0059 4A000000 		.4byte	.LASF7
 133 005d 03       		.uleb128 0x3
 134 005e 04       		.byte	0x4
 135 005f 05       		.byte	0x5
 136 0060 696E7400 		.ascii	"int\000"
 137 0064 02       		.uleb128 0x2
 138 0065 04       		.byte	0x4
 139 0066 07       		.byte	0x7
 140 0067 B1010000 		.4byte	.LASF8
 141 006b 04       		.uleb128 0x4
 142 006c 32000000 		.4byte	.LASF9
 143 0070 02       		.byte	0x2
ARM GAS  C:\Users\Chris\AppData\Local\Temp\ccwx4zZq.s 			page 4


 144 0071 9801     		.2byte	0x198
 145 0073 2C000000 		.4byte	0x2c
 146 0077 04       		.uleb128 0x4
 147 0078 0E000000 		.4byte	.LASF10
 148 007c 02       		.byte	0x2
 149 007d 9A01     		.2byte	0x19a
 150 007f 48000000 		.4byte	0x48
 151 0083 02       		.uleb128 0x2
 152 0084 04       		.byte	0x4
 153 0085 04       		.byte	0x4
 154 0086 61000000 		.4byte	.LASF11
 155 008a 02       		.uleb128 0x2
 156 008b 08       		.byte	0x8
 157 008c 04       		.byte	0x4
 158 008d AA000000 		.4byte	.LASF12
 159 0091 02       		.uleb128 0x2
 160 0092 01       		.byte	0x1
 161 0093 08       		.byte	0x8
 162 0094 83000000 		.4byte	.LASF13
 163 0098 02       		.uleb128 0x2
 164 0099 04       		.byte	0x4
 165 009a 07       		.byte	0x7
 166 009b BE010000 		.4byte	.LASF14
 167 009f 05       		.uleb128 0x5
 168 00a0 25000000 		.4byte	.LASF22
 169 00a4 01       		.byte	0x1
 170 00a5 0E       		.byte	0xe
 171 00a6 5D000000 		.4byte	0x5d
 172 00aa 00000000 		.4byte	.LFB34
 173 00ae 46000000 		.4byte	.LFE34-.LFB34
 174 00b2 01       		.uleb128 0x1
 175 00b3 9C       		.byte	0x9c
 176 00b4 29010000 		.4byte	0x129
 177 00b8 06       		.uleb128 0x6
 178 00b9 08000000 		.4byte	.LVL0
 179 00bd 29010000 		.4byte	0x129
 180 00c1 06       		.uleb128 0x6
 181 00c2 10000000 		.4byte	.LVL1
 182 00c6 34010000 		.4byte	0x134
 183 00ca 07       		.uleb128 0x7
 184 00cb 1A000000 		.4byte	.LVL2
 185 00cf 45010000 		.4byte	0x145
 186 00d3 DE000000 		.4byte	0xde
 187 00d7 08       		.uleb128 0x8
 188 00d8 01       		.uleb128 0x1
 189 00d9 50       		.byte	0x50
 190 00da 02       		.uleb128 0x2
 191 00db 74       		.byte	0x74
 192 00dc 00       		.sleb128 0
 193 00dd 00       		.byte	0
 194 00de 06       		.uleb128 0x6
 195 00df 1E000000 		.4byte	.LVL3
 196 00e3 29010000 		.4byte	0x129
 197 00e7 06       		.uleb128 0x6
 198 00e8 26000000 		.4byte	.LVL4
 199 00ec 34010000 		.4byte	0x134
 200 00f0 06       		.uleb128 0x6
ARM GAS  C:\Users\Chris\AppData\Local\Temp\ccwx4zZq.s 			page 5


 201 00f1 2A000000 		.4byte	.LVL5
 202 00f5 56010000 		.4byte	0x156
 203 00f9 06       		.uleb128 0x6
 204 00fa 32000000 		.4byte	.LVL6
 205 00fe 61010000 		.4byte	0x161
 206 0102 07       		.uleb128 0x7
 207 0103 38000000 		.4byte	.LVL7
 208 0107 45010000 		.4byte	0x145
 209 010b 16010000 		.4byte	0x116
 210 010f 08       		.uleb128 0x8
 211 0110 01       		.uleb128 0x1
 212 0111 50       		.byte	0x50
 213 0112 02       		.uleb128 0x2
 214 0113 74       		.byte	0x74
 215 0114 00       		.sleb128 0
 216 0115 00       		.byte	0
 217 0116 06       		.uleb128 0x6
 218 0117 3C000000 		.4byte	.LVL8
 219 011b 56010000 		.4byte	0x156
 220 011f 06       		.uleb128 0x6
 221 0120 44000000 		.4byte	.LVL9
 222 0124 61010000 		.4byte	0x161
 223 0128 00       		.byte	0
 224 0129 09       		.uleb128 0x9
 225 012a 5E010000 		.4byte	.LASF17
 226 012e 03       		.byte	0x3
 227 012f 32       		.byte	0x32
 228 0130 6B000000 		.4byte	0x6b
 229 0134 0A       		.uleb128 0xa
 230 0135 67000000 		.4byte	.LASF15
 231 0139 03       		.byte	0x3
 232 013a 33       		.byte	0x33
 233 013b 45010000 		.4byte	0x145
 234 013f 0B       		.uleb128 0xb
 235 0140 6B000000 		.4byte	0x6b
 236 0144 00       		.byte	0
 237 0145 0A       		.uleb128 0xa
 238 0146 2A000000 		.4byte	.LASF16
 239 014a 04       		.byte	0x4
 240 014b D7       		.byte	0xd7
 241 014c 56010000 		.4byte	0x156
 242 0150 0B       		.uleb128 0xb
 243 0151 77000000 		.4byte	0x77
 244 0155 00       		.byte	0
 245 0156 09       		.uleb128 0x9
 246 0157 9B000000 		.4byte	.LASF18
 247 015b 05       		.byte	0x5
 248 015c 32       		.byte	0x32
 249 015d 6B000000 		.4byte	0x6b
 250 0161 0C       		.uleb128 0xc
 251 0162 15000000 		.4byte	.LASF23
 252 0166 05       		.byte	0x5
 253 0167 33       		.byte	0x33
 254 0168 0B       		.uleb128 0xb
 255 0169 6B000000 		.4byte	0x6b
 256 016d 00       		.byte	0
 257 016e 00       		.byte	0
ARM GAS  C:\Users\Chris\AppData\Local\Temp\ccwx4zZq.s 			page 6


 258              		.section	.debug_abbrev,"",%progbits
 259              	.Ldebug_abbrev0:
 260 0000 01       		.uleb128 0x1
 261 0001 11       		.uleb128 0x11
 262 0002 01       		.byte	0x1
 263 0003 25       		.uleb128 0x25
 264 0004 0E       		.uleb128 0xe
 265 0005 13       		.uleb128 0x13
 266 0006 0B       		.uleb128 0xb
 267 0007 03       		.uleb128 0x3
 268 0008 0E       		.uleb128 0xe
 269 0009 1B       		.uleb128 0x1b
 270 000a 0E       		.uleb128 0xe
 271 000b 55       		.uleb128 0x55
 272 000c 17       		.uleb128 0x17
 273 000d 11       		.uleb128 0x11
 274 000e 01       		.uleb128 0x1
 275 000f 10       		.uleb128 0x10
 276 0010 17       		.uleb128 0x17
 277 0011 00       		.byte	0
 278 0012 00       		.byte	0
 279 0013 02       		.uleb128 0x2
 280 0014 24       		.uleb128 0x24
 281 0015 00       		.byte	0
 282 0016 0B       		.uleb128 0xb
 283 0017 0B       		.uleb128 0xb
 284 0018 3E       		.uleb128 0x3e
 285 0019 0B       		.uleb128 0xb
 286 001a 03       		.uleb128 0x3
 287 001b 0E       		.uleb128 0xe
 288 001c 00       		.byte	0
 289 001d 00       		.byte	0
 290 001e 03       		.uleb128 0x3
 291 001f 24       		.uleb128 0x24
 292 0020 00       		.byte	0
 293 0021 0B       		.uleb128 0xb
 294 0022 0B       		.uleb128 0xb
 295 0023 3E       		.uleb128 0x3e
 296 0024 0B       		.uleb128 0xb
 297 0025 03       		.uleb128 0x3
 298 0026 08       		.uleb128 0x8
 299 0027 00       		.byte	0
 300 0028 00       		.byte	0
 301 0029 04       		.uleb128 0x4
 302 002a 16       		.uleb128 0x16
 303 002b 00       		.byte	0
 304 002c 03       		.uleb128 0x3
 305 002d 0E       		.uleb128 0xe
 306 002e 3A       		.uleb128 0x3a
 307 002f 0B       		.uleb128 0xb
 308 0030 3B       		.uleb128 0x3b
 309 0031 05       		.uleb128 0x5
 310 0032 49       		.uleb128 0x49
 311 0033 13       		.uleb128 0x13
 312 0034 00       		.byte	0
 313 0035 00       		.byte	0
 314 0036 05       		.uleb128 0x5
ARM GAS  C:\Users\Chris\AppData\Local\Temp\ccwx4zZq.s 			page 7


 315 0037 2E       		.uleb128 0x2e
 316 0038 01       		.byte	0x1
 317 0039 3F       		.uleb128 0x3f
 318 003a 19       		.uleb128 0x19
 319 003b 03       		.uleb128 0x3
 320 003c 0E       		.uleb128 0xe
 321 003d 3A       		.uleb128 0x3a
 322 003e 0B       		.uleb128 0xb
 323 003f 3B       		.uleb128 0x3b
 324 0040 0B       		.uleb128 0xb
 325 0041 49       		.uleb128 0x49
 326 0042 13       		.uleb128 0x13
 327 0043 11       		.uleb128 0x11
 328 0044 01       		.uleb128 0x1
 329 0045 12       		.uleb128 0x12
 330 0046 06       		.uleb128 0x6
 331 0047 40       		.uleb128 0x40
 332 0048 18       		.uleb128 0x18
 333 0049 9742     		.uleb128 0x2117
 334 004b 19       		.uleb128 0x19
 335 004c 01       		.uleb128 0x1
 336 004d 13       		.uleb128 0x13
 337 004e 00       		.byte	0
 338 004f 00       		.byte	0
 339 0050 06       		.uleb128 0x6
 340 0051 898201   		.uleb128 0x4109
 341 0054 00       		.byte	0
 342 0055 11       		.uleb128 0x11
 343 0056 01       		.uleb128 0x1
 344 0057 31       		.uleb128 0x31
 345 0058 13       		.uleb128 0x13
 346 0059 00       		.byte	0
 347 005a 00       		.byte	0
 348 005b 07       		.uleb128 0x7
 349 005c 898201   		.uleb128 0x4109
 350 005f 01       		.byte	0x1
 351 0060 11       		.uleb128 0x11
 352 0061 01       		.uleb128 0x1
 353 0062 31       		.uleb128 0x31
 354 0063 13       		.uleb128 0x13
 355 0064 01       		.uleb128 0x1
 356 0065 13       		.uleb128 0x13
 357 0066 00       		.byte	0
 358 0067 00       		.byte	0
 359 0068 08       		.uleb128 0x8
 360 0069 8A8201   		.uleb128 0x410a
 361 006c 00       		.byte	0
 362 006d 02       		.uleb128 0x2
 363 006e 18       		.uleb128 0x18
 364 006f 9142     		.uleb128 0x2111
 365 0071 18       		.uleb128 0x18
 366 0072 00       		.byte	0
 367 0073 00       		.byte	0
 368 0074 09       		.uleb128 0x9
 369 0075 2E       		.uleb128 0x2e
 370 0076 00       		.byte	0
 371 0077 3F       		.uleb128 0x3f
ARM GAS  C:\Users\Chris\AppData\Local\Temp\ccwx4zZq.s 			page 8


 372 0078 19       		.uleb128 0x19
 373 0079 03       		.uleb128 0x3
 374 007a 0E       		.uleb128 0xe
 375 007b 3A       		.uleb128 0x3a
 376 007c 0B       		.uleb128 0xb
 377 007d 3B       		.uleb128 0x3b
 378 007e 0B       		.uleb128 0xb
 379 007f 27       		.uleb128 0x27
 380 0080 19       		.uleb128 0x19
 381 0081 49       		.uleb128 0x49
 382 0082 13       		.uleb128 0x13
 383 0083 3C       		.uleb128 0x3c
 384 0084 19       		.uleb128 0x19
 385 0085 00       		.byte	0
 386 0086 00       		.byte	0
 387 0087 0A       		.uleb128 0xa
 388 0088 2E       		.uleb128 0x2e
 389 0089 01       		.byte	0x1
 390 008a 3F       		.uleb128 0x3f
 391 008b 19       		.uleb128 0x19
 392 008c 03       		.uleb128 0x3
 393 008d 0E       		.uleb128 0xe
 394 008e 3A       		.uleb128 0x3a
 395 008f 0B       		.uleb128 0xb
 396 0090 3B       		.uleb128 0x3b
 397 0091 0B       		.uleb128 0xb
 398 0092 27       		.uleb128 0x27
 399 0093 19       		.uleb128 0x19
 400 0094 3C       		.uleb128 0x3c
 401 0095 19       		.uleb128 0x19
 402 0096 01       		.uleb128 0x1
 403 0097 13       		.uleb128 0x13
 404 0098 00       		.byte	0
 405 0099 00       		.byte	0
 406 009a 0B       		.uleb128 0xb
 407 009b 05       		.uleb128 0x5
 408 009c 00       		.byte	0
 409 009d 49       		.uleb128 0x49
 410 009e 13       		.uleb128 0x13
 411 009f 00       		.byte	0
 412 00a0 00       		.byte	0
 413 00a1 0C       		.uleb128 0xc
 414 00a2 2E       		.uleb128 0x2e
 415 00a3 01       		.byte	0x1
 416 00a4 3F       		.uleb128 0x3f
 417 00a5 19       		.uleb128 0x19
 418 00a6 03       		.uleb128 0x3
 419 00a7 0E       		.uleb128 0xe
 420 00a8 3A       		.uleb128 0x3a
 421 00a9 0B       		.uleb128 0xb
 422 00aa 3B       		.uleb128 0x3b
 423 00ab 0B       		.uleb128 0xb
 424 00ac 27       		.uleb128 0x27
 425 00ad 19       		.uleb128 0x19
 426 00ae 3C       		.uleb128 0x3c
 427 00af 19       		.uleb128 0x19
 428 00b0 00       		.byte	0
ARM GAS  C:\Users\Chris\AppData\Local\Temp\ccwx4zZq.s 			page 9


 429 00b1 00       		.byte	0
 430 00b2 00       		.byte	0
 431              		.section	.debug_aranges,"",%progbits
 432 0000 1C000000 		.4byte	0x1c
 433 0004 0200     		.2byte	0x2
 434 0006 00000000 		.4byte	.Ldebug_info0
 435 000a 04       		.byte	0x4
 436 000b 00       		.byte	0
 437 000c 0000     		.2byte	0
 438 000e 0000     		.2byte	0
 439 0010 00000000 		.4byte	.LFB34
 440 0014 46000000 		.4byte	.LFE34-.LFB34
 441 0018 00000000 		.4byte	0
 442 001c 00000000 		.4byte	0
 443              		.section	.debug_ranges,"",%progbits
 444              	.Ldebug_ranges0:
 445 0000 00000000 		.4byte	.LFB34
 446 0004 46000000 		.4byte	.LFE34
 447 0008 00000000 		.4byte	0
 448 000c 00000000 		.4byte	0
 449              		.section	.debug_line,"",%progbits
 450              	.Ldebug_line0:
 451 0000 A3000000 		.section	.debug_str,"MS",%progbits,1
 451      02006A00 
 451      00000201 
 451      FB0E0D00 
 451      01010101 
 452              	.LASF6:
 453 0000 6C6F6E67 		.ascii	"long long int\000"
 453      206C6F6E 
 453      6720696E 
 453      7400
 454              	.LASF10:
 455 000e 75696E74 		.ascii	"uint32\000"
 455      333200
 456              	.LASF23:
 457 0015 50696E5F 		.ascii	"Pin_Green_Write\000"
 457      47726565 
 457      6E5F5772 
 457      69746500 
 458              	.LASF22:
 459 0025 6D61696E 		.ascii	"main\000"
 459      00
 460              	.LASF16:
 461 002a 43794465 		.ascii	"CyDelay\000"
 461      6C617900 
 462              	.LASF9:
 463 0032 75696E74 		.ascii	"uint8\000"
 463      3800
 464              	.LASF5:
 465 0038 6C6F6E67 		.ascii	"long unsigned int\000"
 465      20756E73 
 465      69676E65 
 465      6420696E 
 465      7400
 466              	.LASF7:
 467 004a 6C6F6E67 		.ascii	"long long unsigned int\000"
ARM GAS  C:\Users\Chris\AppData\Local\Temp\ccwx4zZq.s 			page 10


 467      206C6F6E 
 467      6720756E 
 467      7369676E 
 467      65642069 
 468              	.LASF11:
 469 0061 666C6F61 		.ascii	"float\000"
 469      7400
 470              	.LASF15:
 471 0067 50696E5F 		.ascii	"Pin_Red_Write\000"
 471      5265645F 
 471      57726974 
 471      6500
 472              	.LASF1:
 473 0075 756E7369 		.ascii	"unsigned char\000"
 473      676E6564 
 473      20636861 
 473      7200
 474              	.LASF13:
 475 0083 63686172 		.ascii	"char\000"
 475      00
 476              	.LASF4:
 477 0088 6C6F6E67 		.ascii	"long int\000"
 477      20696E74 
 477      00
 478              	.LASF2:
 479 0091 73686F72 		.ascii	"short int\000"
 479      7420696E 
 479      7400
 480              	.LASF18:
 481 009b 50696E5F 		.ascii	"Pin_Green_Read\000"
 481      47726565 
 481      6E5F5265 
 481      616400
 482              	.LASF12:
 483 00aa 646F7562 		.ascii	"double\000"
 483      6C6500
 484              	.LASF3:
 485 00b1 73686F72 		.ascii	"short unsigned int\000"
 485      7420756E 
 485      7369676E 
 485      65642069 
 485      6E7400
 486              	.LASF0:
 487 00c4 7369676E 		.ascii	"signed char\000"
 487      65642063 
 487      68617200 
 488              	.LASF19:
 489 00d0 474E5520 		.ascii	"GNU C 4.9.3 20150303 (release) [ARM/embedded-4_9-br"
 489      4320342E 
 489      392E3320 
 489      32303135 
 489      30333033 
 490 0103 616E6368 		.ascii	"anch revision 221220] -mcpu=cortex-m0 -mthumb -g -O"
 490      20726576 
 490      6973696F 
 490      6E203232 
 490      31323230 
ARM GAS  C:\Users\Chris\AppData\Local\Temp\ccwx4zZq.s 			page 11


 491 0136 67202D66 		.ascii	"g -ffunction-sections -ffat-lto-objects\000"
 491      66756E63 
 491      74696F6E 
 491      2D736563 
 491      74696F6E 
 492              	.LASF17:
 493 015e 50696E5F 		.ascii	"Pin_Red_Read\000"
 493      5265645F 
 493      52656164 
 493      00
 494              	.LASF20:
 495 016b 2E5C6D61 		.ascii	".\\main.c\000"
 495      696E2E63 
 495      00
 496              	.LASF21:
 497 0174 433A5C55 		.ascii	"C:\\Users\\Chris\\Desktop\\ECEC 304\\Labs\\Lesson2_"
 497      73657273 
 497      5C436872 
 497      69735C44 
 497      65736B74 
 498 01a1 4368616C 		.ascii	"Challenge.cydsn\000"
 498      6C656E67 
 498      652E6379 
 498      64736E00 
 499              	.LASF8:
 500 01b1 756E7369 		.ascii	"unsigned int\000"
 500      676E6564 
 500      20696E74 
 500      00
 501              	.LASF14:
 502 01be 73697A65 		.ascii	"sizetype\000"
 502      74797065 
 502      00
 503              		.ident	"GCC: (GNU Tools for ARM Embedded Processors) 4.9.3 20150303 (release) [ARM/embedded-4_9-br
