ARM GAS  C:\Users\cdc75\AppData\Local\Temp\cciXzwPT.s 			page 1


   1              		.cpu cortex-m0
   2              		.fpu softvfp
   3              		.eabi_attribute 20, 1
   4              		.eabi_attribute 21, 1
   5              		.eabi_attribute 23, 3
   6              		.eabi_attribute 24, 1
   7              		.eabi_attribute 25, 1
   8              		.eabi_attribute 26, 1
   9              		.eabi_attribute 30, 1
  10              		.eabi_attribute 34, 0
  11              		.eabi_attribute 18, 4
  12              		.code	16
  13              		.file	"cyfitter_cfg.c"
  14              		.text
  15              	.Ltext0:
  16              		.cfi_sections	.debug_frame
  17              		.section	.text.cfg_write_bytes32,"ax",%progbits
  18              		.align	2
  19              		.code	16
  20              		.thumb_func
  21              		.type	cfg_write_bytes32, %function
  22              	cfg_write_bytes32:
  23              	.LFB3:
  24              		.file 1 ".\\Generated_Source\\PSoC4\\cyfitter_cfg.c"
   1:.\Generated_Source\PSoC4/cyfitter_cfg.c **** /*******************************************************************************
   2:.\Generated_Source\PSoC4/cyfitter_cfg.c **** * File Name: cyfitter_cfg.c
   3:.\Generated_Source\PSoC4/cyfitter_cfg.c **** * 
   4:.\Generated_Source\PSoC4/cyfitter_cfg.c **** * PSoC Creator  3.3 CP3
   5:.\Generated_Source\PSoC4/cyfitter_cfg.c **** *
   6:.\Generated_Source\PSoC4/cyfitter_cfg.c **** * Description:
   7:.\Generated_Source\PSoC4/cyfitter_cfg.c **** * This file contains device initialization code.
   8:.\Generated_Source\PSoC4/cyfitter_cfg.c **** * Except for the user defined sections in CyClockStartupError(), this file should not be modified.
   9:.\Generated_Source\PSoC4/cyfitter_cfg.c **** * This file is automatically generated by PSoC Creator.
  10:.\Generated_Source\PSoC4/cyfitter_cfg.c **** *
  11:.\Generated_Source\PSoC4/cyfitter_cfg.c **** ********************************************************************************
  12:.\Generated_Source\PSoC4/cyfitter_cfg.c **** * Copyright (c) 2007-2016 Cypress Semiconductor.  All rights reserved.
  13:.\Generated_Source\PSoC4/cyfitter_cfg.c **** * You may use this file only in accordance with the license, terms, conditions, 
  14:.\Generated_Source\PSoC4/cyfitter_cfg.c **** * disclaimers, and limitations in the end user license agreement accompanying 
  15:.\Generated_Source\PSoC4/cyfitter_cfg.c **** * the software package with which this file was provided.
  16:.\Generated_Source\PSoC4/cyfitter_cfg.c **** ********************************************************************************/
  17:.\Generated_Source\PSoC4/cyfitter_cfg.c **** 
  18:.\Generated_Source\PSoC4/cyfitter_cfg.c **** #include <string.h>
  19:.\Generated_Source\PSoC4/cyfitter_cfg.c **** #include "cytypes.h"
  20:.\Generated_Source\PSoC4/cyfitter_cfg.c **** #include "cydevice_trm.h"
  21:.\Generated_Source\PSoC4/cyfitter_cfg.c **** #include "cyfitter.h"
  22:.\Generated_Source\PSoC4/cyfitter_cfg.c **** #include "CyLib.h"
  23:.\Generated_Source\PSoC4/cyfitter_cfg.c **** #include "CyLFClk.h"
  24:.\Generated_Source\PSoC4/cyfitter_cfg.c **** #include "cyfitter_cfg.h"
  25:.\Generated_Source\PSoC4/cyfitter_cfg.c **** 
  26:.\Generated_Source\PSoC4/cyfitter_cfg.c **** 
  27:.\Generated_Source\PSoC4/cyfitter_cfg.c **** #if defined(__GNUC__) || defined(__ARMCC_VERSION)
  28:.\Generated_Source\PSoC4/cyfitter_cfg.c ****     #define CYPACKED 
  29:.\Generated_Source\PSoC4/cyfitter_cfg.c ****     #define CYPACKED_ATTR __attribute__ ((packed))
  30:.\Generated_Source\PSoC4/cyfitter_cfg.c ****     #define CYALIGNED __attribute__ ((aligned))
  31:.\Generated_Source\PSoC4/cyfitter_cfg.c ****     #define CY_CFG_UNUSED __attribute__ ((unused))
  32:.\Generated_Source\PSoC4/cyfitter_cfg.c ****     #ifndef CY_CFG_SECTION
  33:.\Generated_Source\PSoC4/cyfitter_cfg.c ****         #define CY_CFG_SECTION __attribute__ ((section(".psocinit")))
ARM GAS  C:\Users\cdc75\AppData\Local\Temp\cciXzwPT.s 			page 2


  34:.\Generated_Source\PSoC4/cyfitter_cfg.c ****     #endif
  35:.\Generated_Source\PSoC4/cyfitter_cfg.c ****     
  36:.\Generated_Source\PSoC4/cyfitter_cfg.c ****     #if defined(__ARMCC_VERSION)
  37:.\Generated_Source\PSoC4/cyfitter_cfg.c ****         #define CY_CFG_MEMORY_BARRIER() __memory_changed()
  38:.\Generated_Source\PSoC4/cyfitter_cfg.c ****     #else
  39:.\Generated_Source\PSoC4/cyfitter_cfg.c ****         #define CY_CFG_MEMORY_BARRIER() __sync_synchronize()
  40:.\Generated_Source\PSoC4/cyfitter_cfg.c ****     #endif
  41:.\Generated_Source\PSoC4/cyfitter_cfg.c ****     
  42:.\Generated_Source\PSoC4/cyfitter_cfg.c **** #elif defined(__ICCARM__)
  43:.\Generated_Source\PSoC4/cyfitter_cfg.c ****     #include <intrinsics.h>
  44:.\Generated_Source\PSoC4/cyfitter_cfg.c **** 
  45:.\Generated_Source\PSoC4/cyfitter_cfg.c ****     #define CYPACKED __packed
  46:.\Generated_Source\PSoC4/cyfitter_cfg.c ****     #define CYPACKED_ATTR 
  47:.\Generated_Source\PSoC4/cyfitter_cfg.c ****     #define CYALIGNED _Pragma("data_alignment=4")
  48:.\Generated_Source\PSoC4/cyfitter_cfg.c ****     #define CY_CFG_UNUSED _Pragma("diag_suppress=Pe177")
  49:.\Generated_Source\PSoC4/cyfitter_cfg.c ****     #define CY_CFG_SECTION _Pragma("location=\".psocinit\"")
  50:.\Generated_Source\PSoC4/cyfitter_cfg.c ****     
  51:.\Generated_Source\PSoC4/cyfitter_cfg.c ****     #define CY_CFG_MEMORY_BARRIER() __DMB()
  52:.\Generated_Source\PSoC4/cyfitter_cfg.c ****     
  53:.\Generated_Source\PSoC4/cyfitter_cfg.c **** #else
  54:.\Generated_Source\PSoC4/cyfitter_cfg.c ****     #error Unsupported toolchain
  55:.\Generated_Source\PSoC4/cyfitter_cfg.c **** #endif
  56:.\Generated_Source\PSoC4/cyfitter_cfg.c **** 
  57:.\Generated_Source\PSoC4/cyfitter_cfg.c **** 
  58:.\Generated_Source\PSoC4/cyfitter_cfg.c **** CY_CFG_UNUSED
  59:.\Generated_Source\PSoC4/cyfitter_cfg.c **** static void CYMEMZERO(void *s, size_t n);
  60:.\Generated_Source\PSoC4/cyfitter_cfg.c **** CY_CFG_UNUSED
  61:.\Generated_Source\PSoC4/cyfitter_cfg.c **** static void CYMEMZERO(void *s, size_t n)
  62:.\Generated_Source\PSoC4/cyfitter_cfg.c **** {
  63:.\Generated_Source\PSoC4/cyfitter_cfg.c **** 	(void)memset(s, 0, n);
  64:.\Generated_Source\PSoC4/cyfitter_cfg.c **** }
  65:.\Generated_Source\PSoC4/cyfitter_cfg.c **** CY_CFG_UNUSED
  66:.\Generated_Source\PSoC4/cyfitter_cfg.c **** static void CYCONFIGCPY(void *dest, const void *src, size_t n);
  67:.\Generated_Source\PSoC4/cyfitter_cfg.c **** CY_CFG_UNUSED
  68:.\Generated_Source\PSoC4/cyfitter_cfg.c **** static void CYCONFIGCPY(void *dest, const void *src, size_t n)
  69:.\Generated_Source\PSoC4/cyfitter_cfg.c **** {
  70:.\Generated_Source\PSoC4/cyfitter_cfg.c **** 	(void)memcpy(dest, src, n);
  71:.\Generated_Source\PSoC4/cyfitter_cfg.c **** }
  72:.\Generated_Source\PSoC4/cyfitter_cfg.c **** CY_CFG_UNUSED
  73:.\Generated_Source\PSoC4/cyfitter_cfg.c **** static void CYCONFIGCPYCODE(void *dest, const void *src, size_t n);
  74:.\Generated_Source\PSoC4/cyfitter_cfg.c **** CY_CFG_UNUSED
  75:.\Generated_Source\PSoC4/cyfitter_cfg.c **** static void CYCONFIGCPYCODE(void *dest, const void *src, size_t n)
  76:.\Generated_Source\PSoC4/cyfitter_cfg.c **** {
  77:.\Generated_Source\PSoC4/cyfitter_cfg.c **** 	(void)memcpy(dest, src, n);
  78:.\Generated_Source\PSoC4/cyfitter_cfg.c **** }
  79:.\Generated_Source\PSoC4/cyfitter_cfg.c **** 
  80:.\Generated_Source\PSoC4/cyfitter_cfg.c **** 
  81:.\Generated_Source\PSoC4/cyfitter_cfg.c **** 
  82:.\Generated_Source\PSoC4/cyfitter_cfg.c **** /* Clock startup error codes                                                   */
  83:.\Generated_Source\PSoC4/cyfitter_cfg.c **** #define CYCLOCKSTART_NO_ERROR    0u
  84:.\Generated_Source\PSoC4/cyfitter_cfg.c **** #define CYCLOCKSTART_XTAL_ERROR  1u
  85:.\Generated_Source\PSoC4/cyfitter_cfg.c **** #define CYCLOCKSTART_32KHZ_ERROR 2u
  86:.\Generated_Source\PSoC4/cyfitter_cfg.c **** #define CYCLOCKSTART_PLL_ERROR   3u
  87:.\Generated_Source\PSoC4/cyfitter_cfg.c **** 
  88:.\Generated_Source\PSoC4/cyfitter_cfg.c **** #ifdef CY_NEED_CYCLOCKSTARTUPERROR
  89:.\Generated_Source\PSoC4/cyfitter_cfg.c **** /*******************************************************************************
  90:.\Generated_Source\PSoC4/cyfitter_cfg.c **** * Function Name: CyClockStartupError
ARM GAS  C:\Users\cdc75\AppData\Local\Temp\cciXzwPT.s 			page 3


  91:.\Generated_Source\PSoC4/cyfitter_cfg.c **** ********************************************************************************
  92:.\Generated_Source\PSoC4/cyfitter_cfg.c **** * Summary:
  93:.\Generated_Source\PSoC4/cyfitter_cfg.c **** *  If an error is encountered during clock configuration (crystal startup error,
  94:.\Generated_Source\PSoC4/cyfitter_cfg.c **** *  PLL lock error, etc.), the system will end up here.  Unless reimplemented by
  95:.\Generated_Source\PSoC4/cyfitter_cfg.c **** *  the customer, this function will stop in an infinite loop.
  96:.\Generated_Source\PSoC4/cyfitter_cfg.c **** *
  97:.\Generated_Source\PSoC4/cyfitter_cfg.c **** * Parameters:
  98:.\Generated_Source\PSoC4/cyfitter_cfg.c **** *   void
  99:.\Generated_Source\PSoC4/cyfitter_cfg.c **** *
 100:.\Generated_Source\PSoC4/cyfitter_cfg.c **** * Return:
 101:.\Generated_Source\PSoC4/cyfitter_cfg.c **** *   void
 102:.\Generated_Source\PSoC4/cyfitter_cfg.c **** *
 103:.\Generated_Source\PSoC4/cyfitter_cfg.c **** *******************************************************************************/
 104:.\Generated_Source\PSoC4/cyfitter_cfg.c **** CY_CFG_UNUSED
 105:.\Generated_Source\PSoC4/cyfitter_cfg.c **** static void CyClockStartupError(uint8 errorCode);
 106:.\Generated_Source\PSoC4/cyfitter_cfg.c **** CY_CFG_UNUSED
 107:.\Generated_Source\PSoC4/cyfitter_cfg.c **** static void CyClockStartupError(uint8 errorCode)
 108:.\Generated_Source\PSoC4/cyfitter_cfg.c **** {
 109:.\Generated_Source\PSoC4/cyfitter_cfg.c ****     /* To remove the compiler warning if errorCode not used.                */
 110:.\Generated_Source\PSoC4/cyfitter_cfg.c ****     errorCode = errorCode;
 111:.\Generated_Source\PSoC4/cyfitter_cfg.c **** 
 112:.\Generated_Source\PSoC4/cyfitter_cfg.c ****     /* `#START CyClockStartupError` */
 113:.\Generated_Source\PSoC4/cyfitter_cfg.c **** 
 114:.\Generated_Source\PSoC4/cyfitter_cfg.c ****     /* If we have a clock startup error (bad MHz crystal, PLL lock, etc.),  */
 115:.\Generated_Source\PSoC4/cyfitter_cfg.c ****     /* we will end up here to allow the customer to implement something to  */
 116:.\Generated_Source\PSoC4/cyfitter_cfg.c ****     /* deal with the clock condition.                                       */
 117:.\Generated_Source\PSoC4/cyfitter_cfg.c **** 
 118:.\Generated_Source\PSoC4/cyfitter_cfg.c ****     /* `#END` */
 119:.\Generated_Source\PSoC4/cyfitter_cfg.c **** 
 120:.\Generated_Source\PSoC4/cyfitter_cfg.c ****     /* If nothing else, stop here since the clocks have not started         */
 121:.\Generated_Source\PSoC4/cyfitter_cfg.c ****     /* correctly.                                                           */
 122:.\Generated_Source\PSoC4/cyfitter_cfg.c ****     while(1) {}
 123:.\Generated_Source\PSoC4/cyfitter_cfg.c **** }
 124:.\Generated_Source\PSoC4/cyfitter_cfg.c **** #endif
 125:.\Generated_Source\PSoC4/cyfitter_cfg.c **** 
 126:.\Generated_Source\PSoC4/cyfitter_cfg.c **** #define CY_CFG_BASE_ADDR_COUNT 4u
 127:.\Generated_Source\PSoC4/cyfitter_cfg.c **** CYPACKED typedef struct
 128:.\Generated_Source\PSoC4/cyfitter_cfg.c **** {
 129:.\Generated_Source\PSoC4/cyfitter_cfg.c **** 	uint8 offset;
 130:.\Generated_Source\PSoC4/cyfitter_cfg.c **** 	uint8 value;
 131:.\Generated_Source\PSoC4/cyfitter_cfg.c **** } CYPACKED_ATTR cy_cfg_addrvalue_t;
 132:.\Generated_Source\PSoC4/cyfitter_cfg.c **** 
 133:.\Generated_Source\PSoC4/cyfitter_cfg.c **** 
 134:.\Generated_Source\PSoC4/cyfitter_cfg.c **** 
 135:.\Generated_Source\PSoC4/cyfitter_cfg.c **** /*******************************************************************************
 136:.\Generated_Source\PSoC4/cyfitter_cfg.c **** * Function Name: cfg_write_bytes32
 137:.\Generated_Source\PSoC4/cyfitter_cfg.c **** ********************************************************************************
 138:.\Generated_Source\PSoC4/cyfitter_cfg.c **** * Summary:
 139:.\Generated_Source\PSoC4/cyfitter_cfg.c **** *  This function is used for setting up the chip configuration areas that
 140:.\Generated_Source\PSoC4/cyfitter_cfg.c **** *  contain relatively sparse data.
 141:.\Generated_Source\PSoC4/cyfitter_cfg.c **** *
 142:.\Generated_Source\PSoC4/cyfitter_cfg.c **** * Parameters:
 143:.\Generated_Source\PSoC4/cyfitter_cfg.c **** *   void
 144:.\Generated_Source\PSoC4/cyfitter_cfg.c **** *
 145:.\Generated_Source\PSoC4/cyfitter_cfg.c **** * Return:
 146:.\Generated_Source\PSoC4/cyfitter_cfg.c **** *   void
 147:.\Generated_Source\PSoC4/cyfitter_cfg.c **** *
ARM GAS  C:\Users\cdc75\AppData\Local\Temp\cciXzwPT.s 			page 4


 148:.\Generated_Source\PSoC4/cyfitter_cfg.c **** *******************************************************************************/
 149:.\Generated_Source\PSoC4/cyfitter_cfg.c **** static void cfg_write_bytes32(const uint32 addr_table[], const cy_cfg_addrvalue_t data_table[]);
 150:.\Generated_Source\PSoC4/cyfitter_cfg.c **** static void cfg_write_bytes32(const uint32 addr_table[], const cy_cfg_addrvalue_t data_table[])
 151:.\Generated_Source\PSoC4/cyfitter_cfg.c **** {
  25              		.loc 1 151 0
  26              		.cfi_startproc
  27              	.LVL0:
  28 0000 F0B5     		push	{r4, r5, r6, r7, lr}
  29              		.cfi_def_cfa_offset 20
  30              		.cfi_offset 4, -20
  31              		.cfi_offset 5, -16
  32              		.cfi_offset 6, -12
  33              		.cfi_offset 7, -8
  34              		.cfi_offset 14, -4
  35              	.LVL1:
 152:.\Generated_Source\PSoC4/cyfitter_cfg.c **** 	/* For 32-bit little-endian architectures */
 153:.\Generated_Source\PSoC4/cyfitter_cfg.c **** 	uint32 i, j = 0u;
  36              		.loc 1 153 0
  37 0002 0025     		mov	r5, #0
 154:.\Generated_Source\PSoC4/cyfitter_cfg.c **** 	for (i = 0u; i < CY_CFG_BASE_ADDR_COUNT; i++)
  38              		.loc 1 154 0
  39 0004 0027     		mov	r7, #0
  40 0006 11E0     		b	.L2
  41              	.LVL2:
  42              	.L5:
  43              	.LBB2:
 155:.\Generated_Source\PSoC4/cyfitter_cfg.c **** 	{
 156:.\Generated_Source\PSoC4/cyfitter_cfg.c **** 		uint32 baseAddr = addr_table[i];
  44              		.loc 1 156 0
  45 0008 BB00     		lsl	r3, r7, #2
  46 000a C658     		ldr	r6, [r0, r3]
  47              	.LVL3:
 157:.\Generated_Source\PSoC4/cyfitter_cfg.c **** 		uint8 count = (uint8)baseAddr;
  48              		.loc 1 157 0
  49 000c F3B2     		uxtb	r3, r6
  50              	.LVL4:
 158:.\Generated_Source\PSoC4/cyfitter_cfg.c **** 		baseAddr &= 0xFFFFFF00u;
  51              		.loc 1 158 0
  52 000e FF22     		mov	r2, #255
  53 0010 9643     		bic	r6, r2
  54              	.LVL5:
 159:.\Generated_Source\PSoC4/cyfitter_cfg.c **** 		while (count != 0u)
  55              		.loc 1 159 0
  56 0012 08E0     		b	.L3
  57              	.L4:
 160:.\Generated_Source\PSoC4/cyfitter_cfg.c **** 		{
 161:.\Generated_Source\PSoC4/cyfitter_cfg.c **** 			CY_SET_XTND_REG8((void CYFAR *)(baseAddr + data_table[j].offset), data_table[j].value);
  58              		.loc 1 161 0
  59 0014 6A00     		lsl	r2, r5, #1
  60 0016 8A18     		add	r2, r1, r2
  61 0018 1478     		ldrb	r4, [r2]
  62 001a A419     		add	r4, r4, r6
  63 001c 5278     		ldrb	r2, [r2, #1]
  64 001e 2270     		strb	r2, [r4]
 162:.\Generated_Source\PSoC4/cyfitter_cfg.c **** 			j++;
  65              		.loc 1 162 0
  66 0020 0135     		add	r5, r5, #1
ARM GAS  C:\Users\cdc75\AppData\Local\Temp\cciXzwPT.s 			page 5


  67              	.LVL6:
 163:.\Generated_Source\PSoC4/cyfitter_cfg.c **** 			count--;
  68              		.loc 1 163 0
  69 0022 013B     		sub	r3, r3, #1
  70              	.LVL7:
  71 0024 DBB2     		uxtb	r3, r3
  72              	.LVL8:
  73              	.L3:
 159:.\Generated_Source\PSoC4/cyfitter_cfg.c **** 		{
  74              		.loc 1 159 0
  75 0026 002B     		cmp	r3, #0
  76 0028 F4D1     		bne	.L4
  77              	.LBE2:
 154:.\Generated_Source\PSoC4/cyfitter_cfg.c **** 	{
  78              		.loc 1 154 0 discriminator 2
  79 002a 0137     		add	r7, r7, #1
  80              	.LVL9:
  81              	.L2:
 154:.\Generated_Source\PSoC4/cyfitter_cfg.c **** 	{
  82              		.loc 1 154 0 is_stmt 0 discriminator 1
  83 002c 032F     		cmp	r7, #3
  84 002e EBD9     		bls	.L5
 164:.\Generated_Source\PSoC4/cyfitter_cfg.c **** 		}
 165:.\Generated_Source\PSoC4/cyfitter_cfg.c **** 	}
 166:.\Generated_Source\PSoC4/cyfitter_cfg.c **** }
  85              		.loc 1 166 0 is_stmt 1
  86              		@ sp needed
  87              	.LVL10:
  88              	.LVL11:
  89 0030 F0BD     		pop	{r4, r5, r6, r7, pc}
  90              		.cfi_endproc
  91              	.LFE3:
  92              		.size	cfg_write_bytes32, .-cfg_write_bytes32
  93 0032 C046     		.section	.text.CYMEMZERO,"ax",%progbits
  94              		.align	2
  95              		.code	16
  96              		.thumb_func
  97              		.type	CYMEMZERO, %function
  98              	CYMEMZERO:
  99              	.LFB0:
  62:.\Generated_Source\PSoC4/cyfitter_cfg.c **** 	(void)memset(s, 0, n);
 100              		.loc 1 62 0
 101              		.cfi_startproc
 102              	.LVL12:
 103 0000 08B5     		push	{r3, lr}
 104              		.cfi_def_cfa_offset 8
 105              		.cfi_offset 3, -8
 106              		.cfi_offset 14, -4
 107 0002 0A1C     		mov	r2, r1
  63:.\Generated_Source\PSoC4/cyfitter_cfg.c **** }
 108              		.loc 1 63 0
 109 0004 0021     		mov	r1, #0
 110              	.LVL13:
 111 0006 FFF7FEFF 		bl	memset
 112              	.LVL14:
  64:.\Generated_Source\PSoC4/cyfitter_cfg.c **** CY_CFG_UNUSED
 113              		.loc 1 64 0
ARM GAS  C:\Users\cdc75\AppData\Local\Temp\cciXzwPT.s 			page 6


 114              		@ sp needed
 115 000a 08BD     		pop	{r3, pc}
 116              		.cfi_endproc
 117              	.LFE0:
 118              		.size	CYMEMZERO, .-CYMEMZERO
 119              		.section	.psocinit,"ax",%progbits
 120              		.align	2
 121              		.code	16
 122              		.thumb_func
 123              		.type	ClockSetup, %function
 124              	ClockSetup:
 125              	.LFB4:
 167:.\Generated_Source\PSoC4/cyfitter_cfg.c **** 
 168:.\Generated_Source\PSoC4/cyfitter_cfg.c **** 
 169:.\Generated_Source\PSoC4/cyfitter_cfg.c **** /*******************************************************************************
 170:.\Generated_Source\PSoC4/cyfitter_cfg.c **** * Function Name: ClockSetup
 171:.\Generated_Source\PSoC4/cyfitter_cfg.c **** ********************************************************************************
 172:.\Generated_Source\PSoC4/cyfitter_cfg.c **** *
 173:.\Generated_Source\PSoC4/cyfitter_cfg.c **** * Summary:
 174:.\Generated_Source\PSoC4/cyfitter_cfg.c **** *   Performs the initialization of all of the clocks in the device based on the
 175:.\Generated_Source\PSoC4/cyfitter_cfg.c **** *   settings in the Clock tab of the DWR.  This includes enabling the requested
 176:.\Generated_Source\PSoC4/cyfitter_cfg.c **** *   clocks and setting the necessary dividers to produce the desired frequency. 
 177:.\Generated_Source\PSoC4/cyfitter_cfg.c **** *
 178:.\Generated_Source\PSoC4/cyfitter_cfg.c **** * Parameters:
 179:.\Generated_Source\PSoC4/cyfitter_cfg.c **** *   void
 180:.\Generated_Source\PSoC4/cyfitter_cfg.c **** *
 181:.\Generated_Source\PSoC4/cyfitter_cfg.c **** * Return:
 182:.\Generated_Source\PSoC4/cyfitter_cfg.c **** *   void
 183:.\Generated_Source\PSoC4/cyfitter_cfg.c **** *
 184:.\Generated_Source\PSoC4/cyfitter_cfg.c **** *******************************************************************************/
 185:.\Generated_Source\PSoC4/cyfitter_cfg.c **** static void ClockSetup(void);
 186:.\Generated_Source\PSoC4/cyfitter_cfg.c **** CY_CFG_SECTION
 187:.\Generated_Source\PSoC4/cyfitter_cfg.c **** static void ClockSetup(void)
 188:.\Generated_Source\PSoC4/cyfitter_cfg.c **** {
 126              		.loc 1 188 0
 127              		.cfi_startproc
 128 0000 38B5     		push	{r3, r4, r5, lr}
 129              		.cfi_def_cfa_offset 16
 130              		.cfi_offset 3, -16
 131              		.cfi_offset 4, -12
 132              		.cfi_offset 5, -8
 133              		.cfi_offset 14, -4
 189:.\Generated_Source\PSoC4/cyfitter_cfg.c **** 	/* Enable HALF_EN before trimming for the flash accelerator. */
 190:.\Generated_Source\PSoC4/cyfitter_cfg.c **** 	CY_SET_REG32((void CYXDATA *)(CYREG_CLK_SELECT), (CY_GET_REG32((void *)CYREG_CLK_SELECT) | 0x00040
 134              		.loc 1 190 0
 135 0002 134C     		ldr	r4, .L8
 136 0004 2368     		ldr	r3, [r4]
 137 0006 8022     		mov	r2, #128
 138 0008 D202     		lsl	r2, r2, #11
 139 000a 1343     		orr	r3, r2
 140 000c 2360     		str	r3, [r4]
 191:.\Generated_Source\PSoC4/cyfitter_cfg.c **** 
 192:.\Generated_Source\PSoC4/cyfitter_cfg.c **** 	/* Setup and trim IMO based on desired frequency. */
 193:.\Generated_Source\PSoC4/cyfitter_cfg.c **** 	CySysClkWriteImoFreq(24u);
 141              		.loc 1 193 0
 142 000e 1820     		mov	r0, #24
 143 0010 FFF7FEFF 		bl	CySysClkWriteImoFreq
ARM GAS  C:\Users\cdc75\AppData\Local\Temp\cciXzwPT.s 			page 7


 144              	.LVL15:
 194:.\Generated_Source\PSoC4/cyfitter_cfg.c **** 
 195:.\Generated_Source\PSoC4/cyfitter_cfg.c **** 	/* Disable HALF_EN since it is not required at this IMO frequency. */
 196:.\Generated_Source\PSoC4/cyfitter_cfg.c **** 	CY_SET_REG32((void CYXDATA *)(CYREG_CLK_SELECT), (CY_GET_REG32((void *)CYREG_CLK_SELECT) & 0xFFFBF
 145              		.loc 1 196 0
 146 0014 2268     		ldr	r2, [r4]
 147 0016 0F4B     		ldr	r3, .L8+4
 148 0018 1340     		and	r3, r2
 149 001a 2360     		str	r3, [r4]
 197:.\Generated_Source\PSoC4/cyfitter_cfg.c **** 	/* CYDEV_CLK_ILO_CONFIG Starting address: CYDEV_CLK_ILO_CONFIG */
 198:.\Generated_Source\PSoC4/cyfitter_cfg.c **** 	CY_SET_XTND_REG32((void CYFAR *)(CYREG_CLK_ILO_CONFIG), 0x80000006u);
 150              		.loc 1 198 0
 151 001c 0E4A     		ldr	r2, .L8+8
 152 001e 0F4B     		ldr	r3, .L8+12
 153 0020 1A60     		str	r2, [r3]
 199:.\Generated_Source\PSoC4/cyfitter_cfg.c **** 
 200:.\Generated_Source\PSoC4/cyfitter_cfg.c **** 
 201:.\Generated_Source\PSoC4/cyfitter_cfg.c **** 	/* CYDEV_CLK_SELECT00 Starting address: CYDEV_CLK_SELECT00 */
 202:.\Generated_Source\PSoC4/cyfitter_cfg.c **** 	CY_SET_XTND_REG32((void CYFAR *)(CYREG_CLK_SELECT08), 0x00000010u);
 154              		.loc 1 202 0
 155 0022 1022     		mov	r2, #16
 156 0024 0E4B     		ldr	r3, .L8+16
 157 0026 1A60     		str	r2, [r3]
 203:.\Generated_Source\PSoC4/cyfitter_cfg.c **** 
 204:.\Generated_Source\PSoC4/cyfitter_cfg.c **** 	/* CYDEV_CLK_IMO_CONFIG Starting address: CYDEV_CLK_IMO_CONFIG */
 205:.\Generated_Source\PSoC4/cyfitter_cfg.c **** 	CY_SET_XTND_REG32((void CYFAR *)(CYREG_CLK_IMO_CONFIG), 0x80000000u);
 158              		.loc 1 205 0
 159 0028 8022     		mov	r2, #128
 160 002a 1206     		lsl	r2, r2, #24
 161 002c 0D4B     		ldr	r3, .L8+20
 162 002e 1A60     		str	r2, [r3]
 206:.\Generated_Source\PSoC4/cyfitter_cfg.c **** 
 207:.\Generated_Source\PSoC4/cyfitter_cfg.c **** 	/* CYDEV_CLK_SELECT Starting address: CYDEV_CLK_SELECT */
 208:.\Generated_Source\PSoC4/cyfitter_cfg.c **** 	CY_SET_XTND_REG32((void CYFAR *)(CYREG_CLK_SELECT), 0x00000000u);
 163              		.loc 1 208 0
 164 0030 0025     		mov	r5, #0
 165 0032 2560     		str	r5, [r4]
 209:.\Generated_Source\PSoC4/cyfitter_cfg.c **** 
 210:.\Generated_Source\PSoC4/cyfitter_cfg.c **** 	/* CYDEV_CLK_DIVIDER_A00 Starting address: CYDEV_CLK_DIVIDER_A00 */
 211:.\Generated_Source\PSoC4/cyfitter_cfg.c **** 	CY_SET_XTND_REG32((void CYFAR *)(CYREG_CLK_DIVIDER_A00), 0x80000001u);
 166              		.loc 1 211 0
 167 0034 0C4A     		ldr	r2, .L8+24
 168 0036 0D4B     		ldr	r3, .L8+28
 169 0038 1A60     		str	r2, [r3]
 212:.\Generated_Source\PSoC4/cyfitter_cfg.c **** 
 213:.\Generated_Source\PSoC4/cyfitter_cfg.c **** 	(void)CyIntSetVector(9u, &CySysWdtIsr);
 170              		.loc 1 213 0
 171 003a 0920     		mov	r0, #9
 172 003c 0C49     		ldr	r1, .L8+32
 173 003e FFF7FEFF 		bl	CyIntSetVector
 174              	.LVL16:
 214:.\Generated_Source\PSoC4/cyfitter_cfg.c **** 	CyIntEnable(9u);
 175              		.loc 1 214 0
 176 0042 0920     		mov	r0, #9
 177 0044 FFF7FEFF 		bl	CyIntEnable
 178              	.LVL17:
 215:.\Generated_Source\PSoC4/cyfitter_cfg.c **** 	CY_SET_XTND_REG32((void CYFAR *)(CYREG_WDT_CONFIG), 0x00000000u);
ARM GAS  C:\Users\cdc75\AppData\Local\Temp\cciXzwPT.s 			page 8


 179              		.loc 1 215 0
 180 0048 0A4B     		ldr	r3, .L8+36
 181 004a 1D60     		str	r5, [r3]
 216:.\Generated_Source\PSoC4/cyfitter_cfg.c **** }
 182              		.loc 1 216 0
 183              		@ sp needed
 184 004c 38BD     		pop	{r3, r4, r5, pc}
 185              	.L9:
 186 004e C046     		.align	2
 187              	.L8:
 188 0050 00010B40 		.word	1074462976
 189 0054 FFFFFBFF 		.word	-262145
 190 0058 06000080 		.word	-2147483642
 191 005c 04010B40 		.word	1074462980
 192 0060 20020240 		.word	1073873440
 193 0064 08010B40 		.word	1074462984
 194 0068 01000080 		.word	-2147483647
 195 006c 00000240 		.word	1073872896
 196 0070 00000000 		.word	CySysWdtIsr
 197 0074 0C020B40 		.word	1074463244
 198              		.cfi_endproc
 199              	.LFE4:
 200              		.size	ClockSetup, .-ClockSetup
 201              		.align	2
 202              		.global	cyfitter_cfg
 203              		.code	16
 204              		.thumb_func
 205              		.type	cyfitter_cfg, %function
 206              	cyfitter_cfg:
 207              	.LFB6:
 217:.\Generated_Source\PSoC4/cyfitter_cfg.c **** 
 218:.\Generated_Source\PSoC4/cyfitter_cfg.c **** 
 219:.\Generated_Source\PSoC4/cyfitter_cfg.c **** /* Analog API Functions */
 220:.\Generated_Source\PSoC4/cyfitter_cfg.c **** 
 221:.\Generated_Source\PSoC4/cyfitter_cfg.c **** 
 222:.\Generated_Source\PSoC4/cyfitter_cfg.c **** /*******************************************************************************
 223:.\Generated_Source\PSoC4/cyfitter_cfg.c **** * Function Name: AnalogSetDefault
 224:.\Generated_Source\PSoC4/cyfitter_cfg.c **** ********************************************************************************
 225:.\Generated_Source\PSoC4/cyfitter_cfg.c **** *
 226:.\Generated_Source\PSoC4/cyfitter_cfg.c **** * Summary:
 227:.\Generated_Source\PSoC4/cyfitter_cfg.c **** *  Sets up the analog portions of the chip to default values based on chip
 228:.\Generated_Source\PSoC4/cyfitter_cfg.c **** *  configuration options from the project.
 229:.\Generated_Source\PSoC4/cyfitter_cfg.c **** *
 230:.\Generated_Source\PSoC4/cyfitter_cfg.c **** * Parameters:
 231:.\Generated_Source\PSoC4/cyfitter_cfg.c **** *  void
 232:.\Generated_Source\PSoC4/cyfitter_cfg.c **** *
 233:.\Generated_Source\PSoC4/cyfitter_cfg.c **** * Return:
 234:.\Generated_Source\PSoC4/cyfitter_cfg.c **** *  void
 235:.\Generated_Source\PSoC4/cyfitter_cfg.c **** *
 236:.\Generated_Source\PSoC4/cyfitter_cfg.c **** *******************************************************************************/
 237:.\Generated_Source\PSoC4/cyfitter_cfg.c **** static void AnalogSetDefault(void);
 238:.\Generated_Source\PSoC4/cyfitter_cfg.c **** static void AnalogSetDefault(void)
 239:.\Generated_Source\PSoC4/cyfitter_cfg.c **** {
 240:.\Generated_Source\PSoC4/cyfitter_cfg.c **** }
 241:.\Generated_Source\PSoC4/cyfitter_cfg.c **** 
 242:.\Generated_Source\PSoC4/cyfitter_cfg.c **** #define CY_AMUX_UNUSED CYREG_CM0_ROM_DWT
 243:.\Generated_Source\PSoC4/cyfitter_cfg.c **** 
ARM GAS  C:\Users\cdc75\AppData\Local\Temp\cciXzwPT.s 			page 9


 244:.\Generated_Source\PSoC4/cyfitter_cfg.c **** 
 245:.\Generated_Source\PSoC4/cyfitter_cfg.c **** /*******************************************************************************
 246:.\Generated_Source\PSoC4/cyfitter_cfg.c **** * Function Name: cyfitter_cfg
 247:.\Generated_Source\PSoC4/cyfitter_cfg.c **** ********************************************************************************
 248:.\Generated_Source\PSoC4/cyfitter_cfg.c **** * Summary:
 249:.\Generated_Source\PSoC4/cyfitter_cfg.c **** *  This function is called by the start-up code for the selected device. It
 250:.\Generated_Source\PSoC4/cyfitter_cfg.c **** *  performs all of the necessary device configuration based on the design
 251:.\Generated_Source\PSoC4/cyfitter_cfg.c **** *  settings.  This includes settings from the Design Wide Resources (DWR) such
 252:.\Generated_Source\PSoC4/cyfitter_cfg.c **** *  as Clocks and Pins as well as any component configuration that is necessary.
 253:.\Generated_Source\PSoC4/cyfitter_cfg.c **** *
 254:.\Generated_Source\PSoC4/cyfitter_cfg.c **** * Parameters:  
 255:.\Generated_Source\PSoC4/cyfitter_cfg.c **** *   void
 256:.\Generated_Source\PSoC4/cyfitter_cfg.c **** *
 257:.\Generated_Source\PSoC4/cyfitter_cfg.c **** * Return:
 258:.\Generated_Source\PSoC4/cyfitter_cfg.c **** *   void
 259:.\Generated_Source\PSoC4/cyfitter_cfg.c **** *
 260:.\Generated_Source\PSoC4/cyfitter_cfg.c **** *******************************************************************************/
 261:.\Generated_Source\PSoC4/cyfitter_cfg.c **** CY_CFG_SECTION
 262:.\Generated_Source\PSoC4/cyfitter_cfg.c **** void cyfitter_cfg(void)
 263:.\Generated_Source\PSoC4/cyfitter_cfg.c **** {
 208              		.loc 1 263 0
 209              		.cfi_startproc
 210 0078 10B5     		push	{r4, lr}
 211              		.cfi_def_cfa_offset 8
 212              		.cfi_offset 4, -8
 213              		.cfi_offset 14, -4
 264:.\Generated_Source\PSoC4/cyfitter_cfg.c **** 	/* Disable interrupts by default. Let user enable if/when they want. */
 265:.\Generated_Source\PSoC4/cyfitter_cfg.c **** 	CyGlobalIntDisable;
 214              		.loc 1 265 0
 215              	@ 265 ".\Generated_Source\PSoC4\cyfitter_cfg.c" 1
 216 007a 72B6     		CPSID   i
 217              	@ 0 "" 2
 218              	.LVL18:
 219              		.code	16
 220              	.LBB3:
 266:.\Generated_Source\PSoC4/cyfitter_cfg.c **** 
 267:.\Generated_Source\PSoC4/cyfitter_cfg.c **** 	{
 268:.\Generated_Source\PSoC4/cyfitter_cfg.c **** 		static const uint32 CYCODE cy_cfg_addr_table[] = {
 269:.\Generated_Source\PSoC4/cyfitter_cfg.c **** 			0x400F3302u, /* Base address: 0x400F3300 Count: 2 */
 270:.\Generated_Source\PSoC4/cyfitter_cfg.c **** 			0x400F4002u, /* Base address: 0x400F4000 Count: 2 */
 271:.\Generated_Source\PSoC4/cyfitter_cfg.c **** 			0x400F4105u, /* Base address: 0x400F4100 Count: 5 */
 272:.\Generated_Source\PSoC4/cyfitter_cfg.c **** 			0x400F4308u, /* Base address: 0x400F4300 Count: 8 */
 273:.\Generated_Source\PSoC4/cyfitter_cfg.c **** 		};
 274:.\Generated_Source\PSoC4/cyfitter_cfg.c **** 
 275:.\Generated_Source\PSoC4/cyfitter_cfg.c **** 		static const cy_cfg_addrvalue_t CYCODE cy_cfg_data_table[] = {
 276:.\Generated_Source\PSoC4/cyfitter_cfg.c **** 			{0xE2u, 0x80u},
 277:.\Generated_Source\PSoC4/cyfitter_cfg.c **** 			{0xE6u, 0x10u},
 278:.\Generated_Source\PSoC4/cyfitter_cfg.c **** 			{0x53u, 0x04u},
 279:.\Generated_Source\PSoC4/cyfitter_cfg.c **** 			{0xD4u, 0x20u},
 280:.\Generated_Source\PSoC4/cyfitter_cfg.c **** 			{0x62u, 0x04u},
 281:.\Generated_Source\PSoC4/cyfitter_cfg.c **** 			{0x8Bu, 0x04u},
 282:.\Generated_Source\PSoC4/cyfitter_cfg.c **** 			{0x8Eu, 0x04u},
 283:.\Generated_Source\PSoC4/cyfitter_cfg.c **** 			{0x97u, 0x08u},
 284:.\Generated_Source\PSoC4/cyfitter_cfg.c **** 			{0xD8u, 0x40u},
 285:.\Generated_Source\PSoC4/cyfitter_cfg.c **** 			{0x18u, 0x80u},
 286:.\Generated_Source\PSoC4/cyfitter_cfg.c **** 			{0x20u, 0x02u},
 287:.\Generated_Source\PSoC4/cyfitter_cfg.c **** 			{0x88u, 0x01u},
ARM GAS  C:\Users\cdc75\AppData\Local\Temp\cciXzwPT.s 			page 10


 288:.\Generated_Source\PSoC4/cyfitter_cfg.c **** 			{0x8Cu, 0x40u},
 289:.\Generated_Source\PSoC4/cyfitter_cfg.c **** 			{0xC6u, 0x08u},
 290:.\Generated_Source\PSoC4/cyfitter_cfg.c **** 			{0xC8u, 0x08u},
 291:.\Generated_Source\PSoC4/cyfitter_cfg.c **** 			{0xE2u, 0x01u},
 292:.\Generated_Source\PSoC4/cyfitter_cfg.c **** 			{0xE6u, 0x08u},
 293:.\Generated_Source\PSoC4/cyfitter_cfg.c **** 		};
 294:.\Generated_Source\PSoC4/cyfitter_cfg.c **** 
 295:.\Generated_Source\PSoC4/cyfitter_cfg.c **** 
 296:.\Generated_Source\PSoC4/cyfitter_cfg.c **** 
 297:.\Generated_Source\PSoC4/cyfitter_cfg.c **** 		CYPACKED typedef struct {
 298:.\Generated_Source\PSoC4/cyfitter_cfg.c **** 			void CYFAR *address;
 299:.\Generated_Source\PSoC4/cyfitter_cfg.c **** 			uint16 size;
 300:.\Generated_Source\PSoC4/cyfitter_cfg.c **** 		} CYPACKED_ATTR cfg_memset_t;
 301:.\Generated_Source\PSoC4/cyfitter_cfg.c **** 
 302:.\Generated_Source\PSoC4/cyfitter_cfg.c **** 		static const cfg_memset_t CYCODE cfg_memset_list [] = {
 303:.\Generated_Source\PSoC4/cyfitter_cfg.c **** 			/* address, size */
 304:.\Generated_Source\PSoC4/cyfitter_cfg.c **** 			{(void CYFAR *)(CYDEV_UDB_P0_U0_BASE), 1024u},
 305:.\Generated_Source\PSoC4/cyfitter_cfg.c **** 			{(void CYFAR *)(CYDEV_UDB_DSI0_BASE), 1024u},
 306:.\Generated_Source\PSoC4/cyfitter_cfg.c **** 		};
 307:.\Generated_Source\PSoC4/cyfitter_cfg.c **** 
 308:.\Generated_Source\PSoC4/cyfitter_cfg.c **** 		uint8 CYDATA i;
 309:.\Generated_Source\PSoC4/cyfitter_cfg.c **** 
 310:.\Generated_Source\PSoC4/cyfitter_cfg.c **** 		/* Zero out critical memory blocks before beginning configuration */
 311:.\Generated_Source\PSoC4/cyfitter_cfg.c **** 		for (i = 0u; i < (sizeof(cfg_memset_list)/sizeof(cfg_memset_list[0])); i++)
 221              		.loc 1 311 0
 222 007c 0024     		mov	r4, #0
 223 007e 10E0     		b	.L11
 224              	.LVL19:
 225              	.L12:
 226              	.LBB4:
 312:.\Generated_Source\PSoC4/cyfitter_cfg.c **** 		{
 313:.\Generated_Source\PSoC4/cyfitter_cfg.c **** 			const cfg_memset_t CYCODE * CYDATA ms = &cfg_memset_list[i];
 314:.\Generated_Source\PSoC4/cyfitter_cfg.c **** 			CYMEMZERO(ms->address, (size_t)(uint32)(ms->size));
 227              		.loc 1 314 0 discriminator 3
 228 0080 2C48     		ldr	r0, .L13
 229 0082 6300     		lsl	r3, r4, #1
 230 0084 1A19     		add	r2, r3, r4
 231 0086 5200     		lsl	r2, r2, #1
 232 0088 8218     		add	r2, r0, r2
 233 008a 9188     		ldrh	r1, [r2, #4]
 234 008c 1B19     		add	r3, r3, r4
 235 008e 5B00     		lsl	r3, r3, #1
 236 0090 1A5A     		ldrh	r2, [r3, r0]
 237 0092 C318     		add	r3, r0, r3
 238 0094 5888     		ldrh	r0, [r3, #2]
 239 0096 0004     		lsl	r0, r0, #16
 240 0098 1043     		orr	r0, r2
 241 009a FFF7FEFF 		bl	CYMEMZERO
 242              	.LVL20:
 243              	.LBE4:
 311:.\Generated_Source\PSoC4/cyfitter_cfg.c **** 		{
 244              		.loc 1 311 0 discriminator 3
 245 009e 0134     		add	r4, r4, #1
 246              	.LVL21:
 247 00a0 E4B2     		uxtb	r4, r4
 248              	.LVL22:
 249              	.L11:
ARM GAS  C:\Users\cdc75\AppData\Local\Temp\cciXzwPT.s 			page 11


 311:.\Generated_Source\PSoC4/cyfitter_cfg.c **** 		{
 250              		.loc 1 311 0 is_stmt 0 discriminator 1
 251 00a2 012C     		cmp	r4, #1
 252 00a4 ECD9     		bls	.L12
 315:.\Generated_Source\PSoC4/cyfitter_cfg.c **** 		}
 316:.\Generated_Source\PSoC4/cyfitter_cfg.c **** 
 317:.\Generated_Source\PSoC4/cyfitter_cfg.c **** 		cfg_write_bytes32(cy_cfg_addr_table, cy_cfg_data_table);
 253              		.loc 1 317 0 is_stmt 1
 254 00a6 2349     		ldr	r1, .L13
 255 00a8 081C     		mov	r0, r1
 256 00aa 0C30     		add	r0, r0, #12
 257 00ac 1C31     		add	r1, r1, #28
 258 00ae FFF7FEFF 		bl	cfg_write_bytes32
 259              	.LVL23:
 318:.\Generated_Source\PSoC4/cyfitter_cfg.c **** 
 319:.\Generated_Source\PSoC4/cyfitter_cfg.c **** 		/* HSIOM Starting address: CYDEV_HSIOM_BASE */
 320:.\Generated_Source\PSoC4/cyfitter_cfg.c **** 		CY_SET_XTND_REG32((void CYFAR *)(CYDEV_HSIOM_BASE), 0x00000300u);
 260              		.loc 1 320 0
 261 00b2 C022     		mov	r2, #192
 262 00b4 9200     		lsl	r2, r2, #2
 263 00b6 204B     		ldr	r3, .L13+4
 264 00b8 1A60     		str	r2, [r3]
 321:.\Generated_Source\PSoC4/cyfitter_cfg.c **** 		CY_SET_XTND_REG32((void CYFAR *)(CYREG_HSIOM_PORT_SEL1), 0x03000000u);
 265              		.loc 1 321 0
 266 00ba C022     		mov	r2, #192
 267 00bc 9204     		lsl	r2, r2, #18
 268 00be 1F4B     		ldr	r3, .L13+8
 269 00c0 1A60     		str	r2, [r3]
 322:.\Generated_Source\PSoC4/cyfitter_cfg.c **** 		CY_SET_XTND_REG32((void CYFAR *)(CYREG_HSIOM_PORT_SEL3), 0x0000EE00u);
 270              		.loc 1 322 0
 271 00c2 EE22     		mov	r2, #238
 272 00c4 1202     		lsl	r2, r2, #8
 273 00c6 1E4B     		ldr	r3, .L13+12
 274 00c8 1A60     		str	r2, [r3]
 323:.\Generated_Source\PSoC4/cyfitter_cfg.c **** 
 324:.\Generated_Source\PSoC4/cyfitter_cfg.c **** 		/* UDB_PA_0 Starting address: CYDEV_UDB_PA0_BASE */
 325:.\Generated_Source\PSoC4/cyfitter_cfg.c **** 		CY_SET_XTND_REG32((void CYFAR *)(CYDEV_UDB_PA0_BASE), 0x00990000u);
 275              		.loc 1 325 0
 276 00ca 9923     		mov	r3, #153
 277 00cc 1B04     		lsl	r3, r3, #16
 278 00ce 1D4A     		ldr	r2, .L13+16
 279 00d0 1360     		str	r3, [r2]
 326:.\Generated_Source\PSoC4/cyfitter_cfg.c **** 		CY_SET_XTND_REG32((void CYFAR *)(CYREG_UDB_PA0_CFG8), 0x00450000u);
 280              		.loc 1 326 0
 281 00d2 8A21     		mov	r1, #138
 282 00d4 C903     		lsl	r1, r1, #15
 283 00d6 1C4A     		ldr	r2, .L13+20
 284 00d8 1160     		str	r1, [r2]
 327:.\Generated_Source\PSoC4/cyfitter_cfg.c **** 
 328:.\Generated_Source\PSoC4/cyfitter_cfg.c **** 		/* UDB_PA_1 Starting address: CYDEV_UDB_PA1_BASE */
 329:.\Generated_Source\PSoC4/cyfitter_cfg.c **** 		CY_SET_XTND_REG32((void CYFAR *)(CYDEV_UDB_PA1_BASE), 0x00990000u);
 285              		.loc 1 329 0
 286 00da 1C4A     		ldr	r2, .L13+24
 287 00dc 1360     		str	r3, [r2]
 330:.\Generated_Source\PSoC4/cyfitter_cfg.c **** 		CY_SET_XTND_REG32((void CYFAR *)(CYREG_UDB_PA1_CFG8), 0x20000000u);
 288              		.loc 1 330 0
 289 00de 8021     		mov	r1, #128
ARM GAS  C:\Users\cdc75\AppData\Local\Temp\cciXzwPT.s 			page 12


 290 00e0 8905     		lsl	r1, r1, #22
 291 00e2 1B4A     		ldr	r2, .L13+28
 292 00e4 1160     		str	r1, [r2]
 331:.\Generated_Source\PSoC4/cyfitter_cfg.c **** 
 332:.\Generated_Source\PSoC4/cyfitter_cfg.c **** 		/* UDB_PA_3 Starting address: CYDEV_UDB_PA3_BASE */
 333:.\Generated_Source\PSoC4/cyfitter_cfg.c **** 		CY_SET_XTND_REG32((void CYFAR *)(CYDEV_UDB_PA3_BASE), 0x00990000u);
 293              		.loc 1 333 0
 294 00e6 1B4A     		ldr	r2, .L13+32
 295 00e8 1360     		str	r3, [r2]
 334:.\Generated_Source\PSoC4/cyfitter_cfg.c **** 
 335:.\Generated_Source\PSoC4/cyfitter_cfg.c **** 		/* Enable digital routing */
 336:.\Generated_Source\PSoC4/cyfitter_cfg.c **** 		CY_SET_XTND_REG8((void *)CYREG_UDB_UDBIF_BANK_CTL, CY_GET_XTND_REG8((void *)CYREG_UDB_UDBIF_BANK_
 296              		.loc 1 336 0
 297 00ea 1B4B     		ldr	r3, .L13+36
 298 00ec 1978     		ldrb	r1, [r3]
 299 00ee 0222     		mov	r2, #2
 300 00f0 0A43     		orr	r2, r1
 301 00f2 1A70     		strb	r2, [r3]
 337:.\Generated_Source\PSoC4/cyfitter_cfg.c **** 
 338:.\Generated_Source\PSoC4/cyfitter_cfg.c **** 		/* Enable UDB array */
 339:.\Generated_Source\PSoC4/cyfitter_cfg.c **** 		CY_SET_XTND_REG8((void *)CYREG_UDB_UDBIF_WAIT_CFG, (uint8)((CY_GET_XTND_REG8((void *)CYREG_UDB_UD
 302              		.loc 1 339 0
 303 00f4 1948     		ldr	r0, .L13+40
 304 00f6 0278     		ldrb	r2, [r0]
 305 00f8 3C21     		mov	r1, #60
 306 00fa 8A43     		bic	r2, r1
 307 00fc 2839     		sub	r1, r1, #40
 308 00fe 0A43     		orr	r2, r1
 309 0100 0270     		strb	r2, [r0]
 340:.\Generated_Source\PSoC4/cyfitter_cfg.c **** 		CY_SET_XTND_REG8((void *)CYREG_UDB_UDBIF_BANK_CTL, (uint8)(CY_GET_XTND_REG8((void *)CYREG_UDB_UDB
 310              		.loc 1 340 0
 311 0102 1978     		ldrb	r1, [r3]
 312 0104 1622     		mov	r2, #22
 313 0106 0A43     		orr	r2, r1
 314 0108 1A70     		strb	r2, [r3]
 315              	.LBE3:
 341:.\Generated_Source\PSoC4/cyfitter_cfg.c **** 	}
 342:.\Generated_Source\PSoC4/cyfitter_cfg.c **** 
 343:.\Generated_Source\PSoC4/cyfitter_cfg.c **** 	/* Perform second pass device configuration. These items must be configured in specific order afte
 344:.\Generated_Source\PSoC4/cyfitter_cfg.c **** 	/* IOPINS0_0 Starting address: CYDEV_PRT0_BASE */
 345:.\Generated_Source\PSoC4/cyfitter_cfg.c **** 	CY_SET_XTND_REG32((void CYFAR *)(CYDEV_PRT0_BASE), 0x0000008Cu);
 316              		.loc 1 345 0
 317 010a 8C22     		mov	r2, #140
 318 010c 144B     		ldr	r3, .L13+44
 319 010e 1A60     		str	r2, [r3]
 346:.\Generated_Source\PSoC4/cyfitter_cfg.c **** 	CY_SET_XTND_REG32((void CYFAR *)(CYREG_PRT0_PC), 0x00400D80u);
 320              		.loc 1 346 0
 321 0110 144A     		ldr	r2, .L13+48
 322 0112 154B     		ldr	r3, .L13+52
 323 0114 1A60     		str	r2, [r3]
 347:.\Generated_Source\PSoC4/cyfitter_cfg.c **** 
 348:.\Generated_Source\PSoC4/cyfitter_cfg.c **** 	/* IOPINS0_1 Starting address: CYDEV_PRT1_BASE */
 349:.\Generated_Source\PSoC4/cyfitter_cfg.c **** 	CY_SET_XTND_REG32((void CYFAR *)(CYDEV_PRT1_BASE), 0x00000040u);
 324              		.loc 1 349 0
 325 0116 4022     		mov	r2, #64
 326 0118 144B     		ldr	r3, .L13+56
 327 011a 1A60     		str	r2, [r3]
ARM GAS  C:\Users\cdc75\AppData\Local\Temp\cciXzwPT.s 			page 13


 350:.\Generated_Source\PSoC4/cyfitter_cfg.c **** 	CY_SET_XTND_REG32((void CYFAR *)(CYREG_PRT1_PC), 0x00180000u);
 328              		.loc 1 350 0
 329 011c C022     		mov	r2, #192
 330 011e 5203     		lsl	r2, r2, #13
 331 0120 134B     		ldr	r3, .L13+60
 332 0122 1A60     		str	r2, [r3]
 351:.\Generated_Source\PSoC4/cyfitter_cfg.c **** 
 352:.\Generated_Source\PSoC4/cyfitter_cfg.c **** 	/* IOPINS0_3 Starting address: CYDEV_PRT3_BASE */
 353:.\Generated_Source\PSoC4/cyfitter_cfg.c **** 	CY_SET_XTND_REG32((void CYFAR *)(CYREG_PRT3_PC), 0x00000D80u);
 333              		.loc 1 353 0
 334 0124 D822     		mov	r2, #216
 335 0126 1201     		lsl	r2, r2, #4
 336 0128 124B     		ldr	r3, .L13+64
 337 012a 1A60     		str	r2, [r3]
 354:.\Generated_Source\PSoC4/cyfitter_cfg.c **** 
 355:.\Generated_Source\PSoC4/cyfitter_cfg.c **** 
 356:.\Generated_Source\PSoC4/cyfitter_cfg.c **** 	/* Setup clocks based on selections from Clock DWR */
 357:.\Generated_Source\PSoC4/cyfitter_cfg.c **** 	ClockSetup();
 338              		.loc 1 357 0
 339 012c FFF768FF 		bl	ClockSetup
 340              	.LVL24:
 358:.\Generated_Source\PSoC4/cyfitter_cfg.c **** 
 359:.\Generated_Source\PSoC4/cyfitter_cfg.c **** 	/* Perform basic analog initialization to defaults */
 360:.\Generated_Source\PSoC4/cyfitter_cfg.c **** 	AnalogSetDefault();
 361:.\Generated_Source\PSoC4/cyfitter_cfg.c **** 
 362:.\Generated_Source\PSoC4/cyfitter_cfg.c **** }
 341              		.loc 1 362 0
 342              		@ sp needed
 343              	.LVL25:
 344 0130 10BD     		pop	{r4, pc}
 345              	.L14:
 346 0132 C046     		.align	2
 347              	.L13:
 348 0134 00000000 		.word	.LANCHOR0
 349 0138 00000140 		.word	1073807360
 350 013c 04000140 		.word	1073807364
 351 0140 0C000140 		.word	1073807372
 352 0144 00500F40 		.word	1074745344
 353 0148 08500F40 		.word	1074745352
 354 014c 10500F40 		.word	1074745360
 355 0150 18500F40 		.word	1074745368
 356 0154 30500F40 		.word	1074745392
 357 0158 00700F40 		.word	1074753536
 358 015c 01700F40 		.word	1074753537
 359 0160 00000440 		.word	1074003968
 360 0164 800D4000 		.word	4197760
 361 0168 08000440 		.word	1074003976
 362 016c 00010440 		.word	1074004224
 363 0170 08010440 		.word	1074004232
 364 0174 08030440 		.word	1074004744
 365              		.cfi_endproc
 366              	.LFE6:
 367              		.size	cyfitter_cfg, .-cyfitter_cfg
 368              		.section	.rodata
 369              		.align	2
 370              		.set	.LANCHOR0,. + 0
 371              		.type	cfg_memset_list.4746, %object
ARM GAS  C:\Users\cdc75\AppData\Local\Temp\cciXzwPT.s 			page 14


 372              		.size	cfg_memset_list.4746, 12
 373              	cfg_memset_list.4746:
 374 0000 00300F40 		.word	1074737152
 375 0004 0004     		.short	1024
 376 0006 00400F40 		.4byte	1074741248
 377 000a 0004     		.short	1024
 378              		.type	cy_cfg_addr_table.4740, %object
 379              		.size	cy_cfg_addr_table.4740, 16
 380              	cy_cfg_addr_table.4740:
 381 000c 02330F40 		.word	1074737922
 382 0010 02400F40 		.word	1074741250
 383 0014 05410F40 		.word	1074741509
 384 0018 08430F40 		.word	1074742024
 385              		.type	cy_cfg_data_table.4741, %object
 386              		.size	cy_cfg_data_table.4741, 34
 387              	cy_cfg_data_table.4741:
 388 001c E2       		.byte	-30
 389 001d 80       		.byte	-128
 390 001e E6       		.byte	-26
 391 001f 10       		.byte	16
 392 0020 53       		.byte	83
 393 0021 04       		.byte	4
 394 0022 D4       		.byte	-44
 395 0023 20       		.byte	32
 396 0024 62       		.byte	98
 397 0025 04       		.byte	4
 398 0026 8B       		.byte	-117
 399 0027 04       		.byte	4
 400 0028 8E       		.byte	-114
 401 0029 04       		.byte	4
 402 002a 97       		.byte	-105
 403 002b 08       		.byte	8
 404 002c D8       		.byte	-40
 405 002d 40       		.byte	64
 406 002e 18       		.byte	24
 407 002f 80       		.byte	-128
 408 0030 20       		.byte	32
 409 0031 02       		.byte	2
 410 0032 88       		.byte	-120
 411 0033 01       		.byte	1
 412 0034 8C       		.byte	-116
 413 0035 40       		.byte	64
 414 0036 C6       		.byte	-58
 415 0037 08       		.byte	8
 416 0038 C8       		.byte	-56
 417 0039 08       		.byte	8
 418 003a E2       		.byte	-30
 419 003b 01       		.byte	1
 420 003c E6       		.byte	-26
 421 003d 08       		.byte	8
 422 003e 0000     		.text
 423              	.Letext0:
 424              		.file 2 "c:\\program files (x86)\\cypress\\psoc creator\\3.3\\psoc creator\\import\\gnu\\arm\\4.9.
 425              		.file 3 ".\\Generated_Source\\PSoC4\\cytypes.h"
 426              		.file 4 ".\\Generated_Source\\PSoC4\\CyLib.h"
 427              		.section	.debug_info,"",%progbits
 428              	.Ldebug_info0:
ARM GAS  C:\Users\cdc75\AppData\Local\Temp\cciXzwPT.s 			page 15


 429 0000 B9030000 		.4byte	0x3b9
 430 0004 0400     		.2byte	0x4
 431 0006 00000000 		.4byte	.Ldebug_abbrev0
 432 000a 04       		.byte	0x4
 433 000b 01       		.uleb128 0x1
 434 000c D4010000 		.4byte	.LASF38
 435 0010 01       		.byte	0x1
 436 0011 99010000 		.4byte	.LASF39
 437 0015 0A010000 		.4byte	.LASF40
 438 0019 00000000 		.4byte	.Ldebug_ranges0+0
 439 001d 00000000 		.4byte	0
 440 0021 00000000 		.4byte	.Ldebug_line0
 441 0025 02       		.uleb128 0x2
 442 0026 04       		.byte	0x4
 443 0027 05       		.byte	0x5
 444 0028 696E7400 		.ascii	"int\000"
 445 002c 03       		.uleb128 0x3
 446 002d 06000000 		.4byte	.LASF11
 447 0031 02       		.byte	0x2
 448 0032 D4       		.byte	0xd4
 449 0033 37000000 		.4byte	0x37
 450 0037 04       		.uleb128 0x4
 451 0038 04       		.byte	0x4
 452 0039 07       		.byte	0x7
 453 003a 34010000 		.4byte	.LASF0
 454 003e 04       		.uleb128 0x4
 455 003f 01       		.byte	0x1
 456 0040 06       		.byte	0x6
 457 0041 91020000 		.4byte	.LASF1
 458 0045 04       		.uleb128 0x4
 459 0046 01       		.byte	0x1
 460 0047 08       		.byte	0x8
 461 0048 AC000000 		.4byte	.LASF2
 462 004c 04       		.uleb128 0x4
 463 004d 02       		.byte	0x2
 464 004e 05       		.byte	0x5
 465 004f 69020000 		.4byte	.LASF3
 466 0053 04       		.uleb128 0x4
 467 0054 02       		.byte	0x2
 468 0055 07       		.byte	0x7
 469 0056 9D020000 		.4byte	.LASF4
 470 005a 04       		.uleb128 0x4
 471 005b 04       		.byte	0x4
 472 005c 05       		.byte	0x5
 473 005d 88020000 		.4byte	.LASF5
 474 0061 04       		.uleb128 0x4
 475 0062 04       		.byte	0x4
 476 0063 07       		.byte	0x7
 477 0064 8A000000 		.4byte	.LASF6
 478 0068 04       		.uleb128 0x4
 479 0069 08       		.byte	0x8
 480 006a 05       		.byte	0x5
 481 006b C1010000 		.4byte	.LASF7
 482 006f 04       		.uleb128 0x4
 483 0070 08       		.byte	0x8
 484 0071 07       		.byte	0x7
 485 0072 56010000 		.4byte	.LASF8
ARM GAS  C:\Users\cdc75\AppData\Local\Temp\cciXzwPT.s 			page 16


 486 0076 04       		.uleb128 0x4
 487 0077 04       		.byte	0x4
 488 0078 07       		.byte	0x7
 489 0079 90010000 		.4byte	.LASF9
 490 007d 05       		.uleb128 0x5
 491 007e 04       		.byte	0x4
 492 007f 06       		.uleb128 0x6
 493 0080 04       		.byte	0x4
 494 0081 85000000 		.4byte	0x85
 495 0085 07       		.uleb128 0x7
 496 0086 04       		.uleb128 0x4
 497 0087 01       		.byte	0x1
 498 0088 08       		.byte	0x8
 499 0089 CF010000 		.4byte	.LASF10
 500 008d 08       		.uleb128 0x8
 501 008e 9C000000 		.4byte	.LASF12
 502 0092 03       		.byte	0x3
 503 0093 9801     		.2byte	0x198
 504 0095 45000000 		.4byte	0x45
 505 0099 08       		.uleb128 0x8
 506 009a F1000000 		.4byte	.LASF13
 507 009e 03       		.byte	0x3
 508 009f 9901     		.2byte	0x199
 509 00a1 53000000 		.4byte	0x53
 510 00a5 08       		.uleb128 0x8
 511 00a6 03010000 		.4byte	.LASF14
 512 00aa 03       		.byte	0x3
 513 00ab 9A01     		.2byte	0x19a
 514 00ad 61000000 		.4byte	0x61
 515 00b1 04       		.uleb128 0x4
 516 00b2 04       		.byte	0x4
 517 00b3 04       		.byte	0x4
 518 00b4 6A000000 		.4byte	.LASF15
 519 00b8 04       		.uleb128 0x4
 520 00b9 08       		.byte	0x8
 521 00ba 04       		.byte	0x4
 522 00bb C1000000 		.4byte	.LASF16
 523 00bf 08       		.uleb128 0x8
 524 00c0 85000000 		.4byte	.LASF17
 525 00c4 03       		.byte	0x3
 526 00c5 4202     		.2byte	0x242
 527 00c7 CB000000 		.4byte	0xcb
 528 00cb 09       		.uleb128 0x9
 529 00cc 8D000000 		.4byte	0x8d
 530 00d0 08       		.uleb128 0x8
 531 00d1 00000000 		.4byte	.LASF18
 532 00d5 03       		.byte	0x3
 533 00d6 4402     		.2byte	0x244
 534 00d8 DC000000 		.4byte	0xdc
 535 00dc 09       		.uleb128 0x9
 536 00dd A5000000 		.4byte	0xa5
 537 00e1 08       		.uleb128 0x8
 538 00e2 6D010000 		.4byte	.LASF19
 539 00e6 03       		.byte	0x3
 540 00e7 5402     		.2byte	0x254
 541 00e9 7F000000 		.4byte	0x7f
 542 00ed 0A       		.uleb128 0xa
ARM GAS  C:\Users\cdc75\AppData\Local\Temp\cciXzwPT.s 			page 17


 543 00ee 02       		.byte	0x2
 544 00ef 01       		.byte	0x1
 545 00f0 7F       		.byte	0x7f
 546 00f1 0E010000 		.4byte	0x10e
 547 00f5 0B       		.uleb128 0xb
 548 00f6 62020000 		.4byte	.LASF20
 549 00fa 01       		.byte	0x1
 550 00fb 81       		.byte	0x81
 551 00fc 8D000000 		.4byte	0x8d
 552 0100 00       		.byte	0
 553 0101 0B       		.uleb128 0xb
 554 0102 1C000000 		.4byte	.LASF21
 555 0106 01       		.byte	0x1
 556 0107 82       		.byte	0x82
 557 0108 8D000000 		.4byte	0x8d
 558 010c 01       		.byte	0x1
 559 010d 00       		.byte	0
 560 010e 03       		.uleb128 0x3
 561 010f 57000000 		.4byte	.LASF22
 562 0113 01       		.byte	0x1
 563 0114 83       		.byte	0x83
 564 0115 ED000000 		.4byte	0xed
 565 0119 0C       		.uleb128 0xc
 566 011a C8000000 		.4byte	.LASF27
 567 011e 01       		.byte	0x1
 568 011f 96       		.byte	0x96
 569 0120 00000000 		.4byte	.LFB3
 570 0124 32000000 		.4byte	.LFE3-.LFB3
 571 0128 01       		.uleb128 0x1
 572 0129 9C       		.byte	0x9c
 573 012a 8B010000 		.4byte	0x18b
 574 012e 0D       		.uleb128 0xd
 575 012f E6000000 		.4byte	.LASF23
 576 0133 01       		.byte	0x1
 577 0134 96       		.byte	0x96
 578 0135 8B010000 		.4byte	0x18b
 579 0139 01       		.uleb128 0x1
 580 013a 50       		.byte	0x50
 581 013b 0D       		.uleb128 0xd
 582 013c F8000000 		.4byte	.LASF24
 583 0140 01       		.byte	0x1
 584 0141 96       		.byte	0x96
 585 0142 96010000 		.4byte	0x196
 586 0146 01       		.uleb128 0x1
 587 0147 51       		.byte	0x51
 588 0148 0E       		.uleb128 0xe
 589 0149 6900     		.ascii	"i\000"
 590 014b 01       		.byte	0x1
 591 014c 99       		.byte	0x99
 592 014d A5000000 		.4byte	0xa5
 593 0151 00000000 		.4byte	.LLST0
 594 0155 0E       		.uleb128 0xe
 595 0156 6A00     		.ascii	"j\000"
 596 0158 01       		.byte	0x1
 597 0159 99       		.byte	0x99
 598 015a A5000000 		.4byte	0xa5
 599 015e 1F000000 		.4byte	.LLST1
ARM GAS  C:\Users\cdc75\AppData\Local\Temp\cciXzwPT.s 			page 18


 600 0162 0F       		.uleb128 0xf
 601 0163 08000000 		.4byte	.LBB2
 602 0167 22000000 		.4byte	.LBE2-.LBB2
 603 016b 10       		.uleb128 0x10
 604 016c 87010000 		.4byte	.LASF25
 605 0170 01       		.byte	0x1
 606 0171 9C       		.byte	0x9c
 607 0172 A5000000 		.4byte	0xa5
 608 0176 3E000000 		.4byte	.LLST2
 609 017a 10       		.uleb128 0x10
 610 017b 22000000 		.4byte	.LASF26
 611 017f 01       		.byte	0x1
 612 0180 9D       		.byte	0x9d
 613 0181 8D000000 		.4byte	0x8d
 614 0185 51000000 		.4byte	.LLST3
 615 0189 00       		.byte	0
 616 018a 00       		.byte	0
 617 018b 06       		.uleb128 0x6
 618 018c 04       		.byte	0x4
 619 018d 91010000 		.4byte	0x191
 620 0191 11       		.uleb128 0x11
 621 0192 A5000000 		.4byte	0xa5
 622 0196 06       		.uleb128 0x6
 623 0197 04       		.byte	0x4
 624 0198 9C010000 		.4byte	0x19c
 625 019c 11       		.uleb128 0x11
 626 019d 0E010000 		.4byte	0x10e
 627 01a1 0C       		.uleb128 0xc
 628 01a2 A2000000 		.4byte	.LASF28
 629 01a6 01       		.byte	0x1
 630 01a7 3D       		.byte	0x3d
 631 01a8 00000000 		.4byte	.LFB0
 632 01ac 0C000000 		.4byte	.LFE0-.LFB0
 633 01b0 01       		.uleb128 0x1
 634 01b1 9C       		.byte	0x9c
 635 01b2 EE010000 		.4byte	0x1ee
 636 01b6 12       		.uleb128 0x12
 637 01b7 7300     		.ascii	"s\000"
 638 01b9 01       		.byte	0x1
 639 01ba 3D       		.byte	0x3d
 640 01bb 7D000000 		.4byte	0x7d
 641 01bf 6F000000 		.4byte	.LLST4
 642 01c3 12       		.uleb128 0x12
 643 01c4 6E00     		.ascii	"n\000"
 644 01c6 01       		.byte	0x1
 645 01c7 3D       		.byte	0x3d
 646 01c8 2C000000 		.4byte	0x2c
 647 01cc 90000000 		.4byte	.LLST5
 648 01d0 13       		.uleb128 0x13
 649 01d1 0A000000 		.4byte	.LVL14
 650 01d5 67030000 		.4byte	0x367
 651 01d9 14       		.uleb128 0x14
 652 01da 01       		.uleb128 0x1
 653 01db 52       		.byte	0x52
 654 01dc 03       		.uleb128 0x3
 655 01dd F3       		.byte	0xf3
 656 01de 01       		.uleb128 0x1
ARM GAS  C:\Users\cdc75\AppData\Local\Temp\cciXzwPT.s 			page 19


 657 01df 51       		.byte	0x51
 658 01e0 14       		.uleb128 0x14
 659 01e1 01       		.uleb128 0x1
 660 01e2 51       		.byte	0x51
 661 01e3 01       		.uleb128 0x1
 662 01e4 30       		.byte	0x30
 663 01e5 14       		.uleb128 0x14
 664 01e6 01       		.uleb128 0x1
 665 01e7 50       		.byte	0x50
 666 01e8 03       		.uleb128 0x3
 667 01e9 F3       		.byte	0xf3
 668 01ea 01       		.uleb128 0x1
 669 01eb 50       		.byte	0x50
 670 01ec 00       		.byte	0
 671 01ed 00       		.byte	0
 672 01ee 0C       		.uleb128 0xc
 673 01ef 28000000 		.4byte	.LASF29
 674 01f3 01       		.byte	0x1
 675 01f4 BB       		.byte	0xbb
 676 01f5 00000000 		.4byte	.LFB4
 677 01f9 78000000 		.4byte	.LFE4-.LFB4
 678 01fd 01       		.uleb128 0x1
 679 01fe 9C       		.byte	0x9c
 680 01ff 39020000 		.4byte	0x239
 681 0203 15       		.uleb128 0x15
 682 0204 14000000 		.4byte	.LVL15
 683 0208 84030000 		.4byte	0x384
 684 020c 16020000 		.4byte	0x216
 685 0210 14       		.uleb128 0x14
 686 0211 01       		.uleb128 0x1
 687 0212 50       		.byte	0x50
 688 0213 01       		.uleb128 0x1
 689 0214 48       		.byte	0x48
 690 0215 00       		.byte	0
 691 0216 15       		.uleb128 0x15
 692 0217 42000000 		.4byte	.LVL16
 693 021b 95030000 		.4byte	0x395
 694 021f 29020000 		.4byte	0x229
 695 0223 14       		.uleb128 0x14
 696 0224 01       		.uleb128 0x1
 697 0225 50       		.byte	0x50
 698 0226 01       		.uleb128 0x1
 699 0227 39       		.byte	0x39
 700 0228 00       		.byte	0
 701 0229 13       		.uleb128 0x13
 702 022a 48000000 		.4byte	.LVL17
 703 022e AF030000 		.4byte	0x3af
 704 0232 14       		.uleb128 0x14
 705 0233 01       		.uleb128 0x1
 706 0234 50       		.byte	0x50
 707 0235 01       		.uleb128 0x1
 708 0236 39       		.byte	0x39
 709 0237 00       		.byte	0
 710 0238 00       		.byte	0
 711 0239 16       		.uleb128 0x16
 712 023a 41010000 		.4byte	.LASF41
 713 023e 01       		.byte	0x1
ARM GAS  C:\Users\cdc75\AppData\Local\Temp\cciXzwPT.s 			page 20


 714 023f 0601     		.2byte	0x106
 715 0241 78000000 		.4byte	.LFB6
 716 0245 00010000 		.4byte	.LFE6-.LFB6
 717 0249 01       		.uleb128 0x1
 718 024a 9C       		.byte	0x9c
 719 024b 3D030000 		.4byte	0x33d
 720 024f 17       		.uleb128 0x17
 721 0250 7C000000 		.4byte	.LBB3
 722 0254 8E000000 		.4byte	.LBE3-.LBB3
 723 0258 33030000 		.4byte	0x333
 724 025c 18       		.uleb128 0x18
 725 025d 33000000 		.4byte	.LASF30
 726 0261 01       		.byte	0x1
 727 0262 0C01     		.2byte	0x10c
 728 0264 4D030000 		.4byte	0x34d
 729 0268 05       		.uleb128 0x5
 730 0269 03       		.byte	0x3
 731 026a 0C000000 		.4byte	cy_cfg_addr_table.4740
 732 026e 18       		.uleb128 0x18
 733 026f 45000000 		.4byte	.LASF31
 734 0273 01       		.byte	0x1
 735 0274 1301     		.2byte	0x113
 736 0276 62030000 		.4byte	0x362
 737 027a 05       		.uleb128 0x5
 738 027b 03       		.byte	0x3
 739 027c 1C000000 		.4byte	cy_cfg_data_table.4741
 740 0280 19       		.uleb128 0x19
 741 0281 06       		.byte	0x6
 742 0282 01       		.byte	0x1
 743 0283 2901     		.2byte	0x129
 744 0285 A4020000 		.4byte	0x2a4
 745 0289 1A       		.uleb128 0x1a
 746 028a 4E010000 		.4byte	.LASF32
 747 028e 01       		.byte	0x1
 748 028f 2A01     		.2byte	0x12a
 749 0291 7D000000 		.4byte	0x7d
 750 0295 00       		.byte	0
 751 0296 1A       		.uleb128 0x1a
 752 0297 80000000 		.4byte	.LASF33
 753 029b 01       		.byte	0x1
 754 029c 2B01     		.2byte	0x12b
 755 029e 99000000 		.4byte	0x99
 756 02a2 04       		.byte	0x4
 757 02a3 00       		.byte	0
 758 02a4 08       		.uleb128 0x8
 759 02a5 7A010000 		.4byte	.LASF34
 760 02a9 01       		.byte	0x1
 761 02aa 2C01     		.2byte	0x12c
 762 02ac 80020000 		.4byte	0x280
 763 02b0 1B       		.uleb128 0x1b
 764 02b1 A4020000 		.4byte	0x2a4
 765 02b5 C0020000 		.4byte	0x2c0
 766 02b9 1C       		.uleb128 0x1c
 767 02ba 76000000 		.4byte	0x76
 768 02be 01       		.byte	0x1
 769 02bf 00       		.byte	0
 770 02c0 18       		.uleb128 0x18
ARM GAS  C:\Users\cdc75\AppData\Local\Temp\cciXzwPT.s 			page 21


 771 02c1 70000000 		.4byte	.LASF35
 772 02c5 01       		.byte	0x1
 773 02c6 2E01     		.2byte	0x12e
 774 02c8 D2020000 		.4byte	0x2d2
 775 02cc 05       		.uleb128 0x5
 776 02cd 03       		.byte	0x3
 777 02ce 00000000 		.4byte	cfg_memset_list.4746
 778 02d2 11       		.uleb128 0x11
 779 02d3 B0020000 		.4byte	0x2b0
 780 02d7 1D       		.uleb128 0x1d
 781 02d8 6900     		.ascii	"i\000"
 782 02da 01       		.byte	0x1
 783 02db 3401     		.2byte	0x134
 784 02dd 8D000000 		.4byte	0x8d
 785 02e1 BC000000 		.4byte	.LLST6
 786 02e5 17       		.uleb128 0x17
 787 02e6 80000000 		.4byte	.LBB4
 788 02ea 1E000000 		.4byte	.LBE4-.LBB4
 789 02ee 16030000 		.4byte	0x316
 790 02f2 1D       		.uleb128 0x1d
 791 02f3 6D7300   		.ascii	"ms\000"
 792 02f6 01       		.byte	0x1
 793 02f7 3901     		.2byte	0x139
 794 02f9 01030000 		.4byte	0x301
 795 02fd E6000000 		.4byte	.LLST7
 796 0301 06       		.uleb128 0x6
 797 0302 04       		.byte	0x4
 798 0303 07030000 		.4byte	0x307
 799 0307 11       		.uleb128 0x11
 800 0308 A4020000 		.4byte	0x2a4
 801 030c 1E       		.uleb128 0x1e
 802 030d 9E000000 		.4byte	.LVL20
 803 0311 A1010000 		.4byte	0x1a1
 804 0315 00       		.byte	0
 805 0316 13       		.uleb128 0x13
 806 0317 B2000000 		.4byte	.LVL23
 807 031b 19010000 		.4byte	0x119
 808 031f 14       		.uleb128 0x14
 809 0320 01       		.uleb128 0x1
 810 0321 51       		.byte	0x51
 811 0322 05       		.uleb128 0x5
 812 0323 03       		.byte	0x3
 813 0324 1C000000 		.4byte	.LANCHOR0+28
 814 0328 14       		.uleb128 0x14
 815 0329 01       		.uleb128 0x1
 816 032a 50       		.byte	0x50
 817 032b 05       		.uleb128 0x5
 818 032c 03       		.byte	0x3
 819 032d 0C000000 		.4byte	.LANCHOR0+12
 820 0331 00       		.byte	0
 821 0332 00       		.byte	0
 822 0333 1E       		.uleb128 0x1e
 823 0334 30010000 		.4byte	.LVL24
 824 0338 EE010000 		.4byte	0x1ee
 825 033c 00       		.byte	0
 826 033d 1B       		.uleb128 0x1b
 827 033e A5000000 		.4byte	0xa5
ARM GAS  C:\Users\cdc75\AppData\Local\Temp\cciXzwPT.s 			page 22


 828 0342 4D030000 		.4byte	0x34d
 829 0346 1C       		.uleb128 0x1c
 830 0347 76000000 		.4byte	0x76
 831 034b 03       		.byte	0x3
 832 034c 00       		.byte	0
 833 034d 11       		.uleb128 0x11
 834 034e 3D030000 		.4byte	0x33d
 835 0352 1B       		.uleb128 0x1b
 836 0353 0E010000 		.4byte	0x10e
 837 0357 62030000 		.4byte	0x362
 838 035b 1C       		.uleb128 0x1c
 839 035c 76000000 		.4byte	0x76
 840 0360 10       		.byte	0x10
 841 0361 00       		.byte	0
 842 0362 11       		.uleb128 0x11
 843 0363 52030000 		.4byte	0x352
 844 0367 1F       		.uleb128 0x1f
 845 0368 BA000000 		.4byte	.LASF36
 846 036c 7D000000 		.4byte	0x7d
 847 0370 84030000 		.4byte	0x384
 848 0374 20       		.uleb128 0x20
 849 0375 7D000000 		.4byte	0x7d
 850 0379 20       		.uleb128 0x20
 851 037a 25000000 		.4byte	0x25
 852 037e 20       		.uleb128 0x20
 853 037f 76000000 		.4byte	0x76
 854 0383 00       		.byte	0
 855 0384 21       		.uleb128 0x21
 856 0385 73020000 		.4byte	.LASF37
 857 0389 04       		.byte	0x4
 858 038a 6C       		.byte	0x6c
 859 038b 95030000 		.4byte	0x395
 860 038f 20       		.uleb128 0x20
 861 0390 A5000000 		.4byte	0xa5
 862 0394 00       		.byte	0
 863 0395 22       		.uleb128 0x22
 864 0396 0D000000 		.4byte	.LASF42
 865 039a 04       		.byte	0x4
 866 039b BB       		.byte	0xbb
 867 039c E1000000 		.4byte	0xe1
 868 03a0 AF030000 		.4byte	0x3af
 869 03a4 20       		.uleb128 0x20
 870 03a5 8D000000 		.4byte	0x8d
 871 03a9 20       		.uleb128 0x20
 872 03aa E1000000 		.4byte	0xe1
 873 03ae 00       		.byte	0
 874 03af 23       		.uleb128 0x23
 875 03b0 DA000000 		.4byte	.LASF43
 876 03b4 04       		.byte	0x4
 877 03b5 C1       		.byte	0xc1
 878 03b6 20       		.uleb128 0x20
 879 03b7 8D000000 		.4byte	0x8d
 880 03bb 00       		.byte	0
 881 03bc 00       		.byte	0
 882              		.section	.debug_abbrev,"",%progbits
 883              	.Ldebug_abbrev0:
 884 0000 01       		.uleb128 0x1
ARM GAS  C:\Users\cdc75\AppData\Local\Temp\cciXzwPT.s 			page 23


 885 0001 11       		.uleb128 0x11
 886 0002 01       		.byte	0x1
 887 0003 25       		.uleb128 0x25
 888 0004 0E       		.uleb128 0xe
 889 0005 13       		.uleb128 0x13
 890 0006 0B       		.uleb128 0xb
 891 0007 03       		.uleb128 0x3
 892 0008 0E       		.uleb128 0xe
 893 0009 1B       		.uleb128 0x1b
 894 000a 0E       		.uleb128 0xe
 895 000b 55       		.uleb128 0x55
 896 000c 17       		.uleb128 0x17
 897 000d 11       		.uleb128 0x11
 898 000e 01       		.uleb128 0x1
 899 000f 10       		.uleb128 0x10
 900 0010 17       		.uleb128 0x17
 901 0011 00       		.byte	0
 902 0012 00       		.byte	0
 903 0013 02       		.uleb128 0x2
 904 0014 24       		.uleb128 0x24
 905 0015 00       		.byte	0
 906 0016 0B       		.uleb128 0xb
 907 0017 0B       		.uleb128 0xb
 908 0018 3E       		.uleb128 0x3e
 909 0019 0B       		.uleb128 0xb
 910 001a 03       		.uleb128 0x3
 911 001b 08       		.uleb128 0x8
 912 001c 00       		.byte	0
 913 001d 00       		.byte	0
 914 001e 03       		.uleb128 0x3
 915 001f 16       		.uleb128 0x16
 916 0020 00       		.byte	0
 917 0021 03       		.uleb128 0x3
 918 0022 0E       		.uleb128 0xe
 919 0023 3A       		.uleb128 0x3a
 920 0024 0B       		.uleb128 0xb
 921 0025 3B       		.uleb128 0x3b
 922 0026 0B       		.uleb128 0xb
 923 0027 49       		.uleb128 0x49
 924 0028 13       		.uleb128 0x13
 925 0029 00       		.byte	0
 926 002a 00       		.byte	0
 927 002b 04       		.uleb128 0x4
 928 002c 24       		.uleb128 0x24
 929 002d 00       		.byte	0
 930 002e 0B       		.uleb128 0xb
 931 002f 0B       		.uleb128 0xb
 932 0030 3E       		.uleb128 0x3e
 933 0031 0B       		.uleb128 0xb
 934 0032 03       		.uleb128 0x3
 935 0033 0E       		.uleb128 0xe
 936 0034 00       		.byte	0
 937 0035 00       		.byte	0
 938 0036 05       		.uleb128 0x5
 939 0037 0F       		.uleb128 0xf
 940 0038 00       		.byte	0
 941 0039 0B       		.uleb128 0xb
ARM GAS  C:\Users\cdc75\AppData\Local\Temp\cciXzwPT.s 			page 24


 942 003a 0B       		.uleb128 0xb
 943 003b 00       		.byte	0
 944 003c 00       		.byte	0
 945 003d 06       		.uleb128 0x6
 946 003e 0F       		.uleb128 0xf
 947 003f 00       		.byte	0
 948 0040 0B       		.uleb128 0xb
 949 0041 0B       		.uleb128 0xb
 950 0042 49       		.uleb128 0x49
 951 0043 13       		.uleb128 0x13
 952 0044 00       		.byte	0
 953 0045 00       		.byte	0
 954 0046 07       		.uleb128 0x7
 955 0047 15       		.uleb128 0x15
 956 0048 00       		.byte	0
 957 0049 27       		.uleb128 0x27
 958 004a 19       		.uleb128 0x19
 959 004b 00       		.byte	0
 960 004c 00       		.byte	0
 961 004d 08       		.uleb128 0x8
 962 004e 16       		.uleb128 0x16
 963 004f 00       		.byte	0
 964 0050 03       		.uleb128 0x3
 965 0051 0E       		.uleb128 0xe
 966 0052 3A       		.uleb128 0x3a
 967 0053 0B       		.uleb128 0xb
 968 0054 3B       		.uleb128 0x3b
 969 0055 05       		.uleb128 0x5
 970 0056 49       		.uleb128 0x49
 971 0057 13       		.uleb128 0x13
 972 0058 00       		.byte	0
 973 0059 00       		.byte	0
 974 005a 09       		.uleb128 0x9
 975 005b 35       		.uleb128 0x35
 976 005c 00       		.byte	0
 977 005d 49       		.uleb128 0x49
 978 005e 13       		.uleb128 0x13
 979 005f 00       		.byte	0
 980 0060 00       		.byte	0
 981 0061 0A       		.uleb128 0xa
 982 0062 13       		.uleb128 0x13
 983 0063 01       		.byte	0x1
 984 0064 0B       		.uleb128 0xb
 985 0065 0B       		.uleb128 0xb
 986 0066 3A       		.uleb128 0x3a
 987 0067 0B       		.uleb128 0xb
 988 0068 3B       		.uleb128 0x3b
 989 0069 0B       		.uleb128 0xb
 990 006a 01       		.uleb128 0x1
 991 006b 13       		.uleb128 0x13
 992 006c 00       		.byte	0
 993 006d 00       		.byte	0
 994 006e 0B       		.uleb128 0xb
 995 006f 0D       		.uleb128 0xd
 996 0070 00       		.byte	0
 997 0071 03       		.uleb128 0x3
 998 0072 0E       		.uleb128 0xe
ARM GAS  C:\Users\cdc75\AppData\Local\Temp\cciXzwPT.s 			page 25


 999 0073 3A       		.uleb128 0x3a
 1000 0074 0B       		.uleb128 0xb
 1001 0075 3B       		.uleb128 0x3b
 1002 0076 0B       		.uleb128 0xb
 1003 0077 49       		.uleb128 0x49
 1004 0078 13       		.uleb128 0x13
 1005 0079 38       		.uleb128 0x38
 1006 007a 0B       		.uleb128 0xb
 1007 007b 00       		.byte	0
 1008 007c 00       		.byte	0
 1009 007d 0C       		.uleb128 0xc
 1010 007e 2E       		.uleb128 0x2e
 1011 007f 01       		.byte	0x1
 1012 0080 03       		.uleb128 0x3
 1013 0081 0E       		.uleb128 0xe
 1014 0082 3A       		.uleb128 0x3a
 1015 0083 0B       		.uleb128 0xb
 1016 0084 3B       		.uleb128 0x3b
 1017 0085 0B       		.uleb128 0xb
 1018 0086 27       		.uleb128 0x27
 1019 0087 19       		.uleb128 0x19
 1020 0088 11       		.uleb128 0x11
 1021 0089 01       		.uleb128 0x1
 1022 008a 12       		.uleb128 0x12
 1023 008b 06       		.uleb128 0x6
 1024 008c 40       		.uleb128 0x40
 1025 008d 18       		.uleb128 0x18
 1026 008e 9742     		.uleb128 0x2117
 1027 0090 19       		.uleb128 0x19
 1028 0091 01       		.uleb128 0x1
 1029 0092 13       		.uleb128 0x13
 1030 0093 00       		.byte	0
 1031 0094 00       		.byte	0
 1032 0095 0D       		.uleb128 0xd
 1033 0096 05       		.uleb128 0x5
 1034 0097 00       		.byte	0
 1035 0098 03       		.uleb128 0x3
 1036 0099 0E       		.uleb128 0xe
 1037 009a 3A       		.uleb128 0x3a
 1038 009b 0B       		.uleb128 0xb
 1039 009c 3B       		.uleb128 0x3b
 1040 009d 0B       		.uleb128 0xb
 1041 009e 49       		.uleb128 0x49
 1042 009f 13       		.uleb128 0x13
 1043 00a0 02       		.uleb128 0x2
 1044 00a1 18       		.uleb128 0x18
 1045 00a2 00       		.byte	0
 1046 00a3 00       		.byte	0
 1047 00a4 0E       		.uleb128 0xe
 1048 00a5 34       		.uleb128 0x34
 1049 00a6 00       		.byte	0
 1050 00a7 03       		.uleb128 0x3
 1051 00a8 08       		.uleb128 0x8
 1052 00a9 3A       		.uleb128 0x3a
 1053 00aa 0B       		.uleb128 0xb
 1054 00ab 3B       		.uleb128 0x3b
 1055 00ac 0B       		.uleb128 0xb
ARM GAS  C:\Users\cdc75\AppData\Local\Temp\cciXzwPT.s 			page 26


 1056 00ad 49       		.uleb128 0x49
 1057 00ae 13       		.uleb128 0x13
 1058 00af 02       		.uleb128 0x2
 1059 00b0 17       		.uleb128 0x17
 1060 00b1 00       		.byte	0
 1061 00b2 00       		.byte	0
 1062 00b3 0F       		.uleb128 0xf
 1063 00b4 0B       		.uleb128 0xb
 1064 00b5 01       		.byte	0x1
 1065 00b6 11       		.uleb128 0x11
 1066 00b7 01       		.uleb128 0x1
 1067 00b8 12       		.uleb128 0x12
 1068 00b9 06       		.uleb128 0x6
 1069 00ba 00       		.byte	0
 1070 00bb 00       		.byte	0
 1071 00bc 10       		.uleb128 0x10
 1072 00bd 34       		.uleb128 0x34
 1073 00be 00       		.byte	0
 1074 00bf 03       		.uleb128 0x3
 1075 00c0 0E       		.uleb128 0xe
 1076 00c1 3A       		.uleb128 0x3a
 1077 00c2 0B       		.uleb128 0xb
 1078 00c3 3B       		.uleb128 0x3b
 1079 00c4 0B       		.uleb128 0xb
 1080 00c5 49       		.uleb128 0x49
 1081 00c6 13       		.uleb128 0x13
 1082 00c7 02       		.uleb128 0x2
 1083 00c8 17       		.uleb128 0x17
 1084 00c9 00       		.byte	0
 1085 00ca 00       		.byte	0
 1086 00cb 11       		.uleb128 0x11
 1087 00cc 26       		.uleb128 0x26
 1088 00cd 00       		.byte	0
 1089 00ce 49       		.uleb128 0x49
 1090 00cf 13       		.uleb128 0x13
 1091 00d0 00       		.byte	0
 1092 00d1 00       		.byte	0
 1093 00d2 12       		.uleb128 0x12
 1094 00d3 05       		.uleb128 0x5
 1095 00d4 00       		.byte	0
 1096 00d5 03       		.uleb128 0x3
 1097 00d6 08       		.uleb128 0x8
 1098 00d7 3A       		.uleb128 0x3a
 1099 00d8 0B       		.uleb128 0xb
 1100 00d9 3B       		.uleb128 0x3b
 1101 00da 0B       		.uleb128 0xb
 1102 00db 49       		.uleb128 0x49
 1103 00dc 13       		.uleb128 0x13
 1104 00dd 02       		.uleb128 0x2
 1105 00de 17       		.uleb128 0x17
 1106 00df 00       		.byte	0
 1107 00e0 00       		.byte	0
 1108 00e1 13       		.uleb128 0x13
 1109 00e2 898201   		.uleb128 0x4109
 1110 00e5 01       		.byte	0x1
 1111 00e6 11       		.uleb128 0x11
 1112 00e7 01       		.uleb128 0x1
ARM GAS  C:\Users\cdc75\AppData\Local\Temp\cciXzwPT.s 			page 27


 1113 00e8 31       		.uleb128 0x31
 1114 00e9 13       		.uleb128 0x13
 1115 00ea 00       		.byte	0
 1116 00eb 00       		.byte	0
 1117 00ec 14       		.uleb128 0x14
 1118 00ed 8A8201   		.uleb128 0x410a
 1119 00f0 00       		.byte	0
 1120 00f1 02       		.uleb128 0x2
 1121 00f2 18       		.uleb128 0x18
 1122 00f3 9142     		.uleb128 0x2111
 1123 00f5 18       		.uleb128 0x18
 1124 00f6 00       		.byte	0
 1125 00f7 00       		.byte	0
 1126 00f8 15       		.uleb128 0x15
 1127 00f9 898201   		.uleb128 0x4109
 1128 00fc 01       		.byte	0x1
 1129 00fd 11       		.uleb128 0x11
 1130 00fe 01       		.uleb128 0x1
 1131 00ff 31       		.uleb128 0x31
 1132 0100 13       		.uleb128 0x13
 1133 0101 01       		.uleb128 0x1
 1134 0102 13       		.uleb128 0x13
 1135 0103 00       		.byte	0
 1136 0104 00       		.byte	0
 1137 0105 16       		.uleb128 0x16
 1138 0106 2E       		.uleb128 0x2e
 1139 0107 01       		.byte	0x1
 1140 0108 3F       		.uleb128 0x3f
 1141 0109 19       		.uleb128 0x19
 1142 010a 03       		.uleb128 0x3
 1143 010b 0E       		.uleb128 0xe
 1144 010c 3A       		.uleb128 0x3a
 1145 010d 0B       		.uleb128 0xb
 1146 010e 3B       		.uleb128 0x3b
 1147 010f 05       		.uleb128 0x5
 1148 0110 27       		.uleb128 0x27
 1149 0111 19       		.uleb128 0x19
 1150 0112 11       		.uleb128 0x11
 1151 0113 01       		.uleb128 0x1
 1152 0114 12       		.uleb128 0x12
 1153 0115 06       		.uleb128 0x6
 1154 0116 40       		.uleb128 0x40
 1155 0117 18       		.uleb128 0x18
 1156 0118 9742     		.uleb128 0x2117
 1157 011a 19       		.uleb128 0x19
 1158 011b 01       		.uleb128 0x1
 1159 011c 13       		.uleb128 0x13
 1160 011d 00       		.byte	0
 1161 011e 00       		.byte	0
 1162 011f 17       		.uleb128 0x17
 1163 0120 0B       		.uleb128 0xb
 1164 0121 01       		.byte	0x1
 1165 0122 11       		.uleb128 0x11
 1166 0123 01       		.uleb128 0x1
 1167 0124 12       		.uleb128 0x12
 1168 0125 06       		.uleb128 0x6
 1169 0126 01       		.uleb128 0x1
ARM GAS  C:\Users\cdc75\AppData\Local\Temp\cciXzwPT.s 			page 28


 1170 0127 13       		.uleb128 0x13
 1171 0128 00       		.byte	0
 1172 0129 00       		.byte	0
 1173 012a 18       		.uleb128 0x18
 1174 012b 34       		.uleb128 0x34
 1175 012c 00       		.byte	0
 1176 012d 03       		.uleb128 0x3
 1177 012e 0E       		.uleb128 0xe
 1178 012f 3A       		.uleb128 0x3a
 1179 0130 0B       		.uleb128 0xb
 1180 0131 3B       		.uleb128 0x3b
 1181 0132 05       		.uleb128 0x5
 1182 0133 49       		.uleb128 0x49
 1183 0134 13       		.uleb128 0x13
 1184 0135 02       		.uleb128 0x2
 1185 0136 18       		.uleb128 0x18
 1186 0137 00       		.byte	0
 1187 0138 00       		.byte	0
 1188 0139 19       		.uleb128 0x19
 1189 013a 13       		.uleb128 0x13
 1190 013b 01       		.byte	0x1
 1191 013c 0B       		.uleb128 0xb
 1192 013d 0B       		.uleb128 0xb
 1193 013e 3A       		.uleb128 0x3a
 1194 013f 0B       		.uleb128 0xb
 1195 0140 3B       		.uleb128 0x3b
 1196 0141 05       		.uleb128 0x5
 1197 0142 01       		.uleb128 0x1
 1198 0143 13       		.uleb128 0x13
 1199 0144 00       		.byte	0
 1200 0145 00       		.byte	0
 1201 0146 1A       		.uleb128 0x1a
 1202 0147 0D       		.uleb128 0xd
 1203 0148 00       		.byte	0
 1204 0149 03       		.uleb128 0x3
 1205 014a 0E       		.uleb128 0xe
 1206 014b 3A       		.uleb128 0x3a
 1207 014c 0B       		.uleb128 0xb
 1208 014d 3B       		.uleb128 0x3b
 1209 014e 05       		.uleb128 0x5
 1210 014f 49       		.uleb128 0x49
 1211 0150 13       		.uleb128 0x13
 1212 0151 38       		.uleb128 0x38
 1213 0152 0B       		.uleb128 0xb
 1214 0153 00       		.byte	0
 1215 0154 00       		.byte	0
 1216 0155 1B       		.uleb128 0x1b
 1217 0156 01       		.uleb128 0x1
 1218 0157 01       		.byte	0x1
 1219 0158 49       		.uleb128 0x49
 1220 0159 13       		.uleb128 0x13
 1221 015a 01       		.uleb128 0x1
 1222 015b 13       		.uleb128 0x13
 1223 015c 00       		.byte	0
 1224 015d 00       		.byte	0
 1225 015e 1C       		.uleb128 0x1c
 1226 015f 21       		.uleb128 0x21
ARM GAS  C:\Users\cdc75\AppData\Local\Temp\cciXzwPT.s 			page 29


 1227 0160 00       		.byte	0
 1228 0161 49       		.uleb128 0x49
 1229 0162 13       		.uleb128 0x13
 1230 0163 2F       		.uleb128 0x2f
 1231 0164 0B       		.uleb128 0xb
 1232 0165 00       		.byte	0
 1233 0166 00       		.byte	0
 1234 0167 1D       		.uleb128 0x1d
 1235 0168 34       		.uleb128 0x34
 1236 0169 00       		.byte	0
 1237 016a 03       		.uleb128 0x3
 1238 016b 08       		.uleb128 0x8
 1239 016c 3A       		.uleb128 0x3a
 1240 016d 0B       		.uleb128 0xb
 1241 016e 3B       		.uleb128 0x3b
 1242 016f 05       		.uleb128 0x5
 1243 0170 49       		.uleb128 0x49
 1244 0171 13       		.uleb128 0x13
 1245 0172 02       		.uleb128 0x2
 1246 0173 17       		.uleb128 0x17
 1247 0174 00       		.byte	0
 1248 0175 00       		.byte	0
 1249 0176 1E       		.uleb128 0x1e
 1250 0177 898201   		.uleb128 0x4109
 1251 017a 00       		.byte	0
 1252 017b 11       		.uleb128 0x11
 1253 017c 01       		.uleb128 0x1
 1254 017d 31       		.uleb128 0x31
 1255 017e 13       		.uleb128 0x13
 1256 017f 00       		.byte	0
 1257 0180 00       		.byte	0
 1258 0181 1F       		.uleb128 0x1f
 1259 0182 2E       		.uleb128 0x2e
 1260 0183 01       		.byte	0x1
 1261 0184 3F       		.uleb128 0x3f
 1262 0185 19       		.uleb128 0x19
 1263 0186 03       		.uleb128 0x3
 1264 0187 0E       		.uleb128 0xe
 1265 0188 27       		.uleb128 0x27
 1266 0189 19       		.uleb128 0x19
 1267 018a 49       		.uleb128 0x49
 1268 018b 13       		.uleb128 0x13
 1269 018c 34       		.uleb128 0x34
 1270 018d 19       		.uleb128 0x19
 1271 018e 3C       		.uleb128 0x3c
 1272 018f 19       		.uleb128 0x19
 1273 0190 01       		.uleb128 0x1
 1274 0191 13       		.uleb128 0x13
 1275 0192 00       		.byte	0
 1276 0193 00       		.byte	0
 1277 0194 20       		.uleb128 0x20
 1278 0195 05       		.uleb128 0x5
 1279 0196 00       		.byte	0
 1280 0197 49       		.uleb128 0x49
 1281 0198 13       		.uleb128 0x13
 1282 0199 00       		.byte	0
 1283 019a 00       		.byte	0
ARM GAS  C:\Users\cdc75\AppData\Local\Temp\cciXzwPT.s 			page 30


 1284 019b 21       		.uleb128 0x21
 1285 019c 2E       		.uleb128 0x2e
 1286 019d 01       		.byte	0x1
 1287 019e 3F       		.uleb128 0x3f
 1288 019f 19       		.uleb128 0x19
 1289 01a0 03       		.uleb128 0x3
 1290 01a1 0E       		.uleb128 0xe
 1291 01a2 3A       		.uleb128 0x3a
 1292 01a3 0B       		.uleb128 0xb
 1293 01a4 3B       		.uleb128 0x3b
 1294 01a5 0B       		.uleb128 0xb
 1295 01a6 27       		.uleb128 0x27
 1296 01a7 19       		.uleb128 0x19
 1297 01a8 3C       		.uleb128 0x3c
 1298 01a9 19       		.uleb128 0x19
 1299 01aa 01       		.uleb128 0x1
 1300 01ab 13       		.uleb128 0x13
 1301 01ac 00       		.byte	0
 1302 01ad 00       		.byte	0
 1303 01ae 22       		.uleb128 0x22
 1304 01af 2E       		.uleb128 0x2e
 1305 01b0 01       		.byte	0x1
 1306 01b1 3F       		.uleb128 0x3f
 1307 01b2 19       		.uleb128 0x19
 1308 01b3 03       		.uleb128 0x3
 1309 01b4 0E       		.uleb128 0xe
 1310 01b5 3A       		.uleb128 0x3a
 1311 01b6 0B       		.uleb128 0xb
 1312 01b7 3B       		.uleb128 0x3b
 1313 01b8 0B       		.uleb128 0xb
 1314 01b9 27       		.uleb128 0x27
 1315 01ba 19       		.uleb128 0x19
 1316 01bb 49       		.uleb128 0x49
 1317 01bc 13       		.uleb128 0x13
 1318 01bd 3C       		.uleb128 0x3c
 1319 01be 19       		.uleb128 0x19
 1320 01bf 01       		.uleb128 0x1
 1321 01c0 13       		.uleb128 0x13
 1322 01c1 00       		.byte	0
 1323 01c2 00       		.byte	0
 1324 01c3 23       		.uleb128 0x23
 1325 01c4 2E       		.uleb128 0x2e
 1326 01c5 01       		.byte	0x1
 1327 01c6 3F       		.uleb128 0x3f
 1328 01c7 19       		.uleb128 0x19
 1329 01c8 03       		.uleb128 0x3
 1330 01c9 0E       		.uleb128 0xe
 1331 01ca 3A       		.uleb128 0x3a
 1332 01cb 0B       		.uleb128 0xb
 1333 01cc 3B       		.uleb128 0x3b
 1334 01cd 0B       		.uleb128 0xb
 1335 01ce 27       		.uleb128 0x27
 1336 01cf 19       		.uleb128 0x19
 1337 01d0 3C       		.uleb128 0x3c
 1338 01d1 19       		.uleb128 0x19
 1339 01d2 00       		.byte	0
 1340 01d3 00       		.byte	0
ARM GAS  C:\Users\cdc75\AppData\Local\Temp\cciXzwPT.s 			page 31


 1341 01d4 00       		.byte	0
 1342              		.section	.debug_loc,"",%progbits
 1343              	.Ldebug_loc0:
 1344              	.LLST0:
 1345 0000 02000000 		.4byte	.LVL1
 1346 0004 08000000 		.4byte	.LVL2
 1347 0008 0200     		.2byte	0x2
 1348 000a 30       		.byte	0x30
 1349 000b 9F       		.byte	0x9f
 1350 000c 08000000 		.4byte	.LVL2
 1351 0010 30000000 		.4byte	.LVL11
 1352 0014 0100     		.2byte	0x1
 1353 0016 57       		.byte	0x57
 1354 0017 00000000 		.4byte	0
 1355 001b 00000000 		.4byte	0
 1356              	.LLST1:
 1357 001f 02000000 		.4byte	.LVL1
 1358 0023 08000000 		.4byte	.LVL2
 1359 0027 0200     		.2byte	0x2
 1360 0029 30       		.byte	0x30
 1361 002a 9F       		.byte	0x9f
 1362 002b 08000000 		.4byte	.LVL2
 1363 002f 30000000 		.4byte	.LVL10
 1364 0033 0100     		.2byte	0x1
 1365 0035 55       		.byte	0x55
 1366 0036 00000000 		.4byte	0
 1367 003a 00000000 		.4byte	0
 1368              	.LLST2:
 1369 003e 0C000000 		.4byte	.LVL3
 1370 0042 2C000000 		.4byte	.LVL9
 1371 0046 0100     		.2byte	0x1
 1372 0048 56       		.byte	0x56
 1373 0049 00000000 		.4byte	0
 1374 004d 00000000 		.4byte	0
 1375              	.LLST3:
 1376 0051 0E000000 		.4byte	.LVL4
 1377 0055 24000000 		.4byte	.LVL7
 1378 0059 0100     		.2byte	0x1
 1379 005b 53       		.byte	0x53
 1380 005c 26000000 		.4byte	.LVL8
 1381 0060 2C000000 		.4byte	.LVL9
 1382 0064 0100     		.2byte	0x1
 1383 0066 53       		.byte	0x53
 1384 0067 00000000 		.4byte	0
 1385 006b 00000000 		.4byte	0
 1386              	.LLST4:
 1387 006f 00000000 		.4byte	.LVL12
 1388 0073 09000000 		.4byte	.LVL14-1
 1389 0077 0100     		.2byte	0x1
 1390 0079 50       		.byte	0x50
 1391 007a 09000000 		.4byte	.LVL14-1
 1392 007e 0C000000 		.4byte	.LFE0
 1393 0082 0400     		.2byte	0x4
 1394 0084 F3       		.byte	0xf3
 1395 0085 01       		.uleb128 0x1
 1396 0086 50       		.byte	0x50
 1397 0087 9F       		.byte	0x9f
ARM GAS  C:\Users\cdc75\AppData\Local\Temp\cciXzwPT.s 			page 32


 1398 0088 00000000 		.4byte	0
 1399 008c 00000000 		.4byte	0
 1400              	.LLST5:
 1401 0090 00000000 		.4byte	.LVL12
 1402 0094 06000000 		.4byte	.LVL13
 1403 0098 0100     		.2byte	0x1
 1404 009a 51       		.byte	0x51
 1405 009b 06000000 		.4byte	.LVL13
 1406 009f 09000000 		.4byte	.LVL14-1
 1407 00a3 0100     		.2byte	0x1
 1408 00a5 52       		.byte	0x52
 1409 00a6 09000000 		.4byte	.LVL14-1
 1410 00aa 0C000000 		.4byte	.LFE0
 1411 00ae 0400     		.2byte	0x4
 1412 00b0 F3       		.byte	0xf3
 1413 00b1 01       		.uleb128 0x1
 1414 00b2 51       		.byte	0x51
 1415 00b3 9F       		.byte	0x9f
 1416 00b4 00000000 		.4byte	0
 1417 00b8 00000000 		.4byte	0
 1418              	.LLST6:
 1419 00bc 7C000000 		.4byte	.LVL18
 1420 00c0 80000000 		.4byte	.LVL19
 1421 00c4 0200     		.2byte	0x2
 1422 00c6 30       		.byte	0x30
 1423 00c7 9F       		.byte	0x9f
 1424 00c8 80000000 		.4byte	.LVL19
 1425 00cc A0000000 		.4byte	.LVL21
 1426 00d0 0100     		.2byte	0x1
 1427 00d2 54       		.byte	0x54
 1428 00d3 A2000000 		.4byte	.LVL22
 1429 00d7 30010000 		.4byte	.LVL25
 1430 00db 0100     		.2byte	0x1
 1431 00dd 54       		.byte	0x54
 1432 00de 00000000 		.4byte	0
 1433 00e2 00000000 		.4byte	0
 1434              	.LLST7:
 1435 00e6 80000000 		.4byte	.LVL19
 1436 00ea A0000000 		.4byte	.LVL21
 1437 00ee 0B00     		.2byte	0xb
 1438 00f0 74       		.byte	0x74
 1439 00f1 00       		.sleb128 0
 1440 00f2 36       		.byte	0x36
 1441 00f3 1E       		.byte	0x1e
 1442 00f4 03       		.byte	0x3
 1443 00f5 00000000 		.4byte	cfg_memset_list.4746
 1444 00f9 22       		.byte	0x22
 1445 00fa 9F       		.byte	0x9f
 1446 00fb A0000000 		.4byte	.LVL21
 1447 00ff A2000000 		.4byte	.LVL22
 1448 0103 0B00     		.2byte	0xb
 1449 0105 74       		.byte	0x74
 1450 0106 7F       		.sleb128 -1
 1451 0107 36       		.byte	0x36
 1452 0108 1E       		.byte	0x1e
 1453 0109 03       		.byte	0x3
 1454 010a 00000000 		.4byte	cfg_memset_list.4746
ARM GAS  C:\Users\cdc75\AppData\Local\Temp\cciXzwPT.s 			page 33


 1455 010e 22       		.byte	0x22
 1456 010f 9F       		.byte	0x9f
 1457 0110 00000000 		.4byte	0
 1458 0114 00000000 		.4byte	0
 1459              		.section	.debug_aranges,"",%progbits
 1460 0000 34000000 		.4byte	0x34
 1461 0004 0200     		.2byte	0x2
 1462 0006 00000000 		.4byte	.Ldebug_info0
 1463 000a 04       		.byte	0x4
 1464 000b 00       		.byte	0
 1465 000c 0000     		.2byte	0
 1466 000e 0000     		.2byte	0
 1467 0010 00000000 		.4byte	.LFB3
 1468 0014 32000000 		.4byte	.LFE3-.LFB3
 1469 0018 00000000 		.4byte	.LFB0
 1470 001c 0C000000 		.4byte	.LFE0-.LFB0
 1471 0020 00000000 		.4byte	.LFB4
 1472 0024 78000000 		.4byte	.LFE4-.LFB4
 1473 0028 78000000 		.4byte	.LFB6
 1474 002c 00010000 		.4byte	.LFE6-.LFB6
 1475 0030 00000000 		.4byte	0
 1476 0034 00000000 		.4byte	0
 1477              		.section	.debug_ranges,"",%progbits
 1478              	.Ldebug_ranges0:
 1479 0000 00000000 		.4byte	.LFB3
 1480 0004 32000000 		.4byte	.LFE3
 1481 0008 00000000 		.4byte	.LFB0
 1482 000c 0C000000 		.4byte	.LFE0
 1483 0010 00000000 		.4byte	.LFB4
 1484 0014 78000000 		.4byte	.LFE4
 1485 0018 78000000 		.4byte	.LFB6
 1486 001c 78010000 		.4byte	.LFE6
 1487 0020 00000000 		.4byte	0
 1488 0024 00000000 		.4byte	0
 1489              		.section	.debug_line,"",%progbits
 1490              	.Ldebug_line0:
 1491 0000 60010000 		.section	.debug_str,"MS",%progbits,1
 1491      0200D800 
 1491      00000201 
 1491      FB0E0D00 
 1491      01010101 
 1492              	.LASF18:
 1493 0000 72656733 		.ascii	"reg32\000"
 1493      3200
 1494              	.LASF11:
 1495 0006 73697A65 		.ascii	"size_t\000"
 1495      5F7400
 1496              	.LASF42:
 1497 000d 4379496E 		.ascii	"CyIntSetVector\000"
 1497      74536574 
 1497      56656374 
 1497      6F7200
 1498              	.LASF21:
 1499 001c 76616C75 		.ascii	"value\000"
 1499      6500
 1500              	.LASF26:
 1501 0022 636F756E 		.ascii	"count\000"
ARM GAS  C:\Users\cdc75\AppData\Local\Temp\cciXzwPT.s 			page 34


 1501      7400
 1502              	.LASF29:
 1503 0028 436C6F63 		.ascii	"ClockSetup\000"
 1503      6B536574 
 1503      757000
 1504              	.LASF30:
 1505 0033 63795F63 		.ascii	"cy_cfg_addr_table\000"
 1505      66675F61 
 1505      6464725F 
 1505      7461626C 
 1505      6500
 1506              	.LASF31:
 1507 0045 63795F63 		.ascii	"cy_cfg_data_table\000"
 1507      66675F64 
 1507      6174615F 
 1507      7461626C 
 1507      6500
 1508              	.LASF22:
 1509 0057 63795F63 		.ascii	"cy_cfg_addrvalue_t\000"
 1509      66675F61 
 1509      64647276 
 1509      616C7565 
 1509      5F7400
 1510              	.LASF15:
 1511 006a 666C6F61 		.ascii	"float\000"
 1511      7400
 1512              	.LASF35:
 1513 0070 6366675F 		.ascii	"cfg_memset_list\000"
 1513      6D656D73 
 1513      65745F6C 
 1513      69737400 
 1514              	.LASF33:
 1515 0080 73697A65 		.ascii	"size\000"
 1515      00
 1516              	.LASF17:
 1517 0085 72656738 		.ascii	"reg8\000"
 1517      00
 1518              	.LASF6:
 1519 008a 6C6F6E67 		.ascii	"long unsigned int\000"
 1519      20756E73 
 1519      69676E65 
 1519      6420696E 
 1519      7400
 1520              	.LASF12:
 1521 009c 75696E74 		.ascii	"uint8\000"
 1521      3800
 1522              	.LASF28:
 1523 00a2 43594D45 		.ascii	"CYMEMZERO\000"
 1523      4D5A4552 
 1523      4F00
 1524              	.LASF2:
 1525 00ac 756E7369 		.ascii	"unsigned char\000"
 1525      676E6564 
 1525      20636861 
 1525      7200
 1526              	.LASF36:
 1527 00ba 6D656D73 		.ascii	"memset\000"
ARM GAS  C:\Users\cdc75\AppData\Local\Temp\cciXzwPT.s 			page 35


 1527      657400
 1528              	.LASF16:
 1529 00c1 646F7562 		.ascii	"double\000"
 1529      6C6500
 1530              	.LASF27:
 1531 00c8 6366675F 		.ascii	"cfg_write_bytes32\000"
 1531      77726974 
 1531      655F6279 
 1531      74657333 
 1531      3200
 1532              	.LASF43:
 1533 00da 4379496E 		.ascii	"CyIntEnable\000"
 1533      74456E61 
 1533      626C6500 
 1534              	.LASF23:
 1535 00e6 61646472 		.ascii	"addr_table\000"
 1535      5F746162 
 1535      6C6500
 1536              	.LASF13:
 1537 00f1 75696E74 		.ascii	"uint16\000"
 1537      313600
 1538              	.LASF24:
 1539 00f8 64617461 		.ascii	"data_table\000"
 1539      5F746162 
 1539      6C6500
 1540              	.LASF14:
 1541 0103 75696E74 		.ascii	"uint32\000"
 1541      333200
 1542              	.LASF40:
 1543 010a 433A5C55 		.ascii	"C:\\Users\\cdc75\\Desktop\\Labs\\Lesson8.cydsn\000"
 1543      73657273 
 1543      5C636463 
 1543      37355C44 
 1543      65736B74 
 1544              	.LASF0:
 1545 0134 756E7369 		.ascii	"unsigned int\000"
 1545      676E6564 
 1545      20696E74 
 1545      00
 1546              	.LASF41:
 1547 0141 63796669 		.ascii	"cyfitter_cfg\000"
 1547      74746572 
 1547      5F636667 
 1547      00
 1548              	.LASF32:
 1549 014e 61646472 		.ascii	"address\000"
 1549      65737300 
 1550              	.LASF8:
 1551 0156 6C6F6E67 		.ascii	"long long unsigned int\000"
 1551      206C6F6E 
 1551      6720756E 
 1551      7369676E 
 1551      65642069 
 1552              	.LASF19:
 1553 016d 63796973 		.ascii	"cyisraddress\000"
 1553      72616464 
 1553      72657373 
ARM GAS  C:\Users\cdc75\AppData\Local\Temp\cciXzwPT.s 			page 36


 1553      00
 1554              	.LASF34:
 1555 017a 6366675F 		.ascii	"cfg_memset_t\000"
 1555      6D656D73 
 1555      65745F74 
 1555      00
 1556              	.LASF25:
 1557 0187 62617365 		.ascii	"baseAddr\000"
 1557      41646472 
 1557      00
 1558              	.LASF9:
 1559 0190 73697A65 		.ascii	"sizetype\000"
 1559      74797065 
 1559      00
 1560              	.LASF39:
 1561 0199 2E5C4765 		.ascii	".\\Generated_Source\\PSoC4\\cyfitter_cfg.c\000"
 1561      6E657261 
 1561      7465645F 
 1561      536F7572 
 1561      63655C50 
 1562              	.LASF7:
 1563 01c1 6C6F6E67 		.ascii	"long long int\000"
 1563      206C6F6E 
 1563      6720696E 
 1563      7400
 1564              	.LASF10:
 1565 01cf 63686172 		.ascii	"char\000"
 1565      00
 1566              	.LASF38:
 1567 01d4 474E5520 		.ascii	"GNU C 4.9.3 20150303 (release) [ARM/embedded-4_9-br"
 1567      4320342E 
 1567      392E3320 
 1567      32303135 
 1567      30333033 
 1568 0207 616E6368 		.ascii	"anch revision 221220] -mcpu=cortex-m0 -mthumb -g -O"
 1568      20726576 
 1568      6973696F 
 1568      6E203232 
 1568      31323230 
 1569 023a 67202D66 		.ascii	"g -ffunction-sections -ffat-lto-objects\000"
 1569      66756E63 
 1569      74696F6E 
 1569      2D736563 
 1569      74696F6E 
 1570              	.LASF20:
 1571 0262 6F666673 		.ascii	"offset\000"
 1571      657400
 1572              	.LASF3:
 1573 0269 73686F72 		.ascii	"short int\000"
 1573      7420696E 
 1573      7400
 1574              	.LASF37:
 1575 0273 43795379 		.ascii	"CySysClkWriteImoFreq\000"
 1575      73436C6B 
 1575      57726974 
 1575      65496D6F 
 1575      46726571 
ARM GAS  C:\Users\cdc75\AppData\Local\Temp\cciXzwPT.s 			page 37


 1576              	.LASF5:
 1577 0288 6C6F6E67 		.ascii	"long int\000"
 1577      20696E74 
 1577      00
 1578              	.LASF1:
 1579 0291 7369676E 		.ascii	"signed char\000"
 1579      65642063 
 1579      68617200 
 1580              	.LASF4:
 1581 029d 73686F72 		.ascii	"short unsigned int\000"
 1581      7420756E 
 1581      7369676E 
 1581      65642069 
 1581      6E7400
 1582              		.ident	"GCC: (GNU Tools for ARM Embedded Processors) 4.9.3 20150303 (release) [ARM/embedded-4_9-br
