ARM GAS  C:\Users\cdc75\AppData\Local\Temp\cc24yWGN.s 			page 1


   1              		.cpu cortex-m0
   2              		.fpu softvfp
   3              		.eabi_attribute 20, 1
   4              		.eabi_attribute 21, 1
   5              		.eabi_attribute 23, 3
   6              		.eabi_attribute 24, 1
   7              		.eabi_attribute 25, 1
   8              		.eabi_attribute 26, 1
   9              		.eabi_attribute 30, 1
  10              		.eabi_attribute 34, 0
  11              		.eabi_attribute 18, 4
  12              		.code	16
  13              		.file	"main.c"
  14              		.text
  15              	.Ltext0:
  16              		.cfi_sections	.debug_frame
  17              		.section	.text.main,"ax",%progbits
  18              		.align	2
  19              		.global	main
  20              		.code	16
  21              		.thumb_func
  22              		.type	main, %function
  23              	main:
  24              	.LFB34:
  25              		.file 1 ".\\main.c"
   1:.\main.c      **** /* ========================================
   2:.\main.c      ****  *
   3:.\main.c      ****  * Copyright YOUR COMPANY, THE YEAR
   4:.\main.c      ****  * All Rights Reserved
   5:.\main.c      ****  * UNPUBLISHED, LICENSED SOFTWARE.
   6:.\main.c      ****  *
   7:.\main.c      ****  * CONFIDENTIAL AND PROPRIETARY INFORMATION
   8:.\main.c      ****  * WHICH IS THE PROPERTY OF your company.
   9:.\main.c      ****  *
  10:.\main.c      ****  * ========================================
  11:.\main.c      **** */
  12:.\main.c      **** #include <project.h>
  13:.\main.c      **** 
  14:.\main.c      **** int main()
  15:.\main.c      **** {
  26              		.loc 1 15 0
  27              		.cfi_startproc
  28 0000 10B5     		push	{r4, lr}
  29              		.cfi_def_cfa_offset 8
  30              		.cfi_offset 4, -8
  31              		.cfi_offset 14, -4
  16:.\main.c      ****     CyGlobalIntEnable; /* Enable global interrupts. */
  32              		.loc 1 16 0
  33              	@ 16 ".\main.c" 1
  34 0002 62B6     		CPSIE   i
  35              	@ 0 "" 2
  17:.\main.c      ****     
  18:.\main.c      ****     PWM_Start();
  36              		.loc 1 18 0
  37              		.code	16
  38 0004 FFF7FEFF 		bl	PWM_Start
  39              	.LVL0:
ARM GAS  C:\Users\cdc75\AppData\Local\Temp\cc24yWGN.s 			page 2


  40              	.L2:
  19:.\main.c      ****     
  20:.\main.c      ****     for(;;)
  21:.\main.c      ****     {
  22:.\main.c      ****         PWM_WriteCompare(500);
  41              		.loc 1 22 0 discriminator 1
  42 0008 FA20     		mov	r0, #250
  43 000a 4000     		lsl	r0, r0, #1
  44 000c FFF7FEFF 		bl	PWM_WriteCompare
  45              	.LVL1:
  23:.\main.c      ****         CyDelay(1000);
  46              		.loc 1 23 0 discriminator 1
  47 0010 FA24     		mov	r4, #250
  48 0012 A400     		lsl	r4, r4, #2
  49 0014 201C     		mov	r0, r4
  50 0016 FFF7FEFF 		bl	CyDelay
  51              	.LVL2:
  24:.\main.c      ****         PWM_WriteCompare(9500);
  52              		.loc 1 24 0 discriminator 1
  53 001a 0348     		ldr	r0, .L3
  54 001c FFF7FEFF 		bl	PWM_WriteCompare
  55              	.LVL3:
  25:.\main.c      ****         CyDelay(1000);
  56              		.loc 1 25 0 discriminator 1
  57 0020 201C     		mov	r0, r4
  58 0022 FFF7FEFF 		bl	CyDelay
  59              	.LVL4:
  26:.\main.c      ****     }
  60              		.loc 1 26 0 discriminator 1
  61 0026 EFE7     		b	.L2
  62              	.L4:
  63              		.align	2
  64              	.L3:
  65 0028 1C250000 		.word	9500
  66              		.cfi_endproc
  67              	.LFE34:
  68              		.size	main, .-main
  69              		.text
  70              	.Letext0:
  71              		.file 2 "Generated_Source\\PSoC4/cytypes.h"
  72              		.file 3 "Generated_Source\\PSoC4/PWM.h"
  73              		.file 4 "Generated_Source\\PSoC4/CyLib.h"
  74              		.section	.debug_info,"",%progbits
  75              	.Ldebug_info0:
  76 0000 28010000 		.4byte	0x128
  77 0004 0400     		.2byte	0x4
  78 0006 00000000 		.4byte	.Ldebug_abbrev0
  79 000a 04       		.byte	0x4
  80 000b 01       		.uleb128 0x1
  81 000c 5E000000 		.4byte	.LASF13
  82 0010 01       		.byte	0x1
  83 0011 6C010000 		.4byte	.LASF14
  84 0015 EC000000 		.4byte	.LASF15
  85 0019 00000000 		.4byte	.Ldebug_ranges0+0
  86 001d 00000000 		.4byte	0
  87 0021 00000000 		.4byte	.Ldebug_line0
  88 0025 02       		.uleb128 0x2
ARM GAS  C:\Users\cdc75\AppData\Local\Temp\cc24yWGN.s 			page 3


  89 0026 01       		.byte	0x1
  90 0027 06       		.byte	0x6
  91 0028 56010000 		.4byte	.LASF0
  92 002c 02       		.uleb128 0x2
  93 002d 01       		.byte	0x1
  94 002e 08       		.byte	0x8
  95 002f 16010000 		.4byte	.LASF1
  96 0033 02       		.uleb128 0x2
  97 0034 02       		.byte	0x2
  98 0035 05       		.byte	0x5
  99 0036 32010000 		.4byte	.LASF2
 100 003a 02       		.uleb128 0x2
 101 003b 02       		.byte	0x2
 102 003c 07       		.byte	0x7
 103 003d 43010000 		.4byte	.LASF3
 104 0041 02       		.uleb128 0x2
 105 0042 04       		.byte	0x4
 106 0043 05       		.byte	0x5
 107 0044 29010000 		.4byte	.LASF4
 108 0048 02       		.uleb128 0x2
 109 0049 04       		.byte	0x4
 110 004a 07       		.byte	0x7
 111 004b 2F000000 		.4byte	.LASF5
 112 004f 02       		.uleb128 0x2
 113 0050 08       		.byte	0x8
 114 0051 05       		.byte	0x5
 115 0052 00000000 		.4byte	.LASF6
 116 0056 02       		.uleb128 0x2
 117 0057 08       		.byte	0x8
 118 0058 07       		.byte	0x7
 119 0059 41000000 		.4byte	.LASF7
 120 005d 03       		.uleb128 0x3
 121 005e 04       		.byte	0x4
 122 005f 05       		.byte	0x5
 123 0060 696E7400 		.ascii	"int\000"
 124 0064 02       		.uleb128 0x2
 125 0065 04       		.byte	0x4
 126 0066 07       		.byte	0x7
 127 0067 15000000 		.4byte	.LASF8
 128 006b 04       		.uleb128 0x4
 129 006c 0E000000 		.4byte	.LASF16
 130 0070 02       		.byte	0x2
 131 0071 9A01     		.2byte	0x19a
 132 0073 48000000 		.4byte	0x48
 133 0077 02       		.uleb128 0x2
 134 0078 04       		.byte	0x4
 135 0079 04       		.byte	0x4
 136 007a 58000000 		.4byte	.LASF9
 137 007e 02       		.uleb128 0x2
 138 007f 08       		.byte	0x8
 139 0080 04       		.byte	0x4
 140 0081 3C010000 		.4byte	.LASF10
 141 0085 02       		.uleb128 0x2
 142 0086 01       		.byte	0x1
 143 0087 08       		.byte	0x8
 144 0088 24010000 		.4byte	.LASF11
 145 008c 02       		.uleb128 0x2
ARM GAS  C:\Users\cdc75\AppData\Local\Temp\cc24yWGN.s 			page 4


 146 008d 04       		.byte	0x4
 147 008e 07       		.byte	0x7
 148 008f 86010000 		.4byte	.LASF12
 149 0093 05       		.uleb128 0x5
 150 0094 22000000 		.4byte	.LASF17
 151 0098 01       		.byte	0x1
 152 0099 0E       		.byte	0xe
 153 009a 5D000000 		.4byte	0x5d
 154 009e 00000000 		.4byte	.LFB34
 155 00a2 2C000000 		.4byte	.LFE34-.LFB34
 156 00a6 01       		.uleb128 0x1
 157 00a7 9C       		.byte	0x9c
 158 00a8 04010000 		.4byte	0x104
 159 00ac 06       		.uleb128 0x6
 160 00ad 08000000 		.4byte	.LVL0
 161 00b1 04010000 		.4byte	0x104
 162 00b5 07       		.uleb128 0x7
 163 00b6 10000000 		.4byte	.LVL1
 164 00ba 0C010000 		.4byte	0x10c
 165 00be CA000000 		.4byte	0xca
 166 00c2 08       		.uleb128 0x8
 167 00c3 01       		.uleb128 0x1
 168 00c4 50       		.byte	0x50
 169 00c5 03       		.uleb128 0x3
 170 00c6 0A       		.byte	0xa
 171 00c7 F401     		.2byte	0x1f4
 172 00c9 00       		.byte	0
 173 00ca 07       		.uleb128 0x7
 174 00cb 1A000000 		.4byte	.LVL2
 175 00cf 1E010000 		.4byte	0x11e
 176 00d3 DE000000 		.4byte	0xde
 177 00d7 08       		.uleb128 0x8
 178 00d8 01       		.uleb128 0x1
 179 00d9 50       		.byte	0x50
 180 00da 02       		.uleb128 0x2
 181 00db 74       		.byte	0x74
 182 00dc 00       		.sleb128 0
 183 00dd 00       		.byte	0
 184 00de 07       		.uleb128 0x7
 185 00df 20000000 		.4byte	.LVL3
 186 00e3 0C010000 		.4byte	0x10c
 187 00e7 F3000000 		.4byte	0xf3
 188 00eb 08       		.uleb128 0x8
 189 00ec 01       		.uleb128 0x1
 190 00ed 50       		.byte	0x50
 191 00ee 03       		.uleb128 0x3
 192 00ef 0A       		.byte	0xa
 193 00f0 1C25     		.2byte	0x251c
 194 00f2 00       		.byte	0
 195 00f3 09       		.uleb128 0x9
 196 00f4 26000000 		.4byte	.LVL4
 197 00f8 1E010000 		.4byte	0x11e
 198 00fc 08       		.uleb128 0x8
 199 00fd 01       		.uleb128 0x1
 200 00fe 50       		.byte	0x50
 201 00ff 02       		.uleb128 0x2
 202 0100 74       		.byte	0x74
ARM GAS  C:\Users\cdc75\AppData\Local\Temp\cc24yWGN.s 			page 5


 203 0101 00       		.sleb128 0
 204 0102 00       		.byte	0
 205 0103 00       		.byte	0
 206 0104 0A       		.uleb128 0xa
 207 0105 62010000 		.4byte	.LASF18
 208 0109 03       		.byte	0x3
 209 010a 3201     		.2byte	0x132
 210 010c 0B       		.uleb128 0xb
 211 010d 75010000 		.4byte	.LASF19
 212 0111 03       		.byte	0x3
 213 0112 5501     		.2byte	0x155
 214 0114 1E010000 		.4byte	0x11e
 215 0118 0C       		.uleb128 0xc
 216 0119 6B000000 		.4byte	0x6b
 217 011d 00       		.byte	0
 218 011e 0D       		.uleb128 0xd
 219 011f 27000000 		.4byte	.LASF20
 220 0123 04       		.byte	0x4
 221 0124 D7       		.byte	0xd7
 222 0125 0C       		.uleb128 0xc
 223 0126 6B000000 		.4byte	0x6b
 224 012a 00       		.byte	0
 225 012b 00       		.byte	0
 226              		.section	.debug_abbrev,"",%progbits
 227              	.Ldebug_abbrev0:
 228 0000 01       		.uleb128 0x1
 229 0001 11       		.uleb128 0x11
 230 0002 01       		.byte	0x1
 231 0003 25       		.uleb128 0x25
 232 0004 0E       		.uleb128 0xe
 233 0005 13       		.uleb128 0x13
 234 0006 0B       		.uleb128 0xb
 235 0007 03       		.uleb128 0x3
 236 0008 0E       		.uleb128 0xe
 237 0009 1B       		.uleb128 0x1b
 238 000a 0E       		.uleb128 0xe
 239 000b 55       		.uleb128 0x55
 240 000c 17       		.uleb128 0x17
 241 000d 11       		.uleb128 0x11
 242 000e 01       		.uleb128 0x1
 243 000f 10       		.uleb128 0x10
 244 0010 17       		.uleb128 0x17
 245 0011 00       		.byte	0
 246 0012 00       		.byte	0
 247 0013 02       		.uleb128 0x2
 248 0014 24       		.uleb128 0x24
 249 0015 00       		.byte	0
 250 0016 0B       		.uleb128 0xb
 251 0017 0B       		.uleb128 0xb
 252 0018 3E       		.uleb128 0x3e
 253 0019 0B       		.uleb128 0xb
 254 001a 03       		.uleb128 0x3
 255 001b 0E       		.uleb128 0xe
 256 001c 00       		.byte	0
 257 001d 00       		.byte	0
 258 001e 03       		.uleb128 0x3
 259 001f 24       		.uleb128 0x24
ARM GAS  C:\Users\cdc75\AppData\Local\Temp\cc24yWGN.s 			page 6


 260 0020 00       		.byte	0
 261 0021 0B       		.uleb128 0xb
 262 0022 0B       		.uleb128 0xb
 263 0023 3E       		.uleb128 0x3e
 264 0024 0B       		.uleb128 0xb
 265 0025 03       		.uleb128 0x3
 266 0026 08       		.uleb128 0x8
 267 0027 00       		.byte	0
 268 0028 00       		.byte	0
 269 0029 04       		.uleb128 0x4
 270 002a 16       		.uleb128 0x16
 271 002b 00       		.byte	0
 272 002c 03       		.uleb128 0x3
 273 002d 0E       		.uleb128 0xe
 274 002e 3A       		.uleb128 0x3a
 275 002f 0B       		.uleb128 0xb
 276 0030 3B       		.uleb128 0x3b
 277 0031 05       		.uleb128 0x5
 278 0032 49       		.uleb128 0x49
 279 0033 13       		.uleb128 0x13
 280 0034 00       		.byte	0
 281 0035 00       		.byte	0
 282 0036 05       		.uleb128 0x5
 283 0037 2E       		.uleb128 0x2e
 284 0038 01       		.byte	0x1
 285 0039 3F       		.uleb128 0x3f
 286 003a 19       		.uleb128 0x19
 287 003b 03       		.uleb128 0x3
 288 003c 0E       		.uleb128 0xe
 289 003d 3A       		.uleb128 0x3a
 290 003e 0B       		.uleb128 0xb
 291 003f 3B       		.uleb128 0x3b
 292 0040 0B       		.uleb128 0xb
 293 0041 49       		.uleb128 0x49
 294 0042 13       		.uleb128 0x13
 295 0043 11       		.uleb128 0x11
 296 0044 01       		.uleb128 0x1
 297 0045 12       		.uleb128 0x12
 298 0046 06       		.uleb128 0x6
 299 0047 40       		.uleb128 0x40
 300 0048 18       		.uleb128 0x18
 301 0049 9742     		.uleb128 0x2117
 302 004b 19       		.uleb128 0x19
 303 004c 01       		.uleb128 0x1
 304 004d 13       		.uleb128 0x13
 305 004e 00       		.byte	0
 306 004f 00       		.byte	0
 307 0050 06       		.uleb128 0x6
 308 0051 898201   		.uleb128 0x4109
 309 0054 00       		.byte	0
 310 0055 11       		.uleb128 0x11
 311 0056 01       		.uleb128 0x1
 312 0057 31       		.uleb128 0x31
 313 0058 13       		.uleb128 0x13
 314 0059 00       		.byte	0
 315 005a 00       		.byte	0
 316 005b 07       		.uleb128 0x7
ARM GAS  C:\Users\cdc75\AppData\Local\Temp\cc24yWGN.s 			page 7


 317 005c 898201   		.uleb128 0x4109
 318 005f 01       		.byte	0x1
 319 0060 11       		.uleb128 0x11
 320 0061 01       		.uleb128 0x1
 321 0062 31       		.uleb128 0x31
 322 0063 13       		.uleb128 0x13
 323 0064 01       		.uleb128 0x1
 324 0065 13       		.uleb128 0x13
 325 0066 00       		.byte	0
 326 0067 00       		.byte	0
 327 0068 08       		.uleb128 0x8
 328 0069 8A8201   		.uleb128 0x410a
 329 006c 00       		.byte	0
 330 006d 02       		.uleb128 0x2
 331 006e 18       		.uleb128 0x18
 332 006f 9142     		.uleb128 0x2111
 333 0071 18       		.uleb128 0x18
 334 0072 00       		.byte	0
 335 0073 00       		.byte	0
 336 0074 09       		.uleb128 0x9
 337 0075 898201   		.uleb128 0x4109
 338 0078 01       		.byte	0x1
 339 0079 11       		.uleb128 0x11
 340 007a 01       		.uleb128 0x1
 341 007b 31       		.uleb128 0x31
 342 007c 13       		.uleb128 0x13
 343 007d 00       		.byte	0
 344 007e 00       		.byte	0
 345 007f 0A       		.uleb128 0xa
 346 0080 2E       		.uleb128 0x2e
 347 0081 00       		.byte	0
 348 0082 3F       		.uleb128 0x3f
 349 0083 19       		.uleb128 0x19
 350 0084 03       		.uleb128 0x3
 351 0085 0E       		.uleb128 0xe
 352 0086 3A       		.uleb128 0x3a
 353 0087 0B       		.uleb128 0xb
 354 0088 3B       		.uleb128 0x3b
 355 0089 05       		.uleb128 0x5
 356 008a 27       		.uleb128 0x27
 357 008b 19       		.uleb128 0x19
 358 008c 3C       		.uleb128 0x3c
 359 008d 19       		.uleb128 0x19
 360 008e 00       		.byte	0
 361 008f 00       		.byte	0
 362 0090 0B       		.uleb128 0xb
 363 0091 2E       		.uleb128 0x2e
 364 0092 01       		.byte	0x1
 365 0093 3F       		.uleb128 0x3f
 366 0094 19       		.uleb128 0x19
 367 0095 03       		.uleb128 0x3
 368 0096 0E       		.uleb128 0xe
 369 0097 3A       		.uleb128 0x3a
 370 0098 0B       		.uleb128 0xb
 371 0099 3B       		.uleb128 0x3b
 372 009a 05       		.uleb128 0x5
 373 009b 27       		.uleb128 0x27
ARM GAS  C:\Users\cdc75\AppData\Local\Temp\cc24yWGN.s 			page 8


 374 009c 19       		.uleb128 0x19
 375 009d 3C       		.uleb128 0x3c
 376 009e 19       		.uleb128 0x19
 377 009f 01       		.uleb128 0x1
 378 00a0 13       		.uleb128 0x13
 379 00a1 00       		.byte	0
 380 00a2 00       		.byte	0
 381 00a3 0C       		.uleb128 0xc
 382 00a4 05       		.uleb128 0x5
 383 00a5 00       		.byte	0
 384 00a6 49       		.uleb128 0x49
 385 00a7 13       		.uleb128 0x13
 386 00a8 00       		.byte	0
 387 00a9 00       		.byte	0
 388 00aa 0D       		.uleb128 0xd
 389 00ab 2E       		.uleb128 0x2e
 390 00ac 01       		.byte	0x1
 391 00ad 3F       		.uleb128 0x3f
 392 00ae 19       		.uleb128 0x19
 393 00af 03       		.uleb128 0x3
 394 00b0 0E       		.uleb128 0xe
 395 00b1 3A       		.uleb128 0x3a
 396 00b2 0B       		.uleb128 0xb
 397 00b3 3B       		.uleb128 0x3b
 398 00b4 0B       		.uleb128 0xb
 399 00b5 27       		.uleb128 0x27
 400 00b6 19       		.uleb128 0x19
 401 00b7 3C       		.uleb128 0x3c
 402 00b8 19       		.uleb128 0x19
 403 00b9 00       		.byte	0
 404 00ba 00       		.byte	0
 405 00bb 00       		.byte	0
 406              		.section	.debug_aranges,"",%progbits
 407 0000 1C000000 		.4byte	0x1c
 408 0004 0200     		.2byte	0x2
 409 0006 00000000 		.4byte	.Ldebug_info0
 410 000a 04       		.byte	0x4
 411 000b 00       		.byte	0
 412 000c 0000     		.2byte	0
 413 000e 0000     		.2byte	0
 414 0010 00000000 		.4byte	.LFB34
 415 0014 2C000000 		.4byte	.LFE34-.LFB34
 416 0018 00000000 		.4byte	0
 417 001c 00000000 		.4byte	0
 418              		.section	.debug_ranges,"",%progbits
 419              	.Ldebug_ranges0:
 420 0000 00000000 		.4byte	.LFB34
 421 0004 2C000000 		.4byte	.LFE34
 422 0008 00000000 		.4byte	0
 423 000c 00000000 		.4byte	0
 424              		.section	.debug_line,"",%progbits
 425              	.Ldebug_line0:
 426 0000 87000000 		.section	.debug_str,"MS",%progbits,1
 426      02005700 
 426      00000201 
 426      FB0E0D00 
 426      01010101 
ARM GAS  C:\Users\cdc75\AppData\Local\Temp\cc24yWGN.s 			page 9


 427              	.LASF6:
 428 0000 6C6F6E67 		.ascii	"long long int\000"
 428      206C6F6E 
 428      6720696E 
 428      7400
 429              	.LASF16:
 430 000e 75696E74 		.ascii	"uint32\000"
 430      333200
 431              	.LASF8:
 432 0015 756E7369 		.ascii	"unsigned int\000"
 432      676E6564 
 432      20696E74 
 432      00
 433              	.LASF17:
 434 0022 6D61696E 		.ascii	"main\000"
 434      00
 435              	.LASF20:
 436 0027 43794465 		.ascii	"CyDelay\000"
 436      6C617900 
 437              	.LASF5:
 438 002f 6C6F6E67 		.ascii	"long unsigned int\000"
 438      20756E73 
 438      69676E65 
 438      6420696E 
 438      7400
 439              	.LASF7:
 440 0041 6C6F6E67 		.ascii	"long long unsigned int\000"
 440      206C6F6E 
 440      6720756E 
 440      7369676E 
 440      65642069 
 441              	.LASF9:
 442 0058 666C6F61 		.ascii	"float\000"
 442      7400
 443              	.LASF13:
 444 005e 474E5520 		.ascii	"GNU C 4.9.3 20150303 (release) [ARM/embedded-4_9-br"
 444      4320342E 
 444      392E3320 
 444      32303135 
 444      30333033 
 445 0091 616E6368 		.ascii	"anch revision 221220] -mcpu=cortex-m0 -mthumb -g -O"
 445      20726576 
 445      6973696F 
 445      6E203232 
 445      31323230 
 446 00c4 67202D66 		.ascii	"g -ffunction-sections -ffat-lto-objects\000"
 446      66756E63 
 446      74696F6E 
 446      2D736563 
 446      74696F6E 
 447              	.LASF15:
 448 00ec 433A5C55 		.ascii	"C:\\Users\\cdc75\\Desktop\\Labs\\Lesson8.cydsn\000"
 448      73657273 
 448      5C636463 
 448      37355C44 
 448      65736B74 
 449              	.LASF1:
ARM GAS  C:\Users\cdc75\AppData\Local\Temp\cc24yWGN.s 			page 10


 450 0116 756E7369 		.ascii	"unsigned char\000"
 450      676E6564 
 450      20636861 
 450      7200
 451              	.LASF11:
 452 0124 63686172 		.ascii	"char\000"
 452      00
 453              	.LASF4:
 454 0129 6C6F6E67 		.ascii	"long int\000"
 454      20696E74 
 454      00
 455              	.LASF2:
 456 0132 73686F72 		.ascii	"short int\000"
 456      7420696E 
 456      7400
 457              	.LASF10:
 458 013c 646F7562 		.ascii	"double\000"
 458      6C6500
 459              	.LASF3:
 460 0143 73686F72 		.ascii	"short unsigned int\000"
 460      7420756E 
 460      7369676E 
 460      65642069 
 460      6E7400
 461              	.LASF0:
 462 0156 7369676E 		.ascii	"signed char\000"
 462      65642063 
 462      68617200 
 463              	.LASF18:
 464 0162 50574D5F 		.ascii	"PWM_Start\000"
 464      53746172 
 464      7400
 465              	.LASF14:
 466 016c 2E5C6D61 		.ascii	".\\main.c\000"
 466      696E2E63 
 466      00
 467              	.LASF19:
 468 0175 50574D5F 		.ascii	"PWM_WriteCompare\000"
 468      57726974 
 468      65436F6D 
 468      70617265 
 468      00
 469              	.LASF12:
 470 0186 73697A65 		.ascii	"sizetype\000"
 470      74797065 
 470      00
 471              		.ident	"GCC: (GNU Tools for ARM Embedded Processors) 4.9.3 20150303 (release) [ARM/embedded-4_9-br
