ARM GAS  C:\Users\cdc75\AppData\Local\Temp\cclQhoTH.s 			page 1


   1              		.cpu cortex-m0
   2              		.fpu softvfp
   3              		.eabi_attribute 20, 1
   4              		.eabi_attribute 21, 1
   5              		.eabi_attribute 23, 3
   6              		.eabi_attribute 24, 1
   7              		.eabi_attribute 25, 1
   8              		.eabi_attribute 26, 1
   9              		.eabi_attribute 30, 1
  10              		.eabi_attribute 34, 0
  11              		.eabi_attribute 18, 4
  12              		.code	16
  13              		.file	"cyfitter_cfg.c"
  14              		.text
  15              	.Ltext0:
  16              		.cfi_sections	.debug_frame
  17              		.section	.text.cfg_write_bytes32,"ax",%progbits
  18              		.align	2
  19              		.code	16
  20              		.thumb_func
  21              		.type	cfg_write_bytes32, %function
  22              	cfg_write_bytes32:
  23              	.LFB3:
  24              		.file 1 ".\\Generated_Source\\PSoC4\\cyfitter_cfg.c"
   1:.\Generated_Source\PSoC4/cyfitter_cfg.c **** /*******************************************************************************
   2:.\Generated_Source\PSoC4/cyfitter_cfg.c **** * File Name: cyfitter_cfg.c
   3:.\Generated_Source\PSoC4/cyfitter_cfg.c **** * 
   4:.\Generated_Source\PSoC4/cyfitter_cfg.c **** * PSoC Creator  3.3 CP3
   5:.\Generated_Source\PSoC4/cyfitter_cfg.c **** *
   6:.\Generated_Source\PSoC4/cyfitter_cfg.c **** * Description:
   7:.\Generated_Source\PSoC4/cyfitter_cfg.c **** * This file contains device initialization code.
   8:.\Generated_Source\PSoC4/cyfitter_cfg.c **** * Except for the user defined sections in CyClockStartupError(), this file should not be modified.
   9:.\Generated_Source\PSoC4/cyfitter_cfg.c **** * This file is automatically generated by PSoC Creator.
  10:.\Generated_Source\PSoC4/cyfitter_cfg.c **** *
  11:.\Generated_Source\PSoC4/cyfitter_cfg.c **** ********************************************************************************
  12:.\Generated_Source\PSoC4/cyfitter_cfg.c **** * Copyright (c) 2007-2016 Cypress Semiconductor.  All rights reserved.
  13:.\Generated_Source\PSoC4/cyfitter_cfg.c **** * You may use this file only in accordance with the license, terms, conditions, 
  14:.\Generated_Source\PSoC4/cyfitter_cfg.c **** * disclaimers, and limitations in the end user license agreement accompanying 
  15:.\Generated_Source\PSoC4/cyfitter_cfg.c **** * the software package with which this file was provided.
  16:.\Generated_Source\PSoC4/cyfitter_cfg.c **** ********************************************************************************/
  17:.\Generated_Source\PSoC4/cyfitter_cfg.c **** 
  18:.\Generated_Source\PSoC4/cyfitter_cfg.c **** #include <string.h>
  19:.\Generated_Source\PSoC4/cyfitter_cfg.c **** #include "cytypes.h"
  20:.\Generated_Source\PSoC4/cyfitter_cfg.c **** #include "cydevice_trm.h"
  21:.\Generated_Source\PSoC4/cyfitter_cfg.c **** #include "cyfitter.h"
  22:.\Generated_Source\PSoC4/cyfitter_cfg.c **** #include "CyLib.h"
  23:.\Generated_Source\PSoC4/cyfitter_cfg.c **** #include "CyLFClk.h"
  24:.\Generated_Source\PSoC4/cyfitter_cfg.c **** #include "cyfitter_cfg.h"
  25:.\Generated_Source\PSoC4/cyfitter_cfg.c **** 
  26:.\Generated_Source\PSoC4/cyfitter_cfg.c **** 
  27:.\Generated_Source\PSoC4/cyfitter_cfg.c **** #if defined(__GNUC__) || defined(__ARMCC_VERSION)
  28:.\Generated_Source\PSoC4/cyfitter_cfg.c ****     #define CYPACKED 
  29:.\Generated_Source\PSoC4/cyfitter_cfg.c ****     #define CYPACKED_ATTR __attribute__ ((packed))
  30:.\Generated_Source\PSoC4/cyfitter_cfg.c ****     #define CYALIGNED __attribute__ ((aligned))
  31:.\Generated_Source\PSoC4/cyfitter_cfg.c ****     #define CY_CFG_UNUSED __attribute__ ((unused))
  32:.\Generated_Source\PSoC4/cyfitter_cfg.c ****     #ifndef CY_CFG_SECTION
  33:.\Generated_Source\PSoC4/cyfitter_cfg.c ****         #define CY_CFG_SECTION __attribute__ ((section(".psocinit")))
ARM GAS  C:\Users\cdc75\AppData\Local\Temp\cclQhoTH.s 			page 2


  34:.\Generated_Source\PSoC4/cyfitter_cfg.c ****     #endif
  35:.\Generated_Source\PSoC4/cyfitter_cfg.c ****     
  36:.\Generated_Source\PSoC4/cyfitter_cfg.c ****     #if defined(__ARMCC_VERSION)
  37:.\Generated_Source\PSoC4/cyfitter_cfg.c ****         #define CY_CFG_MEMORY_BARRIER() __memory_changed()
  38:.\Generated_Source\PSoC4/cyfitter_cfg.c ****     #else
  39:.\Generated_Source\PSoC4/cyfitter_cfg.c ****         #define CY_CFG_MEMORY_BARRIER() __sync_synchronize()
  40:.\Generated_Source\PSoC4/cyfitter_cfg.c ****     #endif
  41:.\Generated_Source\PSoC4/cyfitter_cfg.c ****     
  42:.\Generated_Source\PSoC4/cyfitter_cfg.c **** #elif defined(__ICCARM__)
  43:.\Generated_Source\PSoC4/cyfitter_cfg.c ****     #include <intrinsics.h>
  44:.\Generated_Source\PSoC4/cyfitter_cfg.c **** 
  45:.\Generated_Source\PSoC4/cyfitter_cfg.c ****     #define CYPACKED __packed
  46:.\Generated_Source\PSoC4/cyfitter_cfg.c ****     #define CYPACKED_ATTR 
  47:.\Generated_Source\PSoC4/cyfitter_cfg.c ****     #define CYALIGNED _Pragma("data_alignment=4")
  48:.\Generated_Source\PSoC4/cyfitter_cfg.c ****     #define CY_CFG_UNUSED _Pragma("diag_suppress=Pe177")
  49:.\Generated_Source\PSoC4/cyfitter_cfg.c ****     #define CY_CFG_SECTION _Pragma("location=\".psocinit\"")
  50:.\Generated_Source\PSoC4/cyfitter_cfg.c ****     
  51:.\Generated_Source\PSoC4/cyfitter_cfg.c ****     #define CY_CFG_MEMORY_BARRIER() __DMB()
  52:.\Generated_Source\PSoC4/cyfitter_cfg.c ****     
  53:.\Generated_Source\PSoC4/cyfitter_cfg.c **** #else
  54:.\Generated_Source\PSoC4/cyfitter_cfg.c ****     #error Unsupported toolchain
  55:.\Generated_Source\PSoC4/cyfitter_cfg.c **** #endif
  56:.\Generated_Source\PSoC4/cyfitter_cfg.c **** 
  57:.\Generated_Source\PSoC4/cyfitter_cfg.c **** 
  58:.\Generated_Source\PSoC4/cyfitter_cfg.c **** CY_CFG_UNUSED
  59:.\Generated_Source\PSoC4/cyfitter_cfg.c **** static void CYMEMZERO(void *s, size_t n);
  60:.\Generated_Source\PSoC4/cyfitter_cfg.c **** CY_CFG_UNUSED
  61:.\Generated_Source\PSoC4/cyfitter_cfg.c **** static void CYMEMZERO(void *s, size_t n)
  62:.\Generated_Source\PSoC4/cyfitter_cfg.c **** {
  63:.\Generated_Source\PSoC4/cyfitter_cfg.c **** 	(void)memset(s, 0, n);
  64:.\Generated_Source\PSoC4/cyfitter_cfg.c **** }
  65:.\Generated_Source\PSoC4/cyfitter_cfg.c **** CY_CFG_UNUSED
  66:.\Generated_Source\PSoC4/cyfitter_cfg.c **** static void CYCONFIGCPY(void *dest, const void *src, size_t n);
  67:.\Generated_Source\PSoC4/cyfitter_cfg.c **** CY_CFG_UNUSED
  68:.\Generated_Source\PSoC4/cyfitter_cfg.c **** static void CYCONFIGCPY(void *dest, const void *src, size_t n)
  69:.\Generated_Source\PSoC4/cyfitter_cfg.c **** {
  70:.\Generated_Source\PSoC4/cyfitter_cfg.c **** 	(void)memcpy(dest, src, n);
  71:.\Generated_Source\PSoC4/cyfitter_cfg.c **** }
  72:.\Generated_Source\PSoC4/cyfitter_cfg.c **** CY_CFG_UNUSED
  73:.\Generated_Source\PSoC4/cyfitter_cfg.c **** static void CYCONFIGCPYCODE(void *dest, const void *src, size_t n);
  74:.\Generated_Source\PSoC4/cyfitter_cfg.c **** CY_CFG_UNUSED
  75:.\Generated_Source\PSoC4/cyfitter_cfg.c **** static void CYCONFIGCPYCODE(void *dest, const void *src, size_t n)
  76:.\Generated_Source\PSoC4/cyfitter_cfg.c **** {
  77:.\Generated_Source\PSoC4/cyfitter_cfg.c **** 	(void)memcpy(dest, src, n);
  78:.\Generated_Source\PSoC4/cyfitter_cfg.c **** }
  79:.\Generated_Source\PSoC4/cyfitter_cfg.c **** 
  80:.\Generated_Source\PSoC4/cyfitter_cfg.c **** 
  81:.\Generated_Source\PSoC4/cyfitter_cfg.c **** 
  82:.\Generated_Source\PSoC4/cyfitter_cfg.c **** /* Clock startup error codes                                                   */
  83:.\Generated_Source\PSoC4/cyfitter_cfg.c **** #define CYCLOCKSTART_NO_ERROR    0u
  84:.\Generated_Source\PSoC4/cyfitter_cfg.c **** #define CYCLOCKSTART_XTAL_ERROR  1u
  85:.\Generated_Source\PSoC4/cyfitter_cfg.c **** #define CYCLOCKSTART_32KHZ_ERROR 2u
  86:.\Generated_Source\PSoC4/cyfitter_cfg.c **** #define CYCLOCKSTART_PLL_ERROR   3u
  87:.\Generated_Source\PSoC4/cyfitter_cfg.c **** 
  88:.\Generated_Source\PSoC4/cyfitter_cfg.c **** #ifdef CY_NEED_CYCLOCKSTARTUPERROR
  89:.\Generated_Source\PSoC4/cyfitter_cfg.c **** /*******************************************************************************
  90:.\Generated_Source\PSoC4/cyfitter_cfg.c **** * Function Name: CyClockStartupError
ARM GAS  C:\Users\cdc75\AppData\Local\Temp\cclQhoTH.s 			page 3


  91:.\Generated_Source\PSoC4/cyfitter_cfg.c **** ********************************************************************************
  92:.\Generated_Source\PSoC4/cyfitter_cfg.c **** * Summary:
  93:.\Generated_Source\PSoC4/cyfitter_cfg.c **** *  If an error is encountered during clock configuration (crystal startup error,
  94:.\Generated_Source\PSoC4/cyfitter_cfg.c **** *  PLL lock error, etc.), the system will end up here.  Unless reimplemented by
  95:.\Generated_Source\PSoC4/cyfitter_cfg.c **** *  the customer, this function will stop in an infinite loop.
  96:.\Generated_Source\PSoC4/cyfitter_cfg.c **** *
  97:.\Generated_Source\PSoC4/cyfitter_cfg.c **** * Parameters:
  98:.\Generated_Source\PSoC4/cyfitter_cfg.c **** *   void
  99:.\Generated_Source\PSoC4/cyfitter_cfg.c **** *
 100:.\Generated_Source\PSoC4/cyfitter_cfg.c **** * Return:
 101:.\Generated_Source\PSoC4/cyfitter_cfg.c **** *   void
 102:.\Generated_Source\PSoC4/cyfitter_cfg.c **** *
 103:.\Generated_Source\PSoC4/cyfitter_cfg.c **** *******************************************************************************/
 104:.\Generated_Source\PSoC4/cyfitter_cfg.c **** CY_CFG_UNUSED
 105:.\Generated_Source\PSoC4/cyfitter_cfg.c **** static void CyClockStartupError(uint8 errorCode);
 106:.\Generated_Source\PSoC4/cyfitter_cfg.c **** CY_CFG_UNUSED
 107:.\Generated_Source\PSoC4/cyfitter_cfg.c **** static void CyClockStartupError(uint8 errorCode)
 108:.\Generated_Source\PSoC4/cyfitter_cfg.c **** {
 109:.\Generated_Source\PSoC4/cyfitter_cfg.c ****     /* To remove the compiler warning if errorCode not used.                */
 110:.\Generated_Source\PSoC4/cyfitter_cfg.c ****     errorCode = errorCode;
 111:.\Generated_Source\PSoC4/cyfitter_cfg.c **** 
 112:.\Generated_Source\PSoC4/cyfitter_cfg.c ****     /* `#START CyClockStartupError` */
 113:.\Generated_Source\PSoC4/cyfitter_cfg.c **** 
 114:.\Generated_Source\PSoC4/cyfitter_cfg.c ****     /* If we have a clock startup error (bad MHz crystal, PLL lock, etc.),  */
 115:.\Generated_Source\PSoC4/cyfitter_cfg.c ****     /* we will end up here to allow the customer to implement something to  */
 116:.\Generated_Source\PSoC4/cyfitter_cfg.c ****     /* deal with the clock condition.                                       */
 117:.\Generated_Source\PSoC4/cyfitter_cfg.c **** 
 118:.\Generated_Source\PSoC4/cyfitter_cfg.c ****     /* `#END` */
 119:.\Generated_Source\PSoC4/cyfitter_cfg.c **** 
 120:.\Generated_Source\PSoC4/cyfitter_cfg.c ****     /* If nothing else, stop here since the clocks have not started         */
 121:.\Generated_Source\PSoC4/cyfitter_cfg.c ****     /* correctly.                                                           */
 122:.\Generated_Source\PSoC4/cyfitter_cfg.c ****     while(1) {}
 123:.\Generated_Source\PSoC4/cyfitter_cfg.c **** }
 124:.\Generated_Source\PSoC4/cyfitter_cfg.c **** #endif
 125:.\Generated_Source\PSoC4/cyfitter_cfg.c **** 
 126:.\Generated_Source\PSoC4/cyfitter_cfg.c **** #define CY_CFG_BASE_ADDR_COUNT 3u
 127:.\Generated_Source\PSoC4/cyfitter_cfg.c **** CYPACKED typedef struct
 128:.\Generated_Source\PSoC4/cyfitter_cfg.c **** {
 129:.\Generated_Source\PSoC4/cyfitter_cfg.c **** 	uint8 offset;
 130:.\Generated_Source\PSoC4/cyfitter_cfg.c **** 	uint8 value;
 131:.\Generated_Source\PSoC4/cyfitter_cfg.c **** } CYPACKED_ATTR cy_cfg_addrvalue_t;
 132:.\Generated_Source\PSoC4/cyfitter_cfg.c **** 
 133:.\Generated_Source\PSoC4/cyfitter_cfg.c **** 
 134:.\Generated_Source\PSoC4/cyfitter_cfg.c **** 
 135:.\Generated_Source\PSoC4/cyfitter_cfg.c **** /*******************************************************************************
 136:.\Generated_Source\PSoC4/cyfitter_cfg.c **** * Function Name: cfg_write_bytes32
 137:.\Generated_Source\PSoC4/cyfitter_cfg.c **** ********************************************************************************
 138:.\Generated_Source\PSoC4/cyfitter_cfg.c **** * Summary:
 139:.\Generated_Source\PSoC4/cyfitter_cfg.c **** *  This function is used for setting up the chip configuration areas that
 140:.\Generated_Source\PSoC4/cyfitter_cfg.c **** *  contain relatively sparse data.
 141:.\Generated_Source\PSoC4/cyfitter_cfg.c **** *
 142:.\Generated_Source\PSoC4/cyfitter_cfg.c **** * Parameters:
 143:.\Generated_Source\PSoC4/cyfitter_cfg.c **** *   void
 144:.\Generated_Source\PSoC4/cyfitter_cfg.c **** *
 145:.\Generated_Source\PSoC4/cyfitter_cfg.c **** * Return:
 146:.\Generated_Source\PSoC4/cyfitter_cfg.c **** *   void
 147:.\Generated_Source\PSoC4/cyfitter_cfg.c **** *
ARM GAS  C:\Users\cdc75\AppData\Local\Temp\cclQhoTH.s 			page 4


 148:.\Generated_Source\PSoC4/cyfitter_cfg.c **** *******************************************************************************/
 149:.\Generated_Source\PSoC4/cyfitter_cfg.c **** static void cfg_write_bytes32(const uint32 addr_table[], const cy_cfg_addrvalue_t data_table[]);
 150:.\Generated_Source\PSoC4/cyfitter_cfg.c **** static void cfg_write_bytes32(const uint32 addr_table[], const cy_cfg_addrvalue_t data_table[])
 151:.\Generated_Source\PSoC4/cyfitter_cfg.c **** {
  25              		.loc 1 151 0
  26              		.cfi_startproc
  27              	.LVL0:
  28 0000 F0B5     		push	{r4, r5, r6, r7, lr}
  29              		.cfi_def_cfa_offset 20
  30              		.cfi_offset 4, -20
  31              		.cfi_offset 5, -16
  32              		.cfi_offset 6, -12
  33              		.cfi_offset 7, -8
  34              		.cfi_offset 14, -4
  35              	.LVL1:
 152:.\Generated_Source\PSoC4/cyfitter_cfg.c **** 	/* For 32-bit little-endian architectures */
 153:.\Generated_Source\PSoC4/cyfitter_cfg.c **** 	uint32 i, j = 0u;
  36              		.loc 1 153 0
  37 0002 0025     		mov	r5, #0
 154:.\Generated_Source\PSoC4/cyfitter_cfg.c **** 	for (i = 0u; i < CY_CFG_BASE_ADDR_COUNT; i++)
  38              		.loc 1 154 0
  39 0004 0027     		mov	r7, #0
  40 0006 11E0     		b	.L2
  41              	.LVL2:
  42              	.L5:
  43              	.LBB2:
 155:.\Generated_Source\PSoC4/cyfitter_cfg.c **** 	{
 156:.\Generated_Source\PSoC4/cyfitter_cfg.c **** 		uint32 baseAddr = addr_table[i];
  44              		.loc 1 156 0
  45 0008 BB00     		lsl	r3, r7, #2
  46 000a C658     		ldr	r6, [r0, r3]
  47              	.LVL3:
 157:.\Generated_Source\PSoC4/cyfitter_cfg.c **** 		uint8 count = (uint8)baseAddr;
  48              		.loc 1 157 0
  49 000c F3B2     		uxtb	r3, r6
  50              	.LVL4:
 158:.\Generated_Source\PSoC4/cyfitter_cfg.c **** 		baseAddr &= 0xFFFFFF00u;
  51              		.loc 1 158 0
  52 000e FF22     		mov	r2, #255
  53 0010 9643     		bic	r6, r2
  54              	.LVL5:
 159:.\Generated_Source\PSoC4/cyfitter_cfg.c **** 		while (count != 0u)
  55              		.loc 1 159 0
  56 0012 08E0     		b	.L3
  57              	.L4:
 160:.\Generated_Source\PSoC4/cyfitter_cfg.c **** 		{
 161:.\Generated_Source\PSoC4/cyfitter_cfg.c **** 			CY_SET_XTND_REG8((void CYFAR *)(baseAddr + data_table[j].offset), data_table[j].value);
  58              		.loc 1 161 0
  59 0014 6A00     		lsl	r2, r5, #1
  60 0016 8A18     		add	r2, r1, r2
  61 0018 1478     		ldrb	r4, [r2]
  62 001a A419     		add	r4, r4, r6
  63 001c 5278     		ldrb	r2, [r2, #1]
  64 001e 2270     		strb	r2, [r4]
 162:.\Generated_Source\PSoC4/cyfitter_cfg.c **** 			j++;
  65              		.loc 1 162 0
  66 0020 0135     		add	r5, r5, #1
ARM GAS  C:\Users\cdc75\AppData\Local\Temp\cclQhoTH.s 			page 5


  67              	.LVL6:
 163:.\Generated_Source\PSoC4/cyfitter_cfg.c **** 			count--;
  68              		.loc 1 163 0
  69 0022 013B     		sub	r3, r3, #1
  70              	.LVL7:
  71 0024 DBB2     		uxtb	r3, r3
  72              	.LVL8:
  73              	.L3:
 159:.\Generated_Source\PSoC4/cyfitter_cfg.c **** 		{
  74              		.loc 1 159 0
  75 0026 002B     		cmp	r3, #0
  76 0028 F4D1     		bne	.L4
  77              	.LBE2:
 154:.\Generated_Source\PSoC4/cyfitter_cfg.c **** 	{
  78              		.loc 1 154 0 discriminator 2
  79 002a 0137     		add	r7, r7, #1
  80              	.LVL9:
  81              	.L2:
 154:.\Generated_Source\PSoC4/cyfitter_cfg.c **** 	{
  82              		.loc 1 154 0 is_stmt 0 discriminator 1
  83 002c 022F     		cmp	r7, #2
  84 002e EBD9     		bls	.L5
 164:.\Generated_Source\PSoC4/cyfitter_cfg.c **** 		}
 165:.\Generated_Source\PSoC4/cyfitter_cfg.c **** 	}
 166:.\Generated_Source\PSoC4/cyfitter_cfg.c **** }
  85              		.loc 1 166 0 is_stmt 1
  86              		@ sp needed
  87              	.LVL10:
  88              	.LVL11:
  89 0030 F0BD     		pop	{r4, r5, r6, r7, pc}
  90              		.cfi_endproc
  91              	.LFE3:
  92              		.size	cfg_write_bytes32, .-cfg_write_bytes32
  93 0032 C046     		.section	.text.CYMEMZERO,"ax",%progbits
  94              		.align	2
  95              		.code	16
  96              		.thumb_func
  97              		.type	CYMEMZERO, %function
  98              	CYMEMZERO:
  99              	.LFB0:
  62:.\Generated_Source\PSoC4/cyfitter_cfg.c **** 	(void)memset(s, 0, n);
 100              		.loc 1 62 0
 101              		.cfi_startproc
 102              	.LVL12:
 103 0000 08B5     		push	{r3, lr}
 104              		.cfi_def_cfa_offset 8
 105              		.cfi_offset 3, -8
 106              		.cfi_offset 14, -4
 107 0002 0A1C     		mov	r2, r1
  63:.\Generated_Source\PSoC4/cyfitter_cfg.c **** }
 108              		.loc 1 63 0
 109 0004 0021     		mov	r1, #0
 110              	.LVL13:
 111 0006 FFF7FEFF 		bl	memset
 112              	.LVL14:
  64:.\Generated_Source\PSoC4/cyfitter_cfg.c **** CY_CFG_UNUSED
 113              		.loc 1 64 0
ARM GAS  C:\Users\cdc75\AppData\Local\Temp\cclQhoTH.s 			page 6


 114              		@ sp needed
 115 000a 08BD     		pop	{r3, pc}
 116              		.cfi_endproc
 117              	.LFE0:
 118              		.size	CYMEMZERO, .-CYMEMZERO
 119              		.section	.psocinit,"ax",%progbits
 120              		.align	2
 121              		.code	16
 122              		.thumb_func
 123              		.type	ClockSetup, %function
 124              	ClockSetup:
 125              	.LFB4:
 167:.\Generated_Source\PSoC4/cyfitter_cfg.c **** 
 168:.\Generated_Source\PSoC4/cyfitter_cfg.c **** 
 169:.\Generated_Source\PSoC4/cyfitter_cfg.c **** /*******************************************************************************
 170:.\Generated_Source\PSoC4/cyfitter_cfg.c **** * Function Name: ClockSetup
 171:.\Generated_Source\PSoC4/cyfitter_cfg.c **** ********************************************************************************
 172:.\Generated_Source\PSoC4/cyfitter_cfg.c **** *
 173:.\Generated_Source\PSoC4/cyfitter_cfg.c **** * Summary:
 174:.\Generated_Source\PSoC4/cyfitter_cfg.c **** *   Performs the initialization of all of the clocks in the device based on the
 175:.\Generated_Source\PSoC4/cyfitter_cfg.c **** *   settings in the Clock tab of the DWR.  This includes enabling the requested
 176:.\Generated_Source\PSoC4/cyfitter_cfg.c **** *   clocks and setting the necessary dividers to produce the desired frequency. 
 177:.\Generated_Source\PSoC4/cyfitter_cfg.c **** *
 178:.\Generated_Source\PSoC4/cyfitter_cfg.c **** * Parameters:
 179:.\Generated_Source\PSoC4/cyfitter_cfg.c **** *   void
 180:.\Generated_Source\PSoC4/cyfitter_cfg.c **** *
 181:.\Generated_Source\PSoC4/cyfitter_cfg.c **** * Return:
 182:.\Generated_Source\PSoC4/cyfitter_cfg.c **** *   void
 183:.\Generated_Source\PSoC4/cyfitter_cfg.c **** *
 184:.\Generated_Source\PSoC4/cyfitter_cfg.c **** *******************************************************************************/
 185:.\Generated_Source\PSoC4/cyfitter_cfg.c **** static void ClockSetup(void);
 186:.\Generated_Source\PSoC4/cyfitter_cfg.c **** CY_CFG_SECTION
 187:.\Generated_Source\PSoC4/cyfitter_cfg.c **** static void ClockSetup(void)
 188:.\Generated_Source\PSoC4/cyfitter_cfg.c **** {
 126              		.loc 1 188 0
 127              		.cfi_startproc
 128 0000 38B5     		push	{r3, r4, r5, lr}
 129              		.cfi_def_cfa_offset 16
 130              		.cfi_offset 3, -16
 131              		.cfi_offset 4, -12
 132              		.cfi_offset 5, -8
 133              		.cfi_offset 14, -4
 189:.\Generated_Source\PSoC4/cyfitter_cfg.c **** 	/* Enable HALF_EN before trimming for the flash accelerator. */
 190:.\Generated_Source\PSoC4/cyfitter_cfg.c **** 	CY_SET_REG32((void CYXDATA *)(CYREG_CLK_SELECT), (CY_GET_REG32((void *)CYREG_CLK_SELECT) | 0x00040
 134              		.loc 1 190 0
 135 0002 164C     		ldr	r4, .L8
 136 0004 2368     		ldr	r3, [r4]
 137 0006 8022     		mov	r2, #128
 138 0008 D202     		lsl	r2, r2, #11
 139 000a 1343     		orr	r3, r2
 140 000c 2360     		str	r3, [r4]
 191:.\Generated_Source\PSoC4/cyfitter_cfg.c **** 
 192:.\Generated_Source\PSoC4/cyfitter_cfg.c **** 	/* Setup and trim IMO based on desired frequency. */
 193:.\Generated_Source\PSoC4/cyfitter_cfg.c **** 	CySysClkWriteImoFreq(24u);
 141              		.loc 1 193 0
 142 000e 1820     		mov	r0, #24
 143 0010 FFF7FEFF 		bl	CySysClkWriteImoFreq
ARM GAS  C:\Users\cdc75\AppData\Local\Temp\cclQhoTH.s 			page 7


 144              	.LVL15:
 194:.\Generated_Source\PSoC4/cyfitter_cfg.c **** 
 195:.\Generated_Source\PSoC4/cyfitter_cfg.c **** 	/* Disable HALF_EN since it is not required at this IMO frequency. */
 196:.\Generated_Source\PSoC4/cyfitter_cfg.c **** 	CY_SET_REG32((void CYXDATA *)(CYREG_CLK_SELECT), (CY_GET_REG32((void *)CYREG_CLK_SELECT) & 0xFFFBF
 145              		.loc 1 196 0
 146 0014 2268     		ldr	r2, [r4]
 147 0016 124B     		ldr	r3, .L8+4
 148 0018 1340     		and	r3, r2
 149 001a 2360     		str	r3, [r4]
 197:.\Generated_Source\PSoC4/cyfitter_cfg.c **** 	/* CYDEV_CLK_ILO_CONFIG Starting address: CYDEV_CLK_ILO_CONFIG */
 198:.\Generated_Source\PSoC4/cyfitter_cfg.c **** 	CY_SET_XTND_REG32((void CYFAR *)(CYREG_CLK_ILO_CONFIG), 0x80000006u);
 150              		.loc 1 198 0
 151 001c 114A     		ldr	r2, .L8+8
 152 001e 124B     		ldr	r3, .L8+12
 153 0020 1A60     		str	r2, [r3]
 199:.\Generated_Source\PSoC4/cyfitter_cfg.c **** 
 200:.\Generated_Source\PSoC4/cyfitter_cfg.c **** 
 201:.\Generated_Source\PSoC4/cyfitter_cfg.c **** 	/* CYDEV_CLK_SELECT00 Starting address: CYDEV_CLK_SELECT00 */
 202:.\Generated_Source\PSoC4/cyfitter_cfg.c **** 	CY_SET_XTND_REG32((void CYFAR *)(CYREG_CLK_SELECT03), 0x00000020u);
 154              		.loc 1 202 0
 155 0022 2022     		mov	r2, #32
 156 0024 114B     		ldr	r3, .L8+16
 157 0026 1A60     		str	r2, [r3]
 203:.\Generated_Source\PSoC4/cyfitter_cfg.c **** 	CY_SET_XTND_REG32((void CYFAR *)(CYREG_CLK_SELECT08), 0x00000010u);
 158              		.loc 1 203 0
 159 0028 103A     		sub	r2, r2, #16
 160 002a 114B     		ldr	r3, .L8+20
 161 002c 1A60     		str	r2, [r3]
 204:.\Generated_Source\PSoC4/cyfitter_cfg.c **** 
 205:.\Generated_Source\PSoC4/cyfitter_cfg.c **** 	/* CYDEV_CLK_IMO_CONFIG Starting address: CYDEV_CLK_IMO_CONFIG */
 206:.\Generated_Source\PSoC4/cyfitter_cfg.c **** 	CY_SET_XTND_REG32((void CYFAR *)(CYREG_CLK_IMO_CONFIG), 0x80000000u);
 162              		.loc 1 206 0
 163 002e 8022     		mov	r2, #128
 164 0030 1206     		lsl	r2, r2, #24
 165 0032 104B     		ldr	r3, .L8+24
 166 0034 1A60     		str	r2, [r3]
 207:.\Generated_Source\PSoC4/cyfitter_cfg.c **** 
 208:.\Generated_Source\PSoC4/cyfitter_cfg.c **** 	/* CYDEV_CLK_SELECT Starting address: CYDEV_CLK_SELECT */
 209:.\Generated_Source\PSoC4/cyfitter_cfg.c **** 	CY_SET_XTND_REG32((void CYFAR *)(CYREG_CLK_SELECT), 0x00000000u);
 167              		.loc 1 209 0
 168 0036 0025     		mov	r5, #0
 169 0038 2560     		str	r5, [r4]
 210:.\Generated_Source\PSoC4/cyfitter_cfg.c **** 
 211:.\Generated_Source\PSoC4/cyfitter_cfg.c **** 	/* CYDEV_CLK_DIVIDER_A00 Starting address: CYDEV_CLK_DIVIDER_A00 */
 212:.\Generated_Source\PSoC4/cyfitter_cfg.c **** 	CY_SET_XTND_REG32((void CYFAR *)(CYREG_CLK_DIVIDER_A00), 0x80000001u);
 170              		.loc 1 212 0
 171 003a 0F4A     		ldr	r2, .L8+28
 172 003c 0F4B     		ldr	r3, .L8+32
 173 003e 1A60     		str	r2, [r3]
 213:.\Generated_Source\PSoC4/cyfitter_cfg.c **** 
 214:.\Generated_Source\PSoC4/cyfitter_cfg.c **** 	/* CYDEV_CLK_DIVIDER_B00 Starting address: CYDEV_CLK_DIVIDER_B00 */
 215:.\Generated_Source\PSoC4/cyfitter_cfg.c **** 	CY_SET_XTND_REG32((void CYFAR *)(CYREG_CLK_DIVIDER_B00), 0x8000000Eu);
 174              		.loc 1 215 0
 175 0040 0F4A     		ldr	r2, .L8+36
 176 0042 104B     		ldr	r3, .L8+40
 177 0044 1A60     		str	r2, [r3]
 216:.\Generated_Source\PSoC4/cyfitter_cfg.c **** 
ARM GAS  C:\Users\cdc75\AppData\Local\Temp\cclQhoTH.s 			page 8


 217:.\Generated_Source\PSoC4/cyfitter_cfg.c **** 	(void)CyIntSetVector(9u, &CySysWdtIsr);
 178              		.loc 1 217 0
 179 0046 0920     		mov	r0, #9
 180 0048 0F49     		ldr	r1, .L8+44
 181 004a FFF7FEFF 		bl	CyIntSetVector
 182              	.LVL16:
 218:.\Generated_Source\PSoC4/cyfitter_cfg.c **** 	CyIntEnable(9u);
 183              		.loc 1 218 0
 184 004e 0920     		mov	r0, #9
 185 0050 FFF7FEFF 		bl	CyIntEnable
 186              	.LVL17:
 219:.\Generated_Source\PSoC4/cyfitter_cfg.c **** 	CY_SET_XTND_REG32((void CYFAR *)(CYREG_WDT_CONFIG), 0x00000000u);
 187              		.loc 1 219 0
 188 0054 0D4B     		ldr	r3, .L8+48
 189 0056 1D60     		str	r5, [r3]
 220:.\Generated_Source\PSoC4/cyfitter_cfg.c **** }
 190              		.loc 1 220 0
 191              		@ sp needed
 192 0058 38BD     		pop	{r3, r4, r5, pc}
 193              	.L9:
 194 005a C046     		.align	2
 195              	.L8:
 196 005c 00010B40 		.word	1074462976
 197 0060 FFFFFBFF 		.word	-262145
 198 0064 06000080 		.word	-2147483642
 199 0068 04010B40 		.word	1074462980
 200 006c 0C020240 		.word	1073873420
 201 0070 20020240 		.word	1073873440
 202 0074 08010B40 		.word	1074462984
 203 0078 01000080 		.word	-2147483647
 204 007c 00000240 		.word	1073872896
 205 0080 0E000080 		.word	-2147483634
 206 0084 40000240 		.word	1073872960
 207 0088 00000000 		.word	CySysWdtIsr
 208 008c 0C020B40 		.word	1074463244
 209              		.cfi_endproc
 210              	.LFE4:
 211              		.size	ClockSetup, .-ClockSetup
 212              		.align	2
 213              		.global	cyfitter_cfg
 214              		.code	16
 215              		.thumb_func
 216              		.type	cyfitter_cfg, %function
 217              	cyfitter_cfg:
 218              	.LFB6:
 221:.\Generated_Source\PSoC4/cyfitter_cfg.c **** 
 222:.\Generated_Source\PSoC4/cyfitter_cfg.c **** 
 223:.\Generated_Source\PSoC4/cyfitter_cfg.c **** /* Analog API Functions */
 224:.\Generated_Source\PSoC4/cyfitter_cfg.c **** 
 225:.\Generated_Source\PSoC4/cyfitter_cfg.c **** 
 226:.\Generated_Source\PSoC4/cyfitter_cfg.c **** /*******************************************************************************
 227:.\Generated_Source\PSoC4/cyfitter_cfg.c **** * Function Name: AnalogSetDefault
 228:.\Generated_Source\PSoC4/cyfitter_cfg.c **** ********************************************************************************
 229:.\Generated_Source\PSoC4/cyfitter_cfg.c **** *
 230:.\Generated_Source\PSoC4/cyfitter_cfg.c **** * Summary:
 231:.\Generated_Source\PSoC4/cyfitter_cfg.c **** *  Sets up the analog portions of the chip to default values based on chip
 232:.\Generated_Source\PSoC4/cyfitter_cfg.c **** *  configuration options from the project.
ARM GAS  C:\Users\cdc75\AppData\Local\Temp\cclQhoTH.s 			page 9


 233:.\Generated_Source\PSoC4/cyfitter_cfg.c **** *
 234:.\Generated_Source\PSoC4/cyfitter_cfg.c **** * Parameters:
 235:.\Generated_Source\PSoC4/cyfitter_cfg.c **** *  void
 236:.\Generated_Source\PSoC4/cyfitter_cfg.c **** *
 237:.\Generated_Source\PSoC4/cyfitter_cfg.c **** * Return:
 238:.\Generated_Source\PSoC4/cyfitter_cfg.c **** *  void
 239:.\Generated_Source\PSoC4/cyfitter_cfg.c **** *
 240:.\Generated_Source\PSoC4/cyfitter_cfg.c **** *******************************************************************************/
 241:.\Generated_Source\PSoC4/cyfitter_cfg.c **** static void AnalogSetDefault(void);
 242:.\Generated_Source\PSoC4/cyfitter_cfg.c **** static void AnalogSetDefault(void)
 243:.\Generated_Source\PSoC4/cyfitter_cfg.c **** {
 244:.\Generated_Source\PSoC4/cyfitter_cfg.c **** }
 245:.\Generated_Source\PSoC4/cyfitter_cfg.c **** 
 246:.\Generated_Source\PSoC4/cyfitter_cfg.c **** #define CY_AMUX_UNUSED CYREG_CM0_ROM_DWT
 247:.\Generated_Source\PSoC4/cyfitter_cfg.c **** 
 248:.\Generated_Source\PSoC4/cyfitter_cfg.c **** 
 249:.\Generated_Source\PSoC4/cyfitter_cfg.c **** /*******************************************************************************
 250:.\Generated_Source\PSoC4/cyfitter_cfg.c **** * Function Name: cyfitter_cfg
 251:.\Generated_Source\PSoC4/cyfitter_cfg.c **** ********************************************************************************
 252:.\Generated_Source\PSoC4/cyfitter_cfg.c **** * Summary:
 253:.\Generated_Source\PSoC4/cyfitter_cfg.c **** *  This function is called by the start-up code for the selected device. It
 254:.\Generated_Source\PSoC4/cyfitter_cfg.c **** *  performs all of the necessary device configuration based on the design
 255:.\Generated_Source\PSoC4/cyfitter_cfg.c **** *  settings.  This includes settings from the Design Wide Resources (DWR) such
 256:.\Generated_Source\PSoC4/cyfitter_cfg.c **** *  as Clocks and Pins as well as any component configuration that is necessary.
 257:.\Generated_Source\PSoC4/cyfitter_cfg.c **** *
 258:.\Generated_Source\PSoC4/cyfitter_cfg.c **** * Parameters:  
 259:.\Generated_Source\PSoC4/cyfitter_cfg.c **** *   void
 260:.\Generated_Source\PSoC4/cyfitter_cfg.c **** *
 261:.\Generated_Source\PSoC4/cyfitter_cfg.c **** * Return:
 262:.\Generated_Source\PSoC4/cyfitter_cfg.c **** *   void
 263:.\Generated_Source\PSoC4/cyfitter_cfg.c **** *
 264:.\Generated_Source\PSoC4/cyfitter_cfg.c **** *******************************************************************************/
 265:.\Generated_Source\PSoC4/cyfitter_cfg.c **** CY_CFG_SECTION
 266:.\Generated_Source\PSoC4/cyfitter_cfg.c **** void cyfitter_cfg(void)
 267:.\Generated_Source\PSoC4/cyfitter_cfg.c **** {
 219              		.loc 1 267 0
 220              		.cfi_startproc
 221 0090 10B5     		push	{r4, lr}
 222              		.cfi_def_cfa_offset 8
 223              		.cfi_offset 4, -8
 224              		.cfi_offset 14, -4
 268:.\Generated_Source\PSoC4/cyfitter_cfg.c **** 	/* Disable interrupts by default. Let user enable if/when they want. */
 269:.\Generated_Source\PSoC4/cyfitter_cfg.c **** 	CyGlobalIntDisable;
 225              		.loc 1 269 0
 226              	@ 269 ".\Generated_Source\PSoC4\cyfitter_cfg.c" 1
 227 0092 72B6     		CPSID   i
 228              	@ 0 "" 2
 229              	.LVL18:
 230              		.code	16
 231              	.LBB3:
 270:.\Generated_Source\PSoC4/cyfitter_cfg.c **** 
 271:.\Generated_Source\PSoC4/cyfitter_cfg.c **** 	{
 272:.\Generated_Source\PSoC4/cyfitter_cfg.c **** 		static const uint32 CYCODE cy_cfg_addr_table[] = {
 273:.\Generated_Source\PSoC4/cyfitter_cfg.c **** 			0x400F3301u, /* Base address: 0x400F3300 Count: 1 */
 274:.\Generated_Source\PSoC4/cyfitter_cfg.c **** 			0x400F4103u, /* Base address: 0x400F4100 Count: 3 */
 275:.\Generated_Source\PSoC4/cyfitter_cfg.c **** 			0x400F4304u, /* Base address: 0x400F4300 Count: 4 */
 276:.\Generated_Source\PSoC4/cyfitter_cfg.c **** 		};
ARM GAS  C:\Users\cdc75\AppData\Local\Temp\cclQhoTH.s 			page 10


 277:.\Generated_Source\PSoC4/cyfitter_cfg.c **** 
 278:.\Generated_Source\PSoC4/cyfitter_cfg.c **** 		static const cy_cfg_addrvalue_t CYCODE cy_cfg_data_table[] = {
 279:.\Generated_Source\PSoC4/cyfitter_cfg.c **** 			{0xE6u, 0x10u},
 280:.\Generated_Source\PSoC4/cyfitter_cfg.c **** 			{0x62u, 0x04u},
 281:.\Generated_Source\PSoC4/cyfitter_cfg.c **** 			{0x8Eu, 0x04u},
 282:.\Generated_Source\PSoC4/cyfitter_cfg.c **** 			{0xD8u, 0x40u},
 283:.\Generated_Source\PSoC4/cyfitter_cfg.c **** 			{0x18u, 0x80u},
 284:.\Generated_Source\PSoC4/cyfitter_cfg.c **** 			{0x8Cu, 0x40u},
 285:.\Generated_Source\PSoC4/cyfitter_cfg.c **** 			{0xC6u, 0x08u},
 286:.\Generated_Source\PSoC4/cyfitter_cfg.c **** 			{0xE6u, 0x08u},
 287:.\Generated_Source\PSoC4/cyfitter_cfg.c **** 		};
 288:.\Generated_Source\PSoC4/cyfitter_cfg.c **** 
 289:.\Generated_Source\PSoC4/cyfitter_cfg.c **** 
 290:.\Generated_Source\PSoC4/cyfitter_cfg.c **** 
 291:.\Generated_Source\PSoC4/cyfitter_cfg.c **** 		CYPACKED typedef struct {
 292:.\Generated_Source\PSoC4/cyfitter_cfg.c **** 			void CYFAR *address;
 293:.\Generated_Source\PSoC4/cyfitter_cfg.c **** 			uint16 size;
 294:.\Generated_Source\PSoC4/cyfitter_cfg.c **** 		} CYPACKED_ATTR cfg_memset_t;
 295:.\Generated_Source\PSoC4/cyfitter_cfg.c **** 
 296:.\Generated_Source\PSoC4/cyfitter_cfg.c **** 		static const cfg_memset_t CYCODE cfg_memset_list [] = {
 297:.\Generated_Source\PSoC4/cyfitter_cfg.c **** 			/* address, size */
 298:.\Generated_Source\PSoC4/cyfitter_cfg.c **** 			{(void CYFAR *)(CYDEV_UDB_P0_U0_BASE), 1024u},
 299:.\Generated_Source\PSoC4/cyfitter_cfg.c **** 			{(void CYFAR *)(CYDEV_UDB_DSI0_BASE), 1024u},
 300:.\Generated_Source\PSoC4/cyfitter_cfg.c **** 		};
 301:.\Generated_Source\PSoC4/cyfitter_cfg.c **** 
 302:.\Generated_Source\PSoC4/cyfitter_cfg.c **** 		uint8 CYDATA i;
 303:.\Generated_Source\PSoC4/cyfitter_cfg.c **** 
 304:.\Generated_Source\PSoC4/cyfitter_cfg.c **** 		/* Zero out critical memory blocks before beginning configuration */
 305:.\Generated_Source\PSoC4/cyfitter_cfg.c **** 		for (i = 0u; i < (sizeof(cfg_memset_list)/sizeof(cfg_memset_list[0])); i++)
 232              		.loc 1 305 0
 233 0094 0024     		mov	r4, #0
 234 0096 10E0     		b	.L11
 235              	.LVL19:
 236              	.L12:
 237              	.LBB4:
 306:.\Generated_Source\PSoC4/cyfitter_cfg.c **** 		{
 307:.\Generated_Source\PSoC4/cyfitter_cfg.c **** 			const cfg_memset_t CYCODE * CYDATA ms = &cfg_memset_list[i];
 308:.\Generated_Source\PSoC4/cyfitter_cfg.c **** 			CYMEMZERO(ms->address, (size_t)(uint32)(ms->size));
 238              		.loc 1 308 0 discriminator 3
 239 0098 2848     		ldr	r0, .L13
 240 009a 6300     		lsl	r3, r4, #1
 241 009c 1A19     		add	r2, r3, r4
 242 009e 5200     		lsl	r2, r2, #1
 243 00a0 8218     		add	r2, r0, r2
 244 00a2 9188     		ldrh	r1, [r2, #4]
 245 00a4 1B19     		add	r3, r3, r4
 246 00a6 5B00     		lsl	r3, r3, #1
 247 00a8 1A5A     		ldrh	r2, [r3, r0]
 248 00aa C318     		add	r3, r0, r3
 249 00ac 5888     		ldrh	r0, [r3, #2]
 250 00ae 0004     		lsl	r0, r0, #16
 251 00b0 1043     		orr	r0, r2
 252 00b2 FFF7FEFF 		bl	CYMEMZERO
 253              	.LVL20:
 254              	.LBE4:
 305:.\Generated_Source\PSoC4/cyfitter_cfg.c **** 		{
 255              		.loc 1 305 0 discriminator 3
ARM GAS  C:\Users\cdc75\AppData\Local\Temp\cclQhoTH.s 			page 11


 256 00b6 0134     		add	r4, r4, #1
 257              	.LVL21:
 258 00b8 E4B2     		uxtb	r4, r4
 259              	.LVL22:
 260              	.L11:
 305:.\Generated_Source\PSoC4/cyfitter_cfg.c **** 		{
 261              		.loc 1 305 0 is_stmt 0 discriminator 1
 262 00ba 012C     		cmp	r4, #1
 263 00bc ECD9     		bls	.L12
 309:.\Generated_Source\PSoC4/cyfitter_cfg.c **** 		}
 310:.\Generated_Source\PSoC4/cyfitter_cfg.c **** 
 311:.\Generated_Source\PSoC4/cyfitter_cfg.c **** 		cfg_write_bytes32(cy_cfg_addr_table, cy_cfg_data_table);
 264              		.loc 1 311 0 is_stmt 1
 265 00be 1F49     		ldr	r1, .L13
 266 00c0 081C     		mov	r0, r1
 267 00c2 0C30     		add	r0, r0, #12
 268 00c4 1831     		add	r1, r1, #24
 269 00c6 FFF7FEFF 		bl	cfg_write_bytes32
 270              	.LVL23:
 312:.\Generated_Source\PSoC4/cyfitter_cfg.c **** 
 313:.\Generated_Source\PSoC4/cyfitter_cfg.c **** 		/* HSIOM Starting address: CYDEV_HSIOM_BASE */
 314:.\Generated_Source\PSoC4/cyfitter_cfg.c **** 		CY_SET_XTND_REG32((void CYFAR *)(CYREG_HSIOM_PORT_SEL1), 0x03000000u);
 271              		.loc 1 314 0
 272 00ca C022     		mov	r2, #192
 273 00cc 9204     		lsl	r2, r2, #18
 274 00ce 1C4B     		ldr	r3, .L13+4
 275 00d0 1A60     		str	r2, [r3]
 315:.\Generated_Source\PSoC4/cyfitter_cfg.c **** 		CY_SET_XTND_REG32((void CYFAR *)(CYREG_HSIOM_PORT_SEL3), 0x0000EEEEu);
 276              		.loc 1 315 0
 277 00d2 1C4A     		ldr	r2, .L13+8
 278 00d4 1C4B     		ldr	r3, .L13+12
 279 00d6 1A60     		str	r2, [r3]
 316:.\Generated_Source\PSoC4/cyfitter_cfg.c **** 
 317:.\Generated_Source\PSoC4/cyfitter_cfg.c **** 		/* UDB_PA_0 Starting address: CYDEV_UDB_PA0_BASE */
 318:.\Generated_Source\PSoC4/cyfitter_cfg.c **** 		CY_SET_XTND_REG32((void CYFAR *)(CYDEV_UDB_PA0_BASE), 0x00990000u);
 280              		.loc 1 318 0
 281 00d8 9923     		mov	r3, #153
 282 00da 1B04     		lsl	r3, r3, #16
 283 00dc 1B4A     		ldr	r2, .L13+16
 284 00de 1360     		str	r3, [r2]
 319:.\Generated_Source\PSoC4/cyfitter_cfg.c **** 
 320:.\Generated_Source\PSoC4/cyfitter_cfg.c **** 		/* UDB_PA_1 Starting address: CYDEV_UDB_PA1_BASE */
 321:.\Generated_Source\PSoC4/cyfitter_cfg.c **** 		CY_SET_XTND_REG32((void CYFAR *)(CYDEV_UDB_PA1_BASE), 0x00990000u);
 285              		.loc 1 321 0
 286 00e0 1B4A     		ldr	r2, .L13+20
 287 00e2 1360     		str	r3, [r2]
 322:.\Generated_Source\PSoC4/cyfitter_cfg.c **** 		CY_SET_XTND_REG32((void CYFAR *)(CYREG_UDB_PA1_CFG8), 0x20000000u);
 288              		.loc 1 322 0
 289 00e4 8021     		mov	r1, #128
 290 00e6 8905     		lsl	r1, r1, #22
 291 00e8 1A4A     		ldr	r2, .L13+24
 292 00ea 1160     		str	r1, [r2]
 323:.\Generated_Source\PSoC4/cyfitter_cfg.c **** 
 324:.\Generated_Source\PSoC4/cyfitter_cfg.c **** 		/* UDB_PA_3 Starting address: CYDEV_UDB_PA3_BASE */
 325:.\Generated_Source\PSoC4/cyfitter_cfg.c **** 		CY_SET_XTND_REG32((void CYFAR *)(CYDEV_UDB_PA3_BASE), 0x00990000u);
 293              		.loc 1 325 0
 294 00ec 1A4A     		ldr	r2, .L13+28
ARM GAS  C:\Users\cdc75\AppData\Local\Temp\cclQhoTH.s 			page 12


 295 00ee 1360     		str	r3, [r2]
 326:.\Generated_Source\PSoC4/cyfitter_cfg.c **** 
 327:.\Generated_Source\PSoC4/cyfitter_cfg.c **** 		/* Enable digital routing */
 328:.\Generated_Source\PSoC4/cyfitter_cfg.c **** 		CY_SET_XTND_REG8((void *)CYREG_UDB_UDBIF_BANK_CTL, CY_GET_XTND_REG8((void *)CYREG_UDB_UDBIF_BANK_
 296              		.loc 1 328 0
 297 00f0 1A4B     		ldr	r3, .L13+32
 298 00f2 1978     		ldrb	r1, [r3]
 299 00f4 0222     		mov	r2, #2
 300 00f6 0A43     		orr	r2, r1
 301 00f8 1A70     		strb	r2, [r3]
 329:.\Generated_Source\PSoC4/cyfitter_cfg.c **** 
 330:.\Generated_Source\PSoC4/cyfitter_cfg.c **** 		/* Enable UDB array */
 331:.\Generated_Source\PSoC4/cyfitter_cfg.c **** 		CY_SET_XTND_REG8((void *)CYREG_UDB_UDBIF_WAIT_CFG, (uint8)((CY_GET_XTND_REG8((void *)CYREG_UDB_UD
 302              		.loc 1 331 0
 303 00fa 1948     		ldr	r0, .L13+36
 304 00fc 0278     		ldrb	r2, [r0]
 305 00fe 3C21     		mov	r1, #60
 306 0100 8A43     		bic	r2, r1
 307 0102 2839     		sub	r1, r1, #40
 308 0104 0A43     		orr	r2, r1
 309 0106 0270     		strb	r2, [r0]
 332:.\Generated_Source\PSoC4/cyfitter_cfg.c **** 		CY_SET_XTND_REG8((void *)CYREG_UDB_UDBIF_BANK_CTL, (uint8)(CY_GET_XTND_REG8((void *)CYREG_UDB_UDB
 310              		.loc 1 332 0
 311 0108 1978     		ldrb	r1, [r3]
 312 010a 1622     		mov	r2, #22
 313 010c 0A43     		orr	r2, r1
 314 010e 1A70     		strb	r2, [r3]
 315              	.LBE3:
 333:.\Generated_Source\PSoC4/cyfitter_cfg.c **** 	}
 334:.\Generated_Source\PSoC4/cyfitter_cfg.c **** 
 335:.\Generated_Source\PSoC4/cyfitter_cfg.c **** 	/* Perform second pass device configuration. These items must be configured in specific order afte
 336:.\Generated_Source\PSoC4/cyfitter_cfg.c **** 	/* IOPINS0_0 Starting address: CYDEV_PRT0_BASE */
 337:.\Generated_Source\PSoC4/cyfitter_cfg.c **** 	CY_SET_XTND_REG32((void CYFAR *)(CYDEV_PRT0_BASE), 0x0000008Cu);
 316              		.loc 1 337 0
 317 0110 8C22     		mov	r2, #140
 318 0112 144B     		ldr	r3, .L13+40
 319 0114 1A60     		str	r2, [r3]
 338:.\Generated_Source\PSoC4/cyfitter_cfg.c **** 	CY_SET_XTND_REG32((void CYFAR *)(CYREG_PRT0_PC), 0x00400D80u);
 320              		.loc 1 338 0
 321 0116 144A     		ldr	r2, .L13+44
 322 0118 144B     		ldr	r3, .L13+48
 323 011a 1A60     		str	r2, [r3]
 339:.\Generated_Source\PSoC4/cyfitter_cfg.c **** 
 340:.\Generated_Source\PSoC4/cyfitter_cfg.c **** 	/* IOPINS0_1 Starting address: CYDEV_PRT1_BASE */
 341:.\Generated_Source\PSoC4/cyfitter_cfg.c **** 	CY_SET_XTND_REG32((void CYFAR *)(CYDEV_PRT1_BASE), 0x00000040u);
 324              		.loc 1 341 0
 325 011c 4022     		mov	r2, #64
 326 011e 144B     		ldr	r3, .L13+52
 327 0120 1A60     		str	r2, [r3]
 342:.\Generated_Source\PSoC4/cyfitter_cfg.c **** 	CY_SET_XTND_REG32((void CYFAR *)(CYREG_PRT1_PC), 0x00180000u);
 328              		.loc 1 342 0
 329 0122 C022     		mov	r2, #192
 330 0124 5203     		lsl	r2, r2, #13
 331 0126 134B     		ldr	r3, .L13+56
 332 0128 1A60     		str	r2, [r3]
 343:.\Generated_Source\PSoC4/cyfitter_cfg.c **** 
 344:.\Generated_Source\PSoC4/cyfitter_cfg.c **** 	/* IOPINS0_3 Starting address: CYDEV_PRT3_BASE */
ARM GAS  C:\Users\cdc75\AppData\Local\Temp\cclQhoTH.s 			page 13


 345:.\Generated_Source\PSoC4/cyfitter_cfg.c **** 	CY_SET_XTND_REG32((void CYFAR *)(CYDEV_PRT3_BASE), 0x00000003u);
 333              		.loc 1 345 0
 334 012a 0322     		mov	r2, #3
 335 012c 124B     		ldr	r3, .L13+60
 336 012e 1A60     		str	r2, [r3]
 346:.\Generated_Source\PSoC4/cyfitter_cfg.c **** 	CY_SET_XTND_REG32((void CYFAR *)(CYREG_PRT3_PC), 0x00000DA4u);
 337              		.loc 1 346 0
 338 0130 124A     		ldr	r2, .L13+64
 339 0132 134B     		ldr	r3, .L13+68
 340 0134 1A60     		str	r2, [r3]
 347:.\Generated_Source\PSoC4/cyfitter_cfg.c **** 
 348:.\Generated_Source\PSoC4/cyfitter_cfg.c **** 
 349:.\Generated_Source\PSoC4/cyfitter_cfg.c **** 	/* Setup clocks based on selections from Clock DWR */
 350:.\Generated_Source\PSoC4/cyfitter_cfg.c **** 	ClockSetup();
 341              		.loc 1 350 0
 342 0136 FFF763FF 		bl	ClockSetup
 343              	.LVL24:
 351:.\Generated_Source\PSoC4/cyfitter_cfg.c **** 
 352:.\Generated_Source\PSoC4/cyfitter_cfg.c **** 	/* Perform basic analog initialization to defaults */
 353:.\Generated_Source\PSoC4/cyfitter_cfg.c **** 	AnalogSetDefault();
 354:.\Generated_Source\PSoC4/cyfitter_cfg.c **** 
 355:.\Generated_Source\PSoC4/cyfitter_cfg.c **** }
 344              		.loc 1 355 0
 345              		@ sp needed
 346              	.LVL25:
 347 013a 10BD     		pop	{r4, pc}
 348              	.L14:
 349              		.align	2
 350              	.L13:
 351 013c 00000000 		.word	.LANCHOR0
 352 0140 04000140 		.word	1073807364
 353 0144 EEEE0000 		.word	61166
 354 0148 0C000140 		.word	1073807372
 355 014c 00500F40 		.word	1074745344
 356 0150 10500F40 		.word	1074745360
 357 0154 18500F40 		.word	1074745368
 358 0158 30500F40 		.word	1074745392
 359 015c 00700F40 		.word	1074753536
 360 0160 01700F40 		.word	1074753537
 361 0164 00000440 		.word	1074003968
 362 0168 800D4000 		.word	4197760
 363 016c 08000440 		.word	1074003976
 364 0170 00010440 		.word	1074004224
 365 0174 08010440 		.word	1074004232
 366 0178 00030440 		.word	1074004736
 367 017c A40D0000 		.word	3492
 368 0180 08030440 		.word	1074004744
 369              		.cfi_endproc
 370              	.LFE6:
 371              		.size	cyfitter_cfg, .-cyfitter_cfg
 372              		.section	.rodata
 373              		.align	2
 374              		.set	.LANCHOR0,. + 0
 375              		.type	cfg_memset_list.4746, %object
 376              		.size	cfg_memset_list.4746, 12
 377              	cfg_memset_list.4746:
 378 0000 00300F40 		.word	1074737152
ARM GAS  C:\Users\cdc75\AppData\Local\Temp\cclQhoTH.s 			page 14


 379 0004 0004     		.short	1024
 380 0006 00400F40 		.4byte	1074741248
 381 000a 0004     		.short	1024
 382              		.type	cy_cfg_addr_table.4740, %object
 383              		.size	cy_cfg_addr_table.4740, 12
 384              	cy_cfg_addr_table.4740:
 385 000c 01330F40 		.word	1074737921
 386 0010 03410F40 		.word	1074741507
 387 0014 04430F40 		.word	1074742020
 388              		.type	cy_cfg_data_table.4741, %object
 389              		.size	cy_cfg_data_table.4741, 16
 390              	cy_cfg_data_table.4741:
 391 0018 E6       		.byte	-26
 392 0019 10       		.byte	16
 393 001a 62       		.byte	98
 394 001b 04       		.byte	4
 395 001c 8E       		.byte	-114
 396 001d 04       		.byte	4
 397 001e D8       		.byte	-40
 398 001f 40       		.byte	64
 399 0020 18       		.byte	24
 400 0021 80       		.byte	-128
 401 0022 8C       		.byte	-116
 402 0023 40       		.byte	64
 403 0024 C6       		.byte	-58
 404 0025 08       		.byte	8
 405 0026 E6       		.byte	-26
 406 0027 08       		.byte	8
 407              		.text
 408              	.Letext0:
 409              		.file 2 "c:\\program files (x86)\\cypress\\psoc creator\\3.3\\psoc creator\\import\\gnu\\arm\\4.9.
 410              		.file 3 ".\\Generated_Source\\PSoC4\\cytypes.h"
 411              		.file 4 ".\\Generated_Source\\PSoC4\\CyLib.h"
 412              		.section	.debug_info,"",%progbits
 413              	.Ldebug_info0:
 414 0000 B9030000 		.4byte	0x3b9
 415 0004 0400     		.2byte	0x4
 416 0006 00000000 		.4byte	.Ldebug_abbrev0
 417 000a 04       		.byte	0x4
 418 000b 01       		.uleb128 0x1
 419 000c AA010000 		.4byte	.LASF38
 420 0010 01       		.byte	0x1
 421 0011 6F010000 		.4byte	.LASF39
 422 0015 5E020000 		.4byte	.LASF40
 423 0019 00000000 		.4byte	.Ldebug_ranges0+0
 424 001d 00000000 		.4byte	0
 425 0021 00000000 		.4byte	.Ldebug_line0
 426 0025 02       		.uleb128 0x2
 427 0026 04       		.byte	0x4
 428 0027 05       		.byte	0x5
 429 0028 696E7400 		.ascii	"int\000"
 430 002c 03       		.uleb128 0x3
 431 002d 06000000 		.4byte	.LASF11
 432 0031 02       		.byte	0x2
 433 0032 D4       		.byte	0xd4
 434 0033 37000000 		.4byte	0x37
 435 0037 04       		.uleb128 0x4
ARM GAS  C:\Users\cdc75\AppData\Local\Temp\cclQhoTH.s 			page 15


 436 0038 04       		.byte	0x4
 437 0039 07       		.byte	0x7
 438 003a 0A010000 		.4byte	.LASF0
 439 003e 04       		.uleb128 0x4
 440 003f 01       		.byte	0x1
 441 0040 06       		.byte	0x6
 442 0041 92020000 		.4byte	.LASF1
 443 0045 04       		.uleb128 0x4
 444 0046 01       		.byte	0x1
 445 0047 08       		.byte	0x8
 446 0048 AC000000 		.4byte	.LASF2
 447 004c 04       		.uleb128 0x4
 448 004d 02       		.byte	0x2
 449 004e 05       		.byte	0x5
 450 004f 3F020000 		.4byte	.LASF3
 451 0053 04       		.uleb128 0x4
 452 0054 02       		.byte	0x2
 453 0055 07       		.byte	0x7
 454 0056 9E020000 		.4byte	.LASF4
 455 005a 04       		.uleb128 0x4
 456 005b 04       		.byte	0x4
 457 005c 05       		.byte	0x5
 458 005d 89020000 		.4byte	.LASF5
 459 0061 04       		.uleb128 0x4
 460 0062 04       		.byte	0x4
 461 0063 07       		.byte	0x7
 462 0064 8A000000 		.4byte	.LASF6
 463 0068 04       		.uleb128 0x4
 464 0069 08       		.byte	0x8
 465 006a 05       		.byte	0x5
 466 006b 97010000 		.4byte	.LASF7
 467 006f 04       		.uleb128 0x4
 468 0070 08       		.byte	0x8
 469 0071 07       		.byte	0x7
 470 0072 2C010000 		.4byte	.LASF8
 471 0076 04       		.uleb128 0x4
 472 0077 04       		.byte	0x4
 473 0078 07       		.byte	0x7
 474 0079 66010000 		.4byte	.LASF9
 475 007d 05       		.uleb128 0x5
 476 007e 04       		.byte	0x4
 477 007f 06       		.uleb128 0x6
 478 0080 04       		.byte	0x4
 479 0081 85000000 		.4byte	0x85
 480 0085 07       		.uleb128 0x7
 481 0086 04       		.uleb128 0x4
 482 0087 01       		.byte	0x1
 483 0088 08       		.byte	0x8
 484 0089 A5010000 		.4byte	.LASF10
 485 008d 08       		.uleb128 0x8
 486 008e 9C000000 		.4byte	.LASF12
 487 0092 03       		.byte	0x3
 488 0093 9801     		.2byte	0x198
 489 0095 45000000 		.4byte	0x45
 490 0099 08       		.uleb128 0x8
 491 009a F1000000 		.4byte	.LASF13
 492 009e 03       		.byte	0x3
ARM GAS  C:\Users\cdc75\AppData\Local\Temp\cclQhoTH.s 			page 16


 493 009f 9901     		.2byte	0x199
 494 00a1 53000000 		.4byte	0x53
 495 00a5 08       		.uleb128 0x8
 496 00a6 03010000 		.4byte	.LASF14
 497 00aa 03       		.byte	0x3
 498 00ab 9A01     		.2byte	0x19a
 499 00ad 61000000 		.4byte	0x61
 500 00b1 04       		.uleb128 0x4
 501 00b2 04       		.byte	0x4
 502 00b3 04       		.byte	0x4
 503 00b4 6A000000 		.4byte	.LASF15
 504 00b8 04       		.uleb128 0x4
 505 00b9 08       		.byte	0x8
 506 00ba 04       		.byte	0x4
 507 00bb C1000000 		.4byte	.LASF16
 508 00bf 08       		.uleb128 0x8
 509 00c0 85000000 		.4byte	.LASF17
 510 00c4 03       		.byte	0x3
 511 00c5 4202     		.2byte	0x242
 512 00c7 CB000000 		.4byte	0xcb
 513 00cb 09       		.uleb128 0x9
 514 00cc 8D000000 		.4byte	0x8d
 515 00d0 08       		.uleb128 0x8
 516 00d1 00000000 		.4byte	.LASF18
 517 00d5 03       		.byte	0x3
 518 00d6 4402     		.2byte	0x244
 519 00d8 DC000000 		.4byte	0xdc
 520 00dc 09       		.uleb128 0x9
 521 00dd A5000000 		.4byte	0xa5
 522 00e1 08       		.uleb128 0x8
 523 00e2 43010000 		.4byte	.LASF19
 524 00e6 03       		.byte	0x3
 525 00e7 5402     		.2byte	0x254
 526 00e9 7F000000 		.4byte	0x7f
 527 00ed 0A       		.uleb128 0xa
 528 00ee 02       		.byte	0x2
 529 00ef 01       		.byte	0x1
 530 00f0 7F       		.byte	0x7f
 531 00f1 0E010000 		.4byte	0x10e
 532 00f5 0B       		.uleb128 0xb
 533 00f6 38020000 		.4byte	.LASF20
 534 00fa 01       		.byte	0x1
 535 00fb 81       		.byte	0x81
 536 00fc 8D000000 		.4byte	0x8d
 537 0100 00       		.byte	0
 538 0101 0B       		.uleb128 0xb
 539 0102 1C000000 		.4byte	.LASF21
 540 0106 01       		.byte	0x1
 541 0107 82       		.byte	0x82
 542 0108 8D000000 		.4byte	0x8d
 543 010c 01       		.byte	0x1
 544 010d 00       		.byte	0
 545 010e 03       		.uleb128 0x3
 546 010f 57000000 		.4byte	.LASF22
 547 0113 01       		.byte	0x1
 548 0114 83       		.byte	0x83
 549 0115 ED000000 		.4byte	0xed
ARM GAS  C:\Users\cdc75\AppData\Local\Temp\cclQhoTH.s 			page 17


 550 0119 0C       		.uleb128 0xc
 551 011a C8000000 		.4byte	.LASF27
 552 011e 01       		.byte	0x1
 553 011f 96       		.byte	0x96
 554 0120 00000000 		.4byte	.LFB3
 555 0124 32000000 		.4byte	.LFE3-.LFB3
 556 0128 01       		.uleb128 0x1
 557 0129 9C       		.byte	0x9c
 558 012a 8B010000 		.4byte	0x18b
 559 012e 0D       		.uleb128 0xd
 560 012f E6000000 		.4byte	.LASF23
 561 0133 01       		.byte	0x1
 562 0134 96       		.byte	0x96
 563 0135 8B010000 		.4byte	0x18b
 564 0139 01       		.uleb128 0x1
 565 013a 50       		.byte	0x50
 566 013b 0D       		.uleb128 0xd
 567 013c F8000000 		.4byte	.LASF24
 568 0140 01       		.byte	0x1
 569 0141 96       		.byte	0x96
 570 0142 96010000 		.4byte	0x196
 571 0146 01       		.uleb128 0x1
 572 0147 51       		.byte	0x51
 573 0148 0E       		.uleb128 0xe
 574 0149 6900     		.ascii	"i\000"
 575 014b 01       		.byte	0x1
 576 014c 99       		.byte	0x99
 577 014d A5000000 		.4byte	0xa5
 578 0151 00000000 		.4byte	.LLST0
 579 0155 0E       		.uleb128 0xe
 580 0156 6A00     		.ascii	"j\000"
 581 0158 01       		.byte	0x1
 582 0159 99       		.byte	0x99
 583 015a A5000000 		.4byte	0xa5
 584 015e 1F000000 		.4byte	.LLST1
 585 0162 0F       		.uleb128 0xf
 586 0163 08000000 		.4byte	.LBB2
 587 0167 22000000 		.4byte	.LBE2-.LBB2
 588 016b 10       		.uleb128 0x10
 589 016c 5D010000 		.4byte	.LASF25
 590 0170 01       		.byte	0x1
 591 0171 9C       		.byte	0x9c
 592 0172 A5000000 		.4byte	0xa5
 593 0176 3E000000 		.4byte	.LLST2
 594 017a 10       		.uleb128 0x10
 595 017b 22000000 		.4byte	.LASF26
 596 017f 01       		.byte	0x1
 597 0180 9D       		.byte	0x9d
 598 0181 8D000000 		.4byte	0x8d
 599 0185 51000000 		.4byte	.LLST3
 600 0189 00       		.byte	0
 601 018a 00       		.byte	0
 602 018b 06       		.uleb128 0x6
 603 018c 04       		.byte	0x4
 604 018d 91010000 		.4byte	0x191
 605 0191 11       		.uleb128 0x11
 606 0192 A5000000 		.4byte	0xa5
ARM GAS  C:\Users\cdc75\AppData\Local\Temp\cclQhoTH.s 			page 18


 607 0196 06       		.uleb128 0x6
 608 0197 04       		.byte	0x4
 609 0198 9C010000 		.4byte	0x19c
 610 019c 11       		.uleb128 0x11
 611 019d 0E010000 		.4byte	0x10e
 612 01a1 0C       		.uleb128 0xc
 613 01a2 A2000000 		.4byte	.LASF28
 614 01a6 01       		.byte	0x1
 615 01a7 3D       		.byte	0x3d
 616 01a8 00000000 		.4byte	.LFB0
 617 01ac 0C000000 		.4byte	.LFE0-.LFB0
 618 01b0 01       		.uleb128 0x1
 619 01b1 9C       		.byte	0x9c
 620 01b2 EE010000 		.4byte	0x1ee
 621 01b6 12       		.uleb128 0x12
 622 01b7 7300     		.ascii	"s\000"
 623 01b9 01       		.byte	0x1
 624 01ba 3D       		.byte	0x3d
 625 01bb 7D000000 		.4byte	0x7d
 626 01bf 6F000000 		.4byte	.LLST4
 627 01c3 12       		.uleb128 0x12
 628 01c4 6E00     		.ascii	"n\000"
 629 01c6 01       		.byte	0x1
 630 01c7 3D       		.byte	0x3d
 631 01c8 2C000000 		.4byte	0x2c
 632 01cc 90000000 		.4byte	.LLST5
 633 01d0 13       		.uleb128 0x13
 634 01d1 0A000000 		.4byte	.LVL14
 635 01d5 67030000 		.4byte	0x367
 636 01d9 14       		.uleb128 0x14
 637 01da 01       		.uleb128 0x1
 638 01db 52       		.byte	0x52
 639 01dc 03       		.uleb128 0x3
 640 01dd F3       		.byte	0xf3
 641 01de 01       		.uleb128 0x1
 642 01df 51       		.byte	0x51
 643 01e0 14       		.uleb128 0x14
 644 01e1 01       		.uleb128 0x1
 645 01e2 51       		.byte	0x51
 646 01e3 01       		.uleb128 0x1
 647 01e4 30       		.byte	0x30
 648 01e5 14       		.uleb128 0x14
 649 01e6 01       		.uleb128 0x1
 650 01e7 50       		.byte	0x50
 651 01e8 03       		.uleb128 0x3
 652 01e9 F3       		.byte	0xf3
 653 01ea 01       		.uleb128 0x1
 654 01eb 50       		.byte	0x50
 655 01ec 00       		.byte	0
 656 01ed 00       		.byte	0
 657 01ee 0C       		.uleb128 0xc
 658 01ef 28000000 		.4byte	.LASF29
 659 01f3 01       		.byte	0x1
 660 01f4 BB       		.byte	0xbb
 661 01f5 00000000 		.4byte	.LFB4
 662 01f9 90000000 		.4byte	.LFE4-.LFB4
 663 01fd 01       		.uleb128 0x1
ARM GAS  C:\Users\cdc75\AppData\Local\Temp\cclQhoTH.s 			page 19


 664 01fe 9C       		.byte	0x9c
 665 01ff 39020000 		.4byte	0x239
 666 0203 15       		.uleb128 0x15
 667 0204 14000000 		.4byte	.LVL15
 668 0208 84030000 		.4byte	0x384
 669 020c 16020000 		.4byte	0x216
 670 0210 14       		.uleb128 0x14
 671 0211 01       		.uleb128 0x1
 672 0212 50       		.byte	0x50
 673 0213 01       		.uleb128 0x1
 674 0214 48       		.byte	0x48
 675 0215 00       		.byte	0
 676 0216 15       		.uleb128 0x15
 677 0217 4E000000 		.4byte	.LVL16
 678 021b 95030000 		.4byte	0x395
 679 021f 29020000 		.4byte	0x229
 680 0223 14       		.uleb128 0x14
 681 0224 01       		.uleb128 0x1
 682 0225 50       		.byte	0x50
 683 0226 01       		.uleb128 0x1
 684 0227 39       		.byte	0x39
 685 0228 00       		.byte	0
 686 0229 13       		.uleb128 0x13
 687 022a 54000000 		.4byte	.LVL17
 688 022e AF030000 		.4byte	0x3af
 689 0232 14       		.uleb128 0x14
 690 0233 01       		.uleb128 0x1
 691 0234 50       		.byte	0x50
 692 0235 01       		.uleb128 0x1
 693 0236 39       		.byte	0x39
 694 0237 00       		.byte	0
 695 0238 00       		.byte	0
 696 0239 16       		.uleb128 0x16
 697 023a 17010000 		.4byte	.LASF41
 698 023e 01       		.byte	0x1
 699 023f 0A01     		.2byte	0x10a
 700 0241 90000000 		.4byte	.LFB6
 701 0245 F4000000 		.4byte	.LFE6-.LFB6
 702 0249 01       		.uleb128 0x1
 703 024a 9C       		.byte	0x9c
 704 024b 3D030000 		.4byte	0x33d
 705 024f 17       		.uleb128 0x17
 706 0250 94000000 		.4byte	.LBB3
 707 0254 7C000000 		.4byte	.LBE3-.LBB3
 708 0258 33030000 		.4byte	0x333
 709 025c 18       		.uleb128 0x18
 710 025d 33000000 		.4byte	.LASF30
 711 0261 01       		.byte	0x1
 712 0262 1001     		.2byte	0x110
 713 0264 4D030000 		.4byte	0x34d
 714 0268 05       		.uleb128 0x5
 715 0269 03       		.byte	0x3
 716 026a 0C000000 		.4byte	cy_cfg_addr_table.4740
 717 026e 18       		.uleb128 0x18
 718 026f 45000000 		.4byte	.LASF31
 719 0273 01       		.byte	0x1
 720 0274 1601     		.2byte	0x116
ARM GAS  C:\Users\cdc75\AppData\Local\Temp\cclQhoTH.s 			page 20


 721 0276 62030000 		.4byte	0x362
 722 027a 05       		.uleb128 0x5
 723 027b 03       		.byte	0x3
 724 027c 18000000 		.4byte	cy_cfg_data_table.4741
 725 0280 19       		.uleb128 0x19
 726 0281 06       		.byte	0x6
 727 0282 01       		.byte	0x1
 728 0283 2301     		.2byte	0x123
 729 0285 A4020000 		.4byte	0x2a4
 730 0289 1A       		.uleb128 0x1a
 731 028a 24010000 		.4byte	.LASF32
 732 028e 01       		.byte	0x1
 733 028f 2401     		.2byte	0x124
 734 0291 7D000000 		.4byte	0x7d
 735 0295 00       		.byte	0
 736 0296 1A       		.uleb128 0x1a
 737 0297 80000000 		.4byte	.LASF33
 738 029b 01       		.byte	0x1
 739 029c 2501     		.2byte	0x125
 740 029e 99000000 		.4byte	0x99
 741 02a2 04       		.byte	0x4
 742 02a3 00       		.byte	0
 743 02a4 08       		.uleb128 0x8
 744 02a5 50010000 		.4byte	.LASF34
 745 02a9 01       		.byte	0x1
 746 02aa 2601     		.2byte	0x126
 747 02ac 80020000 		.4byte	0x280
 748 02b0 1B       		.uleb128 0x1b
 749 02b1 A4020000 		.4byte	0x2a4
 750 02b5 C0020000 		.4byte	0x2c0
 751 02b9 1C       		.uleb128 0x1c
 752 02ba 76000000 		.4byte	0x76
 753 02be 01       		.byte	0x1
 754 02bf 00       		.byte	0
 755 02c0 18       		.uleb128 0x18
 756 02c1 70000000 		.4byte	.LASF35
 757 02c5 01       		.byte	0x1
 758 02c6 2801     		.2byte	0x128
 759 02c8 D2020000 		.4byte	0x2d2
 760 02cc 05       		.uleb128 0x5
 761 02cd 03       		.byte	0x3
 762 02ce 00000000 		.4byte	cfg_memset_list.4746
 763 02d2 11       		.uleb128 0x11
 764 02d3 B0020000 		.4byte	0x2b0
 765 02d7 1D       		.uleb128 0x1d
 766 02d8 6900     		.ascii	"i\000"
 767 02da 01       		.byte	0x1
 768 02db 2E01     		.2byte	0x12e
 769 02dd 8D000000 		.4byte	0x8d
 770 02e1 BC000000 		.4byte	.LLST6
 771 02e5 17       		.uleb128 0x17
 772 02e6 98000000 		.4byte	.LBB4
 773 02ea 1E000000 		.4byte	.LBE4-.LBB4
 774 02ee 16030000 		.4byte	0x316
 775 02f2 1D       		.uleb128 0x1d
 776 02f3 6D7300   		.ascii	"ms\000"
 777 02f6 01       		.byte	0x1
ARM GAS  C:\Users\cdc75\AppData\Local\Temp\cclQhoTH.s 			page 21


 778 02f7 3301     		.2byte	0x133
 779 02f9 01030000 		.4byte	0x301
 780 02fd E6000000 		.4byte	.LLST7
 781 0301 06       		.uleb128 0x6
 782 0302 04       		.byte	0x4
 783 0303 07030000 		.4byte	0x307
 784 0307 11       		.uleb128 0x11
 785 0308 A4020000 		.4byte	0x2a4
 786 030c 1E       		.uleb128 0x1e
 787 030d B6000000 		.4byte	.LVL20
 788 0311 A1010000 		.4byte	0x1a1
 789 0315 00       		.byte	0
 790 0316 13       		.uleb128 0x13
 791 0317 CA000000 		.4byte	.LVL23
 792 031b 19010000 		.4byte	0x119
 793 031f 14       		.uleb128 0x14
 794 0320 01       		.uleb128 0x1
 795 0321 51       		.byte	0x51
 796 0322 05       		.uleb128 0x5
 797 0323 03       		.byte	0x3
 798 0324 18000000 		.4byte	.LANCHOR0+24
 799 0328 14       		.uleb128 0x14
 800 0329 01       		.uleb128 0x1
 801 032a 50       		.byte	0x50
 802 032b 05       		.uleb128 0x5
 803 032c 03       		.byte	0x3
 804 032d 0C000000 		.4byte	.LANCHOR0+12
 805 0331 00       		.byte	0
 806 0332 00       		.byte	0
 807 0333 1E       		.uleb128 0x1e
 808 0334 3A010000 		.4byte	.LVL24
 809 0338 EE010000 		.4byte	0x1ee
 810 033c 00       		.byte	0
 811 033d 1B       		.uleb128 0x1b
 812 033e A5000000 		.4byte	0xa5
 813 0342 4D030000 		.4byte	0x34d
 814 0346 1C       		.uleb128 0x1c
 815 0347 76000000 		.4byte	0x76
 816 034b 02       		.byte	0x2
 817 034c 00       		.byte	0
 818 034d 11       		.uleb128 0x11
 819 034e 3D030000 		.4byte	0x33d
 820 0352 1B       		.uleb128 0x1b
 821 0353 0E010000 		.4byte	0x10e
 822 0357 62030000 		.4byte	0x362
 823 035b 1C       		.uleb128 0x1c
 824 035c 76000000 		.4byte	0x76
 825 0360 07       		.byte	0x7
 826 0361 00       		.byte	0
 827 0362 11       		.uleb128 0x11
 828 0363 52030000 		.4byte	0x352
 829 0367 1F       		.uleb128 0x1f
 830 0368 BA000000 		.4byte	.LASF36
 831 036c 7D000000 		.4byte	0x7d
 832 0370 84030000 		.4byte	0x384
 833 0374 20       		.uleb128 0x20
 834 0375 7D000000 		.4byte	0x7d
ARM GAS  C:\Users\cdc75\AppData\Local\Temp\cclQhoTH.s 			page 22


 835 0379 20       		.uleb128 0x20
 836 037a 25000000 		.4byte	0x25
 837 037e 20       		.uleb128 0x20
 838 037f 76000000 		.4byte	0x76
 839 0383 00       		.byte	0
 840 0384 21       		.uleb128 0x21
 841 0385 49020000 		.4byte	.LASF37
 842 0389 04       		.byte	0x4
 843 038a 6C       		.byte	0x6c
 844 038b 95030000 		.4byte	0x395
 845 038f 20       		.uleb128 0x20
 846 0390 A5000000 		.4byte	0xa5
 847 0394 00       		.byte	0
 848 0395 22       		.uleb128 0x22
 849 0396 0D000000 		.4byte	.LASF42
 850 039a 04       		.byte	0x4
 851 039b BB       		.byte	0xbb
 852 039c E1000000 		.4byte	0xe1
 853 03a0 AF030000 		.4byte	0x3af
 854 03a4 20       		.uleb128 0x20
 855 03a5 8D000000 		.4byte	0x8d
 856 03a9 20       		.uleb128 0x20
 857 03aa E1000000 		.4byte	0xe1
 858 03ae 00       		.byte	0
 859 03af 23       		.uleb128 0x23
 860 03b0 DA000000 		.4byte	.LASF43
 861 03b4 04       		.byte	0x4
 862 03b5 C1       		.byte	0xc1
 863 03b6 20       		.uleb128 0x20
 864 03b7 8D000000 		.4byte	0x8d
 865 03bb 00       		.byte	0
 866 03bc 00       		.byte	0
 867              		.section	.debug_abbrev,"",%progbits
 868              	.Ldebug_abbrev0:
 869 0000 01       		.uleb128 0x1
 870 0001 11       		.uleb128 0x11
 871 0002 01       		.byte	0x1
 872 0003 25       		.uleb128 0x25
 873 0004 0E       		.uleb128 0xe
 874 0005 13       		.uleb128 0x13
 875 0006 0B       		.uleb128 0xb
 876 0007 03       		.uleb128 0x3
 877 0008 0E       		.uleb128 0xe
 878 0009 1B       		.uleb128 0x1b
 879 000a 0E       		.uleb128 0xe
 880 000b 55       		.uleb128 0x55
 881 000c 17       		.uleb128 0x17
 882 000d 11       		.uleb128 0x11
 883 000e 01       		.uleb128 0x1
 884 000f 10       		.uleb128 0x10
 885 0010 17       		.uleb128 0x17
 886 0011 00       		.byte	0
 887 0012 00       		.byte	0
 888 0013 02       		.uleb128 0x2
 889 0014 24       		.uleb128 0x24
 890 0015 00       		.byte	0
 891 0016 0B       		.uleb128 0xb
ARM GAS  C:\Users\cdc75\AppData\Local\Temp\cclQhoTH.s 			page 23


 892 0017 0B       		.uleb128 0xb
 893 0018 3E       		.uleb128 0x3e
 894 0019 0B       		.uleb128 0xb
 895 001a 03       		.uleb128 0x3
 896 001b 08       		.uleb128 0x8
 897 001c 00       		.byte	0
 898 001d 00       		.byte	0
 899 001e 03       		.uleb128 0x3
 900 001f 16       		.uleb128 0x16
 901 0020 00       		.byte	0
 902 0021 03       		.uleb128 0x3
 903 0022 0E       		.uleb128 0xe
 904 0023 3A       		.uleb128 0x3a
 905 0024 0B       		.uleb128 0xb
 906 0025 3B       		.uleb128 0x3b
 907 0026 0B       		.uleb128 0xb
 908 0027 49       		.uleb128 0x49
 909 0028 13       		.uleb128 0x13
 910 0029 00       		.byte	0
 911 002a 00       		.byte	0
 912 002b 04       		.uleb128 0x4
 913 002c 24       		.uleb128 0x24
 914 002d 00       		.byte	0
 915 002e 0B       		.uleb128 0xb
 916 002f 0B       		.uleb128 0xb
 917 0030 3E       		.uleb128 0x3e
 918 0031 0B       		.uleb128 0xb
 919 0032 03       		.uleb128 0x3
 920 0033 0E       		.uleb128 0xe
 921 0034 00       		.byte	0
 922 0035 00       		.byte	0
 923 0036 05       		.uleb128 0x5
 924 0037 0F       		.uleb128 0xf
 925 0038 00       		.byte	0
 926 0039 0B       		.uleb128 0xb
 927 003a 0B       		.uleb128 0xb
 928 003b 00       		.byte	0
 929 003c 00       		.byte	0
 930 003d 06       		.uleb128 0x6
 931 003e 0F       		.uleb128 0xf
 932 003f 00       		.byte	0
 933 0040 0B       		.uleb128 0xb
 934 0041 0B       		.uleb128 0xb
 935 0042 49       		.uleb128 0x49
 936 0043 13       		.uleb128 0x13
 937 0044 00       		.byte	0
 938 0045 00       		.byte	0
 939 0046 07       		.uleb128 0x7
 940 0047 15       		.uleb128 0x15
 941 0048 00       		.byte	0
 942 0049 27       		.uleb128 0x27
 943 004a 19       		.uleb128 0x19
 944 004b 00       		.byte	0
 945 004c 00       		.byte	0
 946 004d 08       		.uleb128 0x8
 947 004e 16       		.uleb128 0x16
 948 004f 00       		.byte	0
ARM GAS  C:\Users\cdc75\AppData\Local\Temp\cclQhoTH.s 			page 24


 949 0050 03       		.uleb128 0x3
 950 0051 0E       		.uleb128 0xe
 951 0052 3A       		.uleb128 0x3a
 952 0053 0B       		.uleb128 0xb
 953 0054 3B       		.uleb128 0x3b
 954 0055 05       		.uleb128 0x5
 955 0056 49       		.uleb128 0x49
 956 0057 13       		.uleb128 0x13
 957 0058 00       		.byte	0
 958 0059 00       		.byte	0
 959 005a 09       		.uleb128 0x9
 960 005b 35       		.uleb128 0x35
 961 005c 00       		.byte	0
 962 005d 49       		.uleb128 0x49
 963 005e 13       		.uleb128 0x13
 964 005f 00       		.byte	0
 965 0060 00       		.byte	0
 966 0061 0A       		.uleb128 0xa
 967 0062 13       		.uleb128 0x13
 968 0063 01       		.byte	0x1
 969 0064 0B       		.uleb128 0xb
 970 0065 0B       		.uleb128 0xb
 971 0066 3A       		.uleb128 0x3a
 972 0067 0B       		.uleb128 0xb
 973 0068 3B       		.uleb128 0x3b
 974 0069 0B       		.uleb128 0xb
 975 006a 01       		.uleb128 0x1
 976 006b 13       		.uleb128 0x13
 977 006c 00       		.byte	0
 978 006d 00       		.byte	0
 979 006e 0B       		.uleb128 0xb
 980 006f 0D       		.uleb128 0xd
 981 0070 00       		.byte	0
 982 0071 03       		.uleb128 0x3
 983 0072 0E       		.uleb128 0xe
 984 0073 3A       		.uleb128 0x3a
 985 0074 0B       		.uleb128 0xb
 986 0075 3B       		.uleb128 0x3b
 987 0076 0B       		.uleb128 0xb
 988 0077 49       		.uleb128 0x49
 989 0078 13       		.uleb128 0x13
 990 0079 38       		.uleb128 0x38
 991 007a 0B       		.uleb128 0xb
 992 007b 00       		.byte	0
 993 007c 00       		.byte	0
 994 007d 0C       		.uleb128 0xc
 995 007e 2E       		.uleb128 0x2e
 996 007f 01       		.byte	0x1
 997 0080 03       		.uleb128 0x3
 998 0081 0E       		.uleb128 0xe
 999 0082 3A       		.uleb128 0x3a
 1000 0083 0B       		.uleb128 0xb
 1001 0084 3B       		.uleb128 0x3b
 1002 0085 0B       		.uleb128 0xb
 1003 0086 27       		.uleb128 0x27
 1004 0087 19       		.uleb128 0x19
 1005 0088 11       		.uleb128 0x11
ARM GAS  C:\Users\cdc75\AppData\Local\Temp\cclQhoTH.s 			page 25


 1006 0089 01       		.uleb128 0x1
 1007 008a 12       		.uleb128 0x12
 1008 008b 06       		.uleb128 0x6
 1009 008c 40       		.uleb128 0x40
 1010 008d 18       		.uleb128 0x18
 1011 008e 9742     		.uleb128 0x2117
 1012 0090 19       		.uleb128 0x19
 1013 0091 01       		.uleb128 0x1
 1014 0092 13       		.uleb128 0x13
 1015 0093 00       		.byte	0
 1016 0094 00       		.byte	0
 1017 0095 0D       		.uleb128 0xd
 1018 0096 05       		.uleb128 0x5
 1019 0097 00       		.byte	0
 1020 0098 03       		.uleb128 0x3
 1021 0099 0E       		.uleb128 0xe
 1022 009a 3A       		.uleb128 0x3a
 1023 009b 0B       		.uleb128 0xb
 1024 009c 3B       		.uleb128 0x3b
 1025 009d 0B       		.uleb128 0xb
 1026 009e 49       		.uleb128 0x49
 1027 009f 13       		.uleb128 0x13
 1028 00a0 02       		.uleb128 0x2
 1029 00a1 18       		.uleb128 0x18
 1030 00a2 00       		.byte	0
 1031 00a3 00       		.byte	0
 1032 00a4 0E       		.uleb128 0xe
 1033 00a5 34       		.uleb128 0x34
 1034 00a6 00       		.byte	0
 1035 00a7 03       		.uleb128 0x3
 1036 00a8 08       		.uleb128 0x8
 1037 00a9 3A       		.uleb128 0x3a
 1038 00aa 0B       		.uleb128 0xb
 1039 00ab 3B       		.uleb128 0x3b
 1040 00ac 0B       		.uleb128 0xb
 1041 00ad 49       		.uleb128 0x49
 1042 00ae 13       		.uleb128 0x13
 1043 00af 02       		.uleb128 0x2
 1044 00b0 17       		.uleb128 0x17
 1045 00b1 00       		.byte	0
 1046 00b2 00       		.byte	0
 1047 00b3 0F       		.uleb128 0xf
 1048 00b4 0B       		.uleb128 0xb
 1049 00b5 01       		.byte	0x1
 1050 00b6 11       		.uleb128 0x11
 1051 00b7 01       		.uleb128 0x1
 1052 00b8 12       		.uleb128 0x12
 1053 00b9 06       		.uleb128 0x6
 1054 00ba 00       		.byte	0
 1055 00bb 00       		.byte	0
 1056 00bc 10       		.uleb128 0x10
 1057 00bd 34       		.uleb128 0x34
 1058 00be 00       		.byte	0
 1059 00bf 03       		.uleb128 0x3
 1060 00c0 0E       		.uleb128 0xe
 1061 00c1 3A       		.uleb128 0x3a
 1062 00c2 0B       		.uleb128 0xb
ARM GAS  C:\Users\cdc75\AppData\Local\Temp\cclQhoTH.s 			page 26


 1063 00c3 3B       		.uleb128 0x3b
 1064 00c4 0B       		.uleb128 0xb
 1065 00c5 49       		.uleb128 0x49
 1066 00c6 13       		.uleb128 0x13
 1067 00c7 02       		.uleb128 0x2
 1068 00c8 17       		.uleb128 0x17
 1069 00c9 00       		.byte	0
 1070 00ca 00       		.byte	0
 1071 00cb 11       		.uleb128 0x11
 1072 00cc 26       		.uleb128 0x26
 1073 00cd 00       		.byte	0
 1074 00ce 49       		.uleb128 0x49
 1075 00cf 13       		.uleb128 0x13
 1076 00d0 00       		.byte	0
 1077 00d1 00       		.byte	0
 1078 00d2 12       		.uleb128 0x12
 1079 00d3 05       		.uleb128 0x5
 1080 00d4 00       		.byte	0
 1081 00d5 03       		.uleb128 0x3
 1082 00d6 08       		.uleb128 0x8
 1083 00d7 3A       		.uleb128 0x3a
 1084 00d8 0B       		.uleb128 0xb
 1085 00d9 3B       		.uleb128 0x3b
 1086 00da 0B       		.uleb128 0xb
 1087 00db 49       		.uleb128 0x49
 1088 00dc 13       		.uleb128 0x13
 1089 00dd 02       		.uleb128 0x2
 1090 00de 17       		.uleb128 0x17
 1091 00df 00       		.byte	0
 1092 00e0 00       		.byte	0
 1093 00e1 13       		.uleb128 0x13
 1094 00e2 898201   		.uleb128 0x4109
 1095 00e5 01       		.byte	0x1
 1096 00e6 11       		.uleb128 0x11
 1097 00e7 01       		.uleb128 0x1
 1098 00e8 31       		.uleb128 0x31
 1099 00e9 13       		.uleb128 0x13
 1100 00ea 00       		.byte	0
 1101 00eb 00       		.byte	0
 1102 00ec 14       		.uleb128 0x14
 1103 00ed 8A8201   		.uleb128 0x410a
 1104 00f0 00       		.byte	0
 1105 00f1 02       		.uleb128 0x2
 1106 00f2 18       		.uleb128 0x18
 1107 00f3 9142     		.uleb128 0x2111
 1108 00f5 18       		.uleb128 0x18
 1109 00f6 00       		.byte	0
 1110 00f7 00       		.byte	0
 1111 00f8 15       		.uleb128 0x15
 1112 00f9 898201   		.uleb128 0x4109
 1113 00fc 01       		.byte	0x1
 1114 00fd 11       		.uleb128 0x11
 1115 00fe 01       		.uleb128 0x1
 1116 00ff 31       		.uleb128 0x31
 1117 0100 13       		.uleb128 0x13
 1118 0101 01       		.uleb128 0x1
 1119 0102 13       		.uleb128 0x13
ARM GAS  C:\Users\cdc75\AppData\Local\Temp\cclQhoTH.s 			page 27


 1120 0103 00       		.byte	0
 1121 0104 00       		.byte	0
 1122 0105 16       		.uleb128 0x16
 1123 0106 2E       		.uleb128 0x2e
 1124 0107 01       		.byte	0x1
 1125 0108 3F       		.uleb128 0x3f
 1126 0109 19       		.uleb128 0x19
 1127 010a 03       		.uleb128 0x3
 1128 010b 0E       		.uleb128 0xe
 1129 010c 3A       		.uleb128 0x3a
 1130 010d 0B       		.uleb128 0xb
 1131 010e 3B       		.uleb128 0x3b
 1132 010f 05       		.uleb128 0x5
 1133 0110 27       		.uleb128 0x27
 1134 0111 19       		.uleb128 0x19
 1135 0112 11       		.uleb128 0x11
 1136 0113 01       		.uleb128 0x1
 1137 0114 12       		.uleb128 0x12
 1138 0115 06       		.uleb128 0x6
 1139 0116 40       		.uleb128 0x40
 1140 0117 18       		.uleb128 0x18
 1141 0118 9742     		.uleb128 0x2117
 1142 011a 19       		.uleb128 0x19
 1143 011b 01       		.uleb128 0x1
 1144 011c 13       		.uleb128 0x13
 1145 011d 00       		.byte	0
 1146 011e 00       		.byte	0
 1147 011f 17       		.uleb128 0x17
 1148 0120 0B       		.uleb128 0xb
 1149 0121 01       		.byte	0x1
 1150 0122 11       		.uleb128 0x11
 1151 0123 01       		.uleb128 0x1
 1152 0124 12       		.uleb128 0x12
 1153 0125 06       		.uleb128 0x6
 1154 0126 01       		.uleb128 0x1
 1155 0127 13       		.uleb128 0x13
 1156 0128 00       		.byte	0
 1157 0129 00       		.byte	0
 1158 012a 18       		.uleb128 0x18
 1159 012b 34       		.uleb128 0x34
 1160 012c 00       		.byte	0
 1161 012d 03       		.uleb128 0x3
 1162 012e 0E       		.uleb128 0xe
 1163 012f 3A       		.uleb128 0x3a
 1164 0130 0B       		.uleb128 0xb
 1165 0131 3B       		.uleb128 0x3b
 1166 0132 05       		.uleb128 0x5
 1167 0133 49       		.uleb128 0x49
 1168 0134 13       		.uleb128 0x13
 1169 0135 02       		.uleb128 0x2
 1170 0136 18       		.uleb128 0x18
 1171 0137 00       		.byte	0
 1172 0138 00       		.byte	0
 1173 0139 19       		.uleb128 0x19
 1174 013a 13       		.uleb128 0x13
 1175 013b 01       		.byte	0x1
 1176 013c 0B       		.uleb128 0xb
ARM GAS  C:\Users\cdc75\AppData\Local\Temp\cclQhoTH.s 			page 28


 1177 013d 0B       		.uleb128 0xb
 1178 013e 3A       		.uleb128 0x3a
 1179 013f 0B       		.uleb128 0xb
 1180 0140 3B       		.uleb128 0x3b
 1181 0141 05       		.uleb128 0x5
 1182 0142 01       		.uleb128 0x1
 1183 0143 13       		.uleb128 0x13
 1184 0144 00       		.byte	0
 1185 0145 00       		.byte	0
 1186 0146 1A       		.uleb128 0x1a
 1187 0147 0D       		.uleb128 0xd
 1188 0148 00       		.byte	0
 1189 0149 03       		.uleb128 0x3
 1190 014a 0E       		.uleb128 0xe
 1191 014b 3A       		.uleb128 0x3a
 1192 014c 0B       		.uleb128 0xb
 1193 014d 3B       		.uleb128 0x3b
 1194 014e 05       		.uleb128 0x5
 1195 014f 49       		.uleb128 0x49
 1196 0150 13       		.uleb128 0x13
 1197 0151 38       		.uleb128 0x38
 1198 0152 0B       		.uleb128 0xb
 1199 0153 00       		.byte	0
 1200 0154 00       		.byte	0
 1201 0155 1B       		.uleb128 0x1b
 1202 0156 01       		.uleb128 0x1
 1203 0157 01       		.byte	0x1
 1204 0158 49       		.uleb128 0x49
 1205 0159 13       		.uleb128 0x13
 1206 015a 01       		.uleb128 0x1
 1207 015b 13       		.uleb128 0x13
 1208 015c 00       		.byte	0
 1209 015d 00       		.byte	0
 1210 015e 1C       		.uleb128 0x1c
 1211 015f 21       		.uleb128 0x21
 1212 0160 00       		.byte	0
 1213 0161 49       		.uleb128 0x49
 1214 0162 13       		.uleb128 0x13
 1215 0163 2F       		.uleb128 0x2f
 1216 0164 0B       		.uleb128 0xb
 1217 0165 00       		.byte	0
 1218 0166 00       		.byte	0
 1219 0167 1D       		.uleb128 0x1d
 1220 0168 34       		.uleb128 0x34
 1221 0169 00       		.byte	0
 1222 016a 03       		.uleb128 0x3
 1223 016b 08       		.uleb128 0x8
 1224 016c 3A       		.uleb128 0x3a
 1225 016d 0B       		.uleb128 0xb
 1226 016e 3B       		.uleb128 0x3b
 1227 016f 05       		.uleb128 0x5
 1228 0170 49       		.uleb128 0x49
 1229 0171 13       		.uleb128 0x13
 1230 0172 02       		.uleb128 0x2
 1231 0173 17       		.uleb128 0x17
 1232 0174 00       		.byte	0
 1233 0175 00       		.byte	0
ARM GAS  C:\Users\cdc75\AppData\Local\Temp\cclQhoTH.s 			page 29


 1234 0176 1E       		.uleb128 0x1e
 1235 0177 898201   		.uleb128 0x4109
 1236 017a 00       		.byte	0
 1237 017b 11       		.uleb128 0x11
 1238 017c 01       		.uleb128 0x1
 1239 017d 31       		.uleb128 0x31
 1240 017e 13       		.uleb128 0x13
 1241 017f 00       		.byte	0
 1242 0180 00       		.byte	0
 1243 0181 1F       		.uleb128 0x1f
 1244 0182 2E       		.uleb128 0x2e
 1245 0183 01       		.byte	0x1
 1246 0184 3F       		.uleb128 0x3f
 1247 0185 19       		.uleb128 0x19
 1248 0186 03       		.uleb128 0x3
 1249 0187 0E       		.uleb128 0xe
 1250 0188 27       		.uleb128 0x27
 1251 0189 19       		.uleb128 0x19
 1252 018a 49       		.uleb128 0x49
 1253 018b 13       		.uleb128 0x13
 1254 018c 34       		.uleb128 0x34
 1255 018d 19       		.uleb128 0x19
 1256 018e 3C       		.uleb128 0x3c
 1257 018f 19       		.uleb128 0x19
 1258 0190 01       		.uleb128 0x1
 1259 0191 13       		.uleb128 0x13
 1260 0192 00       		.byte	0
 1261 0193 00       		.byte	0
 1262 0194 20       		.uleb128 0x20
 1263 0195 05       		.uleb128 0x5
 1264 0196 00       		.byte	0
 1265 0197 49       		.uleb128 0x49
 1266 0198 13       		.uleb128 0x13
 1267 0199 00       		.byte	0
 1268 019a 00       		.byte	0
 1269 019b 21       		.uleb128 0x21
 1270 019c 2E       		.uleb128 0x2e
 1271 019d 01       		.byte	0x1
 1272 019e 3F       		.uleb128 0x3f
 1273 019f 19       		.uleb128 0x19
 1274 01a0 03       		.uleb128 0x3
 1275 01a1 0E       		.uleb128 0xe
 1276 01a2 3A       		.uleb128 0x3a
 1277 01a3 0B       		.uleb128 0xb
 1278 01a4 3B       		.uleb128 0x3b
 1279 01a5 0B       		.uleb128 0xb
 1280 01a6 27       		.uleb128 0x27
 1281 01a7 19       		.uleb128 0x19
 1282 01a8 3C       		.uleb128 0x3c
 1283 01a9 19       		.uleb128 0x19
 1284 01aa 01       		.uleb128 0x1
 1285 01ab 13       		.uleb128 0x13
 1286 01ac 00       		.byte	0
 1287 01ad 00       		.byte	0
 1288 01ae 22       		.uleb128 0x22
 1289 01af 2E       		.uleb128 0x2e
 1290 01b0 01       		.byte	0x1
ARM GAS  C:\Users\cdc75\AppData\Local\Temp\cclQhoTH.s 			page 30


 1291 01b1 3F       		.uleb128 0x3f
 1292 01b2 19       		.uleb128 0x19
 1293 01b3 03       		.uleb128 0x3
 1294 01b4 0E       		.uleb128 0xe
 1295 01b5 3A       		.uleb128 0x3a
 1296 01b6 0B       		.uleb128 0xb
 1297 01b7 3B       		.uleb128 0x3b
 1298 01b8 0B       		.uleb128 0xb
 1299 01b9 27       		.uleb128 0x27
 1300 01ba 19       		.uleb128 0x19
 1301 01bb 49       		.uleb128 0x49
 1302 01bc 13       		.uleb128 0x13
 1303 01bd 3C       		.uleb128 0x3c
 1304 01be 19       		.uleb128 0x19
 1305 01bf 01       		.uleb128 0x1
 1306 01c0 13       		.uleb128 0x13
 1307 01c1 00       		.byte	0
 1308 01c2 00       		.byte	0
 1309 01c3 23       		.uleb128 0x23
 1310 01c4 2E       		.uleb128 0x2e
 1311 01c5 01       		.byte	0x1
 1312 01c6 3F       		.uleb128 0x3f
 1313 01c7 19       		.uleb128 0x19
 1314 01c8 03       		.uleb128 0x3
 1315 01c9 0E       		.uleb128 0xe
 1316 01ca 3A       		.uleb128 0x3a
 1317 01cb 0B       		.uleb128 0xb
 1318 01cc 3B       		.uleb128 0x3b
 1319 01cd 0B       		.uleb128 0xb
 1320 01ce 27       		.uleb128 0x27
 1321 01cf 19       		.uleb128 0x19
 1322 01d0 3C       		.uleb128 0x3c
 1323 01d1 19       		.uleb128 0x19
 1324 01d2 00       		.byte	0
 1325 01d3 00       		.byte	0
 1326 01d4 00       		.byte	0
 1327              		.section	.debug_loc,"",%progbits
 1328              	.Ldebug_loc0:
 1329              	.LLST0:
 1330 0000 02000000 		.4byte	.LVL1
 1331 0004 08000000 		.4byte	.LVL2
 1332 0008 0200     		.2byte	0x2
 1333 000a 30       		.byte	0x30
 1334 000b 9F       		.byte	0x9f
 1335 000c 08000000 		.4byte	.LVL2
 1336 0010 30000000 		.4byte	.LVL11
 1337 0014 0100     		.2byte	0x1
 1338 0016 57       		.byte	0x57
 1339 0017 00000000 		.4byte	0
 1340 001b 00000000 		.4byte	0
 1341              	.LLST1:
 1342 001f 02000000 		.4byte	.LVL1
 1343 0023 08000000 		.4byte	.LVL2
 1344 0027 0200     		.2byte	0x2
 1345 0029 30       		.byte	0x30
 1346 002a 9F       		.byte	0x9f
 1347 002b 08000000 		.4byte	.LVL2
ARM GAS  C:\Users\cdc75\AppData\Local\Temp\cclQhoTH.s 			page 31


 1348 002f 30000000 		.4byte	.LVL10
 1349 0033 0100     		.2byte	0x1
 1350 0035 55       		.byte	0x55
 1351 0036 00000000 		.4byte	0
 1352 003a 00000000 		.4byte	0
 1353              	.LLST2:
 1354 003e 0C000000 		.4byte	.LVL3
 1355 0042 2C000000 		.4byte	.LVL9
 1356 0046 0100     		.2byte	0x1
 1357 0048 56       		.byte	0x56
 1358 0049 00000000 		.4byte	0
 1359 004d 00000000 		.4byte	0
 1360              	.LLST3:
 1361 0051 0E000000 		.4byte	.LVL4
 1362 0055 24000000 		.4byte	.LVL7
 1363 0059 0100     		.2byte	0x1
 1364 005b 53       		.byte	0x53
 1365 005c 26000000 		.4byte	.LVL8
 1366 0060 2C000000 		.4byte	.LVL9
 1367 0064 0100     		.2byte	0x1
 1368 0066 53       		.byte	0x53
 1369 0067 00000000 		.4byte	0
 1370 006b 00000000 		.4byte	0
 1371              	.LLST4:
 1372 006f 00000000 		.4byte	.LVL12
 1373 0073 09000000 		.4byte	.LVL14-1
 1374 0077 0100     		.2byte	0x1
 1375 0079 50       		.byte	0x50
 1376 007a 09000000 		.4byte	.LVL14-1
 1377 007e 0C000000 		.4byte	.LFE0
 1378 0082 0400     		.2byte	0x4
 1379 0084 F3       		.byte	0xf3
 1380 0085 01       		.uleb128 0x1
 1381 0086 50       		.byte	0x50
 1382 0087 9F       		.byte	0x9f
 1383 0088 00000000 		.4byte	0
 1384 008c 00000000 		.4byte	0
 1385              	.LLST5:
 1386 0090 00000000 		.4byte	.LVL12
 1387 0094 06000000 		.4byte	.LVL13
 1388 0098 0100     		.2byte	0x1
 1389 009a 51       		.byte	0x51
 1390 009b 06000000 		.4byte	.LVL13
 1391 009f 09000000 		.4byte	.LVL14-1
 1392 00a3 0100     		.2byte	0x1
 1393 00a5 52       		.byte	0x52
 1394 00a6 09000000 		.4byte	.LVL14-1
 1395 00aa 0C000000 		.4byte	.LFE0
 1396 00ae 0400     		.2byte	0x4
 1397 00b0 F3       		.byte	0xf3
 1398 00b1 01       		.uleb128 0x1
 1399 00b2 51       		.byte	0x51
 1400 00b3 9F       		.byte	0x9f
 1401 00b4 00000000 		.4byte	0
 1402 00b8 00000000 		.4byte	0
 1403              	.LLST6:
 1404 00bc 94000000 		.4byte	.LVL18
ARM GAS  C:\Users\cdc75\AppData\Local\Temp\cclQhoTH.s 			page 32


 1405 00c0 98000000 		.4byte	.LVL19
 1406 00c4 0200     		.2byte	0x2
 1407 00c6 30       		.byte	0x30
 1408 00c7 9F       		.byte	0x9f
 1409 00c8 98000000 		.4byte	.LVL19
 1410 00cc B8000000 		.4byte	.LVL21
 1411 00d0 0100     		.2byte	0x1
 1412 00d2 54       		.byte	0x54
 1413 00d3 BA000000 		.4byte	.LVL22
 1414 00d7 3A010000 		.4byte	.LVL25
 1415 00db 0100     		.2byte	0x1
 1416 00dd 54       		.byte	0x54
 1417 00de 00000000 		.4byte	0
 1418 00e2 00000000 		.4byte	0
 1419              	.LLST7:
 1420 00e6 98000000 		.4byte	.LVL19
 1421 00ea B8000000 		.4byte	.LVL21
 1422 00ee 0B00     		.2byte	0xb
 1423 00f0 74       		.byte	0x74
 1424 00f1 00       		.sleb128 0
 1425 00f2 36       		.byte	0x36
 1426 00f3 1E       		.byte	0x1e
 1427 00f4 03       		.byte	0x3
 1428 00f5 00000000 		.4byte	cfg_memset_list.4746
 1429 00f9 22       		.byte	0x22
 1430 00fa 9F       		.byte	0x9f
 1431 00fb B8000000 		.4byte	.LVL21
 1432 00ff BA000000 		.4byte	.LVL22
 1433 0103 0B00     		.2byte	0xb
 1434 0105 74       		.byte	0x74
 1435 0106 7F       		.sleb128 -1
 1436 0107 36       		.byte	0x36
 1437 0108 1E       		.byte	0x1e
 1438 0109 03       		.byte	0x3
 1439 010a 00000000 		.4byte	cfg_memset_list.4746
 1440 010e 22       		.byte	0x22
 1441 010f 9F       		.byte	0x9f
 1442 0110 00000000 		.4byte	0
 1443 0114 00000000 		.4byte	0
 1444              		.section	.debug_aranges,"",%progbits
 1445 0000 34000000 		.4byte	0x34
 1446 0004 0200     		.2byte	0x2
 1447 0006 00000000 		.4byte	.Ldebug_info0
 1448 000a 04       		.byte	0x4
 1449 000b 00       		.byte	0
 1450 000c 0000     		.2byte	0
 1451 000e 0000     		.2byte	0
 1452 0010 00000000 		.4byte	.LFB3
 1453 0014 32000000 		.4byte	.LFE3-.LFB3
 1454 0018 00000000 		.4byte	.LFB0
 1455 001c 0C000000 		.4byte	.LFE0-.LFB0
 1456 0020 00000000 		.4byte	.LFB4
 1457 0024 90000000 		.4byte	.LFE4-.LFB4
 1458 0028 90000000 		.4byte	.LFB6
 1459 002c F4000000 		.4byte	.LFE6-.LFB6
 1460 0030 00000000 		.4byte	0
 1461 0034 00000000 		.4byte	0
ARM GAS  C:\Users\cdc75\AppData\Local\Temp\cclQhoTH.s 			page 33


 1462              		.section	.debug_ranges,"",%progbits
 1463              	.Ldebug_ranges0:
 1464 0000 00000000 		.4byte	.LFB3
 1465 0004 32000000 		.4byte	.LFE3
 1466 0008 00000000 		.4byte	.LFB0
 1467 000c 0C000000 		.4byte	.LFE0
 1468 0010 00000000 		.4byte	.LFB4
 1469 0014 90000000 		.4byte	.LFE4
 1470 0018 90000000 		.4byte	.LFB6
 1471 001c 84010000 		.4byte	.LFE6
 1472 0020 00000000 		.4byte	0
 1473 0024 00000000 		.4byte	0
 1474              		.section	.debug_line,"",%progbits
 1475              	.Ldebug_line0:
 1476 0000 61010000 		.section	.debug_str,"MS",%progbits,1
 1476      0200D800 
 1476      00000201 
 1476      FB0E0D00 
 1476      01010101 
 1477              	.LASF18:
 1478 0000 72656733 		.ascii	"reg32\000"
 1478      3200
 1479              	.LASF11:
 1480 0006 73697A65 		.ascii	"size_t\000"
 1480      5F7400
 1481              	.LASF42:
 1482 000d 4379496E 		.ascii	"CyIntSetVector\000"
 1482      74536574 
 1482      56656374 
 1482      6F7200
 1483              	.LASF21:
 1484 001c 76616C75 		.ascii	"value\000"
 1484      6500
 1485              	.LASF26:
 1486 0022 636F756E 		.ascii	"count\000"
 1486      7400
 1487              	.LASF29:
 1488 0028 436C6F63 		.ascii	"ClockSetup\000"
 1488      6B536574 
 1488      757000
 1489              	.LASF30:
 1490 0033 63795F63 		.ascii	"cy_cfg_addr_table\000"
 1490      66675F61 
 1490      6464725F 
 1490      7461626C 
 1490      6500
 1491              	.LASF31:
 1492 0045 63795F63 		.ascii	"cy_cfg_data_table\000"
 1492      66675F64 
 1492      6174615F 
 1492      7461626C 
 1492      6500
 1493              	.LASF22:
 1494 0057 63795F63 		.ascii	"cy_cfg_addrvalue_t\000"
 1494      66675F61 
 1494      64647276 
 1494      616C7565 
ARM GAS  C:\Users\cdc75\AppData\Local\Temp\cclQhoTH.s 			page 34


 1494      5F7400
 1495              	.LASF15:
 1496 006a 666C6F61 		.ascii	"float\000"
 1496      7400
 1497              	.LASF35:
 1498 0070 6366675F 		.ascii	"cfg_memset_list\000"
 1498      6D656D73 
 1498      65745F6C 
 1498      69737400 
 1499              	.LASF33:
 1500 0080 73697A65 		.ascii	"size\000"
 1500      00
 1501              	.LASF17:
 1502 0085 72656738 		.ascii	"reg8\000"
 1502      00
 1503              	.LASF6:
 1504 008a 6C6F6E67 		.ascii	"long unsigned int\000"
 1504      20756E73 
 1504      69676E65 
 1504      6420696E 
 1504      7400
 1505              	.LASF12:
 1506 009c 75696E74 		.ascii	"uint8\000"
 1506      3800
 1507              	.LASF28:
 1508 00a2 43594D45 		.ascii	"CYMEMZERO\000"
 1508      4D5A4552 
 1508      4F00
 1509              	.LASF2:
 1510 00ac 756E7369 		.ascii	"unsigned char\000"
 1510      676E6564 
 1510      20636861 
 1510      7200
 1511              	.LASF36:
 1512 00ba 6D656D73 		.ascii	"memset\000"
 1512      657400
 1513              	.LASF16:
 1514 00c1 646F7562 		.ascii	"double\000"
 1514      6C6500
 1515              	.LASF27:
 1516 00c8 6366675F 		.ascii	"cfg_write_bytes32\000"
 1516      77726974 
 1516      655F6279 
 1516      74657333 
 1516      3200
 1517              	.LASF43:
 1518 00da 4379496E 		.ascii	"CyIntEnable\000"
 1518      74456E61 
 1518      626C6500 
 1519              	.LASF23:
 1520 00e6 61646472 		.ascii	"addr_table\000"
 1520      5F746162 
 1520      6C6500
 1521              	.LASF13:
 1522 00f1 75696E74 		.ascii	"uint16\000"
 1522      313600
 1523              	.LASF24:
ARM GAS  C:\Users\cdc75\AppData\Local\Temp\cclQhoTH.s 			page 35


 1524 00f8 64617461 		.ascii	"data_table\000"
 1524      5F746162 
 1524      6C6500
 1525              	.LASF14:
 1526 0103 75696E74 		.ascii	"uint32\000"
 1526      333200
 1527              	.LASF0:
 1528 010a 756E7369 		.ascii	"unsigned int\000"
 1528      676E6564 
 1528      20696E74 
 1528      00
 1529              	.LASF41:
 1530 0117 63796669 		.ascii	"cyfitter_cfg\000"
 1530      74746572 
 1530      5F636667 
 1530      00
 1531              	.LASF32:
 1532 0124 61646472 		.ascii	"address\000"
 1532      65737300 
 1533              	.LASF8:
 1534 012c 6C6F6E67 		.ascii	"long long unsigned int\000"
 1534      206C6F6E 
 1534      6720756E 
 1534      7369676E 
 1534      65642069 
 1535              	.LASF19:
 1536 0143 63796973 		.ascii	"cyisraddress\000"
 1536      72616464 
 1536      72657373 
 1536      00
 1537              	.LASF34:
 1538 0150 6366675F 		.ascii	"cfg_memset_t\000"
 1538      6D656D73 
 1538      65745F74 
 1538      00
 1539              	.LASF25:
 1540 015d 62617365 		.ascii	"baseAddr\000"
 1540      41646472 
 1540      00
 1541              	.LASF9:
 1542 0166 73697A65 		.ascii	"sizetype\000"
 1542      74797065 
 1542      00
 1543              	.LASF39:
 1544 016f 2E5C4765 		.ascii	".\\Generated_Source\\PSoC4\\cyfitter_cfg.c\000"
 1544      6E657261 
 1544      7465645F 
 1544      536F7572 
 1544      63655C50 
 1545              	.LASF7:
 1546 0197 6C6F6E67 		.ascii	"long long int\000"
 1546      206C6F6E 
 1546      6720696E 
 1546      7400
 1547              	.LASF10:
 1548 01a5 63686172 		.ascii	"char\000"
 1548      00
ARM GAS  C:\Users\cdc75\AppData\Local\Temp\cclQhoTH.s 			page 36


 1549              	.LASF38:
 1550 01aa 474E5520 		.ascii	"GNU C 4.9.3 20150303 (release) [ARM/embedded-4_9-br"
 1550      4320342E 
 1550      392E3320 
 1550      32303135 
 1550      30333033 
 1551 01dd 616E6368 		.ascii	"anch revision 221220] -mcpu=cortex-m0 -mthumb -g -O"
 1551      20726576 
 1551      6973696F 
 1551      6E203232 
 1551      31323230 
 1552 0210 67202D66 		.ascii	"g -ffunction-sections -ffat-lto-objects\000"
 1552      66756E63 
 1552      74696F6E 
 1552      2D736563 
 1552      74696F6E 
 1553              	.LASF20:
 1554 0238 6F666673 		.ascii	"offset\000"
 1554      657400
 1555              	.LASF3:
 1556 023f 73686F72 		.ascii	"short int\000"
 1556      7420696E 
 1556      7400
 1557              	.LASF37:
 1558 0249 43795379 		.ascii	"CySysClkWriteImoFreq\000"
 1558      73436C6B 
 1558      57726974 
 1558      65496D6F 
 1558      46726571 
 1559              	.LASF40:
 1560 025e 433A5C55 		.ascii	"C:\\Users\\cdc75\\Desktop\\Labs\\Lesson10.cydsn\000"
 1560      73657273 
 1560      5C636463 
 1560      37355C44 
 1560      65736B74 
 1561              	.LASF5:
 1562 0289 6C6F6E67 		.ascii	"long int\000"
 1562      20696E74 
 1562      00
 1563              	.LASF1:
 1564 0292 7369676E 		.ascii	"signed char\000"
 1564      65642063 
 1564      68617200 
 1565              	.LASF4:
 1566 029e 73686F72 		.ascii	"short unsigned int\000"
 1566      7420756E 
 1566      7369676E 
 1566      65642069 
 1566      6E7400
 1567              		.ident	"GCC: (GNU Tools for ARM Embedded Processors) 4.9.3 20150303 (release) [ARM/embedded-4_9-br
