ARM GAS  C:\Users\cdc75\AppData\Local\Temp\ccrjLWwA.s 			page 1


   1              		.cpu cortex-m0
   2              		.fpu softvfp
   3              		.eabi_attribute 20, 1
   4              		.eabi_attribute 21, 1
   5              		.eabi_attribute 23, 3
   6              		.eabi_attribute 24, 1
   7              		.eabi_attribute 25, 1
   8              		.eabi_attribute 26, 1
   9              		.eabi_attribute 30, 1
  10              		.eabi_attribute 34, 0
  11              		.eabi_attribute 18, 4
  12              		.code	16
  13              		.file	"main.c"
  14              		.text
  15              	.Ltext0:
  16              		.cfi_sections	.debug_frame
  17              		.section	.text.main,"ax",%progbits
  18              		.align	2
  19              		.global	main
  20              		.code	16
  21              		.thumb_func
  22              		.type	main, %function
  23              	main:
  24              	.LFB34:
  25              		.file 1 ".\\main.c"
   1:.\main.c      **** /* ========================================
   2:.\main.c      ****  *
   3:.\main.c      ****  * Copyright YOUR COMPANY, THE YEAR
   4:.\main.c      ****  * All Rights Reserved
   5:.\main.c      ****  * UNPUBLISHED, LICENSED SOFTWARE.
   6:.\main.c      ****  *
   7:.\main.c      ****  * CONFIDENTIAL AND PROPRIETARY INFORMATION
   8:.\main.c      ****  * WHICH IS THE PROPERTY OF your company.
   9:.\main.c      ****  *
  10:.\main.c      ****  * ========================================
  11:.\main.c      **** */
  12:.\main.c      **** #include <project.h>
  13:.\main.c      **** 
  14:.\main.c      **** int main()
  15:.\main.c      **** {
  26              		.loc 1 15 0
  27              		.cfi_startproc
  28 0000 10B5     		push	{r4, lr}
  29              		.cfi_def_cfa_offset 8
  30              		.cfi_offset 4, -8
  31              		.cfi_offset 14, -4
  32 0002 82B0     		sub	sp, sp, #8
  33              		.cfi_def_cfa_offset 16
  34              	.LVL0:
  16:.\main.c      ****     uint8 compare=0;
  17:.\main.c      ****     uint8 i2cbuf[1];
  18:.\main.c      ****     i2cbuf[0]=0;
  35              		.loc 1 18 0
  36 0004 01AC     		add	r4, sp, #4
  37 0006 0023     		mov	r3, #0
  38 0008 2370     		strb	r3, [r4]
  19:.\main.c      ****     
ARM GAS  C:\Users\cdc75\AppData\Local\Temp\ccrjLWwA.s 			page 2


  20:.\main.c      ****     CyGlobalIntEnable; /* Enable global interrupts. */
  39              		.loc 1 20 0
  40              	@ 20 ".\main.c" 1
  41 000a 62B6     		CPSIE   i
  42              	@ 0 "" 2
  21:.\main.c      ****     
  22:.\main.c      ****     PWM_Start();
  43              		.loc 1 22 0
  44              		.code	16
  45 000c FFF7FEFF 		bl	PWM_Start
  46              	.LVL1:
  23:.\main.c      ****     I2C_Start();
  47              		.loc 1 23 0
  48 0010 FFF7FEFF 		bl	I2C_Start
  49              	.LVL2:
  24:.\main.c      ****     I2C_EzI2CSetBuffer1(1,1,i2cbuf);
  50              		.loc 1 24 0
  51 0014 0120     		mov	r0, #1
  52 0016 0121     		mov	r1, #1
  53 0018 221C     		mov	r2, r4
  54 001a FFF7FEFF 		bl	I2C_EzI2CSetBuffer1
  55              	.LVL3:
  16:.\main.c      ****     uint8 i2cbuf[1];
  56              		.loc 1 16 0
  57 001e 0022     		mov	r2, #0
  58              	.LVL4:
  59              	.L2:
  25:.\main.c      ****     
  26:.\main.c      ****     for(;;)
  27:.\main.c      ****     {
  28:.\main.c      ****         if (compare != i2cbuf[0] )
  60              		.loc 1 28 0
  61 0020 01AB     		add	r3, sp, #4
  62 0022 1C78     		ldrb	r4, [r3]
  63 0024 9442     		cmp	r4, r2
  64 0026 FBD0     		beq	.L2
  65              	.LVL5:
  29:.\main.c      ****         {
  30:.\main.c      ****             compare= i2cbuf[0];
  31:.\main.c      ****             PWM_WriteCompare(compare);
  66              		.loc 1 31 0
  67 0028 201C     		mov	r0, r4
  68 002a FFF7FEFF 		bl	PWM_WriteCompare
  69              	.LVL6:
  30:.\main.c      ****             PWM_WriteCompare(compare);
  70              		.loc 1 30 0
  71 002e 221C     		mov	r2, r4
  72 0030 F6E7     		b	.L2
  73              		.cfi_endproc
  74              	.LFE34:
  75              		.size	main, .-main
  76 0032 C046     		.text
  77              	.Letext0:
  78              		.file 2 "Generated_Source\\PSoC4/cytypes.h"
  79              		.file 3 "Generated_Source\\PSoC4/PWM.h"
  80              		.file 4 "Generated_Source\\PSoC4/I2C.h"
  81              		.file 5 "Generated_Source\\PSoC4/I2C_EZI2C.h"
ARM GAS  C:\Users\cdc75\AppData\Local\Temp\ccrjLWwA.s 			page 3


  82              		.section	.debug_info,"",%progbits
  83              	.Ldebug_info0:
  84 0000 66010000 		.4byte	0x166
  85 0004 0400     		.2byte	0x4
  86 0006 00000000 		.4byte	.Ldebug_abbrev0
  87 000a 04       		.byte	0x4
  88 000b 01       		.uleb128 0x1
  89 000c 24010000 		.4byte	.LASF19
  90 0010 01       		.byte	0x1
  91 0011 1B010000 		.4byte	.LASF20
  92 0015 31000000 		.4byte	.LASF21
  93 0019 00000000 		.4byte	.Ldebug_ranges0+0
  94 001d 00000000 		.4byte	0
  95 0021 00000000 		.4byte	.Ldebug_line0
  96 0025 02       		.uleb128 0x2
  97 0026 01       		.byte	0x1
  98 0027 06       		.byte	0x6
  99 0028 05010000 		.4byte	.LASF0
 100 002c 02       		.uleb128 0x2
 101 002d 01       		.byte	0x1
 102 002e 08       		.byte	0x8
 103 002f B6000000 		.4byte	.LASF1
 104 0033 02       		.uleb128 0x2
 105 0034 02       		.byte	0x2
 106 0035 05       		.byte	0x5
 107 0036 D2000000 		.4byte	.LASF2
 108 003a 02       		.uleb128 0x2
 109 003b 02       		.byte	0x2
 110 003c 07       		.byte	0x7
 111 003d F2000000 		.4byte	.LASF3
 112 0041 02       		.uleb128 0x2
 113 0042 04       		.byte	0x4
 114 0043 05       		.byte	0x5
 115 0044 C9000000 		.4byte	.LASF4
 116 0048 02       		.uleb128 0x2
 117 0049 04       		.byte	0x4
 118 004a 07       		.byte	0x7
 119 004b 73000000 		.4byte	.LASF5
 120 004f 02       		.uleb128 0x2
 121 0050 08       		.byte	0x8
 122 0051 05       		.byte	0x5
 123 0052 00000000 		.4byte	.LASF6
 124 0056 02       		.uleb128 0x2
 125 0057 08       		.byte	0x8
 126 0058 07       		.byte	0x7
 127 0059 85000000 		.4byte	.LASF7
 128 005d 03       		.uleb128 0x3
 129 005e 04       		.byte	0x4
 130 005f 05       		.byte	0x5
 131 0060 696E7400 		.ascii	"int\000"
 132 0064 02       		.uleb128 0x2
 133 0065 04       		.byte	0x4
 134 0066 07       		.byte	0x7
 135 0067 15000000 		.4byte	.LASF8
 136 006b 04       		.uleb128 0x4
 137 006c 6D000000 		.4byte	.LASF9
 138 0070 02       		.byte	0x2
ARM GAS  C:\Users\cdc75\AppData\Local\Temp\ccrjLWwA.s 			page 4


 139 0071 9801     		.2byte	0x198
 140 0073 2C000000 		.4byte	0x2c
 141 0077 04       		.uleb128 0x4
 142 0078 0E000000 		.4byte	.LASF10
 143 007c 02       		.byte	0x2
 144 007d 9A01     		.2byte	0x19a
 145 007f 48000000 		.4byte	0x48
 146 0083 02       		.uleb128 0x2
 147 0084 04       		.byte	0x4
 148 0085 04       		.byte	0x4
 149 0086 9C000000 		.4byte	.LASF11
 150 008a 02       		.uleb128 0x2
 151 008b 08       		.byte	0x8
 152 008c 04       		.byte	0x4
 153 008d DC000000 		.4byte	.LASF12
 154 0091 02       		.uleb128 0x2
 155 0092 01       		.byte	0x1
 156 0093 08       		.byte	0x8
 157 0094 C4000000 		.4byte	.LASF13
 158 0098 05       		.uleb128 0x5
 159 0099 6B000000 		.4byte	0x6b
 160 009d 02       		.uleb128 0x2
 161 009e 04       		.byte	0x4
 162 009f 07       		.byte	0x7
 163 00a0 B2010000 		.4byte	.LASF14
 164 00a4 06       		.uleb128 0x6
 165 00a5 22000000 		.4byte	.LASF22
 166 00a9 01       		.byte	0x1
 167 00aa 0E       		.byte	0xe
 168 00ab 5D000000 		.4byte	0x5d
 169 00af 00000000 		.4byte	.LFB34
 170 00b3 32000000 		.4byte	.LFE34-.LFB34
 171 00b7 01       		.uleb128 0x1
 172 00b8 9C       		.byte	0x9c
 173 00b9 1B010000 		.4byte	0x11b
 174 00bd 07       		.uleb128 0x7
 175 00be E3000000 		.4byte	.LASF15
 176 00c2 01       		.byte	0x1
 177 00c3 10       		.byte	0x10
 178 00c4 6B000000 		.4byte	0x6b
 179 00c8 00000000 		.4byte	.LLST0
 180 00cc 08       		.uleb128 0x8
 181 00cd EB000000 		.4byte	.LASF16
 182 00d1 01       		.byte	0x1
 183 00d2 11       		.byte	0x11
 184 00d3 1B010000 		.4byte	0x11b
 185 00d7 02       		.uleb128 0x2
 186 00d8 91       		.byte	0x91
 187 00d9 74       		.sleb128 -12
 188 00da 09       		.uleb128 0x9
 189 00db 10000000 		.4byte	.LVL1
 190 00df 2B010000 		.4byte	0x12b
 191 00e3 09       		.uleb128 0x9
 192 00e4 14000000 		.4byte	.LVL2
 193 00e8 33010000 		.4byte	0x133
 194 00ec 0A       		.uleb128 0xa
 195 00ed 1E000000 		.4byte	.LVL3
ARM GAS  C:\Users\cdc75\AppData\Local\Temp\ccrjLWwA.s 			page 5


 196 00f1 3A010000 		.4byte	0x13a
 197 00f5 0A010000 		.4byte	0x10a
 198 00f9 0B       		.uleb128 0xb
 199 00fa 01       		.uleb128 0x1
 200 00fb 52       		.byte	0x52
 201 00fc 02       		.uleb128 0x2
 202 00fd 74       		.byte	0x74
 203 00fe 00       		.sleb128 0
 204 00ff 0B       		.uleb128 0xb
 205 0100 01       		.uleb128 0x1
 206 0101 51       		.byte	0x51
 207 0102 01       		.uleb128 0x1
 208 0103 31       		.byte	0x31
 209 0104 0B       		.uleb128 0xb
 210 0105 01       		.uleb128 0x1
 211 0106 50       		.byte	0x50
 212 0107 01       		.uleb128 0x1
 213 0108 31       		.byte	0x31
 214 0109 00       		.byte	0
 215 010a 0C       		.uleb128 0xc
 216 010b 2E000000 		.4byte	.LVL6
 217 010f 5B010000 		.4byte	0x15b
 218 0113 0B       		.uleb128 0xb
 219 0114 01       		.uleb128 0x1
 220 0115 50       		.byte	0x50
 221 0116 02       		.uleb128 0x2
 222 0117 74       		.byte	0x74
 223 0118 00       		.sleb128 0
 224 0119 00       		.byte	0
 225 011a 00       		.byte	0
 226 011b 0D       		.uleb128 0xd
 227 011c 6B000000 		.4byte	0x6b
 228 0120 2B010000 		.4byte	0x12b
 229 0124 0E       		.uleb128 0xe
 230 0125 9D000000 		.4byte	0x9d
 231 0129 00       		.byte	0
 232 012a 00       		.byte	0
 233 012b 0F       		.uleb128 0xf
 234 012c 11010000 		.4byte	.LASF17
 235 0130 03       		.byte	0x3
 236 0131 3201     		.2byte	0x132
 237 0133 10       		.uleb128 0x10
 238 0134 27000000 		.4byte	.LASF18
 239 0138 04       		.byte	0x4
 240 0139 6E       		.byte	0x6e
 241 013a 11       		.uleb128 0x11
 242 013b A2000000 		.4byte	.LASF23
 243 013f 05       		.byte	0x5
 244 0140 A2       		.byte	0xa2
 245 0141 55010000 		.4byte	0x155
 246 0145 12       		.uleb128 0x12
 247 0146 77000000 		.4byte	0x77
 248 014a 12       		.uleb128 0x12
 249 014b 77000000 		.4byte	0x77
 250 014f 12       		.uleb128 0x12
 251 0150 55010000 		.4byte	0x155
 252 0154 00       		.byte	0
ARM GAS  C:\Users\cdc75\AppData\Local\Temp\ccrjLWwA.s 			page 6


 253 0155 13       		.uleb128 0x13
 254 0156 04       		.byte	0x4
 255 0157 98000000 		.4byte	0x98
 256 015b 14       		.uleb128 0x14
 257 015c 5C000000 		.4byte	.LASF24
 258 0160 03       		.byte	0x3
 259 0161 5501     		.2byte	0x155
 260 0163 12       		.uleb128 0x12
 261 0164 77000000 		.4byte	0x77
 262 0168 00       		.byte	0
 263 0169 00       		.byte	0
 264              		.section	.debug_abbrev,"",%progbits
 265              	.Ldebug_abbrev0:
 266 0000 01       		.uleb128 0x1
 267 0001 11       		.uleb128 0x11
 268 0002 01       		.byte	0x1
 269 0003 25       		.uleb128 0x25
 270 0004 0E       		.uleb128 0xe
 271 0005 13       		.uleb128 0x13
 272 0006 0B       		.uleb128 0xb
 273 0007 03       		.uleb128 0x3
 274 0008 0E       		.uleb128 0xe
 275 0009 1B       		.uleb128 0x1b
 276 000a 0E       		.uleb128 0xe
 277 000b 55       		.uleb128 0x55
 278 000c 17       		.uleb128 0x17
 279 000d 11       		.uleb128 0x11
 280 000e 01       		.uleb128 0x1
 281 000f 10       		.uleb128 0x10
 282 0010 17       		.uleb128 0x17
 283 0011 00       		.byte	0
 284 0012 00       		.byte	0
 285 0013 02       		.uleb128 0x2
 286 0014 24       		.uleb128 0x24
 287 0015 00       		.byte	0
 288 0016 0B       		.uleb128 0xb
 289 0017 0B       		.uleb128 0xb
 290 0018 3E       		.uleb128 0x3e
 291 0019 0B       		.uleb128 0xb
 292 001a 03       		.uleb128 0x3
 293 001b 0E       		.uleb128 0xe
 294 001c 00       		.byte	0
 295 001d 00       		.byte	0
 296 001e 03       		.uleb128 0x3
 297 001f 24       		.uleb128 0x24
 298 0020 00       		.byte	0
 299 0021 0B       		.uleb128 0xb
 300 0022 0B       		.uleb128 0xb
 301 0023 3E       		.uleb128 0x3e
 302 0024 0B       		.uleb128 0xb
 303 0025 03       		.uleb128 0x3
 304 0026 08       		.uleb128 0x8
 305 0027 00       		.byte	0
 306 0028 00       		.byte	0
 307 0029 04       		.uleb128 0x4
 308 002a 16       		.uleb128 0x16
 309 002b 00       		.byte	0
ARM GAS  C:\Users\cdc75\AppData\Local\Temp\ccrjLWwA.s 			page 7


 310 002c 03       		.uleb128 0x3
 311 002d 0E       		.uleb128 0xe
 312 002e 3A       		.uleb128 0x3a
 313 002f 0B       		.uleb128 0xb
 314 0030 3B       		.uleb128 0x3b
 315 0031 05       		.uleb128 0x5
 316 0032 49       		.uleb128 0x49
 317 0033 13       		.uleb128 0x13
 318 0034 00       		.byte	0
 319 0035 00       		.byte	0
 320 0036 05       		.uleb128 0x5
 321 0037 35       		.uleb128 0x35
 322 0038 00       		.byte	0
 323 0039 49       		.uleb128 0x49
 324 003a 13       		.uleb128 0x13
 325 003b 00       		.byte	0
 326 003c 00       		.byte	0
 327 003d 06       		.uleb128 0x6
 328 003e 2E       		.uleb128 0x2e
 329 003f 01       		.byte	0x1
 330 0040 3F       		.uleb128 0x3f
 331 0041 19       		.uleb128 0x19
 332 0042 03       		.uleb128 0x3
 333 0043 0E       		.uleb128 0xe
 334 0044 3A       		.uleb128 0x3a
 335 0045 0B       		.uleb128 0xb
 336 0046 3B       		.uleb128 0x3b
 337 0047 0B       		.uleb128 0xb
 338 0048 49       		.uleb128 0x49
 339 0049 13       		.uleb128 0x13
 340 004a 11       		.uleb128 0x11
 341 004b 01       		.uleb128 0x1
 342 004c 12       		.uleb128 0x12
 343 004d 06       		.uleb128 0x6
 344 004e 40       		.uleb128 0x40
 345 004f 18       		.uleb128 0x18
 346 0050 9742     		.uleb128 0x2117
 347 0052 19       		.uleb128 0x19
 348 0053 01       		.uleb128 0x1
 349 0054 13       		.uleb128 0x13
 350 0055 00       		.byte	0
 351 0056 00       		.byte	0
 352 0057 07       		.uleb128 0x7
 353 0058 34       		.uleb128 0x34
 354 0059 00       		.byte	0
 355 005a 03       		.uleb128 0x3
 356 005b 0E       		.uleb128 0xe
 357 005c 3A       		.uleb128 0x3a
 358 005d 0B       		.uleb128 0xb
 359 005e 3B       		.uleb128 0x3b
 360 005f 0B       		.uleb128 0xb
 361 0060 49       		.uleb128 0x49
 362 0061 13       		.uleb128 0x13
 363 0062 02       		.uleb128 0x2
 364 0063 17       		.uleb128 0x17
 365 0064 00       		.byte	0
 366 0065 00       		.byte	0
ARM GAS  C:\Users\cdc75\AppData\Local\Temp\ccrjLWwA.s 			page 8


 367 0066 08       		.uleb128 0x8
 368 0067 34       		.uleb128 0x34
 369 0068 00       		.byte	0
 370 0069 03       		.uleb128 0x3
 371 006a 0E       		.uleb128 0xe
 372 006b 3A       		.uleb128 0x3a
 373 006c 0B       		.uleb128 0xb
 374 006d 3B       		.uleb128 0x3b
 375 006e 0B       		.uleb128 0xb
 376 006f 49       		.uleb128 0x49
 377 0070 13       		.uleb128 0x13
 378 0071 02       		.uleb128 0x2
 379 0072 18       		.uleb128 0x18
 380 0073 00       		.byte	0
 381 0074 00       		.byte	0
 382 0075 09       		.uleb128 0x9
 383 0076 898201   		.uleb128 0x4109
 384 0079 00       		.byte	0
 385 007a 11       		.uleb128 0x11
 386 007b 01       		.uleb128 0x1
 387 007c 31       		.uleb128 0x31
 388 007d 13       		.uleb128 0x13
 389 007e 00       		.byte	0
 390 007f 00       		.byte	0
 391 0080 0A       		.uleb128 0xa
 392 0081 898201   		.uleb128 0x4109
 393 0084 01       		.byte	0x1
 394 0085 11       		.uleb128 0x11
 395 0086 01       		.uleb128 0x1
 396 0087 31       		.uleb128 0x31
 397 0088 13       		.uleb128 0x13
 398 0089 01       		.uleb128 0x1
 399 008a 13       		.uleb128 0x13
 400 008b 00       		.byte	0
 401 008c 00       		.byte	0
 402 008d 0B       		.uleb128 0xb
 403 008e 8A8201   		.uleb128 0x410a
 404 0091 00       		.byte	0
 405 0092 02       		.uleb128 0x2
 406 0093 18       		.uleb128 0x18
 407 0094 9142     		.uleb128 0x2111
 408 0096 18       		.uleb128 0x18
 409 0097 00       		.byte	0
 410 0098 00       		.byte	0
 411 0099 0C       		.uleb128 0xc
 412 009a 898201   		.uleb128 0x4109
 413 009d 01       		.byte	0x1
 414 009e 11       		.uleb128 0x11
 415 009f 01       		.uleb128 0x1
 416 00a0 31       		.uleb128 0x31
 417 00a1 13       		.uleb128 0x13
 418 00a2 00       		.byte	0
 419 00a3 00       		.byte	0
 420 00a4 0D       		.uleb128 0xd
 421 00a5 01       		.uleb128 0x1
 422 00a6 01       		.byte	0x1
 423 00a7 49       		.uleb128 0x49
ARM GAS  C:\Users\cdc75\AppData\Local\Temp\ccrjLWwA.s 			page 9


 424 00a8 13       		.uleb128 0x13
 425 00a9 01       		.uleb128 0x1
 426 00aa 13       		.uleb128 0x13
 427 00ab 00       		.byte	0
 428 00ac 00       		.byte	0
 429 00ad 0E       		.uleb128 0xe
 430 00ae 21       		.uleb128 0x21
 431 00af 00       		.byte	0
 432 00b0 49       		.uleb128 0x49
 433 00b1 13       		.uleb128 0x13
 434 00b2 2F       		.uleb128 0x2f
 435 00b3 0B       		.uleb128 0xb
 436 00b4 00       		.byte	0
 437 00b5 00       		.byte	0
 438 00b6 0F       		.uleb128 0xf
 439 00b7 2E       		.uleb128 0x2e
 440 00b8 00       		.byte	0
 441 00b9 3F       		.uleb128 0x3f
 442 00ba 19       		.uleb128 0x19
 443 00bb 03       		.uleb128 0x3
 444 00bc 0E       		.uleb128 0xe
 445 00bd 3A       		.uleb128 0x3a
 446 00be 0B       		.uleb128 0xb
 447 00bf 3B       		.uleb128 0x3b
 448 00c0 05       		.uleb128 0x5
 449 00c1 27       		.uleb128 0x27
 450 00c2 19       		.uleb128 0x19
 451 00c3 3C       		.uleb128 0x3c
 452 00c4 19       		.uleb128 0x19
 453 00c5 00       		.byte	0
 454 00c6 00       		.byte	0
 455 00c7 10       		.uleb128 0x10
 456 00c8 2E       		.uleb128 0x2e
 457 00c9 00       		.byte	0
 458 00ca 3F       		.uleb128 0x3f
 459 00cb 19       		.uleb128 0x19
 460 00cc 03       		.uleb128 0x3
 461 00cd 0E       		.uleb128 0xe
 462 00ce 3A       		.uleb128 0x3a
 463 00cf 0B       		.uleb128 0xb
 464 00d0 3B       		.uleb128 0x3b
 465 00d1 0B       		.uleb128 0xb
 466 00d2 27       		.uleb128 0x27
 467 00d3 19       		.uleb128 0x19
 468 00d4 3C       		.uleb128 0x3c
 469 00d5 19       		.uleb128 0x19
 470 00d6 00       		.byte	0
 471 00d7 00       		.byte	0
 472 00d8 11       		.uleb128 0x11
 473 00d9 2E       		.uleb128 0x2e
 474 00da 01       		.byte	0x1
 475 00db 3F       		.uleb128 0x3f
 476 00dc 19       		.uleb128 0x19
 477 00dd 03       		.uleb128 0x3
 478 00de 0E       		.uleb128 0xe
 479 00df 3A       		.uleb128 0x3a
 480 00e0 0B       		.uleb128 0xb
ARM GAS  C:\Users\cdc75\AppData\Local\Temp\ccrjLWwA.s 			page 10


 481 00e1 3B       		.uleb128 0x3b
 482 00e2 0B       		.uleb128 0xb
 483 00e3 27       		.uleb128 0x27
 484 00e4 19       		.uleb128 0x19
 485 00e5 3C       		.uleb128 0x3c
 486 00e6 19       		.uleb128 0x19
 487 00e7 01       		.uleb128 0x1
 488 00e8 13       		.uleb128 0x13
 489 00e9 00       		.byte	0
 490 00ea 00       		.byte	0
 491 00eb 12       		.uleb128 0x12
 492 00ec 05       		.uleb128 0x5
 493 00ed 00       		.byte	0
 494 00ee 49       		.uleb128 0x49
 495 00ef 13       		.uleb128 0x13
 496 00f0 00       		.byte	0
 497 00f1 00       		.byte	0
 498 00f2 13       		.uleb128 0x13
 499 00f3 0F       		.uleb128 0xf
 500 00f4 00       		.byte	0
 501 00f5 0B       		.uleb128 0xb
 502 00f6 0B       		.uleb128 0xb
 503 00f7 49       		.uleb128 0x49
 504 00f8 13       		.uleb128 0x13
 505 00f9 00       		.byte	0
 506 00fa 00       		.byte	0
 507 00fb 14       		.uleb128 0x14
 508 00fc 2E       		.uleb128 0x2e
 509 00fd 01       		.byte	0x1
 510 00fe 3F       		.uleb128 0x3f
 511 00ff 19       		.uleb128 0x19
 512 0100 03       		.uleb128 0x3
 513 0101 0E       		.uleb128 0xe
 514 0102 3A       		.uleb128 0x3a
 515 0103 0B       		.uleb128 0xb
 516 0104 3B       		.uleb128 0x3b
 517 0105 05       		.uleb128 0x5
 518 0106 27       		.uleb128 0x27
 519 0107 19       		.uleb128 0x19
 520 0108 3C       		.uleb128 0x3c
 521 0109 19       		.uleb128 0x19
 522 010a 00       		.byte	0
 523 010b 00       		.byte	0
 524 010c 00       		.byte	0
 525              		.section	.debug_loc,"",%progbits
 526              	.Ldebug_loc0:
 527              	.LLST0:
 528 0000 04000000 		.4byte	.LVL0
 529 0004 20000000 		.4byte	.LVL4
 530 0008 0200     		.2byte	0x2
 531 000a 30       		.byte	0x30
 532 000b 9F       		.byte	0x9f
 533 000c 20000000 		.4byte	.LVL4
 534 0010 28000000 		.4byte	.LVL5
 535 0014 0100     		.2byte	0x1
 536 0016 52       		.byte	0x52
 537 0017 28000000 		.4byte	.LVL5
ARM GAS  C:\Users\cdc75\AppData\Local\Temp\ccrjLWwA.s 			page 11


 538 001b 32000000 		.4byte	.LFE34
 539 001f 0100     		.2byte	0x1
 540 0021 54       		.byte	0x54
 541 0022 00000000 		.4byte	0
 542 0026 00000000 		.4byte	0
 543              		.section	.debug_aranges,"",%progbits
 544 0000 1C000000 		.4byte	0x1c
 545 0004 0200     		.2byte	0x2
 546 0006 00000000 		.4byte	.Ldebug_info0
 547 000a 04       		.byte	0x4
 548 000b 00       		.byte	0
 549 000c 0000     		.2byte	0
 550 000e 0000     		.2byte	0
 551 0010 00000000 		.4byte	.LFB34
 552 0014 32000000 		.4byte	.LFE34-.LFB34
 553 0018 00000000 		.4byte	0
 554 001c 00000000 		.4byte	0
 555              		.section	.debug_ranges,"",%progbits
 556              	.Ldebug_ranges0:
 557 0000 00000000 		.4byte	.LFB34
 558 0004 32000000 		.4byte	.LFE34
 559 0008 00000000 		.4byte	0
 560 000c 00000000 		.4byte	0
 561              		.section	.debug_line,"",%progbits
 562              	.Ldebug_line0:
 563 0000 86000000 		.section	.debug_str,"MS",%progbits,1
 563      02006400 
 563      00000201 
 563      FB0E0D00 
 563      01010101 
 564              	.LASF6:
 565 0000 6C6F6E67 		.ascii	"long long int\000"
 565      206C6F6E 
 565      6720696E 
 565      7400
 566              	.LASF10:
 567 000e 75696E74 		.ascii	"uint32\000"
 567      333200
 568              	.LASF8:
 569 0015 756E7369 		.ascii	"unsigned int\000"
 569      676E6564 
 569      20696E74 
 569      00
 570              	.LASF22:
 571 0022 6D61696E 		.ascii	"main\000"
 571      00
 572              	.LASF18:
 573 0027 4932435F 		.ascii	"I2C_Start\000"
 573      53746172 
 573      7400
 574              	.LASF21:
 575 0031 433A5C55 		.ascii	"C:\\Users\\cdc75\\Desktop\\Labs\\Lesson10.cydsn\000"
 575      73657273 
 575      5C636463 
 575      37355C44 
 575      65736B74 
 576              	.LASF24:
ARM GAS  C:\Users\cdc75\AppData\Local\Temp\ccrjLWwA.s 			page 12


 577 005c 50574D5F 		.ascii	"PWM_WriteCompare\000"
 577      57726974 
 577      65436F6D 
 577      70617265 
 577      00
 578              	.LASF9:
 579 006d 75696E74 		.ascii	"uint8\000"
 579      3800
 580              	.LASF5:
 581 0073 6C6F6E67 		.ascii	"long unsigned int\000"
 581      20756E73 
 581      69676E65 
 581      6420696E 
 581      7400
 582              	.LASF7:
 583 0085 6C6F6E67 		.ascii	"long long unsigned int\000"
 583      206C6F6E 
 583      6720756E 
 583      7369676E 
 583      65642069 
 584              	.LASF11:
 585 009c 666C6F61 		.ascii	"float\000"
 585      7400
 586              	.LASF23:
 587 00a2 4932435F 		.ascii	"I2C_EzI2CSetBuffer1\000"
 587      457A4932 
 587      43536574 
 587      42756666 
 587      65723100 
 588              	.LASF1:
 589 00b6 756E7369 		.ascii	"unsigned char\000"
 589      676E6564 
 589      20636861 
 589      7200
 590              	.LASF13:
 591 00c4 63686172 		.ascii	"char\000"
 591      00
 592              	.LASF4:
 593 00c9 6C6F6E67 		.ascii	"long int\000"
 593      20696E74 
 593      00
 594              	.LASF2:
 595 00d2 73686F72 		.ascii	"short int\000"
 595      7420696E 
 595      7400
 596              	.LASF12:
 597 00dc 646F7562 		.ascii	"double\000"
 597      6C6500
 598              	.LASF15:
 599 00e3 636F6D70 		.ascii	"compare\000"
 599      61726500 
 600              	.LASF16:
 601 00eb 69326362 		.ascii	"i2cbuf\000"
 601      756600
 602              	.LASF3:
 603 00f2 73686F72 		.ascii	"short unsigned int\000"
 603      7420756E 
ARM GAS  C:\Users\cdc75\AppData\Local\Temp\ccrjLWwA.s 			page 13


 603      7369676E 
 603      65642069 
 603      6E7400
 604              	.LASF0:
 605 0105 7369676E 		.ascii	"signed char\000"
 605      65642063 
 605      68617200 
 606              	.LASF17:
 607 0111 50574D5F 		.ascii	"PWM_Start\000"
 607      53746172 
 607      7400
 608              	.LASF20:
 609 011b 2E5C6D61 		.ascii	".\\main.c\000"
 609      696E2E63 
 609      00
 610              	.LASF19:
 611 0124 474E5520 		.ascii	"GNU C 4.9.3 20150303 (release) [ARM/embedded-4_9-br"
 611      4320342E 
 611      392E3320 
 611      32303135 
 611      30333033 
 612 0157 616E6368 		.ascii	"anch revision 221220] -mcpu=cortex-m0 -mthumb -g -O"
 612      20726576 
 612      6973696F 
 612      6E203232 
 612      31323230 
 613 018a 67202D66 		.ascii	"g -ffunction-sections -ffat-lto-objects\000"
 613      66756E63 
 613      74696F6E 
 613      2D736563 
 613      74696F6E 
 614              	.LASF14:
 615 01b2 73697A65 		.ascii	"sizetype\000"
 615      74797065 
 615      00
 616              		.ident	"GCC: (GNU Tools for ARM Embedded Processors) 4.9.3 20150303 (release) [ARM/embedded-4_9-br
