ARM GAS  C:\Users\Chris\AppData\Local\Temp\ccNeEi7E.s 			page 1


   1              		.cpu cortex-m0
   2              		.fpu softvfp
   3              		.eabi_attribute 20, 1
   4              		.eabi_attribute 21, 1
   5              		.eabi_attribute 23, 3
   6              		.eabi_attribute 24, 1
   7              		.eabi_attribute 25, 1
   8              		.eabi_attribute 26, 1
   9              		.eabi_attribute 30, 1
  10              		.eabi_attribute 34, 0
  11              		.eabi_attribute 18, 4
  12              		.code	16
  13              		.file	"cyfitter_cfg.c"
  14              		.text
  15              	.Ltext0:
  16              		.cfi_sections	.debug_frame
  17              		.section	.text.cfg_write_bytes32,"ax",%progbits
  18              		.align	2
  19              		.code	16
  20              		.thumb_func
  21              		.type	cfg_write_bytes32, %function
  22              	cfg_write_bytes32:
  23              	.LFB3:
  24              		.file 1 ".\\Generated_Source\\PSoC4\\cyfitter_cfg.c"
   1:.\Generated_Source\PSoC4/cyfitter_cfg.c **** /*******************************************************************************
   2:.\Generated_Source\PSoC4/cyfitter_cfg.c **** * File Name: cyfitter_cfg.c
   3:.\Generated_Source\PSoC4/cyfitter_cfg.c **** * 
   4:.\Generated_Source\PSoC4/cyfitter_cfg.c **** * PSoC Creator  3.3 CP3
   5:.\Generated_Source\PSoC4/cyfitter_cfg.c **** *
   6:.\Generated_Source\PSoC4/cyfitter_cfg.c **** * Description:
   7:.\Generated_Source\PSoC4/cyfitter_cfg.c **** * This file contains device initialization code.
   8:.\Generated_Source\PSoC4/cyfitter_cfg.c **** * Except for the user defined sections in CyClockStartupError(), this file should not be modified.
   9:.\Generated_Source\PSoC4/cyfitter_cfg.c **** * This file is automatically generated by PSoC Creator.
  10:.\Generated_Source\PSoC4/cyfitter_cfg.c **** *
  11:.\Generated_Source\PSoC4/cyfitter_cfg.c **** ********************************************************************************
  12:.\Generated_Source\PSoC4/cyfitter_cfg.c **** * Copyright (c) 2007-2016 Cypress Semiconductor.  All rights reserved.
  13:.\Generated_Source\PSoC4/cyfitter_cfg.c **** * You may use this file only in accordance with the license, terms, conditions, 
  14:.\Generated_Source\PSoC4/cyfitter_cfg.c **** * disclaimers, and limitations in the end user license agreement accompanying 
  15:.\Generated_Source\PSoC4/cyfitter_cfg.c **** * the software package with which this file was provided.
  16:.\Generated_Source\PSoC4/cyfitter_cfg.c **** ********************************************************************************/
  17:.\Generated_Source\PSoC4/cyfitter_cfg.c **** 
  18:.\Generated_Source\PSoC4/cyfitter_cfg.c **** #include <string.h>
  19:.\Generated_Source\PSoC4/cyfitter_cfg.c **** #include "cytypes.h"
  20:.\Generated_Source\PSoC4/cyfitter_cfg.c **** #include "cydevice_trm.h"
  21:.\Generated_Source\PSoC4/cyfitter_cfg.c **** #include "cyfitter.h"
  22:.\Generated_Source\PSoC4/cyfitter_cfg.c **** #include "CyLib.h"
  23:.\Generated_Source\PSoC4/cyfitter_cfg.c **** #include "CyLFClk.h"
  24:.\Generated_Source\PSoC4/cyfitter_cfg.c **** #include "cyfitter_cfg.h"
  25:.\Generated_Source\PSoC4/cyfitter_cfg.c **** 
  26:.\Generated_Source\PSoC4/cyfitter_cfg.c **** 
  27:.\Generated_Source\PSoC4/cyfitter_cfg.c **** #if defined(__GNUC__) || defined(__ARMCC_VERSION)
  28:.\Generated_Source\PSoC4/cyfitter_cfg.c ****     #define CYPACKED 
  29:.\Generated_Source\PSoC4/cyfitter_cfg.c ****     #define CYPACKED_ATTR __attribute__ ((packed))
  30:.\Generated_Source\PSoC4/cyfitter_cfg.c ****     #define CYALIGNED __attribute__ ((aligned))
  31:.\Generated_Source\PSoC4/cyfitter_cfg.c ****     #define CY_CFG_UNUSED __attribute__ ((unused))
  32:.\Generated_Source\PSoC4/cyfitter_cfg.c ****     #ifndef CY_CFG_SECTION
  33:.\Generated_Source\PSoC4/cyfitter_cfg.c ****         #define CY_CFG_SECTION __attribute__ ((section(".psocinit")))
ARM GAS  C:\Users\Chris\AppData\Local\Temp\ccNeEi7E.s 			page 2


  34:.\Generated_Source\PSoC4/cyfitter_cfg.c ****     #endif
  35:.\Generated_Source\PSoC4/cyfitter_cfg.c ****     
  36:.\Generated_Source\PSoC4/cyfitter_cfg.c ****     #if defined(__ARMCC_VERSION)
  37:.\Generated_Source\PSoC4/cyfitter_cfg.c ****         #define CY_CFG_MEMORY_BARRIER() __memory_changed()
  38:.\Generated_Source\PSoC4/cyfitter_cfg.c ****     #else
  39:.\Generated_Source\PSoC4/cyfitter_cfg.c ****         #define CY_CFG_MEMORY_BARRIER() __sync_synchronize()
  40:.\Generated_Source\PSoC4/cyfitter_cfg.c ****     #endif
  41:.\Generated_Source\PSoC4/cyfitter_cfg.c ****     
  42:.\Generated_Source\PSoC4/cyfitter_cfg.c **** #elif defined(__ICCARM__)
  43:.\Generated_Source\PSoC4/cyfitter_cfg.c ****     #include <intrinsics.h>
  44:.\Generated_Source\PSoC4/cyfitter_cfg.c **** 
  45:.\Generated_Source\PSoC4/cyfitter_cfg.c ****     #define CYPACKED __packed
  46:.\Generated_Source\PSoC4/cyfitter_cfg.c ****     #define CYPACKED_ATTR 
  47:.\Generated_Source\PSoC4/cyfitter_cfg.c ****     #define CYALIGNED _Pragma("data_alignment=4")
  48:.\Generated_Source\PSoC4/cyfitter_cfg.c ****     #define CY_CFG_UNUSED _Pragma("diag_suppress=Pe177")
  49:.\Generated_Source\PSoC4/cyfitter_cfg.c ****     #define CY_CFG_SECTION _Pragma("location=\".psocinit\"")
  50:.\Generated_Source\PSoC4/cyfitter_cfg.c ****     
  51:.\Generated_Source\PSoC4/cyfitter_cfg.c ****     #define CY_CFG_MEMORY_BARRIER() __DMB()
  52:.\Generated_Source\PSoC4/cyfitter_cfg.c ****     
  53:.\Generated_Source\PSoC4/cyfitter_cfg.c **** #else
  54:.\Generated_Source\PSoC4/cyfitter_cfg.c ****     #error Unsupported toolchain
  55:.\Generated_Source\PSoC4/cyfitter_cfg.c **** #endif
  56:.\Generated_Source\PSoC4/cyfitter_cfg.c **** 
  57:.\Generated_Source\PSoC4/cyfitter_cfg.c **** 
  58:.\Generated_Source\PSoC4/cyfitter_cfg.c **** CY_CFG_UNUSED
  59:.\Generated_Source\PSoC4/cyfitter_cfg.c **** static void CYMEMZERO(void *s, size_t n);
  60:.\Generated_Source\PSoC4/cyfitter_cfg.c **** CY_CFG_UNUSED
  61:.\Generated_Source\PSoC4/cyfitter_cfg.c **** static void CYMEMZERO(void *s, size_t n)
  62:.\Generated_Source\PSoC4/cyfitter_cfg.c **** {
  63:.\Generated_Source\PSoC4/cyfitter_cfg.c **** 	(void)memset(s, 0, n);
  64:.\Generated_Source\PSoC4/cyfitter_cfg.c **** }
  65:.\Generated_Source\PSoC4/cyfitter_cfg.c **** CY_CFG_UNUSED
  66:.\Generated_Source\PSoC4/cyfitter_cfg.c **** static void CYCONFIGCPY(void *dest, const void *src, size_t n);
  67:.\Generated_Source\PSoC4/cyfitter_cfg.c **** CY_CFG_UNUSED
  68:.\Generated_Source\PSoC4/cyfitter_cfg.c **** static void CYCONFIGCPY(void *dest, const void *src, size_t n)
  69:.\Generated_Source\PSoC4/cyfitter_cfg.c **** {
  70:.\Generated_Source\PSoC4/cyfitter_cfg.c **** 	(void)memcpy(dest, src, n);
  71:.\Generated_Source\PSoC4/cyfitter_cfg.c **** }
  72:.\Generated_Source\PSoC4/cyfitter_cfg.c **** CY_CFG_UNUSED
  73:.\Generated_Source\PSoC4/cyfitter_cfg.c **** static void CYCONFIGCPYCODE(void *dest, const void *src, size_t n);
  74:.\Generated_Source\PSoC4/cyfitter_cfg.c **** CY_CFG_UNUSED
  75:.\Generated_Source\PSoC4/cyfitter_cfg.c **** static void CYCONFIGCPYCODE(void *dest, const void *src, size_t n)
  76:.\Generated_Source\PSoC4/cyfitter_cfg.c **** {
  77:.\Generated_Source\PSoC4/cyfitter_cfg.c **** 	(void)memcpy(dest, src, n);
  78:.\Generated_Source\PSoC4/cyfitter_cfg.c **** }
  79:.\Generated_Source\PSoC4/cyfitter_cfg.c **** 
  80:.\Generated_Source\PSoC4/cyfitter_cfg.c **** 
  81:.\Generated_Source\PSoC4/cyfitter_cfg.c **** 
  82:.\Generated_Source\PSoC4/cyfitter_cfg.c **** /* Clock startup error codes                                                   */
  83:.\Generated_Source\PSoC4/cyfitter_cfg.c **** #define CYCLOCKSTART_NO_ERROR    0u
  84:.\Generated_Source\PSoC4/cyfitter_cfg.c **** #define CYCLOCKSTART_XTAL_ERROR  1u
  85:.\Generated_Source\PSoC4/cyfitter_cfg.c **** #define CYCLOCKSTART_32KHZ_ERROR 2u
  86:.\Generated_Source\PSoC4/cyfitter_cfg.c **** #define CYCLOCKSTART_PLL_ERROR   3u
  87:.\Generated_Source\PSoC4/cyfitter_cfg.c **** 
  88:.\Generated_Source\PSoC4/cyfitter_cfg.c **** #ifdef CY_NEED_CYCLOCKSTARTUPERROR
  89:.\Generated_Source\PSoC4/cyfitter_cfg.c **** /*******************************************************************************
  90:.\Generated_Source\PSoC4/cyfitter_cfg.c **** * Function Name: CyClockStartupError
ARM GAS  C:\Users\Chris\AppData\Local\Temp\ccNeEi7E.s 			page 3


  91:.\Generated_Source\PSoC4/cyfitter_cfg.c **** ********************************************************************************
  92:.\Generated_Source\PSoC4/cyfitter_cfg.c **** * Summary:
  93:.\Generated_Source\PSoC4/cyfitter_cfg.c **** *  If an error is encountered during clock configuration (crystal startup error,
  94:.\Generated_Source\PSoC4/cyfitter_cfg.c **** *  PLL lock error, etc.), the system will end up here.  Unless reimplemented by
  95:.\Generated_Source\PSoC4/cyfitter_cfg.c **** *  the customer, this function will stop in an infinite loop.
  96:.\Generated_Source\PSoC4/cyfitter_cfg.c **** *
  97:.\Generated_Source\PSoC4/cyfitter_cfg.c **** * Parameters:
  98:.\Generated_Source\PSoC4/cyfitter_cfg.c **** *   void
  99:.\Generated_Source\PSoC4/cyfitter_cfg.c **** *
 100:.\Generated_Source\PSoC4/cyfitter_cfg.c **** * Return:
 101:.\Generated_Source\PSoC4/cyfitter_cfg.c **** *   void
 102:.\Generated_Source\PSoC4/cyfitter_cfg.c **** *
 103:.\Generated_Source\PSoC4/cyfitter_cfg.c **** *******************************************************************************/
 104:.\Generated_Source\PSoC4/cyfitter_cfg.c **** CY_CFG_UNUSED
 105:.\Generated_Source\PSoC4/cyfitter_cfg.c **** static void CyClockStartupError(uint8 errorCode);
 106:.\Generated_Source\PSoC4/cyfitter_cfg.c **** CY_CFG_UNUSED
 107:.\Generated_Source\PSoC4/cyfitter_cfg.c **** static void CyClockStartupError(uint8 errorCode)
 108:.\Generated_Source\PSoC4/cyfitter_cfg.c **** {
 109:.\Generated_Source\PSoC4/cyfitter_cfg.c ****     /* To remove the compiler warning if errorCode not used.                */
 110:.\Generated_Source\PSoC4/cyfitter_cfg.c ****     errorCode = errorCode;
 111:.\Generated_Source\PSoC4/cyfitter_cfg.c **** 
 112:.\Generated_Source\PSoC4/cyfitter_cfg.c ****     /* `#START CyClockStartupError` */
 113:.\Generated_Source\PSoC4/cyfitter_cfg.c **** 
 114:.\Generated_Source\PSoC4/cyfitter_cfg.c ****     /* If we have a clock startup error (bad MHz crystal, PLL lock, etc.),  */
 115:.\Generated_Source\PSoC4/cyfitter_cfg.c ****     /* we will end up here to allow the customer to implement something to  */
 116:.\Generated_Source\PSoC4/cyfitter_cfg.c ****     /* deal with the clock condition.                                       */
 117:.\Generated_Source\PSoC4/cyfitter_cfg.c **** 
 118:.\Generated_Source\PSoC4/cyfitter_cfg.c ****     /* `#END` */
 119:.\Generated_Source\PSoC4/cyfitter_cfg.c **** 
 120:.\Generated_Source\PSoC4/cyfitter_cfg.c ****     /* If nothing else, stop here since the clocks have not started         */
 121:.\Generated_Source\PSoC4/cyfitter_cfg.c ****     /* correctly.                                                           */
 122:.\Generated_Source\PSoC4/cyfitter_cfg.c ****     while(1) {}
 123:.\Generated_Source\PSoC4/cyfitter_cfg.c **** }
 124:.\Generated_Source\PSoC4/cyfitter_cfg.c **** #endif
 125:.\Generated_Source\PSoC4/cyfitter_cfg.c **** 
 126:.\Generated_Source\PSoC4/cyfitter_cfg.c **** #define CY_CFG_BASE_ADDR_COUNT 7u
 127:.\Generated_Source\PSoC4/cyfitter_cfg.c **** CYPACKED typedef struct
 128:.\Generated_Source\PSoC4/cyfitter_cfg.c **** {
 129:.\Generated_Source\PSoC4/cyfitter_cfg.c **** 	uint8 offset;
 130:.\Generated_Source\PSoC4/cyfitter_cfg.c **** 	uint8 value;
 131:.\Generated_Source\PSoC4/cyfitter_cfg.c **** } CYPACKED_ATTR cy_cfg_addrvalue_t;
 132:.\Generated_Source\PSoC4/cyfitter_cfg.c **** 
 133:.\Generated_Source\PSoC4/cyfitter_cfg.c **** 
 134:.\Generated_Source\PSoC4/cyfitter_cfg.c **** 
 135:.\Generated_Source\PSoC4/cyfitter_cfg.c **** /*******************************************************************************
 136:.\Generated_Source\PSoC4/cyfitter_cfg.c **** * Function Name: cfg_write_bytes32
 137:.\Generated_Source\PSoC4/cyfitter_cfg.c **** ********************************************************************************
 138:.\Generated_Source\PSoC4/cyfitter_cfg.c **** * Summary:
 139:.\Generated_Source\PSoC4/cyfitter_cfg.c **** *  This function is used for setting up the chip configuration areas that
 140:.\Generated_Source\PSoC4/cyfitter_cfg.c **** *  contain relatively sparse data.
 141:.\Generated_Source\PSoC4/cyfitter_cfg.c **** *
 142:.\Generated_Source\PSoC4/cyfitter_cfg.c **** * Parameters:
 143:.\Generated_Source\PSoC4/cyfitter_cfg.c **** *   void
 144:.\Generated_Source\PSoC4/cyfitter_cfg.c **** *
 145:.\Generated_Source\PSoC4/cyfitter_cfg.c **** * Return:
 146:.\Generated_Source\PSoC4/cyfitter_cfg.c **** *   void
 147:.\Generated_Source\PSoC4/cyfitter_cfg.c **** *
ARM GAS  C:\Users\Chris\AppData\Local\Temp\ccNeEi7E.s 			page 4


 148:.\Generated_Source\PSoC4/cyfitter_cfg.c **** *******************************************************************************/
 149:.\Generated_Source\PSoC4/cyfitter_cfg.c **** static void cfg_write_bytes32(const uint32 addr_table[], const cy_cfg_addrvalue_t data_table[]);
 150:.\Generated_Source\PSoC4/cyfitter_cfg.c **** static void cfg_write_bytes32(const uint32 addr_table[], const cy_cfg_addrvalue_t data_table[])
 151:.\Generated_Source\PSoC4/cyfitter_cfg.c **** {
  25              		.loc 1 151 0
  26              		.cfi_startproc
  27              	.LVL0:
  28 0000 F0B5     		push	{r4, r5, r6, r7, lr}
  29              		.cfi_def_cfa_offset 20
  30              		.cfi_offset 4, -20
  31              		.cfi_offset 5, -16
  32              		.cfi_offset 6, -12
  33              		.cfi_offset 7, -8
  34              		.cfi_offset 14, -4
  35              	.LVL1:
 152:.\Generated_Source\PSoC4/cyfitter_cfg.c **** 	/* For 32-bit little-endian architectures */
 153:.\Generated_Source\PSoC4/cyfitter_cfg.c **** 	uint32 i, j = 0u;
  36              		.loc 1 153 0
  37 0002 0025     		mov	r5, #0
 154:.\Generated_Source\PSoC4/cyfitter_cfg.c **** 	for (i = 0u; i < CY_CFG_BASE_ADDR_COUNT; i++)
  38              		.loc 1 154 0
  39 0004 0027     		mov	r7, #0
  40 0006 11E0     		b	.L2
  41              	.LVL2:
  42              	.L5:
  43              	.LBB2:
 155:.\Generated_Source\PSoC4/cyfitter_cfg.c **** 	{
 156:.\Generated_Source\PSoC4/cyfitter_cfg.c **** 		uint32 baseAddr = addr_table[i];
  44              		.loc 1 156 0
  45 0008 BB00     		lsl	r3, r7, #2
  46 000a C658     		ldr	r6, [r0, r3]
  47              	.LVL3:
 157:.\Generated_Source\PSoC4/cyfitter_cfg.c **** 		uint8 count = (uint8)baseAddr;
  48              		.loc 1 157 0
  49 000c F3B2     		uxtb	r3, r6
  50              	.LVL4:
 158:.\Generated_Source\PSoC4/cyfitter_cfg.c **** 		baseAddr &= 0xFFFFFF00u;
  51              		.loc 1 158 0
  52 000e FF22     		mov	r2, #255
  53 0010 9643     		bic	r6, r2
  54              	.LVL5:
 159:.\Generated_Source\PSoC4/cyfitter_cfg.c **** 		while (count != 0u)
  55              		.loc 1 159 0
  56 0012 08E0     		b	.L3
  57              	.L4:
 160:.\Generated_Source\PSoC4/cyfitter_cfg.c **** 		{
 161:.\Generated_Source\PSoC4/cyfitter_cfg.c **** 			CY_SET_XTND_REG8((void CYFAR *)(baseAddr + data_table[j].offset), data_table[j].value);
  58              		.loc 1 161 0
  59 0014 6A00     		lsl	r2, r5, #1
  60 0016 8A18     		add	r2, r1, r2
  61 0018 1478     		ldrb	r4, [r2]
  62 001a A419     		add	r4, r4, r6
  63 001c 5278     		ldrb	r2, [r2, #1]
  64 001e 2270     		strb	r2, [r4]
 162:.\Generated_Source\PSoC4/cyfitter_cfg.c **** 			j++;
  65              		.loc 1 162 0
  66 0020 0135     		add	r5, r5, #1
ARM GAS  C:\Users\Chris\AppData\Local\Temp\ccNeEi7E.s 			page 5


  67              	.LVL6:
 163:.\Generated_Source\PSoC4/cyfitter_cfg.c **** 			count--;
  68              		.loc 1 163 0
  69 0022 013B     		sub	r3, r3, #1
  70              	.LVL7:
  71 0024 DBB2     		uxtb	r3, r3
  72              	.LVL8:
  73              	.L3:
 159:.\Generated_Source\PSoC4/cyfitter_cfg.c **** 		{
  74              		.loc 1 159 0
  75 0026 002B     		cmp	r3, #0
  76 0028 F4D1     		bne	.L4
  77              	.LBE2:
 154:.\Generated_Source\PSoC4/cyfitter_cfg.c **** 	{
  78              		.loc 1 154 0 discriminator 2
  79 002a 0137     		add	r7, r7, #1
  80              	.LVL9:
  81              	.L2:
 154:.\Generated_Source\PSoC4/cyfitter_cfg.c **** 	{
  82              		.loc 1 154 0 is_stmt 0 discriminator 1
  83 002c 062F     		cmp	r7, #6
  84 002e EBD9     		bls	.L5
 164:.\Generated_Source\PSoC4/cyfitter_cfg.c **** 		}
 165:.\Generated_Source\PSoC4/cyfitter_cfg.c **** 	}
 166:.\Generated_Source\PSoC4/cyfitter_cfg.c **** }
  85              		.loc 1 166 0 is_stmt 1
  86              		@ sp needed
  87              	.LVL10:
  88              	.LVL11:
  89 0030 F0BD     		pop	{r4, r5, r6, r7, pc}
  90              		.cfi_endproc
  91              	.LFE3:
  92              		.size	cfg_write_bytes32, .-cfg_write_bytes32
  93 0032 C046     		.section	.text.CYMEMZERO,"ax",%progbits
  94              		.align	2
  95              		.code	16
  96              		.thumb_func
  97              		.type	CYMEMZERO, %function
  98              	CYMEMZERO:
  99              	.LFB0:
  62:.\Generated_Source\PSoC4/cyfitter_cfg.c **** 	(void)memset(s, 0, n);
 100              		.loc 1 62 0
 101              		.cfi_startproc
 102              	.LVL12:
 103 0000 08B5     		push	{r3, lr}
 104              		.cfi_def_cfa_offset 8
 105              		.cfi_offset 3, -8
 106              		.cfi_offset 14, -4
 107 0002 0A1C     		mov	r2, r1
  63:.\Generated_Source\PSoC4/cyfitter_cfg.c **** }
 108              		.loc 1 63 0
 109 0004 0021     		mov	r1, #0
 110              	.LVL13:
 111 0006 FFF7FEFF 		bl	memset
 112              	.LVL14:
  64:.\Generated_Source\PSoC4/cyfitter_cfg.c **** CY_CFG_UNUSED
 113              		.loc 1 64 0
ARM GAS  C:\Users\Chris\AppData\Local\Temp\ccNeEi7E.s 			page 6


 114              		@ sp needed
 115 000a 08BD     		pop	{r3, pc}
 116              		.cfi_endproc
 117              	.LFE0:
 118              		.size	CYMEMZERO, .-CYMEMZERO
 119              		.section	.psocinit,"ax",%progbits
 120              		.align	2
 121              		.code	16
 122              		.thumb_func
 123              		.type	ClockSetup, %function
 124              	ClockSetup:
 125              	.LFB4:
 167:.\Generated_Source\PSoC4/cyfitter_cfg.c **** 
 168:.\Generated_Source\PSoC4/cyfitter_cfg.c **** 
 169:.\Generated_Source\PSoC4/cyfitter_cfg.c **** /*******************************************************************************
 170:.\Generated_Source\PSoC4/cyfitter_cfg.c **** * Function Name: ClockSetup
 171:.\Generated_Source\PSoC4/cyfitter_cfg.c **** ********************************************************************************
 172:.\Generated_Source\PSoC4/cyfitter_cfg.c **** *
 173:.\Generated_Source\PSoC4/cyfitter_cfg.c **** * Summary:
 174:.\Generated_Source\PSoC4/cyfitter_cfg.c **** *   Performs the initialization of all of the clocks in the device based on the
 175:.\Generated_Source\PSoC4/cyfitter_cfg.c **** *   settings in the Clock tab of the DWR.  This includes enabling the requested
 176:.\Generated_Source\PSoC4/cyfitter_cfg.c **** *   clocks and setting the necessary dividers to produce the desired frequency. 
 177:.\Generated_Source\PSoC4/cyfitter_cfg.c **** *
 178:.\Generated_Source\PSoC4/cyfitter_cfg.c **** * Parameters:
 179:.\Generated_Source\PSoC4/cyfitter_cfg.c **** *   void
 180:.\Generated_Source\PSoC4/cyfitter_cfg.c **** *
 181:.\Generated_Source\PSoC4/cyfitter_cfg.c **** * Return:
 182:.\Generated_Source\PSoC4/cyfitter_cfg.c **** *   void
 183:.\Generated_Source\PSoC4/cyfitter_cfg.c **** *
 184:.\Generated_Source\PSoC4/cyfitter_cfg.c **** *******************************************************************************/
 185:.\Generated_Source\PSoC4/cyfitter_cfg.c **** static void ClockSetup(void);
 186:.\Generated_Source\PSoC4/cyfitter_cfg.c **** CY_CFG_SECTION
 187:.\Generated_Source\PSoC4/cyfitter_cfg.c **** static void ClockSetup(void)
 188:.\Generated_Source\PSoC4/cyfitter_cfg.c **** {
 126              		.loc 1 188 0
 127              		.cfi_startproc
 128 0000 38B5     		push	{r3, r4, r5, lr}
 129              		.cfi_def_cfa_offset 16
 130              		.cfi_offset 3, -16
 131              		.cfi_offset 4, -12
 132              		.cfi_offset 5, -8
 133              		.cfi_offset 14, -4
 189:.\Generated_Source\PSoC4/cyfitter_cfg.c **** 	/* Enable HALF_EN before trimming for the flash accelerator. */
 190:.\Generated_Source\PSoC4/cyfitter_cfg.c **** 	CY_SET_REG32((void CYXDATA *)(CYREG_CLK_SELECT), (CY_GET_REG32((void *)CYREG_CLK_SELECT) | 0x00040
 134              		.loc 1 190 0
 135 0002 1C4C     		ldr	r4, .L8
 136 0004 2368     		ldr	r3, [r4]
 137 0006 8022     		mov	r2, #128
 138 0008 D202     		lsl	r2, r2, #11
 139 000a 1343     		orr	r3, r2
 140 000c 2360     		str	r3, [r4]
 191:.\Generated_Source\PSoC4/cyfitter_cfg.c **** 
 192:.\Generated_Source\PSoC4/cyfitter_cfg.c **** 	/* Setup and trim IMO based on desired frequency. */
 193:.\Generated_Source\PSoC4/cyfitter_cfg.c **** 	CySysClkWriteImoFreq(24u);
 141              		.loc 1 193 0
 142 000e 1820     		mov	r0, #24
 143 0010 FFF7FEFF 		bl	CySysClkWriteImoFreq
ARM GAS  C:\Users\Chris\AppData\Local\Temp\ccNeEi7E.s 			page 7


 144              	.LVL15:
 194:.\Generated_Source\PSoC4/cyfitter_cfg.c **** 
 195:.\Generated_Source\PSoC4/cyfitter_cfg.c **** 	/* Disable HALF_EN since it is not required at this IMO frequency. */
 196:.\Generated_Source\PSoC4/cyfitter_cfg.c **** 	CY_SET_REG32((void CYXDATA *)(CYREG_CLK_SELECT), (CY_GET_REG32((void *)CYREG_CLK_SELECT) & 0xFFFBF
 145              		.loc 1 196 0
 146 0014 2268     		ldr	r2, [r4]
 147 0016 184B     		ldr	r3, .L8+4
 148 0018 1340     		and	r3, r2
 149 001a 2360     		str	r3, [r4]
 197:.\Generated_Source\PSoC4/cyfitter_cfg.c **** 	/* CYDEV_CLK_ILO_CONFIG Starting address: CYDEV_CLK_ILO_CONFIG */
 198:.\Generated_Source\PSoC4/cyfitter_cfg.c **** 	CY_SET_XTND_REG32((void CYFAR *)(CYREG_CLK_ILO_CONFIG), 0x80000006u);
 150              		.loc 1 198 0
 151 001c 174A     		ldr	r2, .L8+8
 152 001e 184B     		ldr	r3, .L8+12
 153 0020 1A60     		str	r2, [r3]
 199:.\Generated_Source\PSoC4/cyfitter_cfg.c **** 
 200:.\Generated_Source\PSoC4/cyfitter_cfg.c **** 
 201:.\Generated_Source\PSoC4/cyfitter_cfg.c **** 	/* CYDEV_CLK_SELECT00 Starting address: CYDEV_CLK_SELECT00 */
 202:.\Generated_Source\PSoC4/cyfitter_cfg.c **** 	CY_SET_XTND_REG32((void CYFAR *)(CYREG_CLK_SELECT02), 0x00000010u);
 154              		.loc 1 202 0
 155 0022 1022     		mov	r2, #16
 156 0024 174B     		ldr	r3, .L8+16
 157 0026 1A60     		str	r2, [r3]
 203:.\Generated_Source\PSoC4/cyfitter_cfg.c **** 	CY_SET_XTND_REG32((void CYFAR *)(CYREG_CLK_SELECT03), 0x00000020u);
 158              		.loc 1 203 0
 159 0028 1032     		add	r2, r2, #16
 160 002a 174B     		ldr	r3, .L8+20
 161 002c 1A60     		str	r2, [r3]
 204:.\Generated_Source\PSoC4/cyfitter_cfg.c **** 	CY_SET_XTND_REG32((void CYFAR *)(CYREG_CLK_SELECT08), 0x00000030u);
 162              		.loc 1 204 0
 163 002e 3023     		mov	r3, #48
 164 0030 164A     		ldr	r2, .L8+24
 165 0032 1360     		str	r3, [r2]
 205:.\Generated_Source\PSoC4/cyfitter_cfg.c **** 	CY_SET_XTND_REG32((void CYFAR *)(CYREG_CLK_SELECT09), 0x00000030u);
 166              		.loc 1 205 0
 167 0034 164A     		ldr	r2, .L8+28
 168 0036 1360     		str	r3, [r2]
 206:.\Generated_Source\PSoC4/cyfitter_cfg.c **** 	CY_SET_XTND_REG32((void CYFAR *)(CYREG_CLK_SELECT10), 0x00000030u);
 169              		.loc 1 206 0
 170 0038 164A     		ldr	r2, .L8+32
 171 003a 1360     		str	r3, [r2]
 207:.\Generated_Source\PSoC4/cyfitter_cfg.c **** 	CY_SET_XTND_REG32((void CYFAR *)(CYREG_CLK_SELECT11), 0x00000030u);
 172              		.loc 1 207 0
 173 003c 164A     		ldr	r2, .L8+36
 174 003e 1360     		str	r3, [r2]
 208:.\Generated_Source\PSoC4/cyfitter_cfg.c **** 
 209:.\Generated_Source\PSoC4/cyfitter_cfg.c **** 	/* CYDEV_CLK_IMO_CONFIG Starting address: CYDEV_CLK_IMO_CONFIG */
 210:.\Generated_Source\PSoC4/cyfitter_cfg.c **** 	CY_SET_XTND_REG32((void CYFAR *)(CYREG_CLK_IMO_CONFIG), 0x80000000u);
 175              		.loc 1 210 0
 176 0040 8022     		mov	r2, #128
 177 0042 1206     		lsl	r2, r2, #24
 178 0044 154B     		ldr	r3, .L8+40
 179 0046 1A60     		str	r2, [r3]
 211:.\Generated_Source\PSoC4/cyfitter_cfg.c **** 
 212:.\Generated_Source\PSoC4/cyfitter_cfg.c **** 	/* CYDEV_CLK_SELECT Starting address: CYDEV_CLK_SELECT */
 213:.\Generated_Source\PSoC4/cyfitter_cfg.c **** 	CY_SET_XTND_REG32((void CYFAR *)(CYREG_CLK_SELECT), 0x00000000u);
 180              		.loc 1 213 0
ARM GAS  C:\Users\Chris\AppData\Local\Temp\ccNeEi7E.s 			page 8


 181 0048 0025     		mov	r5, #0
 182 004a 2560     		str	r5, [r4]
 214:.\Generated_Source\PSoC4/cyfitter_cfg.c **** 
 215:.\Generated_Source\PSoC4/cyfitter_cfg.c **** 	/* CYDEV_CLK_DIVIDER_A00 Starting address: CYDEV_CLK_DIVIDER_A00 */
 216:.\Generated_Source\PSoC4/cyfitter_cfg.c **** 	CY_SET_XTND_REG32((void CYFAR *)(CYREG_CLK_DIVIDER_A00), 0x8000000Eu);
 183              		.loc 1 216 0
 184 004c 144A     		ldr	r2, .L8+44
 185 004e 154B     		ldr	r3, .L8+48
 186 0050 1A60     		str	r2, [r3]
 217:.\Generated_Source\PSoC4/cyfitter_cfg.c **** 
 218:.\Generated_Source\PSoC4/cyfitter_cfg.c **** 	/* CYDEV_CLK_DIVIDER_B00 Starting address: CYDEV_CLK_DIVIDER_B00 */
 219:.\Generated_Source\PSoC4/cyfitter_cfg.c **** 	CY_SET_XTND_REG32((void CYFAR *)(CYREG_CLK_DIVIDER_B00), 0x80000010u);
 187              		.loc 1 219 0
 188 0052 154A     		ldr	r2, .L8+52
 189 0054 154B     		ldr	r3, .L8+56
 190 0056 1A60     		str	r2, [r3]
 220:.\Generated_Source\PSoC4/cyfitter_cfg.c **** 
 221:.\Generated_Source\PSoC4/cyfitter_cfg.c **** 	/* CYDEV_CLK_DIVIDER_C00 Starting address: CYDEV_CLK_DIVIDER_C00 */
 222:.\Generated_Source\PSoC4/cyfitter_cfg.c **** 	CY_SET_XTND_REG32((void CYFAR *)(CYREG_CLK_DIVIDER_C00), 0x80005DBFu);
 191              		.loc 1 222 0
 192 0058 154A     		ldr	r2, .L8+60
 193 005a 164B     		ldr	r3, .L8+64
 194 005c 1A60     		str	r2, [r3]
 223:.\Generated_Source\PSoC4/cyfitter_cfg.c **** 
 224:.\Generated_Source\PSoC4/cyfitter_cfg.c **** 	(void)CyIntSetVector(9u, &CySysWdtIsr);
 195              		.loc 1 224 0
 196 005e 0920     		mov	r0, #9
 197 0060 1549     		ldr	r1, .L8+68
 198 0062 FFF7FEFF 		bl	CyIntSetVector
 199              	.LVL16:
 225:.\Generated_Source\PSoC4/cyfitter_cfg.c **** 	CyIntEnable(9u);
 200              		.loc 1 225 0
 201 0066 0920     		mov	r0, #9
 202 0068 FFF7FEFF 		bl	CyIntEnable
 203              	.LVL17:
 226:.\Generated_Source\PSoC4/cyfitter_cfg.c **** 	CY_SET_XTND_REG32((void CYFAR *)(CYREG_WDT_CONFIG), 0x00000000u);
 204              		.loc 1 226 0
 205 006c 134B     		ldr	r3, .L8+72
 206 006e 1D60     		str	r5, [r3]
 227:.\Generated_Source\PSoC4/cyfitter_cfg.c **** }
 207              		.loc 1 227 0
 208              		@ sp needed
 209 0070 38BD     		pop	{r3, r4, r5, pc}
 210              	.L9:
 211 0072 C046     		.align	2
 212              	.L8:
 213 0074 00010B40 		.word	1074462976
 214 0078 FFFFFBFF 		.word	-262145
 215 007c 06000080 		.word	-2147483642
 216 0080 04010B40 		.word	1074462980
 217 0084 08020240 		.word	1073873416
 218 0088 0C020240 		.word	1073873420
 219 008c 20020240 		.word	1073873440
 220 0090 24020240 		.word	1073873444
 221 0094 28020240 		.word	1073873448
 222 0098 2C020240 		.word	1073873452
 223 009c 08010B40 		.word	1074462984
ARM GAS  C:\Users\Chris\AppData\Local\Temp\ccNeEi7E.s 			page 9


 224 00a0 0E000080 		.word	-2147483634
 225 00a4 00000240 		.word	1073872896
 226 00a8 10000080 		.word	-2147483632
 227 00ac 40000240 		.word	1073872960
 228 00b0 BF5D0080 		.word	-2147459649
 229 00b4 80000240 		.word	1073873024
 230 00b8 00000000 		.word	CySysWdtIsr
 231 00bc 0C020B40 		.word	1074463244
 232              		.cfi_endproc
 233              	.LFE4:
 234              		.size	ClockSetup, .-ClockSetup
 235              		.align	2
 236              		.global	cyfitter_cfg
 237              		.code	16
 238              		.thumb_func
 239              		.type	cyfitter_cfg, %function
 240              	cyfitter_cfg:
 241              	.LFB6:
 228:.\Generated_Source\PSoC4/cyfitter_cfg.c **** 
 229:.\Generated_Source\PSoC4/cyfitter_cfg.c **** 
 230:.\Generated_Source\PSoC4/cyfitter_cfg.c **** /* Analog API Functions */
 231:.\Generated_Source\PSoC4/cyfitter_cfg.c **** 
 232:.\Generated_Source\PSoC4/cyfitter_cfg.c **** 
 233:.\Generated_Source\PSoC4/cyfitter_cfg.c **** /*******************************************************************************
 234:.\Generated_Source\PSoC4/cyfitter_cfg.c **** * Function Name: AnalogSetDefault
 235:.\Generated_Source\PSoC4/cyfitter_cfg.c **** ********************************************************************************
 236:.\Generated_Source\PSoC4/cyfitter_cfg.c **** *
 237:.\Generated_Source\PSoC4/cyfitter_cfg.c **** * Summary:
 238:.\Generated_Source\PSoC4/cyfitter_cfg.c **** *  Sets up the analog portions of the chip to default values based on chip
 239:.\Generated_Source\PSoC4/cyfitter_cfg.c **** *  configuration options from the project.
 240:.\Generated_Source\PSoC4/cyfitter_cfg.c **** *
 241:.\Generated_Source\PSoC4/cyfitter_cfg.c **** * Parameters:
 242:.\Generated_Source\PSoC4/cyfitter_cfg.c **** *  void
 243:.\Generated_Source\PSoC4/cyfitter_cfg.c **** *
 244:.\Generated_Source\PSoC4/cyfitter_cfg.c **** * Return:
 245:.\Generated_Source\PSoC4/cyfitter_cfg.c **** *  void
 246:.\Generated_Source\PSoC4/cyfitter_cfg.c **** *
 247:.\Generated_Source\PSoC4/cyfitter_cfg.c **** *******************************************************************************/
 248:.\Generated_Source\PSoC4/cyfitter_cfg.c **** static void AnalogSetDefault(void);
 249:.\Generated_Source\PSoC4/cyfitter_cfg.c **** static void AnalogSetDefault(void)
 250:.\Generated_Source\PSoC4/cyfitter_cfg.c **** {
 251:.\Generated_Source\PSoC4/cyfitter_cfg.c **** }
 252:.\Generated_Source\PSoC4/cyfitter_cfg.c **** 
 253:.\Generated_Source\PSoC4/cyfitter_cfg.c **** #define CY_AMUX_UNUSED CYREG_CM0_ROM_DWT
 254:.\Generated_Source\PSoC4/cyfitter_cfg.c **** 
 255:.\Generated_Source\PSoC4/cyfitter_cfg.c **** 
 256:.\Generated_Source\PSoC4/cyfitter_cfg.c **** /*******************************************************************************
 257:.\Generated_Source\PSoC4/cyfitter_cfg.c **** * Function Name: cyfitter_cfg
 258:.\Generated_Source\PSoC4/cyfitter_cfg.c **** ********************************************************************************
 259:.\Generated_Source\PSoC4/cyfitter_cfg.c **** * Summary:
 260:.\Generated_Source\PSoC4/cyfitter_cfg.c **** *  This function is called by the start-up code for the selected device. It
 261:.\Generated_Source\PSoC4/cyfitter_cfg.c **** *  performs all of the necessary device configuration based on the design
 262:.\Generated_Source\PSoC4/cyfitter_cfg.c **** *  settings.  This includes settings from the Design Wide Resources (DWR) such
 263:.\Generated_Source\PSoC4/cyfitter_cfg.c **** *  as Clocks and Pins as well as any component configuration that is necessary.
 264:.\Generated_Source\PSoC4/cyfitter_cfg.c **** *
 265:.\Generated_Source\PSoC4/cyfitter_cfg.c **** * Parameters:  
 266:.\Generated_Source\PSoC4/cyfitter_cfg.c **** *   void
ARM GAS  C:\Users\Chris\AppData\Local\Temp\ccNeEi7E.s 			page 10


 267:.\Generated_Source\PSoC4/cyfitter_cfg.c **** *
 268:.\Generated_Source\PSoC4/cyfitter_cfg.c **** * Return:
 269:.\Generated_Source\PSoC4/cyfitter_cfg.c **** *   void
 270:.\Generated_Source\PSoC4/cyfitter_cfg.c **** *
 271:.\Generated_Source\PSoC4/cyfitter_cfg.c **** *******************************************************************************/
 272:.\Generated_Source\PSoC4/cyfitter_cfg.c **** CY_CFG_SECTION
 273:.\Generated_Source\PSoC4/cyfitter_cfg.c **** void cyfitter_cfg(void)
 274:.\Generated_Source\PSoC4/cyfitter_cfg.c **** {
 242              		.loc 1 274 0
 243              		.cfi_startproc
 244 00c0 10B5     		push	{r4, lr}
 245              		.cfi_def_cfa_offset 8
 246              		.cfi_offset 4, -8
 247              		.cfi_offset 14, -4
 275:.\Generated_Source\PSoC4/cyfitter_cfg.c **** 	/* Disable interrupts by default. Let user enable if/when they want. */
 276:.\Generated_Source\PSoC4/cyfitter_cfg.c **** 	CyGlobalIntDisable;
 248              		.loc 1 276 0
 249              	@ 276 ".\Generated_Source\PSoC4\cyfitter_cfg.c" 1
 250 00c2 72B6     		CPSID   i
 251              	@ 0 "" 2
 252              	.LVL18:
 253              		.code	16
 254              	.LBB3:
 277:.\Generated_Source\PSoC4/cyfitter_cfg.c **** 
 278:.\Generated_Source\PSoC4/cyfitter_cfg.c **** 	{
 279:.\Generated_Source\PSoC4/cyfitter_cfg.c **** 		static const uint32 CYCODE cy_cfg_addr_table[] = {
 280:.\Generated_Source\PSoC4/cyfitter_cfg.c **** 			0x400F3101u, /* Base address: 0x400F3100 Count: 1 */
 281:.\Generated_Source\PSoC4/cyfitter_cfg.c **** 			0x400F3302u, /* Base address: 0x400F3300 Count: 2 */
 282:.\Generated_Source\PSoC4/cyfitter_cfg.c **** 			0x400F4007u, /* Base address: 0x400F4000 Count: 7 */
 283:.\Generated_Source\PSoC4/cyfitter_cfg.c **** 			0x400F4103u, /* Base address: 0x400F4100 Count: 3 */
 284:.\Generated_Source\PSoC4/cyfitter_cfg.c **** 			0x400F4201u, /* Base address: 0x400F4200 Count: 1 */
 285:.\Generated_Source\PSoC4/cyfitter_cfg.c **** 			0x400F430Au, /* Base address: 0x400F4300 Count: 10 */
 286:.\Generated_Source\PSoC4/cyfitter_cfg.c **** 			0x400F6002u, /* Base address: 0x400F6000 Count: 2 */
 287:.\Generated_Source\PSoC4/cyfitter_cfg.c **** 		};
 288:.\Generated_Source\PSoC4/cyfitter_cfg.c **** 
 289:.\Generated_Source\PSoC4/cyfitter_cfg.c **** 		static const cy_cfg_addrvalue_t CYCODE cy_cfg_data_table[] = {
 290:.\Generated_Source\PSoC4/cyfitter_cfg.c **** 			{0xE6u, 0x02u},
 291:.\Generated_Source\PSoC4/cyfitter_cfg.c **** 			{0xE6u, 0x20u},
 292:.\Generated_Source\PSoC4/cyfitter_cfg.c **** 			{0xEAu, 0x10u},
 293:.\Generated_Source\PSoC4/cyfitter_cfg.c **** 			{0x56u, 0x80u},
 294:.\Generated_Source\PSoC4/cyfitter_cfg.c **** 			{0x5Au, 0x80u},
 295:.\Generated_Source\PSoC4/cyfitter_cfg.c **** 			{0x5Eu, 0x80u},
 296:.\Generated_Source\PSoC4/cyfitter_cfg.c **** 			{0x86u, 0x40u},
 297:.\Generated_Source\PSoC4/cyfitter_cfg.c **** 			{0xD4u, 0xC0u},
 298:.\Generated_Source\PSoC4/cyfitter_cfg.c **** 			{0xD6u, 0x20u},
 299:.\Generated_Source\PSoC4/cyfitter_cfg.c **** 			{0xE6u, 0x40u},
 300:.\Generated_Source\PSoC4/cyfitter_cfg.c **** 			{0x8Au, 0x80u},
 301:.\Generated_Source\PSoC4/cyfitter_cfg.c **** 			{0x9Eu, 0x80u},
 302:.\Generated_Source\PSoC4/cyfitter_cfg.c **** 			{0xB6u, 0x40u},
 303:.\Generated_Source\PSoC4/cyfitter_cfg.c **** 			{0x87u, 0x10u},
 304:.\Generated_Source\PSoC4/cyfitter_cfg.c **** 			{0x18u, 0x08u},
 305:.\Generated_Source\PSoC4/cyfitter_cfg.c **** 			{0x1Cu, 0x80u},
 306:.\Generated_Source\PSoC4/cyfitter_cfg.c **** 			{0x1Fu, 0x10u},
 307:.\Generated_Source\PSoC4/cyfitter_cfg.c **** 			{0x88u, 0x40u},
 308:.\Generated_Source\PSoC4/cyfitter_cfg.c **** 			{0x94u, 0x08u},
 309:.\Generated_Source\PSoC4/cyfitter_cfg.c **** 			{0x97u, 0x20u},
 310:.\Generated_Source\PSoC4/cyfitter_cfg.c **** 			{0xB4u, 0x04u},
ARM GAS  C:\Users\Chris\AppData\Local\Temp\ccNeEi7E.s 			page 11


 311:.\Generated_Source\PSoC4/cyfitter_cfg.c **** 			{0xC6u, 0x07u},
 312:.\Generated_Source\PSoC4/cyfitter_cfg.c **** 			{0xE6u, 0x04u},
 313:.\Generated_Source\PSoC4/cyfitter_cfg.c **** 			{0xEAu, 0x08u},
 314:.\Generated_Source\PSoC4/cyfitter_cfg.c **** 			{0x02u, 0x01u},
 315:.\Generated_Source\PSoC4/cyfitter_cfg.c **** 			{0x11u, 0x01u},
 316:.\Generated_Source\PSoC4/cyfitter_cfg.c **** 		};
 317:.\Generated_Source\PSoC4/cyfitter_cfg.c **** 
 318:.\Generated_Source\PSoC4/cyfitter_cfg.c **** 
 319:.\Generated_Source\PSoC4/cyfitter_cfg.c **** 
 320:.\Generated_Source\PSoC4/cyfitter_cfg.c **** 		CYPACKED typedef struct {
 321:.\Generated_Source\PSoC4/cyfitter_cfg.c **** 			void CYFAR *address;
 322:.\Generated_Source\PSoC4/cyfitter_cfg.c **** 			uint16 size;
 323:.\Generated_Source\PSoC4/cyfitter_cfg.c **** 		} CYPACKED_ATTR cfg_memset_t;
 324:.\Generated_Source\PSoC4/cyfitter_cfg.c **** 
 325:.\Generated_Source\PSoC4/cyfitter_cfg.c **** 		static const cfg_memset_t CYCODE cfg_memset_list [] = {
 326:.\Generated_Source\PSoC4/cyfitter_cfg.c **** 			/* address, size */
 327:.\Generated_Source\PSoC4/cyfitter_cfg.c **** 			{(void CYFAR *)(CYDEV_UDB_P0_U0_BASE), 1024u},
 328:.\Generated_Source\PSoC4/cyfitter_cfg.c **** 			{(void CYFAR *)(CYDEV_UDB_DSI0_BASE), 1024u},
 329:.\Generated_Source\PSoC4/cyfitter_cfg.c **** 		};
 330:.\Generated_Source\PSoC4/cyfitter_cfg.c **** 
 331:.\Generated_Source\PSoC4/cyfitter_cfg.c **** 		uint8 CYDATA i;
 332:.\Generated_Source\PSoC4/cyfitter_cfg.c **** 
 333:.\Generated_Source\PSoC4/cyfitter_cfg.c **** 		/* Zero out critical memory blocks before beginning configuration */
 334:.\Generated_Source\PSoC4/cyfitter_cfg.c **** 		for (i = 0u; i < (sizeof(cfg_memset_list)/sizeof(cfg_memset_list[0])); i++)
 255              		.loc 1 334 0
 256 00c4 0024     		mov	r4, #0
 257 00c6 10E0     		b	.L11
 258              	.LVL19:
 259              	.L12:
 260              	.LBB4:
 335:.\Generated_Source\PSoC4/cyfitter_cfg.c **** 		{
 336:.\Generated_Source\PSoC4/cyfitter_cfg.c **** 			const cfg_memset_t CYCODE * CYDATA ms = &cfg_memset_list[i];
 337:.\Generated_Source\PSoC4/cyfitter_cfg.c **** 			CYMEMZERO(ms->address, (size_t)(uint32)(ms->size));
 261              		.loc 1 337 0 discriminator 3
 262 00c8 2D48     		ldr	r0, .L13
 263 00ca 6300     		lsl	r3, r4, #1
 264 00cc 1A19     		add	r2, r3, r4
 265 00ce 5200     		lsl	r2, r2, #1
 266 00d0 8218     		add	r2, r0, r2
 267 00d2 9188     		ldrh	r1, [r2, #4]
 268 00d4 1B19     		add	r3, r3, r4
 269 00d6 5B00     		lsl	r3, r3, #1
 270 00d8 1A5A     		ldrh	r2, [r3, r0]
 271 00da C318     		add	r3, r0, r3
 272 00dc 5888     		ldrh	r0, [r3, #2]
 273 00de 0004     		lsl	r0, r0, #16
 274 00e0 1043     		orr	r0, r2
 275 00e2 FFF7FEFF 		bl	CYMEMZERO
 276              	.LVL20:
 277              	.LBE4:
 334:.\Generated_Source\PSoC4/cyfitter_cfg.c **** 		{
 278              		.loc 1 334 0 discriminator 3
 279 00e6 0134     		add	r4, r4, #1
 280              	.LVL21:
 281 00e8 E4B2     		uxtb	r4, r4
 282              	.LVL22:
 283              	.L11:
ARM GAS  C:\Users\Chris\AppData\Local\Temp\ccNeEi7E.s 			page 12


 334:.\Generated_Source\PSoC4/cyfitter_cfg.c **** 		{
 284              		.loc 1 334 0 is_stmt 0 discriminator 1
 285 00ea 012C     		cmp	r4, #1
 286 00ec ECD9     		bls	.L12
 338:.\Generated_Source\PSoC4/cyfitter_cfg.c **** 		}
 339:.\Generated_Source\PSoC4/cyfitter_cfg.c **** 
 340:.\Generated_Source\PSoC4/cyfitter_cfg.c **** 		cfg_write_bytes32(cy_cfg_addr_table, cy_cfg_data_table);
 287              		.loc 1 340 0 is_stmt 1
 288 00ee 2449     		ldr	r1, .L13
 289 00f0 081C     		mov	r0, r1
 290 00f2 0C30     		add	r0, r0, #12
 291 00f4 2831     		add	r1, r1, #40
 292 00f6 FFF7FEFF 		bl	cfg_write_bytes32
 293              	.LVL23:
 341:.\Generated_Source\PSoC4/cyfitter_cfg.c **** 
 342:.\Generated_Source\PSoC4/cyfitter_cfg.c **** 		/* HSIOM Starting address: CYDEV_HSIOM_BASE */
 343:.\Generated_Source\PSoC4/cyfitter_cfg.c **** 		CY_SET_XTND_REG32((void CYFAR *)(CYDEV_HSIOM_BASE), 0x00990333u);
 294              		.loc 1 343 0
 295 00fa 224A     		ldr	r2, .L13+4
 296 00fc 224B     		ldr	r3, .L13+8
 297 00fe 1A60     		str	r2, [r3]
 344:.\Generated_Source\PSoC4/cyfitter_cfg.c **** 		CY_SET_XTND_REG32((void CYFAR *)(CYREG_HSIOM_PORT_SEL3), 0x0000EE00u);
 298              		.loc 1 344 0
 299 0100 EE22     		mov	r2, #238
 300 0102 1202     		lsl	r2, r2, #8
 301 0104 214B     		ldr	r3, .L13+12
 302 0106 1A60     		str	r2, [r3]
 345:.\Generated_Source\PSoC4/cyfitter_cfg.c **** 		CY_SET_XTND_REG32((void CYFAR *)(CYREG_HSIOM_PORT_SEL4), 0x000000EEu);
 303              		.loc 1 345 0
 304 0108 EE22     		mov	r2, #238
 305 010a 214B     		ldr	r3, .L13+16
 306 010c 1A60     		str	r2, [r3]
 346:.\Generated_Source\PSoC4/cyfitter_cfg.c **** 
 347:.\Generated_Source\PSoC4/cyfitter_cfg.c **** 		/* UDB_PA_0 Starting address: CYDEV_UDB_PA0_BASE */
 348:.\Generated_Source\PSoC4/cyfitter_cfg.c **** 		CY_SET_XTND_REG32((void CYFAR *)(CYDEV_UDB_PA0_BASE), 0x00990000u);
 307              		.loc 1 348 0
 308 010e 9923     		mov	r3, #153
 309 0110 1B04     		lsl	r3, r3, #16
 310 0112 204A     		ldr	r2, .L13+20
 311 0114 1360     		str	r3, [r2]
 349:.\Generated_Source\PSoC4/cyfitter_cfg.c **** 		CY_SET_XTND_REG32((void CYFAR *)(CYREG_UDB_PA0_CFG4), 0x80000000u);
 312              		.loc 1 349 0
 313 0116 8021     		mov	r1, #128
 314 0118 0906     		lsl	r1, r1, #24
 315 011a 1F4A     		ldr	r2, .L13+24
 316 011c 1160     		str	r1, [r2]
 350:.\Generated_Source\PSoC4/cyfitter_cfg.c **** 		CY_SET_XTND_REG32((void CYFAR *)(CYREG_UDB_PA0_CFG8), 0x001B0000u);
 317              		.loc 1 350 0
 318 011e D821     		mov	r1, #216
 319 0120 4903     		lsl	r1, r1, #13
 320 0122 1E4A     		ldr	r2, .L13+28
 321 0124 1160     		str	r1, [r2]
 351:.\Generated_Source\PSoC4/cyfitter_cfg.c **** 
 352:.\Generated_Source\PSoC4/cyfitter_cfg.c **** 		/* UDB_PA_3 Starting address: CYDEV_UDB_PA3_BASE */
 353:.\Generated_Source\PSoC4/cyfitter_cfg.c **** 		CY_SET_XTND_REG32((void CYFAR *)(CYDEV_UDB_PA3_BASE), 0x00990000u);
 322              		.loc 1 353 0
 323 0126 1E4A     		ldr	r2, .L13+32
ARM GAS  C:\Users\Chris\AppData\Local\Temp\ccNeEi7E.s 			page 13


 324 0128 1360     		str	r3, [r2]
 354:.\Generated_Source\PSoC4/cyfitter_cfg.c **** 
 355:.\Generated_Source\PSoC4/cyfitter_cfg.c **** 		/* Enable digital routing */
 356:.\Generated_Source\PSoC4/cyfitter_cfg.c **** 		CY_SET_XTND_REG8((void *)CYREG_UDB_UDBIF_BANK_CTL, CY_GET_XTND_REG8((void *)CYREG_UDB_UDBIF_BANK_
 325              		.loc 1 356 0
 326 012a 1E4B     		ldr	r3, .L13+36
 327 012c 1978     		ldrb	r1, [r3]
 328 012e 0222     		mov	r2, #2
 329 0130 0A43     		orr	r2, r1
 330 0132 1A70     		strb	r2, [r3]
 357:.\Generated_Source\PSoC4/cyfitter_cfg.c **** 
 358:.\Generated_Source\PSoC4/cyfitter_cfg.c **** 		/* Enable UDB array */
 359:.\Generated_Source\PSoC4/cyfitter_cfg.c **** 		CY_SET_XTND_REG8((void *)CYREG_UDB_UDBIF_WAIT_CFG, (uint8)((CY_GET_XTND_REG8((void *)CYREG_UDB_UD
 331              		.loc 1 359 0
 332 0134 1C48     		ldr	r0, .L13+40
 333 0136 0278     		ldrb	r2, [r0]
 334 0138 3C21     		mov	r1, #60
 335 013a 8A43     		bic	r2, r1
 336 013c 2839     		sub	r1, r1, #40
 337 013e 0A43     		orr	r2, r1
 338 0140 0270     		strb	r2, [r0]
 360:.\Generated_Source\PSoC4/cyfitter_cfg.c **** 		CY_SET_XTND_REG8((void *)CYREG_UDB_UDBIF_BANK_CTL, (uint8)(CY_GET_XTND_REG8((void *)CYREG_UDB_UDB
 339              		.loc 1 360 0
 340 0142 1978     		ldrb	r1, [r3]
 341 0144 1622     		mov	r2, #22
 342 0146 0A43     		orr	r2, r1
 343 0148 1A70     		strb	r2, [r3]
 344              	.LBE3:
 361:.\Generated_Source\PSoC4/cyfitter_cfg.c **** 	}
 362:.\Generated_Source\PSoC4/cyfitter_cfg.c **** 
 363:.\Generated_Source\PSoC4/cyfitter_cfg.c **** 	/* Perform second pass device configuration. These items must be configured in specific order afte
 364:.\Generated_Source\PSoC4/cyfitter_cfg.c **** 	/* IOPINS0_0 Starting address: CYDEV_PRT0_BASE */
 365:.\Generated_Source\PSoC4/cyfitter_cfg.c **** 	CY_SET_XTND_REG32((void CYFAR *)(CYDEV_PRT0_BASE), 0x000000A7u);
 345              		.loc 1 365 0
 346 014a A722     		mov	r2, #167
 347 014c 174B     		ldr	r3, .L13+44
 348 014e 1A60     		str	r2, [r3]
 366:.\Generated_Source\PSoC4/cyfitter_cfg.c **** 	CY_SET_XTND_REG32((void CYFAR *)(CYREG_PRT0_PC), 0x006311B6u);
 349              		.loc 1 366 0
 350 0150 174A     		ldr	r2, .L13+48
 351 0152 184B     		ldr	r3, .L13+52
 352 0154 1A60     		str	r2, [r3]
 367:.\Generated_Source\PSoC4/cyfitter_cfg.c **** 	CY_SET_XTND_REG32((void CYFAR *)(CYREG_PRT0_INTCFG), 0x00008000u);
 353              		.loc 1 367 0
 354 0156 8022     		mov	r2, #128
 355 0158 1202     		lsl	r2, r2, #8
 356 015a 174B     		ldr	r3, .L13+56
 357 015c 1A60     		str	r2, [r3]
 368:.\Generated_Source\PSoC4/cyfitter_cfg.c **** 	CY_SET_XTND_REG32((void CYFAR *)(CYREG_PRT0_PC2), 0x00000020u);
 358              		.loc 1 368 0
 359 015e 2022     		mov	r2, #32
 360 0160 164B     		ldr	r3, .L13+60
 361 0162 1A60     		str	r2, [r3]
 369:.\Generated_Source\PSoC4/cyfitter_cfg.c **** 
 370:.\Generated_Source\PSoC4/cyfitter_cfg.c **** 	/* IOPINS0_3 Starting address: CYDEV_PRT3_BASE */
 371:.\Generated_Source\PSoC4/cyfitter_cfg.c **** 	CY_SET_XTND_REG32((void CYFAR *)(CYREG_PRT3_PC), 0x00000D80u);
 362              		.loc 1 371 0
ARM GAS  C:\Users\Chris\AppData\Local\Temp\ccNeEi7E.s 			page 14


 363 0164 D822     		mov	r2, #216
 364 0166 1201     		lsl	r2, r2, #4
 365 0168 154B     		ldr	r3, .L13+64
 366 016a 1A60     		str	r2, [r3]
 372:.\Generated_Source\PSoC4/cyfitter_cfg.c **** 
 373:.\Generated_Source\PSoC4/cyfitter_cfg.c **** 	/* IOPINS0_4 Starting address: CYDEV_PRT4_BASE */
 374:.\Generated_Source\PSoC4/cyfitter_cfg.c **** 	CY_SET_XTND_REG32((void CYFAR *)(CYDEV_PRT4_BASE), 0x00000003u);
 367              		.loc 1 374 0
 368 016c 0322     		mov	r2, #3
 369 016e 154B     		ldr	r3, .L13+68
 370 0170 1A60     		str	r2, [r3]
 375:.\Generated_Source\PSoC4/cyfitter_cfg.c **** 	CY_SET_XTND_REG32((void CYFAR *)(CYREG_PRT4_PC), 0x00000024u);
 371              		.loc 1 375 0
 372 0172 2132     		add	r2, r2, #33
 373 0174 144B     		ldr	r3, .L13+72
 374 0176 1A60     		str	r2, [r3]
 376:.\Generated_Source\PSoC4/cyfitter_cfg.c **** 
 377:.\Generated_Source\PSoC4/cyfitter_cfg.c **** 
 378:.\Generated_Source\PSoC4/cyfitter_cfg.c **** 	/* Setup clocks based on selections from Clock DWR */
 379:.\Generated_Source\PSoC4/cyfitter_cfg.c **** 	ClockSetup();
 375              		.loc 1 379 0
 376 0178 FFF742FF 		bl	ClockSetup
 377              	.LVL24:
 380:.\Generated_Source\PSoC4/cyfitter_cfg.c **** 
 381:.\Generated_Source\PSoC4/cyfitter_cfg.c **** 	/* Perform basic analog initialization to defaults */
 382:.\Generated_Source\PSoC4/cyfitter_cfg.c **** 	AnalogSetDefault();
 383:.\Generated_Source\PSoC4/cyfitter_cfg.c **** 
 384:.\Generated_Source\PSoC4/cyfitter_cfg.c **** }
 378              		.loc 1 384 0
 379              		@ sp needed
 380              	.LVL25:
 381 017c 10BD     		pop	{r4, pc}
 382              	.L14:
 383 017e C046     		.align	2
 384              	.L13:
 385 0180 00000000 		.word	.LANCHOR0
 386 0184 33039900 		.word	10027827
 387 0188 00000140 		.word	1073807360
 388 018c 0C000140 		.word	1073807372
 389 0190 10000140 		.word	1073807376
 390 0194 00500F40 		.word	1074745344
 391 0198 04500F40 		.word	1074745348
 392 019c 08500F40 		.word	1074745352
 393 01a0 30500F40 		.word	1074745392
 394 01a4 00700F40 		.word	1074753536
 395 01a8 01700F40 		.word	1074753537
 396 01ac 00000440 		.word	1074003968
 397 01b0 B6116300 		.word	6492598
 398 01b4 08000440 		.word	1074003976
 399 01b8 0C000440 		.word	1074003980
 400 01bc 18000440 		.word	1074003992
 401 01c0 08030440 		.word	1074004744
 402 01c4 00040440 		.word	1074004992
 403 01c8 08040440 		.word	1074005000
 404              		.cfi_endproc
 405              	.LFE6:
 406              		.size	cyfitter_cfg, .-cyfitter_cfg
ARM GAS  C:\Users\Chris\AppData\Local\Temp\ccNeEi7E.s 			page 15


 407              		.section	.rodata
 408              		.align	2
 409              		.set	.LANCHOR0,. + 0
 410              		.type	cfg_memset_list.4746, %object
 411              		.size	cfg_memset_list.4746, 12
 412              	cfg_memset_list.4746:
 413 0000 00300F40 		.word	1074737152
 414 0004 0004     		.short	1024
 415 0006 00400F40 		.4byte	1074741248
 416 000a 0004     		.short	1024
 417              		.type	cy_cfg_addr_table.4740, %object
 418              		.size	cy_cfg_addr_table.4740, 28
 419              	cy_cfg_addr_table.4740:
 420 000c 01310F40 		.word	1074737409
 421 0010 02330F40 		.word	1074737922
 422 0014 07400F40 		.word	1074741255
 423 0018 03410F40 		.word	1074741507
 424 001c 01420F40 		.word	1074741761
 425 0020 0A430F40 		.word	1074742026
 426 0024 02600F40 		.word	1074749442
 427              		.type	cy_cfg_data_table.4741, %object
 428              		.size	cy_cfg_data_table.4741, 52
 429              	cy_cfg_data_table.4741:
 430 0028 E6       		.byte	-26
 431 0029 02       		.byte	2
 432 002a E6       		.byte	-26
 433 002b 20       		.byte	32
 434 002c EA       		.byte	-22
 435 002d 10       		.byte	16
 436 002e 56       		.byte	86
 437 002f 80       		.byte	-128
 438 0030 5A       		.byte	90
 439 0031 80       		.byte	-128
 440 0032 5E       		.byte	94
 441 0033 80       		.byte	-128
 442 0034 86       		.byte	-122
 443 0035 40       		.byte	64
 444 0036 D4       		.byte	-44
 445 0037 C0       		.byte	-64
 446 0038 D6       		.byte	-42
 447 0039 20       		.byte	32
 448 003a E6       		.byte	-26
 449 003b 40       		.byte	64
 450 003c 8A       		.byte	-118
 451 003d 80       		.byte	-128
 452 003e 9E       		.byte	-98
 453 003f 80       		.byte	-128
 454 0040 B6       		.byte	-74
 455 0041 40       		.byte	64
 456 0042 87       		.byte	-121
 457 0043 10       		.byte	16
 458 0044 18       		.byte	24
 459 0045 08       		.byte	8
 460 0046 1C       		.byte	28
 461 0047 80       		.byte	-128
 462 0048 1F       		.byte	31
 463 0049 10       		.byte	16
ARM GAS  C:\Users\Chris\AppData\Local\Temp\ccNeEi7E.s 			page 16


 464 004a 88       		.byte	-120
 465 004b 40       		.byte	64
 466 004c 94       		.byte	-108
 467 004d 08       		.byte	8
 468 004e 97       		.byte	-105
 469 004f 20       		.byte	32
 470 0050 B4       		.byte	-76
 471 0051 04       		.byte	4
 472 0052 C6       		.byte	-58
 473 0053 07       		.byte	7
 474 0054 E6       		.byte	-26
 475 0055 04       		.byte	4
 476 0056 EA       		.byte	-22
 477 0057 08       		.byte	8
 478 0058 02       		.byte	2
 479 0059 01       		.byte	1
 480 005a 11       		.byte	17
 481 005b 01       		.byte	1
 482              		.text
 483              	.Letext0:
 484              		.file 2 "c:\\program files (x86)\\cypress\\psoc creator\\3.3\\psoc creator\\import\\gnu\\arm\\4.9.
 485              		.file 3 ".\\Generated_Source\\PSoC4\\cytypes.h"
 486              		.file 4 ".\\Generated_Source\\PSoC4\\CyLib.h"
 487              		.section	.debug_info,"",%progbits
 488              	.Ldebug_info0:
 489 0000 B9030000 		.4byte	0x3b9
 490 0004 0400     		.2byte	0x4
 491 0006 00000000 		.4byte	.Ldebug_abbrev0
 492 000a 04       		.byte	0x4
 493 000b 01       		.uleb128 0x1
 494 000c AA010000 		.4byte	.LASF38
 495 0010 01       		.byte	0x1
 496 0011 6F010000 		.4byte	.LASF39
 497 0015 49020000 		.4byte	.LASF40
 498 0019 00000000 		.4byte	.Ldebug_ranges0+0
 499 001d 00000000 		.4byte	0
 500 0021 00000000 		.4byte	.Ldebug_line0
 501 0025 02       		.uleb128 0x2
 502 0026 04       		.byte	0x4
 503 0027 05       		.byte	0x5
 504 0028 696E7400 		.ascii	"int\000"
 505 002c 03       		.uleb128 0x3
 506 002d 06000000 		.4byte	.LASF11
 507 0031 02       		.byte	0x2
 508 0032 D4       		.byte	0xd4
 509 0033 37000000 		.4byte	0x37
 510 0037 04       		.uleb128 0x4
 511 0038 04       		.byte	0x4
 512 0039 07       		.byte	0x7
 513 003a 0A010000 		.4byte	.LASF0
 514 003e 04       		.uleb128 0x4
 515 003f 01       		.byte	0x1
 516 0040 06       		.byte	0x6
 517 0041 A5020000 		.4byte	.LASF1
 518 0045 04       		.uleb128 0x4
 519 0046 01       		.byte	0x1
 520 0047 08       		.byte	0x8
ARM GAS  C:\Users\Chris\AppData\Local\Temp\ccNeEi7E.s 			page 17


 521 0048 AC000000 		.4byte	.LASF2
 522 004c 04       		.uleb128 0x4
 523 004d 02       		.byte	0x2
 524 004e 05       		.byte	0x5
 525 004f 3F020000 		.4byte	.LASF3
 526 0053 04       		.uleb128 0x4
 527 0054 02       		.byte	0x2
 528 0055 07       		.byte	0x7
 529 0056 B1020000 		.4byte	.LASF4
 530 005a 04       		.uleb128 0x4
 531 005b 04       		.byte	0x4
 532 005c 05       		.byte	0x5
 533 005d 9C020000 		.4byte	.LASF5
 534 0061 04       		.uleb128 0x4
 535 0062 04       		.byte	0x4
 536 0063 07       		.byte	0x7
 537 0064 8A000000 		.4byte	.LASF6
 538 0068 04       		.uleb128 0x4
 539 0069 08       		.byte	0x8
 540 006a 05       		.byte	0x5
 541 006b 97010000 		.4byte	.LASF7
 542 006f 04       		.uleb128 0x4
 543 0070 08       		.byte	0x8
 544 0071 07       		.byte	0x7
 545 0072 2C010000 		.4byte	.LASF8
 546 0076 04       		.uleb128 0x4
 547 0077 04       		.byte	0x4
 548 0078 07       		.byte	0x7
 549 0079 66010000 		.4byte	.LASF9
 550 007d 05       		.uleb128 0x5
 551 007e 04       		.byte	0x4
 552 007f 06       		.uleb128 0x6
 553 0080 04       		.byte	0x4
 554 0081 85000000 		.4byte	0x85
 555 0085 07       		.uleb128 0x7
 556 0086 04       		.uleb128 0x4
 557 0087 01       		.byte	0x1
 558 0088 08       		.byte	0x8
 559 0089 A5010000 		.4byte	.LASF10
 560 008d 08       		.uleb128 0x8
 561 008e 9C000000 		.4byte	.LASF12
 562 0092 03       		.byte	0x3
 563 0093 9801     		.2byte	0x198
 564 0095 45000000 		.4byte	0x45
 565 0099 08       		.uleb128 0x8
 566 009a F1000000 		.4byte	.LASF13
 567 009e 03       		.byte	0x3
 568 009f 9901     		.2byte	0x199
 569 00a1 53000000 		.4byte	0x53
 570 00a5 08       		.uleb128 0x8
 571 00a6 03010000 		.4byte	.LASF14
 572 00aa 03       		.byte	0x3
 573 00ab 9A01     		.2byte	0x19a
 574 00ad 61000000 		.4byte	0x61
 575 00b1 04       		.uleb128 0x4
 576 00b2 04       		.byte	0x4
 577 00b3 04       		.byte	0x4
ARM GAS  C:\Users\Chris\AppData\Local\Temp\ccNeEi7E.s 			page 18


 578 00b4 6A000000 		.4byte	.LASF15
 579 00b8 04       		.uleb128 0x4
 580 00b9 08       		.byte	0x8
 581 00ba 04       		.byte	0x4
 582 00bb C1000000 		.4byte	.LASF16
 583 00bf 08       		.uleb128 0x8
 584 00c0 85000000 		.4byte	.LASF17
 585 00c4 03       		.byte	0x3
 586 00c5 4202     		.2byte	0x242
 587 00c7 CB000000 		.4byte	0xcb
 588 00cb 09       		.uleb128 0x9
 589 00cc 8D000000 		.4byte	0x8d
 590 00d0 08       		.uleb128 0x8
 591 00d1 00000000 		.4byte	.LASF18
 592 00d5 03       		.byte	0x3
 593 00d6 4402     		.2byte	0x244
 594 00d8 DC000000 		.4byte	0xdc
 595 00dc 09       		.uleb128 0x9
 596 00dd A5000000 		.4byte	0xa5
 597 00e1 08       		.uleb128 0x8
 598 00e2 43010000 		.4byte	.LASF19
 599 00e6 03       		.byte	0x3
 600 00e7 5402     		.2byte	0x254
 601 00e9 7F000000 		.4byte	0x7f
 602 00ed 0A       		.uleb128 0xa
 603 00ee 02       		.byte	0x2
 604 00ef 01       		.byte	0x1
 605 00f0 7F       		.byte	0x7f
 606 00f1 0E010000 		.4byte	0x10e
 607 00f5 0B       		.uleb128 0xb
 608 00f6 38020000 		.4byte	.LASF20
 609 00fa 01       		.byte	0x1
 610 00fb 81       		.byte	0x81
 611 00fc 8D000000 		.4byte	0x8d
 612 0100 00       		.byte	0
 613 0101 0B       		.uleb128 0xb
 614 0102 1C000000 		.4byte	.LASF21
 615 0106 01       		.byte	0x1
 616 0107 82       		.byte	0x82
 617 0108 8D000000 		.4byte	0x8d
 618 010c 01       		.byte	0x1
 619 010d 00       		.byte	0
 620 010e 03       		.uleb128 0x3
 621 010f 57000000 		.4byte	.LASF22
 622 0113 01       		.byte	0x1
 623 0114 83       		.byte	0x83
 624 0115 ED000000 		.4byte	0xed
 625 0119 0C       		.uleb128 0xc
 626 011a C8000000 		.4byte	.LASF27
 627 011e 01       		.byte	0x1
 628 011f 96       		.byte	0x96
 629 0120 00000000 		.4byte	.LFB3
 630 0124 32000000 		.4byte	.LFE3-.LFB3
 631 0128 01       		.uleb128 0x1
 632 0129 9C       		.byte	0x9c
 633 012a 8B010000 		.4byte	0x18b
 634 012e 0D       		.uleb128 0xd
ARM GAS  C:\Users\Chris\AppData\Local\Temp\ccNeEi7E.s 			page 19


 635 012f E6000000 		.4byte	.LASF23
 636 0133 01       		.byte	0x1
 637 0134 96       		.byte	0x96
 638 0135 8B010000 		.4byte	0x18b
 639 0139 01       		.uleb128 0x1
 640 013a 50       		.byte	0x50
 641 013b 0D       		.uleb128 0xd
 642 013c F8000000 		.4byte	.LASF24
 643 0140 01       		.byte	0x1
 644 0141 96       		.byte	0x96
 645 0142 96010000 		.4byte	0x196
 646 0146 01       		.uleb128 0x1
 647 0147 51       		.byte	0x51
 648 0148 0E       		.uleb128 0xe
 649 0149 6900     		.ascii	"i\000"
 650 014b 01       		.byte	0x1
 651 014c 99       		.byte	0x99
 652 014d A5000000 		.4byte	0xa5
 653 0151 00000000 		.4byte	.LLST0
 654 0155 0E       		.uleb128 0xe
 655 0156 6A00     		.ascii	"j\000"
 656 0158 01       		.byte	0x1
 657 0159 99       		.byte	0x99
 658 015a A5000000 		.4byte	0xa5
 659 015e 1F000000 		.4byte	.LLST1
 660 0162 0F       		.uleb128 0xf
 661 0163 08000000 		.4byte	.LBB2
 662 0167 22000000 		.4byte	.LBE2-.LBB2
 663 016b 10       		.uleb128 0x10
 664 016c 5D010000 		.4byte	.LASF25
 665 0170 01       		.byte	0x1
 666 0171 9C       		.byte	0x9c
 667 0172 A5000000 		.4byte	0xa5
 668 0176 3E000000 		.4byte	.LLST2
 669 017a 10       		.uleb128 0x10
 670 017b 22000000 		.4byte	.LASF26
 671 017f 01       		.byte	0x1
 672 0180 9D       		.byte	0x9d
 673 0181 8D000000 		.4byte	0x8d
 674 0185 51000000 		.4byte	.LLST3
 675 0189 00       		.byte	0
 676 018a 00       		.byte	0
 677 018b 06       		.uleb128 0x6
 678 018c 04       		.byte	0x4
 679 018d 91010000 		.4byte	0x191
 680 0191 11       		.uleb128 0x11
 681 0192 A5000000 		.4byte	0xa5
 682 0196 06       		.uleb128 0x6
 683 0197 04       		.byte	0x4
 684 0198 9C010000 		.4byte	0x19c
 685 019c 11       		.uleb128 0x11
 686 019d 0E010000 		.4byte	0x10e
 687 01a1 0C       		.uleb128 0xc
 688 01a2 A2000000 		.4byte	.LASF28
 689 01a6 01       		.byte	0x1
 690 01a7 3D       		.byte	0x3d
 691 01a8 00000000 		.4byte	.LFB0
ARM GAS  C:\Users\Chris\AppData\Local\Temp\ccNeEi7E.s 			page 20


 692 01ac 0C000000 		.4byte	.LFE0-.LFB0
 693 01b0 01       		.uleb128 0x1
 694 01b1 9C       		.byte	0x9c
 695 01b2 EE010000 		.4byte	0x1ee
 696 01b6 12       		.uleb128 0x12
 697 01b7 7300     		.ascii	"s\000"
 698 01b9 01       		.byte	0x1
 699 01ba 3D       		.byte	0x3d
 700 01bb 7D000000 		.4byte	0x7d
 701 01bf 6F000000 		.4byte	.LLST4
 702 01c3 12       		.uleb128 0x12
 703 01c4 6E00     		.ascii	"n\000"
 704 01c6 01       		.byte	0x1
 705 01c7 3D       		.byte	0x3d
 706 01c8 2C000000 		.4byte	0x2c
 707 01cc 90000000 		.4byte	.LLST5
 708 01d0 13       		.uleb128 0x13
 709 01d1 0A000000 		.4byte	.LVL14
 710 01d5 67030000 		.4byte	0x367
 711 01d9 14       		.uleb128 0x14
 712 01da 01       		.uleb128 0x1
 713 01db 52       		.byte	0x52
 714 01dc 03       		.uleb128 0x3
 715 01dd F3       		.byte	0xf3
 716 01de 01       		.uleb128 0x1
 717 01df 51       		.byte	0x51
 718 01e0 14       		.uleb128 0x14
 719 01e1 01       		.uleb128 0x1
 720 01e2 51       		.byte	0x51
 721 01e3 01       		.uleb128 0x1
 722 01e4 30       		.byte	0x30
 723 01e5 14       		.uleb128 0x14
 724 01e6 01       		.uleb128 0x1
 725 01e7 50       		.byte	0x50
 726 01e8 03       		.uleb128 0x3
 727 01e9 F3       		.byte	0xf3
 728 01ea 01       		.uleb128 0x1
 729 01eb 50       		.byte	0x50
 730 01ec 00       		.byte	0
 731 01ed 00       		.byte	0
 732 01ee 0C       		.uleb128 0xc
 733 01ef 28000000 		.4byte	.LASF29
 734 01f3 01       		.byte	0x1
 735 01f4 BB       		.byte	0xbb
 736 01f5 00000000 		.4byte	.LFB4
 737 01f9 C0000000 		.4byte	.LFE4-.LFB4
 738 01fd 01       		.uleb128 0x1
 739 01fe 9C       		.byte	0x9c
 740 01ff 39020000 		.4byte	0x239
 741 0203 15       		.uleb128 0x15
 742 0204 14000000 		.4byte	.LVL15
 743 0208 84030000 		.4byte	0x384
 744 020c 16020000 		.4byte	0x216
 745 0210 14       		.uleb128 0x14
 746 0211 01       		.uleb128 0x1
 747 0212 50       		.byte	0x50
 748 0213 01       		.uleb128 0x1
ARM GAS  C:\Users\Chris\AppData\Local\Temp\ccNeEi7E.s 			page 21


 749 0214 48       		.byte	0x48
 750 0215 00       		.byte	0
 751 0216 15       		.uleb128 0x15
 752 0217 66000000 		.4byte	.LVL16
 753 021b 95030000 		.4byte	0x395
 754 021f 29020000 		.4byte	0x229
 755 0223 14       		.uleb128 0x14
 756 0224 01       		.uleb128 0x1
 757 0225 50       		.byte	0x50
 758 0226 01       		.uleb128 0x1
 759 0227 39       		.byte	0x39
 760 0228 00       		.byte	0
 761 0229 13       		.uleb128 0x13
 762 022a 6C000000 		.4byte	.LVL17
 763 022e AF030000 		.4byte	0x3af
 764 0232 14       		.uleb128 0x14
 765 0233 01       		.uleb128 0x1
 766 0234 50       		.byte	0x50
 767 0235 01       		.uleb128 0x1
 768 0236 39       		.byte	0x39
 769 0237 00       		.byte	0
 770 0238 00       		.byte	0
 771 0239 16       		.uleb128 0x16
 772 023a 17010000 		.4byte	.LASF41
 773 023e 01       		.byte	0x1
 774 023f 1101     		.2byte	0x111
 775 0241 C0000000 		.4byte	.LFB6
 776 0245 0C010000 		.4byte	.LFE6-.LFB6
 777 0249 01       		.uleb128 0x1
 778 024a 9C       		.byte	0x9c
 779 024b 3D030000 		.4byte	0x33d
 780 024f 17       		.uleb128 0x17
 781 0250 C4000000 		.4byte	.LBB3
 782 0254 86000000 		.4byte	.LBE3-.LBB3
 783 0258 33030000 		.4byte	0x333
 784 025c 18       		.uleb128 0x18
 785 025d 33000000 		.4byte	.LASF30
 786 0261 01       		.byte	0x1
 787 0262 1701     		.2byte	0x117
 788 0264 4D030000 		.4byte	0x34d
 789 0268 05       		.uleb128 0x5
 790 0269 03       		.byte	0x3
 791 026a 0C000000 		.4byte	cy_cfg_addr_table.4740
 792 026e 18       		.uleb128 0x18
 793 026f 45000000 		.4byte	.LASF31
 794 0273 01       		.byte	0x1
 795 0274 2101     		.2byte	0x121
 796 0276 62030000 		.4byte	0x362
 797 027a 05       		.uleb128 0x5
 798 027b 03       		.byte	0x3
 799 027c 28000000 		.4byte	cy_cfg_data_table.4741
 800 0280 19       		.uleb128 0x19
 801 0281 06       		.byte	0x6
 802 0282 01       		.byte	0x1
 803 0283 4001     		.2byte	0x140
 804 0285 A4020000 		.4byte	0x2a4
 805 0289 1A       		.uleb128 0x1a
ARM GAS  C:\Users\Chris\AppData\Local\Temp\ccNeEi7E.s 			page 22


 806 028a 24010000 		.4byte	.LASF32
 807 028e 01       		.byte	0x1
 808 028f 4101     		.2byte	0x141
 809 0291 7D000000 		.4byte	0x7d
 810 0295 00       		.byte	0
 811 0296 1A       		.uleb128 0x1a
 812 0297 80000000 		.4byte	.LASF33
 813 029b 01       		.byte	0x1
 814 029c 4201     		.2byte	0x142
 815 029e 99000000 		.4byte	0x99
 816 02a2 04       		.byte	0x4
 817 02a3 00       		.byte	0
 818 02a4 08       		.uleb128 0x8
 819 02a5 50010000 		.4byte	.LASF34
 820 02a9 01       		.byte	0x1
 821 02aa 4301     		.2byte	0x143
 822 02ac 80020000 		.4byte	0x280
 823 02b0 1B       		.uleb128 0x1b
 824 02b1 A4020000 		.4byte	0x2a4
 825 02b5 C0020000 		.4byte	0x2c0
 826 02b9 1C       		.uleb128 0x1c
 827 02ba 76000000 		.4byte	0x76
 828 02be 01       		.byte	0x1
 829 02bf 00       		.byte	0
 830 02c0 18       		.uleb128 0x18
 831 02c1 70000000 		.4byte	.LASF35
 832 02c5 01       		.byte	0x1
 833 02c6 4501     		.2byte	0x145
 834 02c8 D2020000 		.4byte	0x2d2
 835 02cc 05       		.uleb128 0x5
 836 02cd 03       		.byte	0x3
 837 02ce 00000000 		.4byte	cfg_memset_list.4746
 838 02d2 11       		.uleb128 0x11
 839 02d3 B0020000 		.4byte	0x2b0
 840 02d7 1D       		.uleb128 0x1d
 841 02d8 6900     		.ascii	"i\000"
 842 02da 01       		.byte	0x1
 843 02db 4B01     		.2byte	0x14b
 844 02dd 8D000000 		.4byte	0x8d
 845 02e1 BC000000 		.4byte	.LLST6
 846 02e5 17       		.uleb128 0x17
 847 02e6 C8000000 		.4byte	.LBB4
 848 02ea 1E000000 		.4byte	.LBE4-.LBB4
 849 02ee 16030000 		.4byte	0x316
 850 02f2 1D       		.uleb128 0x1d
 851 02f3 6D7300   		.ascii	"ms\000"
 852 02f6 01       		.byte	0x1
 853 02f7 5001     		.2byte	0x150
 854 02f9 01030000 		.4byte	0x301
 855 02fd E6000000 		.4byte	.LLST7
 856 0301 06       		.uleb128 0x6
 857 0302 04       		.byte	0x4
 858 0303 07030000 		.4byte	0x307
 859 0307 11       		.uleb128 0x11
 860 0308 A4020000 		.4byte	0x2a4
 861 030c 1E       		.uleb128 0x1e
 862 030d E6000000 		.4byte	.LVL20
ARM GAS  C:\Users\Chris\AppData\Local\Temp\ccNeEi7E.s 			page 23


 863 0311 A1010000 		.4byte	0x1a1
 864 0315 00       		.byte	0
 865 0316 13       		.uleb128 0x13
 866 0317 FA000000 		.4byte	.LVL23
 867 031b 19010000 		.4byte	0x119
 868 031f 14       		.uleb128 0x14
 869 0320 01       		.uleb128 0x1
 870 0321 51       		.byte	0x51
 871 0322 05       		.uleb128 0x5
 872 0323 03       		.byte	0x3
 873 0324 28000000 		.4byte	.LANCHOR0+40
 874 0328 14       		.uleb128 0x14
 875 0329 01       		.uleb128 0x1
 876 032a 50       		.byte	0x50
 877 032b 05       		.uleb128 0x5
 878 032c 03       		.byte	0x3
 879 032d 0C000000 		.4byte	.LANCHOR0+12
 880 0331 00       		.byte	0
 881 0332 00       		.byte	0
 882 0333 1E       		.uleb128 0x1e
 883 0334 7C010000 		.4byte	.LVL24
 884 0338 EE010000 		.4byte	0x1ee
 885 033c 00       		.byte	0
 886 033d 1B       		.uleb128 0x1b
 887 033e A5000000 		.4byte	0xa5
 888 0342 4D030000 		.4byte	0x34d
 889 0346 1C       		.uleb128 0x1c
 890 0347 76000000 		.4byte	0x76
 891 034b 06       		.byte	0x6
 892 034c 00       		.byte	0
 893 034d 11       		.uleb128 0x11
 894 034e 3D030000 		.4byte	0x33d
 895 0352 1B       		.uleb128 0x1b
 896 0353 0E010000 		.4byte	0x10e
 897 0357 62030000 		.4byte	0x362
 898 035b 1C       		.uleb128 0x1c
 899 035c 76000000 		.4byte	0x76
 900 0360 19       		.byte	0x19
 901 0361 00       		.byte	0
 902 0362 11       		.uleb128 0x11
 903 0363 52030000 		.4byte	0x352
 904 0367 1F       		.uleb128 0x1f
 905 0368 BA000000 		.4byte	.LASF36
 906 036c 7D000000 		.4byte	0x7d
 907 0370 84030000 		.4byte	0x384
 908 0374 20       		.uleb128 0x20
 909 0375 7D000000 		.4byte	0x7d
 910 0379 20       		.uleb128 0x20
 911 037a 25000000 		.4byte	0x25
 912 037e 20       		.uleb128 0x20
 913 037f 76000000 		.4byte	0x76
 914 0383 00       		.byte	0
 915 0384 21       		.uleb128 0x21
 916 0385 87020000 		.4byte	.LASF37
 917 0389 04       		.byte	0x4
 918 038a 6C       		.byte	0x6c
 919 038b 95030000 		.4byte	0x395
ARM GAS  C:\Users\Chris\AppData\Local\Temp\ccNeEi7E.s 			page 24


 920 038f 20       		.uleb128 0x20
 921 0390 A5000000 		.4byte	0xa5
 922 0394 00       		.byte	0
 923 0395 22       		.uleb128 0x22
 924 0396 0D000000 		.4byte	.LASF42
 925 039a 04       		.byte	0x4
 926 039b BB       		.byte	0xbb
 927 039c E1000000 		.4byte	0xe1
 928 03a0 AF030000 		.4byte	0x3af
 929 03a4 20       		.uleb128 0x20
 930 03a5 8D000000 		.4byte	0x8d
 931 03a9 20       		.uleb128 0x20
 932 03aa E1000000 		.4byte	0xe1
 933 03ae 00       		.byte	0
 934 03af 23       		.uleb128 0x23
 935 03b0 DA000000 		.4byte	.LASF43
 936 03b4 04       		.byte	0x4
 937 03b5 C1       		.byte	0xc1
 938 03b6 20       		.uleb128 0x20
 939 03b7 8D000000 		.4byte	0x8d
 940 03bb 00       		.byte	0
 941 03bc 00       		.byte	0
 942              		.section	.debug_abbrev,"",%progbits
 943              	.Ldebug_abbrev0:
 944 0000 01       		.uleb128 0x1
 945 0001 11       		.uleb128 0x11
 946 0002 01       		.byte	0x1
 947 0003 25       		.uleb128 0x25
 948 0004 0E       		.uleb128 0xe
 949 0005 13       		.uleb128 0x13
 950 0006 0B       		.uleb128 0xb
 951 0007 03       		.uleb128 0x3
 952 0008 0E       		.uleb128 0xe
 953 0009 1B       		.uleb128 0x1b
 954 000a 0E       		.uleb128 0xe
 955 000b 55       		.uleb128 0x55
 956 000c 17       		.uleb128 0x17
 957 000d 11       		.uleb128 0x11
 958 000e 01       		.uleb128 0x1
 959 000f 10       		.uleb128 0x10
 960 0010 17       		.uleb128 0x17
 961 0011 00       		.byte	0
 962 0012 00       		.byte	0
 963 0013 02       		.uleb128 0x2
 964 0014 24       		.uleb128 0x24
 965 0015 00       		.byte	0
 966 0016 0B       		.uleb128 0xb
 967 0017 0B       		.uleb128 0xb
 968 0018 3E       		.uleb128 0x3e
 969 0019 0B       		.uleb128 0xb
 970 001a 03       		.uleb128 0x3
 971 001b 08       		.uleb128 0x8
 972 001c 00       		.byte	0
 973 001d 00       		.byte	0
 974 001e 03       		.uleb128 0x3
 975 001f 16       		.uleb128 0x16
 976 0020 00       		.byte	0
ARM GAS  C:\Users\Chris\AppData\Local\Temp\ccNeEi7E.s 			page 25


 977 0021 03       		.uleb128 0x3
 978 0022 0E       		.uleb128 0xe
 979 0023 3A       		.uleb128 0x3a
 980 0024 0B       		.uleb128 0xb
 981 0025 3B       		.uleb128 0x3b
 982 0026 0B       		.uleb128 0xb
 983 0027 49       		.uleb128 0x49
 984 0028 13       		.uleb128 0x13
 985 0029 00       		.byte	0
 986 002a 00       		.byte	0
 987 002b 04       		.uleb128 0x4
 988 002c 24       		.uleb128 0x24
 989 002d 00       		.byte	0
 990 002e 0B       		.uleb128 0xb
 991 002f 0B       		.uleb128 0xb
 992 0030 3E       		.uleb128 0x3e
 993 0031 0B       		.uleb128 0xb
 994 0032 03       		.uleb128 0x3
 995 0033 0E       		.uleb128 0xe
 996 0034 00       		.byte	0
 997 0035 00       		.byte	0
 998 0036 05       		.uleb128 0x5
 999 0037 0F       		.uleb128 0xf
 1000 0038 00       		.byte	0
 1001 0039 0B       		.uleb128 0xb
 1002 003a 0B       		.uleb128 0xb
 1003 003b 00       		.byte	0
 1004 003c 00       		.byte	0
 1005 003d 06       		.uleb128 0x6
 1006 003e 0F       		.uleb128 0xf
 1007 003f 00       		.byte	0
 1008 0040 0B       		.uleb128 0xb
 1009 0041 0B       		.uleb128 0xb
 1010 0042 49       		.uleb128 0x49
 1011 0043 13       		.uleb128 0x13
 1012 0044 00       		.byte	0
 1013 0045 00       		.byte	0
 1014 0046 07       		.uleb128 0x7
 1015 0047 15       		.uleb128 0x15
 1016 0048 00       		.byte	0
 1017 0049 27       		.uleb128 0x27
 1018 004a 19       		.uleb128 0x19
 1019 004b 00       		.byte	0
 1020 004c 00       		.byte	0
 1021 004d 08       		.uleb128 0x8
 1022 004e 16       		.uleb128 0x16
 1023 004f 00       		.byte	0
 1024 0050 03       		.uleb128 0x3
 1025 0051 0E       		.uleb128 0xe
 1026 0052 3A       		.uleb128 0x3a
 1027 0053 0B       		.uleb128 0xb
 1028 0054 3B       		.uleb128 0x3b
 1029 0055 05       		.uleb128 0x5
 1030 0056 49       		.uleb128 0x49
 1031 0057 13       		.uleb128 0x13
 1032 0058 00       		.byte	0
 1033 0059 00       		.byte	0
ARM GAS  C:\Users\Chris\AppData\Local\Temp\ccNeEi7E.s 			page 26


 1034 005a 09       		.uleb128 0x9
 1035 005b 35       		.uleb128 0x35
 1036 005c 00       		.byte	0
 1037 005d 49       		.uleb128 0x49
 1038 005e 13       		.uleb128 0x13
 1039 005f 00       		.byte	0
 1040 0060 00       		.byte	0
 1041 0061 0A       		.uleb128 0xa
 1042 0062 13       		.uleb128 0x13
 1043 0063 01       		.byte	0x1
 1044 0064 0B       		.uleb128 0xb
 1045 0065 0B       		.uleb128 0xb
 1046 0066 3A       		.uleb128 0x3a
 1047 0067 0B       		.uleb128 0xb
 1048 0068 3B       		.uleb128 0x3b
 1049 0069 0B       		.uleb128 0xb
 1050 006a 01       		.uleb128 0x1
 1051 006b 13       		.uleb128 0x13
 1052 006c 00       		.byte	0
 1053 006d 00       		.byte	0
 1054 006e 0B       		.uleb128 0xb
 1055 006f 0D       		.uleb128 0xd
 1056 0070 00       		.byte	0
 1057 0071 03       		.uleb128 0x3
 1058 0072 0E       		.uleb128 0xe
 1059 0073 3A       		.uleb128 0x3a
 1060 0074 0B       		.uleb128 0xb
 1061 0075 3B       		.uleb128 0x3b
 1062 0076 0B       		.uleb128 0xb
 1063 0077 49       		.uleb128 0x49
 1064 0078 13       		.uleb128 0x13
 1065 0079 38       		.uleb128 0x38
 1066 007a 0B       		.uleb128 0xb
 1067 007b 00       		.byte	0
 1068 007c 00       		.byte	0
 1069 007d 0C       		.uleb128 0xc
 1070 007e 2E       		.uleb128 0x2e
 1071 007f 01       		.byte	0x1
 1072 0080 03       		.uleb128 0x3
 1073 0081 0E       		.uleb128 0xe
 1074 0082 3A       		.uleb128 0x3a
 1075 0083 0B       		.uleb128 0xb
 1076 0084 3B       		.uleb128 0x3b
 1077 0085 0B       		.uleb128 0xb
 1078 0086 27       		.uleb128 0x27
 1079 0087 19       		.uleb128 0x19
 1080 0088 11       		.uleb128 0x11
 1081 0089 01       		.uleb128 0x1
 1082 008a 12       		.uleb128 0x12
 1083 008b 06       		.uleb128 0x6
 1084 008c 40       		.uleb128 0x40
 1085 008d 18       		.uleb128 0x18
 1086 008e 9742     		.uleb128 0x2117
 1087 0090 19       		.uleb128 0x19
 1088 0091 01       		.uleb128 0x1
 1089 0092 13       		.uleb128 0x13
 1090 0093 00       		.byte	0
ARM GAS  C:\Users\Chris\AppData\Local\Temp\ccNeEi7E.s 			page 27


 1091 0094 00       		.byte	0
 1092 0095 0D       		.uleb128 0xd
 1093 0096 05       		.uleb128 0x5
 1094 0097 00       		.byte	0
 1095 0098 03       		.uleb128 0x3
 1096 0099 0E       		.uleb128 0xe
 1097 009a 3A       		.uleb128 0x3a
 1098 009b 0B       		.uleb128 0xb
 1099 009c 3B       		.uleb128 0x3b
 1100 009d 0B       		.uleb128 0xb
 1101 009e 49       		.uleb128 0x49
 1102 009f 13       		.uleb128 0x13
 1103 00a0 02       		.uleb128 0x2
 1104 00a1 18       		.uleb128 0x18
 1105 00a2 00       		.byte	0
 1106 00a3 00       		.byte	0
 1107 00a4 0E       		.uleb128 0xe
 1108 00a5 34       		.uleb128 0x34
 1109 00a6 00       		.byte	0
 1110 00a7 03       		.uleb128 0x3
 1111 00a8 08       		.uleb128 0x8
 1112 00a9 3A       		.uleb128 0x3a
 1113 00aa 0B       		.uleb128 0xb
 1114 00ab 3B       		.uleb128 0x3b
 1115 00ac 0B       		.uleb128 0xb
 1116 00ad 49       		.uleb128 0x49
 1117 00ae 13       		.uleb128 0x13
 1118 00af 02       		.uleb128 0x2
 1119 00b0 17       		.uleb128 0x17
 1120 00b1 00       		.byte	0
 1121 00b2 00       		.byte	0
 1122 00b3 0F       		.uleb128 0xf
 1123 00b4 0B       		.uleb128 0xb
 1124 00b5 01       		.byte	0x1
 1125 00b6 11       		.uleb128 0x11
 1126 00b7 01       		.uleb128 0x1
 1127 00b8 12       		.uleb128 0x12
 1128 00b9 06       		.uleb128 0x6
 1129 00ba 00       		.byte	0
 1130 00bb 00       		.byte	0
 1131 00bc 10       		.uleb128 0x10
 1132 00bd 34       		.uleb128 0x34
 1133 00be 00       		.byte	0
 1134 00bf 03       		.uleb128 0x3
 1135 00c0 0E       		.uleb128 0xe
 1136 00c1 3A       		.uleb128 0x3a
 1137 00c2 0B       		.uleb128 0xb
 1138 00c3 3B       		.uleb128 0x3b
 1139 00c4 0B       		.uleb128 0xb
 1140 00c5 49       		.uleb128 0x49
 1141 00c6 13       		.uleb128 0x13
 1142 00c7 02       		.uleb128 0x2
 1143 00c8 17       		.uleb128 0x17
 1144 00c9 00       		.byte	0
 1145 00ca 00       		.byte	0
 1146 00cb 11       		.uleb128 0x11
 1147 00cc 26       		.uleb128 0x26
ARM GAS  C:\Users\Chris\AppData\Local\Temp\ccNeEi7E.s 			page 28


 1148 00cd 00       		.byte	0
 1149 00ce 49       		.uleb128 0x49
 1150 00cf 13       		.uleb128 0x13
 1151 00d0 00       		.byte	0
 1152 00d1 00       		.byte	0
 1153 00d2 12       		.uleb128 0x12
 1154 00d3 05       		.uleb128 0x5
 1155 00d4 00       		.byte	0
 1156 00d5 03       		.uleb128 0x3
 1157 00d6 08       		.uleb128 0x8
 1158 00d7 3A       		.uleb128 0x3a
 1159 00d8 0B       		.uleb128 0xb
 1160 00d9 3B       		.uleb128 0x3b
 1161 00da 0B       		.uleb128 0xb
 1162 00db 49       		.uleb128 0x49
 1163 00dc 13       		.uleb128 0x13
 1164 00dd 02       		.uleb128 0x2
 1165 00de 17       		.uleb128 0x17
 1166 00df 00       		.byte	0
 1167 00e0 00       		.byte	0
 1168 00e1 13       		.uleb128 0x13
 1169 00e2 898201   		.uleb128 0x4109
 1170 00e5 01       		.byte	0x1
 1171 00e6 11       		.uleb128 0x11
 1172 00e7 01       		.uleb128 0x1
 1173 00e8 31       		.uleb128 0x31
 1174 00e9 13       		.uleb128 0x13
 1175 00ea 00       		.byte	0
 1176 00eb 00       		.byte	0
 1177 00ec 14       		.uleb128 0x14
 1178 00ed 8A8201   		.uleb128 0x410a
 1179 00f0 00       		.byte	0
 1180 00f1 02       		.uleb128 0x2
 1181 00f2 18       		.uleb128 0x18
 1182 00f3 9142     		.uleb128 0x2111
 1183 00f5 18       		.uleb128 0x18
 1184 00f6 00       		.byte	0
 1185 00f7 00       		.byte	0
 1186 00f8 15       		.uleb128 0x15
 1187 00f9 898201   		.uleb128 0x4109
 1188 00fc 01       		.byte	0x1
 1189 00fd 11       		.uleb128 0x11
 1190 00fe 01       		.uleb128 0x1
 1191 00ff 31       		.uleb128 0x31
 1192 0100 13       		.uleb128 0x13
 1193 0101 01       		.uleb128 0x1
 1194 0102 13       		.uleb128 0x13
 1195 0103 00       		.byte	0
 1196 0104 00       		.byte	0
 1197 0105 16       		.uleb128 0x16
 1198 0106 2E       		.uleb128 0x2e
 1199 0107 01       		.byte	0x1
 1200 0108 3F       		.uleb128 0x3f
 1201 0109 19       		.uleb128 0x19
 1202 010a 03       		.uleb128 0x3
 1203 010b 0E       		.uleb128 0xe
 1204 010c 3A       		.uleb128 0x3a
ARM GAS  C:\Users\Chris\AppData\Local\Temp\ccNeEi7E.s 			page 29


 1205 010d 0B       		.uleb128 0xb
 1206 010e 3B       		.uleb128 0x3b
 1207 010f 05       		.uleb128 0x5
 1208 0110 27       		.uleb128 0x27
 1209 0111 19       		.uleb128 0x19
 1210 0112 11       		.uleb128 0x11
 1211 0113 01       		.uleb128 0x1
 1212 0114 12       		.uleb128 0x12
 1213 0115 06       		.uleb128 0x6
 1214 0116 40       		.uleb128 0x40
 1215 0117 18       		.uleb128 0x18
 1216 0118 9742     		.uleb128 0x2117
 1217 011a 19       		.uleb128 0x19
 1218 011b 01       		.uleb128 0x1
 1219 011c 13       		.uleb128 0x13
 1220 011d 00       		.byte	0
 1221 011e 00       		.byte	0
 1222 011f 17       		.uleb128 0x17
 1223 0120 0B       		.uleb128 0xb
 1224 0121 01       		.byte	0x1
 1225 0122 11       		.uleb128 0x11
 1226 0123 01       		.uleb128 0x1
 1227 0124 12       		.uleb128 0x12
 1228 0125 06       		.uleb128 0x6
 1229 0126 01       		.uleb128 0x1
 1230 0127 13       		.uleb128 0x13
 1231 0128 00       		.byte	0
 1232 0129 00       		.byte	0
 1233 012a 18       		.uleb128 0x18
 1234 012b 34       		.uleb128 0x34
 1235 012c 00       		.byte	0
 1236 012d 03       		.uleb128 0x3
 1237 012e 0E       		.uleb128 0xe
 1238 012f 3A       		.uleb128 0x3a
 1239 0130 0B       		.uleb128 0xb
 1240 0131 3B       		.uleb128 0x3b
 1241 0132 05       		.uleb128 0x5
 1242 0133 49       		.uleb128 0x49
 1243 0134 13       		.uleb128 0x13
 1244 0135 02       		.uleb128 0x2
 1245 0136 18       		.uleb128 0x18
 1246 0137 00       		.byte	0
 1247 0138 00       		.byte	0
 1248 0139 19       		.uleb128 0x19
 1249 013a 13       		.uleb128 0x13
 1250 013b 01       		.byte	0x1
 1251 013c 0B       		.uleb128 0xb
 1252 013d 0B       		.uleb128 0xb
 1253 013e 3A       		.uleb128 0x3a
 1254 013f 0B       		.uleb128 0xb
 1255 0140 3B       		.uleb128 0x3b
 1256 0141 05       		.uleb128 0x5
 1257 0142 01       		.uleb128 0x1
 1258 0143 13       		.uleb128 0x13
 1259 0144 00       		.byte	0
 1260 0145 00       		.byte	0
 1261 0146 1A       		.uleb128 0x1a
ARM GAS  C:\Users\Chris\AppData\Local\Temp\ccNeEi7E.s 			page 30


 1262 0147 0D       		.uleb128 0xd
 1263 0148 00       		.byte	0
 1264 0149 03       		.uleb128 0x3
 1265 014a 0E       		.uleb128 0xe
 1266 014b 3A       		.uleb128 0x3a
 1267 014c 0B       		.uleb128 0xb
 1268 014d 3B       		.uleb128 0x3b
 1269 014e 05       		.uleb128 0x5
 1270 014f 49       		.uleb128 0x49
 1271 0150 13       		.uleb128 0x13
 1272 0151 38       		.uleb128 0x38
 1273 0152 0B       		.uleb128 0xb
 1274 0153 00       		.byte	0
 1275 0154 00       		.byte	0
 1276 0155 1B       		.uleb128 0x1b
 1277 0156 01       		.uleb128 0x1
 1278 0157 01       		.byte	0x1
 1279 0158 49       		.uleb128 0x49
 1280 0159 13       		.uleb128 0x13
 1281 015a 01       		.uleb128 0x1
 1282 015b 13       		.uleb128 0x13
 1283 015c 00       		.byte	0
 1284 015d 00       		.byte	0
 1285 015e 1C       		.uleb128 0x1c
 1286 015f 21       		.uleb128 0x21
 1287 0160 00       		.byte	0
 1288 0161 49       		.uleb128 0x49
 1289 0162 13       		.uleb128 0x13
 1290 0163 2F       		.uleb128 0x2f
 1291 0164 0B       		.uleb128 0xb
 1292 0165 00       		.byte	0
 1293 0166 00       		.byte	0
 1294 0167 1D       		.uleb128 0x1d
 1295 0168 34       		.uleb128 0x34
 1296 0169 00       		.byte	0
 1297 016a 03       		.uleb128 0x3
 1298 016b 08       		.uleb128 0x8
 1299 016c 3A       		.uleb128 0x3a
 1300 016d 0B       		.uleb128 0xb
 1301 016e 3B       		.uleb128 0x3b
 1302 016f 05       		.uleb128 0x5
 1303 0170 49       		.uleb128 0x49
 1304 0171 13       		.uleb128 0x13
 1305 0172 02       		.uleb128 0x2
 1306 0173 17       		.uleb128 0x17
 1307 0174 00       		.byte	0
 1308 0175 00       		.byte	0
 1309 0176 1E       		.uleb128 0x1e
 1310 0177 898201   		.uleb128 0x4109
 1311 017a 00       		.byte	0
 1312 017b 11       		.uleb128 0x11
 1313 017c 01       		.uleb128 0x1
 1314 017d 31       		.uleb128 0x31
 1315 017e 13       		.uleb128 0x13
 1316 017f 00       		.byte	0
 1317 0180 00       		.byte	0
 1318 0181 1F       		.uleb128 0x1f
ARM GAS  C:\Users\Chris\AppData\Local\Temp\ccNeEi7E.s 			page 31


 1319 0182 2E       		.uleb128 0x2e
 1320 0183 01       		.byte	0x1
 1321 0184 3F       		.uleb128 0x3f
 1322 0185 19       		.uleb128 0x19
 1323 0186 03       		.uleb128 0x3
 1324 0187 0E       		.uleb128 0xe
 1325 0188 27       		.uleb128 0x27
 1326 0189 19       		.uleb128 0x19
 1327 018a 49       		.uleb128 0x49
 1328 018b 13       		.uleb128 0x13
 1329 018c 34       		.uleb128 0x34
 1330 018d 19       		.uleb128 0x19
 1331 018e 3C       		.uleb128 0x3c
 1332 018f 19       		.uleb128 0x19
 1333 0190 01       		.uleb128 0x1
 1334 0191 13       		.uleb128 0x13
 1335 0192 00       		.byte	0
 1336 0193 00       		.byte	0
 1337 0194 20       		.uleb128 0x20
 1338 0195 05       		.uleb128 0x5
 1339 0196 00       		.byte	0
 1340 0197 49       		.uleb128 0x49
 1341 0198 13       		.uleb128 0x13
 1342 0199 00       		.byte	0
 1343 019a 00       		.byte	0
 1344 019b 21       		.uleb128 0x21
 1345 019c 2E       		.uleb128 0x2e
 1346 019d 01       		.byte	0x1
 1347 019e 3F       		.uleb128 0x3f
 1348 019f 19       		.uleb128 0x19
 1349 01a0 03       		.uleb128 0x3
 1350 01a1 0E       		.uleb128 0xe
 1351 01a2 3A       		.uleb128 0x3a
 1352 01a3 0B       		.uleb128 0xb
 1353 01a4 3B       		.uleb128 0x3b
 1354 01a5 0B       		.uleb128 0xb
 1355 01a6 27       		.uleb128 0x27
 1356 01a7 19       		.uleb128 0x19
 1357 01a8 3C       		.uleb128 0x3c
 1358 01a9 19       		.uleb128 0x19
 1359 01aa 01       		.uleb128 0x1
 1360 01ab 13       		.uleb128 0x13
 1361 01ac 00       		.byte	0
 1362 01ad 00       		.byte	0
 1363 01ae 22       		.uleb128 0x22
 1364 01af 2E       		.uleb128 0x2e
 1365 01b0 01       		.byte	0x1
 1366 01b1 3F       		.uleb128 0x3f
 1367 01b2 19       		.uleb128 0x19
 1368 01b3 03       		.uleb128 0x3
 1369 01b4 0E       		.uleb128 0xe
 1370 01b5 3A       		.uleb128 0x3a
 1371 01b6 0B       		.uleb128 0xb
 1372 01b7 3B       		.uleb128 0x3b
 1373 01b8 0B       		.uleb128 0xb
 1374 01b9 27       		.uleb128 0x27
 1375 01ba 19       		.uleb128 0x19
ARM GAS  C:\Users\Chris\AppData\Local\Temp\ccNeEi7E.s 			page 32


 1376 01bb 49       		.uleb128 0x49
 1377 01bc 13       		.uleb128 0x13
 1378 01bd 3C       		.uleb128 0x3c
 1379 01be 19       		.uleb128 0x19
 1380 01bf 01       		.uleb128 0x1
 1381 01c0 13       		.uleb128 0x13
 1382 01c1 00       		.byte	0
 1383 01c2 00       		.byte	0
 1384 01c3 23       		.uleb128 0x23
 1385 01c4 2E       		.uleb128 0x2e
 1386 01c5 01       		.byte	0x1
 1387 01c6 3F       		.uleb128 0x3f
 1388 01c7 19       		.uleb128 0x19
 1389 01c8 03       		.uleb128 0x3
 1390 01c9 0E       		.uleb128 0xe
 1391 01ca 3A       		.uleb128 0x3a
 1392 01cb 0B       		.uleb128 0xb
 1393 01cc 3B       		.uleb128 0x3b
 1394 01cd 0B       		.uleb128 0xb
 1395 01ce 27       		.uleb128 0x27
 1396 01cf 19       		.uleb128 0x19
 1397 01d0 3C       		.uleb128 0x3c
 1398 01d1 19       		.uleb128 0x19
 1399 01d2 00       		.byte	0
 1400 01d3 00       		.byte	0
 1401 01d4 00       		.byte	0
 1402              		.section	.debug_loc,"",%progbits
 1403              	.Ldebug_loc0:
 1404              	.LLST0:
 1405 0000 02000000 		.4byte	.LVL1
 1406 0004 08000000 		.4byte	.LVL2
 1407 0008 0200     		.2byte	0x2
 1408 000a 30       		.byte	0x30
 1409 000b 9F       		.byte	0x9f
 1410 000c 08000000 		.4byte	.LVL2
 1411 0010 30000000 		.4byte	.LVL11
 1412 0014 0100     		.2byte	0x1
 1413 0016 57       		.byte	0x57
 1414 0017 00000000 		.4byte	0
 1415 001b 00000000 		.4byte	0
 1416              	.LLST1:
 1417 001f 02000000 		.4byte	.LVL1
 1418 0023 08000000 		.4byte	.LVL2
 1419 0027 0200     		.2byte	0x2
 1420 0029 30       		.byte	0x30
 1421 002a 9F       		.byte	0x9f
 1422 002b 08000000 		.4byte	.LVL2
 1423 002f 30000000 		.4byte	.LVL10
 1424 0033 0100     		.2byte	0x1
 1425 0035 55       		.byte	0x55
 1426 0036 00000000 		.4byte	0
 1427 003a 00000000 		.4byte	0
 1428              	.LLST2:
 1429 003e 0C000000 		.4byte	.LVL3
 1430 0042 2C000000 		.4byte	.LVL9
 1431 0046 0100     		.2byte	0x1
 1432 0048 56       		.byte	0x56
ARM GAS  C:\Users\Chris\AppData\Local\Temp\ccNeEi7E.s 			page 33


 1433 0049 00000000 		.4byte	0
 1434 004d 00000000 		.4byte	0
 1435              	.LLST3:
 1436 0051 0E000000 		.4byte	.LVL4
 1437 0055 24000000 		.4byte	.LVL7
 1438 0059 0100     		.2byte	0x1
 1439 005b 53       		.byte	0x53
 1440 005c 26000000 		.4byte	.LVL8
 1441 0060 2C000000 		.4byte	.LVL9
 1442 0064 0100     		.2byte	0x1
 1443 0066 53       		.byte	0x53
 1444 0067 00000000 		.4byte	0
 1445 006b 00000000 		.4byte	0
 1446              	.LLST4:
 1447 006f 00000000 		.4byte	.LVL12
 1448 0073 09000000 		.4byte	.LVL14-1
 1449 0077 0100     		.2byte	0x1
 1450 0079 50       		.byte	0x50
 1451 007a 09000000 		.4byte	.LVL14-1
 1452 007e 0C000000 		.4byte	.LFE0
 1453 0082 0400     		.2byte	0x4
 1454 0084 F3       		.byte	0xf3
 1455 0085 01       		.uleb128 0x1
 1456 0086 50       		.byte	0x50
 1457 0087 9F       		.byte	0x9f
 1458 0088 00000000 		.4byte	0
 1459 008c 00000000 		.4byte	0
 1460              	.LLST5:
 1461 0090 00000000 		.4byte	.LVL12
 1462 0094 06000000 		.4byte	.LVL13
 1463 0098 0100     		.2byte	0x1
 1464 009a 51       		.byte	0x51
 1465 009b 06000000 		.4byte	.LVL13
 1466 009f 09000000 		.4byte	.LVL14-1
 1467 00a3 0100     		.2byte	0x1
 1468 00a5 52       		.byte	0x52
 1469 00a6 09000000 		.4byte	.LVL14-1
 1470 00aa 0C000000 		.4byte	.LFE0
 1471 00ae 0400     		.2byte	0x4
 1472 00b0 F3       		.byte	0xf3
 1473 00b1 01       		.uleb128 0x1
 1474 00b2 51       		.byte	0x51
 1475 00b3 9F       		.byte	0x9f
 1476 00b4 00000000 		.4byte	0
 1477 00b8 00000000 		.4byte	0
 1478              	.LLST6:
 1479 00bc C4000000 		.4byte	.LVL18
 1480 00c0 C8000000 		.4byte	.LVL19
 1481 00c4 0200     		.2byte	0x2
 1482 00c6 30       		.byte	0x30
 1483 00c7 9F       		.byte	0x9f
 1484 00c8 C8000000 		.4byte	.LVL19
 1485 00cc E8000000 		.4byte	.LVL21
 1486 00d0 0100     		.2byte	0x1
 1487 00d2 54       		.byte	0x54
 1488 00d3 EA000000 		.4byte	.LVL22
 1489 00d7 7C010000 		.4byte	.LVL25
ARM GAS  C:\Users\Chris\AppData\Local\Temp\ccNeEi7E.s 			page 34


 1490 00db 0100     		.2byte	0x1
 1491 00dd 54       		.byte	0x54
 1492 00de 00000000 		.4byte	0
 1493 00e2 00000000 		.4byte	0
 1494              	.LLST7:
 1495 00e6 C8000000 		.4byte	.LVL19
 1496 00ea E8000000 		.4byte	.LVL21
 1497 00ee 0B00     		.2byte	0xb
 1498 00f0 74       		.byte	0x74
 1499 00f1 00       		.sleb128 0
 1500 00f2 36       		.byte	0x36
 1501 00f3 1E       		.byte	0x1e
 1502 00f4 03       		.byte	0x3
 1503 00f5 00000000 		.4byte	cfg_memset_list.4746
 1504 00f9 22       		.byte	0x22
 1505 00fa 9F       		.byte	0x9f
 1506 00fb E8000000 		.4byte	.LVL21
 1507 00ff EA000000 		.4byte	.LVL22
 1508 0103 0B00     		.2byte	0xb
 1509 0105 74       		.byte	0x74
 1510 0106 7F       		.sleb128 -1
 1511 0107 36       		.byte	0x36
 1512 0108 1E       		.byte	0x1e
 1513 0109 03       		.byte	0x3
 1514 010a 00000000 		.4byte	cfg_memset_list.4746
 1515 010e 22       		.byte	0x22
 1516 010f 9F       		.byte	0x9f
 1517 0110 00000000 		.4byte	0
 1518 0114 00000000 		.4byte	0
 1519              		.section	.debug_aranges,"",%progbits
 1520 0000 34000000 		.4byte	0x34
 1521 0004 0200     		.2byte	0x2
 1522 0006 00000000 		.4byte	.Ldebug_info0
 1523 000a 04       		.byte	0x4
 1524 000b 00       		.byte	0
 1525 000c 0000     		.2byte	0
 1526 000e 0000     		.2byte	0
 1527 0010 00000000 		.4byte	.LFB3
 1528 0014 32000000 		.4byte	.LFE3-.LFB3
 1529 0018 00000000 		.4byte	.LFB0
 1530 001c 0C000000 		.4byte	.LFE0-.LFB0
 1531 0020 00000000 		.4byte	.LFB4
 1532 0024 C0000000 		.4byte	.LFE4-.LFB4
 1533 0028 C0000000 		.4byte	.LFB6
 1534 002c 0C010000 		.4byte	.LFE6-.LFB6
 1535 0030 00000000 		.4byte	0
 1536 0034 00000000 		.4byte	0
 1537              		.section	.debug_ranges,"",%progbits
 1538              	.Ldebug_ranges0:
 1539 0000 00000000 		.4byte	.LFB3
 1540 0004 32000000 		.4byte	.LFE3
 1541 0008 00000000 		.4byte	.LFB0
 1542 000c 0C000000 		.4byte	.LFE0
 1543 0010 00000000 		.4byte	.LFB4
 1544 0014 C0000000 		.4byte	.LFE4
 1545 0018 C0000000 		.4byte	.LFB6
 1546 001c CC010000 		.4byte	.LFE6
ARM GAS  C:\Users\Chris\AppData\Local\Temp\ccNeEi7E.s 			page 35


 1547 0020 00000000 		.4byte	0
 1548 0024 00000000 		.4byte	0
 1549              		.section	.debug_line,"",%progbits
 1550              	.Ldebug_line0:
 1551 0000 69010000 		.section	.debug_str,"MS",%progbits,1
 1551      0200D800 
 1551      00000201 
 1551      FB0E0D00 
 1551      01010101 
 1552              	.LASF18:
 1553 0000 72656733 		.ascii	"reg32\000"
 1553      3200
 1554              	.LASF11:
 1555 0006 73697A65 		.ascii	"size_t\000"
 1555      5F7400
 1556              	.LASF42:
 1557 000d 4379496E 		.ascii	"CyIntSetVector\000"
 1557      74536574 
 1557      56656374 
 1557      6F7200
 1558              	.LASF21:
 1559 001c 76616C75 		.ascii	"value\000"
 1559      6500
 1560              	.LASF26:
 1561 0022 636F756E 		.ascii	"count\000"
 1561      7400
 1562              	.LASF29:
 1563 0028 436C6F63 		.ascii	"ClockSetup\000"
 1563      6B536574 
 1563      757000
 1564              	.LASF30:
 1565 0033 63795F63 		.ascii	"cy_cfg_addr_table\000"
 1565      66675F61 
 1565      6464725F 
 1565      7461626C 
 1565      6500
 1566              	.LASF31:
 1567 0045 63795F63 		.ascii	"cy_cfg_data_table\000"
 1567      66675F64 
 1567      6174615F 
 1567      7461626C 
 1567      6500
 1568              	.LASF22:
 1569 0057 63795F63 		.ascii	"cy_cfg_addrvalue_t\000"
 1569      66675F61 
 1569      64647276 
 1569      616C7565 
 1569      5F7400
 1570              	.LASF15:
 1571 006a 666C6F61 		.ascii	"float\000"
 1571      7400
 1572              	.LASF35:
 1573 0070 6366675F 		.ascii	"cfg_memset_list\000"
 1573      6D656D73 
 1573      65745F6C 
 1573      69737400 
 1574              	.LASF33:
ARM GAS  C:\Users\Chris\AppData\Local\Temp\ccNeEi7E.s 			page 36


 1575 0080 73697A65 		.ascii	"size\000"
 1575      00
 1576              	.LASF17:
 1577 0085 72656738 		.ascii	"reg8\000"
 1577      00
 1578              	.LASF6:
 1579 008a 6C6F6E67 		.ascii	"long unsigned int\000"
 1579      20756E73 
 1579      69676E65 
 1579      6420696E 
 1579      7400
 1580              	.LASF12:
 1581 009c 75696E74 		.ascii	"uint8\000"
 1581      3800
 1582              	.LASF28:
 1583 00a2 43594D45 		.ascii	"CYMEMZERO\000"
 1583      4D5A4552 
 1583      4F00
 1584              	.LASF2:
 1585 00ac 756E7369 		.ascii	"unsigned char\000"
 1585      676E6564 
 1585      20636861 
 1585      7200
 1586              	.LASF36:
 1587 00ba 6D656D73 		.ascii	"memset\000"
 1587      657400
 1588              	.LASF16:
 1589 00c1 646F7562 		.ascii	"double\000"
 1589      6C6500
 1590              	.LASF27:
 1591 00c8 6366675F 		.ascii	"cfg_write_bytes32\000"
 1591      77726974 
 1591      655F6279 
 1591      74657333 
 1591      3200
 1592              	.LASF43:
 1593 00da 4379496E 		.ascii	"CyIntEnable\000"
 1593      74456E61 
 1593      626C6500 
 1594              	.LASF23:
 1595 00e6 61646472 		.ascii	"addr_table\000"
 1595      5F746162 
 1595      6C6500
 1596              	.LASF13:
 1597 00f1 75696E74 		.ascii	"uint16\000"
 1597      313600
 1598              	.LASF24:
 1599 00f8 64617461 		.ascii	"data_table\000"
 1599      5F746162 
 1599      6C6500
 1600              	.LASF14:
 1601 0103 75696E74 		.ascii	"uint32\000"
 1601      333200
 1602              	.LASF0:
 1603 010a 756E7369 		.ascii	"unsigned int\000"
 1603      676E6564 
 1603      20696E74 
ARM GAS  C:\Users\Chris\AppData\Local\Temp\ccNeEi7E.s 			page 37


 1603      00
 1604              	.LASF41:
 1605 0117 63796669 		.ascii	"cyfitter_cfg\000"
 1605      74746572 
 1605      5F636667 
 1605      00
 1606              	.LASF32:
 1607 0124 61646472 		.ascii	"address\000"
 1607      65737300 
 1608              	.LASF8:
 1609 012c 6C6F6E67 		.ascii	"long long unsigned int\000"
 1609      206C6F6E 
 1609      6720756E 
 1609      7369676E 
 1609      65642069 
 1610              	.LASF19:
 1611 0143 63796973 		.ascii	"cyisraddress\000"
 1611      72616464 
 1611      72657373 
 1611      00
 1612              	.LASF34:
 1613 0150 6366675F 		.ascii	"cfg_memset_t\000"
 1613      6D656D73 
 1613      65745F74 
 1613      00
 1614              	.LASF25:
 1615 015d 62617365 		.ascii	"baseAddr\000"
 1615      41646472 
 1615      00
 1616              	.LASF9:
 1617 0166 73697A65 		.ascii	"sizetype\000"
 1617      74797065 
 1617      00
 1618              	.LASF39:
 1619 016f 2E5C4765 		.ascii	".\\Generated_Source\\PSoC4\\cyfitter_cfg.c\000"
 1619      6E657261 
 1619      7465645F 
 1619      536F7572 
 1619      63655C50 
 1620              	.LASF7:
 1621 0197 6C6F6E67 		.ascii	"long long int\000"
 1621      206C6F6E 
 1621      6720696E 
 1621      7400
 1622              	.LASF10:
 1623 01a5 63686172 		.ascii	"char\000"
 1623      00
 1624              	.LASF38:
 1625 01aa 474E5520 		.ascii	"GNU C 4.9.3 20150303 (release) [ARM/embedded-4_9-br"
 1625      4320342E 
 1625      392E3320 
 1625      32303135 
 1625      30333033 
 1626 01dd 616E6368 		.ascii	"anch revision 221220] -mcpu=cortex-m0 -mthumb -g -O"
 1626      20726576 
 1626      6973696F 
 1626      6E203232 
ARM GAS  C:\Users\Chris\AppData\Local\Temp\ccNeEi7E.s 			page 38


 1626      31323230 
 1627 0210 67202D66 		.ascii	"g -ffunction-sections -ffat-lto-objects\000"
 1627      66756E63 
 1627      74696F6E 
 1627      2D736563 
 1627      74696F6E 
 1628              	.LASF20:
 1629 0238 6F666673 		.ascii	"offset\000"
 1629      657400
 1630              	.LASF3:
 1631 023f 73686F72 		.ascii	"short int\000"
 1631      7420696E 
 1631      7400
 1632              	.LASF40:
 1633 0249 433A5C55 		.ascii	"C:\\Users\\Chris\\Desktop\\ECEC 304\\Labs\\Lesson16"
 1633      73657273 
 1633      5C436872 
 1633      69735C44 
 1633      65736B74 
 1634 0276 5F436861 		.ascii	"_Challenge.cydsn\000"
 1634      6C6C656E 
 1634      67652E63 
 1634      7964736E 
 1634      00
 1635              	.LASF37:
 1636 0287 43795379 		.ascii	"CySysClkWriteImoFreq\000"
 1636      73436C6B 
 1636      57726974 
 1636      65496D6F 
 1636      46726571 
 1637              	.LASF5:
 1638 029c 6C6F6E67 		.ascii	"long int\000"
 1638      20696E74 
 1638      00
 1639              	.LASF1:
 1640 02a5 7369676E 		.ascii	"signed char\000"
 1640      65642063 
 1640      68617200 
 1641              	.LASF4:
 1642 02b1 73686F72 		.ascii	"short unsigned int\000"
 1642      7420756E 
 1642      7369676E 
 1642      65642069 
 1642      6E7400
 1643              		.ident	"GCC: (GNU Tools for ARM Embedded Processors) 4.9.3 20150303 (release) [ARM/embedded-4_9-br
