ARM GAS  C:\Users\Chris\AppData\Local\Temp\ccWsfqx8.s 			page 1


   1              		.cpu cortex-m0
   2              		.fpu softvfp
   3              		.eabi_attribute 20, 1
   4              		.eabi_attribute 21, 1
   5              		.eabi_attribute 23, 3
   6              		.eabi_attribute 24, 1
   7              		.eabi_attribute 25, 1
   8              		.eabi_attribute 26, 1
   9              		.eabi_attribute 30, 1
  10              		.eabi_attribute 34, 0
  11              		.eabi_attribute 18, 4
  12              		.code	16
  13              		.file	"I2C_I2C.c"
  14              		.text
  15              	.Ltext0:
  16              		.cfi_sections	.debug_frame
  17              		.section	.text.I2C_I2CInit,"ax",%progbits
  18              		.align	2
  19              		.global	I2C_I2CInit
  20              		.code	16
  21              		.thumb_func
  22              		.type	I2C_I2CInit, %function
  23              	I2C_I2CInit:
  24              	.LFB0:
  25              		.file 1 ".\\Generated_Source\\PSoC4\\I2C_I2C.c"
   1:.\Generated_Source\PSoC4/I2C_I2C.c **** /***************************************************************************//**
   2:.\Generated_Source\PSoC4/I2C_I2C.c **** * \file I2C_I2C.c
   3:.\Generated_Source\PSoC4/I2C_I2C.c **** * \version 3.20
   4:.\Generated_Source\PSoC4/I2C_I2C.c **** *
   5:.\Generated_Source\PSoC4/I2C_I2C.c **** * \brief
   6:.\Generated_Source\PSoC4/I2C_I2C.c **** *  This file provides the source code to the API for the SCB Component in
   7:.\Generated_Source\PSoC4/I2C_I2C.c **** *  I2C mode.
   8:.\Generated_Source\PSoC4/I2C_I2C.c **** *
   9:.\Generated_Source\PSoC4/I2C_I2C.c **** * Note:
  10:.\Generated_Source\PSoC4/I2C_I2C.c **** *
  11:.\Generated_Source\PSoC4/I2C_I2C.c **** *******************************************************************************
  12:.\Generated_Source\PSoC4/I2C_I2C.c **** * \copyright
  13:.\Generated_Source\PSoC4/I2C_I2C.c **** * Copyright 2013-2016, Cypress Semiconductor Corporation.  All rights reserved.
  14:.\Generated_Source\PSoC4/I2C_I2C.c **** * You may use this file only in accordance with the license, terms, conditions,
  15:.\Generated_Source\PSoC4/I2C_I2C.c **** * disclaimers, and limitations in the end user license agreement accompanying
  16:.\Generated_Source\PSoC4/I2C_I2C.c **** * the software package with which this file was provided.
  17:.\Generated_Source\PSoC4/I2C_I2C.c **** *******************************************************************************/
  18:.\Generated_Source\PSoC4/I2C_I2C.c **** 
  19:.\Generated_Source\PSoC4/I2C_I2C.c **** #include "I2C_PVT.h"
  20:.\Generated_Source\PSoC4/I2C_I2C.c **** #include "I2C_I2C_PVT.h"
  21:.\Generated_Source\PSoC4/I2C_I2C.c **** 
  22:.\Generated_Source\PSoC4/I2C_I2C.c **** 
  23:.\Generated_Source\PSoC4/I2C_I2C.c **** /***************************************
  24:.\Generated_Source\PSoC4/I2C_I2C.c **** *      I2C Private Vars
  25:.\Generated_Source\PSoC4/I2C_I2C.c **** ***************************************/
  26:.\Generated_Source\PSoC4/I2C_I2C.c **** 
  27:.\Generated_Source\PSoC4/I2C_I2C.c **** volatile uint8 I2C_state;  /* Current state of I2C FSM */
  28:.\Generated_Source\PSoC4/I2C_I2C.c **** 
  29:.\Generated_Source\PSoC4/I2C_I2C.c **** #if(I2C_SCB_MODE_UNCONFIG_CONST_CFG)
  30:.\Generated_Source\PSoC4/I2C_I2C.c **** 
  31:.\Generated_Source\PSoC4/I2C_I2C.c ****     /***************************************
  32:.\Generated_Source\PSoC4/I2C_I2C.c ****     *  Configuration Structure Initialization
ARM GAS  C:\Users\Chris\AppData\Local\Temp\ccWsfqx8.s 			page 2


  33:.\Generated_Source\PSoC4/I2C_I2C.c ****     ***************************************/
  34:.\Generated_Source\PSoC4/I2C_I2C.c **** 
  35:.\Generated_Source\PSoC4/I2C_I2C.c ****     /* Constant configuration of I2C */
  36:.\Generated_Source\PSoC4/I2C_I2C.c ****     const I2C_I2C_INIT_STRUCT I2C_configI2C =
  37:.\Generated_Source\PSoC4/I2C_I2C.c ****     {
  38:.\Generated_Source\PSoC4/I2C_I2C.c ****         I2C_I2C_MODE,
  39:.\Generated_Source\PSoC4/I2C_I2C.c ****         I2C_I2C_OVS_FACTOR_LOW,
  40:.\Generated_Source\PSoC4/I2C_I2C.c ****         I2C_I2C_OVS_FACTOR_HIGH,
  41:.\Generated_Source\PSoC4/I2C_I2C.c ****         I2C_I2C_MEDIAN_FILTER_ENABLE,
  42:.\Generated_Source\PSoC4/I2C_I2C.c ****         I2C_I2C_SLAVE_ADDRESS,
  43:.\Generated_Source\PSoC4/I2C_I2C.c ****         I2C_I2C_SLAVE_ADDRESS_MASK,
  44:.\Generated_Source\PSoC4/I2C_I2C.c ****         I2C_I2C_ACCEPT_ADDRESS,
  45:.\Generated_Source\PSoC4/I2C_I2C.c ****         I2C_I2C_WAKE_ENABLE,
  46:.\Generated_Source\PSoC4/I2C_I2C.c ****         I2C_I2C_BYTE_MODE_ENABLE,
  47:.\Generated_Source\PSoC4/I2C_I2C.c ****         I2C_I2C_DATA_RATE,
  48:.\Generated_Source\PSoC4/I2C_I2C.c ****         I2C_I2C_ACCEPT_GENERAL_CALL,
  49:.\Generated_Source\PSoC4/I2C_I2C.c ****     };
  50:.\Generated_Source\PSoC4/I2C_I2C.c **** 
  51:.\Generated_Source\PSoC4/I2C_I2C.c ****     /*******************************************************************************
  52:.\Generated_Source\PSoC4/I2C_I2C.c ****     * Function Name: I2C_I2CInit
  53:.\Generated_Source\PSoC4/I2C_I2C.c ****     ****************************************************************************//**
  54:.\Generated_Source\PSoC4/I2C_I2C.c ****     *
  55:.\Generated_Source\PSoC4/I2C_I2C.c ****     *
  56:.\Generated_Source\PSoC4/I2C_I2C.c ****     *  Configures the I2C for I2C operation.
  57:.\Generated_Source\PSoC4/I2C_I2C.c ****     *
  58:.\Generated_Source\PSoC4/I2C_I2C.c ****     *  This function is intended specifically to be used when the I2C 
  59:.\Generated_Source\PSoC4/I2C_I2C.c ****     *  configuration is set to “Unconfigured I2C” in the customizer. 
  60:.\Generated_Source\PSoC4/I2C_I2C.c ****     *  After initializing the I2C in I2C mode using this function, 
  61:.\Generated_Source\PSoC4/I2C_I2C.c ****     *  the component can be enabled using the I2C_Start() or 
  62:.\Generated_Source\PSoC4/I2C_I2C.c ****     * I2C_Enable() function.
  63:.\Generated_Source\PSoC4/I2C_I2C.c ****     *  This function uses a pointer to a structure that provides the configuration 
  64:.\Generated_Source\PSoC4/I2C_I2C.c ****     *  settings. This structure contains the same information that would otherwise 
  65:.\Generated_Source\PSoC4/I2C_I2C.c ****     *  be provided by the customizer settings.
  66:.\Generated_Source\PSoC4/I2C_I2C.c ****     *
  67:.\Generated_Source\PSoC4/I2C_I2C.c ****     *  \param config: pointer to a structure that contains the following list of 
  68:.\Generated_Source\PSoC4/I2C_I2C.c ****     *   fields. These fields match the selections available in the customizer. 
  69:.\Generated_Source\PSoC4/I2C_I2C.c ****     *   Refer to the customizer for further description of the settings.
  70:.\Generated_Source\PSoC4/I2C_I2C.c ****     *
  71:.\Generated_Source\PSoC4/I2C_I2C.c ****     *******************************************************************************/
  72:.\Generated_Source\PSoC4/I2C_I2C.c ****     void I2C_I2CInit(const I2C_I2C_INIT_STRUCT *config)
  73:.\Generated_Source\PSoC4/I2C_I2C.c ****     {
  74:.\Generated_Source\PSoC4/I2C_I2C.c ****         uint32 medianFilter;
  75:.\Generated_Source\PSoC4/I2C_I2C.c ****         uint32 locEnableWake;
  76:.\Generated_Source\PSoC4/I2C_I2C.c **** 
  77:.\Generated_Source\PSoC4/I2C_I2C.c ****         if(NULL == config)
  78:.\Generated_Source\PSoC4/I2C_I2C.c ****         {
  79:.\Generated_Source\PSoC4/I2C_I2C.c ****             CYASSERT(0u != 0u); /* Halt execution due to bad function parameter */
  80:.\Generated_Source\PSoC4/I2C_I2C.c ****         }
  81:.\Generated_Source\PSoC4/I2C_I2C.c ****         else
  82:.\Generated_Source\PSoC4/I2C_I2C.c ****         {
  83:.\Generated_Source\PSoC4/I2C_I2C.c ****             /* Configure pins */
  84:.\Generated_Source\PSoC4/I2C_I2C.c ****             I2C_SetPins(I2C_SCB_MODE_I2C, I2C_DUMMY_PARAM,
  85:.\Generated_Source\PSoC4/I2C_I2C.c ****                                      I2C_DUMMY_PARAM);
  86:.\Generated_Source\PSoC4/I2C_I2C.c **** 
  87:.\Generated_Source\PSoC4/I2C_I2C.c ****             /* Store internal configuration */
  88:.\Generated_Source\PSoC4/I2C_I2C.c ****             I2C_scbMode       = (uint8) I2C_SCB_MODE_I2C;
  89:.\Generated_Source\PSoC4/I2C_I2C.c ****             I2C_scbEnableWake = (uint8) config->enableWake;
ARM GAS  C:\Users\Chris\AppData\Local\Temp\ccWsfqx8.s 			page 3


  90:.\Generated_Source\PSoC4/I2C_I2C.c ****             I2C_scbEnableIntr = (uint8) I2C_SCB_IRQ_INTERNAL;
  91:.\Generated_Source\PSoC4/I2C_I2C.c **** 
  92:.\Generated_Source\PSoC4/I2C_I2C.c ****             I2C_mode          = (uint8) config->mode;
  93:.\Generated_Source\PSoC4/I2C_I2C.c ****             I2C_acceptAddr    = (uint8) config->acceptAddr;
  94:.\Generated_Source\PSoC4/I2C_I2C.c **** 
  95:.\Generated_Source\PSoC4/I2C_I2C.c ****         #if (I2C_CY_SCBIP_V0)
  96:.\Generated_Source\PSoC4/I2C_I2C.c ****             /* Adjust SDA filter settings. Ticket ID#150521 */
  97:.\Generated_Source\PSoC4/I2C_I2C.c ****             I2C_SET_I2C_CFG_SDA_FILT_TRIM(I2C_EC_AM_I2C_CFG_SDA_FILT_TRIM);
  98:.\Generated_Source\PSoC4/I2C_I2C.c ****         #endif /* (I2C_CY_SCBIP_V0) */
  99:.\Generated_Source\PSoC4/I2C_I2C.c **** 
 100:.\Generated_Source\PSoC4/I2C_I2C.c ****             /* Adjust AF and DF filter settings. Ticket ID#176179 */
 101:.\Generated_Source\PSoC4/I2C_I2C.c ****             if (((I2C_I2C_MODE_SLAVE != config->mode) &&
 102:.\Generated_Source\PSoC4/I2C_I2C.c ****                  (config->dataRate <= I2C_I2C_DATA_RATE_FS_MODE_MAX)) ||
 103:.\Generated_Source\PSoC4/I2C_I2C.c ****                  (I2C_I2C_MODE_SLAVE == config->mode))
 104:.\Generated_Source\PSoC4/I2C_I2C.c ****             {
 105:.\Generated_Source\PSoC4/I2C_I2C.c ****                 /* AF = 1, DF = 0 */
 106:.\Generated_Source\PSoC4/I2C_I2C.c ****                 I2C_I2C_CFG_ANALOG_FITER_ENABLE;
 107:.\Generated_Source\PSoC4/I2C_I2C.c ****                 medianFilter = I2C_DIGITAL_FILTER_DISABLE;
 108:.\Generated_Source\PSoC4/I2C_I2C.c ****             }
 109:.\Generated_Source\PSoC4/I2C_I2C.c ****             else
 110:.\Generated_Source\PSoC4/I2C_I2C.c ****             {
 111:.\Generated_Source\PSoC4/I2C_I2C.c ****                 /* AF = 0, DF = 1 */
 112:.\Generated_Source\PSoC4/I2C_I2C.c ****                 I2C_I2C_CFG_ANALOG_FITER_DISABLE;
 113:.\Generated_Source\PSoC4/I2C_I2C.c ****                 medianFilter = I2C_DIGITAL_FILTER_ENABLE;
 114:.\Generated_Source\PSoC4/I2C_I2C.c ****             }
 115:.\Generated_Source\PSoC4/I2C_I2C.c **** 
 116:.\Generated_Source\PSoC4/I2C_I2C.c ****         #if (!I2C_CY_SCBIP_V0)
 117:.\Generated_Source\PSoC4/I2C_I2C.c ****             locEnableWake = (I2C_I2C_MULTI_MASTER_SLAVE) ? (0u) : (config->enableWake);
 118:.\Generated_Source\PSoC4/I2C_I2C.c ****         #else
 119:.\Generated_Source\PSoC4/I2C_I2C.c ****             locEnableWake = config->enableWake;
 120:.\Generated_Source\PSoC4/I2C_I2C.c ****         #endif /* (!I2C_CY_SCBIP_V0) */
 121:.\Generated_Source\PSoC4/I2C_I2C.c **** 
 122:.\Generated_Source\PSoC4/I2C_I2C.c ****             /* Configure I2C interface */
 123:.\Generated_Source\PSoC4/I2C_I2C.c ****             I2C_CTRL_REG     = I2C_GET_CTRL_BYTE_MODE  (config->enableByteMode) |
 124:.\Generated_Source\PSoC4/I2C_I2C.c ****                                             I2C_GET_CTRL_ADDR_ACCEPT(config->acceptAddr)     |
 125:.\Generated_Source\PSoC4/I2C_I2C.c ****                                             I2C_GET_CTRL_EC_AM_MODE (locEnableWake);
 126:.\Generated_Source\PSoC4/I2C_I2C.c **** 
 127:.\Generated_Source\PSoC4/I2C_I2C.c ****             I2C_I2C_CTRL_REG = I2C_GET_I2C_CTRL_HIGH_PHASE_OVS(config->oversampleHigh) |
 128:.\Generated_Source\PSoC4/I2C_I2C.c ****                     I2C_GET_I2C_CTRL_LOW_PHASE_OVS (config->oversampleLow)                         
 129:.\Generated_Source\PSoC4/I2C_I2C.c ****                     I2C_GET_I2C_CTRL_S_GENERAL_IGNORE((uint32)(0u == config->acceptGeneralAddr))   
 130:.\Generated_Source\PSoC4/I2C_I2C.c ****                     I2C_GET_I2C_CTRL_SL_MSTR_MODE  (config->mode);
 131:.\Generated_Source\PSoC4/I2C_I2C.c **** 
 132:.\Generated_Source\PSoC4/I2C_I2C.c ****             /* Configure RX direction */
 133:.\Generated_Source\PSoC4/I2C_I2C.c ****             I2C_RX_CTRL_REG      = I2C_GET_RX_CTRL_MEDIAN(medianFilter) |
 134:.\Generated_Source\PSoC4/I2C_I2C.c ****                                                 I2C_I2C_RX_CTRL;
 135:.\Generated_Source\PSoC4/I2C_I2C.c ****             I2C_RX_FIFO_CTRL_REG = I2C_CLEAR_REG;
 136:.\Generated_Source\PSoC4/I2C_I2C.c **** 
 137:.\Generated_Source\PSoC4/I2C_I2C.c ****             /* Set default address and mask */
 138:.\Generated_Source\PSoC4/I2C_I2C.c ****             I2C_RX_MATCH_REG    = ((I2C_I2C_SLAVE) ?
 139:.\Generated_Source\PSoC4/I2C_I2C.c ****                                                 (I2C_GET_I2C_8BIT_ADDRESS(config->slaveAddr) |
 140:.\Generated_Source\PSoC4/I2C_I2C.c ****                                                  I2C_GET_RX_MATCH_MASK(config->slaveAddrMask)) :
 141:.\Generated_Source\PSoC4/I2C_I2C.c ****                                                 (I2C_CLEAR_REG));
 142:.\Generated_Source\PSoC4/I2C_I2C.c **** 
 143:.\Generated_Source\PSoC4/I2C_I2C.c **** 
 144:.\Generated_Source\PSoC4/I2C_I2C.c ****             /* Configure TX direction */
 145:.\Generated_Source\PSoC4/I2C_I2C.c ****             I2C_TX_CTRL_REG      = I2C_I2C_TX_CTRL;
 146:.\Generated_Source\PSoC4/I2C_I2C.c ****             I2C_TX_FIFO_CTRL_REG = I2C_CLEAR_REG;
ARM GAS  C:\Users\Chris\AppData\Local\Temp\ccWsfqx8.s 			page 4


 147:.\Generated_Source\PSoC4/I2C_I2C.c **** 
 148:.\Generated_Source\PSoC4/I2C_I2C.c ****             /* Configure interrupt with I2C handler but do not enable it */
 149:.\Generated_Source\PSoC4/I2C_I2C.c ****             CyIntDisable    (I2C_ISR_NUMBER);
 150:.\Generated_Source\PSoC4/I2C_I2C.c ****             CyIntSetPriority(I2C_ISR_NUMBER, I2C_ISR_PRIORITY);
 151:.\Generated_Source\PSoC4/I2C_I2C.c ****             (void) CyIntSetVector(I2C_ISR_NUMBER, &I2C_I2C_ISR);
 152:.\Generated_Source\PSoC4/I2C_I2C.c **** 
 153:.\Generated_Source\PSoC4/I2C_I2C.c ****             /* Configure interrupt sources */
 154:.\Generated_Source\PSoC4/I2C_I2C.c ****         #if(!I2C_CY_SCBIP_V1)
 155:.\Generated_Source\PSoC4/I2C_I2C.c ****             I2C_INTR_SPI_EC_MASK_REG = I2C_NO_INTR_SOURCES;
 156:.\Generated_Source\PSoC4/I2C_I2C.c ****         #endif /* (!I2C_CY_SCBIP_V1) */
 157:.\Generated_Source\PSoC4/I2C_I2C.c **** 
 158:.\Generated_Source\PSoC4/I2C_I2C.c ****             I2C_INTR_I2C_EC_MASK_REG = I2C_NO_INTR_SOURCES;
 159:.\Generated_Source\PSoC4/I2C_I2C.c ****             I2C_INTR_RX_MASK_REG     = I2C_NO_INTR_SOURCES;
 160:.\Generated_Source\PSoC4/I2C_I2C.c ****             I2C_INTR_TX_MASK_REG     = I2C_NO_INTR_SOURCES;
 161:.\Generated_Source\PSoC4/I2C_I2C.c **** 
 162:.\Generated_Source\PSoC4/I2C_I2C.c ****             I2C_INTR_SLAVE_MASK_REG  = ((I2C_I2C_SLAVE) ?
 163:.\Generated_Source\PSoC4/I2C_I2C.c ****                             (I2C_GET_INTR_SLAVE_I2C_GENERAL(config->acceptGeneralAddr) |
 164:.\Generated_Source\PSoC4/I2C_I2C.c ****                              I2C_I2C_INTR_SLAVE_MASK) : (I2C_CLEAR_REG));
 165:.\Generated_Source\PSoC4/I2C_I2C.c **** 
 166:.\Generated_Source\PSoC4/I2C_I2C.c ****             I2C_INTR_MASTER_MASK_REG = ((I2C_I2C_MASTER) ?
 167:.\Generated_Source\PSoC4/I2C_I2C.c ****                                                      (I2C_I2C_INTR_MASTER_MASK) :
 168:.\Generated_Source\PSoC4/I2C_I2C.c ****                                                      (I2C_CLEAR_REG));
 169:.\Generated_Source\PSoC4/I2C_I2C.c **** 
 170:.\Generated_Source\PSoC4/I2C_I2C.c ****             /* Configure global variables */
 171:.\Generated_Source\PSoC4/I2C_I2C.c ****             I2C_state = I2C_I2C_FSM_IDLE;
 172:.\Generated_Source\PSoC4/I2C_I2C.c **** 
 173:.\Generated_Source\PSoC4/I2C_I2C.c ****             /* Internal slave variables */
 174:.\Generated_Source\PSoC4/I2C_I2C.c ****             I2C_slStatus        = 0u;
 175:.\Generated_Source\PSoC4/I2C_I2C.c ****             I2C_slRdBufIndex    = 0u;
 176:.\Generated_Source\PSoC4/I2C_I2C.c ****             I2C_slWrBufIndex    = 0u;
 177:.\Generated_Source\PSoC4/I2C_I2C.c ****             I2C_slOverFlowCount = 0u;
 178:.\Generated_Source\PSoC4/I2C_I2C.c **** 
 179:.\Generated_Source\PSoC4/I2C_I2C.c ****             /* Internal master variables */
 180:.\Generated_Source\PSoC4/I2C_I2C.c ****             I2C_mstrStatus     = 0u;
 181:.\Generated_Source\PSoC4/I2C_I2C.c ****             I2C_mstrRdBufIndex = 0u;
 182:.\Generated_Source\PSoC4/I2C_I2C.c ****             I2C_mstrWrBufIndex = 0u;
 183:.\Generated_Source\PSoC4/I2C_I2C.c ****         }
 184:.\Generated_Source\PSoC4/I2C_I2C.c ****     }
 185:.\Generated_Source\PSoC4/I2C_I2C.c **** 
 186:.\Generated_Source\PSoC4/I2C_I2C.c **** #else
 187:.\Generated_Source\PSoC4/I2C_I2C.c **** 
 188:.\Generated_Source\PSoC4/I2C_I2C.c ****     /*******************************************************************************
 189:.\Generated_Source\PSoC4/I2C_I2C.c ****     * Function Name: I2C_I2CInit
 190:.\Generated_Source\PSoC4/I2C_I2C.c ****     ****************************************************************************//**
 191:.\Generated_Source\PSoC4/I2C_I2C.c ****     *
 192:.\Generated_Source\PSoC4/I2C_I2C.c ****     *  Configures the SCB for the I2C operation.
 193:.\Generated_Source\PSoC4/I2C_I2C.c ****     *
 194:.\Generated_Source\PSoC4/I2C_I2C.c ****     *******************************************************************************/
 195:.\Generated_Source\PSoC4/I2C_I2C.c ****     void I2C_I2CInit(void)
 196:.\Generated_Source\PSoC4/I2C_I2C.c ****     {
  26              		.loc 1 196 0
  27              		.cfi_startproc
  28 0000 10B5     		push	{r4, lr}
  29              		.cfi_def_cfa_offset 8
  30              		.cfi_offset 4, -8
  31              		.cfi_offset 14, -4
 197:.\Generated_Source\PSoC4/I2C_I2C.c ****     #if(I2C_CY_SCBIP_V0)
ARM GAS  C:\Users\Chris\AppData\Local\Temp\ccWsfqx8.s 			page 5


 198:.\Generated_Source\PSoC4/I2C_I2C.c ****         /* Adjust SDA filter settings. Ticket ID#150521 */
 199:.\Generated_Source\PSoC4/I2C_I2C.c ****         I2C_SET_I2C_CFG_SDA_FILT_TRIM(I2C_EC_AM_I2C_CFG_SDA_FILT_TRIM);
  32              		.loc 1 199 0
  33 0002 1F4A     		ldr	r2, .L2
  34 0004 1168     		ldr	r1, [r2]
  35 0006 0C23     		mov	r3, #12
  36 0008 0B43     		orr	r3, r1
  37 000a 1360     		str	r3, [r2]
 200:.\Generated_Source\PSoC4/I2C_I2C.c ****     #endif /* (I2C_CY_SCBIP_V0) */
 201:.\Generated_Source\PSoC4/I2C_I2C.c **** 
 202:.\Generated_Source\PSoC4/I2C_I2C.c ****         /* Adjust AF and DF filter settings. Ticket ID#176179 */
 203:.\Generated_Source\PSoC4/I2C_I2C.c ****         I2C_I2C_CFG_ANALOG_FITER_ENABLE_ADJ;
 204:.\Generated_Source\PSoC4/I2C_I2C.c **** 
 205:.\Generated_Source\PSoC4/I2C_I2C.c ****         /* Configure I2C interface */
 206:.\Generated_Source\PSoC4/I2C_I2C.c ****         I2C_CTRL_REG     = I2C_I2C_DEFAULT_CTRL;
  38              		.loc 1 206 0
  39 000c 8022     		mov	r2, #128
  40 000e 5200     		lsl	r2, r2, #1
  41 0010 1C4B     		ldr	r3, .L2+4
  42 0012 1A60     		str	r2, [r3]
 207:.\Generated_Source\PSoC4/I2C_I2C.c ****         I2C_I2C_CTRL_REG = I2C_I2C_DEFAULT_I2C_CTRL;
  43              		.loc 1 207 0
  44 0014 1C4A     		ldr	r2, .L2+8
  45 0016 1D4B     		ldr	r3, .L2+12
  46 0018 1A60     		str	r2, [r3]
 208:.\Generated_Source\PSoC4/I2C_I2C.c **** 
 209:.\Generated_Source\PSoC4/I2C_I2C.c ****         /* Configure RX direction */
 210:.\Generated_Source\PSoC4/I2C_I2C.c ****         I2C_RX_CTRL_REG      = I2C_I2C_DEFAULT_RX_CTRL;
  47              		.loc 1 210 0
  48 001a 1D4B     		ldr	r3, .L2+16
  49 001c 1D4A     		ldr	r2, .L2+20
  50 001e 1360     		str	r3, [r2]
 211:.\Generated_Source\PSoC4/I2C_I2C.c ****         I2C_RX_FIFO_CTRL_REG = I2C_I2C_DEFAULT_RX_FIFO_CTRL;
  51              		.loc 1 211 0
  52 0020 0024     		mov	r4, #0
  53 0022 1D4A     		ldr	r2, .L2+24
  54 0024 1460     		str	r4, [r2]
 212:.\Generated_Source\PSoC4/I2C_I2C.c **** 
 213:.\Generated_Source\PSoC4/I2C_I2C.c ****         /* Set default address and mask */
 214:.\Generated_Source\PSoC4/I2C_I2C.c ****         I2C_RX_MATCH_REG     = I2C_I2C_DEFAULT_RX_MATCH;
  55              		.loc 1 214 0
  56 0026 1D49     		ldr	r1, .L2+28
  57 0028 1D4A     		ldr	r2, .L2+32
  58 002a 1160     		str	r1, [r2]
 215:.\Generated_Source\PSoC4/I2C_I2C.c **** 
 216:.\Generated_Source\PSoC4/I2C_I2C.c ****         /* Configure TX direction */
 217:.\Generated_Source\PSoC4/I2C_I2C.c ****         I2C_TX_CTRL_REG      = I2C_I2C_DEFAULT_TX_CTRL;
  59              		.loc 1 217 0
  60 002c 1D4A     		ldr	r2, .L2+36
  61 002e 1360     		str	r3, [r2]
 218:.\Generated_Source\PSoC4/I2C_I2C.c ****         I2C_TX_FIFO_CTRL_REG = I2C_I2C_DEFAULT_TX_FIFO_CTRL;
  62              		.loc 1 218 0
  63 0030 1D4B     		ldr	r3, .L2+40
  64 0032 1C60     		str	r4, [r3]
 219:.\Generated_Source\PSoC4/I2C_I2C.c **** 
 220:.\Generated_Source\PSoC4/I2C_I2C.c ****         /* Configure interrupt with I2C handler but do not enable it */
 221:.\Generated_Source\PSoC4/I2C_I2C.c ****         CyIntDisable    (I2C_ISR_NUMBER);
ARM GAS  C:\Users\Chris\AppData\Local\Temp\ccWsfqx8.s 			page 6


  65              		.loc 1 221 0
  66 0034 0A20     		mov	r0, #10
  67 0036 FFF7FEFF 		bl	CyIntDisable
  68              	.LVL0:
 222:.\Generated_Source\PSoC4/I2C_I2C.c ****         CyIntSetPriority(I2C_ISR_NUMBER, I2C_ISR_PRIORITY);
  69              		.loc 1 222 0
  70 003a 0A20     		mov	r0, #10
  71 003c 0321     		mov	r1, #3
  72 003e FFF7FEFF 		bl	CyIntSetPriority
  73              	.LVL1:
 223:.\Generated_Source\PSoC4/I2C_I2C.c ****     #if(!I2C_I2C_EXTERN_INTR_HANDLER)
 224:.\Generated_Source\PSoC4/I2C_I2C.c ****         (void) CyIntSetVector(I2C_ISR_NUMBER, &I2C_I2C_ISR);
  74              		.loc 1 224 0
  75 0042 0A20     		mov	r0, #10
  76 0044 1949     		ldr	r1, .L2+44
  77 0046 FFF7FEFF 		bl	CyIntSetVector
  78              	.LVL2:
 225:.\Generated_Source\PSoC4/I2C_I2C.c ****     #endif /* (I2C_I2C_EXTERN_INTR_HANDLER) */
 226:.\Generated_Source\PSoC4/I2C_I2C.c **** 
 227:.\Generated_Source\PSoC4/I2C_I2C.c ****         /* Configure interrupt sources */
 228:.\Generated_Source\PSoC4/I2C_I2C.c ****     #if(!I2C_CY_SCBIP_V1)
 229:.\Generated_Source\PSoC4/I2C_I2C.c ****         I2C_INTR_SPI_EC_MASK_REG = I2C_I2C_DEFAULT_INTR_SPI_EC_MASK;
  79              		.loc 1 229 0
  80 004a 194B     		ldr	r3, .L2+48
  81 004c 1C60     		str	r4, [r3]
 230:.\Generated_Source\PSoC4/I2C_I2C.c ****     #endif /* (!I2C_CY_SCBIP_V1) */
 231:.\Generated_Source\PSoC4/I2C_I2C.c **** 
 232:.\Generated_Source\PSoC4/I2C_I2C.c ****         I2C_INTR_I2C_EC_MASK_REG = I2C_I2C_DEFAULT_INTR_I2C_EC_MASK;
  82              		.loc 1 232 0
  83 004e 194B     		ldr	r3, .L2+52
  84 0050 1C60     		str	r4, [r3]
 233:.\Generated_Source\PSoC4/I2C_I2C.c ****         I2C_INTR_SLAVE_MASK_REG  = I2C_I2C_DEFAULT_INTR_SLAVE_MASK;
  85              		.loc 1 233 0
  86 0052 4C22     		mov	r2, #76
  87 0054 FF32     		add	r2, r2, #255
  88 0056 184B     		ldr	r3, .L2+56
  89 0058 1A60     		str	r2, [r3]
 234:.\Generated_Source\PSoC4/I2C_I2C.c ****         I2C_INTR_MASTER_MASK_REG = I2C_I2C_DEFAULT_INTR_MASTER_MASK;
  90              		.loc 1 234 0
  91 005a 184B     		ldr	r3, .L2+60
  92 005c 1C60     		str	r4, [r3]
 235:.\Generated_Source\PSoC4/I2C_I2C.c ****         I2C_INTR_RX_MASK_REG     = I2C_I2C_DEFAULT_INTR_RX_MASK;
  93              		.loc 1 235 0
  94 005e 184B     		ldr	r3, .L2+64
  95 0060 1C60     		str	r4, [r3]
 236:.\Generated_Source\PSoC4/I2C_I2C.c ****         I2C_INTR_TX_MASK_REG     = I2C_I2C_DEFAULT_INTR_TX_MASK;
  96              		.loc 1 236 0
  97 0062 184B     		ldr	r3, .L2+68
  98 0064 1C60     		str	r4, [r3]
 237:.\Generated_Source\PSoC4/I2C_I2C.c **** 
 238:.\Generated_Source\PSoC4/I2C_I2C.c ****         /* Configure global variables */
 239:.\Generated_Source\PSoC4/I2C_I2C.c ****         I2C_state = I2C_I2C_FSM_IDLE;
  99              		.loc 1 239 0
 100 0066 3C3A     		sub	r2, r2, #60
 101 0068 FF3A     		sub	r2, r2, #255
 102 006a 174B     		ldr	r3, .L2+72
 103 006c 1A70     		strb	r2, [r3]
ARM GAS  C:\Users\Chris\AppData\Local\Temp\ccWsfqx8.s 			page 7


 240:.\Generated_Source\PSoC4/I2C_I2C.c **** 
 241:.\Generated_Source\PSoC4/I2C_I2C.c ****     #if(I2C_I2C_SLAVE)
 242:.\Generated_Source\PSoC4/I2C_I2C.c ****         /* Internal slave variable */
 243:.\Generated_Source\PSoC4/I2C_I2C.c ****         I2C_slStatus        = 0u;
 104              		.loc 1 243 0
 105 006e 174B     		ldr	r3, .L2+76
 106 0070 1C70     		strb	r4, [r3]
 244:.\Generated_Source\PSoC4/I2C_I2C.c ****         I2C_slRdBufIndex    = 0u;
 107              		.loc 1 244 0
 108 0072 174B     		ldr	r3, .L2+80
 109 0074 1C60     		str	r4, [r3]
 245:.\Generated_Source\PSoC4/I2C_I2C.c ****         I2C_slWrBufIndex    = 0u;
 110              		.loc 1 245 0
 111 0076 174B     		ldr	r3, .L2+84
 112 0078 1C60     		str	r4, [r3]
 246:.\Generated_Source\PSoC4/I2C_I2C.c ****         I2C_slOverFlowCount = 0u;
 113              		.loc 1 246 0
 114 007a 174B     		ldr	r3, .L2+88
 115 007c 1C70     		strb	r4, [r3]
 247:.\Generated_Source\PSoC4/I2C_I2C.c ****     #endif /* (I2C_I2C_SLAVE) */
 248:.\Generated_Source\PSoC4/I2C_I2C.c **** 
 249:.\Generated_Source\PSoC4/I2C_I2C.c ****     #if(I2C_I2C_MASTER)
 250:.\Generated_Source\PSoC4/I2C_I2C.c ****     /* Internal master variable */
 251:.\Generated_Source\PSoC4/I2C_I2C.c ****         I2C_mstrStatus     = 0u;
 252:.\Generated_Source\PSoC4/I2C_I2C.c ****         I2C_mstrRdBufIndex = 0u;
 253:.\Generated_Source\PSoC4/I2C_I2C.c ****         I2C_mstrWrBufIndex = 0u;
 254:.\Generated_Source\PSoC4/I2C_I2C.c ****     #endif /* (I2C_I2C_MASTER) */
 255:.\Generated_Source\PSoC4/I2C_I2C.c ****     }
 116              		.loc 1 255 0
 117              		@ sp needed
 118 007e 10BD     		pop	{r4, pc}
 119              	.L3:
 120              		.align	2
 121              	.L2:
 122 0080 70000640 		.word	1074135152
 123 0084 00000640 		.word	1074135040
 124 0088 77080040 		.word	1073743991
 125 008c 60000640 		.word	1074135136
 126 0090 07010080 		.word	-2147483385
 127 0094 00030640 		.word	1074135808
 128 0098 04030640 		.word	1074135812
 129 009c 1000FE00 		.word	16646160
 130 00a0 10030640 		.word	1074135824
 131 00a4 00020640 		.word	1074135552
 132 00a8 04020640 		.word	1074135556
 133 00ac 00000000 		.word	I2C_I2C_ISR
 134 00b0 C80E0640 		.word	1074138824
 135 00b4 880E0640 		.word	1074138760
 136 00b8 480F0640 		.word	1074138952
 137 00bc 080F0640 		.word	1074138888
 138 00c0 C80F0640 		.word	1074139080
 139 00c4 880F0640 		.word	1074139016
 140 00c8 00000000 		.word	I2C_state
 141 00cc 00000000 		.word	I2C_slStatus
 142 00d0 00000000 		.word	I2C_slRdBufIndex
 143 00d4 00000000 		.word	I2C_slWrBufIndex
 144 00d8 00000000 		.word	I2C_slOverFlowCount
ARM GAS  C:\Users\Chris\AppData\Local\Temp\ccWsfqx8.s 			page 8


 145              		.cfi_endproc
 146              	.LFE0:
 147              		.size	I2C_I2CInit, .-I2C_I2CInit
 148              		.section	.text.I2C_I2CStop,"ax",%progbits
 149              		.align	2
 150              		.global	I2C_I2CStop
 151              		.code	16
 152              		.thumb_func
 153              		.type	I2C_I2CStop, %function
 154              	I2C_I2CStop:
 155              	.LFB1:
 256:.\Generated_Source\PSoC4/I2C_I2C.c **** #endif /* (I2C_SCB_MODE_UNCONFIG_CONST_CFG) */
 257:.\Generated_Source\PSoC4/I2C_I2C.c **** 
 258:.\Generated_Source\PSoC4/I2C_I2C.c **** 
 259:.\Generated_Source\PSoC4/I2C_I2C.c **** /*******************************************************************************
 260:.\Generated_Source\PSoC4/I2C_I2C.c **** * Function Name: I2C_I2CStop
 261:.\Generated_Source\PSoC4/I2C_I2C.c **** ****************************************************************************//**
 262:.\Generated_Source\PSoC4/I2C_I2C.c **** *
 263:.\Generated_Source\PSoC4/I2C_I2C.c **** *  Resets the I2C FSM into the default state.
 264:.\Generated_Source\PSoC4/I2C_I2C.c **** *
 265:.\Generated_Source\PSoC4/I2C_I2C.c **** *******************************************************************************/
 266:.\Generated_Source\PSoC4/I2C_I2C.c **** void I2C_I2CStop(void)
 267:.\Generated_Source\PSoC4/I2C_I2C.c **** {
 156              		.loc 1 267 0
 157              		.cfi_startproc
 268:.\Generated_Source\PSoC4/I2C_I2C.c ****     I2C_state = I2C_I2C_FSM_IDLE;
 158              		.loc 1 268 0
 159 0000 1022     		mov	r2, #16
 160 0002 014B     		ldr	r3, .L5
 161 0004 1A70     		strb	r2, [r3]
 269:.\Generated_Source\PSoC4/I2C_I2C.c **** }
 162              		.loc 1 269 0
 163              		@ sp needed
 164 0006 7047     		bx	lr
 165              	.L6:
 166              		.align	2
 167              	.L5:
 168 0008 00000000 		.word	I2C_state
 169              		.cfi_endproc
 170              	.LFE1:
 171              		.size	I2C_I2CStop, .-I2C_I2CStop
 172              		.section	.text.I2C_I2CSaveConfig,"ax",%progbits
 173              		.align	2
 174              		.global	I2C_I2CSaveConfig
 175              		.code	16
 176              		.thumb_func
 177              		.type	I2C_I2CSaveConfig, %function
 178              	I2C_I2CSaveConfig:
 179              	.LFB2:
 270:.\Generated_Source\PSoC4/I2C_I2C.c **** 
 271:.\Generated_Source\PSoC4/I2C_I2C.c **** 
 272:.\Generated_Source\PSoC4/I2C_I2C.c **** #if(I2C_I2C_WAKE_ENABLE_CONST)
 273:.\Generated_Source\PSoC4/I2C_I2C.c ****     /*******************************************************************************
 274:.\Generated_Source\PSoC4/I2C_I2C.c ****     * Function Name: I2C_I2CSaveConfig
 275:.\Generated_Source\PSoC4/I2C_I2C.c ****     ****************************************************************************//**
 276:.\Generated_Source\PSoC4/I2C_I2C.c ****     *
 277:.\Generated_Source\PSoC4/I2C_I2C.c ****     *  Enables I2C_INTR_I2C_EC_WAKE_UP interrupt source. This interrupt
ARM GAS  C:\Users\Chris\AppData\Local\Temp\ccWsfqx8.s 			page 9


 278:.\Generated_Source\PSoC4/I2C_I2C.c ****     *  triggers on address match and wakes up device.
 279:.\Generated_Source\PSoC4/I2C_I2C.c ****     *
 280:.\Generated_Source\PSoC4/I2C_I2C.c ****     *******************************************************************************/
 281:.\Generated_Source\PSoC4/I2C_I2C.c ****     void I2C_I2CSaveConfig(void)
 282:.\Generated_Source\PSoC4/I2C_I2C.c ****     {
 180              		.loc 1 282 0
 181              		.cfi_startproc
 283:.\Generated_Source\PSoC4/I2C_I2C.c ****     #if (!I2C_CY_SCBIP_V0)
 284:.\Generated_Source\PSoC4/I2C_I2C.c ****         #if (I2C_I2C_MULTI_MASTER_SLAVE_CONST && I2C_I2C_WAKE_ENABLE_CONST)
 285:.\Generated_Source\PSoC4/I2C_I2C.c ****             /* Enable externally clocked address match if it was not enabled before.
 286:.\Generated_Source\PSoC4/I2C_I2C.c ****             * This applicable only for Multi-Master-Slave. Ticket ID#192742 */
 287:.\Generated_Source\PSoC4/I2C_I2C.c ****             if (0u == (I2C_CTRL_REG & I2C_CTRL_EC_AM_MODE))
 288:.\Generated_Source\PSoC4/I2C_I2C.c ****             {
 289:.\Generated_Source\PSoC4/I2C_I2C.c ****                 /* Enable external address match logic */
 290:.\Generated_Source\PSoC4/I2C_I2C.c ****                 I2C_Stop();
 291:.\Generated_Source\PSoC4/I2C_I2C.c ****                 I2C_CTRL_REG |= I2C_CTRL_EC_AM_MODE;
 292:.\Generated_Source\PSoC4/I2C_I2C.c ****                 I2C_Enable();
 293:.\Generated_Source\PSoC4/I2C_I2C.c ****             }
 294:.\Generated_Source\PSoC4/I2C_I2C.c ****         #endif /* (I2C_I2C_MULTI_MASTER_SLAVE_CONST) */
 295:.\Generated_Source\PSoC4/I2C_I2C.c **** 
 296:.\Generated_Source\PSoC4/I2C_I2C.c ****         #if (I2C_SCB_CLK_INTERNAL)
 297:.\Generated_Source\PSoC4/I2C_I2C.c ****             /* Disable clock to internal address match logic. Ticket ID#187931 */
 298:.\Generated_Source\PSoC4/I2C_I2C.c ****             I2C_SCBCLK_Stop();
 299:.\Generated_Source\PSoC4/I2C_I2C.c ****         #endif /* (I2C_SCB_CLK_INTERNAL) */
 300:.\Generated_Source\PSoC4/I2C_I2C.c ****     #endif /* (!I2C_CY_SCBIP_V0) */
 301:.\Generated_Source\PSoC4/I2C_I2C.c **** 
 302:.\Generated_Source\PSoC4/I2C_I2C.c ****         I2C_SetI2CExtClkInterruptMode(I2C_INTR_I2C_EC_WAKE_UP);
 182              		.loc 1 302 0
 183 0000 0122     		mov	r2, #1
 184 0002 014B     		ldr	r3, .L8
 185 0004 1A60     		str	r2, [r3]
 303:.\Generated_Source\PSoC4/I2C_I2C.c ****     }
 186              		.loc 1 303 0
 187              		@ sp needed
 188 0006 7047     		bx	lr
 189              	.L9:
 190              		.align	2
 191              	.L8:
 192 0008 880E0640 		.word	1074138760
 193              		.cfi_endproc
 194              	.LFE2:
 195              		.size	I2C_I2CSaveConfig, .-I2C_I2CSaveConfig
 196              		.section	.text.I2C_I2CRestoreConfig,"ax",%progbits
 197              		.align	2
 198              		.global	I2C_I2CRestoreConfig
 199              		.code	16
 200              		.thumb_func
 201              		.type	I2C_I2CRestoreConfig, %function
 202              	I2C_I2CRestoreConfig:
 203              	.LFB3:
 304:.\Generated_Source\PSoC4/I2C_I2C.c **** 
 305:.\Generated_Source\PSoC4/I2C_I2C.c **** 
 306:.\Generated_Source\PSoC4/I2C_I2C.c ****     /*******************************************************************************
 307:.\Generated_Source\PSoC4/I2C_I2C.c ****     * Function Name: I2C_I2CRestoreConfig
 308:.\Generated_Source\PSoC4/I2C_I2C.c ****     ****************************************************************************//**
 309:.\Generated_Source\PSoC4/I2C_I2C.c ****     *
 310:.\Generated_Source\PSoC4/I2C_I2C.c ****     *  Disables I2C_INTR_I2C_EC_WAKE_UP interrupt source. This interrupt
ARM GAS  C:\Users\Chris\AppData\Local\Temp\ccWsfqx8.s 			page 10


 311:.\Generated_Source\PSoC4/I2C_I2C.c ****     *  triggers on address match and wakes up device.
 312:.\Generated_Source\PSoC4/I2C_I2C.c ****     *
 313:.\Generated_Source\PSoC4/I2C_I2C.c ****     *******************************************************************************/
 314:.\Generated_Source\PSoC4/I2C_I2C.c ****     void I2C_I2CRestoreConfig(void)
 315:.\Generated_Source\PSoC4/I2C_I2C.c ****     {
 204              		.loc 1 315 0
 205              		.cfi_startproc
 316:.\Generated_Source\PSoC4/I2C_I2C.c ****         /* Disable wakeup interrupt on address match */
 317:.\Generated_Source\PSoC4/I2C_I2C.c ****         I2C_SetI2CExtClkInterruptMode(I2C_NO_INTR_SOURCES);
 206              		.loc 1 317 0
 207 0000 0022     		mov	r2, #0
 208 0002 014B     		ldr	r3, .L11
 209 0004 1A60     		str	r2, [r3]
 318:.\Generated_Source\PSoC4/I2C_I2C.c **** 
 319:.\Generated_Source\PSoC4/I2C_I2C.c ****     #if (!I2C_CY_SCBIP_V0)
 320:.\Generated_Source\PSoC4/I2C_I2C.c ****         #if (I2C_SCB_CLK_INTERNAL)
 321:.\Generated_Source\PSoC4/I2C_I2C.c ****             /* Enable clock to internal address match logic. Ticket ID#187931 */
 322:.\Generated_Source\PSoC4/I2C_I2C.c ****             I2C_SCBCLK_Start();
 323:.\Generated_Source\PSoC4/I2C_I2C.c ****         #endif /* (I2C_SCB_CLK_INTERNAL) */
 324:.\Generated_Source\PSoC4/I2C_I2C.c ****     #endif /* (!I2C_CY_SCBIP_V0) */
 325:.\Generated_Source\PSoC4/I2C_I2C.c ****     }
 210              		.loc 1 325 0
 211              		@ sp needed
 212 0006 7047     		bx	lr
 213              	.L12:
 214              		.align	2
 215              	.L11:
 216 0008 880E0640 		.word	1074138760
 217              		.cfi_endproc
 218              	.LFE3:
 219              		.size	I2C_I2CRestoreConfig, .-I2C_I2CRestoreConfig
 220              		.comm	I2C_state,1,1
 221              		.text
 222              	.Letext0:
 223              		.file 2 "Generated_Source\\PSoC4/cytypes.h"
 224              		.file 3 ".\\Generated_Source\\PSoC4\\I2C_I2C_PVT.h"
 225              		.file 4 "Generated_Source\\PSoC4/CyLib.h"
 226              		.section	.debug_info,"",%progbits
 227              	.Ldebug_info0:
 228 0000 C5010000 		.4byte	0x1c5
 229 0004 0400     		.2byte	0x4
 230 0006 00000000 		.4byte	.Ldebug_abbrev0
 231 000a 04       		.byte	0x4
 232 000b 01       		.uleb128 0x1
 233 000c 6D010000 		.4byte	.LASF28
 234 0010 01       		.byte	0x1
 235 0011 44020000 		.4byte	.LASF29
 236 0015 15000000 		.4byte	.LASF30
 237 0019 00000000 		.4byte	.Ldebug_ranges0+0
 238 001d 00000000 		.4byte	0
 239 0021 00000000 		.4byte	.Ldebug_line0
 240 0025 02       		.uleb128 0x2
 241 0026 01       		.byte	0x1
 242 0027 06       		.byte	0x6
 243 0028 38020000 		.4byte	.LASF0
 244 002c 02       		.uleb128 0x2
 245 002d 01       		.byte	0x1
ARM GAS  C:\Users\Chris\AppData\Local\Temp\ccWsfqx8.s 			page 11


 246 002e 08       		.byte	0x8
 247 002f 79000000 		.4byte	.LASF1
 248 0033 02       		.uleb128 0x2
 249 0034 02       		.byte	0x2
 250 0035 05       		.byte	0x5
 251 0036 E9000000 		.4byte	.LASF2
 252 003a 02       		.uleb128 0x2
 253 003b 02       		.byte	0x2
 254 003c 07       		.byte	0x7
 255 003d 53000000 		.4byte	.LASF3
 256 0041 02       		.uleb128 0x2
 257 0042 04       		.byte	0x4
 258 0043 05       		.byte	0x5
 259 0044 2F020000 		.4byte	.LASF4
 260 0048 02       		.uleb128 0x2
 261 0049 04       		.byte	0x4
 262 004a 07       		.byte	0x7
 263 004b 99000000 		.4byte	.LASF5
 264 004f 02       		.uleb128 0x2
 265 0050 08       		.byte	0x8
 266 0051 05       		.byte	0x5
 267 0052 5A010000 		.4byte	.LASF6
 268 0056 02       		.uleb128 0x2
 269 0057 08       		.byte	0x8
 270 0058 07       		.byte	0x7
 271 0059 07010000 		.4byte	.LASF7
 272 005d 03       		.uleb128 0x3
 273 005e 04       		.byte	0x4
 274 005f 05       		.byte	0x5
 275 0060 696E7400 		.ascii	"int\000"
 276 0064 02       		.uleb128 0x2
 277 0065 04       		.byte	0x4
 278 0066 07       		.byte	0x7
 279 0067 FA000000 		.4byte	.LASF8
 280 006b 04       		.uleb128 0x4
 281 006c AB000000 		.4byte	.LASF9
 282 0070 02       		.byte	0x2
 283 0071 9801     		.2byte	0x198
 284 0073 2C000000 		.4byte	0x2c
 285 0077 04       		.uleb128 0x4
 286 0078 F3000000 		.4byte	.LASF10
 287 007c 02       		.byte	0x2
 288 007d 9A01     		.2byte	0x19a
 289 007f 48000000 		.4byte	0x48
 290 0083 02       		.uleb128 0x2
 291 0084 04       		.byte	0x4
 292 0085 04       		.byte	0x4
 293 0086 66000000 		.4byte	.LASF11
 294 008a 02       		.uleb128 0x2
 295 008b 08       		.byte	0x8
 296 008c 04       		.byte	0x4
 297 008d C5000000 		.4byte	.LASF12
 298 0091 02       		.uleb128 0x2
 299 0092 01       		.byte	0x1
 300 0093 08       		.byte	0x8
 301 0094 68010000 		.4byte	.LASF13
 302 0098 05       		.uleb128 0x5
ARM GAS  C:\Users\Chris\AppData\Local\Temp\ccWsfqx8.s 			page 12


 303 0099 6B000000 		.4byte	0x6b
 304 009d 04       		.uleb128 0x4
 305 009e 00000000 		.4byte	.LASF14
 306 00a2 02       		.byte	0x2
 307 00a3 4402     		.2byte	0x244
 308 00a5 A9000000 		.4byte	0xa9
 309 00a9 05       		.uleb128 0x5
 310 00aa 77000000 		.4byte	0x77
 311 00ae 04       		.uleb128 0x4
 312 00af 2F010000 		.4byte	.LASF15
 313 00b3 02       		.byte	0x2
 314 00b4 5402     		.2byte	0x254
 315 00b6 BA000000 		.4byte	0xba
 316 00ba 06       		.uleb128 0x6
 317 00bb 04       		.byte	0x4
 318 00bc C0000000 		.4byte	0xc0
 319 00c0 07       		.uleb128 0x7
 320 00c1 02       		.uleb128 0x2
 321 00c2 04       		.byte	0x4
 322 00c3 07       		.byte	0x7
 323 00c4 51010000 		.4byte	.LASF16
 324 00c8 08       		.uleb128 0x8
 325 00c9 CC000000 		.4byte	.LASF31
 326 00cd 01       		.byte	0x1
 327 00ce C3       		.byte	0xc3
 328 00cf 00000000 		.4byte	.LFB0
 329 00d3 DC000000 		.4byte	.LFE0-.LFB0
 330 00d7 01       		.uleb128 0x1
 331 00d8 9C       		.byte	0x9c
 332 00d9 18010000 		.4byte	0x118
 333 00dd 09       		.uleb128 0x9
 334 00de 3A000000 		.4byte	.LVL0
 335 00e2 8B010000 		.4byte	0x18b
 336 00e6 F0000000 		.4byte	0xf0
 337 00ea 0A       		.uleb128 0xa
 338 00eb 01       		.uleb128 0x1
 339 00ec 50       		.byte	0x50
 340 00ed 01       		.uleb128 0x1
 341 00ee 3A       		.byte	0x3a
 342 00ef 00       		.byte	0
 343 00f0 09       		.uleb128 0x9
 344 00f1 42000000 		.4byte	.LVL1
 345 00f5 9C010000 		.4byte	0x19c
 346 00f9 08010000 		.4byte	0x108
 347 00fd 0A       		.uleb128 0xa
 348 00fe 01       		.uleb128 0x1
 349 00ff 51       		.byte	0x51
 350 0100 01       		.uleb128 0x1
 351 0101 33       		.byte	0x33
 352 0102 0A       		.uleb128 0xa
 353 0103 01       		.uleb128 0x1
 354 0104 50       		.byte	0x50
 355 0105 01       		.uleb128 0x1
 356 0106 3A       		.byte	0x3a
 357 0107 00       		.byte	0
 358 0108 0B       		.uleb128 0xb
 359 0109 4A000000 		.4byte	.LVL2
ARM GAS  C:\Users\Chris\AppData\Local\Temp\ccWsfqx8.s 			page 13


 360 010d B2010000 		.4byte	0x1b2
 361 0111 0A       		.uleb128 0xa
 362 0112 01       		.uleb128 0x1
 363 0113 50       		.byte	0x50
 364 0114 01       		.uleb128 0x1
 365 0115 3A       		.byte	0x3a
 366 0116 00       		.byte	0
 367 0117 00       		.byte	0
 368 0118 0C       		.uleb128 0xc
 369 0119 08020000 		.4byte	.LASF17
 370 011d 01       		.byte	0x1
 371 011e 0A01     		.2byte	0x10a
 372 0120 00000000 		.4byte	.LFB1
 373 0124 0C000000 		.4byte	.LFE1-.LFB1
 374 0128 01       		.uleb128 0x1
 375 0129 9C       		.byte	0x9c
 376 012a 0C       		.uleb128 0xc
 377 012b 87000000 		.4byte	.LASF18
 378 012f 01       		.byte	0x1
 379 0130 1901     		.2byte	0x119
 380 0132 00000000 		.4byte	.LFB2
 381 0136 0C000000 		.4byte	.LFE2-.LFB2
 382 013a 01       		.uleb128 0x1
 383 013b 9C       		.byte	0x9c
 384 013c 0C       		.uleb128 0xc
 385 013d 3C010000 		.4byte	.LASF19
 386 0141 01       		.byte	0x1
 387 0142 3A01     		.2byte	0x13a
 388 0144 00000000 		.4byte	.LFB3
 389 0148 0C000000 		.4byte	.LFE3-.LFB3
 390 014c 01       		.uleb128 0x1
 391 014d 9C       		.byte	0x9c
 392 014e 0D       		.uleb128 0xd
 393 014f 25020000 		.4byte	.LASF20
 394 0153 01       		.byte	0x1
 395 0154 1B       		.byte	0x1b
 396 0155 98000000 		.4byte	0x98
 397 0159 05       		.uleb128 0x5
 398 015a 03       		.byte	0x3
 399 015b 00000000 		.4byte	I2C_state
 400 015f 0E       		.uleb128 0xe
 401 0160 6C000000 		.4byte	.LASF21
 402 0164 03       		.byte	0x3
 403 0165 21       		.byte	0x21
 404 0166 98000000 		.4byte	0x98
 405 016a 0E       		.uleb128 0xe
 406 016b D8000000 		.4byte	.LASF22
 407 016f 03       		.byte	0x3
 408 0170 26       		.byte	0x26
 409 0171 A9000000 		.4byte	0xa9
 410 0175 0E       		.uleb128 0xe
 411 0176 14020000 		.4byte	.LASF23
 412 017a 03       		.byte	0x3
 413 017b 2B       		.byte	0x2b
 414 017c A9000000 		.4byte	0xa9
 415 0180 0E       		.uleb128 0xe
 416 0181 B1000000 		.4byte	.LASF24
ARM GAS  C:\Users\Chris\AppData\Local\Temp\ccWsfqx8.s 			page 14


 417 0185 03       		.byte	0x3
 418 0186 2D       		.byte	0x2d
 419 0187 98000000 		.4byte	0x98
 420 018b 0F       		.uleb128 0xf
 421 018c FB010000 		.4byte	.LASF25
 422 0190 04       		.byte	0x4
 423 0191 C3       		.byte	0xc3
 424 0192 9C010000 		.4byte	0x19c
 425 0196 10       		.uleb128 0x10
 426 0197 6B000000 		.4byte	0x6b
 427 019b 00       		.byte	0
 428 019c 0F       		.uleb128 0xf
 429 019d 1E010000 		.4byte	.LASF26
 430 01a1 04       		.byte	0x4
 431 01a2 BE       		.byte	0xbe
 432 01a3 B2010000 		.4byte	0x1b2
 433 01a7 10       		.uleb128 0x10
 434 01a8 6B000000 		.4byte	0x6b
 435 01ac 10       		.uleb128 0x10
 436 01ad 6B000000 		.4byte	0x6b
 437 01b1 00       		.byte	0
 438 01b2 11       		.uleb128 0x11
 439 01b3 06000000 		.4byte	.LASF27
 440 01b7 04       		.byte	0x4
 441 01b8 BB       		.byte	0xbb
 442 01b9 AE000000 		.4byte	0xae
 443 01bd 10       		.uleb128 0x10
 444 01be 6B000000 		.4byte	0x6b
 445 01c2 10       		.uleb128 0x10
 446 01c3 AE000000 		.4byte	0xae
 447 01c7 00       		.byte	0
 448 01c8 00       		.byte	0
 449              		.section	.debug_abbrev,"",%progbits
 450              	.Ldebug_abbrev0:
 451 0000 01       		.uleb128 0x1
 452 0001 11       		.uleb128 0x11
 453 0002 01       		.byte	0x1
 454 0003 25       		.uleb128 0x25
 455 0004 0E       		.uleb128 0xe
 456 0005 13       		.uleb128 0x13
 457 0006 0B       		.uleb128 0xb
 458 0007 03       		.uleb128 0x3
 459 0008 0E       		.uleb128 0xe
 460 0009 1B       		.uleb128 0x1b
 461 000a 0E       		.uleb128 0xe
 462 000b 55       		.uleb128 0x55
 463 000c 17       		.uleb128 0x17
 464 000d 11       		.uleb128 0x11
 465 000e 01       		.uleb128 0x1
 466 000f 10       		.uleb128 0x10
 467 0010 17       		.uleb128 0x17
 468 0011 00       		.byte	0
 469 0012 00       		.byte	0
 470 0013 02       		.uleb128 0x2
 471 0014 24       		.uleb128 0x24
 472 0015 00       		.byte	0
 473 0016 0B       		.uleb128 0xb
ARM GAS  C:\Users\Chris\AppData\Local\Temp\ccWsfqx8.s 			page 15


 474 0017 0B       		.uleb128 0xb
 475 0018 3E       		.uleb128 0x3e
 476 0019 0B       		.uleb128 0xb
 477 001a 03       		.uleb128 0x3
 478 001b 0E       		.uleb128 0xe
 479 001c 00       		.byte	0
 480 001d 00       		.byte	0
 481 001e 03       		.uleb128 0x3
 482 001f 24       		.uleb128 0x24
 483 0020 00       		.byte	0
 484 0021 0B       		.uleb128 0xb
 485 0022 0B       		.uleb128 0xb
 486 0023 3E       		.uleb128 0x3e
 487 0024 0B       		.uleb128 0xb
 488 0025 03       		.uleb128 0x3
 489 0026 08       		.uleb128 0x8
 490 0027 00       		.byte	0
 491 0028 00       		.byte	0
 492 0029 04       		.uleb128 0x4
 493 002a 16       		.uleb128 0x16
 494 002b 00       		.byte	0
 495 002c 03       		.uleb128 0x3
 496 002d 0E       		.uleb128 0xe
 497 002e 3A       		.uleb128 0x3a
 498 002f 0B       		.uleb128 0xb
 499 0030 3B       		.uleb128 0x3b
 500 0031 05       		.uleb128 0x5
 501 0032 49       		.uleb128 0x49
 502 0033 13       		.uleb128 0x13
 503 0034 00       		.byte	0
 504 0035 00       		.byte	0
 505 0036 05       		.uleb128 0x5
 506 0037 35       		.uleb128 0x35
 507 0038 00       		.byte	0
 508 0039 49       		.uleb128 0x49
 509 003a 13       		.uleb128 0x13
 510 003b 00       		.byte	0
 511 003c 00       		.byte	0
 512 003d 06       		.uleb128 0x6
 513 003e 0F       		.uleb128 0xf
 514 003f 00       		.byte	0
 515 0040 0B       		.uleb128 0xb
 516 0041 0B       		.uleb128 0xb
 517 0042 49       		.uleb128 0x49
 518 0043 13       		.uleb128 0x13
 519 0044 00       		.byte	0
 520 0045 00       		.byte	0
 521 0046 07       		.uleb128 0x7
 522 0047 15       		.uleb128 0x15
 523 0048 00       		.byte	0
 524 0049 27       		.uleb128 0x27
 525 004a 19       		.uleb128 0x19
 526 004b 00       		.byte	0
 527 004c 00       		.byte	0
 528 004d 08       		.uleb128 0x8
 529 004e 2E       		.uleb128 0x2e
 530 004f 01       		.byte	0x1
ARM GAS  C:\Users\Chris\AppData\Local\Temp\ccWsfqx8.s 			page 16


 531 0050 3F       		.uleb128 0x3f
 532 0051 19       		.uleb128 0x19
 533 0052 03       		.uleb128 0x3
 534 0053 0E       		.uleb128 0xe
 535 0054 3A       		.uleb128 0x3a
 536 0055 0B       		.uleb128 0xb
 537 0056 3B       		.uleb128 0x3b
 538 0057 0B       		.uleb128 0xb
 539 0058 27       		.uleb128 0x27
 540 0059 19       		.uleb128 0x19
 541 005a 11       		.uleb128 0x11
 542 005b 01       		.uleb128 0x1
 543 005c 12       		.uleb128 0x12
 544 005d 06       		.uleb128 0x6
 545 005e 40       		.uleb128 0x40
 546 005f 18       		.uleb128 0x18
 547 0060 9742     		.uleb128 0x2117
 548 0062 19       		.uleb128 0x19
 549 0063 01       		.uleb128 0x1
 550 0064 13       		.uleb128 0x13
 551 0065 00       		.byte	0
 552 0066 00       		.byte	0
 553 0067 09       		.uleb128 0x9
 554 0068 898201   		.uleb128 0x4109
 555 006b 01       		.byte	0x1
 556 006c 11       		.uleb128 0x11
 557 006d 01       		.uleb128 0x1
 558 006e 31       		.uleb128 0x31
 559 006f 13       		.uleb128 0x13
 560 0070 01       		.uleb128 0x1
 561 0071 13       		.uleb128 0x13
 562 0072 00       		.byte	0
 563 0073 00       		.byte	0
 564 0074 0A       		.uleb128 0xa
 565 0075 8A8201   		.uleb128 0x410a
 566 0078 00       		.byte	0
 567 0079 02       		.uleb128 0x2
 568 007a 18       		.uleb128 0x18
 569 007b 9142     		.uleb128 0x2111
 570 007d 18       		.uleb128 0x18
 571 007e 00       		.byte	0
 572 007f 00       		.byte	0
 573 0080 0B       		.uleb128 0xb
 574 0081 898201   		.uleb128 0x4109
 575 0084 01       		.byte	0x1
 576 0085 11       		.uleb128 0x11
 577 0086 01       		.uleb128 0x1
 578 0087 31       		.uleb128 0x31
 579 0088 13       		.uleb128 0x13
 580 0089 00       		.byte	0
 581 008a 00       		.byte	0
 582 008b 0C       		.uleb128 0xc
 583 008c 2E       		.uleb128 0x2e
 584 008d 00       		.byte	0
 585 008e 3F       		.uleb128 0x3f
 586 008f 19       		.uleb128 0x19
 587 0090 03       		.uleb128 0x3
ARM GAS  C:\Users\Chris\AppData\Local\Temp\ccWsfqx8.s 			page 17


 588 0091 0E       		.uleb128 0xe
 589 0092 3A       		.uleb128 0x3a
 590 0093 0B       		.uleb128 0xb
 591 0094 3B       		.uleb128 0x3b
 592 0095 05       		.uleb128 0x5
 593 0096 27       		.uleb128 0x27
 594 0097 19       		.uleb128 0x19
 595 0098 11       		.uleb128 0x11
 596 0099 01       		.uleb128 0x1
 597 009a 12       		.uleb128 0x12
 598 009b 06       		.uleb128 0x6
 599 009c 40       		.uleb128 0x40
 600 009d 18       		.uleb128 0x18
 601 009e 9742     		.uleb128 0x2117
 602 00a0 19       		.uleb128 0x19
 603 00a1 00       		.byte	0
 604 00a2 00       		.byte	0
 605 00a3 0D       		.uleb128 0xd
 606 00a4 34       		.uleb128 0x34
 607 00a5 00       		.byte	0
 608 00a6 03       		.uleb128 0x3
 609 00a7 0E       		.uleb128 0xe
 610 00a8 3A       		.uleb128 0x3a
 611 00a9 0B       		.uleb128 0xb
 612 00aa 3B       		.uleb128 0x3b
 613 00ab 0B       		.uleb128 0xb
 614 00ac 49       		.uleb128 0x49
 615 00ad 13       		.uleb128 0x13
 616 00ae 3F       		.uleb128 0x3f
 617 00af 19       		.uleb128 0x19
 618 00b0 02       		.uleb128 0x2
 619 00b1 18       		.uleb128 0x18
 620 00b2 00       		.byte	0
 621 00b3 00       		.byte	0
 622 00b4 0E       		.uleb128 0xe
 623 00b5 34       		.uleb128 0x34
 624 00b6 00       		.byte	0
 625 00b7 03       		.uleb128 0x3
 626 00b8 0E       		.uleb128 0xe
 627 00b9 3A       		.uleb128 0x3a
 628 00ba 0B       		.uleb128 0xb
 629 00bb 3B       		.uleb128 0x3b
 630 00bc 0B       		.uleb128 0xb
 631 00bd 49       		.uleb128 0x49
 632 00be 13       		.uleb128 0x13
 633 00bf 3F       		.uleb128 0x3f
 634 00c0 19       		.uleb128 0x19
 635 00c1 3C       		.uleb128 0x3c
 636 00c2 19       		.uleb128 0x19
 637 00c3 00       		.byte	0
 638 00c4 00       		.byte	0
 639 00c5 0F       		.uleb128 0xf
 640 00c6 2E       		.uleb128 0x2e
 641 00c7 01       		.byte	0x1
 642 00c8 3F       		.uleb128 0x3f
 643 00c9 19       		.uleb128 0x19
 644 00ca 03       		.uleb128 0x3
ARM GAS  C:\Users\Chris\AppData\Local\Temp\ccWsfqx8.s 			page 18


 645 00cb 0E       		.uleb128 0xe
 646 00cc 3A       		.uleb128 0x3a
 647 00cd 0B       		.uleb128 0xb
 648 00ce 3B       		.uleb128 0x3b
 649 00cf 0B       		.uleb128 0xb
 650 00d0 27       		.uleb128 0x27
 651 00d1 19       		.uleb128 0x19
 652 00d2 3C       		.uleb128 0x3c
 653 00d3 19       		.uleb128 0x19
 654 00d4 01       		.uleb128 0x1
 655 00d5 13       		.uleb128 0x13
 656 00d6 00       		.byte	0
 657 00d7 00       		.byte	0
 658 00d8 10       		.uleb128 0x10
 659 00d9 05       		.uleb128 0x5
 660 00da 00       		.byte	0
 661 00db 49       		.uleb128 0x49
 662 00dc 13       		.uleb128 0x13
 663 00dd 00       		.byte	0
 664 00de 00       		.byte	0
 665 00df 11       		.uleb128 0x11
 666 00e0 2E       		.uleb128 0x2e
 667 00e1 01       		.byte	0x1
 668 00e2 3F       		.uleb128 0x3f
 669 00e3 19       		.uleb128 0x19
 670 00e4 03       		.uleb128 0x3
 671 00e5 0E       		.uleb128 0xe
 672 00e6 3A       		.uleb128 0x3a
 673 00e7 0B       		.uleb128 0xb
 674 00e8 3B       		.uleb128 0x3b
 675 00e9 0B       		.uleb128 0xb
 676 00ea 27       		.uleb128 0x27
 677 00eb 19       		.uleb128 0x19
 678 00ec 49       		.uleb128 0x49
 679 00ed 13       		.uleb128 0x13
 680 00ee 3C       		.uleb128 0x3c
 681 00ef 19       		.uleb128 0x19
 682 00f0 00       		.byte	0
 683 00f1 00       		.byte	0
 684 00f2 00       		.byte	0
 685              		.section	.debug_aranges,"",%progbits
 686 0000 34000000 		.4byte	0x34
 687 0004 0200     		.2byte	0x2
 688 0006 00000000 		.4byte	.Ldebug_info0
 689 000a 04       		.byte	0x4
 690 000b 00       		.byte	0
 691 000c 0000     		.2byte	0
 692 000e 0000     		.2byte	0
 693 0010 00000000 		.4byte	.LFB0
 694 0014 DC000000 		.4byte	.LFE0-.LFB0
 695 0018 00000000 		.4byte	.LFB1
 696 001c 0C000000 		.4byte	.LFE1-.LFB1
 697 0020 00000000 		.4byte	.LFB2
 698 0024 0C000000 		.4byte	.LFE2-.LFB2
 699 0028 00000000 		.4byte	.LFB3
 700 002c 0C000000 		.4byte	.LFE3-.LFB3
 701 0030 00000000 		.4byte	0
ARM GAS  C:\Users\Chris\AppData\Local\Temp\ccWsfqx8.s 			page 19


 702 0034 00000000 		.4byte	0
 703              		.section	.debug_ranges,"",%progbits
 704              	.Ldebug_ranges0:
 705 0000 00000000 		.4byte	.LFB0
 706 0004 DC000000 		.4byte	.LFE0
 707 0008 00000000 		.4byte	.LFB1
 708 000c 0C000000 		.4byte	.LFE1
 709 0010 00000000 		.4byte	.LFB2
 710 0014 0C000000 		.4byte	.LFE2
 711 0018 00000000 		.4byte	.LFB3
 712 001c 0C000000 		.4byte	.LFE3
 713 0020 00000000 		.4byte	0
 714 0024 00000000 		.4byte	0
 715              		.section	.debug_line,"",%progbits
 716              	.Ldebug_line0:
 717 0000 E0000000 		.section	.debug_str,"MS",%progbits,1
 717      02007900 
 717      00000201 
 717      FB0E0D00 
 717      01010101 
 718              	.LASF14:
 719 0000 72656733 		.ascii	"reg32\000"
 719      3200
 720              	.LASF27:
 721 0006 4379496E 		.ascii	"CyIntSetVector\000"
 721      74536574 
 721      56656374 
 721      6F7200
 722              	.LASF30:
 723 0015 433A5C55 		.ascii	"C:\\Users\\Chris\\Desktop\\ECEC 304\\Labs\\Lesson16"
 723      73657273 
 723      5C436872 
 723      69735C44 
 723      65736B74 
 724 0042 5F436861 		.ascii	"_Challenge.cydsn\000"
 724      6C6C656E 
 724      67652E63 
 724      7964736E 
 724      00
 725              	.LASF3:
 726 0053 73686F72 		.ascii	"short unsigned int\000"
 726      7420756E 
 726      7369676E 
 726      65642069 
 726      6E7400
 727              	.LASF11:
 728 0066 666C6F61 		.ascii	"float\000"
 728      7400
 729              	.LASF21:
 730 006c 4932435F 		.ascii	"I2C_slStatus\000"
 730      736C5374 
 730      61747573 
 730      00
 731              	.LASF1:
 732 0079 756E7369 		.ascii	"unsigned char\000"
 732      676E6564 
 732      20636861 
ARM GAS  C:\Users\Chris\AppData\Local\Temp\ccWsfqx8.s 			page 20


 732      7200
 733              	.LASF18:
 734 0087 4932435F 		.ascii	"I2C_I2CSaveConfig\000"
 734      49324353 
 734      61766543 
 734      6F6E6669 
 734      6700
 735              	.LASF5:
 736 0099 6C6F6E67 		.ascii	"long unsigned int\000"
 736      20756E73 
 736      69676E65 
 736      6420696E 
 736      7400
 737              	.LASF9:
 738 00ab 75696E74 		.ascii	"uint8\000"
 738      3800
 739              	.LASF24:
 740 00b1 4932435F 		.ascii	"I2C_slOverFlowCount\000"
 740      736C4F76 
 740      6572466C 
 740      6F77436F 
 740      756E7400 
 741              	.LASF12:
 742 00c5 646F7562 		.ascii	"double\000"
 742      6C6500
 743              	.LASF31:
 744 00cc 4932435F 		.ascii	"I2C_I2CInit\000"
 744      49324349 
 744      6E697400 
 745              	.LASF22:
 746 00d8 4932435F 		.ascii	"I2C_slWrBufIndex\000"
 746      736C5772 
 746      42756649 
 746      6E646578 
 746      00
 747              	.LASF2:
 748 00e9 73686F72 		.ascii	"short int\000"
 748      7420696E 
 748      7400
 749              	.LASF10:
 750 00f3 75696E74 		.ascii	"uint32\000"
 750      333200
 751              	.LASF8:
 752 00fa 756E7369 		.ascii	"unsigned int\000"
 752      676E6564 
 752      20696E74 
 752      00
 753              	.LASF7:
 754 0107 6C6F6E67 		.ascii	"long long unsigned int\000"
 754      206C6F6E 
 754      6720756E 
 754      7369676E 
 754      65642069 
 755              	.LASF26:
 756 011e 4379496E 		.ascii	"CyIntSetPriority\000"
 756      74536574 
 756      5072696F 
ARM GAS  C:\Users\Chris\AppData\Local\Temp\ccWsfqx8.s 			page 21


 756      72697479 
 756      00
 757              	.LASF15:
 758 012f 63796973 		.ascii	"cyisraddress\000"
 758      72616464 
 758      72657373 
 758      00
 759              	.LASF19:
 760 013c 4932435F 		.ascii	"I2C_I2CRestoreConfig\000"
 760      49324352 
 760      6573746F 
 760      7265436F 
 760      6E666967 
 761              	.LASF16:
 762 0151 73697A65 		.ascii	"sizetype\000"
 762      74797065 
 762      00
 763              	.LASF6:
 764 015a 6C6F6E67 		.ascii	"long long int\000"
 764      206C6F6E 
 764      6720696E 
 764      7400
 765              	.LASF13:
 766 0168 63686172 		.ascii	"char\000"
 766      00
 767              	.LASF28:
 768 016d 474E5520 		.ascii	"GNU C 4.9.3 20150303 (release) [ARM/embedded-4_9-br"
 768      4320342E 
 768      392E3320 
 768      32303135 
 768      30333033 
 769 01a0 616E6368 		.ascii	"anch revision 221220] -mcpu=cortex-m0 -mthumb -g -O"
 769      20726576 
 769      6973696F 
 769      6E203232 
 769      31323230 
 770 01d3 67202D66 		.ascii	"g -ffunction-sections -ffat-lto-objects\000"
 770      66756E63 
 770      74696F6E 
 770      2D736563 
 770      74696F6E 
 771              	.LASF25:
 772 01fb 4379496E 		.ascii	"CyIntDisable\000"
 772      74446973 
 772      61626C65 
 772      00
 773              	.LASF17:
 774 0208 4932435F 		.ascii	"I2C_I2CStop\000"
 774      49324353 
 774      746F7000 
 775              	.LASF23:
 776 0214 4932435F 		.ascii	"I2C_slRdBufIndex\000"
 776      736C5264 
 776      42756649 
 776      6E646578 
 776      00
 777              	.LASF20:
ARM GAS  C:\Users\Chris\AppData\Local\Temp\ccWsfqx8.s 			page 22


 778 0225 4932435F 		.ascii	"I2C_state\000"
 778      73746174 
 778      6500
 779              	.LASF4:
 780 022f 6C6F6E67 		.ascii	"long int\000"
 780      20696E74 
 780      00
 781              	.LASF0:
 782 0238 7369676E 		.ascii	"signed char\000"
 782      65642063 
 782      68617200 
 783              	.LASF29:
 784 0244 2E5C4765 		.ascii	".\\Generated_Source\\PSoC4\\I2C_I2C.c\000"
 784      6E657261 
 784      7465645F 
 784      536F7572 
 784      63655C50 
 785              		.ident	"GCC: (GNU Tools for ARM Embedded Processors) 4.9.3 20150303 (release) [ARM/embedded-4_9-br
