ARM GAS  C:\Users\Chris\AppData\Local\Temp\cc5nbMkl.s 			page 1


   1              		.cpu cortex-m0
   2              		.fpu softvfp
   3              		.eabi_attribute 20, 1
   4              		.eabi_attribute 21, 1
   5              		.eabi_attribute 23, 3
   6              		.eabi_attribute 24, 1
   7              		.eabi_attribute 25, 1
   8              		.eabi_attribute 26, 1
   9              		.eabi_attribute 30, 1
  10              		.eabi_attribute 34, 0
  11              		.eabi_attribute 18, 4
  12              		.code	16
  13              		.file	"main.c"
  14              		.text
  15              	.Ltext0:
  16              		.cfi_sections	.debug_frame
  17              		.section	.text.Pin_SW2_Handler,"ax",%progbits
  18              		.align	2
  19              		.global	Pin_SW2_Handler
  20              		.code	16
  21              		.thumb_func
  22              		.type	Pin_SW2_Handler, %function
  23              	Pin_SW2_Handler:
  24              	.LFB34:
  25              		.file 1 ".\\main.c"
   1:.\main.c      **** /* ========================================
   2:.\main.c      ****  *
   3:.\main.c      ****  * Copyright YOUR COMPANY, THE YEAR
   4:.\main.c      ****  * All Rights Reserved
   5:.\main.c      ****  * UNPUBLISHED, LICENSED SOFTWARE.
   6:.\main.c      ****  *
   7:.\main.c      ****  * CONFIDENTIAL AND PROPRIETARY INFORMATION
   8:.\main.c      ****  * WHICH IS THE PROPERTY OF your company.
   9:.\main.c      ****  *
  10:.\main.c      ****  * ========================================
  11:.\main.c      **** */
  12:.\main.c      **** #include <project.h>
  13:.\main.c      **** 
  14:.\main.c      **** CY_ISR ( Pin_SW2_Handler )
  15:.\main.c      **** {
  26              		.loc 1 15 0
  27              		.cfi_startproc
  28 0000 08B5     		push	{r3, lr}
  29              		.cfi_def_cfa_offset 8
  30              		.cfi_offset 3, -8
  31              		.cfi_offset 14, -4
  16:.\main.c      ****     Pin_SW2_ClearInterrupt();    
  32              		.loc 1 16 0
  33 0002 FFF7FEFF 		bl	Pin_SW2_ClearInterrupt
  34              	.LVL0:
  17:.\main.c      **** }
  35              		.loc 1 17 0
  36              		@ sp needed
  37 0006 08BD     		pop	{r3, pc}
  38              		.cfi_endproc
  39              	.LFE34:
  40              		.size	Pin_SW2_Handler, .-Pin_SW2_Handler
ARM GAS  C:\Users\Chris\AppData\Local\Temp\cc5nbMkl.s 			page 2


  41              		.section	.text.main,"ax",%progbits
  42              		.align	2
  43              		.global	main
  44              		.code	16
  45              		.thumb_func
  46              		.type	main, %function
  47              	main:
  48              	.LFB35:
  18:.\main.c      **** 
  19:.\main.c      **** int main()
  20:.\main.c      **** {
  49              		.loc 1 20 0
  50              		.cfi_startproc
  51 0000 08B5     		push	{r3, lr}
  52              		.cfi_def_cfa_offset 8
  53              		.cfi_offset 3, -8
  54              		.cfi_offset 14, -4
  21:.\main.c      ****     CyGlobalIntEnable;  /* Enable global interrupts */
  55              		.loc 1 21 0
  56              	@ 21 ".\main.c" 1
  57 0002 62B6     		CPSIE   i
  58              	@ 0 "" 2
  22:.\main.c      ****     
  23:.\main.c      ****     UART_Start();
  59              		.loc 1 23 0
  60              		.code	16
  61 0004 FFF7FEFF 		bl	UART_Start
  62              	.LVL1:
  24:.\main.c      ****     
  25:.\main.c      ****     Pin_SW2_Int_StartEx( Pin_SW2_Handler );
  63              		.loc 1 25 0
  64 0008 0848     		ldr	r0, .L4
  65 000a FFF7FEFF 		bl	Pin_SW2_Int_StartEx
  66              	.LVL2:
  67              	.L3:
  26:.\main.c      ****     
  27:.\main.c      ****     /* Place your initialization/startup code here (e.g. MyInst_Start()) */
  28:.\main.c      ****     
  29:.\main.c      ****     for(;;)
  30:.\main.c      ****     {
  31:.\main.c      ****         CyDelay(5000);
  68              		.loc 1 31 0 discriminator 1
  69 000e 0848     		ldr	r0, .L4+4
  70 0010 FFF7FEFF 		bl	CyDelay
  71              	.LVL3:
  32:.\main.c      ****         UART_UartPutString("Sleeping...\r\n");
  72              		.loc 1 32 0 discriminator 1
  73 0014 0748     		ldr	r0, .L4+8
  74 0016 FFF7FEFF 		bl	UART_UartPutString
  75              	.LVL4:
  33:.\main.c      ****         Timer_Start();
  76              		.loc 1 33 0 discriminator 1
  77 001a FFF7FEFF 		bl	Timer_Start
  78              	.LVL5:
  34:.\main.c      ****         CySysPmSleep();
  79              		.loc 1 34 0 discriminator 1
  80 001e FFF7FEFF 		bl	CySysPmSleep
ARM GAS  C:\Users\Chris\AppData\Local\Temp\cc5nbMkl.s 			page 3


  81              	.LVL6:
  35:.\main.c      ****         UART_UartPutString("AWAKE! \r\n");
  82              		.loc 1 35 0 discriminator 1
  83 0022 0548     		ldr	r0, .L4+12
  84 0024 FFF7FEFF 		bl	UART_UartPutString
  85              	.LVL7:
  36:.\main.c      ****     }
  86              		.loc 1 36 0 discriminator 1
  87 0028 F1E7     		b	.L3
  88              	.L5:
  89 002a C046     		.align	2
  90              	.L4:
  91 002c 00000000 		.word	Pin_SW2_Handler
  92 0030 88130000 		.word	5000
  93 0034 00000000 		.word	.LC1
  94 0038 10000000 		.word	.LC3
  95              		.cfi_endproc
  96              	.LFE35:
  97              		.size	main, .-main
  98              		.section	.rodata.str1.4,"aMS",%progbits,1
  99              		.align	2
 100              	.LC1:
 101 0000 536C6565 		.ascii	"Sleeping...\015\012\000"
 101      70696E67 
 101      2E2E2E0D 
 101      0A00
 102 000e 0000     		.space	2
 103              	.LC3:
 104 0010 4157414B 		.ascii	"AWAKE! \015\012\000"
 104      4521200D 
 104      0A00
 105 001a 0000     		.text
 106              	.Letext0:
 107              		.file 2 "Generated_Source\\PSoC4/cytypes.h"
 108              		.file 3 "Generated_Source\\PSoC4/Pin_SW2_Int.h"
 109              		.file 4 "Generated_Source\\PSoC4/CyLib.h"
 110              		.file 5 "Generated_Source\\PSoC4/UART_SPI_UART.h"
 111              		.file 6 "Generated_Source\\PSoC4/UART.h"
 112              		.file 7 "Generated_Source\\PSoC4/Timer.h"
 113              		.file 8 "Generated_Source\\PSoC4/cyPm.h"
 114              		.file 9 "Generated_Source\\PSoC4/Pin_SW2.h"
 115              		.section	.debug_info,"",%progbits
 116              	.Ldebug_info0:
 117 0000 C5010000 		.4byte	0x1c5
 118 0004 0400     		.2byte	0x4
 119 0006 00000000 		.4byte	.Ldebug_abbrev0
 120 000a 04       		.byte	0x4
 121 000b 01       		.uleb128 0x1
 122 000c 5A010000 		.4byte	.LASF25
 123 0010 01       		.byte	0x1
 124 0011 E8010000 		.4byte	.LASF26
 125 0015 47000000 		.4byte	.LASF27
 126 0019 00000000 		.4byte	.Ldebug_ranges0+0
 127 001d 00000000 		.4byte	0
 128 0021 00000000 		.4byte	.Ldebug_line0
 129 0025 02       		.uleb128 0x2
 130 0026 01       		.byte	0x1
ARM GAS  C:\Users\Chris\AppData\Local\Temp\cc5nbMkl.s 			page 4


 131 0027 06       		.byte	0x6
 132 0028 41010000 		.4byte	.LASF0
 133 002c 02       		.uleb128 0x2
 134 002d 01       		.byte	0x1
 135 002e 08       		.byte	0x8
 136 002f E9000000 		.4byte	.LASF1
 137 0033 02       		.uleb128 0x2
 138 0034 02       		.byte	0x2
 139 0035 05       		.byte	0x5
 140 0036 1D010000 		.4byte	.LASF2
 141 003a 02       		.uleb128 0x2
 142 003b 02       		.byte	0x2
 143 003c 07       		.byte	0x7
 144 003d 2E010000 		.4byte	.LASF3
 145 0041 02       		.uleb128 0x2
 146 0042 04       		.byte	0x4
 147 0043 05       		.byte	0x5
 148 0044 07010000 		.4byte	.LASF4
 149 0048 02       		.uleb128 0x2
 150 0049 04       		.byte	0x4
 151 004a 07       		.byte	0x7
 152 004b 93000000 		.4byte	.LASF5
 153 004f 02       		.uleb128 0x2
 154 0050 08       		.byte	0x8
 155 0051 05       		.byte	0x5
 156 0052 00000000 		.4byte	.LASF6
 157 0056 02       		.uleb128 0x2
 158 0057 08       		.byte	0x8
 159 0058 07       		.byte	0x7
 160 0059 A5000000 		.4byte	.LASF7
 161 005d 03       		.uleb128 0x3
 162 005e 04       		.byte	0x4
 163 005f 05       		.byte	0x5
 164 0060 696E7400 		.ascii	"int\000"
 165 0064 02       		.uleb128 0x2
 166 0065 04       		.byte	0x4
 167 0066 07       		.byte	0x7
 168 0067 2E000000 		.4byte	.LASF8
 169 006b 04       		.uleb128 0x4
 170 006c 8D000000 		.4byte	.LASF9
 171 0070 02       		.byte	0x2
 172 0071 9801     		.2byte	0x198
 173 0073 2C000000 		.4byte	0x2c
 174 0077 04       		.uleb128 0x4
 175 0078 3B000000 		.4byte	.LASF10
 176 007c 02       		.byte	0x2
 177 007d 9A01     		.2byte	0x19a
 178 007f 48000000 		.4byte	0x48
 179 0083 02       		.uleb128 0x2
 180 0084 04       		.byte	0x4
 181 0085 04       		.byte	0x4
 182 0086 D3000000 		.4byte	.LASF11
 183 008a 02       		.uleb128 0x2
 184 008b 08       		.byte	0x8
 185 008c 04       		.byte	0x4
 186 008d 27010000 		.4byte	.LASF12
 187 0091 04       		.uleb128 0x4
ARM GAS  C:\Users\Chris\AppData\Local\Temp\cc5nbMkl.s 			page 5


 188 0092 0D020000 		.4byte	.LASF13
 189 0096 02       		.byte	0x2
 190 0097 A901     		.2byte	0x1a9
 191 0099 9D000000 		.4byte	0x9d
 192 009d 02       		.uleb128 0x2
 193 009e 01       		.byte	0x1
 194 009f 08       		.byte	0x8
 195 00a0 D9000000 		.4byte	.LASF14
 196 00a4 04       		.uleb128 0x4
 197 00a5 10010000 		.4byte	.LASF15
 198 00a9 02       		.byte	0x2
 199 00aa 5402     		.2byte	0x254
 200 00ac B0000000 		.4byte	0xb0
 201 00b0 05       		.uleb128 0x5
 202 00b1 04       		.byte	0x4
 203 00b2 B6000000 		.4byte	0xb6
 204 00b6 06       		.uleb128 0x6
 205 00b7 02       		.uleb128 0x2
 206 00b8 04       		.byte	0x4
 207 00b9 07       		.byte	0x7
 208 00ba 04020000 		.4byte	.LASF16
 209 00be 07       		.uleb128 0x7
 210 00bf F7000000 		.4byte	.LASF17
 211 00c3 01       		.byte	0x1
 212 00c4 0E       		.byte	0xe
 213 00c5 00000000 		.4byte	.LFB34
 214 00c9 08000000 		.4byte	.LFE34-.LFB34
 215 00cd 01       		.uleb128 0x1
 216 00ce 9C       		.byte	0x9c
 217 00cf DD000000 		.4byte	0xdd
 218 00d3 08       		.uleb128 0x8
 219 00d4 06000000 		.4byte	.LVL0
 220 00d8 68010000 		.4byte	0x168
 221 00dc 00       		.byte	0
 222 00dd 09       		.uleb128 0x9
 223 00de 42000000 		.4byte	.LASF18
 224 00e2 01       		.byte	0x1
 225 00e3 13       		.byte	0x13
 226 00e4 5D000000 		.4byte	0x5d
 227 00e8 00000000 		.4byte	.LFB35
 228 00ec 3C000000 		.4byte	.LFE35-.LFB35
 229 00f0 01       		.uleb128 0x1
 230 00f1 9C       		.byte	0x9c
 231 00f2 68010000 		.4byte	0x168
 232 00f6 08       		.uleb128 0x8
 233 00f7 08000000 		.4byte	.LVL1
 234 00fb 73010000 		.4byte	0x173
 235 00ff 0A       		.uleb128 0xa
 236 0100 0E000000 		.4byte	.LVL2
 237 0104 7A010000 		.4byte	0x17a
 238 0108 16010000 		.4byte	0x116
 239 010c 0B       		.uleb128 0xb
 240 010d 01       		.uleb128 0x1
 241 010e 50       		.byte	0x50
 242 010f 05       		.uleb128 0x5
 243 0110 03       		.byte	0x3
 244 0111 00000000 		.4byte	Pin_SW2_Handler
ARM GAS  C:\Users\Chris\AppData\Local\Temp\cc5nbMkl.s 			page 6


 245 0115 00       		.byte	0
 246 0116 0A       		.uleb128 0xa
 247 0117 14000000 		.4byte	.LVL3
 248 011b 8B010000 		.4byte	0x18b
 249 011f 2B010000 		.4byte	0x12b
 250 0123 0B       		.uleb128 0xb
 251 0124 01       		.uleb128 0x1
 252 0125 50       		.byte	0x50
 253 0126 03       		.uleb128 0x3
 254 0127 0A       		.byte	0xa
 255 0128 8813     		.2byte	0x1388
 256 012a 00       		.byte	0
 257 012b 0A       		.uleb128 0xa
 258 012c 1A000000 		.4byte	.LVL4
 259 0130 9C010000 		.4byte	0x19c
 260 0134 42010000 		.4byte	0x142
 261 0138 0B       		.uleb128 0xb
 262 0139 01       		.uleb128 0x1
 263 013a 50       		.byte	0x50
 264 013b 05       		.uleb128 0x5
 265 013c 03       		.byte	0x3
 266 013d 00000000 		.4byte	.LC1
 267 0141 00       		.byte	0
 268 0142 08       		.uleb128 0x8
 269 0143 1E000000 		.4byte	.LVL5
 270 0147 B9010000 		.4byte	0x1b9
 271 014b 08       		.uleb128 0x8
 272 014c 22000000 		.4byte	.LVL6
 273 0150 C1010000 		.4byte	0x1c1
 274 0154 0C       		.uleb128 0xc
 275 0155 28000000 		.4byte	.LVL7
 276 0159 9C010000 		.4byte	0x19c
 277 015d 0B       		.uleb128 0xb
 278 015e 01       		.uleb128 0x1
 279 015f 50       		.byte	0x50
 280 0160 05       		.uleb128 0x5
 281 0161 03       		.byte	0x3
 282 0162 10000000 		.4byte	.LC3
 283 0166 00       		.byte	0
 284 0167 00       		.byte	0
 285 0168 0D       		.uleb128 0xd
 286 0169 BC000000 		.4byte	.LASF28
 287 016d 09       		.byte	0x9
 288 016e 39       		.byte	0x39
 289 016f 6B000000 		.4byte	0x6b
 290 0173 0E       		.uleb128 0xe
 291 0174 DE000000 		.4byte	.LASF22
 292 0178 06       		.byte	0x6
 293 0179 6E       		.byte	0x6e
 294 017a 0F       		.uleb128 0xf
 295 017b 0E000000 		.4byte	.LASF19
 296 017f 03       		.byte	0x3
 297 0180 18       		.byte	0x18
 298 0181 8B010000 		.4byte	0x18b
 299 0185 10       		.uleb128 0x10
 300 0186 A4000000 		.4byte	0xa4
 301 018a 00       		.byte	0
ARM GAS  C:\Users\Chris\AppData\Local\Temp\cc5nbMkl.s 			page 7


 302 018b 0F       		.uleb128 0xf
 303 018c 85000000 		.4byte	.LASF20
 304 0190 04       		.byte	0x4
 305 0191 D7       		.byte	0xd7
 306 0192 9C010000 		.4byte	0x19c
 307 0196 10       		.uleb128 0x10
 308 0197 77000000 		.4byte	0x77
 309 019b 00       		.byte	0
 310 019c 11       		.uleb128 0x11
 311 019d F1010000 		.4byte	.LASF21
 312 01a1 05       		.byte	0x5
 313 01a2 2103     		.2byte	0x321
 314 01a4 AE010000 		.4byte	0x1ae
 315 01a8 10       		.uleb128 0x10
 316 01a9 AE010000 		.4byte	0x1ae
 317 01ad 00       		.byte	0
 318 01ae 05       		.uleb128 0x5
 319 01af 04       		.byte	0x4
 320 01b0 B4010000 		.4byte	0x1b4
 321 01b4 12       		.uleb128 0x12
 322 01b5 91000000 		.4byte	0x91
 323 01b9 13       		.uleb128 0x13
 324 01ba 22000000 		.4byte	.LASF23
 325 01be 07       		.byte	0x7
 326 01bf 3201     		.2byte	0x132
 327 01c1 0E       		.uleb128 0xe
 328 01c2 4D010000 		.4byte	.LASF24
 329 01c6 08       		.byte	0x8
 330 01c7 56       		.byte	0x56
 331 01c8 00       		.byte	0
 332              		.section	.debug_abbrev,"",%progbits
 333              	.Ldebug_abbrev0:
 334 0000 01       		.uleb128 0x1
 335 0001 11       		.uleb128 0x11
 336 0002 01       		.byte	0x1
 337 0003 25       		.uleb128 0x25
 338 0004 0E       		.uleb128 0xe
 339 0005 13       		.uleb128 0x13
 340 0006 0B       		.uleb128 0xb
 341 0007 03       		.uleb128 0x3
 342 0008 0E       		.uleb128 0xe
 343 0009 1B       		.uleb128 0x1b
 344 000a 0E       		.uleb128 0xe
 345 000b 55       		.uleb128 0x55
 346 000c 17       		.uleb128 0x17
 347 000d 11       		.uleb128 0x11
 348 000e 01       		.uleb128 0x1
 349 000f 10       		.uleb128 0x10
 350 0010 17       		.uleb128 0x17
 351 0011 00       		.byte	0
 352 0012 00       		.byte	0
 353 0013 02       		.uleb128 0x2
 354 0014 24       		.uleb128 0x24
 355 0015 00       		.byte	0
 356 0016 0B       		.uleb128 0xb
 357 0017 0B       		.uleb128 0xb
 358 0018 3E       		.uleb128 0x3e
ARM GAS  C:\Users\Chris\AppData\Local\Temp\cc5nbMkl.s 			page 8


 359 0019 0B       		.uleb128 0xb
 360 001a 03       		.uleb128 0x3
 361 001b 0E       		.uleb128 0xe
 362 001c 00       		.byte	0
 363 001d 00       		.byte	0
 364 001e 03       		.uleb128 0x3
 365 001f 24       		.uleb128 0x24
 366 0020 00       		.byte	0
 367 0021 0B       		.uleb128 0xb
 368 0022 0B       		.uleb128 0xb
 369 0023 3E       		.uleb128 0x3e
 370 0024 0B       		.uleb128 0xb
 371 0025 03       		.uleb128 0x3
 372 0026 08       		.uleb128 0x8
 373 0027 00       		.byte	0
 374 0028 00       		.byte	0
 375 0029 04       		.uleb128 0x4
 376 002a 16       		.uleb128 0x16
 377 002b 00       		.byte	0
 378 002c 03       		.uleb128 0x3
 379 002d 0E       		.uleb128 0xe
 380 002e 3A       		.uleb128 0x3a
 381 002f 0B       		.uleb128 0xb
 382 0030 3B       		.uleb128 0x3b
 383 0031 05       		.uleb128 0x5
 384 0032 49       		.uleb128 0x49
 385 0033 13       		.uleb128 0x13
 386 0034 00       		.byte	0
 387 0035 00       		.byte	0
 388 0036 05       		.uleb128 0x5
 389 0037 0F       		.uleb128 0xf
 390 0038 00       		.byte	0
 391 0039 0B       		.uleb128 0xb
 392 003a 0B       		.uleb128 0xb
 393 003b 49       		.uleb128 0x49
 394 003c 13       		.uleb128 0x13
 395 003d 00       		.byte	0
 396 003e 00       		.byte	0
 397 003f 06       		.uleb128 0x6
 398 0040 15       		.uleb128 0x15
 399 0041 00       		.byte	0
 400 0042 27       		.uleb128 0x27
 401 0043 19       		.uleb128 0x19
 402 0044 00       		.byte	0
 403 0045 00       		.byte	0
 404 0046 07       		.uleb128 0x7
 405 0047 2E       		.uleb128 0x2e
 406 0048 01       		.byte	0x1
 407 0049 3F       		.uleb128 0x3f
 408 004a 19       		.uleb128 0x19
 409 004b 03       		.uleb128 0x3
 410 004c 0E       		.uleb128 0xe
 411 004d 3A       		.uleb128 0x3a
 412 004e 0B       		.uleb128 0xb
 413 004f 3B       		.uleb128 0x3b
 414 0050 0B       		.uleb128 0xb
 415 0051 27       		.uleb128 0x27
ARM GAS  C:\Users\Chris\AppData\Local\Temp\cc5nbMkl.s 			page 9


 416 0052 19       		.uleb128 0x19
 417 0053 11       		.uleb128 0x11
 418 0054 01       		.uleb128 0x1
 419 0055 12       		.uleb128 0x12
 420 0056 06       		.uleb128 0x6
 421 0057 40       		.uleb128 0x40
 422 0058 18       		.uleb128 0x18
 423 0059 9742     		.uleb128 0x2117
 424 005b 19       		.uleb128 0x19
 425 005c 01       		.uleb128 0x1
 426 005d 13       		.uleb128 0x13
 427 005e 00       		.byte	0
 428 005f 00       		.byte	0
 429 0060 08       		.uleb128 0x8
 430 0061 898201   		.uleb128 0x4109
 431 0064 00       		.byte	0
 432 0065 11       		.uleb128 0x11
 433 0066 01       		.uleb128 0x1
 434 0067 31       		.uleb128 0x31
 435 0068 13       		.uleb128 0x13
 436 0069 00       		.byte	0
 437 006a 00       		.byte	0
 438 006b 09       		.uleb128 0x9
 439 006c 2E       		.uleb128 0x2e
 440 006d 01       		.byte	0x1
 441 006e 3F       		.uleb128 0x3f
 442 006f 19       		.uleb128 0x19
 443 0070 03       		.uleb128 0x3
 444 0071 0E       		.uleb128 0xe
 445 0072 3A       		.uleb128 0x3a
 446 0073 0B       		.uleb128 0xb
 447 0074 3B       		.uleb128 0x3b
 448 0075 0B       		.uleb128 0xb
 449 0076 49       		.uleb128 0x49
 450 0077 13       		.uleb128 0x13
 451 0078 11       		.uleb128 0x11
 452 0079 01       		.uleb128 0x1
 453 007a 12       		.uleb128 0x12
 454 007b 06       		.uleb128 0x6
 455 007c 40       		.uleb128 0x40
 456 007d 18       		.uleb128 0x18
 457 007e 9742     		.uleb128 0x2117
 458 0080 19       		.uleb128 0x19
 459 0081 01       		.uleb128 0x1
 460 0082 13       		.uleb128 0x13
 461 0083 00       		.byte	0
 462 0084 00       		.byte	0
 463 0085 0A       		.uleb128 0xa
 464 0086 898201   		.uleb128 0x4109
 465 0089 01       		.byte	0x1
 466 008a 11       		.uleb128 0x11
 467 008b 01       		.uleb128 0x1
 468 008c 31       		.uleb128 0x31
 469 008d 13       		.uleb128 0x13
 470 008e 01       		.uleb128 0x1
 471 008f 13       		.uleb128 0x13
 472 0090 00       		.byte	0
ARM GAS  C:\Users\Chris\AppData\Local\Temp\cc5nbMkl.s 			page 10


 473 0091 00       		.byte	0
 474 0092 0B       		.uleb128 0xb
 475 0093 8A8201   		.uleb128 0x410a
 476 0096 00       		.byte	0
 477 0097 02       		.uleb128 0x2
 478 0098 18       		.uleb128 0x18
 479 0099 9142     		.uleb128 0x2111
 480 009b 18       		.uleb128 0x18
 481 009c 00       		.byte	0
 482 009d 00       		.byte	0
 483 009e 0C       		.uleb128 0xc
 484 009f 898201   		.uleb128 0x4109
 485 00a2 01       		.byte	0x1
 486 00a3 11       		.uleb128 0x11
 487 00a4 01       		.uleb128 0x1
 488 00a5 31       		.uleb128 0x31
 489 00a6 13       		.uleb128 0x13
 490 00a7 00       		.byte	0
 491 00a8 00       		.byte	0
 492 00a9 0D       		.uleb128 0xd
 493 00aa 2E       		.uleb128 0x2e
 494 00ab 00       		.byte	0
 495 00ac 3F       		.uleb128 0x3f
 496 00ad 19       		.uleb128 0x19
 497 00ae 03       		.uleb128 0x3
 498 00af 0E       		.uleb128 0xe
 499 00b0 3A       		.uleb128 0x3a
 500 00b1 0B       		.uleb128 0xb
 501 00b2 3B       		.uleb128 0x3b
 502 00b3 0B       		.uleb128 0xb
 503 00b4 27       		.uleb128 0x27
 504 00b5 19       		.uleb128 0x19
 505 00b6 49       		.uleb128 0x49
 506 00b7 13       		.uleb128 0x13
 507 00b8 3C       		.uleb128 0x3c
 508 00b9 19       		.uleb128 0x19
 509 00ba 00       		.byte	0
 510 00bb 00       		.byte	0
 511 00bc 0E       		.uleb128 0xe
 512 00bd 2E       		.uleb128 0x2e
 513 00be 00       		.byte	0
 514 00bf 3F       		.uleb128 0x3f
 515 00c0 19       		.uleb128 0x19
 516 00c1 03       		.uleb128 0x3
 517 00c2 0E       		.uleb128 0xe
 518 00c3 3A       		.uleb128 0x3a
 519 00c4 0B       		.uleb128 0xb
 520 00c5 3B       		.uleb128 0x3b
 521 00c6 0B       		.uleb128 0xb
 522 00c7 27       		.uleb128 0x27
 523 00c8 19       		.uleb128 0x19
 524 00c9 3C       		.uleb128 0x3c
 525 00ca 19       		.uleb128 0x19
 526 00cb 00       		.byte	0
 527 00cc 00       		.byte	0
 528 00cd 0F       		.uleb128 0xf
 529 00ce 2E       		.uleb128 0x2e
ARM GAS  C:\Users\Chris\AppData\Local\Temp\cc5nbMkl.s 			page 11


 530 00cf 01       		.byte	0x1
 531 00d0 3F       		.uleb128 0x3f
 532 00d1 19       		.uleb128 0x19
 533 00d2 03       		.uleb128 0x3
 534 00d3 0E       		.uleb128 0xe
 535 00d4 3A       		.uleb128 0x3a
 536 00d5 0B       		.uleb128 0xb
 537 00d6 3B       		.uleb128 0x3b
 538 00d7 0B       		.uleb128 0xb
 539 00d8 27       		.uleb128 0x27
 540 00d9 19       		.uleb128 0x19
 541 00da 3C       		.uleb128 0x3c
 542 00db 19       		.uleb128 0x19
 543 00dc 01       		.uleb128 0x1
 544 00dd 13       		.uleb128 0x13
 545 00de 00       		.byte	0
 546 00df 00       		.byte	0
 547 00e0 10       		.uleb128 0x10
 548 00e1 05       		.uleb128 0x5
 549 00e2 00       		.byte	0
 550 00e3 49       		.uleb128 0x49
 551 00e4 13       		.uleb128 0x13
 552 00e5 00       		.byte	0
 553 00e6 00       		.byte	0
 554 00e7 11       		.uleb128 0x11
 555 00e8 2E       		.uleb128 0x2e
 556 00e9 01       		.byte	0x1
 557 00ea 3F       		.uleb128 0x3f
 558 00eb 19       		.uleb128 0x19
 559 00ec 03       		.uleb128 0x3
 560 00ed 0E       		.uleb128 0xe
 561 00ee 3A       		.uleb128 0x3a
 562 00ef 0B       		.uleb128 0xb
 563 00f0 3B       		.uleb128 0x3b
 564 00f1 05       		.uleb128 0x5
 565 00f2 27       		.uleb128 0x27
 566 00f3 19       		.uleb128 0x19
 567 00f4 3C       		.uleb128 0x3c
 568 00f5 19       		.uleb128 0x19
 569 00f6 01       		.uleb128 0x1
 570 00f7 13       		.uleb128 0x13
 571 00f8 00       		.byte	0
 572 00f9 00       		.byte	0
 573 00fa 12       		.uleb128 0x12
 574 00fb 26       		.uleb128 0x26
 575 00fc 00       		.byte	0
 576 00fd 49       		.uleb128 0x49
 577 00fe 13       		.uleb128 0x13
 578 00ff 00       		.byte	0
 579 0100 00       		.byte	0
 580 0101 13       		.uleb128 0x13
 581 0102 2E       		.uleb128 0x2e
 582 0103 00       		.byte	0
 583 0104 3F       		.uleb128 0x3f
 584 0105 19       		.uleb128 0x19
 585 0106 03       		.uleb128 0x3
 586 0107 0E       		.uleb128 0xe
ARM GAS  C:\Users\Chris\AppData\Local\Temp\cc5nbMkl.s 			page 12


 587 0108 3A       		.uleb128 0x3a
 588 0109 0B       		.uleb128 0xb
 589 010a 3B       		.uleb128 0x3b
 590 010b 05       		.uleb128 0x5
 591 010c 27       		.uleb128 0x27
 592 010d 19       		.uleb128 0x19
 593 010e 3C       		.uleb128 0x3c
 594 010f 19       		.uleb128 0x19
 595 0110 00       		.byte	0
 596 0111 00       		.byte	0
 597 0112 00       		.byte	0
 598              		.section	.debug_aranges,"",%progbits
 599 0000 24000000 		.4byte	0x24
 600 0004 0200     		.2byte	0x2
 601 0006 00000000 		.4byte	.Ldebug_info0
 602 000a 04       		.byte	0x4
 603 000b 00       		.byte	0
 604 000c 0000     		.2byte	0
 605 000e 0000     		.2byte	0
 606 0010 00000000 		.4byte	.LFB34
 607 0014 08000000 		.4byte	.LFE34-.LFB34
 608 0018 00000000 		.4byte	.LFB35
 609 001c 3C000000 		.4byte	.LFE35-.LFB35
 610 0020 00000000 		.4byte	0
 611 0024 00000000 		.4byte	0
 612              		.section	.debug_ranges,"",%progbits
 613              	.Ldebug_ranges0:
 614 0000 00000000 		.4byte	.LFB34
 615 0004 08000000 		.4byte	.LFE34
 616 0008 00000000 		.4byte	.LFB35
 617 000c 3C000000 		.4byte	.LFE35
 618 0010 00000000 		.4byte	0
 619 0014 00000000 		.4byte	0
 620              		.section	.debug_line,"",%progbits
 621              	.Ldebug_line0:
 622 0000 E5000000 		.section	.debug_str,"MS",%progbits,1
 622      02009E00 
 622      00000201 
 622      FB0E0D00 
 622      01010101 
 623              	.LASF6:
 624 0000 6C6F6E67 		.ascii	"long long int\000"
 624      206C6F6E 
 624      6720696E 
 624      7400
 625              	.LASF19:
 626 000e 50696E5F 		.ascii	"Pin_SW2_Int_StartEx\000"
 626      5357325F 
 626      496E745F 
 626      53746172 
 626      74457800 
 627              	.LASF23:
 628 0022 54696D65 		.ascii	"Timer_Start\000"
 628      725F5374 
 628      61727400 
 629              	.LASF8:
 630 002e 756E7369 		.ascii	"unsigned int\000"
ARM GAS  C:\Users\Chris\AppData\Local\Temp\cc5nbMkl.s 			page 13


 630      676E6564 
 630      20696E74 
 630      00
 631              	.LASF10:
 632 003b 75696E74 		.ascii	"uint32\000"
 632      333200
 633              	.LASF18:
 634 0042 6D61696E 		.ascii	"main\000"
 634      00
 635              	.LASF27:
 636 0047 433A5C55 		.ascii	"C:\\Users\\Chris\\Desktop\\ECEC 304\\Labs\\Lesson16"
 636      73657273 
 636      5C436872 
 636      69735C44 
 636      65736B74 
 637 0074 5F436861 		.ascii	"_Challenge.cydsn\000"
 637      6C6C656E 
 637      67652E63 
 637      7964736E 
 637      00
 638              	.LASF20:
 639 0085 43794465 		.ascii	"CyDelay\000"
 639      6C617900 
 640              	.LASF9:
 641 008d 75696E74 		.ascii	"uint8\000"
 641      3800
 642              	.LASF5:
 643 0093 6C6F6E67 		.ascii	"long unsigned int\000"
 643      20756E73 
 643      69676E65 
 643      6420696E 
 643      7400
 644              	.LASF7:
 645 00a5 6C6F6E67 		.ascii	"long long unsigned int\000"
 645      206C6F6E 
 645      6720756E 
 645      7369676E 
 645      65642069 
 646              	.LASF28:
 647 00bc 50696E5F 		.ascii	"Pin_SW2_ClearInterrupt\000"
 647      5357325F 
 647      436C6561 
 647      72496E74 
 647      65727275 
 648              	.LASF11:
 649 00d3 666C6F61 		.ascii	"float\000"
 649      7400
 650              	.LASF14:
 651 00d9 63686172 		.ascii	"char\000"
 651      00
 652              	.LASF22:
 653 00de 55415254 		.ascii	"UART_Start\000"
 653      5F537461 
 653      727400
 654              	.LASF1:
 655 00e9 756E7369 		.ascii	"unsigned char\000"
 655      676E6564 
ARM GAS  C:\Users\Chris\AppData\Local\Temp\cc5nbMkl.s 			page 14


 655      20636861 
 655      7200
 656              	.LASF17:
 657 00f7 50696E5F 		.ascii	"Pin_SW2_Handler\000"
 657      5357325F 
 657      48616E64 
 657      6C657200 
 658              	.LASF4:
 659 0107 6C6F6E67 		.ascii	"long int\000"
 659      20696E74 
 659      00
 660              	.LASF15:
 661 0110 63796973 		.ascii	"cyisraddress\000"
 661      72616464 
 661      72657373 
 661      00
 662              	.LASF2:
 663 011d 73686F72 		.ascii	"short int\000"
 663      7420696E 
 663      7400
 664              	.LASF12:
 665 0127 646F7562 		.ascii	"double\000"
 665      6C6500
 666              	.LASF3:
 667 012e 73686F72 		.ascii	"short unsigned int\000"
 667      7420756E 
 667      7369676E 
 667      65642069 
 667      6E7400
 668              	.LASF0:
 669 0141 7369676E 		.ascii	"signed char\000"
 669      65642063 
 669      68617200 
 670              	.LASF24:
 671 014d 43795379 		.ascii	"CySysPmSleep\000"
 671      73506D53 
 671      6C656570 
 671      00
 672              	.LASF25:
 673 015a 474E5520 		.ascii	"GNU C 4.9.3 20150303 (release) [ARM/embedded-4_9-br"
 673      4320342E 
 673      392E3320 
 673      32303135 
 673      30333033 
 674 018d 616E6368 		.ascii	"anch revision 221220] -mcpu=cortex-m0 -mthumb -g -O"
 674      20726576 
 674      6973696F 
 674      6E203232 
 674      31323230 
 675 01c0 67202D66 		.ascii	"g -ffunction-sections -ffat-lto-objects\000"
 675      66756E63 
 675      74696F6E 
 675      2D736563 
 675      74696F6E 
 676              	.LASF26:
 677 01e8 2E5C6D61 		.ascii	".\\main.c\000"
 677      696E2E63 
ARM GAS  C:\Users\Chris\AppData\Local\Temp\cc5nbMkl.s 			page 15


 677      00
 678              	.LASF21:
 679 01f1 55415254 		.ascii	"UART_UartPutString\000"
 679      5F556172 
 679      74507574 
 679      53747269 
 679      6E6700
 680              	.LASF16:
 681 0204 73697A65 		.ascii	"sizetype\000"
 681      74797065 
 681      00
 682              	.LASF13:
 683 020d 63686172 		.ascii	"char8\000"
 683      3800
 684              		.ident	"GCC: (GNU Tools for ARM Embedded Processors) 4.9.3 20150303 (release) [ARM/embedded-4_9-br
