Loading plugins phase: Elapsed time ==> 0s.841ms
Initializing data phase: Elapsed time ==> 0s.000ms
<CYPRESSTAG name="CyDsfit arguments...">
cydsfit arguments: -.fdsnotice -.fdswarpdepfile=warp_dependencies.txt -.fdselabdepfile=elab_dependencies.txt -.fdsbldfile=generated_files.txt -p C:\Users\cdc75\Desktop\Labs\Lesson6.cydsn\Lesson6.cyprj -d CY8C4245AXI-483 -s C:\Users\cdc75\Desktop\Labs\Lesson6.cydsn\Generated_Source\PSoC4 -- -yv2 -q10 -ygs -o2 -v3 -.fftcfgtype=LE</CYPRESSTAG>
<CYPRESSTAG name="Design elaboration results...">
</CYPRESSTAG>
Elaboration phase: Elapsed time ==> 0s.441ms
<CYPRESSTAG name="HDL generation results...">
</CYPRESSTAG>
HDL generation phase: Elapsed time ==> 0s.026ms
<CYPRESSTAG name="Synthesis results...">

     | | | | | | |
   _________________
  -|               |-
  -|               |-
  -|               |-
  -|    CYPRESS    |-
  -|               |-
  -|               |-   Warp Verilog Synthesis Compiler: Version 6.3 IR 41
  -|               |-   Copyright (C) 1991-2001 Cypress Semiconductor
   |_______________|
     | | | | | | |

======================================================================
Compiling:  Lesson6.v
Program  :   C:\Program Files (x86)\Cypress\PSoC Creator\3.3\PSoC Creator\warp\bin/warp.exe
Options  :    -yv2 -q10 -ygs -o2 -v3 -.fftcfgtype=LE -ya -.fftprj=C:\Users\cdc75\Desktop\Labs\Lesson6.cydsn\Lesson6.cyprj -dcpsoc3 Lesson6.v -verilog
======================================================================

======================================================================
Compiling:  Lesson6.v
Program  :   C:\Program Files (x86)\Cypress\PSoC Creator\3.3\PSoC Creator\warp\bin/warp.exe
Options  :    -yv2 -q10 -ygs -o2 -v3 -.fftcfgtype=LE -ya -.fftprj=C:\Users\cdc75\Desktop\Labs\Lesson6.cydsn\Lesson6.cyprj -dcpsoc3 Lesson6.v -verilog
======================================================================

======================================================================
Compiling:  Lesson6.v
Program  :   vlogfe
Options  :    -yv2 -q10 -ygs -o2 -v3 -.fftcfgtype=LE -ya -.fftprj=C:\Users\cdc75\Desktop\Labs\Lesson6.cydsn\Lesson6.cyprj -dcpsoc3 -verilog Lesson6.v
======================================================================

vlogfe V6.3 IR 41:  Verilog parser
Thu Jun 29 12:36:23 2017


======================================================================
Compiling:  Lesson6.v
Program  :   vpp
Options  :    -yv2 -q10 Lesson6.v
======================================================================

vpp V6.3 IR 41:  Verilog Pre-Processor
Thu Jun 29 12:36:23 2017

Flattening file 'C:\Program Files (x86)\Cypress\PSoC Creator\3.3\PSoC Creator\psoc\content\cyprimitives\CyPrimitives.cylib\not_v1_0\not_v1_0.v'
Flattening file 'C:\Program Files (x86)\Cypress\PSoC Creator\3.3\PSoC Creator\psoc\content\cycomponentlibrary\CyComponentLibrary.cylib\BasicCounter_v1_0\BasicCounter_v1_0.v'
Flattening file 'C:\Program Files (x86)\Cypress\PSoC Creator\3.3\PSoC Creator\warp\lib\common\cypress.v'
Flattening file 'C:\Program Files (x86)\Cypress\PSoC Creator\3.3\PSoC Creator\warp\lib\common\cy_psoc3_inc.v'
Flattening file 'C:\Program Files (x86)\Cypress\PSoC Creator\3.3\PSoC Creator\psoc\content\cyprimitives\CyPrimitives.cylib\cy_constant_v1_0\cy_constant_v1_0.v'

vpp:  No errors.

Library 'work' => directory 'lcpsoc3'
General_symbol_table
General_symbol_table
Linking 'C:\Program Files (x86)\Cypress\PSoC Creator\3.3\PSoC Creator\warp\lib\common\std.vhd'.
Linking 'C:\Program Files (x86)\Cypress\PSoC Creator\3.3\PSoC Creator\warp\lib\common\cypress.vhd'.
Linking 'C:\Program Files (x86)\Cypress\PSoC Creator\3.3\PSoC Creator\warp\lib\common\work\cypress.vif'.
Linking 'C:\Program Files (x86)\Cypress\PSoC Creator\3.3\PSoC Creator\warp\lib\ieee\work\stdlogic.vif'.
Linking 'C:\Program Files (x86)\Cypress\PSoC Creator\3.3\PSoC Creator\warp\lib\common\stdlogic\lpmpkg.vif'.
Linking 'C:\Program Files (x86)\Cypress\PSoC Creator\3.3\PSoC Creator\warp\lib\common\stdlogic\rtlpkg.vif'.
Linking 'C:\Program Files (x86)\Cypress\PSoC Creator\3.3\PSoC Creator\warp\lib\common\stdlogic\mod_cnst.vif'.
Linking 'C:\Program Files (x86)\Cypress\PSoC Creator\3.3\PSoC Creator\warp\lib\common\stdlogic\mod_mthv.vif'.
Linking 'C:\Program Files (x86)\Cypress\PSoC Creator\3.3\PSoC Creator\warp\lib\common\stdlogic\mod_genv.vif'.
Using control file 'Lesson6.ctl'.
C:\Program Files (x86)\Cypress\PSoC Creator\3.3\PSoC Creator\psoc\content\cycomponentlibrary\CyComponentLibrary.cylib\BasicCounter_v1_0\BasicCounter_v1_0.v (line 59, col 28):  Note: Substituting module 'add_vi_vv' for '+'.

vlogfe:  No errors.


======================================================================
Compiling:  Lesson6.v
Program  :   tovif
Options  :    -yv2 -q10 -ygs -o2 -v3 -.fftcfgtype=LE -ya -.fftprj=C:\Users\cdc75\Desktop\Labs\Lesson6.cydsn\Lesson6.cyprj -dcpsoc3 -verilog Lesson6.v
======================================================================

tovif V6.3 IR 41:  High-level synthesis
Thu Jun 29 12:36:23 2017

Linking 'C:\Program Files (x86)\Cypress\PSoC Creator\3.3\PSoC Creator\warp\lib\common\std.vhd'.
Linking 'C:\Program Files (x86)\Cypress\PSoC Creator\3.3\PSoC Creator\warp\lib\common\cypress.vhd'.
Linking 'C:\Program Files (x86)\Cypress\PSoC Creator\3.3\PSoC Creator\warp\lib\common\work\cypress.vif'.
Linking 'C:\Program Files (x86)\Cypress\PSoC Creator\3.3\PSoC Creator\warp\lib\ieee\work\stdlogic.vif'.
Linking 'C:\Program Files (x86)\Cypress\PSoC Creator\3.3\PSoC Creator\warp\lib\common\stdlogic\lpmpkg.vif'.
Linking 'C:\Program Files (x86)\Cypress\PSoC Creator\3.3\PSoC Creator\warp\lib\common\stdlogic\rtlpkg.vif'.
Linking 'C:\Program Files (x86)\Cypress\PSoC Creator\3.3\PSoC Creator\warp\lib\common\stdlogic\mod_cnst.vif'.
Linking 'C:\Program Files (x86)\Cypress\PSoC Creator\3.3\PSoC Creator\warp\lib\common\stdlogic\mod_mthv.vif'.
Linking 'C:\Program Files (x86)\Cypress\PSoC Creator\3.3\PSoC Creator\warp\lib\common\stdlogic\mod_genv.vif'.
Linking 'C:\Users\cdc75\Desktop\Labs\Lesson6.cydsn\codegentemp\Lesson6.ctl'.
Linking 'C:\Program Files (x86)\Cypress\PSoC Creator\3.3\PSoC Creator\psoc\content\cyprimitives\CyPrimitives.cylib\not_v1_0\not_v1_0.v'.
Linking 'C:\Users\cdc75\Desktop\Labs\Lesson6.cydsn\codegentemp\Lesson6.v'.
Linking 'C:\Program Files (x86)\Cypress\PSoC Creator\3.3\PSoC Creator\psoc\content\cycomponentlibrary\CyComponentLibrary.cylib\BasicCounter_v1_0\BasicCounter_v1_0.v'.
Linking 'C:\Program Files (x86)\Cypress\PSoC Creator\3.3\PSoC Creator\warp\lib\common\cypress.v'.
Linking 'C:\Program Files (x86)\Cypress\PSoC Creator\3.3\PSoC Creator\warp\lib\common\cy_psoc3_inc.v'.
Linking 'C:\Program Files (x86)\Cypress\PSoC Creator\3.3\PSoC Creator\psoc\content\cyprimitives\CyPrimitives.cylib\cy_constant_v1_0\cy_constant_v1_0.v'.
Linking 'C:\Program Files (x86)\Cypress\PSoC Creator\3.3\PSoC Creator\warp\lib\lcpsoc3\stdlogic\mod_cnst.vif'.

tovif:  No errors.


======================================================================
Compiling:  Lesson6.v
Program  :   topld
Options  :    -yv2 -q10 -ygs -o2 -v3 -.fftcfgtype=LE -ya -.fftprj=C:\Users\cdc75\Desktop\Labs\Lesson6.cydsn\Lesson6.cyprj -dcpsoc3 -verilog Lesson6.v
======================================================================

topld V6.3 IR 41:  Synthesis and optimization
Thu Jun 29 12:36:24 2017

Linking 'C:\Program Files (x86)\Cypress\PSoC Creator\3.3\PSoC Creator\warp\lib\common\std.vhd'.
Linking 'C:\Program Files (x86)\Cypress\PSoC Creator\3.3\PSoC Creator\warp\lib\common\cypress.vhd'.
Linking 'C:\Program Files (x86)\Cypress\PSoC Creator\3.3\PSoC Creator\warp\lib\common\work\cypress.vif'.
Linking 'C:\Program Files (x86)\Cypress\PSoC Creator\3.3\PSoC Creator\warp\lib\ieee\work\stdlogic.vif'.
Linking 'C:\Program Files (x86)\Cypress\PSoC Creator\3.3\PSoC Creator\warp\lib\common\stdlogic\lpmpkg.vif'.
Linking 'C:\Program Files (x86)\Cypress\PSoC Creator\3.3\PSoC Creator\warp\lib\common\stdlogic\rtlpkg.vif'.
Linking 'C:\Program Files (x86)\Cypress\PSoC Creator\3.3\PSoC Creator\warp\lib\common\stdlogic\mod_cnst.vif'.
Linking 'C:\Program Files (x86)\Cypress\PSoC Creator\3.3\PSoC Creator\warp\lib\common\stdlogic\mod_mthv.vif'.
Linking 'C:\Program Files (x86)\Cypress\PSoC Creator\3.3\PSoC Creator\warp\lib\common\stdlogic\mod_genv.vif'.
Linking 'C:\Users\cdc75\Desktop\Labs\Lesson6.cydsn\codegentemp\Lesson6.ctl'.
Linking 'C:\Program Files (x86)\Cypress\PSoC Creator\3.3\PSoC Creator\psoc\content\cyprimitives\CyPrimitives.cylib\not_v1_0\not_v1_0.v'.
Linking 'C:\Users\cdc75\Desktop\Labs\Lesson6.cydsn\codegentemp\Lesson6.v'.
Linking 'C:\Program Files (x86)\Cypress\PSoC Creator\3.3\PSoC Creator\psoc\content\cycomponentlibrary\CyComponentLibrary.cylib\BasicCounter_v1_0\BasicCounter_v1_0.v'.
Linking 'C:\Program Files (x86)\Cypress\PSoC Creator\3.3\PSoC Creator\warp\lib\common\cypress.v'.
Linking 'C:\Program Files (x86)\Cypress\PSoC Creator\3.3\PSoC Creator\warp\lib\common\cy_psoc3_inc.v'.
Linking 'C:\Program Files (x86)\Cypress\PSoC Creator\3.3\PSoC Creator\psoc\content\cyprimitives\CyPrimitives.cylib\cy_constant_v1_0\cy_constant_v1_0.v'.
Linking 'C:\Program Files (x86)\Cypress\PSoC Creator\3.3\PSoC Creator\warp\lib\lcpsoc3\stdlogic\mod_cnst.vif'.
Linking 'C:\Program Files (x86)\Cypress\PSoC Creator\3.3\PSoC Creator\warp\lib\lcpsoc3\stdlogic\cpsoc3.vif'.

----------------------------------------------------------
Detecting unused logic.
----------------------------------------------------------
    User names
	\BasicCounter_1:MODULE_1:b_31\
	\BasicCounter_1:MODULE_1:b_30\
	\BasicCounter_1:MODULE_1:b_29\
	\BasicCounter_1:MODULE_1:b_28\
	\BasicCounter_1:MODULE_1:b_27\
	\BasicCounter_1:MODULE_1:b_26\
	\BasicCounter_1:MODULE_1:b_25\
	\BasicCounter_1:MODULE_1:b_24\
	\BasicCounter_1:MODULE_1:b_23\
	\BasicCounter_1:MODULE_1:b_22\
	\BasicCounter_1:MODULE_1:b_21\
	\BasicCounter_1:MODULE_1:b_20\
	\BasicCounter_1:MODULE_1:b_19\
	\BasicCounter_1:MODULE_1:b_18\
	\BasicCounter_1:MODULE_1:b_17\
	\BasicCounter_1:MODULE_1:b_16\
	\BasicCounter_1:MODULE_1:b_15\
	\BasicCounter_1:MODULE_1:b_14\
	\BasicCounter_1:MODULE_1:b_13\
	\BasicCounter_1:MODULE_1:b_12\
	\BasicCounter_1:MODULE_1:b_11\
	\BasicCounter_1:MODULE_1:b_10\
	\BasicCounter_1:MODULE_1:b_9\
	\BasicCounter_1:MODULE_1:b_8\
	\BasicCounter_1:MODULE_1:b_7\
	\BasicCounter_1:MODULE_1:b_6\
	\BasicCounter_1:MODULE_1:b_5\
	\BasicCounter_1:MODULE_1:b_4\
	\BasicCounter_1:MODULE_1:b_3\
	\BasicCounter_1:MODULE_1:b_2\
	\BasicCounter_1:MODULE_1:b_1\
	\BasicCounter_1:MODULE_1:b_0\
	\BasicCounter_1:MODULE_1:g2:a0:a_31\
	\BasicCounter_1:MODULE_1:g2:a0:a_30\
	\BasicCounter_1:MODULE_1:g2:a0:a_29\
	\BasicCounter_1:MODULE_1:g2:a0:a_28\
	\BasicCounter_1:MODULE_1:g2:a0:a_27\
	\BasicCounter_1:MODULE_1:g2:a0:a_26\
	\BasicCounter_1:MODULE_1:g2:a0:a_25\
	\BasicCounter_1:MODULE_1:g2:a0:a_24\
	\BasicCounter_1:MODULE_1:g2:a0:b_31\
	\BasicCounter_1:MODULE_1:g2:a0:b_30\
	\BasicCounter_1:MODULE_1:g2:a0:b_29\
	\BasicCounter_1:MODULE_1:g2:a0:b_28\
	\BasicCounter_1:MODULE_1:g2:a0:b_27\
	\BasicCounter_1:MODULE_1:g2:a0:b_26\
	\BasicCounter_1:MODULE_1:g2:a0:b_25\
	\BasicCounter_1:MODULE_1:g2:a0:b_24\
	\BasicCounter_1:MODULE_1:g2:a0:b_23\
	\BasicCounter_1:MODULE_1:g2:a0:b_22\
	\BasicCounter_1:MODULE_1:g2:a0:b_21\
	\BasicCounter_1:MODULE_1:g2:a0:b_20\
	\BasicCounter_1:MODULE_1:g2:a0:b_19\
	\BasicCounter_1:MODULE_1:g2:a0:b_18\
	\BasicCounter_1:MODULE_1:g2:a0:b_17\
	\BasicCounter_1:MODULE_1:g2:a0:b_16\
	\BasicCounter_1:MODULE_1:g2:a0:b_15\
	\BasicCounter_1:MODULE_1:g2:a0:b_14\
	\BasicCounter_1:MODULE_1:g2:a0:b_13\
	\BasicCounter_1:MODULE_1:g2:a0:b_12\
	\BasicCounter_1:MODULE_1:g2:a0:b_11\
	\BasicCounter_1:MODULE_1:g2:a0:b_10\
	\BasicCounter_1:MODULE_1:g2:a0:b_9\
	\BasicCounter_1:MODULE_1:g2:a0:b_8\
	\BasicCounter_1:MODULE_1:g2:a0:b_7\
	\BasicCounter_1:MODULE_1:g2:a0:b_6\
	\BasicCounter_1:MODULE_1:g2:a0:b_5\
	\BasicCounter_1:MODULE_1:g2:a0:b_4\
	\BasicCounter_1:MODULE_1:g2:a0:b_3\
	\BasicCounter_1:MODULE_1:g2:a0:b_2\
	\BasicCounter_1:MODULE_1:g2:a0:b_1\
	\BasicCounter_1:MODULE_1:g2:a0:b_0\
	\BasicCounter_1:MODULE_1:g2:a0:s_31\
	\BasicCounter_1:MODULE_1:g2:a0:s_30\
	\BasicCounter_1:MODULE_1:g2:a0:s_29\
	\BasicCounter_1:MODULE_1:g2:a0:s_28\
	\BasicCounter_1:MODULE_1:g2:a0:s_27\
	\BasicCounter_1:MODULE_1:g2:a0:s_26\
	\BasicCounter_1:MODULE_1:g2:a0:s_25\
	\BasicCounter_1:MODULE_1:g2:a0:s_24\
	\BasicCounter_1:MODULE_1:g2:a0:s_23\
	\BasicCounter_1:MODULE_1:g2:a0:s_22\
	\BasicCounter_1:MODULE_1:g2:a0:s_21\
	\BasicCounter_1:MODULE_1:g2:a0:s_20\
	\BasicCounter_1:MODULE_1:g2:a0:s_19\
	\BasicCounter_1:MODULE_1:g2:a0:s_18\
	\BasicCounter_1:MODULE_1:g2:a0:s_17\
	\BasicCounter_1:MODULE_1:g2:a0:s_16\
	\BasicCounter_1:MODULE_1:g2:a0:s_15\
	\BasicCounter_1:MODULE_1:g2:a0:s_14\
	\BasicCounter_1:MODULE_1:g2:a0:s_13\
	\BasicCounter_1:MODULE_1:g2:a0:s_12\
	\BasicCounter_1:MODULE_1:g2:a0:s_11\
	\BasicCounter_1:MODULE_1:g2:a0:s_10\
	\BasicCounter_1:MODULE_1:g2:a0:s_9\
	\BasicCounter_1:MODULE_1:g2:a0:s_8\
	\BasicCounter_1:MODULE_1:g2:a0:s_7\
	\BasicCounter_1:MODULE_1:g2:a0:s_6\
	\BasicCounter_1:MODULE_1:g2:a0:s_5\
	\BasicCounter_1:MODULE_1:g2:a0:s_4\
	\BasicCounter_1:MODULE_1:g2:a0:s_3\
	\BasicCounter_1:MODULE_1:g2:a0:s_2\
	\BasicCounter_1:MODULE_1:g2:a0:g1:z1:s0:g1:u0:c_31\
	\BasicCounter_1:MODULE_1:g2:a0:g1:z1:s0:g1:u0:c_30\
	\BasicCounter_1:MODULE_1:g2:a0:g1:z1:s0:g1:u0:c_29\
	\BasicCounter_1:MODULE_1:g2:a0:g1:z1:s0:g1:u0:c_28\
	\BasicCounter_1:MODULE_1:g2:a0:g1:z1:s0:g1:u0:c_27\
	\BasicCounter_1:MODULE_1:g2:a0:g1:z1:s0:g1:u0:c_26\
	\BasicCounter_1:MODULE_1:g2:a0:g1:z1:s0:g1:u0:c_25\

    Synthesized names
	\BasicCounter_1:add_vi_vv_MODGEN_1_31\
	\BasicCounter_1:add_vi_vv_MODGEN_1_30\
	\BasicCounter_1:add_vi_vv_MODGEN_1_29\
	\BasicCounter_1:add_vi_vv_MODGEN_1_28\
	\BasicCounter_1:add_vi_vv_MODGEN_1_27\
	\BasicCounter_1:add_vi_vv_MODGEN_1_26\
	\BasicCounter_1:add_vi_vv_MODGEN_1_25\
	\BasicCounter_1:add_vi_vv_MODGEN_1_24\
	\BasicCounter_1:add_vi_vv_MODGEN_1_23\
	\BasicCounter_1:add_vi_vv_MODGEN_1_22\
	\BasicCounter_1:add_vi_vv_MODGEN_1_21\
	\BasicCounter_1:add_vi_vv_MODGEN_1_20\
	\BasicCounter_1:add_vi_vv_MODGEN_1_19\
	\BasicCounter_1:add_vi_vv_MODGEN_1_18\
	\BasicCounter_1:add_vi_vv_MODGEN_1_17\
	\BasicCounter_1:add_vi_vv_MODGEN_1_16\
	\BasicCounter_1:add_vi_vv_MODGEN_1_15\
	\BasicCounter_1:add_vi_vv_MODGEN_1_14\
	\BasicCounter_1:add_vi_vv_MODGEN_1_13\
	\BasicCounter_1:add_vi_vv_MODGEN_1_12\
	\BasicCounter_1:add_vi_vv_MODGEN_1_11\
	\BasicCounter_1:add_vi_vv_MODGEN_1_10\
	\BasicCounter_1:add_vi_vv_MODGEN_1_9\
	\BasicCounter_1:add_vi_vv_MODGEN_1_8\
	\BasicCounter_1:add_vi_vv_MODGEN_1_7\
	\BasicCounter_1:add_vi_vv_MODGEN_1_6\
	\BasicCounter_1:add_vi_vv_MODGEN_1_5\
	\BasicCounter_1:add_vi_vv_MODGEN_1_4\
	\BasicCounter_1:add_vi_vv_MODGEN_1_3\
	\BasicCounter_1:add_vi_vv_MODGEN_1_2\

Deleted 109 User equations/components.
Deleted 30 Synthesized equations/components.

------------------------------------------------------
Alias Detection
------------------------------------------------------
Aliasing one to tmpOE__Pin_Green_net_0
Aliasing tmpOE__Pin_Red_net_0 to tmpOE__Pin_Green_net_0
Aliasing tmpOE__Pin_Blue_net_0 to tmpOE__Pin_Green_net_0
Aliasing tmpOE__Pin_SW2_net_0 to tmpOE__Pin_Green_net_0
Aliasing Net_60 to zero
Aliasing Net_58 to tmpOE__Pin_Green_net_0
Aliasing \BasicCounter_1:MODULE_1:g2:a0:a_23\ to zero
Aliasing \BasicCounter_1:MODULE_1:g2:a0:a_22\ to zero
Aliasing \BasicCounter_1:MODULE_1:g2:a0:a_21\ to zero
Aliasing \BasicCounter_1:MODULE_1:g2:a0:a_20\ to zero
Aliasing \BasicCounter_1:MODULE_1:g2:a0:a_19\ to zero
Aliasing \BasicCounter_1:MODULE_1:g2:a0:a_18\ to zero
Aliasing \BasicCounter_1:MODULE_1:g2:a0:a_17\ to zero
Aliasing \BasicCounter_1:MODULE_1:g2:a0:a_16\ to zero
Aliasing \BasicCounter_1:MODULE_1:g2:a0:a_15\ to zero
Aliasing \BasicCounter_1:MODULE_1:g2:a0:a_14\ to zero
Aliasing \BasicCounter_1:MODULE_1:g2:a0:a_13\ to zero
Aliasing \BasicCounter_1:MODULE_1:g2:a0:a_12\ to zero
Aliasing \BasicCounter_1:MODULE_1:g2:a0:a_11\ to zero
Aliasing \BasicCounter_1:MODULE_1:g2:a0:a_10\ to zero
Aliasing \BasicCounter_1:MODULE_1:g2:a0:a_9\ to zero
Aliasing \BasicCounter_1:MODULE_1:g2:a0:a_8\ to zero
Aliasing \BasicCounter_1:MODULE_1:g2:a0:a_7\ to zero
Aliasing \BasicCounter_1:MODULE_1:g2:a0:a_6\ to zero
Aliasing \BasicCounter_1:MODULE_1:g2:a0:a_5\ to zero
Aliasing \BasicCounter_1:MODULE_1:g2:a0:a_4\ to zero
Aliasing \BasicCounter_1:MODULE_1:g2:a0:a_3\ to zero
Aliasing \BasicCounter_1:MODULE_1:g2:a0:a_2\ to zero
Aliasing \BasicCounter_1:MODULE_1:g2:a0:g1:z1:s0:g1:u0:b_0\ to tmpOE__Pin_Green_net_0
Removing Lhs of wire one[8] = tmpOE__Pin_Green_net_0[1]
Removing Lhs of wire tmpOE__Pin_Red_net_0[11] = tmpOE__Pin_Green_net_0[1]
Removing Lhs of wire tmpOE__Pin_Blue_net_0[19] = tmpOE__Pin_Green_net_0[1]
Removing Lhs of wire tmpOE__Pin_SW2_net_0[41] = tmpOE__Pin_Green_net_0[1]
Removing Lhs of wire Net_60[51] = zero[7]
Removing Lhs of wire Net_58[52] = tmpOE__Pin_Green_net_0[1]
Removing Lhs of wire \BasicCounter_1:add_vi_vv_MODGEN_1_1\[53] = \BasicCounter_1:MODULE_1:g2:a0:s_1\[213]
Removing Lhs of wire \BasicCounter_1:add_vi_vv_MODGEN_1_0\[54] = \BasicCounter_1:MODULE_1:g2:a0:s_0\[214]
Removing Lhs of wire \BasicCounter_1:MODULE_1:g2:a0:a_23\[95] = zero[7]
Removing Lhs of wire \BasicCounter_1:MODULE_1:g2:a0:a_22\[96] = zero[7]
Removing Lhs of wire \BasicCounter_1:MODULE_1:g2:a0:a_21\[97] = zero[7]
Removing Lhs of wire \BasicCounter_1:MODULE_1:g2:a0:a_20\[98] = zero[7]
Removing Lhs of wire \BasicCounter_1:MODULE_1:g2:a0:a_19\[99] = zero[7]
Removing Lhs of wire \BasicCounter_1:MODULE_1:g2:a0:a_18\[100] = zero[7]
Removing Lhs of wire \BasicCounter_1:MODULE_1:g2:a0:a_17\[101] = zero[7]
Removing Lhs of wire \BasicCounter_1:MODULE_1:g2:a0:a_16\[102] = zero[7]
Removing Lhs of wire \BasicCounter_1:MODULE_1:g2:a0:a_15\[103] = zero[7]
Removing Lhs of wire \BasicCounter_1:MODULE_1:g2:a0:a_14\[104] = zero[7]
Removing Lhs of wire \BasicCounter_1:MODULE_1:g2:a0:a_13\[105] = zero[7]
Removing Lhs of wire \BasicCounter_1:MODULE_1:g2:a0:a_12\[106] = zero[7]
Removing Lhs of wire \BasicCounter_1:MODULE_1:g2:a0:a_11\[107] = zero[7]
Removing Lhs of wire \BasicCounter_1:MODULE_1:g2:a0:a_10\[108] = zero[7]
Removing Lhs of wire \BasicCounter_1:MODULE_1:g2:a0:a_9\[109] = zero[7]
Removing Lhs of wire \BasicCounter_1:MODULE_1:g2:a0:a_8\[110] = zero[7]
Removing Lhs of wire \BasicCounter_1:MODULE_1:g2:a0:a_7\[111] = zero[7]
Removing Lhs of wire \BasicCounter_1:MODULE_1:g2:a0:a_6\[112] = zero[7]
Removing Lhs of wire \BasicCounter_1:MODULE_1:g2:a0:a_5\[113] = zero[7]
Removing Lhs of wire \BasicCounter_1:MODULE_1:g2:a0:a_4\[114] = zero[7]
Removing Lhs of wire \BasicCounter_1:MODULE_1:g2:a0:a_3\[115] = zero[7]
Removing Lhs of wire \BasicCounter_1:MODULE_1:g2:a0:a_2\[116] = zero[7]
Removing Lhs of wire \BasicCounter_1:MODULE_1:g2:a0:a_1\[117] = \BasicCounter_1:MODIN1_1\[118]
Removing Lhs of wire \BasicCounter_1:MODIN1_1\[118] = Net_49_1[2]
Removing Lhs of wire \BasicCounter_1:MODULE_1:g2:a0:a_0\[119] = \BasicCounter_1:MODIN1_0\[120]
Removing Lhs of wire \BasicCounter_1:MODIN1_0\[120] = Net_49_0[12]
Removing Lhs of wire \BasicCounter_1:MODULE_1:g2:a0:g1:z1:s0:g1:u0:c_0\[252] = tmpOE__Pin_Green_net_0[1]
Removing Lhs of wire \BasicCounter_1:MODULE_1:g2:a0:g1:z1:s0:g1:u0:b_0\[253] = tmpOE__Pin_Green_net_0[1]

------------------------------------------------------
Aliased 0 equations, 36 wires.
------------------------------------------------------

----------------------------------------------------------
Circuit simplification
----------------------------------------------------------

Substituting virtuals - pass 1:

Note:  Expanding virtual equation for 'tmpOE__Pin_Green_net_0' (cost = 0):
tmpOE__Pin_Green_net_0 <=  ('1') ;

Note:  Expanding virtual equation for 'zero' (cost = 0):
zero <=  ('0') ;

Note:  Expanding virtual equation for '\BasicCounter_1:MODULE_1:g2:a0:g1:z1:s0:g1:u0:c_1\' (cost = 0):
\BasicCounter_1:MODULE_1:g2:a0:g1:z1:s0:g1:u0:c_1\ <= (Net_49_0);

Note:  Expanding virtual equation for '\BasicCounter_1:MODULE_1:g2:a0:s_0\' (cost = 0):
\BasicCounter_1:MODULE_1:g2:a0:s_0\ <= (not Net_49_0);

Note:  Expanding virtual equation for '\BasicCounter_1:MODULE_1:g2:a0:g1:z1:s0:g1:u0:c_17\' (cost = 0):
\BasicCounter_1:MODULE_1:g2:a0:g1:z1:s0:g1:u0:c_17\ <=  ('0') ;

Note:  Expanding virtual equation for '\BasicCounter_1:MODULE_1:g2:a0:g1:z1:s0:g1:u0:c_9\' (cost = 0):
\BasicCounter_1:MODULE_1:g2:a0:g1:z1:s0:g1:u0:c_9\ <=  ('0') ;

Note:  Expanding virtual equation for '\BasicCounter_1:MODULE_1:g2:a0:g1:z1:s0:g1:u0:c_2\' (cost = 0):
\BasicCounter_1:MODULE_1:g2:a0:g1:z1:s0:g1:u0:c_2\ <= ((Net_49_1 and Net_49_0));


Substituting virtuals - pass 2:

Note:  Expanding virtual equation for '\BasicCounter_1:MODULE_1:g2:a0:s_1\' (cost = 2):
\BasicCounter_1:MODULE_1:g2:a0:s_1\ <= ((not Net_49_0 and Net_49_1)
	OR (not Net_49_1 and Net_49_0));

Note:  Expanding virtual equation for '\BasicCounter_1:MODULE_1:g2:a0:g1:z1:s0:g1:u0:c_18\' (cost = 0):
\BasicCounter_1:MODULE_1:g2:a0:g1:z1:s0:g1:u0:c_18\ <=  ('0') ;

Note:  Expanding virtual equation for '\BasicCounter_1:MODULE_1:g2:a0:g1:z1:s0:g1:u0:c_10\' (cost = 0):
\BasicCounter_1:MODULE_1:g2:a0:g1:z1:s0:g1:u0:c_10\ <=  ('0') ;

Note:  Expanding virtual equation for '\BasicCounter_1:MODULE_1:g2:a0:g1:z1:s0:g1:u0:c_3\' (cost = 0):
\BasicCounter_1:MODULE_1:g2:a0:g1:z1:s0:g1:u0:c_3\ <=  ('0') ;


Substituting virtuals - pass 3:

Note:  Expanding virtual equation for '\BasicCounter_1:MODULE_1:g2:a0:g1:z1:s0:g1:u0:c_19\' (cost = 0):
\BasicCounter_1:MODULE_1:g2:a0:g1:z1:s0:g1:u0:c_19\ <=  ('0') ;

Note:  Expanding virtual equation for '\BasicCounter_1:MODULE_1:g2:a0:g1:z1:s0:g1:u0:c_11\' (cost = 0):
\BasicCounter_1:MODULE_1:g2:a0:g1:z1:s0:g1:u0:c_11\ <=  ('0') ;

Note:  Expanding virtual equation for '\BasicCounter_1:MODULE_1:g2:a0:g1:z1:s0:g1:u0:c_4\' (cost = 0):
\BasicCounter_1:MODULE_1:g2:a0:g1:z1:s0:g1:u0:c_4\ <=  ('0') ;


Substituting virtuals - pass 4:

Note:  Expanding virtual equation for '\BasicCounter_1:MODULE_1:g2:a0:g1:z1:s0:g1:u0:c_20\' (cost = 0):
\BasicCounter_1:MODULE_1:g2:a0:g1:z1:s0:g1:u0:c_20\ <=  ('0') ;

Note:  Expanding virtual equation for '\BasicCounter_1:MODULE_1:g2:a0:g1:z1:s0:g1:u0:c_12\' (cost = 0):
\BasicCounter_1:MODULE_1:g2:a0:g1:z1:s0:g1:u0:c_12\ <=  ('0') ;

Note:  Expanding virtual equation for '\BasicCounter_1:MODULE_1:g2:a0:g1:z1:s0:g1:u0:c_5\' (cost = 0):
\BasicCounter_1:MODULE_1:g2:a0:g1:z1:s0:g1:u0:c_5\ <=  ('0') ;


Substituting virtuals - pass 5:

Note:  Expanding virtual equation for '\BasicCounter_1:MODULE_1:g2:a0:g1:z1:s0:g1:u0:c_21\' (cost = 0):
\BasicCounter_1:MODULE_1:g2:a0:g1:z1:s0:g1:u0:c_21\ <=  ('0') ;

Note:  Expanding virtual equation for '\BasicCounter_1:MODULE_1:g2:a0:g1:z1:s0:g1:u0:c_13\' (cost = 0):
\BasicCounter_1:MODULE_1:g2:a0:g1:z1:s0:g1:u0:c_13\ <=  ('0') ;

Note:  Expanding virtual equation for '\BasicCounter_1:MODULE_1:g2:a0:g1:z1:s0:g1:u0:c_6\' (cost = 0):
\BasicCounter_1:MODULE_1:g2:a0:g1:z1:s0:g1:u0:c_6\ <=  ('0') ;


Substituting virtuals - pass 6:

Note:  Expanding virtual equation for '\BasicCounter_1:MODULE_1:g2:a0:g1:z1:s0:g1:u0:c_22\' (cost = 0):
\BasicCounter_1:MODULE_1:g2:a0:g1:z1:s0:g1:u0:c_22\ <=  ('0') ;

Note:  Expanding virtual equation for '\BasicCounter_1:MODULE_1:g2:a0:g1:z1:s0:g1:u0:c_14\' (cost = 0):
\BasicCounter_1:MODULE_1:g2:a0:g1:z1:s0:g1:u0:c_14\ <=  ('0') ;

Note:  Expanding virtual equation for '\BasicCounter_1:MODULE_1:g2:a0:g1:z1:s0:g1:u0:c_7\' (cost = 0):
\BasicCounter_1:MODULE_1:g2:a0:g1:z1:s0:g1:u0:c_7\ <=  ('0') ;


Substituting virtuals - pass 7:

Note:  Expanding virtual equation for '\BasicCounter_1:MODULE_1:g2:a0:g1:z1:s0:g1:u0:c_23\' (cost = 0):
\BasicCounter_1:MODULE_1:g2:a0:g1:z1:s0:g1:u0:c_23\ <=  ('0') ;

Note:  Expanding virtual equation for '\BasicCounter_1:MODULE_1:g2:a0:g1:z1:s0:g1:u0:c_15\' (cost = 0):
\BasicCounter_1:MODULE_1:g2:a0:g1:z1:s0:g1:u0:c_15\ <=  ('0') ;


Substituting virtuals - pass 8:


----------------------------------------------------------
Circuit simplification results:

	Expanded 25 signals.
	Turned 0 signals into soft nodes.
	Maximum default expansion cost was set at 3.
----------------------------------------------------------

------------------------------------------------------
Alias Detection
------------------------------------------------------
Aliasing \BasicCounter_1:MODULE_1:g2:a0:g1:z1:s0:g1:u0:b_24\ to zero
Aliasing \BasicCounter_1:MODULE_1:g2:a0:g1:z1:s0:g1:u0:b_16\ to zero
Aliasing \BasicCounter_1:MODULE_1:g2:a0:g1:z1:s0:g1:u0:b_8\ to zero
Removing Lhs of wire \BasicCounter_1:MODULE_1:g2:a0:g1:z1:s0:g1:u0:b_24\[223] = zero[7]
Removing Lhs of wire \BasicCounter_1:MODULE_1:g2:a0:g1:z1:s0:g1:u0:b_16\[233] = zero[7]
Removing Lhs of wire \BasicCounter_1:MODULE_1:g2:a0:g1:z1:s0:g1:u0:b_8\[243] = zero[7]

------------------------------------------------------
Aliased 0 equations, 3 wires.
------------------------------------------------------

----------------------------------------------------------
Circuit simplification
----------------------------------------------------------

Eliminating unused logic - pass 1:


Eliminating unused logic - pass 2:


Substituting virtuals - pass 1:


----------------------------------------------------------
Circuit simplification results:

	Expanded 0 signals.
	Turned 0 signals into soft nodes.
	Maximum default expansion cost was set at 3.
----------------------------------------------------------

topld:  No errors.

CYPRESS_DIR    : C:\Program Files (x86)\Cypress\PSoC Creator\3.3\PSoC Creator\warp
Warp Program   : C:\Program Files (x86)\Cypress\PSoC Creator\3.3\PSoC Creator\warp\bin/warp.exe
Warp Arguments : -yv2 -q10 -ygs -o2 -v3 -.fftcfgtype=LE -ya -.fftprj=C:\Users\cdc75\Desktop\Labs\Lesson6.cydsn\Lesson6.cyprj -dcpsoc3 Lesson6.v -verilog
</CYPRESSTAG>
Warp synthesis phase: Elapsed time ==> 0s.305ms
<CYPRESSTAG name="Fitter results...">
<CYPRESSTAG name="Fitter startup details...">
cyp3fit: V3.3.0.9604, Family: PSoC3, Started at: Thursday, 29 June 2017 12:36:24
Options: -yv2 -q10 -ygs -o2 -v3 -.fftcfgtype=LE -ya -.fftprj=C:\Users\cdc75\Desktop\Labs\Lesson6.cydsn\Lesson6.cyprj -d CY8C4245AXI-483 Lesson6.v -verilog
</CYPRESSTAG>
<CYPRESSTAG name="Design parsing">
Design parsing phase: Elapsed time ==> 0s.010ms
</CYPRESSTAG>
<CYPRESSTAG name="Tech mapping">
<CYPRESSTAG name="Initial Mapping" icon="FILE_RPT_TECHM">
    Removed wire end \BasicCounter_1:MODULE_1:g2:a0:g1:z1:s0:g1:u0:c_24\ kept zero
    Removed wire end \BasicCounter_1:MODULE_1:g2:a0:g1:z1:s0:g1:u0:c_16\ kept zero
    Removed wire end \BasicCounter_1:MODULE_1:g2:a0:g1:z1:s0:g1:u0:c_8\ kept zero

Removing unused cells resulting from optimization
Done removing unused cells.
<CYPRESSTAG name="Global Clock Selection" icon="FILE_RPT_TECHM">
<CYPRESSTAG name="UDB Clock/Enable Remapping Results">
</CYPRESSTAG>
<CYPRESSTAG name="UDB Routed Clock Assignment">
    Routed Clock: Pin_SW2(0):iocell.fb
        Effective Clock: Pin_SW2(0):iocell.fb
        Enable Signal: True
</CYPRESSTAG>
</CYPRESSTAG>

Removing unused cells resulting from optimization
Done removing unused cells.
<CYPRESSTAG name="Duplicate Macrocell detection">
</CYPRESSTAG>
</CYPRESSTAG>
<CYPRESSTAG name="Duplicate Macrocell detection">
</CYPRESSTAG>
<CYPRESSTAG name="Design Equations" icon="FILE_RPT_EQUATION">

------------------------------------------------------------
Design Equations
------------------------------------------------------------
    <CYPRESSTAG name="Pin listing">

    ------------------------------------------------------------
    Pin listing
    ------------------------------------------------------------

    Pin : Name = Pin_Green(0)
        Attributes:
            In Group/Port: True
            In Sync Option: AUTO
            Out Sync Option: NOSYNC
            Interrupt generated: False
            Interrupt mode: NONE
            Drive mode: CMOS_OUT
            VTrip: EITHER
            Slew: FAST
            Input Sync needed: False
            Output Sync needed: False
            SC shield enabled: False
            POR State: ANY
            LCD Mode: COMMON
            Register Mode: RegComb
            CaSense Mode: NEITHER
            Treat as pin: True
            Is OE Registered: False
            Uses Analog: False
            Can contain Digital: True
            Is SIO: False
            SIO Output Buf: NONREGULATED
            SIO Input Buf: SINGLE_ENDED
            SIO HiFreq: LOW
            SIO Hyst: DISABLED
            SIO Vtrip: MULTIPLIER_0_5
            SIO Multiplier Index: 0
            SIO RefSel: VCC_IO
            Required Capabilitites: DIGITAL, ROUTABLE
            Initial Value: 1
            IO Voltage: 0
        PORT MAP (
            pa_out => Pin_Green(0)__PA ,
            input => Net_49_1 ,
            annotation => Net_7 ,
            pad => Pin_Green(0)_PAD );
        Properties:
        {
        }

    Pin : Name = Pin_Red(0)
        Attributes:
            In Group/Port: True
            In Sync Option: AUTO
            Out Sync Option: NOSYNC
            Interrupt generated: False
            Interrupt mode: NONE
            Drive mode: CMOS_OUT
            VTrip: EITHER
            Slew: FAST
            Input Sync needed: False
            Output Sync needed: False
            SC shield enabled: False
            POR State: ANY
            LCD Mode: COMMON
            Register Mode: RegComb
            CaSense Mode: NEITHER
            Treat as pin: True
            Is OE Registered: False
            Uses Analog: False
            Can contain Digital: True
            Is SIO: False
            SIO Output Buf: NONREGULATED
            SIO Input Buf: SINGLE_ENDED
            SIO HiFreq: LOW
            SIO Hyst: DISABLED
            SIO Vtrip: MULTIPLIER_0_5
            SIO Multiplier Index: 0
            SIO RefSel: VCC_IO
            Required Capabilitites: DIGITAL, ROUTABLE
            Initial Value: 1
            IO Voltage: 0
        PORT MAP (
            pa_out => Pin_Red(0)__PA ,
            input => Net_49_0 ,
            annotation => Net_6 ,
            pad => Pin_Red(0)_PAD );
        Properties:
        {
        }

    Pin : Name = Pin_Blue(0)
        Attributes:
            In Group/Port: True
            In Sync Option: AUTO
            Out Sync Option: NOSYNC
            Interrupt generated: False
            Interrupt mode: NONE
            Drive mode: CMOS_OUT
            VTrip: EITHER
            Slew: FAST
            Input Sync needed: False
            Output Sync needed: False
            SC shield enabled: False
            POR State: ANY
            LCD Mode: COMMON
            Register Mode: RegComb
            CaSense Mode: NEITHER
            Treat as pin: True
            Is OE Registered: False
            Uses Analog: False
            Can contain Digital: True
            Is SIO: False
            SIO Output Buf: NONREGULATED
            SIO Input Buf: SINGLE_ENDED
            SIO HiFreq: LOW
            SIO Hyst: DISABLED
            SIO Vtrip: MULTIPLIER_0_5
            SIO Multiplier Index: 0
            SIO RefSel: VCC_IO
            Required Capabilitites: DIGITAL
            Initial Value: 1
            IO Voltage: 0
        PORT MAP (
            pa_out => Pin_Blue(0)__PA ,
            annotation => Net_21 ,
            pad => Pin_Blue(0)_PAD );
        Properties:
        {
        }

    Pin : Name = Pin_SW2(0)
        Attributes:
            In Group/Port: True
            In Sync Option: NOSYNC
            Out Sync Option: AUTO
            Interrupt generated: False
            Interrupt mode: NONE
            Drive mode: RES_PULL_UP
            VTrip: CMOS
            Slew: FAST
            Input Sync needed: False
            Output Sync needed: False
            SC shield enabled: False
            POR State: ANY
            LCD Mode: COMMON
            Register Mode: RegComb
            CaSense Mode: NEITHER
            Treat as pin: True
            Is OE Registered: False
            Uses Analog: False
            Can contain Digital: True
            Is SIO: False
            SIO Output Buf: NONREGULATED
            SIO Input Buf: SINGLE_ENDED
            SIO HiFreq: LOW
            SIO Hyst: DISABLED
            SIO Vtrip: MULTIPLIER_0_5
            SIO Multiplier Index: 0
            SIO RefSel: VCC_IO
            Required Capabilitites: DIGITAL, ROUTABLE
            Initial Value: 1
            IO Voltage: 0
        PORT MAP (
            pa_out => Pin_SW2(0)__PA ,
            fb => Net_39 ,
            annotation => Net_30 ,
            pad => Pin_SW2(0)_PAD );
        Properties:
        {
        }
    </CYPRESSTAG>
    <CYPRESSTAG name="Macrocell listing" icon="FILE_RPT_EQUATION">

    ------------------------------------------------------------
    Macrocell listing
    ------------------------------------------------------------

    MacroCell: Name=Net_49_1, Mode=(T-Register)
        Total # of inputs        : 1
        Total # of product terms : 1
        List of special equations: 
            Clock  = !(Net_39)
            Clock Enable: True
        Main Equation            : 1 pterm
        (
              Net_49_0
        );
        Output = Net_49_1 (fanout=1)

    MacroCell: Name=Net_49_0, Mode=(T-Register)
        Total # of inputs        : 0
        Total # of product terms : 0
        List of special equations: 
            Clock  = !(Net_39)
            Clock Enable: True
        Main Equation            : 0 pterms
        !(
            0
        );
        Output = Net_49_0 (fanout=2)
    </CYPRESSTAG>
    <CYPRESSTAG name="Datapath listing">
    </CYPRESSTAG>
    <CYPRESSTAG name="Status register listing">
    </CYPRESSTAG>
    <CYPRESSTAG name="StatusI register listing">
    </CYPRESSTAG>
    <CYPRESSTAG name="Sync listing">
    </CYPRESSTAG>
    <CYPRESSTAG name="Control register listing">
    </CYPRESSTAG>
    <CYPRESSTAG name="Count7 listing">
    </CYPRESSTAG>
    <CYPRESSTAG name="DRQ listing">
    </CYPRESSTAG>
    <CYPRESSTAG name="Interrupt listing">
    </CYPRESSTAG>
</CYPRESSTAG>
<CYPRESSTAG name="Technology mapping summary" expanded>

------------------------------------------------------------
Technology mapping summary
------------------------------------------------------------

Resource Type                 : Used : Free :  Max :  % Used
============================================================
Digital Clocks                :    0 :    4 :    4 :  0.00 %
Interrupts                    :    0 :   32 :   32 :  0.00 %
IO                            :    6 :   30 :   36 : 16.67 %
Segment LCD                   :    0 :    1 :    1 :  0.00 %
CapSense                      :    0 :    1 :    1 :  0.00 %
Die Temp                      :    0 :    1 :    1 :  0.00 %
Serial Communication (SCB)    :    0 :    2 :    2 :  0.00 %
Timer/Counter/PWM             :    0 :    4 :    4 :  0.00 %
UDB                           :      :      :      :        
  Macrocells                  :    2 :   30 :   32 :  6.25 %
  Unique P-terms              :    1 :   63 :   64 :  1.56 %
  Total P-terms               :    1 :      :      :        
  Datapath Cells              :    0 :    4 :    4 :  0.00 %
  Status Cells                :    0 :    4 :    4 :  0.00 %
  Control Cells               :    0 :    4 :    4 :  0.00 %
Comparator/Opamp              :    0 :    2 :    2 :  0.00 %
LP Comparator                 :    0 :    2 :    2 :  0.00 %
SAR ADC                       :    0 :    1 :    1 :  0.00 %
DAC                           :      :      :      :        
  7-bit IDAC                  :    0 :    1 :    1 :  0.00 %
  8-bit IDAC                  :    0 :    1 :    1 :  0.00 %
</CYPRESSTAG>
Technology Mapping: Elapsed time ==> 0s.019ms
Tech mapping phase: Elapsed time ==> 0s.044ms
</CYPRESSTAG>
<CYPRESSTAG name="Analog Placement">
<CYPRESSTAG name="Analog Placement">
Elapsed time ==> 0.1256142s
</CYPRESSTAG>
Analog Placement phase: Elapsed time ==> 0s.262ms
</CYPRESSTAG>
<CYPRESSTAG name="Analog Routing">
<CYPRESSTAG name="Analog Routing">
Route success=True, Iterations=1 Elapsed=0.0006526 secs
</CYPRESSTAG>
Analog Routing phase: Elapsed time ==> 0s.001ms
</CYPRESSTAG>
<CYPRESSTAG name="Analog Code Generation">
============ Analog Final Answer Routes ============
Dump of CyAnalogRoutingResultsDB
Map of net to items {
}
Map of item to net {
}
Mux Info {
}
Analog Code Generation phase: Elapsed time ==> 0s.013ms
</CYPRESSTAG>
<CYPRESSTAG name="Digital Placement">
<CYPRESSTAG name="Detailed placement messages">
I2076: Total run-time: 0.2 sec.

</CYPRESSTAG>
<CYPRESSTAG name="PLD Packing">
<CYPRESSTAG name="PLD Packing Summary" expanded>

------------------------------------------------------------
PLD Packing Summary
------------------------------------------------------------
            Resource Type : Used : Free :  Max :  % Used
    ====================================================
                     PLDs :    1 :    7 :    8 :  12.50%

<CYPRESSTAG name="PLD Statistics">

        PLD Resource Type :     Average/LAB
    =======================================
                   Inputs :            1.00
                   Pterms :            1.00
               Macrocells :            2.00
</CYPRESSTAG>
<CYPRESSTAG name="Packed PLD Contents">
Packed PLD Contents not displayed at this verbose level.</CYPRESSTAG>
</CYPRESSTAG>
PLD Packing: Elapsed time ==> 0s.000ms
</CYPRESSTAG>
<CYPRESSTAG name="Partitioning">
<CYPRESSTAG name="Initial Partitioning Summary">
Initial Partitioning Summary not displayed at this verbose level.</CYPRESSTAG>
<CYPRESSTAG name="Final Partitioning Summary">
Final Partitioning Summary not displayed at this verbose level.</CYPRESSTAG>
Partitioning: Elapsed time ==> 0s.008ms
</CYPRESSTAG>
<CYPRESSTAG name="Simulated Annealing">
Annealing: Elapsed time ==> 0s.000ms
<CYPRESSTAG name="Simulated Annealing Results">
The seed used for moves was 114161200.
Inital cost was 24, final cost is 24 (0.00% improvement).</CYPRESSTAG>
</CYPRESSTAG>
<CYPRESSTAG name="Final Placement Summary">

------------------------------------------------------------
Final Placement Summary
------------------------------------------------------------

       Resource Type :      Count : Avg Inputs : Avg Outputs
    ========================================================
                 UDB :          1 :       1.00 :       2.00
<CYPRESSTAG name="Final Placement Details">
<CYPRESSTAG name="Component Details">

------------------------------------------------------------
Component Placement Details
------------------------------------------------------------
UDB [UDB=(0,0)] is empty.
UDB [UDB=(0,1)] is empty.
UDB [UDB=(1,0)] contents:
LAB@[UDB=(1,0)][LB=0] #macrocells=2, #inputs=1, #pterms=1
{
    [McSlotId=0]:     MacroCell: Name=Net_49_1, Mode=(T-Register) @ [UDB=(1,0)][LB=0][MC=0]
        Total # of inputs        : 1
        Total # of product terms : 1
        List of special equations: 
            Clock  = !(Net_39)
            Clock Enable: True
        Main Equation            : 1 pterm
        (
              Net_49_0
        );
        Output = Net_49_1 (fanout=1)
        Properties               : 
        {
        }

    [McSlotId=1]:     MacroCell: Name=Net_49_0, Mode=(T-Register) @ [UDB=(1,0)][LB=0][MC=1]
        Total # of inputs        : 0
        Total # of product terms : 0
        List of special equations: 
            Clock  = !(Net_39)
            Clock Enable: True
        Main Equation            : 0 pterms
        !(
            0
        );
        Output = Net_49_0 (fanout=2)
        Properties               : 
        {
        }

    [McSlotId=2]: (empty)
    [McSlotId=3]: (empty)
}

UDB [UDB=(1,1)] is empty.
Intr container @ [IntrContainer=(0)]: empty
Port 0 contains the following IO cells:
[IoId=2]: 
Pin : Name = Pin_Green(0)
    Attributes:
        In Group/Port: True
        In Sync Option: AUTO
        Out Sync Option: NOSYNC
        Interrupt generated: False
        Interrupt mode: NONE
        Drive mode: CMOS_OUT
        VTrip: EITHER
        Slew: FAST
        Input Sync needed: False
        Output Sync needed: False
        SC shield enabled: False
        POR State: ANY
        LCD Mode: COMMON
        Register Mode: RegComb
        CaSense Mode: NEITHER
        Treat as pin: True
        Is OE Registered: False
        Uses Analog: False
        Can contain Digital: True
        Is SIO: False
        SIO Output Buf: NONREGULATED
        SIO Input Buf: SINGLE_ENDED
        SIO HiFreq: LOW
        SIO Hyst: DISABLED
        SIO Vtrip: MULTIPLIER_0_5
        SIO Multiplier Index: 0
        SIO RefSel: VCC_IO
        Required Capabilitites: DIGITAL, ROUTABLE
        Initial Value: 1
        IO Voltage: 0
    PORT MAP (
        pa_out => Pin_Green(0)__PA ,
        input => Net_49_1 ,
        annotation => Net_7 ,
        pad => Pin_Green(0)_PAD );
    Properties:
    {
    }

[IoId=3]: 
Pin : Name = Pin_Blue(0)
    Attributes:
        In Group/Port: True
        In Sync Option: AUTO
        Out Sync Option: NOSYNC
        Interrupt generated: False
        Interrupt mode: NONE
        Drive mode: CMOS_OUT
        VTrip: EITHER
        Slew: FAST
        Input Sync needed: False
        Output Sync needed: False
        SC shield enabled: False
        POR State: ANY
        LCD Mode: COMMON
        Register Mode: RegComb
        CaSense Mode: NEITHER
        Treat as pin: True
        Is OE Registered: False
        Uses Analog: False
        Can contain Digital: True
        Is SIO: False
        SIO Output Buf: NONREGULATED
        SIO Input Buf: SINGLE_ENDED
        SIO HiFreq: LOW
        SIO Hyst: DISABLED
        SIO Vtrip: MULTIPLIER_0_5
        SIO Multiplier Index: 0
        SIO RefSel: VCC_IO
        Required Capabilitites: DIGITAL
        Initial Value: 1
        IO Voltage: 0
    PORT MAP (
        pa_out => Pin_Blue(0)__PA ,
        annotation => Net_21 ,
        pad => Pin_Blue(0)_PAD );
    Properties:
    {
    }

[IoId=7]: 
Pin : Name = Pin_SW2(0)
    Attributes:
        In Group/Port: True
        In Sync Option: NOSYNC
        Out Sync Option: AUTO
        Interrupt generated: False
        Interrupt mode: NONE
        Drive mode: RES_PULL_UP
        VTrip: CMOS
        Slew: FAST
        Input Sync needed: False
        Output Sync needed: False
        SC shield enabled: False
        POR State: ANY
        LCD Mode: COMMON
        Register Mode: RegComb
        CaSense Mode: NEITHER
        Treat as pin: True
        Is OE Registered: False
        Uses Analog: False
        Can contain Digital: True
        Is SIO: False
        SIO Output Buf: NONREGULATED
        SIO Input Buf: SINGLE_ENDED
        SIO HiFreq: LOW
        SIO Hyst: DISABLED
        SIO Vtrip: MULTIPLIER_0_5
        SIO Multiplier Index: 0
        SIO RefSel: VCC_IO
        Required Capabilitites: DIGITAL, ROUTABLE
        Initial Value: 1
        IO Voltage: 0
    PORT MAP (
        pa_out => Pin_SW2(0)__PA ,
        fb => Net_39 ,
        annotation => Net_30 ,
        pad => Pin_SW2(0)_PAD );
    Properties:
    {
    }

Port 1 contains the following IO cells:
[IoId=6]: 
Pin : Name = Pin_Red(0)
    Attributes:
        In Group/Port: True
        In Sync Option: AUTO
        Out Sync Option: NOSYNC
        Interrupt generated: False
        Interrupt mode: NONE
        Drive mode: CMOS_OUT
        VTrip: EITHER
        Slew: FAST
        Input Sync needed: False
        Output Sync needed: False
        SC shield enabled: False
        POR State: ANY
        LCD Mode: COMMON
        Register Mode: RegComb
        CaSense Mode: NEITHER
        Treat as pin: True
        Is OE Registered: False
        Uses Analog: False
        Can contain Digital: True
        Is SIO: False
        SIO Output Buf: NONREGULATED
        SIO Input Buf: SINGLE_ENDED
        SIO HiFreq: LOW
        SIO Hyst: DISABLED
        SIO Vtrip: MULTIPLIER_0_5
        SIO Multiplier Index: 0
        SIO RefSel: VCC_IO
        Required Capabilitites: DIGITAL, ROUTABLE
        Initial Value: 1
        IO Voltage: 0
    PORT MAP (
        pa_out => Pin_Red(0)__PA ,
        input => Net_49_0 ,
        annotation => Net_6 ,
        pad => Pin_Red(0)_PAD );
    Properties:
    {
    }

Port 2 is empty
Port 3 is empty
Port 4 is empty
Clock group 0: 
    M0S8 Clock Block @ F(Clock,0): 
    m0s8clockblockcell: Name =ClockBlock
        PORT MAP (
            hfclk => ClockBlock_HFCLK ,
            imo => ClockBlock_IMO ,
            ext => ClockBlock_EXTCLK ,
            sysclk => ClockBlock_SYSCLK ,
            ilo => ClockBlock_ILO ,
            lfclk => ClockBlock_LFCLK ,
            dsi_in_0 => ClockBlock_Routed1 );
        Properties:
        {
        }
PM group 0: empty
SPC group 0: empty
WDT group 0: empty
FSS group 0: empty
LP Comparator group 0: empty
Serial Communication (SCB) group 0: empty
CapSense group 0: empty
8-bit IDAC group 0: empty
7-bit IDAC group 0: empty
Timer/Counter/PWM group 0: empty
Comparator/Opamp group 0: empty
Die Temp group 0: empty
SAR ADC group 0: empty
Segment LCD group 0: empty
CLK_GEN group 0: 
    M0S8 Clock Gen Block @ F(CLK_GEN,0): 
    m0s8clockgenblockcell: Name =ClockGenBlock
        PORT MAP (
             );
        Properties:
        {
        }
LPCOMPBLOCK group 0: empty
PASSBLOCK group 0: empty
ANAPUMP group 0: empty
WCO group 0: empty
</CYPRESSTAG>
<CYPRESSTAG name="Port Configuration Details">

------------------------------------------------------------
Port Configuration report
------------------------------------------------------------
     |     |       | Interrupt |                  |              | 
Port | Pin | Fixed |      Type |       Drive Mode |         Name | Connections
-----+-----+-------+-----------+------------------+--------------+-------------
   0 |   2 |     * |      NONE |         CMOS_OUT | Pin_Green(0) | In(Net_49_1)
     |   3 |     * |      NONE |         CMOS_OUT |  Pin_Blue(0) | 
     |   7 |     * |      NONE |      RES_PULL_UP |   Pin_SW2(0) | FB(Net_39)
-----+-----+-------+-----------+------------------+--------------+-------------
   1 |   6 |     * |      NONE |         CMOS_OUT |   Pin_Red(0) | In(Net_49_0)
-------------------------------------------------------------------------------
</CYPRESSTAG>
</CYPRESSTAG>
</CYPRESSTAG>
Digital component placer commit/Report: Elapsed time ==> 0s.000ms
Digital Placement phase: Elapsed time ==> 0s.480ms
</CYPRESSTAG>
<CYPRESSTAG name="Digital Routing">
Routing successful.
Digital Routing phase: Elapsed time ==> 0s.542ms
</CYPRESSTAG>
<CYPRESSTAG name="Bitstream and API generation">
Bitstream and API generation phase: Elapsed time ==> 0s.133ms
</CYPRESSTAG>
<CYPRESSTAG name="Bitstream verification">
Bitstream verification phase: Elapsed time ==> 0s.020ms
</CYPRESSTAG>
<CYPRESSTAG name="Static timing analysis">
Timing report is in Lesson6_timing.html.
Static timing analysis phase: Elapsed time ==> 0s.133ms
</CYPRESSTAG>
<CYPRESSTAG name="Data reporting">
Data reporting phase: Elapsed time ==> 0s.000ms
</CYPRESSTAG>
<CYPRESSTAG name="Database update...">
Design database save phase: Elapsed time ==> 0s.134ms
</CYPRESSTAG>
cydsfit: Elapsed time ==> 1s.786ms
</CYPRESSTAG>
Fitter phase: Elapsed time ==> 1s.815ms
API generation phase: Elapsed time ==> 0s.823ms
Dependency generation phase: Elapsed time ==> 0s.022ms
Cleanup phase: Elapsed time ==> 0s.000ms
