ARM GAS  C:\Users\Chris\AppData\Local\Temp\ccbYtKiV.s 			page 1


   1              		.cpu cortex-m0
   2              		.fpu softvfp
   3              		.eabi_attribute 20, 1
   4              		.eabi_attribute 21, 1
   5              		.eabi_attribute 23, 3
   6              		.eabi_attribute 24, 1
   7              		.eabi_attribute 25, 1
   8              		.eabi_attribute 26, 1
   9              		.eabi_attribute 30, 1
  10              		.eabi_attribute 34, 0
  11              		.eabi_attribute 18, 4
  12              		.code	16
  13              		.file	"cyfitter_cfg.c"
  14              		.text
  15              	.Ltext0:
  16              		.cfi_sections	.debug_frame
  17              		.section	.text.cfg_write_bytes32,"ax",%progbits
  18              		.align	2
  19              		.code	16
  20              		.thumb_func
  21              		.type	cfg_write_bytes32, %function
  22              	cfg_write_bytes32:
  23              	.LFB3:
  24              		.file 1 ".\\Generated_Source\\PSoC4\\cyfitter_cfg.c"
   1:.\Generated_Source\PSoC4/cyfitter_cfg.c **** /*******************************************************************************
   2:.\Generated_Source\PSoC4/cyfitter_cfg.c **** * File Name: cyfitter_cfg.c
   3:.\Generated_Source\PSoC4/cyfitter_cfg.c **** * 
   4:.\Generated_Source\PSoC4/cyfitter_cfg.c **** * PSoC Creator  3.3 CP3
   5:.\Generated_Source\PSoC4/cyfitter_cfg.c **** *
   6:.\Generated_Source\PSoC4/cyfitter_cfg.c **** * Description:
   7:.\Generated_Source\PSoC4/cyfitter_cfg.c **** * This file contains device initialization code.
   8:.\Generated_Source\PSoC4/cyfitter_cfg.c **** * Except for the user defined sections in CyClockStartupError(), this file should not be modified.
   9:.\Generated_Source\PSoC4/cyfitter_cfg.c **** * This file is automatically generated by PSoC Creator.
  10:.\Generated_Source\PSoC4/cyfitter_cfg.c **** *
  11:.\Generated_Source\PSoC4/cyfitter_cfg.c **** ********************************************************************************
  12:.\Generated_Source\PSoC4/cyfitter_cfg.c **** * Copyright (c) 2007-2016 Cypress Semiconductor.  All rights reserved.
  13:.\Generated_Source\PSoC4/cyfitter_cfg.c **** * You may use this file only in accordance with the license, terms, conditions, 
  14:.\Generated_Source\PSoC4/cyfitter_cfg.c **** * disclaimers, and limitations in the end user license agreement accompanying 
  15:.\Generated_Source\PSoC4/cyfitter_cfg.c **** * the software package with which this file was provided.
  16:.\Generated_Source\PSoC4/cyfitter_cfg.c **** ********************************************************************************/
  17:.\Generated_Source\PSoC4/cyfitter_cfg.c **** 
  18:.\Generated_Source\PSoC4/cyfitter_cfg.c **** #include <string.h>
  19:.\Generated_Source\PSoC4/cyfitter_cfg.c **** #include "cytypes.h"
  20:.\Generated_Source\PSoC4/cyfitter_cfg.c **** #include "cydevice_trm.h"
  21:.\Generated_Source\PSoC4/cyfitter_cfg.c **** #include "cyfitter.h"
  22:.\Generated_Source\PSoC4/cyfitter_cfg.c **** #include "CyLib.h"
  23:.\Generated_Source\PSoC4/cyfitter_cfg.c **** #include "CyLFClk.h"
  24:.\Generated_Source\PSoC4/cyfitter_cfg.c **** #include "cyfitter_cfg.h"
  25:.\Generated_Source\PSoC4/cyfitter_cfg.c **** 
  26:.\Generated_Source\PSoC4/cyfitter_cfg.c **** 
  27:.\Generated_Source\PSoC4/cyfitter_cfg.c **** #if defined(__GNUC__) || defined(__ARMCC_VERSION)
  28:.\Generated_Source\PSoC4/cyfitter_cfg.c ****     #define CYPACKED 
  29:.\Generated_Source\PSoC4/cyfitter_cfg.c ****     #define CYPACKED_ATTR __attribute__ ((packed))
  30:.\Generated_Source\PSoC4/cyfitter_cfg.c ****     #define CYALIGNED __attribute__ ((aligned))
  31:.\Generated_Source\PSoC4/cyfitter_cfg.c ****     #define CY_CFG_UNUSED __attribute__ ((unused))
  32:.\Generated_Source\PSoC4/cyfitter_cfg.c ****     #ifndef CY_CFG_SECTION
  33:.\Generated_Source\PSoC4/cyfitter_cfg.c ****         #define CY_CFG_SECTION __attribute__ ((section(".psocinit")))
ARM GAS  C:\Users\Chris\AppData\Local\Temp\ccbYtKiV.s 			page 2


  34:.\Generated_Source\PSoC4/cyfitter_cfg.c ****     #endif
  35:.\Generated_Source\PSoC4/cyfitter_cfg.c ****     
  36:.\Generated_Source\PSoC4/cyfitter_cfg.c ****     #if defined(__ARMCC_VERSION)
  37:.\Generated_Source\PSoC4/cyfitter_cfg.c ****         #define CY_CFG_MEMORY_BARRIER() __memory_changed()
  38:.\Generated_Source\PSoC4/cyfitter_cfg.c ****     #else
  39:.\Generated_Source\PSoC4/cyfitter_cfg.c ****         #define CY_CFG_MEMORY_BARRIER() __sync_synchronize()
  40:.\Generated_Source\PSoC4/cyfitter_cfg.c ****     #endif
  41:.\Generated_Source\PSoC4/cyfitter_cfg.c ****     
  42:.\Generated_Source\PSoC4/cyfitter_cfg.c **** #elif defined(__ICCARM__)
  43:.\Generated_Source\PSoC4/cyfitter_cfg.c ****     #include <intrinsics.h>
  44:.\Generated_Source\PSoC4/cyfitter_cfg.c **** 
  45:.\Generated_Source\PSoC4/cyfitter_cfg.c ****     #define CYPACKED __packed
  46:.\Generated_Source\PSoC4/cyfitter_cfg.c ****     #define CYPACKED_ATTR 
  47:.\Generated_Source\PSoC4/cyfitter_cfg.c ****     #define CYALIGNED _Pragma("data_alignment=4")
  48:.\Generated_Source\PSoC4/cyfitter_cfg.c ****     #define CY_CFG_UNUSED _Pragma("diag_suppress=Pe177")
  49:.\Generated_Source\PSoC4/cyfitter_cfg.c ****     #define CY_CFG_SECTION _Pragma("location=\".psocinit\"")
  50:.\Generated_Source\PSoC4/cyfitter_cfg.c ****     
  51:.\Generated_Source\PSoC4/cyfitter_cfg.c ****     #define CY_CFG_MEMORY_BARRIER() __DMB()
  52:.\Generated_Source\PSoC4/cyfitter_cfg.c ****     
  53:.\Generated_Source\PSoC4/cyfitter_cfg.c **** #else
  54:.\Generated_Source\PSoC4/cyfitter_cfg.c ****     #error Unsupported toolchain
  55:.\Generated_Source\PSoC4/cyfitter_cfg.c **** #endif
  56:.\Generated_Source\PSoC4/cyfitter_cfg.c **** 
  57:.\Generated_Source\PSoC4/cyfitter_cfg.c **** 
  58:.\Generated_Source\PSoC4/cyfitter_cfg.c **** CY_CFG_UNUSED
  59:.\Generated_Source\PSoC4/cyfitter_cfg.c **** static void CYMEMZERO(void *s, size_t n);
  60:.\Generated_Source\PSoC4/cyfitter_cfg.c **** CY_CFG_UNUSED
  61:.\Generated_Source\PSoC4/cyfitter_cfg.c **** static void CYMEMZERO(void *s, size_t n)
  62:.\Generated_Source\PSoC4/cyfitter_cfg.c **** {
  63:.\Generated_Source\PSoC4/cyfitter_cfg.c **** 	(void)memset(s, 0, n);
  64:.\Generated_Source\PSoC4/cyfitter_cfg.c **** }
  65:.\Generated_Source\PSoC4/cyfitter_cfg.c **** CY_CFG_UNUSED
  66:.\Generated_Source\PSoC4/cyfitter_cfg.c **** static void CYCONFIGCPY(void *dest, const void *src, size_t n);
  67:.\Generated_Source\PSoC4/cyfitter_cfg.c **** CY_CFG_UNUSED
  68:.\Generated_Source\PSoC4/cyfitter_cfg.c **** static void CYCONFIGCPY(void *dest, const void *src, size_t n)
  69:.\Generated_Source\PSoC4/cyfitter_cfg.c **** {
  70:.\Generated_Source\PSoC4/cyfitter_cfg.c **** 	(void)memcpy(dest, src, n);
  71:.\Generated_Source\PSoC4/cyfitter_cfg.c **** }
  72:.\Generated_Source\PSoC4/cyfitter_cfg.c **** CY_CFG_UNUSED
  73:.\Generated_Source\PSoC4/cyfitter_cfg.c **** static void CYCONFIGCPYCODE(void *dest, const void *src, size_t n);
  74:.\Generated_Source\PSoC4/cyfitter_cfg.c **** CY_CFG_UNUSED
  75:.\Generated_Source\PSoC4/cyfitter_cfg.c **** static void CYCONFIGCPYCODE(void *dest, const void *src, size_t n)
  76:.\Generated_Source\PSoC4/cyfitter_cfg.c **** {
  77:.\Generated_Source\PSoC4/cyfitter_cfg.c **** 	(void)memcpy(dest, src, n);
  78:.\Generated_Source\PSoC4/cyfitter_cfg.c **** }
  79:.\Generated_Source\PSoC4/cyfitter_cfg.c **** 
  80:.\Generated_Source\PSoC4/cyfitter_cfg.c **** 
  81:.\Generated_Source\PSoC4/cyfitter_cfg.c **** 
  82:.\Generated_Source\PSoC4/cyfitter_cfg.c **** /* Clock startup error codes                                                   */
  83:.\Generated_Source\PSoC4/cyfitter_cfg.c **** #define CYCLOCKSTART_NO_ERROR    0u
  84:.\Generated_Source\PSoC4/cyfitter_cfg.c **** #define CYCLOCKSTART_XTAL_ERROR  1u
  85:.\Generated_Source\PSoC4/cyfitter_cfg.c **** #define CYCLOCKSTART_32KHZ_ERROR 2u
  86:.\Generated_Source\PSoC4/cyfitter_cfg.c **** #define CYCLOCKSTART_PLL_ERROR   3u
  87:.\Generated_Source\PSoC4/cyfitter_cfg.c **** 
  88:.\Generated_Source\PSoC4/cyfitter_cfg.c **** #ifdef CY_NEED_CYCLOCKSTARTUPERROR
  89:.\Generated_Source\PSoC4/cyfitter_cfg.c **** /*******************************************************************************
  90:.\Generated_Source\PSoC4/cyfitter_cfg.c **** * Function Name: CyClockStartupError
ARM GAS  C:\Users\Chris\AppData\Local\Temp\ccbYtKiV.s 			page 3


  91:.\Generated_Source\PSoC4/cyfitter_cfg.c **** ********************************************************************************
  92:.\Generated_Source\PSoC4/cyfitter_cfg.c **** * Summary:
  93:.\Generated_Source\PSoC4/cyfitter_cfg.c **** *  If an error is encountered during clock configuration (crystal startup error,
  94:.\Generated_Source\PSoC4/cyfitter_cfg.c **** *  PLL lock error, etc.), the system will end up here.  Unless reimplemented by
  95:.\Generated_Source\PSoC4/cyfitter_cfg.c **** *  the customer, this function will stop in an infinite loop.
  96:.\Generated_Source\PSoC4/cyfitter_cfg.c **** *
  97:.\Generated_Source\PSoC4/cyfitter_cfg.c **** * Parameters:
  98:.\Generated_Source\PSoC4/cyfitter_cfg.c **** *   void
  99:.\Generated_Source\PSoC4/cyfitter_cfg.c **** *
 100:.\Generated_Source\PSoC4/cyfitter_cfg.c **** * Return:
 101:.\Generated_Source\PSoC4/cyfitter_cfg.c **** *   void
 102:.\Generated_Source\PSoC4/cyfitter_cfg.c **** *
 103:.\Generated_Source\PSoC4/cyfitter_cfg.c **** *******************************************************************************/
 104:.\Generated_Source\PSoC4/cyfitter_cfg.c **** CY_CFG_UNUSED
 105:.\Generated_Source\PSoC4/cyfitter_cfg.c **** static void CyClockStartupError(uint8 errorCode);
 106:.\Generated_Source\PSoC4/cyfitter_cfg.c **** CY_CFG_UNUSED
 107:.\Generated_Source\PSoC4/cyfitter_cfg.c **** static void CyClockStartupError(uint8 errorCode)
 108:.\Generated_Source\PSoC4/cyfitter_cfg.c **** {
 109:.\Generated_Source\PSoC4/cyfitter_cfg.c ****     /* To remove the compiler warning if errorCode not used.                */
 110:.\Generated_Source\PSoC4/cyfitter_cfg.c ****     errorCode = errorCode;
 111:.\Generated_Source\PSoC4/cyfitter_cfg.c **** 
 112:.\Generated_Source\PSoC4/cyfitter_cfg.c ****     /* `#START CyClockStartupError` */
 113:.\Generated_Source\PSoC4/cyfitter_cfg.c **** 
 114:.\Generated_Source\PSoC4/cyfitter_cfg.c ****     /* If we have a clock startup error (bad MHz crystal, PLL lock, etc.),  */
 115:.\Generated_Source\PSoC4/cyfitter_cfg.c ****     /* we will end up here to allow the customer to implement something to  */
 116:.\Generated_Source\PSoC4/cyfitter_cfg.c ****     /* deal with the clock condition.                                       */
 117:.\Generated_Source\PSoC4/cyfitter_cfg.c **** 
 118:.\Generated_Source\PSoC4/cyfitter_cfg.c ****     /* `#END` */
 119:.\Generated_Source\PSoC4/cyfitter_cfg.c **** 
 120:.\Generated_Source\PSoC4/cyfitter_cfg.c ****     /* If nothing else, stop here since the clocks have not started         */
 121:.\Generated_Source\PSoC4/cyfitter_cfg.c ****     /* correctly.                                                           */
 122:.\Generated_Source\PSoC4/cyfitter_cfg.c ****     while(1) {}
 123:.\Generated_Source\PSoC4/cyfitter_cfg.c **** }
 124:.\Generated_Source\PSoC4/cyfitter_cfg.c **** #endif
 125:.\Generated_Source\PSoC4/cyfitter_cfg.c **** 
 126:.\Generated_Source\PSoC4/cyfitter_cfg.c **** #define CY_CFG_BASE_ADDR_COUNT 5u
 127:.\Generated_Source\PSoC4/cyfitter_cfg.c **** CYPACKED typedef struct
 128:.\Generated_Source\PSoC4/cyfitter_cfg.c **** {
 129:.\Generated_Source\PSoC4/cyfitter_cfg.c **** 	uint8 offset;
 130:.\Generated_Source\PSoC4/cyfitter_cfg.c **** 	uint8 value;
 131:.\Generated_Source\PSoC4/cyfitter_cfg.c **** } CYPACKED_ATTR cy_cfg_addrvalue_t;
 132:.\Generated_Source\PSoC4/cyfitter_cfg.c **** 
 133:.\Generated_Source\PSoC4/cyfitter_cfg.c **** 
 134:.\Generated_Source\PSoC4/cyfitter_cfg.c **** 
 135:.\Generated_Source\PSoC4/cyfitter_cfg.c **** /*******************************************************************************
 136:.\Generated_Source\PSoC4/cyfitter_cfg.c **** * Function Name: cfg_write_bytes32
 137:.\Generated_Source\PSoC4/cyfitter_cfg.c **** ********************************************************************************
 138:.\Generated_Source\PSoC4/cyfitter_cfg.c **** * Summary:
 139:.\Generated_Source\PSoC4/cyfitter_cfg.c **** *  This function is used for setting up the chip configuration areas that
 140:.\Generated_Source\PSoC4/cyfitter_cfg.c **** *  contain relatively sparse data.
 141:.\Generated_Source\PSoC4/cyfitter_cfg.c **** *
 142:.\Generated_Source\PSoC4/cyfitter_cfg.c **** * Parameters:
 143:.\Generated_Source\PSoC4/cyfitter_cfg.c **** *   void
 144:.\Generated_Source\PSoC4/cyfitter_cfg.c **** *
 145:.\Generated_Source\PSoC4/cyfitter_cfg.c **** * Return:
 146:.\Generated_Source\PSoC4/cyfitter_cfg.c **** *   void
 147:.\Generated_Source\PSoC4/cyfitter_cfg.c **** *
ARM GAS  C:\Users\Chris\AppData\Local\Temp\ccbYtKiV.s 			page 4


 148:.\Generated_Source\PSoC4/cyfitter_cfg.c **** *******************************************************************************/
 149:.\Generated_Source\PSoC4/cyfitter_cfg.c **** static void cfg_write_bytes32(const uint32 addr_table[], const cy_cfg_addrvalue_t data_table[]);
 150:.\Generated_Source\PSoC4/cyfitter_cfg.c **** static void cfg_write_bytes32(const uint32 addr_table[], const cy_cfg_addrvalue_t data_table[])
 151:.\Generated_Source\PSoC4/cyfitter_cfg.c **** {
  25              		.loc 1 151 0
  26              		.cfi_startproc
  27              	.LVL0:
  28 0000 F0B5     		push	{r4, r5, r6, r7, lr}
  29              		.cfi_def_cfa_offset 20
  30              		.cfi_offset 4, -20
  31              		.cfi_offset 5, -16
  32              		.cfi_offset 6, -12
  33              		.cfi_offset 7, -8
  34              		.cfi_offset 14, -4
  35              	.LVL1:
 152:.\Generated_Source\PSoC4/cyfitter_cfg.c **** 	/* For 32-bit little-endian architectures */
 153:.\Generated_Source\PSoC4/cyfitter_cfg.c **** 	uint32 i, j = 0u;
  36              		.loc 1 153 0
  37 0002 0025     		mov	r5, #0
 154:.\Generated_Source\PSoC4/cyfitter_cfg.c **** 	for (i = 0u; i < CY_CFG_BASE_ADDR_COUNT; i++)
  38              		.loc 1 154 0
  39 0004 0027     		mov	r7, #0
  40 0006 11E0     		b	.L2
  41              	.LVL2:
  42              	.L5:
  43              	.LBB2:
 155:.\Generated_Source\PSoC4/cyfitter_cfg.c **** 	{
 156:.\Generated_Source\PSoC4/cyfitter_cfg.c **** 		uint32 baseAddr = addr_table[i];
  44              		.loc 1 156 0
  45 0008 BB00     		lsl	r3, r7, #2
  46 000a C658     		ldr	r6, [r0, r3]
  47              	.LVL3:
 157:.\Generated_Source\PSoC4/cyfitter_cfg.c **** 		uint8 count = (uint8)baseAddr;
  48              		.loc 1 157 0
  49 000c F3B2     		uxtb	r3, r6
  50              	.LVL4:
 158:.\Generated_Source\PSoC4/cyfitter_cfg.c **** 		baseAddr &= 0xFFFFFF00u;
  51              		.loc 1 158 0
  52 000e FF22     		mov	r2, #255
  53 0010 9643     		bic	r6, r2
  54              	.LVL5:
 159:.\Generated_Source\PSoC4/cyfitter_cfg.c **** 		while (count != 0u)
  55              		.loc 1 159 0
  56 0012 08E0     		b	.L3
  57              	.L4:
 160:.\Generated_Source\PSoC4/cyfitter_cfg.c **** 		{
 161:.\Generated_Source\PSoC4/cyfitter_cfg.c **** 			CY_SET_XTND_REG8((void CYFAR *)(baseAddr + data_table[j].offset), data_table[j].value);
  58              		.loc 1 161 0
  59 0014 6A00     		lsl	r2, r5, #1
  60 0016 8A18     		add	r2, r1, r2
  61 0018 1478     		ldrb	r4, [r2]
  62 001a A419     		add	r4, r4, r6
  63 001c 5278     		ldrb	r2, [r2, #1]
  64 001e 2270     		strb	r2, [r4]
 162:.\Generated_Source\PSoC4/cyfitter_cfg.c **** 			j++;
  65              		.loc 1 162 0
  66 0020 0135     		add	r5, r5, #1
ARM GAS  C:\Users\Chris\AppData\Local\Temp\ccbYtKiV.s 			page 5


  67              	.LVL6:
 163:.\Generated_Source\PSoC4/cyfitter_cfg.c **** 			count--;
  68              		.loc 1 163 0
  69 0022 013B     		sub	r3, r3, #1
  70              	.LVL7:
  71 0024 DBB2     		uxtb	r3, r3
  72              	.LVL8:
  73              	.L3:
 159:.\Generated_Source\PSoC4/cyfitter_cfg.c **** 		{
  74              		.loc 1 159 0
  75 0026 002B     		cmp	r3, #0
  76 0028 F4D1     		bne	.L4
  77              	.LBE2:
 154:.\Generated_Source\PSoC4/cyfitter_cfg.c **** 	{
  78              		.loc 1 154 0 discriminator 2
  79 002a 0137     		add	r7, r7, #1
  80              	.LVL9:
  81              	.L2:
 154:.\Generated_Source\PSoC4/cyfitter_cfg.c **** 	{
  82              		.loc 1 154 0 is_stmt 0 discriminator 1
  83 002c 042F     		cmp	r7, #4
  84 002e EBD9     		bls	.L5
 164:.\Generated_Source\PSoC4/cyfitter_cfg.c **** 		}
 165:.\Generated_Source\PSoC4/cyfitter_cfg.c **** 	}
 166:.\Generated_Source\PSoC4/cyfitter_cfg.c **** }
  85              		.loc 1 166 0 is_stmt 1
  86              		@ sp needed
  87              	.LVL10:
  88              	.LVL11:
  89 0030 F0BD     		pop	{r4, r5, r6, r7, pc}
  90              		.cfi_endproc
  91              	.LFE3:
  92              		.size	cfg_write_bytes32, .-cfg_write_bytes32
  93 0032 C046     		.section	.text.CYMEMZERO,"ax",%progbits
  94              		.align	2
  95              		.code	16
  96              		.thumb_func
  97              		.type	CYMEMZERO, %function
  98              	CYMEMZERO:
  99              	.LFB0:
  62:.\Generated_Source\PSoC4/cyfitter_cfg.c **** 	(void)memset(s, 0, n);
 100              		.loc 1 62 0
 101              		.cfi_startproc
 102              	.LVL12:
 103 0000 08B5     		push	{r3, lr}
 104              		.cfi_def_cfa_offset 8
 105              		.cfi_offset 3, -8
 106              		.cfi_offset 14, -4
 107 0002 0A1C     		mov	r2, r1
  63:.\Generated_Source\PSoC4/cyfitter_cfg.c **** }
 108              		.loc 1 63 0
 109 0004 0021     		mov	r1, #0
 110              	.LVL13:
 111 0006 FFF7FEFF 		bl	memset
 112              	.LVL14:
  64:.\Generated_Source\PSoC4/cyfitter_cfg.c **** CY_CFG_UNUSED
 113              		.loc 1 64 0
ARM GAS  C:\Users\Chris\AppData\Local\Temp\ccbYtKiV.s 			page 6


 114              		@ sp needed
 115 000a 08BD     		pop	{r3, pc}
 116              		.cfi_endproc
 117              	.LFE0:
 118              		.size	CYMEMZERO, .-CYMEMZERO
 119              		.section	.psocinit,"ax",%progbits
 120              		.align	2
 121              		.code	16
 122              		.thumb_func
 123              		.type	ClockSetup, %function
 124              	ClockSetup:
 125              	.LFB4:
 167:.\Generated_Source\PSoC4/cyfitter_cfg.c **** 
 168:.\Generated_Source\PSoC4/cyfitter_cfg.c **** 
 169:.\Generated_Source\PSoC4/cyfitter_cfg.c **** /*******************************************************************************
 170:.\Generated_Source\PSoC4/cyfitter_cfg.c **** * Function Name: ClockSetup
 171:.\Generated_Source\PSoC4/cyfitter_cfg.c **** ********************************************************************************
 172:.\Generated_Source\PSoC4/cyfitter_cfg.c **** *
 173:.\Generated_Source\PSoC4/cyfitter_cfg.c **** * Summary:
 174:.\Generated_Source\PSoC4/cyfitter_cfg.c **** *   Performs the initialization of all of the clocks in the device based on the
 175:.\Generated_Source\PSoC4/cyfitter_cfg.c **** *   settings in the Clock tab of the DWR.  This includes enabling the requested
 176:.\Generated_Source\PSoC4/cyfitter_cfg.c **** *   clocks and setting the necessary dividers to produce the desired frequency. 
 177:.\Generated_Source\PSoC4/cyfitter_cfg.c **** *
 178:.\Generated_Source\PSoC4/cyfitter_cfg.c **** * Parameters:
 179:.\Generated_Source\PSoC4/cyfitter_cfg.c **** *   void
 180:.\Generated_Source\PSoC4/cyfitter_cfg.c **** *
 181:.\Generated_Source\PSoC4/cyfitter_cfg.c **** * Return:
 182:.\Generated_Source\PSoC4/cyfitter_cfg.c **** *   void
 183:.\Generated_Source\PSoC4/cyfitter_cfg.c **** *
 184:.\Generated_Source\PSoC4/cyfitter_cfg.c **** *******************************************************************************/
 185:.\Generated_Source\PSoC4/cyfitter_cfg.c **** static void ClockSetup(void);
 186:.\Generated_Source\PSoC4/cyfitter_cfg.c **** CY_CFG_SECTION
 187:.\Generated_Source\PSoC4/cyfitter_cfg.c **** static void ClockSetup(void)
 188:.\Generated_Source\PSoC4/cyfitter_cfg.c **** {
 126              		.loc 1 188 0
 127              		.cfi_startproc
 128 0000 38B5     		push	{r3, r4, r5, lr}
 129              		.cfi_def_cfa_offset 16
 130              		.cfi_offset 3, -16
 131              		.cfi_offset 4, -12
 132              		.cfi_offset 5, -8
 133              		.cfi_offset 14, -4
 189:.\Generated_Source\PSoC4/cyfitter_cfg.c **** 	/* Enable HALF_EN before trimming for the flash accelerator. */
 190:.\Generated_Source\PSoC4/cyfitter_cfg.c **** 	CY_SET_REG32((void CYXDATA *)(CYREG_CLK_SELECT), (CY_GET_REG32((void *)CYREG_CLK_SELECT) | 0x00040
 134              		.loc 1 190 0
 135 0002 0F4C     		ldr	r4, .L8
 136 0004 2368     		ldr	r3, [r4]
 137 0006 8022     		mov	r2, #128
 138 0008 D202     		lsl	r2, r2, #11
 139 000a 1343     		orr	r3, r2
 140 000c 2360     		str	r3, [r4]
 191:.\Generated_Source\PSoC4/cyfitter_cfg.c **** 
 192:.\Generated_Source\PSoC4/cyfitter_cfg.c **** 	/* Setup and trim IMO based on desired frequency. */
 193:.\Generated_Source\PSoC4/cyfitter_cfg.c **** 	CySysClkWriteImoFreq(24u);
 141              		.loc 1 193 0
 142 000e 1820     		mov	r0, #24
 143 0010 FFF7FEFF 		bl	CySysClkWriteImoFreq
ARM GAS  C:\Users\Chris\AppData\Local\Temp\ccbYtKiV.s 			page 7


 144              	.LVL15:
 194:.\Generated_Source\PSoC4/cyfitter_cfg.c **** 
 195:.\Generated_Source\PSoC4/cyfitter_cfg.c **** 	/* Disable HALF_EN since it is not required at this IMO frequency. */
 196:.\Generated_Source\PSoC4/cyfitter_cfg.c **** 	CY_SET_REG32((void CYXDATA *)(CYREG_CLK_SELECT), (CY_GET_REG32((void *)CYREG_CLK_SELECT) & 0xFFFBF
 145              		.loc 1 196 0
 146 0014 2268     		ldr	r2, [r4]
 147 0016 0B4B     		ldr	r3, .L8+4
 148 0018 1340     		and	r3, r2
 149 001a 2360     		str	r3, [r4]
 197:.\Generated_Source\PSoC4/cyfitter_cfg.c **** 	/* CYDEV_CLK_ILO_CONFIG Starting address: CYDEV_CLK_ILO_CONFIG */
 198:.\Generated_Source\PSoC4/cyfitter_cfg.c **** 	CY_SET_XTND_REG32((void CYFAR *)(CYREG_CLK_ILO_CONFIG), 0x80000006u);
 150              		.loc 1 198 0
 151 001c 0A4A     		ldr	r2, .L8+8
 152 001e 0B4B     		ldr	r3, .L8+12
 153 0020 1A60     		str	r2, [r3]
 199:.\Generated_Source\PSoC4/cyfitter_cfg.c **** 
 200:.\Generated_Source\PSoC4/cyfitter_cfg.c **** 
 201:.\Generated_Source\PSoC4/cyfitter_cfg.c **** 	/* CYDEV_CLK_IMO_CONFIG Starting address: CYDEV_CLK_IMO_CONFIG */
 202:.\Generated_Source\PSoC4/cyfitter_cfg.c **** 	CY_SET_XTND_REG32((void CYFAR *)(CYREG_CLK_IMO_CONFIG), 0x80000000u);
 154              		.loc 1 202 0
 155 0022 063A     		sub	r2, r2, #6
 156 0024 0A4B     		ldr	r3, .L8+16
 157 0026 1A60     		str	r2, [r3]
 203:.\Generated_Source\PSoC4/cyfitter_cfg.c **** 
 204:.\Generated_Source\PSoC4/cyfitter_cfg.c **** 	/* CYDEV_CLK_SELECT Starting address: CYDEV_CLK_SELECT */
 205:.\Generated_Source\PSoC4/cyfitter_cfg.c **** 	CY_SET_XTND_REG32((void CYFAR *)(CYREG_CLK_SELECT), 0x00000000u);
 158              		.loc 1 205 0
 159 0028 0025     		mov	r5, #0
 160 002a 2560     		str	r5, [r4]
 206:.\Generated_Source\PSoC4/cyfitter_cfg.c **** 
 207:.\Generated_Source\PSoC4/cyfitter_cfg.c **** 	(void)CyIntSetVector(9u, &CySysWdtIsr);
 161              		.loc 1 207 0
 162 002c 0920     		mov	r0, #9
 163 002e 0949     		ldr	r1, .L8+20
 164 0030 FFF7FEFF 		bl	CyIntSetVector
 165              	.LVL16:
 208:.\Generated_Source\PSoC4/cyfitter_cfg.c **** 	CyIntEnable(9u);
 166              		.loc 1 208 0
 167 0034 0920     		mov	r0, #9
 168 0036 FFF7FEFF 		bl	CyIntEnable
 169              	.LVL17:
 209:.\Generated_Source\PSoC4/cyfitter_cfg.c **** 	CY_SET_XTND_REG32((void CYFAR *)(CYREG_WDT_CONFIG), 0x00000000u);
 170              		.loc 1 209 0
 171 003a 074B     		ldr	r3, .L8+24
 172 003c 1D60     		str	r5, [r3]
 210:.\Generated_Source\PSoC4/cyfitter_cfg.c **** }
 173              		.loc 1 210 0
 174              		@ sp needed
 175 003e 38BD     		pop	{r3, r4, r5, pc}
 176              	.L9:
 177              		.align	2
 178              	.L8:
 179 0040 00010B40 		.word	1074462976
 180 0044 FFFFFBFF 		.word	-262145
 181 0048 06000080 		.word	-2147483642
 182 004c 04010B40 		.word	1074462980
 183 0050 08010B40 		.word	1074462984
ARM GAS  C:\Users\Chris\AppData\Local\Temp\ccbYtKiV.s 			page 8


 184 0054 00000000 		.word	CySysWdtIsr
 185 0058 0C020B40 		.word	1074463244
 186              		.cfi_endproc
 187              	.LFE4:
 188              		.size	ClockSetup, .-ClockSetup
 189              		.align	2
 190              		.global	cyfitter_cfg
 191              		.code	16
 192              		.thumb_func
 193              		.type	cyfitter_cfg, %function
 194              	cyfitter_cfg:
 195              	.LFB6:
 211:.\Generated_Source\PSoC4/cyfitter_cfg.c **** 
 212:.\Generated_Source\PSoC4/cyfitter_cfg.c **** 
 213:.\Generated_Source\PSoC4/cyfitter_cfg.c **** /* Analog API Functions */
 214:.\Generated_Source\PSoC4/cyfitter_cfg.c **** 
 215:.\Generated_Source\PSoC4/cyfitter_cfg.c **** 
 216:.\Generated_Source\PSoC4/cyfitter_cfg.c **** /*******************************************************************************
 217:.\Generated_Source\PSoC4/cyfitter_cfg.c **** * Function Name: AnalogSetDefault
 218:.\Generated_Source\PSoC4/cyfitter_cfg.c **** ********************************************************************************
 219:.\Generated_Source\PSoC4/cyfitter_cfg.c **** *
 220:.\Generated_Source\PSoC4/cyfitter_cfg.c **** * Summary:
 221:.\Generated_Source\PSoC4/cyfitter_cfg.c **** *  Sets up the analog portions of the chip to default values based on chip
 222:.\Generated_Source\PSoC4/cyfitter_cfg.c **** *  configuration options from the project.
 223:.\Generated_Source\PSoC4/cyfitter_cfg.c **** *
 224:.\Generated_Source\PSoC4/cyfitter_cfg.c **** * Parameters:
 225:.\Generated_Source\PSoC4/cyfitter_cfg.c **** *  void
 226:.\Generated_Source\PSoC4/cyfitter_cfg.c **** *
 227:.\Generated_Source\PSoC4/cyfitter_cfg.c **** * Return:
 228:.\Generated_Source\PSoC4/cyfitter_cfg.c **** *  void
 229:.\Generated_Source\PSoC4/cyfitter_cfg.c **** *
 230:.\Generated_Source\PSoC4/cyfitter_cfg.c **** *******************************************************************************/
 231:.\Generated_Source\PSoC4/cyfitter_cfg.c **** static void AnalogSetDefault(void);
 232:.\Generated_Source\PSoC4/cyfitter_cfg.c **** static void AnalogSetDefault(void)
 233:.\Generated_Source\PSoC4/cyfitter_cfg.c **** {
 234:.\Generated_Source\PSoC4/cyfitter_cfg.c **** }
 235:.\Generated_Source\PSoC4/cyfitter_cfg.c **** 
 236:.\Generated_Source\PSoC4/cyfitter_cfg.c **** #define CY_AMUX_UNUSED CYREG_CM0_ROM_DWT
 237:.\Generated_Source\PSoC4/cyfitter_cfg.c **** 
 238:.\Generated_Source\PSoC4/cyfitter_cfg.c **** 
 239:.\Generated_Source\PSoC4/cyfitter_cfg.c **** /*******************************************************************************
 240:.\Generated_Source\PSoC4/cyfitter_cfg.c **** * Function Name: cyfitter_cfg
 241:.\Generated_Source\PSoC4/cyfitter_cfg.c **** ********************************************************************************
 242:.\Generated_Source\PSoC4/cyfitter_cfg.c **** * Summary:
 243:.\Generated_Source\PSoC4/cyfitter_cfg.c **** *  This function is called by the start-up code for the selected device. It
 244:.\Generated_Source\PSoC4/cyfitter_cfg.c **** *  performs all of the necessary device configuration based on the design
 245:.\Generated_Source\PSoC4/cyfitter_cfg.c **** *  settings.  This includes settings from the Design Wide Resources (DWR) such
 246:.\Generated_Source\PSoC4/cyfitter_cfg.c **** *  as Clocks and Pins as well as any component configuration that is necessary.
 247:.\Generated_Source\PSoC4/cyfitter_cfg.c **** *
 248:.\Generated_Source\PSoC4/cyfitter_cfg.c **** * Parameters:  
 249:.\Generated_Source\PSoC4/cyfitter_cfg.c **** *   void
 250:.\Generated_Source\PSoC4/cyfitter_cfg.c **** *
 251:.\Generated_Source\PSoC4/cyfitter_cfg.c **** * Return:
 252:.\Generated_Source\PSoC4/cyfitter_cfg.c **** *   void
 253:.\Generated_Source\PSoC4/cyfitter_cfg.c **** *
 254:.\Generated_Source\PSoC4/cyfitter_cfg.c **** *******************************************************************************/
 255:.\Generated_Source\PSoC4/cyfitter_cfg.c **** CY_CFG_SECTION
ARM GAS  C:\Users\Chris\AppData\Local\Temp\ccbYtKiV.s 			page 9


 256:.\Generated_Source\PSoC4/cyfitter_cfg.c **** void cyfitter_cfg(void)
 257:.\Generated_Source\PSoC4/cyfitter_cfg.c **** {
 196              		.loc 1 257 0
 197              		.cfi_startproc
 198 005c 10B5     		push	{r4, lr}
 199              		.cfi_def_cfa_offset 8
 200              		.cfi_offset 4, -8
 201              		.cfi_offset 14, -4
 258:.\Generated_Source\PSoC4/cyfitter_cfg.c **** 	/* Disable interrupts by default. Let user enable if/when they want. */
 259:.\Generated_Source\PSoC4/cyfitter_cfg.c **** 	CyGlobalIntDisable;
 202              		.loc 1 259 0
 203              	@ 259 ".\Generated_Source\PSoC4\cyfitter_cfg.c" 1
 204 005e 72B6     		CPSID   i
 205              	@ 0 "" 2
 206              	.LVL18:
 207              		.code	16
 208              	.LBB3:
 260:.\Generated_Source\PSoC4/cyfitter_cfg.c **** 
 261:.\Generated_Source\PSoC4/cyfitter_cfg.c **** 	{
 262:.\Generated_Source\PSoC4/cyfitter_cfg.c **** 		static const uint32 CYCODE cy_cfg_addr_table[] = {
 263:.\Generated_Source\PSoC4/cyfitter_cfg.c **** 			0x400F3005u, /* Base address: 0x400F3000 Count: 5 */
 264:.\Generated_Source\PSoC4/cyfitter_cfg.c **** 			0x400F3103u, /* Base address: 0x400F3100 Count: 3 */
 265:.\Generated_Source\PSoC4/cyfitter_cfg.c **** 			0x400F3302u, /* Base address: 0x400F3300 Count: 2 */
 266:.\Generated_Source\PSoC4/cyfitter_cfg.c **** 			0x400F4005u, /* Base address: 0x400F4000 Count: 5 */
 267:.\Generated_Source\PSoC4/cyfitter_cfg.c **** 			0x400F4107u, /* Base address: 0x400F4100 Count: 7 */
 268:.\Generated_Source\PSoC4/cyfitter_cfg.c **** 		};
 269:.\Generated_Source\PSoC4/cyfitter_cfg.c **** 
 270:.\Generated_Source\PSoC4/cyfitter_cfg.c **** 		static const cy_cfg_addrvalue_t CYCODE cy_cfg_data_table[] = {
 271:.\Generated_Source\PSoC4/cyfitter_cfg.c **** 			{0x90u, 0x01u},
 272:.\Generated_Source\PSoC4/cyfitter_cfg.c **** 			{0xB6u, 0x01u},
 273:.\Generated_Source\PSoC4/cyfitter_cfg.c **** 			{0xBEu, 0x40u},
 274:.\Generated_Source\PSoC4/cyfitter_cfg.c **** 			{0xD8u, 0x04u},
 275:.\Generated_Source\PSoC4/cyfitter_cfg.c **** 			{0xDFu, 0x01u},
 276:.\Generated_Source\PSoC4/cyfitter_cfg.c **** 			{0x0Fu, 0x80u},
 277:.\Generated_Source\PSoC4/cyfitter_cfg.c **** 			{0x1Fu, 0x80u},
 278:.\Generated_Source\PSoC4/cyfitter_cfg.c **** 			{0xC2u, 0x10u},
 279:.\Generated_Source\PSoC4/cyfitter_cfg.c **** 			{0xABu, 0x40u},
 280:.\Generated_Source\PSoC4/cyfitter_cfg.c **** 			{0xAFu, 0x80u},
 281:.\Generated_Source\PSoC4/cyfitter_cfg.c **** 			{0x0Du, 0x20u},
 282:.\Generated_Source\PSoC4/cyfitter_cfg.c **** 			{0x0Fu, 0x08u},
 283:.\Generated_Source\PSoC4/cyfitter_cfg.c **** 			{0x57u, 0x20u},
 284:.\Generated_Source\PSoC4/cyfitter_cfg.c **** 			{0xC2u, 0x80u},
 285:.\Generated_Source\PSoC4/cyfitter_cfg.c **** 			{0xD4u, 0x40u},
 286:.\Generated_Source\PSoC4/cyfitter_cfg.c **** 			{0x63u, 0x08u},
 287:.\Generated_Source\PSoC4/cyfitter_cfg.c **** 			{0xA3u, 0x04u},
 288:.\Generated_Source\PSoC4/cyfitter_cfg.c **** 			{0xA9u, 0x20u},
 289:.\Generated_Source\PSoC4/cyfitter_cfg.c **** 			{0xAFu, 0x20u},
 290:.\Generated_Source\PSoC4/cyfitter_cfg.c **** 			{0xD8u, 0x40u},
 291:.\Generated_Source\PSoC4/cyfitter_cfg.c **** 			{0xE8u, 0x20u},
 292:.\Generated_Source\PSoC4/cyfitter_cfg.c **** 			{0xEEu, 0x10u},
 293:.\Generated_Source\PSoC4/cyfitter_cfg.c **** 		};
 294:.\Generated_Source\PSoC4/cyfitter_cfg.c **** 
 295:.\Generated_Source\PSoC4/cyfitter_cfg.c **** 
 296:.\Generated_Source\PSoC4/cyfitter_cfg.c **** 
 297:.\Generated_Source\PSoC4/cyfitter_cfg.c **** 		CYPACKED typedef struct {
 298:.\Generated_Source\PSoC4/cyfitter_cfg.c **** 			void CYFAR *address;
 299:.\Generated_Source\PSoC4/cyfitter_cfg.c **** 			uint16 size;
ARM GAS  C:\Users\Chris\AppData\Local\Temp\ccbYtKiV.s 			page 10


 300:.\Generated_Source\PSoC4/cyfitter_cfg.c **** 		} CYPACKED_ATTR cfg_memset_t;
 301:.\Generated_Source\PSoC4/cyfitter_cfg.c **** 
 302:.\Generated_Source\PSoC4/cyfitter_cfg.c **** 		static const cfg_memset_t CYCODE cfg_memset_list [] = {
 303:.\Generated_Source\PSoC4/cyfitter_cfg.c **** 			/* address, size */
 304:.\Generated_Source\PSoC4/cyfitter_cfg.c **** 			{(void CYFAR *)(CYDEV_UDB_P0_U0_BASE), 1024u},
 305:.\Generated_Source\PSoC4/cyfitter_cfg.c **** 			{(void CYFAR *)(CYDEV_UDB_DSI0_BASE), 1024u},
 306:.\Generated_Source\PSoC4/cyfitter_cfg.c **** 		};
 307:.\Generated_Source\PSoC4/cyfitter_cfg.c **** 
 308:.\Generated_Source\PSoC4/cyfitter_cfg.c **** 		uint8 CYDATA i;
 309:.\Generated_Source\PSoC4/cyfitter_cfg.c **** 
 310:.\Generated_Source\PSoC4/cyfitter_cfg.c **** 		/* Zero out critical memory blocks before beginning configuration */
 311:.\Generated_Source\PSoC4/cyfitter_cfg.c **** 		for (i = 0u; i < (sizeof(cfg_memset_list)/sizeof(cfg_memset_list[0])); i++)
 209              		.loc 1 311 0
 210 0060 0024     		mov	r4, #0
 211 0062 10E0     		b	.L11
 212              	.LVL19:
 213              	.L12:
 214              	.LBB4:
 312:.\Generated_Source\PSoC4/cyfitter_cfg.c **** 		{
 313:.\Generated_Source\PSoC4/cyfitter_cfg.c **** 			const cfg_memset_t CYCODE * CYDATA ms = &cfg_memset_list[i];
 314:.\Generated_Source\PSoC4/cyfitter_cfg.c **** 			CYMEMZERO(ms->address, (size_t)(uint32)(ms->size));
 215              		.loc 1 314 0 discriminator 3
 216 0064 2C48     		ldr	r0, .L13
 217 0066 6300     		lsl	r3, r4, #1
 218 0068 1A19     		add	r2, r3, r4
 219 006a 5200     		lsl	r2, r2, #1
 220 006c 8218     		add	r2, r0, r2
 221 006e 9188     		ldrh	r1, [r2, #4]
 222 0070 1B19     		add	r3, r3, r4
 223 0072 5B00     		lsl	r3, r3, #1
 224 0074 1A5A     		ldrh	r2, [r3, r0]
 225 0076 C318     		add	r3, r0, r3
 226 0078 5888     		ldrh	r0, [r3, #2]
 227 007a 0004     		lsl	r0, r0, #16
 228 007c 1043     		orr	r0, r2
 229 007e FFF7FEFF 		bl	CYMEMZERO
 230              	.LVL20:
 231              	.LBE4:
 311:.\Generated_Source\PSoC4/cyfitter_cfg.c **** 		{
 232              		.loc 1 311 0 discriminator 3
 233 0082 0134     		add	r4, r4, #1
 234              	.LVL21:
 235 0084 E4B2     		uxtb	r4, r4
 236              	.LVL22:
 237              	.L11:
 311:.\Generated_Source\PSoC4/cyfitter_cfg.c **** 		{
 238              		.loc 1 311 0 is_stmt 0 discriminator 1
 239 0086 012C     		cmp	r4, #1
 240 0088 ECD9     		bls	.L12
 315:.\Generated_Source\PSoC4/cyfitter_cfg.c **** 		}
 316:.\Generated_Source\PSoC4/cyfitter_cfg.c **** 
 317:.\Generated_Source\PSoC4/cyfitter_cfg.c **** 		cfg_write_bytes32(cy_cfg_addr_table, cy_cfg_data_table);
 241              		.loc 1 317 0 is_stmt 1
 242 008a 2349     		ldr	r1, .L13
 243 008c 081C     		mov	r0, r1
 244 008e 0C30     		add	r0, r0, #12
 245 0090 2031     		add	r1, r1, #32
ARM GAS  C:\Users\Chris\AppData\Local\Temp\ccbYtKiV.s 			page 11


 246 0092 FFF7FEFF 		bl	cfg_write_bytes32
 247              	.LVL23:
 318:.\Generated_Source\PSoC4/cyfitter_cfg.c **** 
 319:.\Generated_Source\PSoC4/cyfitter_cfg.c **** 		/* HSIOM Starting address: CYDEV_HSIOM_BASE */
 320:.\Generated_Source\PSoC4/cyfitter_cfg.c **** 		CY_SET_XTND_REG32((void CYFAR *)(CYDEV_HSIOM_BASE), 0x00000300u);
 248              		.loc 1 320 0
 249 0096 C022     		mov	r2, #192
 250 0098 9200     		lsl	r2, r2, #2
 251 009a 204B     		ldr	r3, .L13+4
 252 009c 1A60     		str	r2, [r3]
 321:.\Generated_Source\PSoC4/cyfitter_cfg.c **** 		CY_SET_XTND_REG32((void CYFAR *)(CYREG_HSIOM_PORT_SEL1), 0x03000000u);
 253              		.loc 1 321 0
 254 009e C022     		mov	r2, #192
 255 00a0 9204     		lsl	r2, r2, #18
 256 00a2 1F4B     		ldr	r3, .L13+8
 257 00a4 1A60     		str	r2, [r3]
 322:.\Generated_Source\PSoC4/cyfitter_cfg.c **** 		CY_SET_XTND_REG32((void CYFAR *)(CYREG_HSIOM_PORT_SEL3), 0x0000EE00u);
 258              		.loc 1 322 0
 259 00a6 EE22     		mov	r2, #238
 260 00a8 1202     		lsl	r2, r2, #8
 261 00aa 1E4B     		ldr	r3, .L13+12
 262 00ac 1A60     		str	r2, [r3]
 323:.\Generated_Source\PSoC4/cyfitter_cfg.c **** 
 324:.\Generated_Source\PSoC4/cyfitter_cfg.c **** 		/* UDB_PA_0 Starting address: CYDEV_UDB_PA0_BASE */
 325:.\Generated_Source\PSoC4/cyfitter_cfg.c **** 		CY_SET_XTND_REG32((void CYFAR *)(CYDEV_UDB_PA0_BASE), 0x00990000u);
 263              		.loc 1 325 0
 264 00ae 9923     		mov	r3, #153
 265 00b0 1B04     		lsl	r3, r3, #16
 266 00b2 1D4A     		ldr	r2, .L13+16
 267 00b4 1360     		str	r3, [r2]
 326:.\Generated_Source\PSoC4/cyfitter_cfg.c **** 		CY_SET_XTND_REG32((void CYFAR *)(CYREG_UDB_PA0_CFG8), 0x00100000u);
 268              		.loc 1 326 0
 269 00b6 8021     		mov	r1, #128
 270 00b8 4903     		lsl	r1, r1, #13
 271 00ba 1C4A     		ldr	r2, .L13+20
 272 00bc 1160     		str	r1, [r2]
 327:.\Generated_Source\PSoC4/cyfitter_cfg.c **** 
 328:.\Generated_Source\PSoC4/cyfitter_cfg.c **** 		/* UDB_PA_1 Starting address: CYDEV_UDB_PA1_BASE */
 329:.\Generated_Source\PSoC4/cyfitter_cfg.c **** 		CY_SET_XTND_REG32((void CYFAR *)(CYDEV_UDB_PA1_BASE), 0x00990000u);
 273              		.loc 1 329 0
 274 00be 1C4A     		ldr	r2, .L13+24
 275 00c0 1360     		str	r3, [r2]
 330:.\Generated_Source\PSoC4/cyfitter_cfg.c **** 		CY_SET_XTND_REG32((void CYFAR *)(CYREG_UDB_PA1_CFG8), 0x20000000u);
 276              		.loc 1 330 0
 277 00c2 8021     		mov	r1, #128
 278 00c4 8905     		lsl	r1, r1, #22
 279 00c6 1B4A     		ldr	r2, .L13+28
 280 00c8 1160     		str	r1, [r2]
 331:.\Generated_Source\PSoC4/cyfitter_cfg.c **** 
 332:.\Generated_Source\PSoC4/cyfitter_cfg.c **** 		/* UDB_PA_3 Starting address: CYDEV_UDB_PA3_BASE */
 333:.\Generated_Source\PSoC4/cyfitter_cfg.c **** 		CY_SET_XTND_REG32((void CYFAR *)(CYDEV_UDB_PA3_BASE), 0x00990000u);
 281              		.loc 1 333 0
 282 00ca 1B4A     		ldr	r2, .L13+32
 283 00cc 1360     		str	r3, [r2]
 334:.\Generated_Source\PSoC4/cyfitter_cfg.c **** 
 335:.\Generated_Source\PSoC4/cyfitter_cfg.c **** 		/* Enable digital routing */
 336:.\Generated_Source\PSoC4/cyfitter_cfg.c **** 		CY_SET_XTND_REG8((void *)CYREG_UDB_UDBIF_BANK_CTL, CY_GET_XTND_REG8((void *)CYREG_UDB_UDBIF_BANK_
ARM GAS  C:\Users\Chris\AppData\Local\Temp\ccbYtKiV.s 			page 12


 284              		.loc 1 336 0
 285 00ce 1B4B     		ldr	r3, .L13+36
 286 00d0 1978     		ldrb	r1, [r3]
 287 00d2 0222     		mov	r2, #2
 288 00d4 0A43     		orr	r2, r1
 289 00d6 1A70     		strb	r2, [r3]
 337:.\Generated_Source\PSoC4/cyfitter_cfg.c **** 
 338:.\Generated_Source\PSoC4/cyfitter_cfg.c **** 		/* Enable UDB array */
 339:.\Generated_Source\PSoC4/cyfitter_cfg.c **** 		CY_SET_XTND_REG8((void *)CYREG_UDB_UDBIF_WAIT_CFG, (uint8)((CY_GET_XTND_REG8((void *)CYREG_UDB_UD
 290              		.loc 1 339 0
 291 00d8 1948     		ldr	r0, .L13+40
 292 00da 0278     		ldrb	r2, [r0]
 293 00dc 3C21     		mov	r1, #60
 294 00de 8A43     		bic	r2, r1
 295 00e0 2839     		sub	r1, r1, #40
 296 00e2 0A43     		orr	r2, r1
 297 00e4 0270     		strb	r2, [r0]
 340:.\Generated_Source\PSoC4/cyfitter_cfg.c **** 		CY_SET_XTND_REG8((void *)CYREG_UDB_UDBIF_BANK_CTL, (uint8)(CY_GET_XTND_REG8((void *)CYREG_UDB_UDB
 298              		.loc 1 340 0
 299 00e6 1978     		ldrb	r1, [r3]
 300 00e8 1622     		mov	r2, #22
 301 00ea 0A43     		orr	r2, r1
 302 00ec 1A70     		strb	r2, [r3]
 303              	.LBE3:
 341:.\Generated_Source\PSoC4/cyfitter_cfg.c **** 	}
 342:.\Generated_Source\PSoC4/cyfitter_cfg.c **** 
 343:.\Generated_Source\PSoC4/cyfitter_cfg.c **** 	/* Perform second pass device configuration. These items must be configured in specific order afte
 344:.\Generated_Source\PSoC4/cyfitter_cfg.c **** 	/* IOPINS0_0 Starting address: CYDEV_PRT0_BASE */
 345:.\Generated_Source\PSoC4/cyfitter_cfg.c **** 	CY_SET_XTND_REG32((void CYFAR *)(CYDEV_PRT0_BASE), 0x0000008Cu);
 304              		.loc 1 345 0
 305 00ee 8C22     		mov	r2, #140
 306 00f0 144B     		ldr	r3, .L13+44
 307 00f2 1A60     		str	r2, [r3]
 346:.\Generated_Source\PSoC4/cyfitter_cfg.c **** 	CY_SET_XTND_REG32((void CYFAR *)(CYREG_PRT0_PC), 0x00400D80u);
 308              		.loc 1 346 0
 309 00f4 144A     		ldr	r2, .L13+48
 310 00f6 154B     		ldr	r3, .L13+52
 311 00f8 1A60     		str	r2, [r3]
 347:.\Generated_Source\PSoC4/cyfitter_cfg.c **** 
 348:.\Generated_Source\PSoC4/cyfitter_cfg.c **** 	/* IOPINS0_1 Starting address: CYDEV_PRT1_BASE */
 349:.\Generated_Source\PSoC4/cyfitter_cfg.c **** 	CY_SET_XTND_REG32((void CYFAR *)(CYDEV_PRT1_BASE), 0x00000040u);
 312              		.loc 1 349 0
 313 00fa 4022     		mov	r2, #64
 314 00fc 144B     		ldr	r3, .L13+56
 315 00fe 1A60     		str	r2, [r3]
 350:.\Generated_Source\PSoC4/cyfitter_cfg.c **** 	CY_SET_XTND_REG32((void CYFAR *)(CYREG_PRT1_PC), 0x00180000u);
 316              		.loc 1 350 0
 317 0100 C022     		mov	r2, #192
 318 0102 5203     		lsl	r2, r2, #13
 319 0104 134B     		ldr	r3, .L13+60
 320 0106 1A60     		str	r2, [r3]
 351:.\Generated_Source\PSoC4/cyfitter_cfg.c **** 
 352:.\Generated_Source\PSoC4/cyfitter_cfg.c **** 	/* IOPINS0_3 Starting address: CYDEV_PRT3_BASE */
 353:.\Generated_Source\PSoC4/cyfitter_cfg.c **** 	CY_SET_XTND_REG32((void CYFAR *)(CYREG_PRT3_PC), 0x00000D80u);
 321              		.loc 1 353 0
 322 0108 D822     		mov	r2, #216
 323 010a 1201     		lsl	r2, r2, #4
ARM GAS  C:\Users\Chris\AppData\Local\Temp\ccbYtKiV.s 			page 13


 324 010c 124B     		ldr	r3, .L13+64
 325 010e 1A60     		str	r2, [r3]
 354:.\Generated_Source\PSoC4/cyfitter_cfg.c **** 
 355:.\Generated_Source\PSoC4/cyfitter_cfg.c **** 
 356:.\Generated_Source\PSoC4/cyfitter_cfg.c **** 	/* Setup clocks based on selections from Clock DWR */
 357:.\Generated_Source\PSoC4/cyfitter_cfg.c **** 	ClockSetup();
 326              		.loc 1 357 0
 327 0110 FFF776FF 		bl	ClockSetup
 328              	.LVL24:
 358:.\Generated_Source\PSoC4/cyfitter_cfg.c **** 
 359:.\Generated_Source\PSoC4/cyfitter_cfg.c **** 	/* Perform basic analog initialization to defaults */
 360:.\Generated_Source\PSoC4/cyfitter_cfg.c **** 	AnalogSetDefault();
 361:.\Generated_Source\PSoC4/cyfitter_cfg.c **** 
 362:.\Generated_Source\PSoC4/cyfitter_cfg.c **** }
 329              		.loc 1 362 0
 330              		@ sp needed
 331              	.LVL25:
 332 0114 10BD     		pop	{r4, pc}
 333              	.L14:
 334 0116 C046     		.align	2
 335              	.L13:
 336 0118 00000000 		.word	.LANCHOR0
 337 011c 00000140 		.word	1073807360
 338 0120 04000140 		.word	1073807364
 339 0124 0C000140 		.word	1073807372
 340 0128 00500F40 		.word	1074745344
 341 012c 08500F40 		.word	1074745352
 342 0130 10500F40 		.word	1074745360
 343 0134 18500F40 		.word	1074745368
 344 0138 30500F40 		.word	1074745392
 345 013c 00700F40 		.word	1074753536
 346 0140 01700F40 		.word	1074753537
 347 0144 00000440 		.word	1074003968
 348 0148 800D4000 		.word	4197760
 349 014c 08000440 		.word	1074003976
 350 0150 00010440 		.word	1074004224
 351 0154 08010440 		.word	1074004232
 352 0158 08030440 		.word	1074004744
 353              		.cfi_endproc
 354              	.LFE6:
 355              		.size	cyfitter_cfg, .-cyfitter_cfg
 356              		.section	.rodata
 357              		.align	2
 358              		.set	.LANCHOR0,. + 0
 359              		.type	cfg_memset_list.4746, %object
 360              		.size	cfg_memset_list.4746, 12
 361              	cfg_memset_list.4746:
 362 0000 00300F40 		.word	1074737152
 363 0004 0004     		.short	1024
 364 0006 00400F40 		.4byte	1074741248
 365 000a 0004     		.short	1024
 366              		.type	cy_cfg_addr_table.4740, %object
 367              		.size	cy_cfg_addr_table.4740, 20
 368              	cy_cfg_addr_table.4740:
 369 000c 05300F40 		.word	1074737157
 370 0010 03310F40 		.word	1074737411
 371 0014 02330F40 		.word	1074737922
ARM GAS  C:\Users\Chris\AppData\Local\Temp\ccbYtKiV.s 			page 14


 372 0018 05400F40 		.word	1074741253
 373 001c 07410F40 		.word	1074741511
 374              		.type	cy_cfg_data_table.4741, %object
 375              		.size	cy_cfg_data_table.4741, 44
 376              	cy_cfg_data_table.4741:
 377 0020 90       		.byte	-112
 378 0021 01       		.byte	1
 379 0022 B6       		.byte	-74
 380 0023 01       		.byte	1
 381 0024 BE       		.byte	-66
 382 0025 40       		.byte	64
 383 0026 D8       		.byte	-40
 384 0027 04       		.byte	4
 385 0028 DF       		.byte	-33
 386 0029 01       		.byte	1
 387 002a 0F       		.byte	15
 388 002b 80       		.byte	-128
 389 002c 1F       		.byte	31
 390 002d 80       		.byte	-128
 391 002e C2       		.byte	-62
 392 002f 10       		.byte	16
 393 0030 AB       		.byte	-85
 394 0031 40       		.byte	64
 395 0032 AF       		.byte	-81
 396 0033 80       		.byte	-128
 397 0034 0D       		.byte	13
 398 0035 20       		.byte	32
 399 0036 0F       		.byte	15
 400 0037 08       		.byte	8
 401 0038 57       		.byte	87
 402 0039 20       		.byte	32
 403 003a C2       		.byte	-62
 404 003b 80       		.byte	-128
 405 003c D4       		.byte	-44
 406 003d 40       		.byte	64
 407 003e 63       		.byte	99
 408 003f 08       		.byte	8
 409 0040 A3       		.byte	-93
 410 0041 04       		.byte	4
 411 0042 A9       		.byte	-87
 412 0043 20       		.byte	32
 413 0044 AF       		.byte	-81
 414 0045 20       		.byte	32
 415 0046 D8       		.byte	-40
 416 0047 40       		.byte	64
 417 0048 E8       		.byte	-24
 418 0049 20       		.byte	32
 419 004a EE       		.byte	-18
 420 004b 10       		.byte	16
 421              		.text
 422              	.Letext0:
 423              		.file 2 "c:\\program files (x86)\\cypress\\psoc creator\\3.3\\psoc creator\\import\\gnu\\arm\\4.9.
 424              		.file 3 ".\\Generated_Source\\PSoC4\\cytypes.h"
 425              		.file 4 ".\\Generated_Source\\PSoC4\\CyLib.h"
 426              		.section	.debug_info,"",%progbits
 427              	.Ldebug_info0:
 428 0000 B9030000 		.4byte	0x3b9
ARM GAS  C:\Users\Chris\AppData\Local\Temp\ccbYtKiV.s 			page 15


 429 0004 0400     		.2byte	0x4
 430 0006 00000000 		.4byte	.Ldebug_abbrev0
 431 000a 04       		.byte	0x4
 432 000b 01       		.uleb128 0x1
 433 000c AA010000 		.4byte	.LASF38
 434 0010 01       		.byte	0x1
 435 0011 6F010000 		.4byte	.LASF39
 436 0015 73020000 		.4byte	.LASF40
 437 0019 00000000 		.4byte	.Ldebug_ranges0+0
 438 001d 00000000 		.4byte	0
 439 0021 00000000 		.4byte	.Ldebug_line0
 440 0025 02       		.uleb128 0x2
 441 0026 04       		.byte	0x4
 442 0027 05       		.byte	0x5
 443 0028 696E7400 		.ascii	"int\000"
 444 002c 03       		.uleb128 0x3
 445 002d 06000000 		.4byte	.LASF11
 446 0031 02       		.byte	0x2
 447 0032 D4       		.byte	0xd4
 448 0033 37000000 		.4byte	0x37
 449 0037 04       		.uleb128 0x4
 450 0038 04       		.byte	0x4
 451 0039 07       		.byte	0x7
 452 003a 0A010000 		.4byte	.LASF0
 453 003e 04       		.uleb128 0x4
 454 003f 01       		.byte	0x1
 455 0040 06       		.byte	0x6
 456 0041 67020000 		.4byte	.LASF1
 457 0045 04       		.uleb128 0x4
 458 0046 01       		.byte	0x1
 459 0047 08       		.byte	0x8
 460 0048 AC000000 		.4byte	.LASF2
 461 004c 04       		.uleb128 0x4
 462 004d 02       		.byte	0x2
 463 004e 05       		.byte	0x5
 464 004f 3F020000 		.4byte	.LASF3
 465 0053 04       		.uleb128 0x4
 466 0054 02       		.byte	0x2
 467 0055 07       		.byte	0x7
 468 0056 A6020000 		.4byte	.LASF4
 469 005a 04       		.uleb128 0x4
 470 005b 04       		.byte	0x4
 471 005c 05       		.byte	0x5
 472 005d 5E020000 		.4byte	.LASF5
 473 0061 04       		.uleb128 0x4
 474 0062 04       		.byte	0x4
 475 0063 07       		.byte	0x7
 476 0064 8A000000 		.4byte	.LASF6
 477 0068 04       		.uleb128 0x4
 478 0069 08       		.byte	0x8
 479 006a 05       		.byte	0x5
 480 006b 97010000 		.4byte	.LASF7
 481 006f 04       		.uleb128 0x4
 482 0070 08       		.byte	0x8
 483 0071 07       		.byte	0x7
 484 0072 2C010000 		.4byte	.LASF8
 485 0076 04       		.uleb128 0x4
ARM GAS  C:\Users\Chris\AppData\Local\Temp\ccbYtKiV.s 			page 16


 486 0077 04       		.byte	0x4
 487 0078 07       		.byte	0x7
 488 0079 66010000 		.4byte	.LASF9
 489 007d 05       		.uleb128 0x5
 490 007e 04       		.byte	0x4
 491 007f 06       		.uleb128 0x6
 492 0080 04       		.byte	0x4
 493 0081 85000000 		.4byte	0x85
 494 0085 07       		.uleb128 0x7
 495 0086 04       		.uleb128 0x4
 496 0087 01       		.byte	0x1
 497 0088 08       		.byte	0x8
 498 0089 A5010000 		.4byte	.LASF10
 499 008d 08       		.uleb128 0x8
 500 008e 9C000000 		.4byte	.LASF12
 501 0092 03       		.byte	0x3
 502 0093 9801     		.2byte	0x198
 503 0095 45000000 		.4byte	0x45
 504 0099 08       		.uleb128 0x8
 505 009a F1000000 		.4byte	.LASF13
 506 009e 03       		.byte	0x3
 507 009f 9901     		.2byte	0x199
 508 00a1 53000000 		.4byte	0x53
 509 00a5 08       		.uleb128 0x8
 510 00a6 03010000 		.4byte	.LASF14
 511 00aa 03       		.byte	0x3
 512 00ab 9A01     		.2byte	0x19a
 513 00ad 61000000 		.4byte	0x61
 514 00b1 04       		.uleb128 0x4
 515 00b2 04       		.byte	0x4
 516 00b3 04       		.byte	0x4
 517 00b4 6A000000 		.4byte	.LASF15
 518 00b8 04       		.uleb128 0x4
 519 00b9 08       		.byte	0x8
 520 00ba 04       		.byte	0x4
 521 00bb C1000000 		.4byte	.LASF16
 522 00bf 08       		.uleb128 0x8
 523 00c0 85000000 		.4byte	.LASF17
 524 00c4 03       		.byte	0x3
 525 00c5 4202     		.2byte	0x242
 526 00c7 CB000000 		.4byte	0xcb
 527 00cb 09       		.uleb128 0x9
 528 00cc 8D000000 		.4byte	0x8d
 529 00d0 08       		.uleb128 0x8
 530 00d1 00000000 		.4byte	.LASF18
 531 00d5 03       		.byte	0x3
 532 00d6 4402     		.2byte	0x244
 533 00d8 DC000000 		.4byte	0xdc
 534 00dc 09       		.uleb128 0x9
 535 00dd A5000000 		.4byte	0xa5
 536 00e1 08       		.uleb128 0x8
 537 00e2 43010000 		.4byte	.LASF19
 538 00e6 03       		.byte	0x3
 539 00e7 5402     		.2byte	0x254
 540 00e9 7F000000 		.4byte	0x7f
 541 00ed 0A       		.uleb128 0xa
 542 00ee 02       		.byte	0x2
ARM GAS  C:\Users\Chris\AppData\Local\Temp\ccbYtKiV.s 			page 17


 543 00ef 01       		.byte	0x1
 544 00f0 7F       		.byte	0x7f
 545 00f1 0E010000 		.4byte	0x10e
 546 00f5 0B       		.uleb128 0xb
 547 00f6 38020000 		.4byte	.LASF20
 548 00fa 01       		.byte	0x1
 549 00fb 81       		.byte	0x81
 550 00fc 8D000000 		.4byte	0x8d
 551 0100 00       		.byte	0
 552 0101 0B       		.uleb128 0xb
 553 0102 1C000000 		.4byte	.LASF21
 554 0106 01       		.byte	0x1
 555 0107 82       		.byte	0x82
 556 0108 8D000000 		.4byte	0x8d
 557 010c 01       		.byte	0x1
 558 010d 00       		.byte	0
 559 010e 03       		.uleb128 0x3
 560 010f 57000000 		.4byte	.LASF22
 561 0113 01       		.byte	0x1
 562 0114 83       		.byte	0x83
 563 0115 ED000000 		.4byte	0xed
 564 0119 0C       		.uleb128 0xc
 565 011a C8000000 		.4byte	.LASF27
 566 011e 01       		.byte	0x1
 567 011f 96       		.byte	0x96
 568 0120 00000000 		.4byte	.LFB3
 569 0124 32000000 		.4byte	.LFE3-.LFB3
 570 0128 01       		.uleb128 0x1
 571 0129 9C       		.byte	0x9c
 572 012a 8B010000 		.4byte	0x18b
 573 012e 0D       		.uleb128 0xd
 574 012f E6000000 		.4byte	.LASF23
 575 0133 01       		.byte	0x1
 576 0134 96       		.byte	0x96
 577 0135 8B010000 		.4byte	0x18b
 578 0139 01       		.uleb128 0x1
 579 013a 50       		.byte	0x50
 580 013b 0D       		.uleb128 0xd
 581 013c F8000000 		.4byte	.LASF24
 582 0140 01       		.byte	0x1
 583 0141 96       		.byte	0x96
 584 0142 96010000 		.4byte	0x196
 585 0146 01       		.uleb128 0x1
 586 0147 51       		.byte	0x51
 587 0148 0E       		.uleb128 0xe
 588 0149 6900     		.ascii	"i\000"
 589 014b 01       		.byte	0x1
 590 014c 99       		.byte	0x99
 591 014d A5000000 		.4byte	0xa5
 592 0151 00000000 		.4byte	.LLST0
 593 0155 0E       		.uleb128 0xe
 594 0156 6A00     		.ascii	"j\000"
 595 0158 01       		.byte	0x1
 596 0159 99       		.byte	0x99
 597 015a A5000000 		.4byte	0xa5
 598 015e 1F000000 		.4byte	.LLST1
 599 0162 0F       		.uleb128 0xf
ARM GAS  C:\Users\Chris\AppData\Local\Temp\ccbYtKiV.s 			page 18


 600 0163 08000000 		.4byte	.LBB2
 601 0167 22000000 		.4byte	.LBE2-.LBB2
 602 016b 10       		.uleb128 0x10
 603 016c 5D010000 		.4byte	.LASF25
 604 0170 01       		.byte	0x1
 605 0171 9C       		.byte	0x9c
 606 0172 A5000000 		.4byte	0xa5
 607 0176 3E000000 		.4byte	.LLST2
 608 017a 10       		.uleb128 0x10
 609 017b 22000000 		.4byte	.LASF26
 610 017f 01       		.byte	0x1
 611 0180 9D       		.byte	0x9d
 612 0181 8D000000 		.4byte	0x8d
 613 0185 51000000 		.4byte	.LLST3
 614 0189 00       		.byte	0
 615 018a 00       		.byte	0
 616 018b 06       		.uleb128 0x6
 617 018c 04       		.byte	0x4
 618 018d 91010000 		.4byte	0x191
 619 0191 11       		.uleb128 0x11
 620 0192 A5000000 		.4byte	0xa5
 621 0196 06       		.uleb128 0x6
 622 0197 04       		.byte	0x4
 623 0198 9C010000 		.4byte	0x19c
 624 019c 11       		.uleb128 0x11
 625 019d 0E010000 		.4byte	0x10e
 626 01a1 0C       		.uleb128 0xc
 627 01a2 A2000000 		.4byte	.LASF28
 628 01a6 01       		.byte	0x1
 629 01a7 3D       		.byte	0x3d
 630 01a8 00000000 		.4byte	.LFB0
 631 01ac 0C000000 		.4byte	.LFE0-.LFB0
 632 01b0 01       		.uleb128 0x1
 633 01b1 9C       		.byte	0x9c
 634 01b2 EE010000 		.4byte	0x1ee
 635 01b6 12       		.uleb128 0x12
 636 01b7 7300     		.ascii	"s\000"
 637 01b9 01       		.byte	0x1
 638 01ba 3D       		.byte	0x3d
 639 01bb 7D000000 		.4byte	0x7d
 640 01bf 6F000000 		.4byte	.LLST4
 641 01c3 12       		.uleb128 0x12
 642 01c4 6E00     		.ascii	"n\000"
 643 01c6 01       		.byte	0x1
 644 01c7 3D       		.byte	0x3d
 645 01c8 2C000000 		.4byte	0x2c
 646 01cc 90000000 		.4byte	.LLST5
 647 01d0 13       		.uleb128 0x13
 648 01d1 0A000000 		.4byte	.LVL14
 649 01d5 67030000 		.4byte	0x367
 650 01d9 14       		.uleb128 0x14
 651 01da 01       		.uleb128 0x1
 652 01db 52       		.byte	0x52
 653 01dc 03       		.uleb128 0x3
 654 01dd F3       		.byte	0xf3
 655 01de 01       		.uleb128 0x1
 656 01df 51       		.byte	0x51
ARM GAS  C:\Users\Chris\AppData\Local\Temp\ccbYtKiV.s 			page 19


 657 01e0 14       		.uleb128 0x14
 658 01e1 01       		.uleb128 0x1
 659 01e2 51       		.byte	0x51
 660 01e3 01       		.uleb128 0x1
 661 01e4 30       		.byte	0x30
 662 01e5 14       		.uleb128 0x14
 663 01e6 01       		.uleb128 0x1
 664 01e7 50       		.byte	0x50
 665 01e8 03       		.uleb128 0x3
 666 01e9 F3       		.byte	0xf3
 667 01ea 01       		.uleb128 0x1
 668 01eb 50       		.byte	0x50
 669 01ec 00       		.byte	0
 670 01ed 00       		.byte	0
 671 01ee 0C       		.uleb128 0xc
 672 01ef 28000000 		.4byte	.LASF29
 673 01f3 01       		.byte	0x1
 674 01f4 BB       		.byte	0xbb
 675 01f5 00000000 		.4byte	.LFB4
 676 01f9 5C000000 		.4byte	.LFE4-.LFB4
 677 01fd 01       		.uleb128 0x1
 678 01fe 9C       		.byte	0x9c
 679 01ff 39020000 		.4byte	0x239
 680 0203 15       		.uleb128 0x15
 681 0204 14000000 		.4byte	.LVL15
 682 0208 84030000 		.4byte	0x384
 683 020c 16020000 		.4byte	0x216
 684 0210 14       		.uleb128 0x14
 685 0211 01       		.uleb128 0x1
 686 0212 50       		.byte	0x50
 687 0213 01       		.uleb128 0x1
 688 0214 48       		.byte	0x48
 689 0215 00       		.byte	0
 690 0216 15       		.uleb128 0x15
 691 0217 34000000 		.4byte	.LVL16
 692 021b 95030000 		.4byte	0x395
 693 021f 29020000 		.4byte	0x229
 694 0223 14       		.uleb128 0x14
 695 0224 01       		.uleb128 0x1
 696 0225 50       		.byte	0x50
 697 0226 01       		.uleb128 0x1
 698 0227 39       		.byte	0x39
 699 0228 00       		.byte	0
 700 0229 13       		.uleb128 0x13
 701 022a 3A000000 		.4byte	.LVL17
 702 022e AF030000 		.4byte	0x3af
 703 0232 14       		.uleb128 0x14
 704 0233 01       		.uleb128 0x1
 705 0234 50       		.byte	0x50
 706 0235 01       		.uleb128 0x1
 707 0236 39       		.byte	0x39
 708 0237 00       		.byte	0
 709 0238 00       		.byte	0
 710 0239 16       		.uleb128 0x16
 711 023a 17010000 		.4byte	.LASF41
 712 023e 01       		.byte	0x1
 713 023f 0001     		.2byte	0x100
ARM GAS  C:\Users\Chris\AppData\Local\Temp\ccbYtKiV.s 			page 20


 714 0241 5C000000 		.4byte	.LFB6
 715 0245 00010000 		.4byte	.LFE6-.LFB6
 716 0249 01       		.uleb128 0x1
 717 024a 9C       		.byte	0x9c
 718 024b 3D030000 		.4byte	0x33d
 719 024f 17       		.uleb128 0x17
 720 0250 60000000 		.4byte	.LBB3
 721 0254 8E000000 		.4byte	.LBE3-.LBB3
 722 0258 33030000 		.4byte	0x333
 723 025c 18       		.uleb128 0x18
 724 025d 33000000 		.4byte	.LASF30
 725 0261 01       		.byte	0x1
 726 0262 0601     		.2byte	0x106
 727 0264 4D030000 		.4byte	0x34d
 728 0268 05       		.uleb128 0x5
 729 0269 03       		.byte	0x3
 730 026a 0C000000 		.4byte	cy_cfg_addr_table.4740
 731 026e 18       		.uleb128 0x18
 732 026f 45000000 		.4byte	.LASF31
 733 0273 01       		.byte	0x1
 734 0274 0E01     		.2byte	0x10e
 735 0276 62030000 		.4byte	0x362
 736 027a 05       		.uleb128 0x5
 737 027b 03       		.byte	0x3
 738 027c 20000000 		.4byte	cy_cfg_data_table.4741
 739 0280 19       		.uleb128 0x19
 740 0281 06       		.byte	0x6
 741 0282 01       		.byte	0x1
 742 0283 2901     		.2byte	0x129
 743 0285 A4020000 		.4byte	0x2a4
 744 0289 1A       		.uleb128 0x1a
 745 028a 24010000 		.4byte	.LASF32
 746 028e 01       		.byte	0x1
 747 028f 2A01     		.2byte	0x12a
 748 0291 7D000000 		.4byte	0x7d
 749 0295 00       		.byte	0
 750 0296 1A       		.uleb128 0x1a
 751 0297 80000000 		.4byte	.LASF33
 752 029b 01       		.byte	0x1
 753 029c 2B01     		.2byte	0x12b
 754 029e 99000000 		.4byte	0x99
 755 02a2 04       		.byte	0x4
 756 02a3 00       		.byte	0
 757 02a4 08       		.uleb128 0x8
 758 02a5 50010000 		.4byte	.LASF34
 759 02a9 01       		.byte	0x1
 760 02aa 2C01     		.2byte	0x12c
 761 02ac 80020000 		.4byte	0x280
 762 02b0 1B       		.uleb128 0x1b
 763 02b1 A4020000 		.4byte	0x2a4
 764 02b5 C0020000 		.4byte	0x2c0
 765 02b9 1C       		.uleb128 0x1c
 766 02ba 76000000 		.4byte	0x76
 767 02be 01       		.byte	0x1
 768 02bf 00       		.byte	0
 769 02c0 18       		.uleb128 0x18
 770 02c1 70000000 		.4byte	.LASF35
ARM GAS  C:\Users\Chris\AppData\Local\Temp\ccbYtKiV.s 			page 21


 771 02c5 01       		.byte	0x1
 772 02c6 2E01     		.2byte	0x12e
 773 02c8 D2020000 		.4byte	0x2d2
 774 02cc 05       		.uleb128 0x5
 775 02cd 03       		.byte	0x3
 776 02ce 00000000 		.4byte	cfg_memset_list.4746
 777 02d2 11       		.uleb128 0x11
 778 02d3 B0020000 		.4byte	0x2b0
 779 02d7 1D       		.uleb128 0x1d
 780 02d8 6900     		.ascii	"i\000"
 781 02da 01       		.byte	0x1
 782 02db 3401     		.2byte	0x134
 783 02dd 8D000000 		.4byte	0x8d
 784 02e1 BC000000 		.4byte	.LLST6
 785 02e5 17       		.uleb128 0x17
 786 02e6 64000000 		.4byte	.LBB4
 787 02ea 1E000000 		.4byte	.LBE4-.LBB4
 788 02ee 16030000 		.4byte	0x316
 789 02f2 1D       		.uleb128 0x1d
 790 02f3 6D7300   		.ascii	"ms\000"
 791 02f6 01       		.byte	0x1
 792 02f7 3901     		.2byte	0x139
 793 02f9 01030000 		.4byte	0x301
 794 02fd E6000000 		.4byte	.LLST7
 795 0301 06       		.uleb128 0x6
 796 0302 04       		.byte	0x4
 797 0303 07030000 		.4byte	0x307
 798 0307 11       		.uleb128 0x11
 799 0308 A4020000 		.4byte	0x2a4
 800 030c 1E       		.uleb128 0x1e
 801 030d 82000000 		.4byte	.LVL20
 802 0311 A1010000 		.4byte	0x1a1
 803 0315 00       		.byte	0
 804 0316 13       		.uleb128 0x13
 805 0317 96000000 		.4byte	.LVL23
 806 031b 19010000 		.4byte	0x119
 807 031f 14       		.uleb128 0x14
 808 0320 01       		.uleb128 0x1
 809 0321 51       		.byte	0x51
 810 0322 05       		.uleb128 0x5
 811 0323 03       		.byte	0x3
 812 0324 20000000 		.4byte	.LANCHOR0+32
 813 0328 14       		.uleb128 0x14
 814 0329 01       		.uleb128 0x1
 815 032a 50       		.byte	0x50
 816 032b 05       		.uleb128 0x5
 817 032c 03       		.byte	0x3
 818 032d 0C000000 		.4byte	.LANCHOR0+12
 819 0331 00       		.byte	0
 820 0332 00       		.byte	0
 821 0333 1E       		.uleb128 0x1e
 822 0334 14010000 		.4byte	.LVL24
 823 0338 EE010000 		.4byte	0x1ee
 824 033c 00       		.byte	0
 825 033d 1B       		.uleb128 0x1b
 826 033e A5000000 		.4byte	0xa5
 827 0342 4D030000 		.4byte	0x34d
ARM GAS  C:\Users\Chris\AppData\Local\Temp\ccbYtKiV.s 			page 22


 828 0346 1C       		.uleb128 0x1c
 829 0347 76000000 		.4byte	0x76
 830 034b 04       		.byte	0x4
 831 034c 00       		.byte	0
 832 034d 11       		.uleb128 0x11
 833 034e 3D030000 		.4byte	0x33d
 834 0352 1B       		.uleb128 0x1b
 835 0353 0E010000 		.4byte	0x10e
 836 0357 62030000 		.4byte	0x362
 837 035b 1C       		.uleb128 0x1c
 838 035c 76000000 		.4byte	0x76
 839 0360 15       		.byte	0x15
 840 0361 00       		.byte	0
 841 0362 11       		.uleb128 0x11
 842 0363 52030000 		.4byte	0x352
 843 0367 1F       		.uleb128 0x1f
 844 0368 BA000000 		.4byte	.LASF36
 845 036c 7D000000 		.4byte	0x7d
 846 0370 84030000 		.4byte	0x384
 847 0374 20       		.uleb128 0x20
 848 0375 7D000000 		.4byte	0x7d
 849 0379 20       		.uleb128 0x20
 850 037a 25000000 		.4byte	0x25
 851 037e 20       		.uleb128 0x20
 852 037f 76000000 		.4byte	0x76
 853 0383 00       		.byte	0
 854 0384 21       		.uleb128 0x21
 855 0385 49020000 		.4byte	.LASF37
 856 0389 04       		.byte	0x4
 857 038a 6C       		.byte	0x6c
 858 038b 95030000 		.4byte	0x395
 859 038f 20       		.uleb128 0x20
 860 0390 A5000000 		.4byte	0xa5
 861 0394 00       		.byte	0
 862 0395 22       		.uleb128 0x22
 863 0396 0D000000 		.4byte	.LASF42
 864 039a 04       		.byte	0x4
 865 039b BB       		.byte	0xbb
 866 039c E1000000 		.4byte	0xe1
 867 03a0 AF030000 		.4byte	0x3af
 868 03a4 20       		.uleb128 0x20
 869 03a5 8D000000 		.4byte	0x8d
 870 03a9 20       		.uleb128 0x20
 871 03aa E1000000 		.4byte	0xe1
 872 03ae 00       		.byte	0
 873 03af 23       		.uleb128 0x23
 874 03b0 DA000000 		.4byte	.LASF43
 875 03b4 04       		.byte	0x4
 876 03b5 C1       		.byte	0xc1
 877 03b6 20       		.uleb128 0x20
 878 03b7 8D000000 		.4byte	0x8d
 879 03bb 00       		.byte	0
 880 03bc 00       		.byte	0
 881              		.section	.debug_abbrev,"",%progbits
 882              	.Ldebug_abbrev0:
 883 0000 01       		.uleb128 0x1
 884 0001 11       		.uleb128 0x11
ARM GAS  C:\Users\Chris\AppData\Local\Temp\ccbYtKiV.s 			page 23


 885 0002 01       		.byte	0x1
 886 0003 25       		.uleb128 0x25
 887 0004 0E       		.uleb128 0xe
 888 0005 13       		.uleb128 0x13
 889 0006 0B       		.uleb128 0xb
 890 0007 03       		.uleb128 0x3
 891 0008 0E       		.uleb128 0xe
 892 0009 1B       		.uleb128 0x1b
 893 000a 0E       		.uleb128 0xe
 894 000b 55       		.uleb128 0x55
 895 000c 17       		.uleb128 0x17
 896 000d 11       		.uleb128 0x11
 897 000e 01       		.uleb128 0x1
 898 000f 10       		.uleb128 0x10
 899 0010 17       		.uleb128 0x17
 900 0011 00       		.byte	0
 901 0012 00       		.byte	0
 902 0013 02       		.uleb128 0x2
 903 0014 24       		.uleb128 0x24
 904 0015 00       		.byte	0
 905 0016 0B       		.uleb128 0xb
 906 0017 0B       		.uleb128 0xb
 907 0018 3E       		.uleb128 0x3e
 908 0019 0B       		.uleb128 0xb
 909 001a 03       		.uleb128 0x3
 910 001b 08       		.uleb128 0x8
 911 001c 00       		.byte	0
 912 001d 00       		.byte	0
 913 001e 03       		.uleb128 0x3
 914 001f 16       		.uleb128 0x16
 915 0020 00       		.byte	0
 916 0021 03       		.uleb128 0x3
 917 0022 0E       		.uleb128 0xe
 918 0023 3A       		.uleb128 0x3a
 919 0024 0B       		.uleb128 0xb
 920 0025 3B       		.uleb128 0x3b
 921 0026 0B       		.uleb128 0xb
 922 0027 49       		.uleb128 0x49
 923 0028 13       		.uleb128 0x13
 924 0029 00       		.byte	0
 925 002a 00       		.byte	0
 926 002b 04       		.uleb128 0x4
 927 002c 24       		.uleb128 0x24
 928 002d 00       		.byte	0
 929 002e 0B       		.uleb128 0xb
 930 002f 0B       		.uleb128 0xb
 931 0030 3E       		.uleb128 0x3e
 932 0031 0B       		.uleb128 0xb
 933 0032 03       		.uleb128 0x3
 934 0033 0E       		.uleb128 0xe
 935 0034 00       		.byte	0
 936 0035 00       		.byte	0
 937 0036 05       		.uleb128 0x5
 938 0037 0F       		.uleb128 0xf
 939 0038 00       		.byte	0
 940 0039 0B       		.uleb128 0xb
 941 003a 0B       		.uleb128 0xb
ARM GAS  C:\Users\Chris\AppData\Local\Temp\ccbYtKiV.s 			page 24


 942 003b 00       		.byte	0
 943 003c 00       		.byte	0
 944 003d 06       		.uleb128 0x6
 945 003e 0F       		.uleb128 0xf
 946 003f 00       		.byte	0
 947 0040 0B       		.uleb128 0xb
 948 0041 0B       		.uleb128 0xb
 949 0042 49       		.uleb128 0x49
 950 0043 13       		.uleb128 0x13
 951 0044 00       		.byte	0
 952 0045 00       		.byte	0
 953 0046 07       		.uleb128 0x7
 954 0047 15       		.uleb128 0x15
 955 0048 00       		.byte	0
 956 0049 27       		.uleb128 0x27
 957 004a 19       		.uleb128 0x19
 958 004b 00       		.byte	0
 959 004c 00       		.byte	0
 960 004d 08       		.uleb128 0x8
 961 004e 16       		.uleb128 0x16
 962 004f 00       		.byte	0
 963 0050 03       		.uleb128 0x3
 964 0051 0E       		.uleb128 0xe
 965 0052 3A       		.uleb128 0x3a
 966 0053 0B       		.uleb128 0xb
 967 0054 3B       		.uleb128 0x3b
 968 0055 05       		.uleb128 0x5
 969 0056 49       		.uleb128 0x49
 970 0057 13       		.uleb128 0x13
 971 0058 00       		.byte	0
 972 0059 00       		.byte	0
 973 005a 09       		.uleb128 0x9
 974 005b 35       		.uleb128 0x35
 975 005c 00       		.byte	0
 976 005d 49       		.uleb128 0x49
 977 005e 13       		.uleb128 0x13
 978 005f 00       		.byte	0
 979 0060 00       		.byte	0
 980 0061 0A       		.uleb128 0xa
 981 0062 13       		.uleb128 0x13
 982 0063 01       		.byte	0x1
 983 0064 0B       		.uleb128 0xb
 984 0065 0B       		.uleb128 0xb
 985 0066 3A       		.uleb128 0x3a
 986 0067 0B       		.uleb128 0xb
 987 0068 3B       		.uleb128 0x3b
 988 0069 0B       		.uleb128 0xb
 989 006a 01       		.uleb128 0x1
 990 006b 13       		.uleb128 0x13
 991 006c 00       		.byte	0
 992 006d 00       		.byte	0
 993 006e 0B       		.uleb128 0xb
 994 006f 0D       		.uleb128 0xd
 995 0070 00       		.byte	0
 996 0071 03       		.uleb128 0x3
 997 0072 0E       		.uleb128 0xe
 998 0073 3A       		.uleb128 0x3a
ARM GAS  C:\Users\Chris\AppData\Local\Temp\ccbYtKiV.s 			page 25


 999 0074 0B       		.uleb128 0xb
 1000 0075 3B       		.uleb128 0x3b
 1001 0076 0B       		.uleb128 0xb
 1002 0077 49       		.uleb128 0x49
 1003 0078 13       		.uleb128 0x13
 1004 0079 38       		.uleb128 0x38
 1005 007a 0B       		.uleb128 0xb
 1006 007b 00       		.byte	0
 1007 007c 00       		.byte	0
 1008 007d 0C       		.uleb128 0xc
 1009 007e 2E       		.uleb128 0x2e
 1010 007f 01       		.byte	0x1
 1011 0080 03       		.uleb128 0x3
 1012 0081 0E       		.uleb128 0xe
 1013 0082 3A       		.uleb128 0x3a
 1014 0083 0B       		.uleb128 0xb
 1015 0084 3B       		.uleb128 0x3b
 1016 0085 0B       		.uleb128 0xb
 1017 0086 27       		.uleb128 0x27
 1018 0087 19       		.uleb128 0x19
 1019 0088 11       		.uleb128 0x11
 1020 0089 01       		.uleb128 0x1
 1021 008a 12       		.uleb128 0x12
 1022 008b 06       		.uleb128 0x6
 1023 008c 40       		.uleb128 0x40
 1024 008d 18       		.uleb128 0x18
 1025 008e 9742     		.uleb128 0x2117
 1026 0090 19       		.uleb128 0x19
 1027 0091 01       		.uleb128 0x1
 1028 0092 13       		.uleb128 0x13
 1029 0093 00       		.byte	0
 1030 0094 00       		.byte	0
 1031 0095 0D       		.uleb128 0xd
 1032 0096 05       		.uleb128 0x5
 1033 0097 00       		.byte	0
 1034 0098 03       		.uleb128 0x3
 1035 0099 0E       		.uleb128 0xe
 1036 009a 3A       		.uleb128 0x3a
 1037 009b 0B       		.uleb128 0xb
 1038 009c 3B       		.uleb128 0x3b
 1039 009d 0B       		.uleb128 0xb
 1040 009e 49       		.uleb128 0x49
 1041 009f 13       		.uleb128 0x13
 1042 00a0 02       		.uleb128 0x2
 1043 00a1 18       		.uleb128 0x18
 1044 00a2 00       		.byte	0
 1045 00a3 00       		.byte	0
 1046 00a4 0E       		.uleb128 0xe
 1047 00a5 34       		.uleb128 0x34
 1048 00a6 00       		.byte	0
 1049 00a7 03       		.uleb128 0x3
 1050 00a8 08       		.uleb128 0x8
 1051 00a9 3A       		.uleb128 0x3a
 1052 00aa 0B       		.uleb128 0xb
 1053 00ab 3B       		.uleb128 0x3b
 1054 00ac 0B       		.uleb128 0xb
 1055 00ad 49       		.uleb128 0x49
ARM GAS  C:\Users\Chris\AppData\Local\Temp\ccbYtKiV.s 			page 26


 1056 00ae 13       		.uleb128 0x13
 1057 00af 02       		.uleb128 0x2
 1058 00b0 17       		.uleb128 0x17
 1059 00b1 00       		.byte	0
 1060 00b2 00       		.byte	0
 1061 00b3 0F       		.uleb128 0xf
 1062 00b4 0B       		.uleb128 0xb
 1063 00b5 01       		.byte	0x1
 1064 00b6 11       		.uleb128 0x11
 1065 00b7 01       		.uleb128 0x1
 1066 00b8 12       		.uleb128 0x12
 1067 00b9 06       		.uleb128 0x6
 1068 00ba 00       		.byte	0
 1069 00bb 00       		.byte	0
 1070 00bc 10       		.uleb128 0x10
 1071 00bd 34       		.uleb128 0x34
 1072 00be 00       		.byte	0
 1073 00bf 03       		.uleb128 0x3
 1074 00c0 0E       		.uleb128 0xe
 1075 00c1 3A       		.uleb128 0x3a
 1076 00c2 0B       		.uleb128 0xb
 1077 00c3 3B       		.uleb128 0x3b
 1078 00c4 0B       		.uleb128 0xb
 1079 00c5 49       		.uleb128 0x49
 1080 00c6 13       		.uleb128 0x13
 1081 00c7 02       		.uleb128 0x2
 1082 00c8 17       		.uleb128 0x17
 1083 00c9 00       		.byte	0
 1084 00ca 00       		.byte	0
 1085 00cb 11       		.uleb128 0x11
 1086 00cc 26       		.uleb128 0x26
 1087 00cd 00       		.byte	0
 1088 00ce 49       		.uleb128 0x49
 1089 00cf 13       		.uleb128 0x13
 1090 00d0 00       		.byte	0
 1091 00d1 00       		.byte	0
 1092 00d2 12       		.uleb128 0x12
 1093 00d3 05       		.uleb128 0x5
 1094 00d4 00       		.byte	0
 1095 00d5 03       		.uleb128 0x3
 1096 00d6 08       		.uleb128 0x8
 1097 00d7 3A       		.uleb128 0x3a
 1098 00d8 0B       		.uleb128 0xb
 1099 00d9 3B       		.uleb128 0x3b
 1100 00da 0B       		.uleb128 0xb
 1101 00db 49       		.uleb128 0x49
 1102 00dc 13       		.uleb128 0x13
 1103 00dd 02       		.uleb128 0x2
 1104 00de 17       		.uleb128 0x17
 1105 00df 00       		.byte	0
 1106 00e0 00       		.byte	0
 1107 00e1 13       		.uleb128 0x13
 1108 00e2 898201   		.uleb128 0x4109
 1109 00e5 01       		.byte	0x1
 1110 00e6 11       		.uleb128 0x11
 1111 00e7 01       		.uleb128 0x1
 1112 00e8 31       		.uleb128 0x31
ARM GAS  C:\Users\Chris\AppData\Local\Temp\ccbYtKiV.s 			page 27


 1113 00e9 13       		.uleb128 0x13
 1114 00ea 00       		.byte	0
 1115 00eb 00       		.byte	0
 1116 00ec 14       		.uleb128 0x14
 1117 00ed 8A8201   		.uleb128 0x410a
 1118 00f0 00       		.byte	0
 1119 00f1 02       		.uleb128 0x2
 1120 00f2 18       		.uleb128 0x18
 1121 00f3 9142     		.uleb128 0x2111
 1122 00f5 18       		.uleb128 0x18
 1123 00f6 00       		.byte	0
 1124 00f7 00       		.byte	0
 1125 00f8 15       		.uleb128 0x15
 1126 00f9 898201   		.uleb128 0x4109
 1127 00fc 01       		.byte	0x1
 1128 00fd 11       		.uleb128 0x11
 1129 00fe 01       		.uleb128 0x1
 1130 00ff 31       		.uleb128 0x31
 1131 0100 13       		.uleb128 0x13
 1132 0101 01       		.uleb128 0x1
 1133 0102 13       		.uleb128 0x13
 1134 0103 00       		.byte	0
 1135 0104 00       		.byte	0
 1136 0105 16       		.uleb128 0x16
 1137 0106 2E       		.uleb128 0x2e
 1138 0107 01       		.byte	0x1
 1139 0108 3F       		.uleb128 0x3f
 1140 0109 19       		.uleb128 0x19
 1141 010a 03       		.uleb128 0x3
 1142 010b 0E       		.uleb128 0xe
 1143 010c 3A       		.uleb128 0x3a
 1144 010d 0B       		.uleb128 0xb
 1145 010e 3B       		.uleb128 0x3b
 1146 010f 05       		.uleb128 0x5
 1147 0110 27       		.uleb128 0x27
 1148 0111 19       		.uleb128 0x19
 1149 0112 11       		.uleb128 0x11
 1150 0113 01       		.uleb128 0x1
 1151 0114 12       		.uleb128 0x12
 1152 0115 06       		.uleb128 0x6
 1153 0116 40       		.uleb128 0x40
 1154 0117 18       		.uleb128 0x18
 1155 0118 9742     		.uleb128 0x2117
 1156 011a 19       		.uleb128 0x19
 1157 011b 01       		.uleb128 0x1
 1158 011c 13       		.uleb128 0x13
 1159 011d 00       		.byte	0
 1160 011e 00       		.byte	0
 1161 011f 17       		.uleb128 0x17
 1162 0120 0B       		.uleb128 0xb
 1163 0121 01       		.byte	0x1
 1164 0122 11       		.uleb128 0x11
 1165 0123 01       		.uleb128 0x1
 1166 0124 12       		.uleb128 0x12
 1167 0125 06       		.uleb128 0x6
 1168 0126 01       		.uleb128 0x1
 1169 0127 13       		.uleb128 0x13
ARM GAS  C:\Users\Chris\AppData\Local\Temp\ccbYtKiV.s 			page 28


 1170 0128 00       		.byte	0
 1171 0129 00       		.byte	0
 1172 012a 18       		.uleb128 0x18
 1173 012b 34       		.uleb128 0x34
 1174 012c 00       		.byte	0
 1175 012d 03       		.uleb128 0x3
 1176 012e 0E       		.uleb128 0xe
 1177 012f 3A       		.uleb128 0x3a
 1178 0130 0B       		.uleb128 0xb
 1179 0131 3B       		.uleb128 0x3b
 1180 0132 05       		.uleb128 0x5
 1181 0133 49       		.uleb128 0x49
 1182 0134 13       		.uleb128 0x13
 1183 0135 02       		.uleb128 0x2
 1184 0136 18       		.uleb128 0x18
 1185 0137 00       		.byte	0
 1186 0138 00       		.byte	0
 1187 0139 19       		.uleb128 0x19
 1188 013a 13       		.uleb128 0x13
 1189 013b 01       		.byte	0x1
 1190 013c 0B       		.uleb128 0xb
 1191 013d 0B       		.uleb128 0xb
 1192 013e 3A       		.uleb128 0x3a
 1193 013f 0B       		.uleb128 0xb
 1194 0140 3B       		.uleb128 0x3b
 1195 0141 05       		.uleb128 0x5
 1196 0142 01       		.uleb128 0x1
 1197 0143 13       		.uleb128 0x13
 1198 0144 00       		.byte	0
 1199 0145 00       		.byte	0
 1200 0146 1A       		.uleb128 0x1a
 1201 0147 0D       		.uleb128 0xd
 1202 0148 00       		.byte	0
 1203 0149 03       		.uleb128 0x3
 1204 014a 0E       		.uleb128 0xe
 1205 014b 3A       		.uleb128 0x3a
 1206 014c 0B       		.uleb128 0xb
 1207 014d 3B       		.uleb128 0x3b
 1208 014e 05       		.uleb128 0x5
 1209 014f 49       		.uleb128 0x49
 1210 0150 13       		.uleb128 0x13
 1211 0151 38       		.uleb128 0x38
 1212 0152 0B       		.uleb128 0xb
 1213 0153 00       		.byte	0
 1214 0154 00       		.byte	0
 1215 0155 1B       		.uleb128 0x1b
 1216 0156 01       		.uleb128 0x1
 1217 0157 01       		.byte	0x1
 1218 0158 49       		.uleb128 0x49
 1219 0159 13       		.uleb128 0x13
 1220 015a 01       		.uleb128 0x1
 1221 015b 13       		.uleb128 0x13
 1222 015c 00       		.byte	0
 1223 015d 00       		.byte	0
 1224 015e 1C       		.uleb128 0x1c
 1225 015f 21       		.uleb128 0x21
 1226 0160 00       		.byte	0
ARM GAS  C:\Users\Chris\AppData\Local\Temp\ccbYtKiV.s 			page 29


 1227 0161 49       		.uleb128 0x49
 1228 0162 13       		.uleb128 0x13
 1229 0163 2F       		.uleb128 0x2f
 1230 0164 0B       		.uleb128 0xb
 1231 0165 00       		.byte	0
 1232 0166 00       		.byte	0
 1233 0167 1D       		.uleb128 0x1d
 1234 0168 34       		.uleb128 0x34
 1235 0169 00       		.byte	0
 1236 016a 03       		.uleb128 0x3
 1237 016b 08       		.uleb128 0x8
 1238 016c 3A       		.uleb128 0x3a
 1239 016d 0B       		.uleb128 0xb
 1240 016e 3B       		.uleb128 0x3b
 1241 016f 05       		.uleb128 0x5
 1242 0170 49       		.uleb128 0x49
 1243 0171 13       		.uleb128 0x13
 1244 0172 02       		.uleb128 0x2
 1245 0173 17       		.uleb128 0x17
 1246 0174 00       		.byte	0
 1247 0175 00       		.byte	0
 1248 0176 1E       		.uleb128 0x1e
 1249 0177 898201   		.uleb128 0x4109
 1250 017a 00       		.byte	0
 1251 017b 11       		.uleb128 0x11
 1252 017c 01       		.uleb128 0x1
 1253 017d 31       		.uleb128 0x31
 1254 017e 13       		.uleb128 0x13
 1255 017f 00       		.byte	0
 1256 0180 00       		.byte	0
 1257 0181 1F       		.uleb128 0x1f
 1258 0182 2E       		.uleb128 0x2e
 1259 0183 01       		.byte	0x1
 1260 0184 3F       		.uleb128 0x3f
 1261 0185 19       		.uleb128 0x19
 1262 0186 03       		.uleb128 0x3
 1263 0187 0E       		.uleb128 0xe
 1264 0188 27       		.uleb128 0x27
 1265 0189 19       		.uleb128 0x19
 1266 018a 49       		.uleb128 0x49
 1267 018b 13       		.uleb128 0x13
 1268 018c 34       		.uleb128 0x34
 1269 018d 19       		.uleb128 0x19
 1270 018e 3C       		.uleb128 0x3c
 1271 018f 19       		.uleb128 0x19
 1272 0190 01       		.uleb128 0x1
 1273 0191 13       		.uleb128 0x13
 1274 0192 00       		.byte	0
 1275 0193 00       		.byte	0
 1276 0194 20       		.uleb128 0x20
 1277 0195 05       		.uleb128 0x5
 1278 0196 00       		.byte	0
 1279 0197 49       		.uleb128 0x49
 1280 0198 13       		.uleb128 0x13
 1281 0199 00       		.byte	0
 1282 019a 00       		.byte	0
 1283 019b 21       		.uleb128 0x21
ARM GAS  C:\Users\Chris\AppData\Local\Temp\ccbYtKiV.s 			page 30


 1284 019c 2E       		.uleb128 0x2e
 1285 019d 01       		.byte	0x1
 1286 019e 3F       		.uleb128 0x3f
 1287 019f 19       		.uleb128 0x19
 1288 01a0 03       		.uleb128 0x3
 1289 01a1 0E       		.uleb128 0xe
 1290 01a2 3A       		.uleb128 0x3a
 1291 01a3 0B       		.uleb128 0xb
 1292 01a4 3B       		.uleb128 0x3b
 1293 01a5 0B       		.uleb128 0xb
 1294 01a6 27       		.uleb128 0x27
 1295 01a7 19       		.uleb128 0x19
 1296 01a8 3C       		.uleb128 0x3c
 1297 01a9 19       		.uleb128 0x19
 1298 01aa 01       		.uleb128 0x1
 1299 01ab 13       		.uleb128 0x13
 1300 01ac 00       		.byte	0
 1301 01ad 00       		.byte	0
 1302 01ae 22       		.uleb128 0x22
 1303 01af 2E       		.uleb128 0x2e
 1304 01b0 01       		.byte	0x1
 1305 01b1 3F       		.uleb128 0x3f
 1306 01b2 19       		.uleb128 0x19
 1307 01b3 03       		.uleb128 0x3
 1308 01b4 0E       		.uleb128 0xe
 1309 01b5 3A       		.uleb128 0x3a
 1310 01b6 0B       		.uleb128 0xb
 1311 01b7 3B       		.uleb128 0x3b
 1312 01b8 0B       		.uleb128 0xb
 1313 01b9 27       		.uleb128 0x27
 1314 01ba 19       		.uleb128 0x19
 1315 01bb 49       		.uleb128 0x49
 1316 01bc 13       		.uleb128 0x13
 1317 01bd 3C       		.uleb128 0x3c
 1318 01be 19       		.uleb128 0x19
 1319 01bf 01       		.uleb128 0x1
 1320 01c0 13       		.uleb128 0x13
 1321 01c1 00       		.byte	0
 1322 01c2 00       		.byte	0
 1323 01c3 23       		.uleb128 0x23
 1324 01c4 2E       		.uleb128 0x2e
 1325 01c5 01       		.byte	0x1
 1326 01c6 3F       		.uleb128 0x3f
 1327 01c7 19       		.uleb128 0x19
 1328 01c8 03       		.uleb128 0x3
 1329 01c9 0E       		.uleb128 0xe
 1330 01ca 3A       		.uleb128 0x3a
 1331 01cb 0B       		.uleb128 0xb
 1332 01cc 3B       		.uleb128 0x3b
 1333 01cd 0B       		.uleb128 0xb
 1334 01ce 27       		.uleb128 0x27
 1335 01cf 19       		.uleb128 0x19
 1336 01d0 3C       		.uleb128 0x3c
 1337 01d1 19       		.uleb128 0x19
 1338 01d2 00       		.byte	0
 1339 01d3 00       		.byte	0
 1340 01d4 00       		.byte	0
ARM GAS  C:\Users\Chris\AppData\Local\Temp\ccbYtKiV.s 			page 31


 1341              		.section	.debug_loc,"",%progbits
 1342              	.Ldebug_loc0:
 1343              	.LLST0:
 1344 0000 02000000 		.4byte	.LVL1
 1345 0004 08000000 		.4byte	.LVL2
 1346 0008 0200     		.2byte	0x2
 1347 000a 30       		.byte	0x30
 1348 000b 9F       		.byte	0x9f
 1349 000c 08000000 		.4byte	.LVL2
 1350 0010 30000000 		.4byte	.LVL11
 1351 0014 0100     		.2byte	0x1
 1352 0016 57       		.byte	0x57
 1353 0017 00000000 		.4byte	0
 1354 001b 00000000 		.4byte	0
 1355              	.LLST1:
 1356 001f 02000000 		.4byte	.LVL1
 1357 0023 08000000 		.4byte	.LVL2
 1358 0027 0200     		.2byte	0x2
 1359 0029 30       		.byte	0x30
 1360 002a 9F       		.byte	0x9f
 1361 002b 08000000 		.4byte	.LVL2
 1362 002f 30000000 		.4byte	.LVL10
 1363 0033 0100     		.2byte	0x1
 1364 0035 55       		.byte	0x55
 1365 0036 00000000 		.4byte	0
 1366 003a 00000000 		.4byte	0
 1367              	.LLST2:
 1368 003e 0C000000 		.4byte	.LVL3
 1369 0042 2C000000 		.4byte	.LVL9
 1370 0046 0100     		.2byte	0x1
 1371 0048 56       		.byte	0x56
 1372 0049 00000000 		.4byte	0
 1373 004d 00000000 		.4byte	0
 1374              	.LLST3:
 1375 0051 0E000000 		.4byte	.LVL4
 1376 0055 24000000 		.4byte	.LVL7
 1377 0059 0100     		.2byte	0x1
 1378 005b 53       		.byte	0x53
 1379 005c 26000000 		.4byte	.LVL8
 1380 0060 2C000000 		.4byte	.LVL9
 1381 0064 0100     		.2byte	0x1
 1382 0066 53       		.byte	0x53
 1383 0067 00000000 		.4byte	0
 1384 006b 00000000 		.4byte	0
 1385              	.LLST4:
 1386 006f 00000000 		.4byte	.LVL12
 1387 0073 09000000 		.4byte	.LVL14-1
 1388 0077 0100     		.2byte	0x1
 1389 0079 50       		.byte	0x50
 1390 007a 09000000 		.4byte	.LVL14-1
 1391 007e 0C000000 		.4byte	.LFE0
 1392 0082 0400     		.2byte	0x4
 1393 0084 F3       		.byte	0xf3
 1394 0085 01       		.uleb128 0x1
 1395 0086 50       		.byte	0x50
 1396 0087 9F       		.byte	0x9f
 1397 0088 00000000 		.4byte	0
ARM GAS  C:\Users\Chris\AppData\Local\Temp\ccbYtKiV.s 			page 32


 1398 008c 00000000 		.4byte	0
 1399              	.LLST5:
 1400 0090 00000000 		.4byte	.LVL12
 1401 0094 06000000 		.4byte	.LVL13
 1402 0098 0100     		.2byte	0x1
 1403 009a 51       		.byte	0x51
 1404 009b 06000000 		.4byte	.LVL13
 1405 009f 09000000 		.4byte	.LVL14-1
 1406 00a3 0100     		.2byte	0x1
 1407 00a5 52       		.byte	0x52
 1408 00a6 09000000 		.4byte	.LVL14-1
 1409 00aa 0C000000 		.4byte	.LFE0
 1410 00ae 0400     		.2byte	0x4
 1411 00b0 F3       		.byte	0xf3
 1412 00b1 01       		.uleb128 0x1
 1413 00b2 51       		.byte	0x51
 1414 00b3 9F       		.byte	0x9f
 1415 00b4 00000000 		.4byte	0
 1416 00b8 00000000 		.4byte	0
 1417              	.LLST6:
 1418 00bc 60000000 		.4byte	.LVL18
 1419 00c0 64000000 		.4byte	.LVL19
 1420 00c4 0200     		.2byte	0x2
 1421 00c6 30       		.byte	0x30
 1422 00c7 9F       		.byte	0x9f
 1423 00c8 64000000 		.4byte	.LVL19
 1424 00cc 84000000 		.4byte	.LVL21
 1425 00d0 0100     		.2byte	0x1
 1426 00d2 54       		.byte	0x54
 1427 00d3 86000000 		.4byte	.LVL22
 1428 00d7 14010000 		.4byte	.LVL25
 1429 00db 0100     		.2byte	0x1
 1430 00dd 54       		.byte	0x54
 1431 00de 00000000 		.4byte	0
 1432 00e2 00000000 		.4byte	0
 1433              	.LLST7:
 1434 00e6 64000000 		.4byte	.LVL19
 1435 00ea 84000000 		.4byte	.LVL21
 1436 00ee 0B00     		.2byte	0xb
 1437 00f0 74       		.byte	0x74
 1438 00f1 00       		.sleb128 0
 1439 00f2 36       		.byte	0x36
 1440 00f3 1E       		.byte	0x1e
 1441 00f4 03       		.byte	0x3
 1442 00f5 00000000 		.4byte	cfg_memset_list.4746
 1443 00f9 22       		.byte	0x22
 1444 00fa 9F       		.byte	0x9f
 1445 00fb 84000000 		.4byte	.LVL21
 1446 00ff 86000000 		.4byte	.LVL22
 1447 0103 0B00     		.2byte	0xb
 1448 0105 74       		.byte	0x74
 1449 0106 7F       		.sleb128 -1
 1450 0107 36       		.byte	0x36
 1451 0108 1E       		.byte	0x1e
 1452 0109 03       		.byte	0x3
 1453 010a 00000000 		.4byte	cfg_memset_list.4746
 1454 010e 22       		.byte	0x22
ARM GAS  C:\Users\Chris\AppData\Local\Temp\ccbYtKiV.s 			page 33


 1455 010f 9F       		.byte	0x9f
 1456 0110 00000000 		.4byte	0
 1457 0114 00000000 		.4byte	0
 1458              		.section	.debug_aranges,"",%progbits
 1459 0000 34000000 		.4byte	0x34
 1460 0004 0200     		.2byte	0x2
 1461 0006 00000000 		.4byte	.Ldebug_info0
 1462 000a 04       		.byte	0x4
 1463 000b 00       		.byte	0
 1464 000c 0000     		.2byte	0
 1465 000e 0000     		.2byte	0
 1466 0010 00000000 		.4byte	.LFB3
 1467 0014 32000000 		.4byte	.LFE3-.LFB3
 1468 0018 00000000 		.4byte	.LFB0
 1469 001c 0C000000 		.4byte	.LFE0-.LFB0
 1470 0020 00000000 		.4byte	.LFB4
 1471 0024 5C000000 		.4byte	.LFE4-.LFB4
 1472 0028 5C000000 		.4byte	.LFB6
 1473 002c 00010000 		.4byte	.LFE6-.LFB6
 1474 0030 00000000 		.4byte	0
 1475 0034 00000000 		.4byte	0
 1476              		.section	.debug_ranges,"",%progbits
 1477              	.Ldebug_ranges0:
 1478 0000 00000000 		.4byte	.LFB3
 1479 0004 32000000 		.4byte	.LFE3
 1480 0008 00000000 		.4byte	.LFB0
 1481 000c 0C000000 		.4byte	.LFE0
 1482 0010 00000000 		.4byte	.LFB4
 1483 0014 5C000000 		.4byte	.LFE4
 1484 0018 5C000000 		.4byte	.LFB6
 1485 001c 5C010000 		.4byte	.LFE6
 1486 0020 00000000 		.4byte	0
 1487 0024 00000000 		.4byte	0
 1488              		.section	.debug_line,"",%progbits
 1489              	.Ldebug_line0:
 1490 0000 5D010000 		.section	.debug_str,"MS",%progbits,1
 1490      0200D800 
 1490      00000201 
 1490      FB0E0D00 
 1490      01010101 
 1491              	.LASF18:
 1492 0000 72656733 		.ascii	"reg32\000"
 1492      3200
 1493              	.LASF11:
 1494 0006 73697A65 		.ascii	"size_t\000"
 1494      5F7400
 1495              	.LASF42:
 1496 000d 4379496E 		.ascii	"CyIntSetVector\000"
 1496      74536574 
 1496      56656374 
 1496      6F7200
 1497              	.LASF21:
 1498 001c 76616C75 		.ascii	"value\000"
 1498      6500
 1499              	.LASF26:
 1500 0022 636F756E 		.ascii	"count\000"
 1500      7400
ARM GAS  C:\Users\Chris\AppData\Local\Temp\ccbYtKiV.s 			page 34


 1501              	.LASF29:
 1502 0028 436C6F63 		.ascii	"ClockSetup\000"
 1502      6B536574 
 1502      757000
 1503              	.LASF30:
 1504 0033 63795F63 		.ascii	"cy_cfg_addr_table\000"
 1504      66675F61 
 1504      6464725F 
 1504      7461626C 
 1504      6500
 1505              	.LASF31:
 1506 0045 63795F63 		.ascii	"cy_cfg_data_table\000"
 1506      66675F64 
 1506      6174615F 
 1506      7461626C 
 1506      6500
 1507              	.LASF22:
 1508 0057 63795F63 		.ascii	"cy_cfg_addrvalue_t\000"
 1508      66675F61 
 1508      64647276 
 1508      616C7565 
 1508      5F7400
 1509              	.LASF15:
 1510 006a 666C6F61 		.ascii	"float\000"
 1510      7400
 1511              	.LASF35:
 1512 0070 6366675F 		.ascii	"cfg_memset_list\000"
 1512      6D656D73 
 1512      65745F6C 
 1512      69737400 
 1513              	.LASF33:
 1514 0080 73697A65 		.ascii	"size\000"
 1514      00
 1515              	.LASF17:
 1516 0085 72656738 		.ascii	"reg8\000"
 1516      00
 1517              	.LASF6:
 1518 008a 6C6F6E67 		.ascii	"long unsigned int\000"
 1518      20756E73 
 1518      69676E65 
 1518      6420696E 
 1518      7400
 1519              	.LASF12:
 1520 009c 75696E74 		.ascii	"uint8\000"
 1520      3800
 1521              	.LASF28:
 1522 00a2 43594D45 		.ascii	"CYMEMZERO\000"
 1522      4D5A4552 
 1522      4F00
 1523              	.LASF2:
 1524 00ac 756E7369 		.ascii	"unsigned char\000"
 1524      676E6564 
 1524      20636861 
 1524      7200
 1525              	.LASF36:
 1526 00ba 6D656D73 		.ascii	"memset\000"
 1526      657400
ARM GAS  C:\Users\Chris\AppData\Local\Temp\ccbYtKiV.s 			page 35


 1527              	.LASF16:
 1528 00c1 646F7562 		.ascii	"double\000"
 1528      6C6500
 1529              	.LASF27:
 1530 00c8 6366675F 		.ascii	"cfg_write_bytes32\000"
 1530      77726974 
 1530      655F6279 
 1530      74657333 
 1530      3200
 1531              	.LASF43:
 1532 00da 4379496E 		.ascii	"CyIntEnable\000"
 1532      74456E61 
 1532      626C6500 
 1533              	.LASF23:
 1534 00e6 61646472 		.ascii	"addr_table\000"
 1534      5F746162 
 1534      6C6500
 1535              	.LASF13:
 1536 00f1 75696E74 		.ascii	"uint16\000"
 1536      313600
 1537              	.LASF24:
 1538 00f8 64617461 		.ascii	"data_table\000"
 1538      5F746162 
 1538      6C6500
 1539              	.LASF14:
 1540 0103 75696E74 		.ascii	"uint32\000"
 1540      333200
 1541              	.LASF0:
 1542 010a 756E7369 		.ascii	"unsigned int\000"
 1542      676E6564 
 1542      20696E74 
 1542      00
 1543              	.LASF41:
 1544 0117 63796669 		.ascii	"cyfitter_cfg\000"
 1544      74746572 
 1544      5F636667 
 1544      00
 1545              	.LASF32:
 1546 0124 61646472 		.ascii	"address\000"
 1546      65737300 
 1547              	.LASF8:
 1548 012c 6C6F6E67 		.ascii	"long long unsigned int\000"
 1548      206C6F6E 
 1548      6720756E 
 1548      7369676E 
 1548      65642069 
 1549              	.LASF19:
 1550 0143 63796973 		.ascii	"cyisraddress\000"
 1550      72616464 
 1550      72657373 
 1550      00
 1551              	.LASF34:
 1552 0150 6366675F 		.ascii	"cfg_memset_t\000"
 1552      6D656D73 
 1552      65745F74 
 1552      00
 1553              	.LASF25:
ARM GAS  C:\Users\Chris\AppData\Local\Temp\ccbYtKiV.s 			page 36


 1554 015d 62617365 		.ascii	"baseAddr\000"
 1554      41646472 
 1554      00
 1555              	.LASF9:
 1556 0166 73697A65 		.ascii	"sizetype\000"
 1556      74797065 
 1556      00
 1557              	.LASF39:
 1558 016f 2E5C4765 		.ascii	".\\Generated_Source\\PSoC4\\cyfitter_cfg.c\000"
 1558      6E657261 
 1558      7465645F 
 1558      536F7572 
 1558      63655C50 
 1559              	.LASF7:
 1560 0197 6C6F6E67 		.ascii	"long long int\000"
 1560      206C6F6E 
 1560      6720696E 
 1560      7400
 1561              	.LASF10:
 1562 01a5 63686172 		.ascii	"char\000"
 1562      00
 1563              	.LASF38:
 1564 01aa 474E5520 		.ascii	"GNU C 4.9.3 20150303 (release) [ARM/embedded-4_9-br"
 1564      4320342E 
 1564      392E3320 
 1564      32303135 
 1564      30333033 
 1565 01dd 616E6368 		.ascii	"anch revision 221220] -mcpu=cortex-m0 -mthumb -g -O"
 1565      20726576 
 1565      6973696F 
 1565      6E203232 
 1565      31323230 
 1566 0210 67202D66 		.ascii	"g -ffunction-sections -ffat-lto-objects\000"
 1566      66756E63 
 1566      74696F6E 
 1566      2D736563 
 1566      74696F6E 
 1567              	.LASF20:
 1568 0238 6F666673 		.ascii	"offset\000"
 1568      657400
 1569              	.LASF3:
 1570 023f 73686F72 		.ascii	"short int\000"
 1570      7420696E 
 1570      7400
 1571              	.LASF37:
 1572 0249 43795379 		.ascii	"CySysClkWriteImoFreq\000"
 1572      73436C6B 
 1572      57726974 
 1572      65496D6F 
 1572      46726571 
 1573              	.LASF5:
 1574 025e 6C6F6E67 		.ascii	"long int\000"
 1574      20696E74 
 1574      00
 1575              	.LASF1:
 1576 0267 7369676E 		.ascii	"signed char\000"
 1576      65642063 
ARM GAS  C:\Users\Chris\AppData\Local\Temp\ccbYtKiV.s 			page 37


 1576      68617200 
 1577              	.LASF40:
 1578 0273 433A5C55 		.ascii	"C:\\Users\\Chris\\Desktop\\ECEC 304\\Labs\\Lesson4."
 1578      73657273 
 1578      5C436872 
 1578      69735C44 
 1578      65736B74 
 1579 02a0 63796473 		.ascii	"cydsn\000"
 1579      6E00
 1580              	.LASF4:
 1581 02a6 73686F72 		.ascii	"short unsigned int\000"
 1581      7420756E 
 1581      7369676E 
 1581      65642069 
 1581      6E7400
 1582              		.ident	"GCC: (GNU Tools for ARM Embedded Processors) 4.9.3 20150303 (release) [ARM/embedded-4_9-br
