ARM GAS  C:\Users\cdc75\AppData\Local\Temp\ccFhTyPB.s 			page 1


   1              		.cpu cortex-m0
   2              		.fpu softvfp
   3              		.eabi_attribute 20, 1
   4              		.eabi_attribute 21, 1
   5              		.eabi_attribute 23, 3
   6              		.eabi_attribute 24, 1
   7              		.eabi_attribute 25, 1
   8              		.eabi_attribute 26, 1
   9              		.eabi_attribute 30, 1
  10              		.eabi_attribute 34, 0
  11              		.eabi_attribute 18, 4
  12              		.code	16
  13              		.file	"cyfitter_cfg.c"
  14              		.text
  15              	.Ltext0:
  16              		.cfi_sections	.debug_frame
  17              		.section	.text.cfg_write_bytes32,"ax",%progbits
  18              		.align	2
  19              		.code	16
  20              		.thumb_func
  21              		.type	cfg_write_bytes32, %function
  22              	cfg_write_bytes32:
  23              	.LFB3:
  24              		.file 1 ".\\Generated_Source\\PSoC4\\cyfitter_cfg.c"
   1:.\Generated_Source\PSoC4/cyfitter_cfg.c **** /*******************************************************************************
   2:.\Generated_Source\PSoC4/cyfitter_cfg.c **** * File Name: cyfitter_cfg.c
   3:.\Generated_Source\PSoC4/cyfitter_cfg.c **** * 
   4:.\Generated_Source\PSoC4/cyfitter_cfg.c **** * PSoC Creator  3.3 CP3
   5:.\Generated_Source\PSoC4/cyfitter_cfg.c **** *
   6:.\Generated_Source\PSoC4/cyfitter_cfg.c **** * Description:
   7:.\Generated_Source\PSoC4/cyfitter_cfg.c **** * This file contains device initialization code.
   8:.\Generated_Source\PSoC4/cyfitter_cfg.c **** * Except for the user defined sections in CyClockStartupError(), this file should not be modified.
   9:.\Generated_Source\PSoC4/cyfitter_cfg.c **** * This file is automatically generated by PSoC Creator.
  10:.\Generated_Source\PSoC4/cyfitter_cfg.c **** *
  11:.\Generated_Source\PSoC4/cyfitter_cfg.c **** ********************************************************************************
  12:.\Generated_Source\PSoC4/cyfitter_cfg.c **** * Copyright (c) 2007-2016 Cypress Semiconductor.  All rights reserved.
  13:.\Generated_Source\PSoC4/cyfitter_cfg.c **** * You may use this file only in accordance with the license, terms, conditions, 
  14:.\Generated_Source\PSoC4/cyfitter_cfg.c **** * disclaimers, and limitations in the end user license agreement accompanying 
  15:.\Generated_Source\PSoC4/cyfitter_cfg.c **** * the software package with which this file was provided.
  16:.\Generated_Source\PSoC4/cyfitter_cfg.c **** ********************************************************************************/
  17:.\Generated_Source\PSoC4/cyfitter_cfg.c **** 
  18:.\Generated_Source\PSoC4/cyfitter_cfg.c **** #include <string.h>
  19:.\Generated_Source\PSoC4/cyfitter_cfg.c **** #include "cytypes.h"
  20:.\Generated_Source\PSoC4/cyfitter_cfg.c **** #include "cydevice_trm.h"
  21:.\Generated_Source\PSoC4/cyfitter_cfg.c **** #include "cyfitter.h"
  22:.\Generated_Source\PSoC4/cyfitter_cfg.c **** #include "CyLib.h"
  23:.\Generated_Source\PSoC4/cyfitter_cfg.c **** #include "CyLFClk.h"
  24:.\Generated_Source\PSoC4/cyfitter_cfg.c **** #include "cyfitter_cfg.h"
  25:.\Generated_Source\PSoC4/cyfitter_cfg.c **** 
  26:.\Generated_Source\PSoC4/cyfitter_cfg.c **** 
  27:.\Generated_Source\PSoC4/cyfitter_cfg.c **** #if defined(__GNUC__) || defined(__ARMCC_VERSION)
  28:.\Generated_Source\PSoC4/cyfitter_cfg.c ****     #define CYPACKED 
  29:.\Generated_Source\PSoC4/cyfitter_cfg.c ****     #define CYPACKED_ATTR __attribute__ ((packed))
  30:.\Generated_Source\PSoC4/cyfitter_cfg.c ****     #define CYALIGNED __attribute__ ((aligned))
  31:.\Generated_Source\PSoC4/cyfitter_cfg.c ****     #define CY_CFG_UNUSED __attribute__ ((unused))
  32:.\Generated_Source\PSoC4/cyfitter_cfg.c ****     #ifndef CY_CFG_SECTION
  33:.\Generated_Source\PSoC4/cyfitter_cfg.c ****         #define CY_CFG_SECTION __attribute__ ((section(".psocinit")))
ARM GAS  C:\Users\cdc75\AppData\Local\Temp\ccFhTyPB.s 			page 2


  34:.\Generated_Source\PSoC4/cyfitter_cfg.c ****     #endif
  35:.\Generated_Source\PSoC4/cyfitter_cfg.c ****     
  36:.\Generated_Source\PSoC4/cyfitter_cfg.c ****     #if defined(__ARMCC_VERSION)
  37:.\Generated_Source\PSoC4/cyfitter_cfg.c ****         #define CY_CFG_MEMORY_BARRIER() __memory_changed()
  38:.\Generated_Source\PSoC4/cyfitter_cfg.c ****     #else
  39:.\Generated_Source\PSoC4/cyfitter_cfg.c ****         #define CY_CFG_MEMORY_BARRIER() __sync_synchronize()
  40:.\Generated_Source\PSoC4/cyfitter_cfg.c ****     #endif
  41:.\Generated_Source\PSoC4/cyfitter_cfg.c ****     
  42:.\Generated_Source\PSoC4/cyfitter_cfg.c **** #elif defined(__ICCARM__)
  43:.\Generated_Source\PSoC4/cyfitter_cfg.c ****     #include <intrinsics.h>
  44:.\Generated_Source\PSoC4/cyfitter_cfg.c **** 
  45:.\Generated_Source\PSoC4/cyfitter_cfg.c ****     #define CYPACKED __packed
  46:.\Generated_Source\PSoC4/cyfitter_cfg.c ****     #define CYPACKED_ATTR 
  47:.\Generated_Source\PSoC4/cyfitter_cfg.c ****     #define CYALIGNED _Pragma("data_alignment=4")
  48:.\Generated_Source\PSoC4/cyfitter_cfg.c ****     #define CY_CFG_UNUSED _Pragma("diag_suppress=Pe177")
  49:.\Generated_Source\PSoC4/cyfitter_cfg.c ****     #define CY_CFG_SECTION _Pragma("location=\".psocinit\"")
  50:.\Generated_Source\PSoC4/cyfitter_cfg.c ****     
  51:.\Generated_Source\PSoC4/cyfitter_cfg.c ****     #define CY_CFG_MEMORY_BARRIER() __DMB()
  52:.\Generated_Source\PSoC4/cyfitter_cfg.c ****     
  53:.\Generated_Source\PSoC4/cyfitter_cfg.c **** #else
  54:.\Generated_Source\PSoC4/cyfitter_cfg.c ****     #error Unsupported toolchain
  55:.\Generated_Source\PSoC4/cyfitter_cfg.c **** #endif
  56:.\Generated_Source\PSoC4/cyfitter_cfg.c **** 
  57:.\Generated_Source\PSoC4/cyfitter_cfg.c **** 
  58:.\Generated_Source\PSoC4/cyfitter_cfg.c **** CY_CFG_UNUSED
  59:.\Generated_Source\PSoC4/cyfitter_cfg.c **** static void CYMEMZERO(void *s, size_t n);
  60:.\Generated_Source\PSoC4/cyfitter_cfg.c **** CY_CFG_UNUSED
  61:.\Generated_Source\PSoC4/cyfitter_cfg.c **** static void CYMEMZERO(void *s, size_t n)
  62:.\Generated_Source\PSoC4/cyfitter_cfg.c **** {
  63:.\Generated_Source\PSoC4/cyfitter_cfg.c **** 	(void)memset(s, 0, n);
  64:.\Generated_Source\PSoC4/cyfitter_cfg.c **** }
  65:.\Generated_Source\PSoC4/cyfitter_cfg.c **** CY_CFG_UNUSED
  66:.\Generated_Source\PSoC4/cyfitter_cfg.c **** static void CYCONFIGCPY(void *dest, const void *src, size_t n);
  67:.\Generated_Source\PSoC4/cyfitter_cfg.c **** CY_CFG_UNUSED
  68:.\Generated_Source\PSoC4/cyfitter_cfg.c **** static void CYCONFIGCPY(void *dest, const void *src, size_t n)
  69:.\Generated_Source\PSoC4/cyfitter_cfg.c **** {
  70:.\Generated_Source\PSoC4/cyfitter_cfg.c **** 	(void)memcpy(dest, src, n);
  71:.\Generated_Source\PSoC4/cyfitter_cfg.c **** }
  72:.\Generated_Source\PSoC4/cyfitter_cfg.c **** CY_CFG_UNUSED
  73:.\Generated_Source\PSoC4/cyfitter_cfg.c **** static void CYCONFIGCPYCODE(void *dest, const void *src, size_t n);
  74:.\Generated_Source\PSoC4/cyfitter_cfg.c **** CY_CFG_UNUSED
  75:.\Generated_Source\PSoC4/cyfitter_cfg.c **** static void CYCONFIGCPYCODE(void *dest, const void *src, size_t n)
  76:.\Generated_Source\PSoC4/cyfitter_cfg.c **** {
  77:.\Generated_Source\PSoC4/cyfitter_cfg.c **** 	(void)memcpy(dest, src, n);
  78:.\Generated_Source\PSoC4/cyfitter_cfg.c **** }
  79:.\Generated_Source\PSoC4/cyfitter_cfg.c **** 
  80:.\Generated_Source\PSoC4/cyfitter_cfg.c **** 
  81:.\Generated_Source\PSoC4/cyfitter_cfg.c **** 
  82:.\Generated_Source\PSoC4/cyfitter_cfg.c **** /* Clock startup error codes                                                   */
  83:.\Generated_Source\PSoC4/cyfitter_cfg.c **** #define CYCLOCKSTART_NO_ERROR    0u
  84:.\Generated_Source\PSoC4/cyfitter_cfg.c **** #define CYCLOCKSTART_XTAL_ERROR  1u
  85:.\Generated_Source\PSoC4/cyfitter_cfg.c **** #define CYCLOCKSTART_32KHZ_ERROR 2u
  86:.\Generated_Source\PSoC4/cyfitter_cfg.c **** #define CYCLOCKSTART_PLL_ERROR   3u
  87:.\Generated_Source\PSoC4/cyfitter_cfg.c **** 
  88:.\Generated_Source\PSoC4/cyfitter_cfg.c **** #ifdef CY_NEED_CYCLOCKSTARTUPERROR
  89:.\Generated_Source\PSoC4/cyfitter_cfg.c **** /*******************************************************************************
  90:.\Generated_Source\PSoC4/cyfitter_cfg.c **** * Function Name: CyClockStartupError
ARM GAS  C:\Users\cdc75\AppData\Local\Temp\ccFhTyPB.s 			page 3


  91:.\Generated_Source\PSoC4/cyfitter_cfg.c **** ********************************************************************************
  92:.\Generated_Source\PSoC4/cyfitter_cfg.c **** * Summary:
  93:.\Generated_Source\PSoC4/cyfitter_cfg.c **** *  If an error is encountered during clock configuration (crystal startup error,
  94:.\Generated_Source\PSoC4/cyfitter_cfg.c **** *  PLL lock error, etc.), the system will end up here.  Unless reimplemented by
  95:.\Generated_Source\PSoC4/cyfitter_cfg.c **** *  the customer, this function will stop in an infinite loop.
  96:.\Generated_Source\PSoC4/cyfitter_cfg.c **** *
  97:.\Generated_Source\PSoC4/cyfitter_cfg.c **** * Parameters:
  98:.\Generated_Source\PSoC4/cyfitter_cfg.c **** *   void
  99:.\Generated_Source\PSoC4/cyfitter_cfg.c **** *
 100:.\Generated_Source\PSoC4/cyfitter_cfg.c **** * Return:
 101:.\Generated_Source\PSoC4/cyfitter_cfg.c **** *   void
 102:.\Generated_Source\PSoC4/cyfitter_cfg.c **** *
 103:.\Generated_Source\PSoC4/cyfitter_cfg.c **** *******************************************************************************/
 104:.\Generated_Source\PSoC4/cyfitter_cfg.c **** CY_CFG_UNUSED
 105:.\Generated_Source\PSoC4/cyfitter_cfg.c **** static void CyClockStartupError(uint8 errorCode);
 106:.\Generated_Source\PSoC4/cyfitter_cfg.c **** CY_CFG_UNUSED
 107:.\Generated_Source\PSoC4/cyfitter_cfg.c **** static void CyClockStartupError(uint8 errorCode)
 108:.\Generated_Source\PSoC4/cyfitter_cfg.c **** {
 109:.\Generated_Source\PSoC4/cyfitter_cfg.c ****     /* To remove the compiler warning if errorCode not used.                */
 110:.\Generated_Source\PSoC4/cyfitter_cfg.c ****     errorCode = errorCode;
 111:.\Generated_Source\PSoC4/cyfitter_cfg.c **** 
 112:.\Generated_Source\PSoC4/cyfitter_cfg.c ****     /* `#START CyClockStartupError` */
 113:.\Generated_Source\PSoC4/cyfitter_cfg.c **** 
 114:.\Generated_Source\PSoC4/cyfitter_cfg.c ****     /* If we have a clock startup error (bad MHz crystal, PLL lock, etc.),  */
 115:.\Generated_Source\PSoC4/cyfitter_cfg.c ****     /* we will end up here to allow the customer to implement something to  */
 116:.\Generated_Source\PSoC4/cyfitter_cfg.c ****     /* deal with the clock condition.                                       */
 117:.\Generated_Source\PSoC4/cyfitter_cfg.c **** 
 118:.\Generated_Source\PSoC4/cyfitter_cfg.c ****     /* `#END` */
 119:.\Generated_Source\PSoC4/cyfitter_cfg.c **** 
 120:.\Generated_Source\PSoC4/cyfitter_cfg.c ****     /* If nothing else, stop here since the clocks have not started         */
 121:.\Generated_Source\PSoC4/cyfitter_cfg.c ****     /* correctly.                                                           */
 122:.\Generated_Source\PSoC4/cyfitter_cfg.c ****     while(1) {}
 123:.\Generated_Source\PSoC4/cyfitter_cfg.c **** }
 124:.\Generated_Source\PSoC4/cyfitter_cfg.c **** #endif
 125:.\Generated_Source\PSoC4/cyfitter_cfg.c **** 
 126:.\Generated_Source\PSoC4/cyfitter_cfg.c **** #define CY_CFG_BASE_ADDR_COUNT 4u
 127:.\Generated_Source\PSoC4/cyfitter_cfg.c **** CYPACKED typedef struct
 128:.\Generated_Source\PSoC4/cyfitter_cfg.c **** {
 129:.\Generated_Source\PSoC4/cyfitter_cfg.c **** 	uint8 offset;
 130:.\Generated_Source\PSoC4/cyfitter_cfg.c **** 	uint8 value;
 131:.\Generated_Source\PSoC4/cyfitter_cfg.c **** } CYPACKED_ATTR cy_cfg_addrvalue_t;
 132:.\Generated_Source\PSoC4/cyfitter_cfg.c **** 
 133:.\Generated_Source\PSoC4/cyfitter_cfg.c **** 
 134:.\Generated_Source\PSoC4/cyfitter_cfg.c **** 
 135:.\Generated_Source\PSoC4/cyfitter_cfg.c **** /*******************************************************************************
 136:.\Generated_Source\PSoC4/cyfitter_cfg.c **** * Function Name: cfg_write_bytes32
 137:.\Generated_Source\PSoC4/cyfitter_cfg.c **** ********************************************************************************
 138:.\Generated_Source\PSoC4/cyfitter_cfg.c **** * Summary:
 139:.\Generated_Source\PSoC4/cyfitter_cfg.c **** *  This function is used for setting up the chip configuration areas that
 140:.\Generated_Source\PSoC4/cyfitter_cfg.c **** *  contain relatively sparse data.
 141:.\Generated_Source\PSoC4/cyfitter_cfg.c **** *
 142:.\Generated_Source\PSoC4/cyfitter_cfg.c **** * Parameters:
 143:.\Generated_Source\PSoC4/cyfitter_cfg.c **** *   void
 144:.\Generated_Source\PSoC4/cyfitter_cfg.c **** *
 145:.\Generated_Source\PSoC4/cyfitter_cfg.c **** * Return:
 146:.\Generated_Source\PSoC4/cyfitter_cfg.c **** *   void
 147:.\Generated_Source\PSoC4/cyfitter_cfg.c **** *
ARM GAS  C:\Users\cdc75\AppData\Local\Temp\ccFhTyPB.s 			page 4


 148:.\Generated_Source\PSoC4/cyfitter_cfg.c **** *******************************************************************************/
 149:.\Generated_Source\PSoC4/cyfitter_cfg.c **** static void cfg_write_bytes32(const uint32 addr_table[], const cy_cfg_addrvalue_t data_table[]);
 150:.\Generated_Source\PSoC4/cyfitter_cfg.c **** static void cfg_write_bytes32(const uint32 addr_table[], const cy_cfg_addrvalue_t data_table[])
 151:.\Generated_Source\PSoC4/cyfitter_cfg.c **** {
  25              		.loc 1 151 0
  26              		.cfi_startproc
  27              	.LVL0:
  28 0000 F0B5     		push	{r4, r5, r6, r7, lr}
  29              		.cfi_def_cfa_offset 20
  30              		.cfi_offset 4, -20
  31              		.cfi_offset 5, -16
  32              		.cfi_offset 6, -12
  33              		.cfi_offset 7, -8
  34              		.cfi_offset 14, -4
  35              	.LVL1:
 152:.\Generated_Source\PSoC4/cyfitter_cfg.c **** 	/* For 32-bit little-endian architectures */
 153:.\Generated_Source\PSoC4/cyfitter_cfg.c **** 	uint32 i, j = 0u;
  36              		.loc 1 153 0
  37 0002 0025     		mov	r5, #0
 154:.\Generated_Source\PSoC4/cyfitter_cfg.c **** 	for (i = 0u; i < CY_CFG_BASE_ADDR_COUNT; i++)
  38              		.loc 1 154 0
  39 0004 0027     		mov	r7, #0
  40 0006 11E0     		b	.L2
  41              	.LVL2:
  42              	.L5:
  43              	.LBB2:
 155:.\Generated_Source\PSoC4/cyfitter_cfg.c **** 	{
 156:.\Generated_Source\PSoC4/cyfitter_cfg.c **** 		uint32 baseAddr = addr_table[i];
  44              		.loc 1 156 0
  45 0008 BB00     		lsl	r3, r7, #2
  46 000a C658     		ldr	r6, [r0, r3]
  47              	.LVL3:
 157:.\Generated_Source\PSoC4/cyfitter_cfg.c **** 		uint8 count = (uint8)baseAddr;
  48              		.loc 1 157 0
  49 000c F3B2     		uxtb	r3, r6
  50              	.LVL4:
 158:.\Generated_Source\PSoC4/cyfitter_cfg.c **** 		baseAddr &= 0xFFFFFF00u;
  51              		.loc 1 158 0
  52 000e FF22     		mov	r2, #255
  53 0010 9643     		bic	r6, r2
  54              	.LVL5:
 159:.\Generated_Source\PSoC4/cyfitter_cfg.c **** 		while (count != 0u)
  55              		.loc 1 159 0
  56 0012 08E0     		b	.L3
  57              	.L4:
 160:.\Generated_Source\PSoC4/cyfitter_cfg.c **** 		{
 161:.\Generated_Source\PSoC4/cyfitter_cfg.c **** 			CY_SET_XTND_REG8((void CYFAR *)(baseAddr + data_table[j].offset), data_table[j].value);
  58              		.loc 1 161 0
  59 0014 6A00     		lsl	r2, r5, #1
  60 0016 8A18     		add	r2, r1, r2
  61 0018 1478     		ldrb	r4, [r2]
  62 001a A419     		add	r4, r4, r6
  63 001c 5278     		ldrb	r2, [r2, #1]
  64 001e 2270     		strb	r2, [r4]
 162:.\Generated_Source\PSoC4/cyfitter_cfg.c **** 			j++;
  65              		.loc 1 162 0
  66 0020 0135     		add	r5, r5, #1
ARM GAS  C:\Users\cdc75\AppData\Local\Temp\ccFhTyPB.s 			page 5


  67              	.LVL6:
 163:.\Generated_Source\PSoC4/cyfitter_cfg.c **** 			count--;
  68              		.loc 1 163 0
  69 0022 013B     		sub	r3, r3, #1
  70              	.LVL7:
  71 0024 DBB2     		uxtb	r3, r3
  72              	.LVL8:
  73              	.L3:
 159:.\Generated_Source\PSoC4/cyfitter_cfg.c **** 		{
  74              		.loc 1 159 0
  75 0026 002B     		cmp	r3, #0
  76 0028 F4D1     		bne	.L4
  77              	.LBE2:
 154:.\Generated_Source\PSoC4/cyfitter_cfg.c **** 	{
  78              		.loc 1 154 0 discriminator 2
  79 002a 0137     		add	r7, r7, #1
  80              	.LVL9:
  81              	.L2:
 154:.\Generated_Source\PSoC4/cyfitter_cfg.c **** 	{
  82              		.loc 1 154 0 is_stmt 0 discriminator 1
  83 002c 032F     		cmp	r7, #3
  84 002e EBD9     		bls	.L5
 164:.\Generated_Source\PSoC4/cyfitter_cfg.c **** 		}
 165:.\Generated_Source\PSoC4/cyfitter_cfg.c **** 	}
 166:.\Generated_Source\PSoC4/cyfitter_cfg.c **** }
  85              		.loc 1 166 0 is_stmt 1
  86              		@ sp needed
  87              	.LVL10:
  88              	.LVL11:
  89 0030 F0BD     		pop	{r4, r5, r6, r7, pc}
  90              		.cfi_endproc
  91              	.LFE3:
  92              		.size	cfg_write_bytes32, .-cfg_write_bytes32
  93 0032 C046     		.section	.text.CYMEMZERO,"ax",%progbits
  94              		.align	2
  95              		.code	16
  96              		.thumb_func
  97              		.type	CYMEMZERO, %function
  98              	CYMEMZERO:
  99              	.LFB0:
  62:.\Generated_Source\PSoC4/cyfitter_cfg.c **** 	(void)memset(s, 0, n);
 100              		.loc 1 62 0
 101              		.cfi_startproc
 102              	.LVL12:
 103 0000 08B5     		push	{r3, lr}
 104              		.cfi_def_cfa_offset 8
 105              		.cfi_offset 3, -8
 106              		.cfi_offset 14, -4
 107 0002 0A1C     		mov	r2, r1
  63:.\Generated_Source\PSoC4/cyfitter_cfg.c **** }
 108              		.loc 1 63 0
 109 0004 0021     		mov	r1, #0
 110              	.LVL13:
 111 0006 FFF7FEFF 		bl	memset
 112              	.LVL14:
  64:.\Generated_Source\PSoC4/cyfitter_cfg.c **** CY_CFG_UNUSED
 113              		.loc 1 64 0
ARM GAS  C:\Users\cdc75\AppData\Local\Temp\ccFhTyPB.s 			page 6


 114              		@ sp needed
 115 000a 08BD     		pop	{r3, pc}
 116              		.cfi_endproc
 117              	.LFE0:
 118              		.size	CYMEMZERO, .-CYMEMZERO
 119              		.section	.psocinit,"ax",%progbits
 120              		.align	2
 121              		.code	16
 122              		.thumb_func
 123              		.type	ClockSetup, %function
 124              	ClockSetup:
 125              	.LFB4:
 167:.\Generated_Source\PSoC4/cyfitter_cfg.c **** 
 168:.\Generated_Source\PSoC4/cyfitter_cfg.c **** 
 169:.\Generated_Source\PSoC4/cyfitter_cfg.c **** /*******************************************************************************
 170:.\Generated_Source\PSoC4/cyfitter_cfg.c **** * Function Name: ClockSetup
 171:.\Generated_Source\PSoC4/cyfitter_cfg.c **** ********************************************************************************
 172:.\Generated_Source\PSoC4/cyfitter_cfg.c **** *
 173:.\Generated_Source\PSoC4/cyfitter_cfg.c **** * Summary:
 174:.\Generated_Source\PSoC4/cyfitter_cfg.c **** *   Performs the initialization of all of the clocks in the device based on the
 175:.\Generated_Source\PSoC4/cyfitter_cfg.c **** *   settings in the Clock tab of the DWR.  This includes enabling the requested
 176:.\Generated_Source\PSoC4/cyfitter_cfg.c **** *   clocks and setting the necessary dividers to produce the desired frequency. 
 177:.\Generated_Source\PSoC4/cyfitter_cfg.c **** *
 178:.\Generated_Source\PSoC4/cyfitter_cfg.c **** * Parameters:
 179:.\Generated_Source\PSoC4/cyfitter_cfg.c **** *   void
 180:.\Generated_Source\PSoC4/cyfitter_cfg.c **** *
 181:.\Generated_Source\PSoC4/cyfitter_cfg.c **** * Return:
 182:.\Generated_Source\PSoC4/cyfitter_cfg.c **** *   void
 183:.\Generated_Source\PSoC4/cyfitter_cfg.c **** *
 184:.\Generated_Source\PSoC4/cyfitter_cfg.c **** *******************************************************************************/
 185:.\Generated_Source\PSoC4/cyfitter_cfg.c **** static void ClockSetup(void);
 186:.\Generated_Source\PSoC4/cyfitter_cfg.c **** CY_CFG_SECTION
 187:.\Generated_Source\PSoC4/cyfitter_cfg.c **** static void ClockSetup(void)
 188:.\Generated_Source\PSoC4/cyfitter_cfg.c **** {
 126              		.loc 1 188 0
 127              		.cfi_startproc
 128 0000 38B5     		push	{r3, r4, r5, lr}
 129              		.cfi_def_cfa_offset 16
 130              		.cfi_offset 3, -16
 131              		.cfi_offset 4, -12
 132              		.cfi_offset 5, -8
 133              		.cfi_offset 14, -4
 189:.\Generated_Source\PSoC4/cyfitter_cfg.c **** 	/* Enable HALF_EN before trimming for the flash accelerator. */
 190:.\Generated_Source\PSoC4/cyfitter_cfg.c **** 	CY_SET_REG32((void CYXDATA *)(CYREG_CLK_SELECT), (CY_GET_REG32((void *)CYREG_CLK_SELECT) | 0x00040
 134              		.loc 1 190 0
 135 0002 164C     		ldr	r4, .L8
 136 0004 2368     		ldr	r3, [r4]
 137 0006 8022     		mov	r2, #128
 138 0008 D202     		lsl	r2, r2, #11
 139 000a 1343     		orr	r3, r2
 140 000c 2360     		str	r3, [r4]
 191:.\Generated_Source\PSoC4/cyfitter_cfg.c **** 
 192:.\Generated_Source\PSoC4/cyfitter_cfg.c **** 	/* Setup and trim IMO based on desired frequency. */
 193:.\Generated_Source\PSoC4/cyfitter_cfg.c **** 	CySysClkWriteImoFreq(24u);
 141              		.loc 1 193 0
 142 000e 1820     		mov	r0, #24
 143 0010 FFF7FEFF 		bl	CySysClkWriteImoFreq
ARM GAS  C:\Users\cdc75\AppData\Local\Temp\ccFhTyPB.s 			page 7


 144              	.LVL15:
 194:.\Generated_Source\PSoC4/cyfitter_cfg.c **** 
 195:.\Generated_Source\PSoC4/cyfitter_cfg.c **** 	/* Disable HALF_EN since it is not required at this IMO frequency. */
 196:.\Generated_Source\PSoC4/cyfitter_cfg.c **** 	CY_SET_REG32((void CYXDATA *)(CYREG_CLK_SELECT), (CY_GET_REG32((void *)CYREG_CLK_SELECT) & 0xFFFBF
 145              		.loc 1 196 0
 146 0014 2268     		ldr	r2, [r4]
 147 0016 124B     		ldr	r3, .L8+4
 148 0018 1340     		and	r3, r2
 149 001a 2360     		str	r3, [r4]
 197:.\Generated_Source\PSoC4/cyfitter_cfg.c **** 	/* CYDEV_CLK_ILO_CONFIG Starting address: CYDEV_CLK_ILO_CONFIG */
 198:.\Generated_Source\PSoC4/cyfitter_cfg.c **** 	CY_SET_XTND_REG32((void CYFAR *)(CYREG_CLK_ILO_CONFIG), 0x80000006u);
 150              		.loc 1 198 0
 151 001c 114A     		ldr	r2, .L8+8
 152 001e 124B     		ldr	r3, .L8+12
 153 0020 1A60     		str	r2, [r3]
 199:.\Generated_Source\PSoC4/cyfitter_cfg.c **** 
 200:.\Generated_Source\PSoC4/cyfitter_cfg.c **** 
 201:.\Generated_Source\PSoC4/cyfitter_cfg.c **** 	/* CYDEV_CLK_SELECT00 Starting address: CYDEV_CLK_SELECT00 */
 202:.\Generated_Source\PSoC4/cyfitter_cfg.c **** 	CY_SET_XTND_REG32((void CYFAR *)(CYREG_CLK_SELECT08), 0x00000010u);
 154              		.loc 1 202 0
 155 0022 1022     		mov	r2, #16
 156 0024 114B     		ldr	r3, .L8+16
 157 0026 1A60     		str	r2, [r3]
 203:.\Generated_Source\PSoC4/cyfitter_cfg.c **** 	CY_SET_XTND_REG32((void CYFAR *)(CYREG_CLK_SELECT09), 0x00000020u);
 158              		.loc 1 203 0
 159 0028 1032     		add	r2, r2, #16
 160 002a 114B     		ldr	r3, .L8+20
 161 002c 1A60     		str	r2, [r3]
 204:.\Generated_Source\PSoC4/cyfitter_cfg.c **** 
 205:.\Generated_Source\PSoC4/cyfitter_cfg.c **** 	/* CYDEV_CLK_IMO_CONFIG Starting address: CYDEV_CLK_IMO_CONFIG */
 206:.\Generated_Source\PSoC4/cyfitter_cfg.c **** 	CY_SET_XTND_REG32((void CYFAR *)(CYREG_CLK_IMO_CONFIG), 0x80000000u);
 162              		.loc 1 206 0
 163 002e 8022     		mov	r2, #128
 164 0030 1206     		lsl	r2, r2, #24
 165 0032 104B     		ldr	r3, .L8+24
 166 0034 1A60     		str	r2, [r3]
 207:.\Generated_Source\PSoC4/cyfitter_cfg.c **** 
 208:.\Generated_Source\PSoC4/cyfitter_cfg.c **** 	/* CYDEV_CLK_SELECT Starting address: CYDEV_CLK_SELECT */
 209:.\Generated_Source\PSoC4/cyfitter_cfg.c **** 	CY_SET_XTND_REG32((void CYFAR *)(CYREG_CLK_SELECT), 0x00000000u);
 167              		.loc 1 209 0
 168 0036 0025     		mov	r5, #0
 169 0038 2560     		str	r5, [r4]
 210:.\Generated_Source\PSoC4/cyfitter_cfg.c **** 
 211:.\Generated_Source\PSoC4/cyfitter_cfg.c **** 	/* CYDEV_CLK_DIVIDER_A00 Starting address: CYDEV_CLK_DIVIDER_A00 */
 212:.\Generated_Source\PSoC4/cyfitter_cfg.c **** 	CY_SET_XTND_REG32((void CYFAR *)(CYREG_CLK_DIVIDER_A00), 0x80000001u);
 170              		.loc 1 212 0
 171 003a 0F4A     		ldr	r2, .L8+28
 172 003c 0F4B     		ldr	r3, .L8+32
 173 003e 1A60     		str	r2, [r3]
 213:.\Generated_Source\PSoC4/cyfitter_cfg.c **** 
 214:.\Generated_Source\PSoC4/cyfitter_cfg.c **** 	/* CYDEV_CLK_DIVIDER_B00 Starting address: CYDEV_CLK_DIVIDER_B00 */
 215:.\Generated_Source\PSoC4/cyfitter_cfg.c **** 	CY_SET_XTND_REG32((void CYFAR *)(CYREG_CLK_DIVIDER_B00), 0x80005DBFu);
 174              		.loc 1 215 0
 175 0040 0F4A     		ldr	r2, .L8+36
 176 0042 104B     		ldr	r3, .L8+40
 177 0044 1A60     		str	r2, [r3]
 216:.\Generated_Source\PSoC4/cyfitter_cfg.c **** 
ARM GAS  C:\Users\cdc75\AppData\Local\Temp\ccFhTyPB.s 			page 8


 217:.\Generated_Source\PSoC4/cyfitter_cfg.c **** 	(void)CyIntSetVector(9u, &CySysWdtIsr);
 178              		.loc 1 217 0
 179 0046 0920     		mov	r0, #9
 180 0048 0F49     		ldr	r1, .L8+44
 181 004a FFF7FEFF 		bl	CyIntSetVector
 182              	.LVL16:
 218:.\Generated_Source\PSoC4/cyfitter_cfg.c **** 	CyIntEnable(9u);
 183              		.loc 1 218 0
 184 004e 0920     		mov	r0, #9
 185 0050 FFF7FEFF 		bl	CyIntEnable
 186              	.LVL17:
 219:.\Generated_Source\PSoC4/cyfitter_cfg.c **** 	CY_SET_XTND_REG32((void CYFAR *)(CYREG_WDT_CONFIG), 0x00000000u);
 187              		.loc 1 219 0
 188 0054 0D4B     		ldr	r3, .L8+48
 189 0056 1D60     		str	r5, [r3]
 220:.\Generated_Source\PSoC4/cyfitter_cfg.c **** }
 190              		.loc 1 220 0
 191              		@ sp needed
 192 0058 38BD     		pop	{r3, r4, r5, pc}
 193              	.L9:
 194 005a C046     		.align	2
 195              	.L8:
 196 005c 00010B40 		.word	1074462976
 197 0060 FFFFFBFF 		.word	-262145
 198 0064 06000080 		.word	-2147483642
 199 0068 04010B40 		.word	1074462980
 200 006c 20020240 		.word	1073873440
 201 0070 24020240 		.word	1073873444
 202 0074 08010B40 		.word	1074462984
 203 0078 01000080 		.word	-2147483647
 204 007c 00000240 		.word	1073872896
 205 0080 BF5D0080 		.word	-2147459649
 206 0084 40000240 		.word	1073872960
 207 0088 00000000 		.word	CySysWdtIsr
 208 008c 0C020B40 		.word	1074463244
 209              		.cfi_endproc
 210              	.LFE4:
 211              		.size	ClockSetup, .-ClockSetup
 212              		.align	2
 213              		.global	cyfitter_cfg
 214              		.code	16
 215              		.thumb_func
 216              		.type	cyfitter_cfg, %function
 217              	cyfitter_cfg:
 218              	.LFB6:
 221:.\Generated_Source\PSoC4/cyfitter_cfg.c **** 
 222:.\Generated_Source\PSoC4/cyfitter_cfg.c **** 
 223:.\Generated_Source\PSoC4/cyfitter_cfg.c **** /* Analog API Functions */
 224:.\Generated_Source\PSoC4/cyfitter_cfg.c **** 
 225:.\Generated_Source\PSoC4/cyfitter_cfg.c **** 
 226:.\Generated_Source\PSoC4/cyfitter_cfg.c **** /*******************************************************************************
 227:.\Generated_Source\PSoC4/cyfitter_cfg.c **** * Function Name: AnalogSetDefault
 228:.\Generated_Source\PSoC4/cyfitter_cfg.c **** ********************************************************************************
 229:.\Generated_Source\PSoC4/cyfitter_cfg.c **** *
 230:.\Generated_Source\PSoC4/cyfitter_cfg.c **** * Summary:
 231:.\Generated_Source\PSoC4/cyfitter_cfg.c **** *  Sets up the analog portions of the chip to default values based on chip
 232:.\Generated_Source\PSoC4/cyfitter_cfg.c **** *  configuration options from the project.
ARM GAS  C:\Users\cdc75\AppData\Local\Temp\ccFhTyPB.s 			page 9


 233:.\Generated_Source\PSoC4/cyfitter_cfg.c **** *
 234:.\Generated_Source\PSoC4/cyfitter_cfg.c **** * Parameters:
 235:.\Generated_Source\PSoC4/cyfitter_cfg.c **** *  void
 236:.\Generated_Source\PSoC4/cyfitter_cfg.c **** *
 237:.\Generated_Source\PSoC4/cyfitter_cfg.c **** * Return:
 238:.\Generated_Source\PSoC4/cyfitter_cfg.c **** *  void
 239:.\Generated_Source\PSoC4/cyfitter_cfg.c **** *
 240:.\Generated_Source\PSoC4/cyfitter_cfg.c **** *******************************************************************************/
 241:.\Generated_Source\PSoC4/cyfitter_cfg.c **** static void AnalogSetDefault(void);
 242:.\Generated_Source\PSoC4/cyfitter_cfg.c **** static void AnalogSetDefault(void)
 243:.\Generated_Source\PSoC4/cyfitter_cfg.c **** {
 244:.\Generated_Source\PSoC4/cyfitter_cfg.c **** }
 245:.\Generated_Source\PSoC4/cyfitter_cfg.c **** 
 246:.\Generated_Source\PSoC4/cyfitter_cfg.c **** #define CY_AMUX_UNUSED CYREG_CM0_ROM_DWT
 247:.\Generated_Source\PSoC4/cyfitter_cfg.c **** 
 248:.\Generated_Source\PSoC4/cyfitter_cfg.c **** 
 249:.\Generated_Source\PSoC4/cyfitter_cfg.c **** /*******************************************************************************
 250:.\Generated_Source\PSoC4/cyfitter_cfg.c **** * Function Name: cyfitter_cfg
 251:.\Generated_Source\PSoC4/cyfitter_cfg.c **** ********************************************************************************
 252:.\Generated_Source\PSoC4/cyfitter_cfg.c **** * Summary:
 253:.\Generated_Source\PSoC4/cyfitter_cfg.c **** *  This function is called by the start-up code for the selected device. It
 254:.\Generated_Source\PSoC4/cyfitter_cfg.c **** *  performs all of the necessary device configuration based on the design
 255:.\Generated_Source\PSoC4/cyfitter_cfg.c **** *  settings.  This includes settings from the Design Wide Resources (DWR) such
 256:.\Generated_Source\PSoC4/cyfitter_cfg.c **** *  as Clocks and Pins as well as any component configuration that is necessary.
 257:.\Generated_Source\PSoC4/cyfitter_cfg.c **** *
 258:.\Generated_Source\PSoC4/cyfitter_cfg.c **** * Parameters:  
 259:.\Generated_Source\PSoC4/cyfitter_cfg.c **** *   void
 260:.\Generated_Source\PSoC4/cyfitter_cfg.c **** *
 261:.\Generated_Source\PSoC4/cyfitter_cfg.c **** * Return:
 262:.\Generated_Source\PSoC4/cyfitter_cfg.c **** *   void
 263:.\Generated_Source\PSoC4/cyfitter_cfg.c **** *
 264:.\Generated_Source\PSoC4/cyfitter_cfg.c **** *******************************************************************************/
 265:.\Generated_Source\PSoC4/cyfitter_cfg.c **** CY_CFG_SECTION
 266:.\Generated_Source\PSoC4/cyfitter_cfg.c **** void cyfitter_cfg(void)
 267:.\Generated_Source\PSoC4/cyfitter_cfg.c **** {
 219              		.loc 1 267 0
 220              		.cfi_startproc
 221 0090 10B5     		push	{r4, lr}
 222              		.cfi_def_cfa_offset 8
 223              		.cfi_offset 4, -8
 224              		.cfi_offset 14, -4
 268:.\Generated_Source\PSoC4/cyfitter_cfg.c **** 	/* Disable interrupts by default. Let user enable if/when they want. */
 269:.\Generated_Source\PSoC4/cyfitter_cfg.c **** 	CyGlobalIntDisable;
 225              		.loc 1 269 0
 226              	@ 269 ".\Generated_Source\PSoC4\cyfitter_cfg.c" 1
 227 0092 72B6     		CPSID   i
 228              	@ 0 "" 2
 229              	.LVL18:
 230              		.code	16
 231              	.LBB3:
 270:.\Generated_Source\PSoC4/cyfitter_cfg.c **** 
 271:.\Generated_Source\PSoC4/cyfitter_cfg.c **** 	{
 272:.\Generated_Source\PSoC4/cyfitter_cfg.c **** 		static const uint32 CYCODE cy_cfg_addr_table[] = {
 273:.\Generated_Source\PSoC4/cyfitter_cfg.c **** 			0x400F3301u, /* Base address: 0x400F3300 Count: 1 */
 274:.\Generated_Source\PSoC4/cyfitter_cfg.c **** 			0x400F4002u, /* Base address: 0x400F4000 Count: 2 */
 275:.\Generated_Source\PSoC4/cyfitter_cfg.c **** 			0x400F4106u, /* Base address: 0x400F4100 Count: 6 */
 276:.\Generated_Source\PSoC4/cyfitter_cfg.c **** 			0x400F4304u, /* Base address: 0x400F4300 Count: 4 */
ARM GAS  C:\Users\cdc75\AppData\Local\Temp\ccFhTyPB.s 			page 10


 277:.\Generated_Source\PSoC4/cyfitter_cfg.c **** 		};
 278:.\Generated_Source\PSoC4/cyfitter_cfg.c **** 
 279:.\Generated_Source\PSoC4/cyfitter_cfg.c **** 		static const cy_cfg_addrvalue_t CYCODE cy_cfg_data_table[] = {
 280:.\Generated_Source\PSoC4/cyfitter_cfg.c **** 			{0xE6u, 0x10u},
 281:.\Generated_Source\PSoC4/cyfitter_cfg.c **** 			{0x0Eu, 0x08u},
 282:.\Generated_Source\PSoC4/cyfitter_cfg.c **** 			{0xC2u, 0x80u},
 283:.\Generated_Source\PSoC4/cyfitter_cfg.c **** 			{0x4Au, 0x04u},
 284:.\Generated_Source\PSoC4/cyfitter_cfg.c **** 			{0x62u, 0x04u},
 285:.\Generated_Source\PSoC4/cyfitter_cfg.c **** 			{0x8Eu, 0x04u},
 286:.\Generated_Source\PSoC4/cyfitter_cfg.c **** 			{0xA2u, 0x04u},
 287:.\Generated_Source\PSoC4/cyfitter_cfg.c **** 			{0xD2u, 0x10u},
 288:.\Generated_Source\PSoC4/cyfitter_cfg.c **** 			{0xD8u, 0x40u},
 289:.\Generated_Source\PSoC4/cyfitter_cfg.c **** 			{0x18u, 0x80u},
 290:.\Generated_Source\PSoC4/cyfitter_cfg.c **** 			{0x8Cu, 0x40u},
 291:.\Generated_Source\PSoC4/cyfitter_cfg.c **** 			{0xC6u, 0x08u},
 292:.\Generated_Source\PSoC4/cyfitter_cfg.c **** 			{0xE6u, 0x08u},
 293:.\Generated_Source\PSoC4/cyfitter_cfg.c **** 		};
 294:.\Generated_Source\PSoC4/cyfitter_cfg.c **** 
 295:.\Generated_Source\PSoC4/cyfitter_cfg.c **** 
 296:.\Generated_Source\PSoC4/cyfitter_cfg.c **** 
 297:.\Generated_Source\PSoC4/cyfitter_cfg.c **** 		CYPACKED typedef struct {
 298:.\Generated_Source\PSoC4/cyfitter_cfg.c **** 			void CYFAR *address;
 299:.\Generated_Source\PSoC4/cyfitter_cfg.c **** 			uint16 size;
 300:.\Generated_Source\PSoC4/cyfitter_cfg.c **** 		} CYPACKED_ATTR cfg_memset_t;
 301:.\Generated_Source\PSoC4/cyfitter_cfg.c **** 
 302:.\Generated_Source\PSoC4/cyfitter_cfg.c **** 		static const cfg_memset_t CYCODE cfg_memset_list [] = {
 303:.\Generated_Source\PSoC4/cyfitter_cfg.c **** 			/* address, size */
 304:.\Generated_Source\PSoC4/cyfitter_cfg.c **** 			{(void CYFAR *)(CYDEV_UDB_P0_U0_BASE), 1024u},
 305:.\Generated_Source\PSoC4/cyfitter_cfg.c **** 			{(void CYFAR *)(CYDEV_UDB_DSI0_BASE), 1024u},
 306:.\Generated_Source\PSoC4/cyfitter_cfg.c **** 		};
 307:.\Generated_Source\PSoC4/cyfitter_cfg.c **** 
 308:.\Generated_Source\PSoC4/cyfitter_cfg.c **** 		uint8 CYDATA i;
 309:.\Generated_Source\PSoC4/cyfitter_cfg.c **** 
 310:.\Generated_Source\PSoC4/cyfitter_cfg.c **** 		/* Zero out critical memory blocks before beginning configuration */
 311:.\Generated_Source\PSoC4/cyfitter_cfg.c **** 		for (i = 0u; i < (sizeof(cfg_memset_list)/sizeof(cfg_memset_list[0])); i++)
 232              		.loc 1 311 0
 233 0094 0024     		mov	r4, #0
 234 0096 10E0     		b	.L11
 235              	.LVL19:
 236              	.L12:
 237              	.LBB4:
 312:.\Generated_Source\PSoC4/cyfitter_cfg.c **** 		{
 313:.\Generated_Source\PSoC4/cyfitter_cfg.c **** 			const cfg_memset_t CYCODE * CYDATA ms = &cfg_memset_list[i];
 314:.\Generated_Source\PSoC4/cyfitter_cfg.c **** 			CYMEMZERO(ms->address, (size_t)(uint32)(ms->size));
 238              		.loc 1 314 0 discriminator 3
 239 0098 2948     		ldr	r0, .L13
 240 009a 6300     		lsl	r3, r4, #1
 241 009c 1A19     		add	r2, r3, r4
 242 009e 5200     		lsl	r2, r2, #1
 243 00a0 8218     		add	r2, r0, r2
 244 00a2 9188     		ldrh	r1, [r2, #4]
 245 00a4 1B19     		add	r3, r3, r4
 246 00a6 5B00     		lsl	r3, r3, #1
 247 00a8 1A5A     		ldrh	r2, [r3, r0]
 248 00aa C318     		add	r3, r0, r3
 249 00ac 5888     		ldrh	r0, [r3, #2]
 250 00ae 0004     		lsl	r0, r0, #16
ARM GAS  C:\Users\cdc75\AppData\Local\Temp\ccFhTyPB.s 			page 11


 251 00b0 1043     		orr	r0, r2
 252 00b2 FFF7FEFF 		bl	CYMEMZERO
 253              	.LVL20:
 254              	.LBE4:
 311:.\Generated_Source\PSoC4/cyfitter_cfg.c **** 		{
 255              		.loc 1 311 0 discriminator 3
 256 00b6 0134     		add	r4, r4, #1
 257              	.LVL21:
 258 00b8 E4B2     		uxtb	r4, r4
 259              	.LVL22:
 260              	.L11:
 311:.\Generated_Source\PSoC4/cyfitter_cfg.c **** 		{
 261              		.loc 1 311 0 is_stmt 0 discriminator 1
 262 00ba 012C     		cmp	r4, #1
 263 00bc ECD9     		bls	.L12
 315:.\Generated_Source\PSoC4/cyfitter_cfg.c **** 		}
 316:.\Generated_Source\PSoC4/cyfitter_cfg.c **** 
 317:.\Generated_Source\PSoC4/cyfitter_cfg.c **** 		cfg_write_bytes32(cy_cfg_addr_table, cy_cfg_data_table);
 264              		.loc 1 317 0 is_stmt 1
 265 00be 2049     		ldr	r1, .L13
 266 00c0 081C     		mov	r0, r1
 267 00c2 0C30     		add	r0, r0, #12
 268 00c4 1C31     		add	r1, r1, #28
 269 00c6 FFF7FEFF 		bl	cfg_write_bytes32
 270              	.LVL23:
 318:.\Generated_Source\PSoC4/cyfitter_cfg.c **** 
 319:.\Generated_Source\PSoC4/cyfitter_cfg.c **** 		/* HSIOM Starting address: CYDEV_HSIOM_BASE */
 320:.\Generated_Source\PSoC4/cyfitter_cfg.c **** 		CY_SET_XTND_REG32((void CYFAR *)(CYREG_HSIOM_PORT_SEL1), 0x03000000u);
 271              		.loc 1 320 0
 272 00ca C022     		mov	r2, #192
 273 00cc 9204     		lsl	r2, r2, #18
 274 00ce 1D4B     		ldr	r3, .L13+4
 275 00d0 1A60     		str	r2, [r3]
 321:.\Generated_Source\PSoC4/cyfitter_cfg.c **** 		CY_SET_XTND_REG32((void CYFAR *)(CYREG_HSIOM_PORT_SEL3), 0x0000EE00u);
 276              		.loc 1 321 0
 277 00d2 EE22     		mov	r2, #238
 278 00d4 1202     		lsl	r2, r2, #8
 279 00d6 1C4B     		ldr	r3, .L13+8
 280 00d8 1A60     		str	r2, [r3]
 322:.\Generated_Source\PSoC4/cyfitter_cfg.c **** 
 323:.\Generated_Source\PSoC4/cyfitter_cfg.c **** 		/* UDB_PA_0 Starting address: CYDEV_UDB_PA0_BASE */
 324:.\Generated_Source\PSoC4/cyfitter_cfg.c **** 		CY_SET_XTND_REG32((void CYFAR *)(CYDEV_UDB_PA0_BASE), 0x00990000u);
 281              		.loc 1 324 0
 282 00da 9923     		mov	r3, #153
 283 00dc 1B04     		lsl	r3, r3, #16
 284 00de 1B4A     		ldr	r2, .L13+12
 285 00e0 1360     		str	r3, [r2]
 325:.\Generated_Source\PSoC4/cyfitter_cfg.c **** 
 326:.\Generated_Source\PSoC4/cyfitter_cfg.c **** 		/* UDB_PA_1 Starting address: CYDEV_UDB_PA1_BASE */
 327:.\Generated_Source\PSoC4/cyfitter_cfg.c **** 		CY_SET_XTND_REG32((void CYFAR *)(CYDEV_UDB_PA1_BASE), 0x00990000u);
 286              		.loc 1 327 0
 287 00e2 1B4A     		ldr	r2, .L13+16
 288 00e4 1360     		str	r3, [r2]
 328:.\Generated_Source\PSoC4/cyfitter_cfg.c **** 		CY_SET_XTND_REG32((void CYFAR *)(CYREG_UDB_PA1_CFG8), 0x20000000u);
 289              		.loc 1 328 0
 290 00e6 8021     		mov	r1, #128
 291 00e8 8905     		lsl	r1, r1, #22
ARM GAS  C:\Users\cdc75\AppData\Local\Temp\ccFhTyPB.s 			page 12


 292 00ea 1A4A     		ldr	r2, .L13+20
 293 00ec 1160     		str	r1, [r2]
 329:.\Generated_Source\PSoC4/cyfitter_cfg.c **** 
 330:.\Generated_Source\PSoC4/cyfitter_cfg.c **** 		/* UDB_PA_3 Starting address: CYDEV_UDB_PA3_BASE */
 331:.\Generated_Source\PSoC4/cyfitter_cfg.c **** 		CY_SET_XTND_REG32((void CYFAR *)(CYDEV_UDB_PA3_BASE), 0x00990000u);
 294              		.loc 1 331 0
 295 00ee 1A4A     		ldr	r2, .L13+24
 296 00f0 1360     		str	r3, [r2]
 332:.\Generated_Source\PSoC4/cyfitter_cfg.c **** 
 333:.\Generated_Source\PSoC4/cyfitter_cfg.c **** 		/* TCPWM_CNT1 Starting address: CYDEV_TCPWM_CNT1_TR_CTRL0 */
 334:.\Generated_Source\PSoC4/cyfitter_cfg.c **** 		CY_SET_XTND_REG32((void CYFAR *)(CYREG_TCPWM_CNT1_TR_CTRL0), 0x000EEE1Eu);
 297              		.loc 1 334 0
 298 00f2 1A4A     		ldr	r2, .L13+28
 299 00f4 1A4B     		ldr	r3, .L13+32
 300 00f6 1A60     		str	r2, [r3]
 335:.\Generated_Source\PSoC4/cyfitter_cfg.c **** 
 336:.\Generated_Source\PSoC4/cyfitter_cfg.c **** 		/* Enable digital routing */
 337:.\Generated_Source\PSoC4/cyfitter_cfg.c **** 		CY_SET_XTND_REG8((void *)CYREG_UDB_UDBIF_BANK_CTL, CY_GET_XTND_REG8((void *)CYREG_UDB_UDBIF_BANK_
 301              		.loc 1 337 0
 302 00f8 1A4B     		ldr	r3, .L13+36
 303 00fa 1978     		ldrb	r1, [r3]
 304 00fc 0222     		mov	r2, #2
 305 00fe 0A43     		orr	r2, r1
 306 0100 1A70     		strb	r2, [r3]
 338:.\Generated_Source\PSoC4/cyfitter_cfg.c **** 
 339:.\Generated_Source\PSoC4/cyfitter_cfg.c **** 		/* Enable UDB array */
 340:.\Generated_Source\PSoC4/cyfitter_cfg.c **** 		CY_SET_XTND_REG8((void *)CYREG_UDB_UDBIF_WAIT_CFG, (uint8)((CY_GET_XTND_REG8((void *)CYREG_UDB_UD
 307              		.loc 1 340 0
 308 0102 1948     		ldr	r0, .L13+40
 309 0104 0278     		ldrb	r2, [r0]
 310 0106 3C21     		mov	r1, #60
 311 0108 8A43     		bic	r2, r1
 312 010a 2839     		sub	r1, r1, #40
 313 010c 0A43     		orr	r2, r1
 314 010e 0270     		strb	r2, [r0]
 341:.\Generated_Source\PSoC4/cyfitter_cfg.c **** 		CY_SET_XTND_REG8((void *)CYREG_UDB_UDBIF_BANK_CTL, (uint8)(CY_GET_XTND_REG8((void *)CYREG_UDB_UDB
 315              		.loc 1 341 0
 316 0110 1978     		ldrb	r1, [r3]
 317 0112 1622     		mov	r2, #22
 318 0114 0A43     		orr	r2, r1
 319 0116 1A70     		strb	r2, [r3]
 320              	.LBE3:
 342:.\Generated_Source\PSoC4/cyfitter_cfg.c **** 	}
 343:.\Generated_Source\PSoC4/cyfitter_cfg.c **** 
 344:.\Generated_Source\PSoC4/cyfitter_cfg.c **** 	/* Perform second pass device configuration. These items must be configured in specific order afte
 345:.\Generated_Source\PSoC4/cyfitter_cfg.c **** 	/* IOPINS0_0 Starting address: CYDEV_PRT0_BASE */
 346:.\Generated_Source\PSoC4/cyfitter_cfg.c **** 	CY_SET_XTND_REG32((void CYFAR *)(CYDEV_PRT0_BASE), 0x0000008Cu);
 321              		.loc 1 346 0
 322 0118 8C22     		mov	r2, #140
 323 011a 144B     		ldr	r3, .L13+44
 324 011c 1A60     		str	r2, [r3]
 347:.\Generated_Source\PSoC4/cyfitter_cfg.c **** 	CY_SET_XTND_REG32((void CYFAR *)(CYREG_PRT0_PC), 0x00400D80u);
 325              		.loc 1 347 0
 326 011e 144A     		ldr	r2, .L13+48
 327 0120 144B     		ldr	r3, .L13+52
 328 0122 1A60     		str	r2, [r3]
 348:.\Generated_Source\PSoC4/cyfitter_cfg.c **** 
ARM GAS  C:\Users\cdc75\AppData\Local\Temp\ccFhTyPB.s 			page 13


 349:.\Generated_Source\PSoC4/cyfitter_cfg.c **** 	/* IOPINS0_1 Starting address: CYDEV_PRT1_BASE */
 350:.\Generated_Source\PSoC4/cyfitter_cfg.c **** 	CY_SET_XTND_REG32((void CYFAR *)(CYDEV_PRT1_BASE), 0x00000040u);
 329              		.loc 1 350 0
 330 0124 4022     		mov	r2, #64
 331 0126 144B     		ldr	r3, .L13+56
 332 0128 1A60     		str	r2, [r3]
 351:.\Generated_Source\PSoC4/cyfitter_cfg.c **** 	CY_SET_XTND_REG32((void CYFAR *)(CYREG_PRT1_PC), 0x00180000u);
 333              		.loc 1 351 0
 334 012a C022     		mov	r2, #192
 335 012c 5203     		lsl	r2, r2, #13
 336 012e 134B     		ldr	r3, .L13+60
 337 0130 1A60     		str	r2, [r3]
 352:.\Generated_Source\PSoC4/cyfitter_cfg.c **** 
 353:.\Generated_Source\PSoC4/cyfitter_cfg.c **** 	/* IOPINS0_3 Starting address: CYDEV_PRT3_BASE */
 354:.\Generated_Source\PSoC4/cyfitter_cfg.c **** 	CY_SET_XTND_REG32((void CYFAR *)(CYREG_PRT3_PC), 0x00000D80u);
 338              		.loc 1 354 0
 339 0132 D822     		mov	r2, #216
 340 0134 1201     		lsl	r2, r2, #4
 341 0136 124B     		ldr	r3, .L13+64
 342 0138 1A60     		str	r2, [r3]
 355:.\Generated_Source\PSoC4/cyfitter_cfg.c **** 
 356:.\Generated_Source\PSoC4/cyfitter_cfg.c **** 
 357:.\Generated_Source\PSoC4/cyfitter_cfg.c **** 	/* Setup clocks based on selections from Clock DWR */
 358:.\Generated_Source\PSoC4/cyfitter_cfg.c **** 	ClockSetup();
 343              		.loc 1 358 0
 344 013a FFF761FF 		bl	ClockSetup
 345              	.LVL24:
 359:.\Generated_Source\PSoC4/cyfitter_cfg.c **** 
 360:.\Generated_Source\PSoC4/cyfitter_cfg.c **** 	/* Perform basic analog initialization to defaults */
 361:.\Generated_Source\PSoC4/cyfitter_cfg.c **** 	AnalogSetDefault();
 362:.\Generated_Source\PSoC4/cyfitter_cfg.c **** 
 363:.\Generated_Source\PSoC4/cyfitter_cfg.c **** }
 346              		.loc 1 363 0
 347              		@ sp needed
 348              	.LVL25:
 349 013e 10BD     		pop	{r4, pc}
 350              	.L14:
 351              		.align	2
 352              	.L13:
 353 0140 00000000 		.word	.LANCHOR0
 354 0144 04000140 		.word	1073807364
 355 0148 0C000140 		.word	1073807372
 356 014c 00500F40 		.word	1074745344
 357 0150 10500F40 		.word	1074745360
 358 0154 18500F40 		.word	1074745368
 359 0158 30500F40 		.word	1074745392
 360 015c 1EEE0E00 		.word	978462
 361 0160 60010540 		.word	1074069856
 362 0164 00700F40 		.word	1074753536
 363 0168 01700F40 		.word	1074753537
 364 016c 00000440 		.word	1074003968
 365 0170 800D4000 		.word	4197760
 366 0174 08000440 		.word	1074003976
 367 0178 00010440 		.word	1074004224
 368 017c 08010440 		.word	1074004232
 369 0180 08030440 		.word	1074004744
 370              		.cfi_endproc
ARM GAS  C:\Users\cdc75\AppData\Local\Temp\ccFhTyPB.s 			page 14


 371              	.LFE6:
 372              		.size	cyfitter_cfg, .-cyfitter_cfg
 373              		.section	.rodata
 374              		.align	2
 375              		.set	.LANCHOR0,. + 0
 376              		.type	cfg_memset_list.4746, %object
 377              		.size	cfg_memset_list.4746, 12
 378              	cfg_memset_list.4746:
 379 0000 00300F40 		.word	1074737152
 380 0004 0004     		.short	1024
 381 0006 00400F40 		.4byte	1074741248
 382 000a 0004     		.short	1024
 383              		.type	cy_cfg_addr_table.4740, %object
 384              		.size	cy_cfg_addr_table.4740, 16
 385              	cy_cfg_addr_table.4740:
 386 000c 01330F40 		.word	1074737921
 387 0010 02400F40 		.word	1074741250
 388 0014 06410F40 		.word	1074741510
 389 0018 04430F40 		.word	1074742020
 390              		.type	cy_cfg_data_table.4741, %object
 391              		.size	cy_cfg_data_table.4741, 26
 392              	cy_cfg_data_table.4741:
 393 001c E6       		.byte	-26
 394 001d 10       		.byte	16
 395 001e 0E       		.byte	14
 396 001f 08       		.byte	8
 397 0020 C2       		.byte	-62
 398 0021 80       		.byte	-128
 399 0022 4A       		.byte	74
 400 0023 04       		.byte	4
 401 0024 62       		.byte	98
 402 0025 04       		.byte	4
 403 0026 8E       		.byte	-114
 404 0027 04       		.byte	4
 405 0028 A2       		.byte	-94
 406 0029 04       		.byte	4
 407 002a D2       		.byte	-46
 408 002b 10       		.byte	16
 409 002c D8       		.byte	-40
 410 002d 40       		.byte	64
 411 002e 18       		.byte	24
 412 002f 80       		.byte	-128
 413 0030 8C       		.byte	-116
 414 0031 40       		.byte	64
 415 0032 C6       		.byte	-58
 416 0033 08       		.byte	8
 417 0034 E6       		.byte	-26
 418 0035 08       		.byte	8
 419 0036 0000     		.text
 420              	.Letext0:
 421              		.file 2 "c:\\program files (x86)\\cypress\\psoc creator\\3.3\\psoc creator\\import\\gnu\\arm\\4.9.
 422              		.file 3 ".\\Generated_Source\\PSoC4\\cytypes.h"
 423              		.file 4 ".\\Generated_Source\\PSoC4\\CyLib.h"
 424              		.section	.debug_info,"",%progbits
 425              	.Ldebug_info0:
 426 0000 B9030000 		.4byte	0x3b9
 427 0004 0400     		.2byte	0x4
ARM GAS  C:\Users\cdc75\AppData\Local\Temp\ccFhTyPB.s 			page 15


 428 0006 00000000 		.4byte	.Ldebug_abbrev0
 429 000a 04       		.byte	0x4
 430 000b 01       		.uleb128 0x1
 431 000c D4010000 		.4byte	.LASF38
 432 0010 01       		.byte	0x1
 433 0011 99010000 		.4byte	.LASF39
 434 0015 33000000 		.4byte	.LASF40
 435 0019 00000000 		.4byte	.Ldebug_ranges0+0
 436 001d 00000000 		.4byte	0
 437 0021 00000000 		.4byte	.Ldebug_line0
 438 0025 02       		.uleb128 0x2
 439 0026 04       		.byte	0x4
 440 0027 05       		.byte	0x5
 441 0028 696E7400 		.ascii	"int\000"
 442 002c 03       		.uleb128 0x3
 443 002d 06000000 		.4byte	.LASF11
 444 0031 02       		.byte	0x2
 445 0032 D4       		.byte	0xd4
 446 0033 37000000 		.4byte	0x37
 447 0037 04       		.uleb128 0x4
 448 0038 04       		.byte	0x4
 449 0039 07       		.byte	0x7
 450 003a 34010000 		.4byte	.LASF0
 451 003e 04       		.uleb128 0x4
 452 003f 01       		.byte	0x1
 453 0040 06       		.byte	0x6
 454 0041 91020000 		.4byte	.LASF1
 455 0045 04       		.uleb128 0x4
 456 0046 01       		.byte	0x1
 457 0047 08       		.byte	0x8
 458 0048 D6000000 		.4byte	.LASF2
 459 004c 04       		.uleb128 0x4
 460 004d 02       		.byte	0x2
 461 004e 05       		.byte	0x5
 462 004f 69020000 		.4byte	.LASF3
 463 0053 04       		.uleb128 0x4
 464 0054 02       		.byte	0x2
 465 0055 07       		.byte	0x7
 466 0056 9D020000 		.4byte	.LASF4
 467 005a 04       		.uleb128 0x4
 468 005b 04       		.byte	0x4
 469 005c 05       		.byte	0x5
 470 005d 88020000 		.4byte	.LASF5
 471 0061 04       		.uleb128 0x4
 472 0062 04       		.byte	0x4
 473 0063 07       		.byte	0x7
 474 0064 B4000000 		.4byte	.LASF6
 475 0068 04       		.uleb128 0x4
 476 0069 08       		.byte	0x8
 477 006a 05       		.byte	0x5
 478 006b C1010000 		.4byte	.LASF7
 479 006f 04       		.uleb128 0x4
 480 0070 08       		.byte	0x8
 481 0071 07       		.byte	0x7
 482 0072 56010000 		.4byte	.LASF8
 483 0076 04       		.uleb128 0x4
 484 0077 04       		.byte	0x4
ARM GAS  C:\Users\cdc75\AppData\Local\Temp\ccFhTyPB.s 			page 16


 485 0078 07       		.byte	0x7
 486 0079 90010000 		.4byte	.LASF9
 487 007d 05       		.uleb128 0x5
 488 007e 04       		.byte	0x4
 489 007f 06       		.uleb128 0x6
 490 0080 04       		.byte	0x4
 491 0081 85000000 		.4byte	0x85
 492 0085 07       		.uleb128 0x7
 493 0086 04       		.uleb128 0x4
 494 0087 01       		.byte	0x1
 495 0088 08       		.byte	0x8
 496 0089 CF010000 		.4byte	.LASF10
 497 008d 08       		.uleb128 0x8
 498 008e C6000000 		.4byte	.LASF12
 499 0092 03       		.byte	0x3
 500 0093 9801     		.2byte	0x198
 501 0095 45000000 		.4byte	0x45
 502 0099 08       		.uleb128 0x8
 503 009a 1B010000 		.4byte	.LASF13
 504 009e 03       		.byte	0x3
 505 009f 9901     		.2byte	0x199
 506 00a1 53000000 		.4byte	0x53
 507 00a5 08       		.uleb128 0x8
 508 00a6 2D010000 		.4byte	.LASF14
 509 00aa 03       		.byte	0x3
 510 00ab 9A01     		.2byte	0x19a
 511 00ad 61000000 		.4byte	0x61
 512 00b1 04       		.uleb128 0x4
 513 00b2 04       		.byte	0x4
 514 00b3 04       		.byte	0x4
 515 00b4 94000000 		.4byte	.LASF15
 516 00b8 04       		.uleb128 0x4
 517 00b9 08       		.byte	0x8
 518 00ba 04       		.byte	0x4
 519 00bb EB000000 		.4byte	.LASF16
 520 00bf 08       		.uleb128 0x8
 521 00c0 AF000000 		.4byte	.LASF17
 522 00c4 03       		.byte	0x3
 523 00c5 4202     		.2byte	0x242
 524 00c7 CB000000 		.4byte	0xcb
 525 00cb 09       		.uleb128 0x9
 526 00cc 8D000000 		.4byte	0x8d
 527 00d0 08       		.uleb128 0x8
 528 00d1 00000000 		.4byte	.LASF18
 529 00d5 03       		.byte	0x3
 530 00d6 4402     		.2byte	0x244
 531 00d8 DC000000 		.4byte	0xdc
 532 00dc 09       		.uleb128 0x9
 533 00dd A5000000 		.4byte	0xa5
 534 00e1 08       		.uleb128 0x8
 535 00e2 6D010000 		.4byte	.LASF19
 536 00e6 03       		.byte	0x3
 537 00e7 5402     		.2byte	0x254
 538 00e9 7F000000 		.4byte	0x7f
 539 00ed 0A       		.uleb128 0xa
 540 00ee 02       		.byte	0x2
 541 00ef 01       		.byte	0x1
ARM GAS  C:\Users\cdc75\AppData\Local\Temp\ccFhTyPB.s 			page 17


 542 00f0 7F       		.byte	0x7f
 543 00f1 0E010000 		.4byte	0x10e
 544 00f5 0B       		.uleb128 0xb
 545 00f6 62020000 		.4byte	.LASF20
 546 00fa 01       		.byte	0x1
 547 00fb 81       		.byte	0x81
 548 00fc 8D000000 		.4byte	0x8d
 549 0100 00       		.byte	0
 550 0101 0B       		.uleb128 0xb
 551 0102 1C000000 		.4byte	.LASF21
 552 0106 01       		.byte	0x1
 553 0107 82       		.byte	0x82
 554 0108 8D000000 		.4byte	0x8d
 555 010c 01       		.byte	0x1
 556 010d 00       		.byte	0
 557 010e 03       		.uleb128 0x3
 558 010f 81000000 		.4byte	.LASF22
 559 0113 01       		.byte	0x1
 560 0114 83       		.byte	0x83
 561 0115 ED000000 		.4byte	0xed
 562 0119 0C       		.uleb128 0xc
 563 011a F2000000 		.4byte	.LASF27
 564 011e 01       		.byte	0x1
 565 011f 96       		.byte	0x96
 566 0120 00000000 		.4byte	.LFB3
 567 0124 32000000 		.4byte	.LFE3-.LFB3
 568 0128 01       		.uleb128 0x1
 569 0129 9C       		.byte	0x9c
 570 012a 8B010000 		.4byte	0x18b
 571 012e 0D       		.uleb128 0xd
 572 012f 10010000 		.4byte	.LASF23
 573 0133 01       		.byte	0x1
 574 0134 96       		.byte	0x96
 575 0135 8B010000 		.4byte	0x18b
 576 0139 01       		.uleb128 0x1
 577 013a 50       		.byte	0x50
 578 013b 0D       		.uleb128 0xd
 579 013c 22010000 		.4byte	.LASF24
 580 0140 01       		.byte	0x1
 581 0141 96       		.byte	0x96
 582 0142 96010000 		.4byte	0x196
 583 0146 01       		.uleb128 0x1
 584 0147 51       		.byte	0x51
 585 0148 0E       		.uleb128 0xe
 586 0149 6900     		.ascii	"i\000"
 587 014b 01       		.byte	0x1
 588 014c 99       		.byte	0x99
 589 014d A5000000 		.4byte	0xa5
 590 0151 00000000 		.4byte	.LLST0
 591 0155 0E       		.uleb128 0xe
 592 0156 6A00     		.ascii	"j\000"
 593 0158 01       		.byte	0x1
 594 0159 99       		.byte	0x99
 595 015a A5000000 		.4byte	0xa5
 596 015e 1F000000 		.4byte	.LLST1
 597 0162 0F       		.uleb128 0xf
 598 0163 08000000 		.4byte	.LBB2
ARM GAS  C:\Users\cdc75\AppData\Local\Temp\ccFhTyPB.s 			page 18


 599 0167 22000000 		.4byte	.LBE2-.LBB2
 600 016b 10       		.uleb128 0x10
 601 016c 87010000 		.4byte	.LASF25
 602 0170 01       		.byte	0x1
 603 0171 9C       		.byte	0x9c
 604 0172 A5000000 		.4byte	0xa5
 605 0176 3E000000 		.4byte	.LLST2
 606 017a 10       		.uleb128 0x10
 607 017b 22000000 		.4byte	.LASF26
 608 017f 01       		.byte	0x1
 609 0180 9D       		.byte	0x9d
 610 0181 8D000000 		.4byte	0x8d
 611 0185 51000000 		.4byte	.LLST3
 612 0189 00       		.byte	0
 613 018a 00       		.byte	0
 614 018b 06       		.uleb128 0x6
 615 018c 04       		.byte	0x4
 616 018d 91010000 		.4byte	0x191
 617 0191 11       		.uleb128 0x11
 618 0192 A5000000 		.4byte	0xa5
 619 0196 06       		.uleb128 0x6
 620 0197 04       		.byte	0x4
 621 0198 9C010000 		.4byte	0x19c
 622 019c 11       		.uleb128 0x11
 623 019d 0E010000 		.4byte	0x10e
 624 01a1 0C       		.uleb128 0xc
 625 01a2 CC000000 		.4byte	.LASF28
 626 01a6 01       		.byte	0x1
 627 01a7 3D       		.byte	0x3d
 628 01a8 00000000 		.4byte	.LFB0
 629 01ac 0C000000 		.4byte	.LFE0-.LFB0
 630 01b0 01       		.uleb128 0x1
 631 01b1 9C       		.byte	0x9c
 632 01b2 EE010000 		.4byte	0x1ee
 633 01b6 12       		.uleb128 0x12
 634 01b7 7300     		.ascii	"s\000"
 635 01b9 01       		.byte	0x1
 636 01ba 3D       		.byte	0x3d
 637 01bb 7D000000 		.4byte	0x7d
 638 01bf 6F000000 		.4byte	.LLST4
 639 01c3 12       		.uleb128 0x12
 640 01c4 6E00     		.ascii	"n\000"
 641 01c6 01       		.byte	0x1
 642 01c7 3D       		.byte	0x3d
 643 01c8 2C000000 		.4byte	0x2c
 644 01cc 90000000 		.4byte	.LLST5
 645 01d0 13       		.uleb128 0x13
 646 01d1 0A000000 		.4byte	.LVL14
 647 01d5 67030000 		.4byte	0x367
 648 01d9 14       		.uleb128 0x14
 649 01da 01       		.uleb128 0x1
 650 01db 52       		.byte	0x52
 651 01dc 03       		.uleb128 0x3
 652 01dd F3       		.byte	0xf3
 653 01de 01       		.uleb128 0x1
 654 01df 51       		.byte	0x51
 655 01e0 14       		.uleb128 0x14
ARM GAS  C:\Users\cdc75\AppData\Local\Temp\ccFhTyPB.s 			page 19


 656 01e1 01       		.uleb128 0x1
 657 01e2 51       		.byte	0x51
 658 01e3 01       		.uleb128 0x1
 659 01e4 30       		.byte	0x30
 660 01e5 14       		.uleb128 0x14
 661 01e6 01       		.uleb128 0x1
 662 01e7 50       		.byte	0x50
 663 01e8 03       		.uleb128 0x3
 664 01e9 F3       		.byte	0xf3
 665 01ea 01       		.uleb128 0x1
 666 01eb 50       		.byte	0x50
 667 01ec 00       		.byte	0
 668 01ed 00       		.byte	0
 669 01ee 0C       		.uleb128 0xc
 670 01ef 28000000 		.4byte	.LASF29
 671 01f3 01       		.byte	0x1
 672 01f4 BB       		.byte	0xbb
 673 01f5 00000000 		.4byte	.LFB4
 674 01f9 90000000 		.4byte	.LFE4-.LFB4
 675 01fd 01       		.uleb128 0x1
 676 01fe 9C       		.byte	0x9c
 677 01ff 39020000 		.4byte	0x239
 678 0203 15       		.uleb128 0x15
 679 0204 14000000 		.4byte	.LVL15
 680 0208 84030000 		.4byte	0x384
 681 020c 16020000 		.4byte	0x216
 682 0210 14       		.uleb128 0x14
 683 0211 01       		.uleb128 0x1
 684 0212 50       		.byte	0x50
 685 0213 01       		.uleb128 0x1
 686 0214 48       		.byte	0x48
 687 0215 00       		.byte	0
 688 0216 15       		.uleb128 0x15
 689 0217 4E000000 		.4byte	.LVL16
 690 021b 95030000 		.4byte	0x395
 691 021f 29020000 		.4byte	0x229
 692 0223 14       		.uleb128 0x14
 693 0224 01       		.uleb128 0x1
 694 0225 50       		.byte	0x50
 695 0226 01       		.uleb128 0x1
 696 0227 39       		.byte	0x39
 697 0228 00       		.byte	0
 698 0229 13       		.uleb128 0x13
 699 022a 54000000 		.4byte	.LVL17
 700 022e AF030000 		.4byte	0x3af
 701 0232 14       		.uleb128 0x14
 702 0233 01       		.uleb128 0x1
 703 0234 50       		.byte	0x50
 704 0235 01       		.uleb128 0x1
 705 0236 39       		.byte	0x39
 706 0237 00       		.byte	0
 707 0238 00       		.byte	0
 708 0239 16       		.uleb128 0x16
 709 023a 41010000 		.4byte	.LASF41
 710 023e 01       		.byte	0x1
 711 023f 0A01     		.2byte	0x10a
 712 0241 90000000 		.4byte	.LFB6
ARM GAS  C:\Users\cdc75\AppData\Local\Temp\ccFhTyPB.s 			page 20


 713 0245 F4000000 		.4byte	.LFE6-.LFB6
 714 0249 01       		.uleb128 0x1
 715 024a 9C       		.byte	0x9c
 716 024b 3D030000 		.4byte	0x33d
 717 024f 17       		.uleb128 0x17
 718 0250 94000000 		.4byte	.LBB3
 719 0254 84000000 		.4byte	.LBE3-.LBB3
 720 0258 33030000 		.4byte	0x333
 721 025c 18       		.uleb128 0x18
 722 025d 5D000000 		.4byte	.LASF30
 723 0261 01       		.byte	0x1
 724 0262 1001     		.2byte	0x110
 725 0264 4D030000 		.4byte	0x34d
 726 0268 05       		.uleb128 0x5
 727 0269 03       		.byte	0x3
 728 026a 0C000000 		.4byte	cy_cfg_addr_table.4740
 729 026e 18       		.uleb128 0x18
 730 026f 6F000000 		.4byte	.LASF31
 731 0273 01       		.byte	0x1
 732 0274 1701     		.2byte	0x117
 733 0276 62030000 		.4byte	0x362
 734 027a 05       		.uleb128 0x5
 735 027b 03       		.byte	0x3
 736 027c 1C000000 		.4byte	cy_cfg_data_table.4741
 737 0280 19       		.uleb128 0x19
 738 0281 06       		.byte	0x6
 739 0282 01       		.byte	0x1
 740 0283 2901     		.2byte	0x129
 741 0285 A4020000 		.4byte	0x2a4
 742 0289 1A       		.uleb128 0x1a
 743 028a 4E010000 		.4byte	.LASF32
 744 028e 01       		.byte	0x1
 745 028f 2A01     		.2byte	0x12a
 746 0291 7D000000 		.4byte	0x7d
 747 0295 00       		.byte	0
 748 0296 1A       		.uleb128 0x1a
 749 0297 AA000000 		.4byte	.LASF33
 750 029b 01       		.byte	0x1
 751 029c 2B01     		.2byte	0x12b
 752 029e 99000000 		.4byte	0x99
 753 02a2 04       		.byte	0x4
 754 02a3 00       		.byte	0
 755 02a4 08       		.uleb128 0x8
 756 02a5 7A010000 		.4byte	.LASF34
 757 02a9 01       		.byte	0x1
 758 02aa 2C01     		.2byte	0x12c
 759 02ac 80020000 		.4byte	0x280
 760 02b0 1B       		.uleb128 0x1b
 761 02b1 A4020000 		.4byte	0x2a4
 762 02b5 C0020000 		.4byte	0x2c0
 763 02b9 1C       		.uleb128 0x1c
 764 02ba 76000000 		.4byte	0x76
 765 02be 01       		.byte	0x1
 766 02bf 00       		.byte	0
 767 02c0 18       		.uleb128 0x18
 768 02c1 9A000000 		.4byte	.LASF35
 769 02c5 01       		.byte	0x1
ARM GAS  C:\Users\cdc75\AppData\Local\Temp\ccFhTyPB.s 			page 21


 770 02c6 2E01     		.2byte	0x12e
 771 02c8 D2020000 		.4byte	0x2d2
 772 02cc 05       		.uleb128 0x5
 773 02cd 03       		.byte	0x3
 774 02ce 00000000 		.4byte	cfg_memset_list.4746
 775 02d2 11       		.uleb128 0x11
 776 02d3 B0020000 		.4byte	0x2b0
 777 02d7 1D       		.uleb128 0x1d
 778 02d8 6900     		.ascii	"i\000"
 779 02da 01       		.byte	0x1
 780 02db 3401     		.2byte	0x134
 781 02dd 8D000000 		.4byte	0x8d
 782 02e1 BC000000 		.4byte	.LLST6
 783 02e5 17       		.uleb128 0x17
 784 02e6 98000000 		.4byte	.LBB4
 785 02ea 1E000000 		.4byte	.LBE4-.LBB4
 786 02ee 16030000 		.4byte	0x316
 787 02f2 1D       		.uleb128 0x1d
 788 02f3 6D7300   		.ascii	"ms\000"
 789 02f6 01       		.byte	0x1
 790 02f7 3901     		.2byte	0x139
 791 02f9 01030000 		.4byte	0x301
 792 02fd E6000000 		.4byte	.LLST7
 793 0301 06       		.uleb128 0x6
 794 0302 04       		.byte	0x4
 795 0303 07030000 		.4byte	0x307
 796 0307 11       		.uleb128 0x11
 797 0308 A4020000 		.4byte	0x2a4
 798 030c 1E       		.uleb128 0x1e
 799 030d B6000000 		.4byte	.LVL20
 800 0311 A1010000 		.4byte	0x1a1
 801 0315 00       		.byte	0
 802 0316 13       		.uleb128 0x13
 803 0317 CA000000 		.4byte	.LVL23
 804 031b 19010000 		.4byte	0x119
 805 031f 14       		.uleb128 0x14
 806 0320 01       		.uleb128 0x1
 807 0321 51       		.byte	0x51
 808 0322 05       		.uleb128 0x5
 809 0323 03       		.byte	0x3
 810 0324 1C000000 		.4byte	.LANCHOR0+28
 811 0328 14       		.uleb128 0x14
 812 0329 01       		.uleb128 0x1
 813 032a 50       		.byte	0x50
 814 032b 05       		.uleb128 0x5
 815 032c 03       		.byte	0x3
 816 032d 0C000000 		.4byte	.LANCHOR0+12
 817 0331 00       		.byte	0
 818 0332 00       		.byte	0
 819 0333 1E       		.uleb128 0x1e
 820 0334 3E010000 		.4byte	.LVL24
 821 0338 EE010000 		.4byte	0x1ee
 822 033c 00       		.byte	0
 823 033d 1B       		.uleb128 0x1b
 824 033e A5000000 		.4byte	0xa5
 825 0342 4D030000 		.4byte	0x34d
 826 0346 1C       		.uleb128 0x1c
ARM GAS  C:\Users\cdc75\AppData\Local\Temp\ccFhTyPB.s 			page 22


 827 0347 76000000 		.4byte	0x76
 828 034b 03       		.byte	0x3
 829 034c 00       		.byte	0
 830 034d 11       		.uleb128 0x11
 831 034e 3D030000 		.4byte	0x33d
 832 0352 1B       		.uleb128 0x1b
 833 0353 0E010000 		.4byte	0x10e
 834 0357 62030000 		.4byte	0x362
 835 035b 1C       		.uleb128 0x1c
 836 035c 76000000 		.4byte	0x76
 837 0360 0C       		.byte	0xc
 838 0361 00       		.byte	0
 839 0362 11       		.uleb128 0x11
 840 0363 52030000 		.4byte	0x352
 841 0367 1F       		.uleb128 0x1f
 842 0368 E4000000 		.4byte	.LASF36
 843 036c 7D000000 		.4byte	0x7d
 844 0370 84030000 		.4byte	0x384
 845 0374 20       		.uleb128 0x20
 846 0375 7D000000 		.4byte	0x7d
 847 0379 20       		.uleb128 0x20
 848 037a 25000000 		.4byte	0x25
 849 037e 20       		.uleb128 0x20
 850 037f 76000000 		.4byte	0x76
 851 0383 00       		.byte	0
 852 0384 21       		.uleb128 0x21
 853 0385 73020000 		.4byte	.LASF37
 854 0389 04       		.byte	0x4
 855 038a 6C       		.byte	0x6c
 856 038b 95030000 		.4byte	0x395
 857 038f 20       		.uleb128 0x20
 858 0390 A5000000 		.4byte	0xa5
 859 0394 00       		.byte	0
 860 0395 22       		.uleb128 0x22
 861 0396 0D000000 		.4byte	.LASF42
 862 039a 04       		.byte	0x4
 863 039b BB       		.byte	0xbb
 864 039c E1000000 		.4byte	0xe1
 865 03a0 AF030000 		.4byte	0x3af
 866 03a4 20       		.uleb128 0x20
 867 03a5 8D000000 		.4byte	0x8d
 868 03a9 20       		.uleb128 0x20
 869 03aa E1000000 		.4byte	0xe1
 870 03ae 00       		.byte	0
 871 03af 23       		.uleb128 0x23
 872 03b0 04010000 		.4byte	.LASF43
 873 03b4 04       		.byte	0x4
 874 03b5 C1       		.byte	0xc1
 875 03b6 20       		.uleb128 0x20
 876 03b7 8D000000 		.4byte	0x8d
 877 03bb 00       		.byte	0
 878 03bc 00       		.byte	0
 879              		.section	.debug_abbrev,"",%progbits
 880              	.Ldebug_abbrev0:
 881 0000 01       		.uleb128 0x1
 882 0001 11       		.uleb128 0x11
 883 0002 01       		.byte	0x1
ARM GAS  C:\Users\cdc75\AppData\Local\Temp\ccFhTyPB.s 			page 23


 884 0003 25       		.uleb128 0x25
 885 0004 0E       		.uleb128 0xe
 886 0005 13       		.uleb128 0x13
 887 0006 0B       		.uleb128 0xb
 888 0007 03       		.uleb128 0x3
 889 0008 0E       		.uleb128 0xe
 890 0009 1B       		.uleb128 0x1b
 891 000a 0E       		.uleb128 0xe
 892 000b 55       		.uleb128 0x55
 893 000c 17       		.uleb128 0x17
 894 000d 11       		.uleb128 0x11
 895 000e 01       		.uleb128 0x1
 896 000f 10       		.uleb128 0x10
 897 0010 17       		.uleb128 0x17
 898 0011 00       		.byte	0
 899 0012 00       		.byte	0
 900 0013 02       		.uleb128 0x2
 901 0014 24       		.uleb128 0x24
 902 0015 00       		.byte	0
 903 0016 0B       		.uleb128 0xb
 904 0017 0B       		.uleb128 0xb
 905 0018 3E       		.uleb128 0x3e
 906 0019 0B       		.uleb128 0xb
 907 001a 03       		.uleb128 0x3
 908 001b 08       		.uleb128 0x8
 909 001c 00       		.byte	0
 910 001d 00       		.byte	0
 911 001e 03       		.uleb128 0x3
 912 001f 16       		.uleb128 0x16
 913 0020 00       		.byte	0
 914 0021 03       		.uleb128 0x3
 915 0022 0E       		.uleb128 0xe
 916 0023 3A       		.uleb128 0x3a
 917 0024 0B       		.uleb128 0xb
 918 0025 3B       		.uleb128 0x3b
 919 0026 0B       		.uleb128 0xb
 920 0027 49       		.uleb128 0x49
 921 0028 13       		.uleb128 0x13
 922 0029 00       		.byte	0
 923 002a 00       		.byte	0
 924 002b 04       		.uleb128 0x4
 925 002c 24       		.uleb128 0x24
 926 002d 00       		.byte	0
 927 002e 0B       		.uleb128 0xb
 928 002f 0B       		.uleb128 0xb
 929 0030 3E       		.uleb128 0x3e
 930 0031 0B       		.uleb128 0xb
 931 0032 03       		.uleb128 0x3
 932 0033 0E       		.uleb128 0xe
 933 0034 00       		.byte	0
 934 0035 00       		.byte	0
 935 0036 05       		.uleb128 0x5
 936 0037 0F       		.uleb128 0xf
 937 0038 00       		.byte	0
 938 0039 0B       		.uleb128 0xb
 939 003a 0B       		.uleb128 0xb
 940 003b 00       		.byte	0
ARM GAS  C:\Users\cdc75\AppData\Local\Temp\ccFhTyPB.s 			page 24


 941 003c 00       		.byte	0
 942 003d 06       		.uleb128 0x6
 943 003e 0F       		.uleb128 0xf
 944 003f 00       		.byte	0
 945 0040 0B       		.uleb128 0xb
 946 0041 0B       		.uleb128 0xb
 947 0042 49       		.uleb128 0x49
 948 0043 13       		.uleb128 0x13
 949 0044 00       		.byte	0
 950 0045 00       		.byte	0
 951 0046 07       		.uleb128 0x7
 952 0047 15       		.uleb128 0x15
 953 0048 00       		.byte	0
 954 0049 27       		.uleb128 0x27
 955 004a 19       		.uleb128 0x19
 956 004b 00       		.byte	0
 957 004c 00       		.byte	0
 958 004d 08       		.uleb128 0x8
 959 004e 16       		.uleb128 0x16
 960 004f 00       		.byte	0
 961 0050 03       		.uleb128 0x3
 962 0051 0E       		.uleb128 0xe
 963 0052 3A       		.uleb128 0x3a
 964 0053 0B       		.uleb128 0xb
 965 0054 3B       		.uleb128 0x3b
 966 0055 05       		.uleb128 0x5
 967 0056 49       		.uleb128 0x49
 968 0057 13       		.uleb128 0x13
 969 0058 00       		.byte	0
 970 0059 00       		.byte	0
 971 005a 09       		.uleb128 0x9
 972 005b 35       		.uleb128 0x35
 973 005c 00       		.byte	0
 974 005d 49       		.uleb128 0x49
 975 005e 13       		.uleb128 0x13
 976 005f 00       		.byte	0
 977 0060 00       		.byte	0
 978 0061 0A       		.uleb128 0xa
 979 0062 13       		.uleb128 0x13
 980 0063 01       		.byte	0x1
 981 0064 0B       		.uleb128 0xb
 982 0065 0B       		.uleb128 0xb
 983 0066 3A       		.uleb128 0x3a
 984 0067 0B       		.uleb128 0xb
 985 0068 3B       		.uleb128 0x3b
 986 0069 0B       		.uleb128 0xb
 987 006a 01       		.uleb128 0x1
 988 006b 13       		.uleb128 0x13
 989 006c 00       		.byte	0
 990 006d 00       		.byte	0
 991 006e 0B       		.uleb128 0xb
 992 006f 0D       		.uleb128 0xd
 993 0070 00       		.byte	0
 994 0071 03       		.uleb128 0x3
 995 0072 0E       		.uleb128 0xe
 996 0073 3A       		.uleb128 0x3a
 997 0074 0B       		.uleb128 0xb
ARM GAS  C:\Users\cdc75\AppData\Local\Temp\ccFhTyPB.s 			page 25


 998 0075 3B       		.uleb128 0x3b
 999 0076 0B       		.uleb128 0xb
 1000 0077 49       		.uleb128 0x49
 1001 0078 13       		.uleb128 0x13
 1002 0079 38       		.uleb128 0x38
 1003 007a 0B       		.uleb128 0xb
 1004 007b 00       		.byte	0
 1005 007c 00       		.byte	0
 1006 007d 0C       		.uleb128 0xc
 1007 007e 2E       		.uleb128 0x2e
 1008 007f 01       		.byte	0x1
 1009 0080 03       		.uleb128 0x3
 1010 0081 0E       		.uleb128 0xe
 1011 0082 3A       		.uleb128 0x3a
 1012 0083 0B       		.uleb128 0xb
 1013 0084 3B       		.uleb128 0x3b
 1014 0085 0B       		.uleb128 0xb
 1015 0086 27       		.uleb128 0x27
 1016 0087 19       		.uleb128 0x19
 1017 0088 11       		.uleb128 0x11
 1018 0089 01       		.uleb128 0x1
 1019 008a 12       		.uleb128 0x12
 1020 008b 06       		.uleb128 0x6
 1021 008c 40       		.uleb128 0x40
 1022 008d 18       		.uleb128 0x18
 1023 008e 9742     		.uleb128 0x2117
 1024 0090 19       		.uleb128 0x19
 1025 0091 01       		.uleb128 0x1
 1026 0092 13       		.uleb128 0x13
 1027 0093 00       		.byte	0
 1028 0094 00       		.byte	0
 1029 0095 0D       		.uleb128 0xd
 1030 0096 05       		.uleb128 0x5
 1031 0097 00       		.byte	0
 1032 0098 03       		.uleb128 0x3
 1033 0099 0E       		.uleb128 0xe
 1034 009a 3A       		.uleb128 0x3a
 1035 009b 0B       		.uleb128 0xb
 1036 009c 3B       		.uleb128 0x3b
 1037 009d 0B       		.uleb128 0xb
 1038 009e 49       		.uleb128 0x49
 1039 009f 13       		.uleb128 0x13
 1040 00a0 02       		.uleb128 0x2
 1041 00a1 18       		.uleb128 0x18
 1042 00a2 00       		.byte	0
 1043 00a3 00       		.byte	0
 1044 00a4 0E       		.uleb128 0xe
 1045 00a5 34       		.uleb128 0x34
 1046 00a6 00       		.byte	0
 1047 00a7 03       		.uleb128 0x3
 1048 00a8 08       		.uleb128 0x8
 1049 00a9 3A       		.uleb128 0x3a
 1050 00aa 0B       		.uleb128 0xb
 1051 00ab 3B       		.uleb128 0x3b
 1052 00ac 0B       		.uleb128 0xb
 1053 00ad 49       		.uleb128 0x49
 1054 00ae 13       		.uleb128 0x13
ARM GAS  C:\Users\cdc75\AppData\Local\Temp\ccFhTyPB.s 			page 26


 1055 00af 02       		.uleb128 0x2
 1056 00b0 17       		.uleb128 0x17
 1057 00b1 00       		.byte	0
 1058 00b2 00       		.byte	0
 1059 00b3 0F       		.uleb128 0xf
 1060 00b4 0B       		.uleb128 0xb
 1061 00b5 01       		.byte	0x1
 1062 00b6 11       		.uleb128 0x11
 1063 00b7 01       		.uleb128 0x1
 1064 00b8 12       		.uleb128 0x12
 1065 00b9 06       		.uleb128 0x6
 1066 00ba 00       		.byte	0
 1067 00bb 00       		.byte	0
 1068 00bc 10       		.uleb128 0x10
 1069 00bd 34       		.uleb128 0x34
 1070 00be 00       		.byte	0
 1071 00bf 03       		.uleb128 0x3
 1072 00c0 0E       		.uleb128 0xe
 1073 00c1 3A       		.uleb128 0x3a
 1074 00c2 0B       		.uleb128 0xb
 1075 00c3 3B       		.uleb128 0x3b
 1076 00c4 0B       		.uleb128 0xb
 1077 00c5 49       		.uleb128 0x49
 1078 00c6 13       		.uleb128 0x13
 1079 00c7 02       		.uleb128 0x2
 1080 00c8 17       		.uleb128 0x17
 1081 00c9 00       		.byte	0
 1082 00ca 00       		.byte	0
 1083 00cb 11       		.uleb128 0x11
 1084 00cc 26       		.uleb128 0x26
 1085 00cd 00       		.byte	0
 1086 00ce 49       		.uleb128 0x49
 1087 00cf 13       		.uleb128 0x13
 1088 00d0 00       		.byte	0
 1089 00d1 00       		.byte	0
 1090 00d2 12       		.uleb128 0x12
 1091 00d3 05       		.uleb128 0x5
 1092 00d4 00       		.byte	0
 1093 00d5 03       		.uleb128 0x3
 1094 00d6 08       		.uleb128 0x8
 1095 00d7 3A       		.uleb128 0x3a
 1096 00d8 0B       		.uleb128 0xb
 1097 00d9 3B       		.uleb128 0x3b
 1098 00da 0B       		.uleb128 0xb
 1099 00db 49       		.uleb128 0x49
 1100 00dc 13       		.uleb128 0x13
 1101 00dd 02       		.uleb128 0x2
 1102 00de 17       		.uleb128 0x17
 1103 00df 00       		.byte	0
 1104 00e0 00       		.byte	0
 1105 00e1 13       		.uleb128 0x13
 1106 00e2 898201   		.uleb128 0x4109
 1107 00e5 01       		.byte	0x1
 1108 00e6 11       		.uleb128 0x11
 1109 00e7 01       		.uleb128 0x1
 1110 00e8 31       		.uleb128 0x31
 1111 00e9 13       		.uleb128 0x13
ARM GAS  C:\Users\cdc75\AppData\Local\Temp\ccFhTyPB.s 			page 27


 1112 00ea 00       		.byte	0
 1113 00eb 00       		.byte	0
 1114 00ec 14       		.uleb128 0x14
 1115 00ed 8A8201   		.uleb128 0x410a
 1116 00f0 00       		.byte	0
 1117 00f1 02       		.uleb128 0x2
 1118 00f2 18       		.uleb128 0x18
 1119 00f3 9142     		.uleb128 0x2111
 1120 00f5 18       		.uleb128 0x18
 1121 00f6 00       		.byte	0
 1122 00f7 00       		.byte	0
 1123 00f8 15       		.uleb128 0x15
 1124 00f9 898201   		.uleb128 0x4109
 1125 00fc 01       		.byte	0x1
 1126 00fd 11       		.uleb128 0x11
 1127 00fe 01       		.uleb128 0x1
 1128 00ff 31       		.uleb128 0x31
 1129 0100 13       		.uleb128 0x13
 1130 0101 01       		.uleb128 0x1
 1131 0102 13       		.uleb128 0x13
 1132 0103 00       		.byte	0
 1133 0104 00       		.byte	0
 1134 0105 16       		.uleb128 0x16
 1135 0106 2E       		.uleb128 0x2e
 1136 0107 01       		.byte	0x1
 1137 0108 3F       		.uleb128 0x3f
 1138 0109 19       		.uleb128 0x19
 1139 010a 03       		.uleb128 0x3
 1140 010b 0E       		.uleb128 0xe
 1141 010c 3A       		.uleb128 0x3a
 1142 010d 0B       		.uleb128 0xb
 1143 010e 3B       		.uleb128 0x3b
 1144 010f 05       		.uleb128 0x5
 1145 0110 27       		.uleb128 0x27
 1146 0111 19       		.uleb128 0x19
 1147 0112 11       		.uleb128 0x11
 1148 0113 01       		.uleb128 0x1
 1149 0114 12       		.uleb128 0x12
 1150 0115 06       		.uleb128 0x6
 1151 0116 40       		.uleb128 0x40
 1152 0117 18       		.uleb128 0x18
 1153 0118 9742     		.uleb128 0x2117
 1154 011a 19       		.uleb128 0x19
 1155 011b 01       		.uleb128 0x1
 1156 011c 13       		.uleb128 0x13
 1157 011d 00       		.byte	0
 1158 011e 00       		.byte	0
 1159 011f 17       		.uleb128 0x17
 1160 0120 0B       		.uleb128 0xb
 1161 0121 01       		.byte	0x1
 1162 0122 11       		.uleb128 0x11
 1163 0123 01       		.uleb128 0x1
 1164 0124 12       		.uleb128 0x12
 1165 0125 06       		.uleb128 0x6
 1166 0126 01       		.uleb128 0x1
 1167 0127 13       		.uleb128 0x13
 1168 0128 00       		.byte	0
ARM GAS  C:\Users\cdc75\AppData\Local\Temp\ccFhTyPB.s 			page 28


 1169 0129 00       		.byte	0
 1170 012a 18       		.uleb128 0x18
 1171 012b 34       		.uleb128 0x34
 1172 012c 00       		.byte	0
 1173 012d 03       		.uleb128 0x3
 1174 012e 0E       		.uleb128 0xe
 1175 012f 3A       		.uleb128 0x3a
 1176 0130 0B       		.uleb128 0xb
 1177 0131 3B       		.uleb128 0x3b
 1178 0132 05       		.uleb128 0x5
 1179 0133 49       		.uleb128 0x49
 1180 0134 13       		.uleb128 0x13
 1181 0135 02       		.uleb128 0x2
 1182 0136 18       		.uleb128 0x18
 1183 0137 00       		.byte	0
 1184 0138 00       		.byte	0
 1185 0139 19       		.uleb128 0x19
 1186 013a 13       		.uleb128 0x13
 1187 013b 01       		.byte	0x1
 1188 013c 0B       		.uleb128 0xb
 1189 013d 0B       		.uleb128 0xb
 1190 013e 3A       		.uleb128 0x3a
 1191 013f 0B       		.uleb128 0xb
 1192 0140 3B       		.uleb128 0x3b
 1193 0141 05       		.uleb128 0x5
 1194 0142 01       		.uleb128 0x1
 1195 0143 13       		.uleb128 0x13
 1196 0144 00       		.byte	0
 1197 0145 00       		.byte	0
 1198 0146 1A       		.uleb128 0x1a
 1199 0147 0D       		.uleb128 0xd
 1200 0148 00       		.byte	0
 1201 0149 03       		.uleb128 0x3
 1202 014a 0E       		.uleb128 0xe
 1203 014b 3A       		.uleb128 0x3a
 1204 014c 0B       		.uleb128 0xb
 1205 014d 3B       		.uleb128 0x3b
 1206 014e 05       		.uleb128 0x5
 1207 014f 49       		.uleb128 0x49
 1208 0150 13       		.uleb128 0x13
 1209 0151 38       		.uleb128 0x38
 1210 0152 0B       		.uleb128 0xb
 1211 0153 00       		.byte	0
 1212 0154 00       		.byte	0
 1213 0155 1B       		.uleb128 0x1b
 1214 0156 01       		.uleb128 0x1
 1215 0157 01       		.byte	0x1
 1216 0158 49       		.uleb128 0x49
 1217 0159 13       		.uleb128 0x13
 1218 015a 01       		.uleb128 0x1
 1219 015b 13       		.uleb128 0x13
 1220 015c 00       		.byte	0
 1221 015d 00       		.byte	0
 1222 015e 1C       		.uleb128 0x1c
 1223 015f 21       		.uleb128 0x21
 1224 0160 00       		.byte	0
 1225 0161 49       		.uleb128 0x49
ARM GAS  C:\Users\cdc75\AppData\Local\Temp\ccFhTyPB.s 			page 29


 1226 0162 13       		.uleb128 0x13
 1227 0163 2F       		.uleb128 0x2f
 1228 0164 0B       		.uleb128 0xb
 1229 0165 00       		.byte	0
 1230 0166 00       		.byte	0
 1231 0167 1D       		.uleb128 0x1d
 1232 0168 34       		.uleb128 0x34
 1233 0169 00       		.byte	0
 1234 016a 03       		.uleb128 0x3
 1235 016b 08       		.uleb128 0x8
 1236 016c 3A       		.uleb128 0x3a
 1237 016d 0B       		.uleb128 0xb
 1238 016e 3B       		.uleb128 0x3b
 1239 016f 05       		.uleb128 0x5
 1240 0170 49       		.uleb128 0x49
 1241 0171 13       		.uleb128 0x13
 1242 0172 02       		.uleb128 0x2
 1243 0173 17       		.uleb128 0x17
 1244 0174 00       		.byte	0
 1245 0175 00       		.byte	0
 1246 0176 1E       		.uleb128 0x1e
 1247 0177 898201   		.uleb128 0x4109
 1248 017a 00       		.byte	0
 1249 017b 11       		.uleb128 0x11
 1250 017c 01       		.uleb128 0x1
 1251 017d 31       		.uleb128 0x31
 1252 017e 13       		.uleb128 0x13
 1253 017f 00       		.byte	0
 1254 0180 00       		.byte	0
 1255 0181 1F       		.uleb128 0x1f
 1256 0182 2E       		.uleb128 0x2e
 1257 0183 01       		.byte	0x1
 1258 0184 3F       		.uleb128 0x3f
 1259 0185 19       		.uleb128 0x19
 1260 0186 03       		.uleb128 0x3
 1261 0187 0E       		.uleb128 0xe
 1262 0188 27       		.uleb128 0x27
 1263 0189 19       		.uleb128 0x19
 1264 018a 49       		.uleb128 0x49
 1265 018b 13       		.uleb128 0x13
 1266 018c 34       		.uleb128 0x34
 1267 018d 19       		.uleb128 0x19
 1268 018e 3C       		.uleb128 0x3c
 1269 018f 19       		.uleb128 0x19
 1270 0190 01       		.uleb128 0x1
 1271 0191 13       		.uleb128 0x13
 1272 0192 00       		.byte	0
 1273 0193 00       		.byte	0
 1274 0194 20       		.uleb128 0x20
 1275 0195 05       		.uleb128 0x5
 1276 0196 00       		.byte	0
 1277 0197 49       		.uleb128 0x49
 1278 0198 13       		.uleb128 0x13
 1279 0199 00       		.byte	0
 1280 019a 00       		.byte	0
 1281 019b 21       		.uleb128 0x21
 1282 019c 2E       		.uleb128 0x2e
ARM GAS  C:\Users\cdc75\AppData\Local\Temp\ccFhTyPB.s 			page 30


 1283 019d 01       		.byte	0x1
 1284 019e 3F       		.uleb128 0x3f
 1285 019f 19       		.uleb128 0x19
 1286 01a0 03       		.uleb128 0x3
 1287 01a1 0E       		.uleb128 0xe
 1288 01a2 3A       		.uleb128 0x3a
 1289 01a3 0B       		.uleb128 0xb
 1290 01a4 3B       		.uleb128 0x3b
 1291 01a5 0B       		.uleb128 0xb
 1292 01a6 27       		.uleb128 0x27
 1293 01a7 19       		.uleb128 0x19
 1294 01a8 3C       		.uleb128 0x3c
 1295 01a9 19       		.uleb128 0x19
 1296 01aa 01       		.uleb128 0x1
 1297 01ab 13       		.uleb128 0x13
 1298 01ac 00       		.byte	0
 1299 01ad 00       		.byte	0
 1300 01ae 22       		.uleb128 0x22
 1301 01af 2E       		.uleb128 0x2e
 1302 01b0 01       		.byte	0x1
 1303 01b1 3F       		.uleb128 0x3f
 1304 01b2 19       		.uleb128 0x19
 1305 01b3 03       		.uleb128 0x3
 1306 01b4 0E       		.uleb128 0xe
 1307 01b5 3A       		.uleb128 0x3a
 1308 01b6 0B       		.uleb128 0xb
 1309 01b7 3B       		.uleb128 0x3b
 1310 01b8 0B       		.uleb128 0xb
 1311 01b9 27       		.uleb128 0x27
 1312 01ba 19       		.uleb128 0x19
 1313 01bb 49       		.uleb128 0x49
 1314 01bc 13       		.uleb128 0x13
 1315 01bd 3C       		.uleb128 0x3c
 1316 01be 19       		.uleb128 0x19
 1317 01bf 01       		.uleb128 0x1
 1318 01c0 13       		.uleb128 0x13
 1319 01c1 00       		.byte	0
 1320 01c2 00       		.byte	0
 1321 01c3 23       		.uleb128 0x23
 1322 01c4 2E       		.uleb128 0x2e
 1323 01c5 01       		.byte	0x1
 1324 01c6 3F       		.uleb128 0x3f
 1325 01c7 19       		.uleb128 0x19
 1326 01c8 03       		.uleb128 0x3
 1327 01c9 0E       		.uleb128 0xe
 1328 01ca 3A       		.uleb128 0x3a
 1329 01cb 0B       		.uleb128 0xb
 1330 01cc 3B       		.uleb128 0x3b
 1331 01cd 0B       		.uleb128 0xb
 1332 01ce 27       		.uleb128 0x27
 1333 01cf 19       		.uleb128 0x19
 1334 01d0 3C       		.uleb128 0x3c
 1335 01d1 19       		.uleb128 0x19
 1336 01d2 00       		.byte	0
 1337 01d3 00       		.byte	0
 1338 01d4 00       		.byte	0
 1339              		.section	.debug_loc,"",%progbits
ARM GAS  C:\Users\cdc75\AppData\Local\Temp\ccFhTyPB.s 			page 31


 1340              	.Ldebug_loc0:
 1341              	.LLST0:
 1342 0000 02000000 		.4byte	.LVL1
 1343 0004 08000000 		.4byte	.LVL2
 1344 0008 0200     		.2byte	0x2
 1345 000a 30       		.byte	0x30
 1346 000b 9F       		.byte	0x9f
 1347 000c 08000000 		.4byte	.LVL2
 1348 0010 30000000 		.4byte	.LVL11
 1349 0014 0100     		.2byte	0x1
 1350 0016 57       		.byte	0x57
 1351 0017 00000000 		.4byte	0
 1352 001b 00000000 		.4byte	0
 1353              	.LLST1:
 1354 001f 02000000 		.4byte	.LVL1
 1355 0023 08000000 		.4byte	.LVL2
 1356 0027 0200     		.2byte	0x2
 1357 0029 30       		.byte	0x30
 1358 002a 9F       		.byte	0x9f
 1359 002b 08000000 		.4byte	.LVL2
 1360 002f 30000000 		.4byte	.LVL10
 1361 0033 0100     		.2byte	0x1
 1362 0035 55       		.byte	0x55
 1363 0036 00000000 		.4byte	0
 1364 003a 00000000 		.4byte	0
 1365              	.LLST2:
 1366 003e 0C000000 		.4byte	.LVL3
 1367 0042 2C000000 		.4byte	.LVL9
 1368 0046 0100     		.2byte	0x1
 1369 0048 56       		.byte	0x56
 1370 0049 00000000 		.4byte	0
 1371 004d 00000000 		.4byte	0
 1372              	.LLST3:
 1373 0051 0E000000 		.4byte	.LVL4
 1374 0055 24000000 		.4byte	.LVL7
 1375 0059 0100     		.2byte	0x1
 1376 005b 53       		.byte	0x53
 1377 005c 26000000 		.4byte	.LVL8
 1378 0060 2C000000 		.4byte	.LVL9
 1379 0064 0100     		.2byte	0x1
 1380 0066 53       		.byte	0x53
 1381 0067 00000000 		.4byte	0
 1382 006b 00000000 		.4byte	0
 1383              	.LLST4:
 1384 006f 00000000 		.4byte	.LVL12
 1385 0073 09000000 		.4byte	.LVL14-1
 1386 0077 0100     		.2byte	0x1
 1387 0079 50       		.byte	0x50
 1388 007a 09000000 		.4byte	.LVL14-1
 1389 007e 0C000000 		.4byte	.LFE0
 1390 0082 0400     		.2byte	0x4
 1391 0084 F3       		.byte	0xf3
 1392 0085 01       		.uleb128 0x1
 1393 0086 50       		.byte	0x50
 1394 0087 9F       		.byte	0x9f
 1395 0088 00000000 		.4byte	0
 1396 008c 00000000 		.4byte	0
ARM GAS  C:\Users\cdc75\AppData\Local\Temp\ccFhTyPB.s 			page 32


 1397              	.LLST5:
 1398 0090 00000000 		.4byte	.LVL12
 1399 0094 06000000 		.4byte	.LVL13
 1400 0098 0100     		.2byte	0x1
 1401 009a 51       		.byte	0x51
 1402 009b 06000000 		.4byte	.LVL13
 1403 009f 09000000 		.4byte	.LVL14-1
 1404 00a3 0100     		.2byte	0x1
 1405 00a5 52       		.byte	0x52
 1406 00a6 09000000 		.4byte	.LVL14-1
 1407 00aa 0C000000 		.4byte	.LFE0
 1408 00ae 0400     		.2byte	0x4
 1409 00b0 F3       		.byte	0xf3
 1410 00b1 01       		.uleb128 0x1
 1411 00b2 51       		.byte	0x51
 1412 00b3 9F       		.byte	0x9f
 1413 00b4 00000000 		.4byte	0
 1414 00b8 00000000 		.4byte	0
 1415              	.LLST6:
 1416 00bc 94000000 		.4byte	.LVL18
 1417 00c0 98000000 		.4byte	.LVL19
 1418 00c4 0200     		.2byte	0x2
 1419 00c6 30       		.byte	0x30
 1420 00c7 9F       		.byte	0x9f
 1421 00c8 98000000 		.4byte	.LVL19
 1422 00cc B8000000 		.4byte	.LVL21
 1423 00d0 0100     		.2byte	0x1
 1424 00d2 54       		.byte	0x54
 1425 00d3 BA000000 		.4byte	.LVL22
 1426 00d7 3E010000 		.4byte	.LVL25
 1427 00db 0100     		.2byte	0x1
 1428 00dd 54       		.byte	0x54
 1429 00de 00000000 		.4byte	0
 1430 00e2 00000000 		.4byte	0
 1431              	.LLST7:
 1432 00e6 98000000 		.4byte	.LVL19
 1433 00ea B8000000 		.4byte	.LVL21
 1434 00ee 0B00     		.2byte	0xb
 1435 00f0 74       		.byte	0x74
 1436 00f1 00       		.sleb128 0
 1437 00f2 36       		.byte	0x36
 1438 00f3 1E       		.byte	0x1e
 1439 00f4 03       		.byte	0x3
 1440 00f5 00000000 		.4byte	cfg_memset_list.4746
 1441 00f9 22       		.byte	0x22
 1442 00fa 9F       		.byte	0x9f
 1443 00fb B8000000 		.4byte	.LVL21
 1444 00ff BA000000 		.4byte	.LVL22
 1445 0103 0B00     		.2byte	0xb
 1446 0105 74       		.byte	0x74
 1447 0106 7F       		.sleb128 -1
 1448 0107 36       		.byte	0x36
 1449 0108 1E       		.byte	0x1e
 1450 0109 03       		.byte	0x3
 1451 010a 00000000 		.4byte	cfg_memset_list.4746
 1452 010e 22       		.byte	0x22
 1453 010f 9F       		.byte	0x9f
ARM GAS  C:\Users\cdc75\AppData\Local\Temp\ccFhTyPB.s 			page 33


 1454 0110 00000000 		.4byte	0
 1455 0114 00000000 		.4byte	0
 1456              		.section	.debug_aranges,"",%progbits
 1457 0000 34000000 		.4byte	0x34
 1458 0004 0200     		.2byte	0x2
 1459 0006 00000000 		.4byte	.Ldebug_info0
 1460 000a 04       		.byte	0x4
 1461 000b 00       		.byte	0
 1462 000c 0000     		.2byte	0
 1463 000e 0000     		.2byte	0
 1464 0010 00000000 		.4byte	.LFB3
 1465 0014 32000000 		.4byte	.LFE3-.LFB3
 1466 0018 00000000 		.4byte	.LFB0
 1467 001c 0C000000 		.4byte	.LFE0-.LFB0
 1468 0020 00000000 		.4byte	.LFB4
 1469 0024 90000000 		.4byte	.LFE4-.LFB4
 1470 0028 90000000 		.4byte	.LFB6
 1471 002c F4000000 		.4byte	.LFE6-.LFB6
 1472 0030 00000000 		.4byte	0
 1473 0034 00000000 		.4byte	0
 1474              		.section	.debug_ranges,"",%progbits
 1475              	.Ldebug_ranges0:
 1476 0000 00000000 		.4byte	.LFB3
 1477 0004 32000000 		.4byte	.LFE3
 1478 0008 00000000 		.4byte	.LFB0
 1479 000c 0C000000 		.4byte	.LFE0
 1480 0010 00000000 		.4byte	.LFB4
 1481 0014 90000000 		.4byte	.LFE4
 1482 0018 90000000 		.4byte	.LFB6
 1483 001c 84010000 		.4byte	.LFE6
 1484 0020 00000000 		.4byte	0
 1485 0024 00000000 		.4byte	0
 1486              		.section	.debug_line,"",%progbits
 1487              	.Ldebug_line0:
 1488 0000 61010000 		.section	.debug_str,"MS",%progbits,1
 1488      0200D800 
 1488      00000201 
 1488      FB0E0D00 
 1488      01010101 
 1489              	.LASF18:
 1490 0000 72656733 		.ascii	"reg32\000"
 1490      3200
 1491              	.LASF11:
 1492 0006 73697A65 		.ascii	"size_t\000"
 1492      5F7400
 1493              	.LASF42:
 1494 000d 4379496E 		.ascii	"CyIntSetVector\000"
 1494      74536574 
 1494      56656374 
 1494      6F7200
 1495              	.LASF21:
 1496 001c 76616C75 		.ascii	"value\000"
 1496      6500
 1497              	.LASF26:
 1498 0022 636F756E 		.ascii	"count\000"
 1498      7400
 1499              	.LASF29:
ARM GAS  C:\Users\cdc75\AppData\Local\Temp\ccFhTyPB.s 			page 34


 1500 0028 436C6F63 		.ascii	"ClockSetup\000"
 1500      6B536574 
 1500      757000
 1501              	.LASF40:
 1502 0033 433A5C55 		.ascii	"C:\\Users\\cdc75\\Desktop\\Labs\\Lesson9.cydsn\000"
 1502      73657273 
 1502      5C636463 
 1502      37355C44 
 1502      65736B74 
 1503              	.LASF30:
 1504 005d 63795F63 		.ascii	"cy_cfg_addr_table\000"
 1504      66675F61 
 1504      6464725F 
 1504      7461626C 
 1504      6500
 1505              	.LASF31:
 1506 006f 63795F63 		.ascii	"cy_cfg_data_table\000"
 1506      66675F64 
 1506      6174615F 
 1506      7461626C 
 1506      6500
 1507              	.LASF22:
 1508 0081 63795F63 		.ascii	"cy_cfg_addrvalue_t\000"
 1508      66675F61 
 1508      64647276 
 1508      616C7565 
 1508      5F7400
 1509              	.LASF15:
 1510 0094 666C6F61 		.ascii	"float\000"
 1510      7400
 1511              	.LASF35:
 1512 009a 6366675F 		.ascii	"cfg_memset_list\000"
 1512      6D656D73 
 1512      65745F6C 
 1512      69737400 
 1513              	.LASF33:
 1514 00aa 73697A65 		.ascii	"size\000"
 1514      00
 1515              	.LASF17:
 1516 00af 72656738 		.ascii	"reg8\000"
 1516      00
 1517              	.LASF6:
 1518 00b4 6C6F6E67 		.ascii	"long unsigned int\000"
 1518      20756E73 
 1518      69676E65 
 1518      6420696E 
 1518      7400
 1519              	.LASF12:
 1520 00c6 75696E74 		.ascii	"uint8\000"
 1520      3800
 1521              	.LASF28:
 1522 00cc 43594D45 		.ascii	"CYMEMZERO\000"
 1522      4D5A4552 
 1522      4F00
 1523              	.LASF2:
 1524 00d6 756E7369 		.ascii	"unsigned char\000"
 1524      676E6564 
ARM GAS  C:\Users\cdc75\AppData\Local\Temp\ccFhTyPB.s 			page 35


 1524      20636861 
 1524      7200
 1525              	.LASF36:
 1526 00e4 6D656D73 		.ascii	"memset\000"
 1526      657400
 1527              	.LASF16:
 1528 00eb 646F7562 		.ascii	"double\000"
 1528      6C6500
 1529              	.LASF27:
 1530 00f2 6366675F 		.ascii	"cfg_write_bytes32\000"
 1530      77726974 
 1530      655F6279 
 1530      74657333 
 1530      3200
 1531              	.LASF43:
 1532 0104 4379496E 		.ascii	"CyIntEnable\000"
 1532      74456E61 
 1532      626C6500 
 1533              	.LASF23:
 1534 0110 61646472 		.ascii	"addr_table\000"
 1534      5F746162 
 1534      6C6500
 1535              	.LASF13:
 1536 011b 75696E74 		.ascii	"uint16\000"
 1536      313600
 1537              	.LASF24:
 1538 0122 64617461 		.ascii	"data_table\000"
 1538      5F746162 
 1538      6C6500
 1539              	.LASF14:
 1540 012d 75696E74 		.ascii	"uint32\000"
 1540      333200
 1541              	.LASF0:
 1542 0134 756E7369 		.ascii	"unsigned int\000"
 1542      676E6564 
 1542      20696E74 
 1542      00
 1543              	.LASF41:
 1544 0141 63796669 		.ascii	"cyfitter_cfg\000"
 1544      74746572 
 1544      5F636667 
 1544      00
 1545              	.LASF32:
 1546 014e 61646472 		.ascii	"address\000"
 1546      65737300 
 1547              	.LASF8:
 1548 0156 6C6F6E67 		.ascii	"long long unsigned int\000"
 1548      206C6F6E 
 1548      6720756E 
 1548      7369676E 
 1548      65642069 
 1549              	.LASF19:
 1550 016d 63796973 		.ascii	"cyisraddress\000"
 1550      72616464 
 1550      72657373 
 1550      00
 1551              	.LASF34:
ARM GAS  C:\Users\cdc75\AppData\Local\Temp\ccFhTyPB.s 			page 36


 1552 017a 6366675F 		.ascii	"cfg_memset_t\000"
 1552      6D656D73 
 1552      65745F74 
 1552      00
 1553              	.LASF25:
 1554 0187 62617365 		.ascii	"baseAddr\000"
 1554      41646472 
 1554      00
 1555              	.LASF9:
 1556 0190 73697A65 		.ascii	"sizetype\000"
 1556      74797065 
 1556      00
 1557              	.LASF39:
 1558 0199 2E5C4765 		.ascii	".\\Generated_Source\\PSoC4\\cyfitter_cfg.c\000"
 1558      6E657261 
 1558      7465645F 
 1558      536F7572 
 1558      63655C50 
 1559              	.LASF7:
 1560 01c1 6C6F6E67 		.ascii	"long long int\000"
 1560      206C6F6E 
 1560      6720696E 
 1560      7400
 1561              	.LASF10:
 1562 01cf 63686172 		.ascii	"char\000"
 1562      00
 1563              	.LASF38:
 1564 01d4 474E5520 		.ascii	"GNU C 4.9.3 20150303 (release) [ARM/embedded-4_9-br"
 1564      4320342E 
 1564      392E3320 
 1564      32303135 
 1564      30333033 
 1565 0207 616E6368 		.ascii	"anch revision 221220] -mcpu=cortex-m0 -mthumb -g -O"
 1565      20726576 
 1565      6973696F 
 1565      6E203232 
 1565      31323230 
 1566 023a 67202D66 		.ascii	"g -ffunction-sections -ffat-lto-objects\000"
 1566      66756E63 
 1566      74696F6E 
 1566      2D736563 
 1566      74696F6E 
 1567              	.LASF20:
 1568 0262 6F666673 		.ascii	"offset\000"
 1568      657400
 1569              	.LASF3:
 1570 0269 73686F72 		.ascii	"short int\000"
 1570      7420696E 
 1570      7400
 1571              	.LASF37:
 1572 0273 43795379 		.ascii	"CySysClkWriteImoFreq\000"
 1572      73436C6B 
 1572      57726974 
 1572      65496D6F 
 1572      46726571 
 1573              	.LASF5:
 1574 0288 6C6F6E67 		.ascii	"long int\000"
ARM GAS  C:\Users\cdc75\AppData\Local\Temp\ccFhTyPB.s 			page 37


 1574      20696E74 
 1574      00
 1575              	.LASF1:
 1576 0291 7369676E 		.ascii	"signed char\000"
 1576      65642063 
 1576      68617200 
 1577              	.LASF4:
 1578 029d 73686F72 		.ascii	"short unsigned int\000"
 1578      7420756E 
 1578      7369676E 
 1578      65642069 
 1578      6E7400
 1579              		.ident	"GCC: (GNU Tools for ARM Embedded Processors) 4.9.3 20150303 (release) [ARM/embedded-4_9-br
