ARM GAS  C:\Users\Chris\AppData\Local\Temp\cc6QSbh6.s 			page 1


   1              		.cpu cortex-m0
   2              		.fpu softvfp
   3              		.eabi_attribute 20, 1
   4              		.eabi_attribute 21, 1
   5              		.eabi_attribute 23, 3
   6              		.eabi_attribute 24, 1
   7              		.eabi_attribute 25, 1
   8              		.eabi_attribute 26, 1
   9              		.eabi_attribute 30, 1
  10              		.eabi_attribute 34, 0
  11              		.eabi_attribute 18, 4
  12              		.code	16
  13              		.file	"cyfitter_cfg.c"
  14              		.text
  15              	.Ltext0:
  16              		.cfi_sections	.debug_frame
  17              		.section	.text.cfg_write_bytes32,"ax",%progbits
  18              		.align	2
  19              		.code	16
  20              		.thumb_func
  21              		.type	cfg_write_bytes32, %function
  22              	cfg_write_bytes32:
  23              	.LFB3:
  24              		.file 1 ".\\Generated_Source\\PSoC4\\cyfitter_cfg.c"
   1:.\Generated_Source\PSoC4/cyfitter_cfg.c **** /*******************************************************************************
   2:.\Generated_Source\PSoC4/cyfitter_cfg.c **** * File Name: cyfitter_cfg.c
   3:.\Generated_Source\PSoC4/cyfitter_cfg.c **** * 
   4:.\Generated_Source\PSoC4/cyfitter_cfg.c **** * PSoC Creator  3.3 CP3
   5:.\Generated_Source\PSoC4/cyfitter_cfg.c **** *
   6:.\Generated_Source\PSoC4/cyfitter_cfg.c **** * Description:
   7:.\Generated_Source\PSoC4/cyfitter_cfg.c **** * This file contains device initialization code.
   8:.\Generated_Source\PSoC4/cyfitter_cfg.c **** * Except for the user defined sections in CyClockStartupError(), this file should not be modified.
   9:.\Generated_Source\PSoC4/cyfitter_cfg.c **** * This file is automatically generated by PSoC Creator.
  10:.\Generated_Source\PSoC4/cyfitter_cfg.c **** *
  11:.\Generated_Source\PSoC4/cyfitter_cfg.c **** ********************************************************************************
  12:.\Generated_Source\PSoC4/cyfitter_cfg.c **** * Copyright (c) 2007-2016 Cypress Semiconductor.  All rights reserved.
  13:.\Generated_Source\PSoC4/cyfitter_cfg.c **** * You may use this file only in accordance with the license, terms, conditions, 
  14:.\Generated_Source\PSoC4/cyfitter_cfg.c **** * disclaimers, and limitations in the end user license agreement accompanying 
  15:.\Generated_Source\PSoC4/cyfitter_cfg.c **** * the software package with which this file was provided.
  16:.\Generated_Source\PSoC4/cyfitter_cfg.c **** ********************************************************************************/
  17:.\Generated_Source\PSoC4/cyfitter_cfg.c **** 
  18:.\Generated_Source\PSoC4/cyfitter_cfg.c **** #include <string.h>
  19:.\Generated_Source\PSoC4/cyfitter_cfg.c **** #include "cytypes.h"
  20:.\Generated_Source\PSoC4/cyfitter_cfg.c **** #include "cydevice_trm.h"
  21:.\Generated_Source\PSoC4/cyfitter_cfg.c **** #include "cyfitter.h"
  22:.\Generated_Source\PSoC4/cyfitter_cfg.c **** #include "CyLib.h"
  23:.\Generated_Source\PSoC4/cyfitter_cfg.c **** #include "CyLFClk.h"
  24:.\Generated_Source\PSoC4/cyfitter_cfg.c **** #include "cyfitter_cfg.h"
  25:.\Generated_Source\PSoC4/cyfitter_cfg.c **** 
  26:.\Generated_Source\PSoC4/cyfitter_cfg.c **** 
  27:.\Generated_Source\PSoC4/cyfitter_cfg.c **** #if defined(__GNUC__) || defined(__ARMCC_VERSION)
  28:.\Generated_Source\PSoC4/cyfitter_cfg.c ****     #define CYPACKED 
  29:.\Generated_Source\PSoC4/cyfitter_cfg.c ****     #define CYPACKED_ATTR __attribute__ ((packed))
  30:.\Generated_Source\PSoC4/cyfitter_cfg.c ****     #define CYALIGNED __attribute__ ((aligned))
  31:.\Generated_Source\PSoC4/cyfitter_cfg.c ****     #define CY_CFG_UNUSED __attribute__ ((unused))
  32:.\Generated_Source\PSoC4/cyfitter_cfg.c ****     #ifndef CY_CFG_SECTION
  33:.\Generated_Source\PSoC4/cyfitter_cfg.c ****         #define CY_CFG_SECTION __attribute__ ((section(".psocinit")))
ARM GAS  C:\Users\Chris\AppData\Local\Temp\cc6QSbh6.s 			page 2


  34:.\Generated_Source\PSoC4/cyfitter_cfg.c ****     #endif
  35:.\Generated_Source\PSoC4/cyfitter_cfg.c ****     
  36:.\Generated_Source\PSoC4/cyfitter_cfg.c ****     #if defined(__ARMCC_VERSION)
  37:.\Generated_Source\PSoC4/cyfitter_cfg.c ****         #define CY_CFG_MEMORY_BARRIER() __memory_changed()
  38:.\Generated_Source\PSoC4/cyfitter_cfg.c ****     #else
  39:.\Generated_Source\PSoC4/cyfitter_cfg.c ****         #define CY_CFG_MEMORY_BARRIER() __sync_synchronize()
  40:.\Generated_Source\PSoC4/cyfitter_cfg.c ****     #endif
  41:.\Generated_Source\PSoC4/cyfitter_cfg.c ****     
  42:.\Generated_Source\PSoC4/cyfitter_cfg.c **** #elif defined(__ICCARM__)
  43:.\Generated_Source\PSoC4/cyfitter_cfg.c ****     #include <intrinsics.h>
  44:.\Generated_Source\PSoC4/cyfitter_cfg.c **** 
  45:.\Generated_Source\PSoC4/cyfitter_cfg.c ****     #define CYPACKED __packed
  46:.\Generated_Source\PSoC4/cyfitter_cfg.c ****     #define CYPACKED_ATTR 
  47:.\Generated_Source\PSoC4/cyfitter_cfg.c ****     #define CYALIGNED _Pragma("data_alignment=4")
  48:.\Generated_Source\PSoC4/cyfitter_cfg.c ****     #define CY_CFG_UNUSED _Pragma("diag_suppress=Pe177")
  49:.\Generated_Source\PSoC4/cyfitter_cfg.c ****     #define CY_CFG_SECTION _Pragma("location=\".psocinit\"")
  50:.\Generated_Source\PSoC4/cyfitter_cfg.c ****     
  51:.\Generated_Source\PSoC4/cyfitter_cfg.c ****     #define CY_CFG_MEMORY_BARRIER() __DMB()
  52:.\Generated_Source\PSoC4/cyfitter_cfg.c ****     
  53:.\Generated_Source\PSoC4/cyfitter_cfg.c **** #else
  54:.\Generated_Source\PSoC4/cyfitter_cfg.c ****     #error Unsupported toolchain
  55:.\Generated_Source\PSoC4/cyfitter_cfg.c **** #endif
  56:.\Generated_Source\PSoC4/cyfitter_cfg.c **** 
  57:.\Generated_Source\PSoC4/cyfitter_cfg.c **** 
  58:.\Generated_Source\PSoC4/cyfitter_cfg.c **** CY_CFG_UNUSED
  59:.\Generated_Source\PSoC4/cyfitter_cfg.c **** static void CYMEMZERO(void *s, size_t n);
  60:.\Generated_Source\PSoC4/cyfitter_cfg.c **** CY_CFG_UNUSED
  61:.\Generated_Source\PSoC4/cyfitter_cfg.c **** static void CYMEMZERO(void *s, size_t n)
  62:.\Generated_Source\PSoC4/cyfitter_cfg.c **** {
  63:.\Generated_Source\PSoC4/cyfitter_cfg.c **** 	(void)memset(s, 0, n);
  64:.\Generated_Source\PSoC4/cyfitter_cfg.c **** }
  65:.\Generated_Source\PSoC4/cyfitter_cfg.c **** CY_CFG_UNUSED
  66:.\Generated_Source\PSoC4/cyfitter_cfg.c **** static void CYCONFIGCPY(void *dest, const void *src, size_t n);
  67:.\Generated_Source\PSoC4/cyfitter_cfg.c **** CY_CFG_UNUSED
  68:.\Generated_Source\PSoC4/cyfitter_cfg.c **** static void CYCONFIGCPY(void *dest, const void *src, size_t n)
  69:.\Generated_Source\PSoC4/cyfitter_cfg.c **** {
  70:.\Generated_Source\PSoC4/cyfitter_cfg.c **** 	(void)memcpy(dest, src, n);
  71:.\Generated_Source\PSoC4/cyfitter_cfg.c **** }
  72:.\Generated_Source\PSoC4/cyfitter_cfg.c **** CY_CFG_UNUSED
  73:.\Generated_Source\PSoC4/cyfitter_cfg.c **** static void CYCONFIGCPYCODE(void *dest, const void *src, size_t n);
  74:.\Generated_Source\PSoC4/cyfitter_cfg.c **** CY_CFG_UNUSED
  75:.\Generated_Source\PSoC4/cyfitter_cfg.c **** static void CYCONFIGCPYCODE(void *dest, const void *src, size_t n)
  76:.\Generated_Source\PSoC4/cyfitter_cfg.c **** {
  77:.\Generated_Source\PSoC4/cyfitter_cfg.c **** 	(void)memcpy(dest, src, n);
  78:.\Generated_Source\PSoC4/cyfitter_cfg.c **** }
  79:.\Generated_Source\PSoC4/cyfitter_cfg.c **** 
  80:.\Generated_Source\PSoC4/cyfitter_cfg.c **** 
  81:.\Generated_Source\PSoC4/cyfitter_cfg.c **** 
  82:.\Generated_Source\PSoC4/cyfitter_cfg.c **** /* Clock startup error codes                                                   */
  83:.\Generated_Source\PSoC4/cyfitter_cfg.c **** #define CYCLOCKSTART_NO_ERROR    0u
  84:.\Generated_Source\PSoC4/cyfitter_cfg.c **** #define CYCLOCKSTART_XTAL_ERROR  1u
  85:.\Generated_Source\PSoC4/cyfitter_cfg.c **** #define CYCLOCKSTART_32KHZ_ERROR 2u
  86:.\Generated_Source\PSoC4/cyfitter_cfg.c **** #define CYCLOCKSTART_PLL_ERROR   3u
  87:.\Generated_Source\PSoC4/cyfitter_cfg.c **** 
  88:.\Generated_Source\PSoC4/cyfitter_cfg.c **** #ifdef CY_NEED_CYCLOCKSTARTUPERROR
  89:.\Generated_Source\PSoC4/cyfitter_cfg.c **** /*******************************************************************************
  90:.\Generated_Source\PSoC4/cyfitter_cfg.c **** * Function Name: CyClockStartupError
ARM GAS  C:\Users\Chris\AppData\Local\Temp\cc6QSbh6.s 			page 3


  91:.\Generated_Source\PSoC4/cyfitter_cfg.c **** ********************************************************************************
  92:.\Generated_Source\PSoC4/cyfitter_cfg.c **** * Summary:
  93:.\Generated_Source\PSoC4/cyfitter_cfg.c **** *  If an error is encountered during clock configuration (crystal startup error,
  94:.\Generated_Source\PSoC4/cyfitter_cfg.c **** *  PLL lock error, etc.), the system will end up here.  Unless reimplemented by
  95:.\Generated_Source\PSoC4/cyfitter_cfg.c **** *  the customer, this function will stop in an infinite loop.
  96:.\Generated_Source\PSoC4/cyfitter_cfg.c **** *
  97:.\Generated_Source\PSoC4/cyfitter_cfg.c **** * Parameters:
  98:.\Generated_Source\PSoC4/cyfitter_cfg.c **** *   void
  99:.\Generated_Source\PSoC4/cyfitter_cfg.c **** *
 100:.\Generated_Source\PSoC4/cyfitter_cfg.c **** * Return:
 101:.\Generated_Source\PSoC4/cyfitter_cfg.c **** *   void
 102:.\Generated_Source\PSoC4/cyfitter_cfg.c **** *
 103:.\Generated_Source\PSoC4/cyfitter_cfg.c **** *******************************************************************************/
 104:.\Generated_Source\PSoC4/cyfitter_cfg.c **** CY_CFG_UNUSED
 105:.\Generated_Source\PSoC4/cyfitter_cfg.c **** static void CyClockStartupError(uint8 errorCode);
 106:.\Generated_Source\PSoC4/cyfitter_cfg.c **** CY_CFG_UNUSED
 107:.\Generated_Source\PSoC4/cyfitter_cfg.c **** static void CyClockStartupError(uint8 errorCode)
 108:.\Generated_Source\PSoC4/cyfitter_cfg.c **** {
 109:.\Generated_Source\PSoC4/cyfitter_cfg.c ****     /* To remove the compiler warning if errorCode not used.                */
 110:.\Generated_Source\PSoC4/cyfitter_cfg.c ****     errorCode = errorCode;
 111:.\Generated_Source\PSoC4/cyfitter_cfg.c **** 
 112:.\Generated_Source\PSoC4/cyfitter_cfg.c ****     /* `#START CyClockStartupError` */
 113:.\Generated_Source\PSoC4/cyfitter_cfg.c **** 
 114:.\Generated_Source\PSoC4/cyfitter_cfg.c ****     /* If we have a clock startup error (bad MHz crystal, PLL lock, etc.),  */
 115:.\Generated_Source\PSoC4/cyfitter_cfg.c ****     /* we will end up here to allow the customer to implement something to  */
 116:.\Generated_Source\PSoC4/cyfitter_cfg.c ****     /* deal with the clock condition.                                       */
 117:.\Generated_Source\PSoC4/cyfitter_cfg.c **** 
 118:.\Generated_Source\PSoC4/cyfitter_cfg.c ****     /* `#END` */
 119:.\Generated_Source\PSoC4/cyfitter_cfg.c **** 
 120:.\Generated_Source\PSoC4/cyfitter_cfg.c ****     /* If nothing else, stop here since the clocks have not started         */
 121:.\Generated_Source\PSoC4/cyfitter_cfg.c ****     /* correctly.                                                           */
 122:.\Generated_Source\PSoC4/cyfitter_cfg.c ****     while(1) {}
 123:.\Generated_Source\PSoC4/cyfitter_cfg.c **** }
 124:.\Generated_Source\PSoC4/cyfitter_cfg.c **** #endif
 125:.\Generated_Source\PSoC4/cyfitter_cfg.c **** 
 126:.\Generated_Source\PSoC4/cyfitter_cfg.c **** #define CY_CFG_BASE_ADDR_COUNT 4u
 127:.\Generated_Source\PSoC4/cyfitter_cfg.c **** CYPACKED typedef struct
 128:.\Generated_Source\PSoC4/cyfitter_cfg.c **** {
 129:.\Generated_Source\PSoC4/cyfitter_cfg.c **** 	uint8 offset;
 130:.\Generated_Source\PSoC4/cyfitter_cfg.c **** 	uint8 value;
 131:.\Generated_Source\PSoC4/cyfitter_cfg.c **** } CYPACKED_ATTR cy_cfg_addrvalue_t;
 132:.\Generated_Source\PSoC4/cyfitter_cfg.c **** 
 133:.\Generated_Source\PSoC4/cyfitter_cfg.c **** 
 134:.\Generated_Source\PSoC4/cyfitter_cfg.c **** 
 135:.\Generated_Source\PSoC4/cyfitter_cfg.c **** /*******************************************************************************
 136:.\Generated_Source\PSoC4/cyfitter_cfg.c **** * Function Name: cfg_write_bytes32
 137:.\Generated_Source\PSoC4/cyfitter_cfg.c **** ********************************************************************************
 138:.\Generated_Source\PSoC4/cyfitter_cfg.c **** * Summary:
 139:.\Generated_Source\PSoC4/cyfitter_cfg.c **** *  This function is used for setting up the chip configuration areas that
 140:.\Generated_Source\PSoC4/cyfitter_cfg.c **** *  contain relatively sparse data.
 141:.\Generated_Source\PSoC4/cyfitter_cfg.c **** *
 142:.\Generated_Source\PSoC4/cyfitter_cfg.c **** * Parameters:
 143:.\Generated_Source\PSoC4/cyfitter_cfg.c **** *   void
 144:.\Generated_Source\PSoC4/cyfitter_cfg.c **** *
 145:.\Generated_Source\PSoC4/cyfitter_cfg.c **** * Return:
 146:.\Generated_Source\PSoC4/cyfitter_cfg.c **** *   void
 147:.\Generated_Source\PSoC4/cyfitter_cfg.c **** *
ARM GAS  C:\Users\Chris\AppData\Local\Temp\cc6QSbh6.s 			page 4


 148:.\Generated_Source\PSoC4/cyfitter_cfg.c **** *******************************************************************************/
 149:.\Generated_Source\PSoC4/cyfitter_cfg.c **** static void cfg_write_bytes32(const uint32 addr_table[], const cy_cfg_addrvalue_t data_table[]);
 150:.\Generated_Source\PSoC4/cyfitter_cfg.c **** static void cfg_write_bytes32(const uint32 addr_table[], const cy_cfg_addrvalue_t data_table[])
 151:.\Generated_Source\PSoC4/cyfitter_cfg.c **** {
  25              		.loc 1 151 0
  26              		.cfi_startproc
  27              	.LVL0:
  28 0000 F0B5     		push	{r4, r5, r6, r7, lr}
  29              		.cfi_def_cfa_offset 20
  30              		.cfi_offset 4, -20
  31              		.cfi_offset 5, -16
  32              		.cfi_offset 6, -12
  33              		.cfi_offset 7, -8
  34              		.cfi_offset 14, -4
  35              	.LVL1:
 152:.\Generated_Source\PSoC4/cyfitter_cfg.c **** 	/* For 32-bit little-endian architectures */
 153:.\Generated_Source\PSoC4/cyfitter_cfg.c **** 	uint32 i, j = 0u;
  36              		.loc 1 153 0
  37 0002 0025     		mov	r5, #0
 154:.\Generated_Source\PSoC4/cyfitter_cfg.c **** 	for (i = 0u; i < CY_CFG_BASE_ADDR_COUNT; i++)
  38              		.loc 1 154 0
  39 0004 0027     		mov	r7, #0
  40 0006 11E0     		b	.L2
  41              	.LVL2:
  42              	.L5:
  43              	.LBB2:
 155:.\Generated_Source\PSoC4/cyfitter_cfg.c **** 	{
 156:.\Generated_Source\PSoC4/cyfitter_cfg.c **** 		uint32 baseAddr = addr_table[i];
  44              		.loc 1 156 0
  45 0008 BB00     		lsl	r3, r7, #2
  46 000a C658     		ldr	r6, [r0, r3]
  47              	.LVL3:
 157:.\Generated_Source\PSoC4/cyfitter_cfg.c **** 		uint8 count = (uint8)baseAddr;
  48              		.loc 1 157 0
  49 000c F3B2     		uxtb	r3, r6
  50              	.LVL4:
 158:.\Generated_Source\PSoC4/cyfitter_cfg.c **** 		baseAddr &= 0xFFFFFF00u;
  51              		.loc 1 158 0
  52 000e FF22     		mov	r2, #255
  53 0010 9643     		bic	r6, r2
  54              	.LVL5:
 159:.\Generated_Source\PSoC4/cyfitter_cfg.c **** 		while (count != 0u)
  55              		.loc 1 159 0
  56 0012 08E0     		b	.L3
  57              	.L4:
 160:.\Generated_Source\PSoC4/cyfitter_cfg.c **** 		{
 161:.\Generated_Source\PSoC4/cyfitter_cfg.c **** 			CY_SET_XTND_REG8((void CYFAR *)(baseAddr + data_table[j].offset), data_table[j].value);
  58              		.loc 1 161 0
  59 0014 6A00     		lsl	r2, r5, #1
  60 0016 8A18     		add	r2, r1, r2
  61 0018 1478     		ldrb	r4, [r2]
  62 001a A419     		add	r4, r4, r6
  63 001c 5278     		ldrb	r2, [r2, #1]
  64 001e 2270     		strb	r2, [r4]
 162:.\Generated_Source\PSoC4/cyfitter_cfg.c **** 			j++;
  65              		.loc 1 162 0
  66 0020 0135     		add	r5, r5, #1
ARM GAS  C:\Users\Chris\AppData\Local\Temp\cc6QSbh6.s 			page 5


  67              	.LVL6:
 163:.\Generated_Source\PSoC4/cyfitter_cfg.c **** 			count--;
  68              		.loc 1 163 0
  69 0022 013B     		sub	r3, r3, #1
  70              	.LVL7:
  71 0024 DBB2     		uxtb	r3, r3
  72              	.LVL8:
  73              	.L3:
 159:.\Generated_Source\PSoC4/cyfitter_cfg.c **** 		{
  74              		.loc 1 159 0
  75 0026 002B     		cmp	r3, #0
  76 0028 F4D1     		bne	.L4
  77              	.LBE2:
 154:.\Generated_Source\PSoC4/cyfitter_cfg.c **** 	{
  78              		.loc 1 154 0 discriminator 2
  79 002a 0137     		add	r7, r7, #1
  80              	.LVL9:
  81              	.L2:
 154:.\Generated_Source\PSoC4/cyfitter_cfg.c **** 	{
  82              		.loc 1 154 0 is_stmt 0 discriminator 1
  83 002c 032F     		cmp	r7, #3
  84 002e EBD9     		bls	.L5
 164:.\Generated_Source\PSoC4/cyfitter_cfg.c **** 		}
 165:.\Generated_Source\PSoC4/cyfitter_cfg.c **** 	}
 166:.\Generated_Source\PSoC4/cyfitter_cfg.c **** }
  85              		.loc 1 166 0 is_stmt 1
  86              		@ sp needed
  87              	.LVL10:
  88              	.LVL11:
  89 0030 F0BD     		pop	{r4, r5, r6, r7, pc}
  90              		.cfi_endproc
  91              	.LFE3:
  92              		.size	cfg_write_bytes32, .-cfg_write_bytes32
  93 0032 C046     		.section	.text.CYMEMZERO,"ax",%progbits
  94              		.align	2
  95              		.code	16
  96              		.thumb_func
  97              		.type	CYMEMZERO, %function
  98              	CYMEMZERO:
  99              	.LFB0:
  62:.\Generated_Source\PSoC4/cyfitter_cfg.c **** 	(void)memset(s, 0, n);
 100              		.loc 1 62 0
 101              		.cfi_startproc
 102              	.LVL12:
 103 0000 08B5     		push	{r3, lr}
 104              		.cfi_def_cfa_offset 8
 105              		.cfi_offset 3, -8
 106              		.cfi_offset 14, -4
 107 0002 0A1C     		mov	r2, r1
  63:.\Generated_Source\PSoC4/cyfitter_cfg.c **** }
 108              		.loc 1 63 0
 109 0004 0021     		mov	r1, #0
 110              	.LVL13:
 111 0006 FFF7FEFF 		bl	memset
 112              	.LVL14:
  64:.\Generated_Source\PSoC4/cyfitter_cfg.c **** CY_CFG_UNUSED
 113              		.loc 1 64 0
ARM GAS  C:\Users\Chris\AppData\Local\Temp\cc6QSbh6.s 			page 6


 114              		@ sp needed
 115 000a 08BD     		pop	{r3, pc}
 116              		.cfi_endproc
 117              	.LFE0:
 118              		.size	CYMEMZERO, .-CYMEMZERO
 119              		.section	.psocinit,"ax",%progbits
 120              		.align	2
 121              		.code	16
 122              		.thumb_func
 123              		.type	ClockSetup, %function
 124              	ClockSetup:
 125              	.LFB4:
 167:.\Generated_Source\PSoC4/cyfitter_cfg.c **** 
 168:.\Generated_Source\PSoC4/cyfitter_cfg.c **** 
 169:.\Generated_Source\PSoC4/cyfitter_cfg.c **** /*******************************************************************************
 170:.\Generated_Source\PSoC4/cyfitter_cfg.c **** * Function Name: ClockSetup
 171:.\Generated_Source\PSoC4/cyfitter_cfg.c **** ********************************************************************************
 172:.\Generated_Source\PSoC4/cyfitter_cfg.c **** *
 173:.\Generated_Source\PSoC4/cyfitter_cfg.c **** * Summary:
 174:.\Generated_Source\PSoC4/cyfitter_cfg.c **** *   Performs the initialization of all of the clocks in the device based on the
 175:.\Generated_Source\PSoC4/cyfitter_cfg.c **** *   settings in the Clock tab of the DWR.  This includes enabling the requested
 176:.\Generated_Source\PSoC4/cyfitter_cfg.c **** *   clocks and setting the necessary dividers to produce the desired frequency. 
 177:.\Generated_Source\PSoC4/cyfitter_cfg.c **** *
 178:.\Generated_Source\PSoC4/cyfitter_cfg.c **** * Parameters:
 179:.\Generated_Source\PSoC4/cyfitter_cfg.c **** *   void
 180:.\Generated_Source\PSoC4/cyfitter_cfg.c **** *
 181:.\Generated_Source\PSoC4/cyfitter_cfg.c **** * Return:
 182:.\Generated_Source\PSoC4/cyfitter_cfg.c **** *   void
 183:.\Generated_Source\PSoC4/cyfitter_cfg.c **** *
 184:.\Generated_Source\PSoC4/cyfitter_cfg.c **** *******************************************************************************/
 185:.\Generated_Source\PSoC4/cyfitter_cfg.c **** static void ClockSetup(void);
 186:.\Generated_Source\PSoC4/cyfitter_cfg.c **** CY_CFG_SECTION
 187:.\Generated_Source\PSoC4/cyfitter_cfg.c **** static void ClockSetup(void)
 188:.\Generated_Source\PSoC4/cyfitter_cfg.c **** {
 126              		.loc 1 188 0
 127              		.cfi_startproc
 128 0000 38B5     		push	{r3, r4, r5, lr}
 129              		.cfi_def_cfa_offset 16
 130              		.cfi_offset 3, -16
 131              		.cfi_offset 4, -12
 132              		.cfi_offset 5, -8
 133              		.cfi_offset 14, -4
 189:.\Generated_Source\PSoC4/cyfitter_cfg.c **** 	/* Enable HALF_EN before trimming for the flash accelerator. */
 190:.\Generated_Source\PSoC4/cyfitter_cfg.c **** 	CY_SET_REG32((void CYXDATA *)(CYREG_CLK_SELECT), (CY_GET_REG32((void *)CYREG_CLK_SELECT) | 0x00040
 134              		.loc 1 190 0
 135 0002 134C     		ldr	r4, .L8
 136 0004 2368     		ldr	r3, [r4]
 137 0006 8022     		mov	r2, #128
 138 0008 D202     		lsl	r2, r2, #11
 139 000a 1343     		orr	r3, r2
 140 000c 2360     		str	r3, [r4]
 191:.\Generated_Source\PSoC4/cyfitter_cfg.c **** 
 192:.\Generated_Source\PSoC4/cyfitter_cfg.c **** 	/* Setup and trim IMO based on desired frequency. */
 193:.\Generated_Source\PSoC4/cyfitter_cfg.c **** 	CySysClkWriteImoFreq(24u);
 141              		.loc 1 193 0
 142 000e 1820     		mov	r0, #24
 143 0010 FFF7FEFF 		bl	CySysClkWriteImoFreq
ARM GAS  C:\Users\Chris\AppData\Local\Temp\cc6QSbh6.s 			page 7


 144              	.LVL15:
 194:.\Generated_Source\PSoC4/cyfitter_cfg.c **** 
 195:.\Generated_Source\PSoC4/cyfitter_cfg.c **** 	/* Disable HALF_EN since it is not required at this IMO frequency. */
 196:.\Generated_Source\PSoC4/cyfitter_cfg.c **** 	CY_SET_REG32((void CYXDATA *)(CYREG_CLK_SELECT), (CY_GET_REG32((void *)CYREG_CLK_SELECT) & 0xFFFBF
 145              		.loc 1 196 0
 146 0014 2268     		ldr	r2, [r4]
 147 0016 0F4B     		ldr	r3, .L8+4
 148 0018 1340     		and	r3, r2
 149 001a 2360     		str	r3, [r4]
 197:.\Generated_Source\PSoC4/cyfitter_cfg.c **** 	/* CYDEV_CLK_ILO_CONFIG Starting address: CYDEV_CLK_ILO_CONFIG */
 198:.\Generated_Source\PSoC4/cyfitter_cfg.c **** 	CY_SET_XTND_REG32((void CYFAR *)(CYREG_CLK_ILO_CONFIG), 0x80000006u);
 150              		.loc 1 198 0
 151 001c 0E4A     		ldr	r2, .L8+8
 152 001e 0F4B     		ldr	r3, .L8+12
 153 0020 1A60     		str	r2, [r3]
 199:.\Generated_Source\PSoC4/cyfitter_cfg.c **** 
 200:.\Generated_Source\PSoC4/cyfitter_cfg.c **** 
 201:.\Generated_Source\PSoC4/cyfitter_cfg.c **** 	/* CYDEV_CLK_SELECT00 Starting address: CYDEV_CLK_SELECT00 */
 202:.\Generated_Source\PSoC4/cyfitter_cfg.c **** 	CY_SET_XTND_REG32((void CYFAR *)(CYREG_CLK_SELECT08), 0x00000010u);
 154              		.loc 1 202 0
 155 0022 1022     		mov	r2, #16
 156 0024 0E4B     		ldr	r3, .L8+16
 157 0026 1A60     		str	r2, [r3]
 203:.\Generated_Source\PSoC4/cyfitter_cfg.c **** 
 204:.\Generated_Source\PSoC4/cyfitter_cfg.c **** 	/* CYDEV_CLK_IMO_CONFIG Starting address: CYDEV_CLK_IMO_CONFIG */
 205:.\Generated_Source\PSoC4/cyfitter_cfg.c **** 	CY_SET_XTND_REG32((void CYFAR *)(CYREG_CLK_IMO_CONFIG), 0x80000000u);
 158              		.loc 1 205 0
 159 0028 8022     		mov	r2, #128
 160 002a 1206     		lsl	r2, r2, #24
 161 002c 0D4B     		ldr	r3, .L8+20
 162 002e 1A60     		str	r2, [r3]
 206:.\Generated_Source\PSoC4/cyfitter_cfg.c **** 
 207:.\Generated_Source\PSoC4/cyfitter_cfg.c **** 	/* CYDEV_CLK_SELECT Starting address: CYDEV_CLK_SELECT */
 208:.\Generated_Source\PSoC4/cyfitter_cfg.c **** 	CY_SET_XTND_REG32((void CYFAR *)(CYREG_CLK_SELECT), 0x00000000u);
 163              		.loc 1 208 0
 164 0030 0025     		mov	r5, #0
 165 0032 2560     		str	r5, [r4]
 209:.\Generated_Source\PSoC4/cyfitter_cfg.c **** 
 210:.\Generated_Source\PSoC4/cyfitter_cfg.c **** 	/* CYDEV_CLK_DIVIDER_A00 Starting address: CYDEV_CLK_DIVIDER_A00 */
 211:.\Generated_Source\PSoC4/cyfitter_cfg.c **** 	CY_SET_XTND_REG32((void CYFAR *)(CYREG_CLK_DIVIDER_A00), 0x80000001u);
 166              		.loc 1 211 0
 167 0034 0C4A     		ldr	r2, .L8+24
 168 0036 0D4B     		ldr	r3, .L8+28
 169 0038 1A60     		str	r2, [r3]
 212:.\Generated_Source\PSoC4/cyfitter_cfg.c **** 
 213:.\Generated_Source\PSoC4/cyfitter_cfg.c **** 	(void)CyIntSetVector(9u, &CySysWdtIsr);
 170              		.loc 1 213 0
 171 003a 0920     		mov	r0, #9
 172 003c 0C49     		ldr	r1, .L8+32
 173 003e FFF7FEFF 		bl	CyIntSetVector
 174              	.LVL16:
 214:.\Generated_Source\PSoC4/cyfitter_cfg.c **** 	CyIntEnable(9u);
 175              		.loc 1 214 0
 176 0042 0920     		mov	r0, #9
 177 0044 FFF7FEFF 		bl	CyIntEnable
 178              	.LVL17:
 215:.\Generated_Source\PSoC4/cyfitter_cfg.c **** 	CY_SET_XTND_REG32((void CYFAR *)(CYREG_WDT_CONFIG), 0x00000000u);
ARM GAS  C:\Users\Chris\AppData\Local\Temp\cc6QSbh6.s 			page 8


 179              		.loc 1 215 0
 180 0048 0A4B     		ldr	r3, .L8+36
 181 004a 1D60     		str	r5, [r3]
 216:.\Generated_Source\PSoC4/cyfitter_cfg.c **** }
 182              		.loc 1 216 0
 183              		@ sp needed
 184 004c 38BD     		pop	{r3, r4, r5, pc}
 185              	.L9:
 186 004e C046     		.align	2
 187              	.L8:
 188 0050 00010B40 		.word	1074462976
 189 0054 FFFFFBFF 		.word	-262145
 190 0058 06000080 		.word	-2147483642
 191 005c 04010B40 		.word	1074462980
 192 0060 20020240 		.word	1073873440
 193 0064 08010B40 		.word	1074462984
 194 0068 01000080 		.word	-2147483647
 195 006c 00000240 		.word	1073872896
 196 0070 00000000 		.word	CySysWdtIsr
 197 0074 0C020B40 		.word	1074463244
 198              		.cfi_endproc
 199              	.LFE4:
 200              		.size	ClockSetup, .-ClockSetup
 201              		.align	2
 202              		.global	cyfitter_cfg
 203              		.code	16
 204              		.thumb_func
 205              		.type	cyfitter_cfg, %function
 206              	cyfitter_cfg:
 207              	.LFB6:
 217:.\Generated_Source\PSoC4/cyfitter_cfg.c **** 
 218:.\Generated_Source\PSoC4/cyfitter_cfg.c **** 
 219:.\Generated_Source\PSoC4/cyfitter_cfg.c **** /* Analog API Functions */
 220:.\Generated_Source\PSoC4/cyfitter_cfg.c **** 
 221:.\Generated_Source\PSoC4/cyfitter_cfg.c **** 
 222:.\Generated_Source\PSoC4/cyfitter_cfg.c **** /*******************************************************************************
 223:.\Generated_Source\PSoC4/cyfitter_cfg.c **** * Function Name: AnalogSetDefault
 224:.\Generated_Source\PSoC4/cyfitter_cfg.c **** ********************************************************************************
 225:.\Generated_Source\PSoC4/cyfitter_cfg.c **** *
 226:.\Generated_Source\PSoC4/cyfitter_cfg.c **** * Summary:
 227:.\Generated_Source\PSoC4/cyfitter_cfg.c **** *  Sets up the analog portions of the chip to default values based on chip
 228:.\Generated_Source\PSoC4/cyfitter_cfg.c **** *  configuration options from the project.
 229:.\Generated_Source\PSoC4/cyfitter_cfg.c **** *
 230:.\Generated_Source\PSoC4/cyfitter_cfg.c **** * Parameters:
 231:.\Generated_Source\PSoC4/cyfitter_cfg.c **** *  void
 232:.\Generated_Source\PSoC4/cyfitter_cfg.c **** *
 233:.\Generated_Source\PSoC4/cyfitter_cfg.c **** * Return:
 234:.\Generated_Source\PSoC4/cyfitter_cfg.c **** *  void
 235:.\Generated_Source\PSoC4/cyfitter_cfg.c **** *
 236:.\Generated_Source\PSoC4/cyfitter_cfg.c **** *******************************************************************************/
 237:.\Generated_Source\PSoC4/cyfitter_cfg.c **** static void AnalogSetDefault(void);
 238:.\Generated_Source\PSoC4/cyfitter_cfg.c **** static void AnalogSetDefault(void)
 239:.\Generated_Source\PSoC4/cyfitter_cfg.c **** {
 240:.\Generated_Source\PSoC4/cyfitter_cfg.c **** }
 241:.\Generated_Source\PSoC4/cyfitter_cfg.c **** 
 242:.\Generated_Source\PSoC4/cyfitter_cfg.c **** #define CY_AMUX_UNUSED CYREG_CM0_ROM_DWT
 243:.\Generated_Source\PSoC4/cyfitter_cfg.c **** 
ARM GAS  C:\Users\Chris\AppData\Local\Temp\cc6QSbh6.s 			page 9


 244:.\Generated_Source\PSoC4/cyfitter_cfg.c **** 
 245:.\Generated_Source\PSoC4/cyfitter_cfg.c **** /*******************************************************************************
 246:.\Generated_Source\PSoC4/cyfitter_cfg.c **** * Function Name: cyfitter_cfg
 247:.\Generated_Source\PSoC4/cyfitter_cfg.c **** ********************************************************************************
 248:.\Generated_Source\PSoC4/cyfitter_cfg.c **** * Summary:
 249:.\Generated_Source\PSoC4/cyfitter_cfg.c **** *  This function is called by the start-up code for the selected device. It
 250:.\Generated_Source\PSoC4/cyfitter_cfg.c **** *  performs all of the necessary device configuration based on the design
 251:.\Generated_Source\PSoC4/cyfitter_cfg.c **** *  settings.  This includes settings from the Design Wide Resources (DWR) such
 252:.\Generated_Source\PSoC4/cyfitter_cfg.c **** *  as Clocks and Pins as well as any component configuration that is necessary.
 253:.\Generated_Source\PSoC4/cyfitter_cfg.c **** *
 254:.\Generated_Source\PSoC4/cyfitter_cfg.c **** * Parameters:  
 255:.\Generated_Source\PSoC4/cyfitter_cfg.c **** *   void
 256:.\Generated_Source\PSoC4/cyfitter_cfg.c **** *
 257:.\Generated_Source\PSoC4/cyfitter_cfg.c **** * Return:
 258:.\Generated_Source\PSoC4/cyfitter_cfg.c **** *   void
 259:.\Generated_Source\PSoC4/cyfitter_cfg.c **** *
 260:.\Generated_Source\PSoC4/cyfitter_cfg.c **** *******************************************************************************/
 261:.\Generated_Source\PSoC4/cyfitter_cfg.c **** CY_CFG_SECTION
 262:.\Generated_Source\PSoC4/cyfitter_cfg.c **** void cyfitter_cfg(void)
 263:.\Generated_Source\PSoC4/cyfitter_cfg.c **** {
 208              		.loc 1 263 0
 209              		.cfi_startproc
 210 0078 10B5     		push	{r4, lr}
 211              		.cfi_def_cfa_offset 8
 212              		.cfi_offset 4, -8
 213              		.cfi_offset 14, -4
 264:.\Generated_Source\PSoC4/cyfitter_cfg.c **** 	/* Disable interrupts by default. Let user enable if/when they want. */
 265:.\Generated_Source\PSoC4/cyfitter_cfg.c **** 	CyGlobalIntDisable;
 214              		.loc 1 265 0
 215              	@ 265 ".\Generated_Source\PSoC4\cyfitter_cfg.c" 1
 216 007a 72B6     		CPSID   i
 217              	@ 0 "" 2
 218              	.LVL18:
 219              		.code	16
 220              	.LBB3:
 266:.\Generated_Source\PSoC4/cyfitter_cfg.c **** 
 267:.\Generated_Source\PSoC4/cyfitter_cfg.c **** 	{
 268:.\Generated_Source\PSoC4/cyfitter_cfg.c **** 		static const uint32 CYCODE cy_cfg_addr_table[] = {
 269:.\Generated_Source\PSoC4/cyfitter_cfg.c **** 			0x400F3209u, /* Base address: 0x400F3200 Count: 9 */
 270:.\Generated_Source\PSoC4/cyfitter_cfg.c **** 			0x400F330Au, /* Base address: 0x400F3300 Count: 10 */
 271:.\Generated_Source\PSoC4/cyfitter_cfg.c **** 			0x400F4104u, /* Base address: 0x400F4100 Count: 4 */
 272:.\Generated_Source\PSoC4/cyfitter_cfg.c **** 			0x400F4307u, /* Base address: 0x400F4300 Count: 7 */
 273:.\Generated_Source\PSoC4/cyfitter_cfg.c **** 		};
 274:.\Generated_Source\PSoC4/cyfitter_cfg.c **** 
 275:.\Generated_Source\PSoC4/cyfitter_cfg.c **** 		static const cy_cfg_addrvalue_t CYCODE cy_cfg_data_table[] = {
 276:.\Generated_Source\PSoC4/cyfitter_cfg.c **** 			{0x1Au, 0x01u},
 277:.\Generated_Source\PSoC4/cyfitter_cfg.c **** 			{0x1Eu, 0x02u},
 278:.\Generated_Source\PSoC4/cyfitter_cfg.c **** 			{0x2Au, 0x06u},
 279:.\Generated_Source\PSoC4/cyfitter_cfg.c **** 			{0x2Eu, 0x05u},
 280:.\Generated_Source\PSoC4/cyfitter_cfg.c **** 			{0x36u, 0x07u},
 281:.\Generated_Source\PSoC4/cyfitter_cfg.c **** 			{0x3Eu, 0x40u},
 282:.\Generated_Source\PSoC4/cyfitter_cfg.c **** 			{0x58u, 0x04u},
 283:.\Generated_Source\PSoC4/cyfitter_cfg.c **** 			{0x5Bu, 0x04u},
 284:.\Generated_Source\PSoC4/cyfitter_cfg.c **** 			{0x5Fu, 0x01u},
 285:.\Generated_Source\PSoC4/cyfitter_cfg.c **** 			{0x0Du, 0x80u},
 286:.\Generated_Source\PSoC4/cyfitter_cfg.c **** 			{0x0Eu, 0x08u},
 287:.\Generated_Source\PSoC4/cyfitter_cfg.c **** 			{0x15u, 0x50u},
ARM GAS  C:\Users\Chris\AppData\Local\Temp\cc6QSbh6.s 			page 10


 288:.\Generated_Source\PSoC4/cyfitter_cfg.c **** 			{0x1Fu, 0x40u},
 289:.\Generated_Source\PSoC4/cyfitter_cfg.c **** 			{0x6Du, 0x50u},
 290:.\Generated_Source\PSoC4/cyfitter_cfg.c **** 			{0x87u, 0x40u},
 291:.\Generated_Source\PSoC4/cyfitter_cfg.c **** 			{0x89u, 0x80u},
 292:.\Generated_Source\PSoC4/cyfitter_cfg.c **** 			{0x8Eu, 0x04u},
 293:.\Generated_Source\PSoC4/cyfitter_cfg.c **** 			{0xC2u, 0xC0u},
 294:.\Generated_Source\PSoC4/cyfitter_cfg.c **** 			{0xC4u, 0xC0u},
 295:.\Generated_Source\PSoC4/cyfitter_cfg.c **** 			{0x63u, 0x10u},
 296:.\Generated_Source\PSoC4/cyfitter_cfg.c **** 			{0x87u, 0x10u},
 297:.\Generated_Source\PSoC4/cyfitter_cfg.c **** 			{0xD8u, 0x40u},
 298:.\Generated_Source\PSoC4/cyfitter_cfg.c **** 			{0xE2u, 0x10u},
 299:.\Generated_Source\PSoC4/cyfitter_cfg.c **** 			{0x19u, 0x08u},
 300:.\Generated_Source\PSoC4/cyfitter_cfg.c **** 			{0x20u, 0x08u},
 301:.\Generated_Source\PSoC4/cyfitter_cfg.c **** 			{0x88u, 0x04u},
 302:.\Generated_Source\PSoC4/cyfitter_cfg.c **** 			{0x8Du, 0x08u},
 303:.\Generated_Source\PSoC4/cyfitter_cfg.c **** 			{0xC6u, 0x08u},
 304:.\Generated_Source\PSoC4/cyfitter_cfg.c **** 			{0xC8u, 0x08u},
 305:.\Generated_Source\PSoC4/cyfitter_cfg.c **** 			{0xE2u, 0x06u},
 306:.\Generated_Source\PSoC4/cyfitter_cfg.c **** 		};
 307:.\Generated_Source\PSoC4/cyfitter_cfg.c **** 
 308:.\Generated_Source\PSoC4/cyfitter_cfg.c **** 
 309:.\Generated_Source\PSoC4/cyfitter_cfg.c **** 
 310:.\Generated_Source\PSoC4/cyfitter_cfg.c **** 		CYPACKED typedef struct {
 311:.\Generated_Source\PSoC4/cyfitter_cfg.c **** 			void CYFAR *address;
 312:.\Generated_Source\PSoC4/cyfitter_cfg.c **** 			uint16 size;
 313:.\Generated_Source\PSoC4/cyfitter_cfg.c **** 		} CYPACKED_ATTR cfg_memset_t;
 314:.\Generated_Source\PSoC4/cyfitter_cfg.c **** 
 315:.\Generated_Source\PSoC4/cyfitter_cfg.c **** 		static const cfg_memset_t CYCODE cfg_memset_list [] = {
 316:.\Generated_Source\PSoC4/cyfitter_cfg.c **** 			/* address, size */
 317:.\Generated_Source\PSoC4/cyfitter_cfg.c **** 			{(void CYFAR *)(CYDEV_UDB_P0_U0_BASE), 1024u},
 318:.\Generated_Source\PSoC4/cyfitter_cfg.c **** 			{(void CYFAR *)(CYDEV_UDB_DSI0_BASE), 1024u},
 319:.\Generated_Source\PSoC4/cyfitter_cfg.c **** 		};
 320:.\Generated_Source\PSoC4/cyfitter_cfg.c **** 
 321:.\Generated_Source\PSoC4/cyfitter_cfg.c **** 		uint8 CYDATA i;
 322:.\Generated_Source\PSoC4/cyfitter_cfg.c **** 
 323:.\Generated_Source\PSoC4/cyfitter_cfg.c **** 		/* Zero out critical memory blocks before beginning configuration */
 324:.\Generated_Source\PSoC4/cyfitter_cfg.c **** 		for (i = 0u; i < (sizeof(cfg_memset_list)/sizeof(cfg_memset_list[0])); i++)
 221              		.loc 1 324 0
 222 007c 0024     		mov	r4, #0
 223 007e 10E0     		b	.L11
 224              	.LVL19:
 225              	.L12:
 226              	.LBB4:
 325:.\Generated_Source\PSoC4/cyfitter_cfg.c **** 		{
 326:.\Generated_Source\PSoC4/cyfitter_cfg.c **** 			const cfg_memset_t CYCODE * CYDATA ms = &cfg_memset_list[i];
 327:.\Generated_Source\PSoC4/cyfitter_cfg.c **** 			CYMEMZERO(ms->address, (size_t)(uint32)(ms->size));
 227              		.loc 1 327 0 discriminator 3
 228 0080 2848     		ldr	r0, .L13
 229 0082 6300     		lsl	r3, r4, #1
 230 0084 1A19     		add	r2, r3, r4
 231 0086 5200     		lsl	r2, r2, #1
 232 0088 8218     		add	r2, r0, r2
 233 008a 9188     		ldrh	r1, [r2, #4]
 234 008c 1B19     		add	r3, r3, r4
 235 008e 5B00     		lsl	r3, r3, #1
 236 0090 1A5A     		ldrh	r2, [r3, r0]
 237 0092 C318     		add	r3, r0, r3
ARM GAS  C:\Users\Chris\AppData\Local\Temp\cc6QSbh6.s 			page 11


 238 0094 5888     		ldrh	r0, [r3, #2]
 239 0096 0004     		lsl	r0, r0, #16
 240 0098 1043     		orr	r0, r2
 241 009a FFF7FEFF 		bl	CYMEMZERO
 242              	.LVL20:
 243              	.LBE4:
 324:.\Generated_Source\PSoC4/cyfitter_cfg.c **** 		{
 244              		.loc 1 324 0 discriminator 3
 245 009e 0134     		add	r4, r4, #1
 246              	.LVL21:
 247 00a0 E4B2     		uxtb	r4, r4
 248              	.LVL22:
 249              	.L11:
 324:.\Generated_Source\PSoC4/cyfitter_cfg.c **** 		{
 250              		.loc 1 324 0 is_stmt 0 discriminator 1
 251 00a2 012C     		cmp	r4, #1
 252 00a4 ECD9     		bls	.L12
 328:.\Generated_Source\PSoC4/cyfitter_cfg.c **** 		}
 329:.\Generated_Source\PSoC4/cyfitter_cfg.c **** 
 330:.\Generated_Source\PSoC4/cyfitter_cfg.c **** 		cfg_write_bytes32(cy_cfg_addr_table, cy_cfg_data_table);
 253              		.loc 1 330 0 is_stmt 1
 254 00a6 1F49     		ldr	r1, .L13
 255 00a8 081C     		mov	r0, r1
 256 00aa 0C30     		add	r0, r0, #12
 257 00ac 1C31     		add	r1, r1, #28
 258 00ae FFF7FEFF 		bl	cfg_write_bytes32
 259              	.LVL23:
 331:.\Generated_Source\PSoC4/cyfitter_cfg.c **** 
 332:.\Generated_Source\PSoC4/cyfitter_cfg.c **** 		/* HSIOM Starting address: CYDEV_HSIOM_BASE */
 333:.\Generated_Source\PSoC4/cyfitter_cfg.c **** 		CY_SET_XTND_REG32((void CYFAR *)(CYREG_HSIOM_PORT_SEL1), 0x03000000u);
 260              		.loc 1 333 0
 261 00b2 C022     		mov	r2, #192
 262 00b4 9204     		lsl	r2, r2, #18
 263 00b6 1C4B     		ldr	r3, .L13+4
 264 00b8 1A60     		str	r2, [r3]
 334:.\Generated_Source\PSoC4/cyfitter_cfg.c **** 		CY_SET_XTND_REG32((void CYFAR *)(CYREG_HSIOM_PORT_SEL3), 0x0000EE00u);
 265              		.loc 1 334 0
 266 00ba EE22     		mov	r2, #238
 267 00bc 1202     		lsl	r2, r2, #8
 268 00be 1B4B     		ldr	r3, .L13+8
 269 00c0 1A60     		str	r2, [r3]
 335:.\Generated_Source\PSoC4/cyfitter_cfg.c **** 
 336:.\Generated_Source\PSoC4/cyfitter_cfg.c **** 		/* UDB_PA_0 Starting address: CYDEV_UDB_PA0_BASE */
 337:.\Generated_Source\PSoC4/cyfitter_cfg.c **** 		CY_SET_XTND_REG32((void CYFAR *)(CYDEV_UDB_PA0_BASE), 0x00990000u);
 270              		.loc 1 337 0
 271 00c2 9923     		mov	r3, #153
 272 00c4 1B04     		lsl	r3, r3, #16
 273 00c6 1A4A     		ldr	r2, .L13+12
 274 00c8 1360     		str	r3, [r2]
 338:.\Generated_Source\PSoC4/cyfitter_cfg.c **** 
 339:.\Generated_Source\PSoC4/cyfitter_cfg.c **** 		/* UDB_PA_1 Starting address: CYDEV_UDB_PA1_BASE */
 340:.\Generated_Source\PSoC4/cyfitter_cfg.c **** 		CY_SET_XTND_REG32((void CYFAR *)(CYDEV_UDB_PA1_BASE), 0x00990000u);
 275              		.loc 1 340 0
 276 00ca 1A4A     		ldr	r2, .L13+16
 277 00cc 1360     		str	r3, [r2]
 341:.\Generated_Source\PSoC4/cyfitter_cfg.c **** 		CY_SET_XTND_REG32((void CYFAR *)(CYREG_UDB_PA1_CFG8), 0x20000000u);
 278              		.loc 1 341 0
ARM GAS  C:\Users\Chris\AppData\Local\Temp\cc6QSbh6.s 			page 12


 279 00ce 8021     		mov	r1, #128
 280 00d0 8905     		lsl	r1, r1, #22
 281 00d2 194A     		ldr	r2, .L13+20
 282 00d4 1160     		str	r1, [r2]
 342:.\Generated_Source\PSoC4/cyfitter_cfg.c **** 
 343:.\Generated_Source\PSoC4/cyfitter_cfg.c **** 		/* UDB_PA_3 Starting address: CYDEV_UDB_PA3_BASE */
 344:.\Generated_Source\PSoC4/cyfitter_cfg.c **** 		CY_SET_XTND_REG32((void CYFAR *)(CYDEV_UDB_PA3_BASE), 0x00990000u);
 283              		.loc 1 344 0
 284 00d6 194A     		ldr	r2, .L13+24
 285 00d8 1360     		str	r3, [r2]
 345:.\Generated_Source\PSoC4/cyfitter_cfg.c **** 
 346:.\Generated_Source\PSoC4/cyfitter_cfg.c **** 		/* Enable digital routing */
 347:.\Generated_Source\PSoC4/cyfitter_cfg.c **** 		CY_SET_XTND_REG8((void *)CYREG_UDB_UDBIF_BANK_CTL, CY_GET_XTND_REG8((void *)CYREG_UDB_UDBIF_BANK_
 286              		.loc 1 347 0
 287 00da 194B     		ldr	r3, .L13+28
 288 00dc 1978     		ldrb	r1, [r3]
 289 00de 0222     		mov	r2, #2
 290 00e0 0A43     		orr	r2, r1
 291 00e2 1A70     		strb	r2, [r3]
 348:.\Generated_Source\PSoC4/cyfitter_cfg.c **** 
 349:.\Generated_Source\PSoC4/cyfitter_cfg.c **** 		/* Enable UDB array */
 350:.\Generated_Source\PSoC4/cyfitter_cfg.c **** 		CY_SET_XTND_REG8((void *)CYREG_UDB_UDBIF_WAIT_CFG, (uint8)((CY_GET_XTND_REG8((void *)CYREG_UDB_UD
 292              		.loc 1 350 0
 293 00e4 1748     		ldr	r0, .L13+32
 294 00e6 0278     		ldrb	r2, [r0]
 295 00e8 3C21     		mov	r1, #60
 296 00ea 8A43     		bic	r2, r1
 297 00ec 2839     		sub	r1, r1, #40
 298 00ee 0A43     		orr	r2, r1
 299 00f0 0270     		strb	r2, [r0]
 351:.\Generated_Source\PSoC4/cyfitter_cfg.c **** 		CY_SET_XTND_REG8((void *)CYREG_UDB_UDBIF_BANK_CTL, (uint8)(CY_GET_XTND_REG8((void *)CYREG_UDB_UDB
 300              		.loc 1 351 0
 301 00f2 1978     		ldrb	r1, [r3]
 302 00f4 1622     		mov	r2, #22
 303 00f6 0A43     		orr	r2, r1
 304 00f8 1A70     		strb	r2, [r3]
 305              	.LBE3:
 352:.\Generated_Source\PSoC4/cyfitter_cfg.c **** 	}
 353:.\Generated_Source\PSoC4/cyfitter_cfg.c **** 
 354:.\Generated_Source\PSoC4/cyfitter_cfg.c **** 	/* Perform second pass device configuration. These items must be configured in specific order afte
 355:.\Generated_Source\PSoC4/cyfitter_cfg.c **** 	/* IOPINS0_0 Starting address: CYDEV_PRT0_BASE */
 356:.\Generated_Source\PSoC4/cyfitter_cfg.c **** 	CY_SET_XTND_REG32((void CYFAR *)(CYDEV_PRT0_BASE), 0x0000008Cu);
 306              		.loc 1 356 0
 307 00fa 8C22     		mov	r2, #140
 308 00fc 124B     		ldr	r3, .L13+36
 309 00fe 1A60     		str	r2, [r3]
 357:.\Generated_Source\PSoC4/cyfitter_cfg.c **** 	CY_SET_XTND_REG32((void CYFAR *)(CYREG_PRT0_PC), 0x00400D80u);
 310              		.loc 1 357 0
 311 0100 124A     		ldr	r2, .L13+40
 312 0102 134B     		ldr	r3, .L13+44
 313 0104 1A60     		str	r2, [r3]
 358:.\Generated_Source\PSoC4/cyfitter_cfg.c **** 
 359:.\Generated_Source\PSoC4/cyfitter_cfg.c **** 	/* IOPINS0_1 Starting address: CYDEV_PRT1_BASE */
 360:.\Generated_Source\PSoC4/cyfitter_cfg.c **** 	CY_SET_XTND_REG32((void CYFAR *)(CYDEV_PRT1_BASE), 0x00000040u);
 314              		.loc 1 360 0
 315 0106 4022     		mov	r2, #64
 316 0108 124B     		ldr	r3, .L13+48
ARM GAS  C:\Users\Chris\AppData\Local\Temp\cc6QSbh6.s 			page 13


 317 010a 1A60     		str	r2, [r3]
 361:.\Generated_Source\PSoC4/cyfitter_cfg.c **** 	CY_SET_XTND_REG32((void CYFAR *)(CYREG_PRT1_PC), 0x00180000u);
 318              		.loc 1 361 0
 319 010c C022     		mov	r2, #192
 320 010e 5203     		lsl	r2, r2, #13
 321 0110 114B     		ldr	r3, .L13+52
 322 0112 1A60     		str	r2, [r3]
 362:.\Generated_Source\PSoC4/cyfitter_cfg.c **** 
 363:.\Generated_Source\PSoC4/cyfitter_cfg.c **** 	/* IOPINS0_3 Starting address: CYDEV_PRT3_BASE */
 364:.\Generated_Source\PSoC4/cyfitter_cfg.c **** 	CY_SET_XTND_REG32((void CYFAR *)(CYREG_PRT3_PC), 0x00000D80u);
 323              		.loc 1 364 0
 324 0114 D822     		mov	r2, #216
 325 0116 1201     		lsl	r2, r2, #4
 326 0118 104B     		ldr	r3, .L13+56
 327 011a 1A60     		str	r2, [r3]
 365:.\Generated_Source\PSoC4/cyfitter_cfg.c **** 
 366:.\Generated_Source\PSoC4/cyfitter_cfg.c **** 
 367:.\Generated_Source\PSoC4/cyfitter_cfg.c **** 	/* Setup clocks based on selections from Clock DWR */
 368:.\Generated_Source\PSoC4/cyfitter_cfg.c **** 	ClockSetup();
 328              		.loc 1 368 0
 329 011c FFF770FF 		bl	ClockSetup
 330              	.LVL24:
 369:.\Generated_Source\PSoC4/cyfitter_cfg.c **** 
 370:.\Generated_Source\PSoC4/cyfitter_cfg.c **** 	/* Perform basic analog initialization to defaults */
 371:.\Generated_Source\PSoC4/cyfitter_cfg.c **** 	AnalogSetDefault();
 372:.\Generated_Source\PSoC4/cyfitter_cfg.c **** 
 373:.\Generated_Source\PSoC4/cyfitter_cfg.c **** }
 331              		.loc 1 373 0
 332              		@ sp needed
 333              	.LVL25:
 334 0120 10BD     		pop	{r4, pc}
 335              	.L14:
 336 0122 C046     		.align	2
 337              	.L13:
 338 0124 00000000 		.word	.LANCHOR0
 339 0128 04000140 		.word	1073807364
 340 012c 0C000140 		.word	1073807372
 341 0130 00500F40 		.word	1074745344
 342 0134 10500F40 		.word	1074745360
 343 0138 18500F40 		.word	1074745368
 344 013c 30500F40 		.word	1074745392
 345 0140 00700F40 		.word	1074753536
 346 0144 01700F40 		.word	1074753537
 347 0148 00000440 		.word	1074003968
 348 014c 800D4000 		.word	4197760
 349 0150 08000440 		.word	1074003976
 350 0154 00010440 		.word	1074004224
 351 0158 08010440 		.word	1074004232
 352 015c 08030440 		.word	1074004744
 353              		.cfi_endproc
 354              	.LFE6:
 355              		.size	cyfitter_cfg, .-cyfitter_cfg
 356              		.section	.rodata
 357              		.align	2
 358              		.set	.LANCHOR0,. + 0
 359              		.type	cfg_memset_list.4746, %object
 360              		.size	cfg_memset_list.4746, 12
ARM GAS  C:\Users\Chris\AppData\Local\Temp\cc6QSbh6.s 			page 14


 361              	cfg_memset_list.4746:
 362 0000 00300F40 		.word	1074737152
 363 0004 0004     		.short	1024
 364 0006 00400F40 		.4byte	1074741248
 365 000a 0004     		.short	1024
 366              		.type	cy_cfg_addr_table.4740, %object
 367              		.size	cy_cfg_addr_table.4740, 16
 368              	cy_cfg_addr_table.4740:
 369 000c 09320F40 		.word	1074737673
 370 0010 0A330F40 		.word	1074737930
 371 0014 04410F40 		.word	1074741508
 372 0018 07430F40 		.word	1074742023
 373              		.type	cy_cfg_data_table.4741, %object
 374              		.size	cy_cfg_data_table.4741, 60
 375              	cy_cfg_data_table.4741:
 376 001c 1A       		.byte	26
 377 001d 01       		.byte	1
 378 001e 1E       		.byte	30
 379 001f 02       		.byte	2
 380 0020 2A       		.byte	42
 381 0021 06       		.byte	6
 382 0022 2E       		.byte	46
 383 0023 05       		.byte	5
 384 0024 36       		.byte	54
 385 0025 07       		.byte	7
 386 0026 3E       		.byte	62
 387 0027 40       		.byte	64
 388 0028 58       		.byte	88
 389 0029 04       		.byte	4
 390 002a 5B       		.byte	91
 391 002b 04       		.byte	4
 392 002c 5F       		.byte	95
 393 002d 01       		.byte	1
 394 002e 0D       		.byte	13
 395 002f 80       		.byte	-128
 396 0030 0E       		.byte	14
 397 0031 08       		.byte	8
 398 0032 15       		.byte	21
 399 0033 50       		.byte	80
 400 0034 1F       		.byte	31
 401 0035 40       		.byte	64
 402 0036 6D       		.byte	109
 403 0037 50       		.byte	80
 404 0038 87       		.byte	-121
 405 0039 40       		.byte	64
 406 003a 89       		.byte	-119
 407 003b 80       		.byte	-128
 408 003c 8E       		.byte	-114
 409 003d 04       		.byte	4
 410 003e C2       		.byte	-62
 411 003f C0       		.byte	-64
 412 0040 C4       		.byte	-60
 413 0041 C0       		.byte	-64
 414 0042 63       		.byte	99
 415 0043 10       		.byte	16
 416 0044 87       		.byte	-121
 417 0045 10       		.byte	16
ARM GAS  C:\Users\Chris\AppData\Local\Temp\cc6QSbh6.s 			page 15


 418 0046 D8       		.byte	-40
 419 0047 40       		.byte	64
 420 0048 E2       		.byte	-30
 421 0049 10       		.byte	16
 422 004a 19       		.byte	25
 423 004b 08       		.byte	8
 424 004c 20       		.byte	32
 425 004d 08       		.byte	8
 426 004e 88       		.byte	-120
 427 004f 04       		.byte	4
 428 0050 8D       		.byte	-115
 429 0051 08       		.byte	8
 430 0052 C6       		.byte	-58
 431 0053 08       		.byte	8
 432 0054 C8       		.byte	-56
 433 0055 08       		.byte	8
 434 0056 E2       		.byte	-30
 435 0057 06       		.byte	6
 436              		.text
 437              	.Letext0:
 438              		.file 2 "c:\\program files (x86)\\cypress\\psoc creator\\3.3\\psoc creator\\import\\gnu\\arm\\4.9.
 439              		.file 3 ".\\Generated_Source\\PSoC4\\cytypes.h"
 440              		.file 4 ".\\Generated_Source\\PSoC4\\CyLib.h"
 441              		.section	.debug_info,"",%progbits
 442              	.Ldebug_info0:
 443 0000 B9030000 		.4byte	0x3b9
 444 0004 0400     		.2byte	0x4
 445 0006 00000000 		.4byte	.Ldebug_abbrev0
 446 000a 04       		.byte	0x4
 447 000b 01       		.uleb128 0x1
 448 000c E8010000 		.4byte	.LASF38
 449 0010 01       		.byte	0x1
 450 0011 6F010000 		.4byte	.LASF39
 451 0015 A5010000 		.4byte	.LASF40
 452 0019 00000000 		.4byte	.Ldebug_ranges0+0
 453 001d 00000000 		.4byte	0
 454 0021 00000000 		.4byte	.Ldebug_line0
 455 0025 02       		.uleb128 0x2
 456 0026 04       		.byte	0x4
 457 0027 05       		.byte	0x5
 458 0028 696E7400 		.ascii	"int\000"
 459 002c 03       		.uleb128 0x3
 460 002d 06000000 		.4byte	.LASF11
 461 0031 02       		.byte	0x2
 462 0032 D4       		.byte	0xd4
 463 0033 37000000 		.4byte	0x37
 464 0037 04       		.uleb128 0x4
 465 0038 04       		.byte	0x4
 466 0039 07       		.byte	0x7
 467 003a 0A010000 		.4byte	.LASF0
 468 003e 04       		.uleb128 0x4
 469 003f 01       		.byte	0x1
 470 0040 06       		.byte	0x6
 471 0041 A5020000 		.4byte	.LASF1
 472 0045 04       		.uleb128 0x4
 473 0046 01       		.byte	0x1
 474 0047 08       		.byte	0x8
ARM GAS  C:\Users\Chris\AppData\Local\Temp\cc6QSbh6.s 			page 16


 475 0048 AC000000 		.4byte	.LASF2
 476 004c 04       		.uleb128 0x4
 477 004d 02       		.byte	0x2
 478 004e 05       		.byte	0x5
 479 004f 7D020000 		.4byte	.LASF3
 480 0053 04       		.uleb128 0x4
 481 0054 02       		.byte	0x2
 482 0055 07       		.byte	0x7
 483 0056 B1020000 		.4byte	.LASF4
 484 005a 04       		.uleb128 0x4
 485 005b 04       		.byte	0x4
 486 005c 05       		.byte	0x5
 487 005d 9C020000 		.4byte	.LASF5
 488 0061 04       		.uleb128 0x4
 489 0062 04       		.byte	0x4
 490 0063 07       		.byte	0x7
 491 0064 8A000000 		.4byte	.LASF6
 492 0068 04       		.uleb128 0x4
 493 0069 08       		.byte	0x8
 494 006a 05       		.byte	0x5
 495 006b 97010000 		.4byte	.LASF7
 496 006f 04       		.uleb128 0x4
 497 0070 08       		.byte	0x8
 498 0071 07       		.byte	0x7
 499 0072 2C010000 		.4byte	.LASF8
 500 0076 04       		.uleb128 0x4
 501 0077 04       		.byte	0x4
 502 0078 07       		.byte	0x7
 503 0079 66010000 		.4byte	.LASF9
 504 007d 05       		.uleb128 0x5
 505 007e 04       		.byte	0x4
 506 007f 06       		.uleb128 0x6
 507 0080 04       		.byte	0x4
 508 0081 85000000 		.4byte	0x85
 509 0085 07       		.uleb128 0x7
 510 0086 04       		.uleb128 0x4
 511 0087 01       		.byte	0x1
 512 0088 08       		.byte	0x8
 513 0089 E3010000 		.4byte	.LASF10
 514 008d 08       		.uleb128 0x8
 515 008e 9C000000 		.4byte	.LASF12
 516 0092 03       		.byte	0x3
 517 0093 9801     		.2byte	0x198
 518 0095 45000000 		.4byte	0x45
 519 0099 08       		.uleb128 0x8
 520 009a F1000000 		.4byte	.LASF13
 521 009e 03       		.byte	0x3
 522 009f 9901     		.2byte	0x199
 523 00a1 53000000 		.4byte	0x53
 524 00a5 08       		.uleb128 0x8
 525 00a6 03010000 		.4byte	.LASF14
 526 00aa 03       		.byte	0x3
 527 00ab 9A01     		.2byte	0x19a
 528 00ad 61000000 		.4byte	0x61
 529 00b1 04       		.uleb128 0x4
 530 00b2 04       		.byte	0x4
 531 00b3 04       		.byte	0x4
ARM GAS  C:\Users\Chris\AppData\Local\Temp\cc6QSbh6.s 			page 17


 532 00b4 6A000000 		.4byte	.LASF15
 533 00b8 04       		.uleb128 0x4
 534 00b9 08       		.byte	0x8
 535 00ba 04       		.byte	0x4
 536 00bb C1000000 		.4byte	.LASF16
 537 00bf 08       		.uleb128 0x8
 538 00c0 85000000 		.4byte	.LASF17
 539 00c4 03       		.byte	0x3
 540 00c5 4202     		.2byte	0x242
 541 00c7 CB000000 		.4byte	0xcb
 542 00cb 09       		.uleb128 0x9
 543 00cc 8D000000 		.4byte	0x8d
 544 00d0 08       		.uleb128 0x8
 545 00d1 00000000 		.4byte	.LASF18
 546 00d5 03       		.byte	0x3
 547 00d6 4402     		.2byte	0x244
 548 00d8 DC000000 		.4byte	0xdc
 549 00dc 09       		.uleb128 0x9
 550 00dd A5000000 		.4byte	0xa5
 551 00e1 08       		.uleb128 0x8
 552 00e2 43010000 		.4byte	.LASF19
 553 00e6 03       		.byte	0x3
 554 00e7 5402     		.2byte	0x254
 555 00e9 7F000000 		.4byte	0x7f
 556 00ed 0A       		.uleb128 0xa
 557 00ee 02       		.byte	0x2
 558 00ef 01       		.byte	0x1
 559 00f0 7F       		.byte	0x7f
 560 00f1 0E010000 		.4byte	0x10e
 561 00f5 0B       		.uleb128 0xb
 562 00f6 76020000 		.4byte	.LASF20
 563 00fa 01       		.byte	0x1
 564 00fb 81       		.byte	0x81
 565 00fc 8D000000 		.4byte	0x8d
 566 0100 00       		.byte	0
 567 0101 0B       		.uleb128 0xb
 568 0102 1C000000 		.4byte	.LASF21
 569 0106 01       		.byte	0x1
 570 0107 82       		.byte	0x82
 571 0108 8D000000 		.4byte	0x8d
 572 010c 01       		.byte	0x1
 573 010d 00       		.byte	0
 574 010e 03       		.uleb128 0x3
 575 010f 57000000 		.4byte	.LASF22
 576 0113 01       		.byte	0x1
 577 0114 83       		.byte	0x83
 578 0115 ED000000 		.4byte	0xed
 579 0119 0C       		.uleb128 0xc
 580 011a C8000000 		.4byte	.LASF27
 581 011e 01       		.byte	0x1
 582 011f 96       		.byte	0x96
 583 0120 00000000 		.4byte	.LFB3
 584 0124 32000000 		.4byte	.LFE3-.LFB3
 585 0128 01       		.uleb128 0x1
 586 0129 9C       		.byte	0x9c
 587 012a 8B010000 		.4byte	0x18b
 588 012e 0D       		.uleb128 0xd
ARM GAS  C:\Users\Chris\AppData\Local\Temp\cc6QSbh6.s 			page 18


 589 012f E6000000 		.4byte	.LASF23
 590 0133 01       		.byte	0x1
 591 0134 96       		.byte	0x96
 592 0135 8B010000 		.4byte	0x18b
 593 0139 01       		.uleb128 0x1
 594 013a 50       		.byte	0x50
 595 013b 0D       		.uleb128 0xd
 596 013c F8000000 		.4byte	.LASF24
 597 0140 01       		.byte	0x1
 598 0141 96       		.byte	0x96
 599 0142 96010000 		.4byte	0x196
 600 0146 01       		.uleb128 0x1
 601 0147 51       		.byte	0x51
 602 0148 0E       		.uleb128 0xe
 603 0149 6900     		.ascii	"i\000"
 604 014b 01       		.byte	0x1
 605 014c 99       		.byte	0x99
 606 014d A5000000 		.4byte	0xa5
 607 0151 00000000 		.4byte	.LLST0
 608 0155 0E       		.uleb128 0xe
 609 0156 6A00     		.ascii	"j\000"
 610 0158 01       		.byte	0x1
 611 0159 99       		.byte	0x99
 612 015a A5000000 		.4byte	0xa5
 613 015e 1F000000 		.4byte	.LLST1
 614 0162 0F       		.uleb128 0xf
 615 0163 08000000 		.4byte	.LBB2
 616 0167 22000000 		.4byte	.LBE2-.LBB2
 617 016b 10       		.uleb128 0x10
 618 016c 5D010000 		.4byte	.LASF25
 619 0170 01       		.byte	0x1
 620 0171 9C       		.byte	0x9c
 621 0172 A5000000 		.4byte	0xa5
 622 0176 3E000000 		.4byte	.LLST2
 623 017a 10       		.uleb128 0x10
 624 017b 22000000 		.4byte	.LASF26
 625 017f 01       		.byte	0x1
 626 0180 9D       		.byte	0x9d
 627 0181 8D000000 		.4byte	0x8d
 628 0185 51000000 		.4byte	.LLST3
 629 0189 00       		.byte	0
 630 018a 00       		.byte	0
 631 018b 06       		.uleb128 0x6
 632 018c 04       		.byte	0x4
 633 018d 91010000 		.4byte	0x191
 634 0191 11       		.uleb128 0x11
 635 0192 A5000000 		.4byte	0xa5
 636 0196 06       		.uleb128 0x6
 637 0197 04       		.byte	0x4
 638 0198 9C010000 		.4byte	0x19c
 639 019c 11       		.uleb128 0x11
 640 019d 0E010000 		.4byte	0x10e
 641 01a1 0C       		.uleb128 0xc
 642 01a2 A2000000 		.4byte	.LASF28
 643 01a6 01       		.byte	0x1
 644 01a7 3D       		.byte	0x3d
 645 01a8 00000000 		.4byte	.LFB0
ARM GAS  C:\Users\Chris\AppData\Local\Temp\cc6QSbh6.s 			page 19


 646 01ac 0C000000 		.4byte	.LFE0-.LFB0
 647 01b0 01       		.uleb128 0x1
 648 01b1 9C       		.byte	0x9c
 649 01b2 EE010000 		.4byte	0x1ee
 650 01b6 12       		.uleb128 0x12
 651 01b7 7300     		.ascii	"s\000"
 652 01b9 01       		.byte	0x1
 653 01ba 3D       		.byte	0x3d
 654 01bb 7D000000 		.4byte	0x7d
 655 01bf 6F000000 		.4byte	.LLST4
 656 01c3 12       		.uleb128 0x12
 657 01c4 6E00     		.ascii	"n\000"
 658 01c6 01       		.byte	0x1
 659 01c7 3D       		.byte	0x3d
 660 01c8 2C000000 		.4byte	0x2c
 661 01cc 90000000 		.4byte	.LLST5
 662 01d0 13       		.uleb128 0x13
 663 01d1 0A000000 		.4byte	.LVL14
 664 01d5 67030000 		.4byte	0x367
 665 01d9 14       		.uleb128 0x14
 666 01da 01       		.uleb128 0x1
 667 01db 52       		.byte	0x52
 668 01dc 03       		.uleb128 0x3
 669 01dd F3       		.byte	0xf3
 670 01de 01       		.uleb128 0x1
 671 01df 51       		.byte	0x51
 672 01e0 14       		.uleb128 0x14
 673 01e1 01       		.uleb128 0x1
 674 01e2 51       		.byte	0x51
 675 01e3 01       		.uleb128 0x1
 676 01e4 30       		.byte	0x30
 677 01e5 14       		.uleb128 0x14
 678 01e6 01       		.uleb128 0x1
 679 01e7 50       		.byte	0x50
 680 01e8 03       		.uleb128 0x3
 681 01e9 F3       		.byte	0xf3
 682 01ea 01       		.uleb128 0x1
 683 01eb 50       		.byte	0x50
 684 01ec 00       		.byte	0
 685 01ed 00       		.byte	0
 686 01ee 0C       		.uleb128 0xc
 687 01ef 28000000 		.4byte	.LASF29
 688 01f3 01       		.byte	0x1
 689 01f4 BB       		.byte	0xbb
 690 01f5 00000000 		.4byte	.LFB4
 691 01f9 78000000 		.4byte	.LFE4-.LFB4
 692 01fd 01       		.uleb128 0x1
 693 01fe 9C       		.byte	0x9c
 694 01ff 39020000 		.4byte	0x239
 695 0203 15       		.uleb128 0x15
 696 0204 14000000 		.4byte	.LVL15
 697 0208 84030000 		.4byte	0x384
 698 020c 16020000 		.4byte	0x216
 699 0210 14       		.uleb128 0x14
 700 0211 01       		.uleb128 0x1
 701 0212 50       		.byte	0x50
 702 0213 01       		.uleb128 0x1
ARM GAS  C:\Users\Chris\AppData\Local\Temp\cc6QSbh6.s 			page 20


 703 0214 48       		.byte	0x48
 704 0215 00       		.byte	0
 705 0216 15       		.uleb128 0x15
 706 0217 42000000 		.4byte	.LVL16
 707 021b 95030000 		.4byte	0x395
 708 021f 29020000 		.4byte	0x229
 709 0223 14       		.uleb128 0x14
 710 0224 01       		.uleb128 0x1
 711 0225 50       		.byte	0x50
 712 0226 01       		.uleb128 0x1
 713 0227 39       		.byte	0x39
 714 0228 00       		.byte	0
 715 0229 13       		.uleb128 0x13
 716 022a 48000000 		.4byte	.LVL17
 717 022e AF030000 		.4byte	0x3af
 718 0232 14       		.uleb128 0x14
 719 0233 01       		.uleb128 0x1
 720 0234 50       		.byte	0x50
 721 0235 01       		.uleb128 0x1
 722 0236 39       		.byte	0x39
 723 0237 00       		.byte	0
 724 0238 00       		.byte	0
 725 0239 16       		.uleb128 0x16
 726 023a 17010000 		.4byte	.LASF41
 727 023e 01       		.byte	0x1
 728 023f 0601     		.2byte	0x106
 729 0241 78000000 		.4byte	.LFB6
 730 0245 E8000000 		.4byte	.LFE6-.LFB6
 731 0249 01       		.uleb128 0x1
 732 024a 9C       		.byte	0x9c
 733 024b 3D030000 		.4byte	0x33d
 734 024f 17       		.uleb128 0x17
 735 0250 7C000000 		.4byte	.LBB3
 736 0254 7E000000 		.4byte	.LBE3-.LBB3
 737 0258 33030000 		.4byte	0x333
 738 025c 18       		.uleb128 0x18
 739 025d 33000000 		.4byte	.LASF30
 740 0261 01       		.byte	0x1
 741 0262 0C01     		.2byte	0x10c
 742 0264 4D030000 		.4byte	0x34d
 743 0268 05       		.uleb128 0x5
 744 0269 03       		.byte	0x3
 745 026a 0C000000 		.4byte	cy_cfg_addr_table.4740
 746 026e 18       		.uleb128 0x18
 747 026f 45000000 		.4byte	.LASF31
 748 0273 01       		.byte	0x1
 749 0274 1301     		.2byte	0x113
 750 0276 62030000 		.4byte	0x362
 751 027a 05       		.uleb128 0x5
 752 027b 03       		.byte	0x3
 753 027c 1C000000 		.4byte	cy_cfg_data_table.4741
 754 0280 19       		.uleb128 0x19
 755 0281 06       		.byte	0x6
 756 0282 01       		.byte	0x1
 757 0283 3601     		.2byte	0x136
 758 0285 A4020000 		.4byte	0x2a4
 759 0289 1A       		.uleb128 0x1a
ARM GAS  C:\Users\Chris\AppData\Local\Temp\cc6QSbh6.s 			page 21


 760 028a 24010000 		.4byte	.LASF32
 761 028e 01       		.byte	0x1
 762 028f 3701     		.2byte	0x137
 763 0291 7D000000 		.4byte	0x7d
 764 0295 00       		.byte	0
 765 0296 1A       		.uleb128 0x1a
 766 0297 80000000 		.4byte	.LASF33
 767 029b 01       		.byte	0x1
 768 029c 3801     		.2byte	0x138
 769 029e 99000000 		.4byte	0x99
 770 02a2 04       		.byte	0x4
 771 02a3 00       		.byte	0
 772 02a4 08       		.uleb128 0x8
 773 02a5 50010000 		.4byte	.LASF34
 774 02a9 01       		.byte	0x1
 775 02aa 3901     		.2byte	0x139
 776 02ac 80020000 		.4byte	0x280
 777 02b0 1B       		.uleb128 0x1b
 778 02b1 A4020000 		.4byte	0x2a4
 779 02b5 C0020000 		.4byte	0x2c0
 780 02b9 1C       		.uleb128 0x1c
 781 02ba 76000000 		.4byte	0x76
 782 02be 01       		.byte	0x1
 783 02bf 00       		.byte	0
 784 02c0 18       		.uleb128 0x18
 785 02c1 70000000 		.4byte	.LASF35
 786 02c5 01       		.byte	0x1
 787 02c6 3B01     		.2byte	0x13b
 788 02c8 D2020000 		.4byte	0x2d2
 789 02cc 05       		.uleb128 0x5
 790 02cd 03       		.byte	0x3
 791 02ce 00000000 		.4byte	cfg_memset_list.4746
 792 02d2 11       		.uleb128 0x11
 793 02d3 B0020000 		.4byte	0x2b0
 794 02d7 1D       		.uleb128 0x1d
 795 02d8 6900     		.ascii	"i\000"
 796 02da 01       		.byte	0x1
 797 02db 4101     		.2byte	0x141
 798 02dd 8D000000 		.4byte	0x8d
 799 02e1 BC000000 		.4byte	.LLST6
 800 02e5 17       		.uleb128 0x17
 801 02e6 80000000 		.4byte	.LBB4
 802 02ea 1E000000 		.4byte	.LBE4-.LBB4
 803 02ee 16030000 		.4byte	0x316
 804 02f2 1D       		.uleb128 0x1d
 805 02f3 6D7300   		.ascii	"ms\000"
 806 02f6 01       		.byte	0x1
 807 02f7 4601     		.2byte	0x146
 808 02f9 01030000 		.4byte	0x301
 809 02fd E6000000 		.4byte	.LLST7
 810 0301 06       		.uleb128 0x6
 811 0302 04       		.byte	0x4
 812 0303 07030000 		.4byte	0x307
 813 0307 11       		.uleb128 0x11
 814 0308 A4020000 		.4byte	0x2a4
 815 030c 1E       		.uleb128 0x1e
 816 030d 9E000000 		.4byte	.LVL20
ARM GAS  C:\Users\Chris\AppData\Local\Temp\cc6QSbh6.s 			page 22


 817 0311 A1010000 		.4byte	0x1a1
 818 0315 00       		.byte	0
 819 0316 13       		.uleb128 0x13
 820 0317 B2000000 		.4byte	.LVL23
 821 031b 19010000 		.4byte	0x119
 822 031f 14       		.uleb128 0x14
 823 0320 01       		.uleb128 0x1
 824 0321 51       		.byte	0x51
 825 0322 05       		.uleb128 0x5
 826 0323 03       		.byte	0x3
 827 0324 1C000000 		.4byte	.LANCHOR0+28
 828 0328 14       		.uleb128 0x14
 829 0329 01       		.uleb128 0x1
 830 032a 50       		.byte	0x50
 831 032b 05       		.uleb128 0x5
 832 032c 03       		.byte	0x3
 833 032d 0C000000 		.4byte	.LANCHOR0+12
 834 0331 00       		.byte	0
 835 0332 00       		.byte	0
 836 0333 1E       		.uleb128 0x1e
 837 0334 20010000 		.4byte	.LVL24
 838 0338 EE010000 		.4byte	0x1ee
 839 033c 00       		.byte	0
 840 033d 1B       		.uleb128 0x1b
 841 033e A5000000 		.4byte	0xa5
 842 0342 4D030000 		.4byte	0x34d
 843 0346 1C       		.uleb128 0x1c
 844 0347 76000000 		.4byte	0x76
 845 034b 03       		.byte	0x3
 846 034c 00       		.byte	0
 847 034d 11       		.uleb128 0x11
 848 034e 3D030000 		.4byte	0x33d
 849 0352 1B       		.uleb128 0x1b
 850 0353 0E010000 		.4byte	0x10e
 851 0357 62030000 		.4byte	0x362
 852 035b 1C       		.uleb128 0x1c
 853 035c 76000000 		.4byte	0x76
 854 0360 1D       		.byte	0x1d
 855 0361 00       		.byte	0
 856 0362 11       		.uleb128 0x11
 857 0363 52030000 		.4byte	0x352
 858 0367 1F       		.uleb128 0x1f
 859 0368 BA000000 		.4byte	.LASF36
 860 036c 7D000000 		.4byte	0x7d
 861 0370 84030000 		.4byte	0x384
 862 0374 20       		.uleb128 0x20
 863 0375 7D000000 		.4byte	0x7d
 864 0379 20       		.uleb128 0x20
 865 037a 25000000 		.4byte	0x25
 866 037e 20       		.uleb128 0x20
 867 037f 76000000 		.4byte	0x76
 868 0383 00       		.byte	0
 869 0384 21       		.uleb128 0x21
 870 0385 87020000 		.4byte	.LASF37
 871 0389 04       		.byte	0x4
 872 038a 6C       		.byte	0x6c
 873 038b 95030000 		.4byte	0x395
ARM GAS  C:\Users\Chris\AppData\Local\Temp\cc6QSbh6.s 			page 23


 874 038f 20       		.uleb128 0x20
 875 0390 A5000000 		.4byte	0xa5
 876 0394 00       		.byte	0
 877 0395 22       		.uleb128 0x22
 878 0396 0D000000 		.4byte	.LASF42
 879 039a 04       		.byte	0x4
 880 039b BB       		.byte	0xbb
 881 039c E1000000 		.4byte	0xe1
 882 03a0 AF030000 		.4byte	0x3af
 883 03a4 20       		.uleb128 0x20
 884 03a5 8D000000 		.4byte	0x8d
 885 03a9 20       		.uleb128 0x20
 886 03aa E1000000 		.4byte	0xe1
 887 03ae 00       		.byte	0
 888 03af 23       		.uleb128 0x23
 889 03b0 DA000000 		.4byte	.LASF43
 890 03b4 04       		.byte	0x4
 891 03b5 C1       		.byte	0xc1
 892 03b6 20       		.uleb128 0x20
 893 03b7 8D000000 		.4byte	0x8d
 894 03bb 00       		.byte	0
 895 03bc 00       		.byte	0
 896              		.section	.debug_abbrev,"",%progbits
 897              	.Ldebug_abbrev0:
 898 0000 01       		.uleb128 0x1
 899 0001 11       		.uleb128 0x11
 900 0002 01       		.byte	0x1
 901 0003 25       		.uleb128 0x25
 902 0004 0E       		.uleb128 0xe
 903 0005 13       		.uleb128 0x13
 904 0006 0B       		.uleb128 0xb
 905 0007 03       		.uleb128 0x3
 906 0008 0E       		.uleb128 0xe
 907 0009 1B       		.uleb128 0x1b
 908 000a 0E       		.uleb128 0xe
 909 000b 55       		.uleb128 0x55
 910 000c 17       		.uleb128 0x17
 911 000d 11       		.uleb128 0x11
 912 000e 01       		.uleb128 0x1
 913 000f 10       		.uleb128 0x10
 914 0010 17       		.uleb128 0x17
 915 0011 00       		.byte	0
 916 0012 00       		.byte	0
 917 0013 02       		.uleb128 0x2
 918 0014 24       		.uleb128 0x24
 919 0015 00       		.byte	0
 920 0016 0B       		.uleb128 0xb
 921 0017 0B       		.uleb128 0xb
 922 0018 3E       		.uleb128 0x3e
 923 0019 0B       		.uleb128 0xb
 924 001a 03       		.uleb128 0x3
 925 001b 08       		.uleb128 0x8
 926 001c 00       		.byte	0
 927 001d 00       		.byte	0
 928 001e 03       		.uleb128 0x3
 929 001f 16       		.uleb128 0x16
 930 0020 00       		.byte	0
ARM GAS  C:\Users\Chris\AppData\Local\Temp\cc6QSbh6.s 			page 24


 931 0021 03       		.uleb128 0x3
 932 0022 0E       		.uleb128 0xe
 933 0023 3A       		.uleb128 0x3a
 934 0024 0B       		.uleb128 0xb
 935 0025 3B       		.uleb128 0x3b
 936 0026 0B       		.uleb128 0xb
 937 0027 49       		.uleb128 0x49
 938 0028 13       		.uleb128 0x13
 939 0029 00       		.byte	0
 940 002a 00       		.byte	0
 941 002b 04       		.uleb128 0x4
 942 002c 24       		.uleb128 0x24
 943 002d 00       		.byte	0
 944 002e 0B       		.uleb128 0xb
 945 002f 0B       		.uleb128 0xb
 946 0030 3E       		.uleb128 0x3e
 947 0031 0B       		.uleb128 0xb
 948 0032 03       		.uleb128 0x3
 949 0033 0E       		.uleb128 0xe
 950 0034 00       		.byte	0
 951 0035 00       		.byte	0
 952 0036 05       		.uleb128 0x5
 953 0037 0F       		.uleb128 0xf
 954 0038 00       		.byte	0
 955 0039 0B       		.uleb128 0xb
 956 003a 0B       		.uleb128 0xb
 957 003b 00       		.byte	0
 958 003c 00       		.byte	0
 959 003d 06       		.uleb128 0x6
 960 003e 0F       		.uleb128 0xf
 961 003f 00       		.byte	0
 962 0040 0B       		.uleb128 0xb
 963 0041 0B       		.uleb128 0xb
 964 0042 49       		.uleb128 0x49
 965 0043 13       		.uleb128 0x13
 966 0044 00       		.byte	0
 967 0045 00       		.byte	0
 968 0046 07       		.uleb128 0x7
 969 0047 15       		.uleb128 0x15
 970 0048 00       		.byte	0
 971 0049 27       		.uleb128 0x27
 972 004a 19       		.uleb128 0x19
 973 004b 00       		.byte	0
 974 004c 00       		.byte	0
 975 004d 08       		.uleb128 0x8
 976 004e 16       		.uleb128 0x16
 977 004f 00       		.byte	0
 978 0050 03       		.uleb128 0x3
 979 0051 0E       		.uleb128 0xe
 980 0052 3A       		.uleb128 0x3a
 981 0053 0B       		.uleb128 0xb
 982 0054 3B       		.uleb128 0x3b
 983 0055 05       		.uleb128 0x5
 984 0056 49       		.uleb128 0x49
 985 0057 13       		.uleb128 0x13
 986 0058 00       		.byte	0
 987 0059 00       		.byte	0
ARM GAS  C:\Users\Chris\AppData\Local\Temp\cc6QSbh6.s 			page 25


 988 005a 09       		.uleb128 0x9
 989 005b 35       		.uleb128 0x35
 990 005c 00       		.byte	0
 991 005d 49       		.uleb128 0x49
 992 005e 13       		.uleb128 0x13
 993 005f 00       		.byte	0
 994 0060 00       		.byte	0
 995 0061 0A       		.uleb128 0xa
 996 0062 13       		.uleb128 0x13
 997 0063 01       		.byte	0x1
 998 0064 0B       		.uleb128 0xb
 999 0065 0B       		.uleb128 0xb
 1000 0066 3A       		.uleb128 0x3a
 1001 0067 0B       		.uleb128 0xb
 1002 0068 3B       		.uleb128 0x3b
 1003 0069 0B       		.uleb128 0xb
 1004 006a 01       		.uleb128 0x1
 1005 006b 13       		.uleb128 0x13
 1006 006c 00       		.byte	0
 1007 006d 00       		.byte	0
 1008 006e 0B       		.uleb128 0xb
 1009 006f 0D       		.uleb128 0xd
 1010 0070 00       		.byte	0
 1011 0071 03       		.uleb128 0x3
 1012 0072 0E       		.uleb128 0xe
 1013 0073 3A       		.uleb128 0x3a
 1014 0074 0B       		.uleb128 0xb
 1015 0075 3B       		.uleb128 0x3b
 1016 0076 0B       		.uleb128 0xb
 1017 0077 49       		.uleb128 0x49
 1018 0078 13       		.uleb128 0x13
 1019 0079 38       		.uleb128 0x38
 1020 007a 0B       		.uleb128 0xb
 1021 007b 00       		.byte	0
 1022 007c 00       		.byte	0
 1023 007d 0C       		.uleb128 0xc
 1024 007e 2E       		.uleb128 0x2e
 1025 007f 01       		.byte	0x1
 1026 0080 03       		.uleb128 0x3
 1027 0081 0E       		.uleb128 0xe
 1028 0082 3A       		.uleb128 0x3a
 1029 0083 0B       		.uleb128 0xb
 1030 0084 3B       		.uleb128 0x3b
 1031 0085 0B       		.uleb128 0xb
 1032 0086 27       		.uleb128 0x27
 1033 0087 19       		.uleb128 0x19
 1034 0088 11       		.uleb128 0x11
 1035 0089 01       		.uleb128 0x1
 1036 008a 12       		.uleb128 0x12
 1037 008b 06       		.uleb128 0x6
 1038 008c 40       		.uleb128 0x40
 1039 008d 18       		.uleb128 0x18
 1040 008e 9742     		.uleb128 0x2117
 1041 0090 19       		.uleb128 0x19
 1042 0091 01       		.uleb128 0x1
 1043 0092 13       		.uleb128 0x13
 1044 0093 00       		.byte	0
ARM GAS  C:\Users\Chris\AppData\Local\Temp\cc6QSbh6.s 			page 26


 1045 0094 00       		.byte	0
 1046 0095 0D       		.uleb128 0xd
 1047 0096 05       		.uleb128 0x5
 1048 0097 00       		.byte	0
 1049 0098 03       		.uleb128 0x3
 1050 0099 0E       		.uleb128 0xe
 1051 009a 3A       		.uleb128 0x3a
 1052 009b 0B       		.uleb128 0xb
 1053 009c 3B       		.uleb128 0x3b
 1054 009d 0B       		.uleb128 0xb
 1055 009e 49       		.uleb128 0x49
 1056 009f 13       		.uleb128 0x13
 1057 00a0 02       		.uleb128 0x2
 1058 00a1 18       		.uleb128 0x18
 1059 00a2 00       		.byte	0
 1060 00a3 00       		.byte	0
 1061 00a4 0E       		.uleb128 0xe
 1062 00a5 34       		.uleb128 0x34
 1063 00a6 00       		.byte	0
 1064 00a7 03       		.uleb128 0x3
 1065 00a8 08       		.uleb128 0x8
 1066 00a9 3A       		.uleb128 0x3a
 1067 00aa 0B       		.uleb128 0xb
 1068 00ab 3B       		.uleb128 0x3b
 1069 00ac 0B       		.uleb128 0xb
 1070 00ad 49       		.uleb128 0x49
 1071 00ae 13       		.uleb128 0x13
 1072 00af 02       		.uleb128 0x2
 1073 00b0 17       		.uleb128 0x17
 1074 00b1 00       		.byte	0
 1075 00b2 00       		.byte	0
 1076 00b3 0F       		.uleb128 0xf
 1077 00b4 0B       		.uleb128 0xb
 1078 00b5 01       		.byte	0x1
 1079 00b6 11       		.uleb128 0x11
 1080 00b7 01       		.uleb128 0x1
 1081 00b8 12       		.uleb128 0x12
 1082 00b9 06       		.uleb128 0x6
 1083 00ba 00       		.byte	0
 1084 00bb 00       		.byte	0
 1085 00bc 10       		.uleb128 0x10
 1086 00bd 34       		.uleb128 0x34
 1087 00be 00       		.byte	0
 1088 00bf 03       		.uleb128 0x3
 1089 00c0 0E       		.uleb128 0xe
 1090 00c1 3A       		.uleb128 0x3a
 1091 00c2 0B       		.uleb128 0xb
 1092 00c3 3B       		.uleb128 0x3b
 1093 00c4 0B       		.uleb128 0xb
 1094 00c5 49       		.uleb128 0x49
 1095 00c6 13       		.uleb128 0x13
 1096 00c7 02       		.uleb128 0x2
 1097 00c8 17       		.uleb128 0x17
 1098 00c9 00       		.byte	0
 1099 00ca 00       		.byte	0
 1100 00cb 11       		.uleb128 0x11
 1101 00cc 26       		.uleb128 0x26
ARM GAS  C:\Users\Chris\AppData\Local\Temp\cc6QSbh6.s 			page 27


 1102 00cd 00       		.byte	0
 1103 00ce 49       		.uleb128 0x49
 1104 00cf 13       		.uleb128 0x13
 1105 00d0 00       		.byte	0
 1106 00d1 00       		.byte	0
 1107 00d2 12       		.uleb128 0x12
 1108 00d3 05       		.uleb128 0x5
 1109 00d4 00       		.byte	0
 1110 00d5 03       		.uleb128 0x3
 1111 00d6 08       		.uleb128 0x8
 1112 00d7 3A       		.uleb128 0x3a
 1113 00d8 0B       		.uleb128 0xb
 1114 00d9 3B       		.uleb128 0x3b
 1115 00da 0B       		.uleb128 0xb
 1116 00db 49       		.uleb128 0x49
 1117 00dc 13       		.uleb128 0x13
 1118 00dd 02       		.uleb128 0x2
 1119 00de 17       		.uleb128 0x17
 1120 00df 00       		.byte	0
 1121 00e0 00       		.byte	0
 1122 00e1 13       		.uleb128 0x13
 1123 00e2 898201   		.uleb128 0x4109
 1124 00e5 01       		.byte	0x1
 1125 00e6 11       		.uleb128 0x11
 1126 00e7 01       		.uleb128 0x1
 1127 00e8 31       		.uleb128 0x31
 1128 00e9 13       		.uleb128 0x13
 1129 00ea 00       		.byte	0
 1130 00eb 00       		.byte	0
 1131 00ec 14       		.uleb128 0x14
 1132 00ed 8A8201   		.uleb128 0x410a
 1133 00f0 00       		.byte	0
 1134 00f1 02       		.uleb128 0x2
 1135 00f2 18       		.uleb128 0x18
 1136 00f3 9142     		.uleb128 0x2111
 1137 00f5 18       		.uleb128 0x18
 1138 00f6 00       		.byte	0
 1139 00f7 00       		.byte	0
 1140 00f8 15       		.uleb128 0x15
 1141 00f9 898201   		.uleb128 0x4109
 1142 00fc 01       		.byte	0x1
 1143 00fd 11       		.uleb128 0x11
 1144 00fe 01       		.uleb128 0x1
 1145 00ff 31       		.uleb128 0x31
 1146 0100 13       		.uleb128 0x13
 1147 0101 01       		.uleb128 0x1
 1148 0102 13       		.uleb128 0x13
 1149 0103 00       		.byte	0
 1150 0104 00       		.byte	0
 1151 0105 16       		.uleb128 0x16
 1152 0106 2E       		.uleb128 0x2e
 1153 0107 01       		.byte	0x1
 1154 0108 3F       		.uleb128 0x3f
 1155 0109 19       		.uleb128 0x19
 1156 010a 03       		.uleb128 0x3
 1157 010b 0E       		.uleb128 0xe
 1158 010c 3A       		.uleb128 0x3a
ARM GAS  C:\Users\Chris\AppData\Local\Temp\cc6QSbh6.s 			page 28


 1159 010d 0B       		.uleb128 0xb
 1160 010e 3B       		.uleb128 0x3b
 1161 010f 05       		.uleb128 0x5
 1162 0110 27       		.uleb128 0x27
 1163 0111 19       		.uleb128 0x19
 1164 0112 11       		.uleb128 0x11
 1165 0113 01       		.uleb128 0x1
 1166 0114 12       		.uleb128 0x12
 1167 0115 06       		.uleb128 0x6
 1168 0116 40       		.uleb128 0x40
 1169 0117 18       		.uleb128 0x18
 1170 0118 9742     		.uleb128 0x2117
 1171 011a 19       		.uleb128 0x19
 1172 011b 01       		.uleb128 0x1
 1173 011c 13       		.uleb128 0x13
 1174 011d 00       		.byte	0
 1175 011e 00       		.byte	0
 1176 011f 17       		.uleb128 0x17
 1177 0120 0B       		.uleb128 0xb
 1178 0121 01       		.byte	0x1
 1179 0122 11       		.uleb128 0x11
 1180 0123 01       		.uleb128 0x1
 1181 0124 12       		.uleb128 0x12
 1182 0125 06       		.uleb128 0x6
 1183 0126 01       		.uleb128 0x1
 1184 0127 13       		.uleb128 0x13
 1185 0128 00       		.byte	0
 1186 0129 00       		.byte	0
 1187 012a 18       		.uleb128 0x18
 1188 012b 34       		.uleb128 0x34
 1189 012c 00       		.byte	0
 1190 012d 03       		.uleb128 0x3
 1191 012e 0E       		.uleb128 0xe
 1192 012f 3A       		.uleb128 0x3a
 1193 0130 0B       		.uleb128 0xb
 1194 0131 3B       		.uleb128 0x3b
 1195 0132 05       		.uleb128 0x5
 1196 0133 49       		.uleb128 0x49
 1197 0134 13       		.uleb128 0x13
 1198 0135 02       		.uleb128 0x2
 1199 0136 18       		.uleb128 0x18
 1200 0137 00       		.byte	0
 1201 0138 00       		.byte	0
 1202 0139 19       		.uleb128 0x19
 1203 013a 13       		.uleb128 0x13
 1204 013b 01       		.byte	0x1
 1205 013c 0B       		.uleb128 0xb
 1206 013d 0B       		.uleb128 0xb
 1207 013e 3A       		.uleb128 0x3a
 1208 013f 0B       		.uleb128 0xb
 1209 0140 3B       		.uleb128 0x3b
 1210 0141 05       		.uleb128 0x5
 1211 0142 01       		.uleb128 0x1
 1212 0143 13       		.uleb128 0x13
 1213 0144 00       		.byte	0
 1214 0145 00       		.byte	0
 1215 0146 1A       		.uleb128 0x1a
ARM GAS  C:\Users\Chris\AppData\Local\Temp\cc6QSbh6.s 			page 29


 1216 0147 0D       		.uleb128 0xd
 1217 0148 00       		.byte	0
 1218 0149 03       		.uleb128 0x3
 1219 014a 0E       		.uleb128 0xe
 1220 014b 3A       		.uleb128 0x3a
 1221 014c 0B       		.uleb128 0xb
 1222 014d 3B       		.uleb128 0x3b
 1223 014e 05       		.uleb128 0x5
 1224 014f 49       		.uleb128 0x49
 1225 0150 13       		.uleb128 0x13
 1226 0151 38       		.uleb128 0x38
 1227 0152 0B       		.uleb128 0xb
 1228 0153 00       		.byte	0
 1229 0154 00       		.byte	0
 1230 0155 1B       		.uleb128 0x1b
 1231 0156 01       		.uleb128 0x1
 1232 0157 01       		.byte	0x1
 1233 0158 49       		.uleb128 0x49
 1234 0159 13       		.uleb128 0x13
 1235 015a 01       		.uleb128 0x1
 1236 015b 13       		.uleb128 0x13
 1237 015c 00       		.byte	0
 1238 015d 00       		.byte	0
 1239 015e 1C       		.uleb128 0x1c
 1240 015f 21       		.uleb128 0x21
 1241 0160 00       		.byte	0
 1242 0161 49       		.uleb128 0x49
 1243 0162 13       		.uleb128 0x13
 1244 0163 2F       		.uleb128 0x2f
 1245 0164 0B       		.uleb128 0xb
 1246 0165 00       		.byte	0
 1247 0166 00       		.byte	0
 1248 0167 1D       		.uleb128 0x1d
 1249 0168 34       		.uleb128 0x34
 1250 0169 00       		.byte	0
 1251 016a 03       		.uleb128 0x3
 1252 016b 08       		.uleb128 0x8
 1253 016c 3A       		.uleb128 0x3a
 1254 016d 0B       		.uleb128 0xb
 1255 016e 3B       		.uleb128 0x3b
 1256 016f 05       		.uleb128 0x5
 1257 0170 49       		.uleb128 0x49
 1258 0171 13       		.uleb128 0x13
 1259 0172 02       		.uleb128 0x2
 1260 0173 17       		.uleb128 0x17
 1261 0174 00       		.byte	0
 1262 0175 00       		.byte	0
 1263 0176 1E       		.uleb128 0x1e
 1264 0177 898201   		.uleb128 0x4109
 1265 017a 00       		.byte	0
 1266 017b 11       		.uleb128 0x11
 1267 017c 01       		.uleb128 0x1
 1268 017d 31       		.uleb128 0x31
 1269 017e 13       		.uleb128 0x13
 1270 017f 00       		.byte	0
 1271 0180 00       		.byte	0
 1272 0181 1F       		.uleb128 0x1f
ARM GAS  C:\Users\Chris\AppData\Local\Temp\cc6QSbh6.s 			page 30


 1273 0182 2E       		.uleb128 0x2e
 1274 0183 01       		.byte	0x1
 1275 0184 3F       		.uleb128 0x3f
 1276 0185 19       		.uleb128 0x19
 1277 0186 03       		.uleb128 0x3
 1278 0187 0E       		.uleb128 0xe
 1279 0188 27       		.uleb128 0x27
 1280 0189 19       		.uleb128 0x19
 1281 018a 49       		.uleb128 0x49
 1282 018b 13       		.uleb128 0x13
 1283 018c 34       		.uleb128 0x34
 1284 018d 19       		.uleb128 0x19
 1285 018e 3C       		.uleb128 0x3c
 1286 018f 19       		.uleb128 0x19
 1287 0190 01       		.uleb128 0x1
 1288 0191 13       		.uleb128 0x13
 1289 0192 00       		.byte	0
 1290 0193 00       		.byte	0
 1291 0194 20       		.uleb128 0x20
 1292 0195 05       		.uleb128 0x5
 1293 0196 00       		.byte	0
 1294 0197 49       		.uleb128 0x49
 1295 0198 13       		.uleb128 0x13
 1296 0199 00       		.byte	0
 1297 019a 00       		.byte	0
 1298 019b 21       		.uleb128 0x21
 1299 019c 2E       		.uleb128 0x2e
 1300 019d 01       		.byte	0x1
 1301 019e 3F       		.uleb128 0x3f
 1302 019f 19       		.uleb128 0x19
 1303 01a0 03       		.uleb128 0x3
 1304 01a1 0E       		.uleb128 0xe
 1305 01a2 3A       		.uleb128 0x3a
 1306 01a3 0B       		.uleb128 0xb
 1307 01a4 3B       		.uleb128 0x3b
 1308 01a5 0B       		.uleb128 0xb
 1309 01a6 27       		.uleb128 0x27
 1310 01a7 19       		.uleb128 0x19
 1311 01a8 3C       		.uleb128 0x3c
 1312 01a9 19       		.uleb128 0x19
 1313 01aa 01       		.uleb128 0x1
 1314 01ab 13       		.uleb128 0x13
 1315 01ac 00       		.byte	0
 1316 01ad 00       		.byte	0
 1317 01ae 22       		.uleb128 0x22
 1318 01af 2E       		.uleb128 0x2e
 1319 01b0 01       		.byte	0x1
 1320 01b1 3F       		.uleb128 0x3f
 1321 01b2 19       		.uleb128 0x19
 1322 01b3 03       		.uleb128 0x3
 1323 01b4 0E       		.uleb128 0xe
 1324 01b5 3A       		.uleb128 0x3a
 1325 01b6 0B       		.uleb128 0xb
 1326 01b7 3B       		.uleb128 0x3b
 1327 01b8 0B       		.uleb128 0xb
 1328 01b9 27       		.uleb128 0x27
 1329 01ba 19       		.uleb128 0x19
ARM GAS  C:\Users\Chris\AppData\Local\Temp\cc6QSbh6.s 			page 31


 1330 01bb 49       		.uleb128 0x49
 1331 01bc 13       		.uleb128 0x13
 1332 01bd 3C       		.uleb128 0x3c
 1333 01be 19       		.uleb128 0x19
 1334 01bf 01       		.uleb128 0x1
 1335 01c0 13       		.uleb128 0x13
 1336 01c1 00       		.byte	0
 1337 01c2 00       		.byte	0
 1338 01c3 23       		.uleb128 0x23
 1339 01c4 2E       		.uleb128 0x2e
 1340 01c5 01       		.byte	0x1
 1341 01c6 3F       		.uleb128 0x3f
 1342 01c7 19       		.uleb128 0x19
 1343 01c8 03       		.uleb128 0x3
 1344 01c9 0E       		.uleb128 0xe
 1345 01ca 3A       		.uleb128 0x3a
 1346 01cb 0B       		.uleb128 0xb
 1347 01cc 3B       		.uleb128 0x3b
 1348 01cd 0B       		.uleb128 0xb
 1349 01ce 27       		.uleb128 0x27
 1350 01cf 19       		.uleb128 0x19
 1351 01d0 3C       		.uleb128 0x3c
 1352 01d1 19       		.uleb128 0x19
 1353 01d2 00       		.byte	0
 1354 01d3 00       		.byte	0
 1355 01d4 00       		.byte	0
 1356              		.section	.debug_loc,"",%progbits
 1357              	.Ldebug_loc0:
 1358              	.LLST0:
 1359 0000 02000000 		.4byte	.LVL1
 1360 0004 08000000 		.4byte	.LVL2
 1361 0008 0200     		.2byte	0x2
 1362 000a 30       		.byte	0x30
 1363 000b 9F       		.byte	0x9f
 1364 000c 08000000 		.4byte	.LVL2
 1365 0010 30000000 		.4byte	.LVL11
 1366 0014 0100     		.2byte	0x1
 1367 0016 57       		.byte	0x57
 1368 0017 00000000 		.4byte	0
 1369 001b 00000000 		.4byte	0
 1370              	.LLST1:
 1371 001f 02000000 		.4byte	.LVL1
 1372 0023 08000000 		.4byte	.LVL2
 1373 0027 0200     		.2byte	0x2
 1374 0029 30       		.byte	0x30
 1375 002a 9F       		.byte	0x9f
 1376 002b 08000000 		.4byte	.LVL2
 1377 002f 30000000 		.4byte	.LVL10
 1378 0033 0100     		.2byte	0x1
 1379 0035 55       		.byte	0x55
 1380 0036 00000000 		.4byte	0
 1381 003a 00000000 		.4byte	0
 1382              	.LLST2:
 1383 003e 0C000000 		.4byte	.LVL3
 1384 0042 2C000000 		.4byte	.LVL9
 1385 0046 0100     		.2byte	0x1
 1386 0048 56       		.byte	0x56
ARM GAS  C:\Users\Chris\AppData\Local\Temp\cc6QSbh6.s 			page 32


 1387 0049 00000000 		.4byte	0
 1388 004d 00000000 		.4byte	0
 1389              	.LLST3:
 1390 0051 0E000000 		.4byte	.LVL4
 1391 0055 24000000 		.4byte	.LVL7
 1392 0059 0100     		.2byte	0x1
 1393 005b 53       		.byte	0x53
 1394 005c 26000000 		.4byte	.LVL8
 1395 0060 2C000000 		.4byte	.LVL9
 1396 0064 0100     		.2byte	0x1
 1397 0066 53       		.byte	0x53
 1398 0067 00000000 		.4byte	0
 1399 006b 00000000 		.4byte	0
 1400              	.LLST4:
 1401 006f 00000000 		.4byte	.LVL12
 1402 0073 09000000 		.4byte	.LVL14-1
 1403 0077 0100     		.2byte	0x1
 1404 0079 50       		.byte	0x50
 1405 007a 09000000 		.4byte	.LVL14-1
 1406 007e 0C000000 		.4byte	.LFE0
 1407 0082 0400     		.2byte	0x4
 1408 0084 F3       		.byte	0xf3
 1409 0085 01       		.uleb128 0x1
 1410 0086 50       		.byte	0x50
 1411 0087 9F       		.byte	0x9f
 1412 0088 00000000 		.4byte	0
 1413 008c 00000000 		.4byte	0
 1414              	.LLST5:
 1415 0090 00000000 		.4byte	.LVL12
 1416 0094 06000000 		.4byte	.LVL13
 1417 0098 0100     		.2byte	0x1
 1418 009a 51       		.byte	0x51
 1419 009b 06000000 		.4byte	.LVL13
 1420 009f 09000000 		.4byte	.LVL14-1
 1421 00a3 0100     		.2byte	0x1
 1422 00a5 52       		.byte	0x52
 1423 00a6 09000000 		.4byte	.LVL14-1
 1424 00aa 0C000000 		.4byte	.LFE0
 1425 00ae 0400     		.2byte	0x4
 1426 00b0 F3       		.byte	0xf3
 1427 00b1 01       		.uleb128 0x1
 1428 00b2 51       		.byte	0x51
 1429 00b3 9F       		.byte	0x9f
 1430 00b4 00000000 		.4byte	0
 1431 00b8 00000000 		.4byte	0
 1432              	.LLST6:
 1433 00bc 7C000000 		.4byte	.LVL18
 1434 00c0 80000000 		.4byte	.LVL19
 1435 00c4 0200     		.2byte	0x2
 1436 00c6 30       		.byte	0x30
 1437 00c7 9F       		.byte	0x9f
 1438 00c8 80000000 		.4byte	.LVL19
 1439 00cc A0000000 		.4byte	.LVL21
 1440 00d0 0100     		.2byte	0x1
 1441 00d2 54       		.byte	0x54
 1442 00d3 A2000000 		.4byte	.LVL22
 1443 00d7 20010000 		.4byte	.LVL25
ARM GAS  C:\Users\Chris\AppData\Local\Temp\cc6QSbh6.s 			page 33


 1444 00db 0100     		.2byte	0x1
 1445 00dd 54       		.byte	0x54
 1446 00de 00000000 		.4byte	0
 1447 00e2 00000000 		.4byte	0
 1448              	.LLST7:
 1449 00e6 80000000 		.4byte	.LVL19
 1450 00ea A0000000 		.4byte	.LVL21
 1451 00ee 0B00     		.2byte	0xb
 1452 00f0 74       		.byte	0x74
 1453 00f1 00       		.sleb128 0
 1454 00f2 36       		.byte	0x36
 1455 00f3 1E       		.byte	0x1e
 1456 00f4 03       		.byte	0x3
 1457 00f5 00000000 		.4byte	cfg_memset_list.4746
 1458 00f9 22       		.byte	0x22
 1459 00fa 9F       		.byte	0x9f
 1460 00fb A0000000 		.4byte	.LVL21
 1461 00ff A2000000 		.4byte	.LVL22
 1462 0103 0B00     		.2byte	0xb
 1463 0105 74       		.byte	0x74
 1464 0106 7F       		.sleb128 -1
 1465 0107 36       		.byte	0x36
 1466 0108 1E       		.byte	0x1e
 1467 0109 03       		.byte	0x3
 1468 010a 00000000 		.4byte	cfg_memset_list.4746
 1469 010e 22       		.byte	0x22
 1470 010f 9F       		.byte	0x9f
 1471 0110 00000000 		.4byte	0
 1472 0114 00000000 		.4byte	0
 1473              		.section	.debug_aranges,"",%progbits
 1474 0000 34000000 		.4byte	0x34
 1475 0004 0200     		.2byte	0x2
 1476 0006 00000000 		.4byte	.Ldebug_info0
 1477 000a 04       		.byte	0x4
 1478 000b 00       		.byte	0
 1479 000c 0000     		.2byte	0
 1480 000e 0000     		.2byte	0
 1481 0010 00000000 		.4byte	.LFB3
 1482 0014 32000000 		.4byte	.LFE3-.LFB3
 1483 0018 00000000 		.4byte	.LFB0
 1484 001c 0C000000 		.4byte	.LFE0-.LFB0
 1485 0020 00000000 		.4byte	.LFB4
 1486 0024 78000000 		.4byte	.LFE4-.LFB4
 1487 0028 78000000 		.4byte	.LFB6
 1488 002c E8000000 		.4byte	.LFE6-.LFB6
 1489 0030 00000000 		.4byte	0
 1490 0034 00000000 		.4byte	0
 1491              		.section	.debug_ranges,"",%progbits
 1492              	.Ldebug_ranges0:
 1493 0000 00000000 		.4byte	.LFB3
 1494 0004 32000000 		.4byte	.LFE3
 1495 0008 00000000 		.4byte	.LFB0
 1496 000c 0C000000 		.4byte	.LFE0
 1497 0010 00000000 		.4byte	.LFB4
 1498 0014 78000000 		.4byte	.LFE4
 1499 0018 78000000 		.4byte	.LFB6
 1500 001c 60010000 		.4byte	.LFE6
ARM GAS  C:\Users\Chris\AppData\Local\Temp\cc6QSbh6.s 			page 34


 1501 0020 00000000 		.4byte	0
 1502 0024 00000000 		.4byte	0
 1503              		.section	.debug_line,"",%progbits
 1504              	.Ldebug_line0:
 1505 0000 5E010000 		.section	.debug_str,"MS",%progbits,1
 1505      0200D800 
 1505      00000201 
 1505      FB0E0D00 
 1505      01010101 
 1506              	.LASF18:
 1507 0000 72656733 		.ascii	"reg32\000"
 1507      3200
 1508              	.LASF11:
 1509 0006 73697A65 		.ascii	"size_t\000"
 1509      5F7400
 1510              	.LASF42:
 1511 000d 4379496E 		.ascii	"CyIntSetVector\000"
 1511      74536574 
 1511      56656374 
 1511      6F7200
 1512              	.LASF21:
 1513 001c 76616C75 		.ascii	"value\000"
 1513      6500
 1514              	.LASF26:
 1515 0022 636F756E 		.ascii	"count\000"
 1515      7400
 1516              	.LASF29:
 1517 0028 436C6F63 		.ascii	"ClockSetup\000"
 1517      6B536574 
 1517      757000
 1518              	.LASF30:
 1519 0033 63795F63 		.ascii	"cy_cfg_addr_table\000"
 1519      66675F61 
 1519      6464725F 
 1519      7461626C 
 1519      6500
 1520              	.LASF31:
 1521 0045 63795F63 		.ascii	"cy_cfg_data_table\000"
 1521      66675F64 
 1521      6174615F 
 1521      7461626C 
 1521      6500
 1522              	.LASF22:
 1523 0057 63795F63 		.ascii	"cy_cfg_addrvalue_t\000"
 1523      66675F61 
 1523      64647276 
 1523      616C7565 
 1523      5F7400
 1524              	.LASF15:
 1525 006a 666C6F61 		.ascii	"float\000"
 1525      7400
 1526              	.LASF35:
 1527 0070 6366675F 		.ascii	"cfg_memset_list\000"
 1527      6D656D73 
 1527      65745F6C 
 1527      69737400 
 1528              	.LASF33:
ARM GAS  C:\Users\Chris\AppData\Local\Temp\cc6QSbh6.s 			page 35


 1529 0080 73697A65 		.ascii	"size\000"
 1529      00
 1530              	.LASF17:
 1531 0085 72656738 		.ascii	"reg8\000"
 1531      00
 1532              	.LASF6:
 1533 008a 6C6F6E67 		.ascii	"long unsigned int\000"
 1533      20756E73 
 1533      69676E65 
 1533      6420696E 
 1533      7400
 1534              	.LASF12:
 1535 009c 75696E74 		.ascii	"uint8\000"
 1535      3800
 1536              	.LASF28:
 1537 00a2 43594D45 		.ascii	"CYMEMZERO\000"
 1537      4D5A4552 
 1537      4F00
 1538              	.LASF2:
 1539 00ac 756E7369 		.ascii	"unsigned char\000"
 1539      676E6564 
 1539      20636861 
 1539      7200
 1540              	.LASF36:
 1541 00ba 6D656D73 		.ascii	"memset\000"
 1541      657400
 1542              	.LASF16:
 1543 00c1 646F7562 		.ascii	"double\000"
 1543      6C6500
 1544              	.LASF27:
 1545 00c8 6366675F 		.ascii	"cfg_write_bytes32\000"
 1545      77726974 
 1545      655F6279 
 1545      74657333 
 1545      3200
 1546              	.LASF43:
 1547 00da 4379496E 		.ascii	"CyIntEnable\000"
 1547      74456E61 
 1547      626C6500 
 1548              	.LASF23:
 1549 00e6 61646472 		.ascii	"addr_table\000"
 1549      5F746162 
 1549      6C6500
 1550              	.LASF13:
 1551 00f1 75696E74 		.ascii	"uint16\000"
 1551      313600
 1552              	.LASF24:
 1553 00f8 64617461 		.ascii	"data_table\000"
 1553      5F746162 
 1553      6C6500
 1554              	.LASF14:
 1555 0103 75696E74 		.ascii	"uint32\000"
 1555      333200
 1556              	.LASF0:
 1557 010a 756E7369 		.ascii	"unsigned int\000"
 1557      676E6564 
 1557      20696E74 
ARM GAS  C:\Users\Chris\AppData\Local\Temp\cc6QSbh6.s 			page 36


 1557      00
 1558              	.LASF41:
 1559 0117 63796669 		.ascii	"cyfitter_cfg\000"
 1559      74746572 
 1559      5F636667 
 1559      00
 1560              	.LASF32:
 1561 0124 61646472 		.ascii	"address\000"
 1561      65737300 
 1562              	.LASF8:
 1563 012c 6C6F6E67 		.ascii	"long long unsigned int\000"
 1563      206C6F6E 
 1563      6720756E 
 1563      7369676E 
 1563      65642069 
 1564              	.LASF19:
 1565 0143 63796973 		.ascii	"cyisraddress\000"
 1565      72616464 
 1565      72657373 
 1565      00
 1566              	.LASF34:
 1567 0150 6366675F 		.ascii	"cfg_memset_t\000"
 1567      6D656D73 
 1567      65745F74 
 1567      00
 1568              	.LASF25:
 1569 015d 62617365 		.ascii	"baseAddr\000"
 1569      41646472 
 1569      00
 1570              	.LASF9:
 1571 0166 73697A65 		.ascii	"sizetype\000"
 1571      74797065 
 1571      00
 1572              	.LASF39:
 1573 016f 2E5C4765 		.ascii	".\\Generated_Source\\PSoC4\\cyfitter_cfg.c\000"
 1573      6E657261 
 1573      7465645F 
 1573      536F7572 
 1573      63655C50 
 1574              	.LASF7:
 1575 0197 6C6F6E67 		.ascii	"long long int\000"
 1575      206C6F6E 
 1575      6720696E 
 1575      7400
 1576              	.LASF40:
 1577 01a5 433A5C55 		.ascii	"C:\\Users\\Chris\\Desktop\\ECEC 304\\Labs\\Lesson15"
 1577      73657273 
 1577      5C436872 
 1577      69735C44 
 1577      65736B74 
 1578 01d2 5F436861 		.ascii	"_Challenge.cydsn\000"
 1578      6C6C656E 
 1578      67652E63 
 1578      7964736E 
 1578      00
 1579              	.LASF10:
 1580 01e3 63686172 		.ascii	"char\000"
ARM GAS  C:\Users\Chris\AppData\Local\Temp\cc6QSbh6.s 			page 37


 1580      00
 1581              	.LASF38:
 1582 01e8 474E5520 		.ascii	"GNU C 4.9.3 20150303 (release) [ARM/embedded-4_9-br"
 1582      4320342E 
 1582      392E3320 
 1582      32303135 
 1582      30333033 
 1583 021b 616E6368 		.ascii	"anch revision 221220] -mcpu=cortex-m0 -mthumb -g -O"
 1583      20726576 
 1583      6973696F 
 1583      6E203232 
 1583      31323230 
 1584 024e 67202D66 		.ascii	"g -ffunction-sections -ffat-lto-objects\000"
 1584      66756E63 
 1584      74696F6E 
 1584      2D736563 
 1584      74696F6E 
 1585              	.LASF20:
 1586 0276 6F666673 		.ascii	"offset\000"
 1586      657400
 1587              	.LASF3:
 1588 027d 73686F72 		.ascii	"short int\000"
 1588      7420696E 
 1588      7400
 1589              	.LASF37:
 1590 0287 43795379 		.ascii	"CySysClkWriteImoFreq\000"
 1590      73436C6B 
 1590      57726974 
 1590      65496D6F 
 1590      46726571 
 1591              	.LASF5:
 1592 029c 6C6F6E67 		.ascii	"long int\000"
 1592      20696E74 
 1592      00
 1593              	.LASF1:
 1594 02a5 7369676E 		.ascii	"signed char\000"
 1594      65642063 
 1594      68617200 
 1595              	.LASF4:
 1596 02b1 73686F72 		.ascii	"short unsigned int\000"
 1596      7420756E 
 1596      7369676E 
 1596      65642069 
 1596      6E7400
 1597              		.ident	"GCC: (GNU Tools for ARM Embedded Processors) 4.9.3 20150303 (release) [ARM/embedded-4_9-br
