ARM GAS  C:\Users\cdc75\AppData\Local\Temp\ccIi1Hvu.s 			page 1


   1              		.cpu cortex-m0
   2              		.fpu softvfp
   3              		.eabi_attribute 20, 1
   4              		.eabi_attribute 21, 1
   5              		.eabi_attribute 23, 3
   6              		.eabi_attribute 24, 1
   7              		.eabi_attribute 25, 1
   8              		.eabi_attribute 26, 1
   9              		.eabi_attribute 30, 1
  10              		.eabi_attribute 34, 0
  11              		.eabi_attribute 18, 4
  12              		.code	16
  13              		.file	"cyfitter_cfg.c"
  14              		.text
  15              	.Ltext0:
  16              		.cfi_sections	.debug_frame
  17              		.section	.text.cfg_write_bytes32,"ax",%progbits
  18              		.align	2
  19              		.code	16
  20              		.thumb_func
  21              		.type	cfg_write_bytes32, %function
  22              	cfg_write_bytes32:
  23              	.LFB3:
  24              		.file 1 ".\\Generated_Source\\PSoC4\\cyfitter_cfg.c"
   1:.\Generated_Source\PSoC4/cyfitter_cfg.c **** /*******************************************************************************
   2:.\Generated_Source\PSoC4/cyfitter_cfg.c **** * File Name: cyfitter_cfg.c
   3:.\Generated_Source\PSoC4/cyfitter_cfg.c **** * 
   4:.\Generated_Source\PSoC4/cyfitter_cfg.c **** * PSoC Creator  3.3 CP3
   5:.\Generated_Source\PSoC4/cyfitter_cfg.c **** *
   6:.\Generated_Source\PSoC4/cyfitter_cfg.c **** * Description:
   7:.\Generated_Source\PSoC4/cyfitter_cfg.c **** * This file contains device initialization code.
   8:.\Generated_Source\PSoC4/cyfitter_cfg.c **** * Except for the user defined sections in CyClockStartupError(), this file should not be modified.
   9:.\Generated_Source\PSoC4/cyfitter_cfg.c **** * This file is automatically generated by PSoC Creator.
  10:.\Generated_Source\PSoC4/cyfitter_cfg.c **** *
  11:.\Generated_Source\PSoC4/cyfitter_cfg.c **** ********************************************************************************
  12:.\Generated_Source\PSoC4/cyfitter_cfg.c **** * Copyright (c) 2007-2016 Cypress Semiconductor.  All rights reserved.
  13:.\Generated_Source\PSoC4/cyfitter_cfg.c **** * You may use this file only in accordance with the license, terms, conditions, 
  14:.\Generated_Source\PSoC4/cyfitter_cfg.c **** * disclaimers, and limitations in the end user license agreement accompanying 
  15:.\Generated_Source\PSoC4/cyfitter_cfg.c **** * the software package with which this file was provided.
  16:.\Generated_Source\PSoC4/cyfitter_cfg.c **** ********************************************************************************/
  17:.\Generated_Source\PSoC4/cyfitter_cfg.c **** 
  18:.\Generated_Source\PSoC4/cyfitter_cfg.c **** #include <string.h>
  19:.\Generated_Source\PSoC4/cyfitter_cfg.c **** #include "cytypes.h"
  20:.\Generated_Source\PSoC4/cyfitter_cfg.c **** #include "cydevice_trm.h"
  21:.\Generated_Source\PSoC4/cyfitter_cfg.c **** #include "cyfitter.h"
  22:.\Generated_Source\PSoC4/cyfitter_cfg.c **** #include "CyLib.h"
  23:.\Generated_Source\PSoC4/cyfitter_cfg.c **** #include "CyLFClk.h"
  24:.\Generated_Source\PSoC4/cyfitter_cfg.c **** #include "cyfitter_cfg.h"
  25:.\Generated_Source\PSoC4/cyfitter_cfg.c **** 
  26:.\Generated_Source\PSoC4/cyfitter_cfg.c **** 
  27:.\Generated_Source\PSoC4/cyfitter_cfg.c **** #if defined(__GNUC__) || defined(__ARMCC_VERSION)
  28:.\Generated_Source\PSoC4/cyfitter_cfg.c ****     #define CYPACKED 
  29:.\Generated_Source\PSoC4/cyfitter_cfg.c ****     #define CYPACKED_ATTR __attribute__ ((packed))
  30:.\Generated_Source\PSoC4/cyfitter_cfg.c ****     #define CYALIGNED __attribute__ ((aligned))
  31:.\Generated_Source\PSoC4/cyfitter_cfg.c ****     #define CY_CFG_UNUSED __attribute__ ((unused))
  32:.\Generated_Source\PSoC4/cyfitter_cfg.c ****     #ifndef CY_CFG_SECTION
  33:.\Generated_Source\PSoC4/cyfitter_cfg.c ****         #define CY_CFG_SECTION __attribute__ ((section(".psocinit")))
ARM GAS  C:\Users\cdc75\AppData\Local\Temp\ccIi1Hvu.s 			page 2


  34:.\Generated_Source\PSoC4/cyfitter_cfg.c ****     #endif
  35:.\Generated_Source\PSoC4/cyfitter_cfg.c ****     
  36:.\Generated_Source\PSoC4/cyfitter_cfg.c ****     #if defined(__ARMCC_VERSION)
  37:.\Generated_Source\PSoC4/cyfitter_cfg.c ****         #define CY_CFG_MEMORY_BARRIER() __memory_changed()
  38:.\Generated_Source\PSoC4/cyfitter_cfg.c ****     #else
  39:.\Generated_Source\PSoC4/cyfitter_cfg.c ****         #define CY_CFG_MEMORY_BARRIER() __sync_synchronize()
  40:.\Generated_Source\PSoC4/cyfitter_cfg.c ****     #endif
  41:.\Generated_Source\PSoC4/cyfitter_cfg.c ****     
  42:.\Generated_Source\PSoC4/cyfitter_cfg.c **** #elif defined(__ICCARM__)
  43:.\Generated_Source\PSoC4/cyfitter_cfg.c ****     #include <intrinsics.h>
  44:.\Generated_Source\PSoC4/cyfitter_cfg.c **** 
  45:.\Generated_Source\PSoC4/cyfitter_cfg.c ****     #define CYPACKED __packed
  46:.\Generated_Source\PSoC4/cyfitter_cfg.c ****     #define CYPACKED_ATTR 
  47:.\Generated_Source\PSoC4/cyfitter_cfg.c ****     #define CYALIGNED _Pragma("data_alignment=4")
  48:.\Generated_Source\PSoC4/cyfitter_cfg.c ****     #define CY_CFG_UNUSED _Pragma("diag_suppress=Pe177")
  49:.\Generated_Source\PSoC4/cyfitter_cfg.c ****     #define CY_CFG_SECTION _Pragma("location=\".psocinit\"")
  50:.\Generated_Source\PSoC4/cyfitter_cfg.c ****     
  51:.\Generated_Source\PSoC4/cyfitter_cfg.c ****     #define CY_CFG_MEMORY_BARRIER() __DMB()
  52:.\Generated_Source\PSoC4/cyfitter_cfg.c ****     
  53:.\Generated_Source\PSoC4/cyfitter_cfg.c **** #else
  54:.\Generated_Source\PSoC4/cyfitter_cfg.c ****     #error Unsupported toolchain
  55:.\Generated_Source\PSoC4/cyfitter_cfg.c **** #endif
  56:.\Generated_Source\PSoC4/cyfitter_cfg.c **** 
  57:.\Generated_Source\PSoC4/cyfitter_cfg.c **** 
  58:.\Generated_Source\PSoC4/cyfitter_cfg.c **** CY_CFG_UNUSED
  59:.\Generated_Source\PSoC4/cyfitter_cfg.c **** static void CYMEMZERO(void *s, size_t n);
  60:.\Generated_Source\PSoC4/cyfitter_cfg.c **** CY_CFG_UNUSED
  61:.\Generated_Source\PSoC4/cyfitter_cfg.c **** static void CYMEMZERO(void *s, size_t n)
  62:.\Generated_Source\PSoC4/cyfitter_cfg.c **** {
  63:.\Generated_Source\PSoC4/cyfitter_cfg.c **** 	(void)memset(s, 0, n);
  64:.\Generated_Source\PSoC4/cyfitter_cfg.c **** }
  65:.\Generated_Source\PSoC4/cyfitter_cfg.c **** CY_CFG_UNUSED
  66:.\Generated_Source\PSoC4/cyfitter_cfg.c **** static void CYCONFIGCPY(void *dest, const void *src, size_t n);
  67:.\Generated_Source\PSoC4/cyfitter_cfg.c **** CY_CFG_UNUSED
  68:.\Generated_Source\PSoC4/cyfitter_cfg.c **** static void CYCONFIGCPY(void *dest, const void *src, size_t n)
  69:.\Generated_Source\PSoC4/cyfitter_cfg.c **** {
  70:.\Generated_Source\PSoC4/cyfitter_cfg.c **** 	(void)memcpy(dest, src, n);
  71:.\Generated_Source\PSoC4/cyfitter_cfg.c **** }
  72:.\Generated_Source\PSoC4/cyfitter_cfg.c **** CY_CFG_UNUSED
  73:.\Generated_Source\PSoC4/cyfitter_cfg.c **** static void CYCONFIGCPYCODE(void *dest, const void *src, size_t n);
  74:.\Generated_Source\PSoC4/cyfitter_cfg.c **** CY_CFG_UNUSED
  75:.\Generated_Source\PSoC4/cyfitter_cfg.c **** static void CYCONFIGCPYCODE(void *dest, const void *src, size_t n)
  76:.\Generated_Source\PSoC4/cyfitter_cfg.c **** {
  77:.\Generated_Source\PSoC4/cyfitter_cfg.c **** 	(void)memcpy(dest, src, n);
  78:.\Generated_Source\PSoC4/cyfitter_cfg.c **** }
  79:.\Generated_Source\PSoC4/cyfitter_cfg.c **** 
  80:.\Generated_Source\PSoC4/cyfitter_cfg.c **** 
  81:.\Generated_Source\PSoC4/cyfitter_cfg.c **** 
  82:.\Generated_Source\PSoC4/cyfitter_cfg.c **** /* Clock startup error codes                                                   */
  83:.\Generated_Source\PSoC4/cyfitter_cfg.c **** #define CYCLOCKSTART_NO_ERROR    0u
  84:.\Generated_Source\PSoC4/cyfitter_cfg.c **** #define CYCLOCKSTART_XTAL_ERROR  1u
  85:.\Generated_Source\PSoC4/cyfitter_cfg.c **** #define CYCLOCKSTART_32KHZ_ERROR 2u
  86:.\Generated_Source\PSoC4/cyfitter_cfg.c **** #define CYCLOCKSTART_PLL_ERROR   3u
  87:.\Generated_Source\PSoC4/cyfitter_cfg.c **** 
  88:.\Generated_Source\PSoC4/cyfitter_cfg.c **** #ifdef CY_NEED_CYCLOCKSTARTUPERROR
  89:.\Generated_Source\PSoC4/cyfitter_cfg.c **** /*******************************************************************************
  90:.\Generated_Source\PSoC4/cyfitter_cfg.c **** * Function Name: CyClockStartupError
ARM GAS  C:\Users\cdc75\AppData\Local\Temp\ccIi1Hvu.s 			page 3


  91:.\Generated_Source\PSoC4/cyfitter_cfg.c **** ********************************************************************************
  92:.\Generated_Source\PSoC4/cyfitter_cfg.c **** * Summary:
  93:.\Generated_Source\PSoC4/cyfitter_cfg.c **** *  If an error is encountered during clock configuration (crystal startup error,
  94:.\Generated_Source\PSoC4/cyfitter_cfg.c **** *  PLL lock error, etc.), the system will end up here.  Unless reimplemented by
  95:.\Generated_Source\PSoC4/cyfitter_cfg.c **** *  the customer, this function will stop in an infinite loop.
  96:.\Generated_Source\PSoC4/cyfitter_cfg.c **** *
  97:.\Generated_Source\PSoC4/cyfitter_cfg.c **** * Parameters:
  98:.\Generated_Source\PSoC4/cyfitter_cfg.c **** *   void
  99:.\Generated_Source\PSoC4/cyfitter_cfg.c **** *
 100:.\Generated_Source\PSoC4/cyfitter_cfg.c **** * Return:
 101:.\Generated_Source\PSoC4/cyfitter_cfg.c **** *   void
 102:.\Generated_Source\PSoC4/cyfitter_cfg.c **** *
 103:.\Generated_Source\PSoC4/cyfitter_cfg.c **** *******************************************************************************/
 104:.\Generated_Source\PSoC4/cyfitter_cfg.c **** CY_CFG_UNUSED
 105:.\Generated_Source\PSoC4/cyfitter_cfg.c **** static void CyClockStartupError(uint8 errorCode);
 106:.\Generated_Source\PSoC4/cyfitter_cfg.c **** CY_CFG_UNUSED
 107:.\Generated_Source\PSoC4/cyfitter_cfg.c **** static void CyClockStartupError(uint8 errorCode)
 108:.\Generated_Source\PSoC4/cyfitter_cfg.c **** {
 109:.\Generated_Source\PSoC4/cyfitter_cfg.c ****     /* To remove the compiler warning if errorCode not used.                */
 110:.\Generated_Source\PSoC4/cyfitter_cfg.c ****     errorCode = errorCode;
 111:.\Generated_Source\PSoC4/cyfitter_cfg.c **** 
 112:.\Generated_Source\PSoC4/cyfitter_cfg.c ****     /* `#START CyClockStartupError` */
 113:.\Generated_Source\PSoC4/cyfitter_cfg.c **** 
 114:.\Generated_Source\PSoC4/cyfitter_cfg.c ****     /* If we have a clock startup error (bad MHz crystal, PLL lock, etc.),  */
 115:.\Generated_Source\PSoC4/cyfitter_cfg.c ****     /* we will end up here to allow the customer to implement something to  */
 116:.\Generated_Source\PSoC4/cyfitter_cfg.c ****     /* deal with the clock condition.                                       */
 117:.\Generated_Source\PSoC4/cyfitter_cfg.c **** 
 118:.\Generated_Source\PSoC4/cyfitter_cfg.c ****     /* `#END` */
 119:.\Generated_Source\PSoC4/cyfitter_cfg.c **** 
 120:.\Generated_Source\PSoC4/cyfitter_cfg.c ****     /* If nothing else, stop here since the clocks have not started         */
 121:.\Generated_Source\PSoC4/cyfitter_cfg.c ****     /* correctly.                                                           */
 122:.\Generated_Source\PSoC4/cyfitter_cfg.c ****     while(1) {}
 123:.\Generated_Source\PSoC4/cyfitter_cfg.c **** }
 124:.\Generated_Source\PSoC4/cyfitter_cfg.c **** #endif
 125:.\Generated_Source\PSoC4/cyfitter_cfg.c **** 
 126:.\Generated_Source\PSoC4/cyfitter_cfg.c **** #define CY_CFG_BASE_ADDR_COUNT 4u
 127:.\Generated_Source\PSoC4/cyfitter_cfg.c **** CYPACKED typedef struct
 128:.\Generated_Source\PSoC4/cyfitter_cfg.c **** {
 129:.\Generated_Source\PSoC4/cyfitter_cfg.c **** 	uint8 offset;
 130:.\Generated_Source\PSoC4/cyfitter_cfg.c **** 	uint8 value;
 131:.\Generated_Source\PSoC4/cyfitter_cfg.c **** } CYPACKED_ATTR cy_cfg_addrvalue_t;
 132:.\Generated_Source\PSoC4/cyfitter_cfg.c **** 
 133:.\Generated_Source\PSoC4/cyfitter_cfg.c **** 
 134:.\Generated_Source\PSoC4/cyfitter_cfg.c **** 
 135:.\Generated_Source\PSoC4/cyfitter_cfg.c **** /*******************************************************************************
 136:.\Generated_Source\PSoC4/cyfitter_cfg.c **** * Function Name: cfg_write_bytes32
 137:.\Generated_Source\PSoC4/cyfitter_cfg.c **** ********************************************************************************
 138:.\Generated_Source\PSoC4/cyfitter_cfg.c **** * Summary:
 139:.\Generated_Source\PSoC4/cyfitter_cfg.c **** *  This function is used for setting up the chip configuration areas that
 140:.\Generated_Source\PSoC4/cyfitter_cfg.c **** *  contain relatively sparse data.
 141:.\Generated_Source\PSoC4/cyfitter_cfg.c **** *
 142:.\Generated_Source\PSoC4/cyfitter_cfg.c **** * Parameters:
 143:.\Generated_Source\PSoC4/cyfitter_cfg.c **** *   void
 144:.\Generated_Source\PSoC4/cyfitter_cfg.c **** *
 145:.\Generated_Source\PSoC4/cyfitter_cfg.c **** * Return:
 146:.\Generated_Source\PSoC4/cyfitter_cfg.c **** *   void
 147:.\Generated_Source\PSoC4/cyfitter_cfg.c **** *
ARM GAS  C:\Users\cdc75\AppData\Local\Temp\ccIi1Hvu.s 			page 4


 148:.\Generated_Source\PSoC4/cyfitter_cfg.c **** *******************************************************************************/
 149:.\Generated_Source\PSoC4/cyfitter_cfg.c **** static void cfg_write_bytes32(const uint32 addr_table[], const cy_cfg_addrvalue_t data_table[]);
 150:.\Generated_Source\PSoC4/cyfitter_cfg.c **** static void cfg_write_bytes32(const uint32 addr_table[], const cy_cfg_addrvalue_t data_table[])
 151:.\Generated_Source\PSoC4/cyfitter_cfg.c **** {
  25              		.loc 1 151 0
  26              		.cfi_startproc
  27              	.LVL0:
  28 0000 F0B5     		push	{r4, r5, r6, r7, lr}
  29              		.cfi_def_cfa_offset 20
  30              		.cfi_offset 4, -20
  31              		.cfi_offset 5, -16
  32              		.cfi_offset 6, -12
  33              		.cfi_offset 7, -8
  34              		.cfi_offset 14, -4
  35              	.LVL1:
 152:.\Generated_Source\PSoC4/cyfitter_cfg.c **** 	/* For 32-bit little-endian architectures */
 153:.\Generated_Source\PSoC4/cyfitter_cfg.c **** 	uint32 i, j = 0u;
  36              		.loc 1 153 0
  37 0002 0025     		mov	r5, #0
 154:.\Generated_Source\PSoC4/cyfitter_cfg.c **** 	for (i = 0u; i < CY_CFG_BASE_ADDR_COUNT; i++)
  38              		.loc 1 154 0
  39 0004 0027     		mov	r7, #0
  40 0006 11E0     		b	.L2
  41              	.LVL2:
  42              	.L5:
  43              	.LBB2:
 155:.\Generated_Source\PSoC4/cyfitter_cfg.c **** 	{
 156:.\Generated_Source\PSoC4/cyfitter_cfg.c **** 		uint32 baseAddr = addr_table[i];
  44              		.loc 1 156 0
  45 0008 BB00     		lsl	r3, r7, #2
  46 000a C658     		ldr	r6, [r0, r3]
  47              	.LVL3:
 157:.\Generated_Source\PSoC4/cyfitter_cfg.c **** 		uint8 count = (uint8)baseAddr;
  48              		.loc 1 157 0
  49 000c F3B2     		uxtb	r3, r6
  50              	.LVL4:
 158:.\Generated_Source\PSoC4/cyfitter_cfg.c **** 		baseAddr &= 0xFFFFFF00u;
  51              		.loc 1 158 0
  52 000e FF22     		mov	r2, #255
  53 0010 9643     		bic	r6, r2
  54              	.LVL5:
 159:.\Generated_Source\PSoC4/cyfitter_cfg.c **** 		while (count != 0u)
  55              		.loc 1 159 0
  56 0012 08E0     		b	.L3
  57              	.L4:
 160:.\Generated_Source\PSoC4/cyfitter_cfg.c **** 		{
 161:.\Generated_Source\PSoC4/cyfitter_cfg.c **** 			CY_SET_XTND_REG8((void CYFAR *)(baseAddr + data_table[j].offset), data_table[j].value);
  58              		.loc 1 161 0
  59 0014 6A00     		lsl	r2, r5, #1
  60 0016 8A18     		add	r2, r1, r2
  61 0018 1478     		ldrb	r4, [r2]
  62 001a A419     		add	r4, r4, r6
  63 001c 5278     		ldrb	r2, [r2, #1]
  64 001e 2270     		strb	r2, [r4]
 162:.\Generated_Source\PSoC4/cyfitter_cfg.c **** 			j++;
  65              		.loc 1 162 0
  66 0020 0135     		add	r5, r5, #1
ARM GAS  C:\Users\cdc75\AppData\Local\Temp\ccIi1Hvu.s 			page 5


  67              	.LVL6:
 163:.\Generated_Source\PSoC4/cyfitter_cfg.c **** 			count--;
  68              		.loc 1 163 0
  69 0022 013B     		sub	r3, r3, #1
  70              	.LVL7:
  71 0024 DBB2     		uxtb	r3, r3
  72              	.LVL8:
  73              	.L3:
 159:.\Generated_Source\PSoC4/cyfitter_cfg.c **** 		{
  74              		.loc 1 159 0
  75 0026 002B     		cmp	r3, #0
  76 0028 F4D1     		bne	.L4
  77              	.LBE2:
 154:.\Generated_Source\PSoC4/cyfitter_cfg.c **** 	{
  78              		.loc 1 154 0 discriminator 2
  79 002a 0137     		add	r7, r7, #1
  80              	.LVL9:
  81              	.L2:
 154:.\Generated_Source\PSoC4/cyfitter_cfg.c **** 	{
  82              		.loc 1 154 0 is_stmt 0 discriminator 1
  83 002c 032F     		cmp	r7, #3
  84 002e EBD9     		bls	.L5
 164:.\Generated_Source\PSoC4/cyfitter_cfg.c **** 		}
 165:.\Generated_Source\PSoC4/cyfitter_cfg.c **** 	}
 166:.\Generated_Source\PSoC4/cyfitter_cfg.c **** }
  85              		.loc 1 166 0 is_stmt 1
  86              		@ sp needed
  87              	.LVL10:
  88              	.LVL11:
  89 0030 F0BD     		pop	{r4, r5, r6, r7, pc}
  90              		.cfi_endproc
  91              	.LFE3:
  92              		.size	cfg_write_bytes32, .-cfg_write_bytes32
  93 0032 C046     		.section	.text.CYMEMZERO,"ax",%progbits
  94              		.align	2
  95              		.code	16
  96              		.thumb_func
  97              		.type	CYMEMZERO, %function
  98              	CYMEMZERO:
  99              	.LFB0:
  62:.\Generated_Source\PSoC4/cyfitter_cfg.c **** 	(void)memset(s, 0, n);
 100              		.loc 1 62 0
 101              		.cfi_startproc
 102              	.LVL12:
 103 0000 08B5     		push	{r3, lr}
 104              		.cfi_def_cfa_offset 8
 105              		.cfi_offset 3, -8
 106              		.cfi_offset 14, -4
 107 0002 0A1C     		mov	r2, r1
  63:.\Generated_Source\PSoC4/cyfitter_cfg.c **** }
 108              		.loc 1 63 0
 109 0004 0021     		mov	r1, #0
 110              	.LVL13:
 111 0006 FFF7FEFF 		bl	memset
 112              	.LVL14:
  64:.\Generated_Source\PSoC4/cyfitter_cfg.c **** CY_CFG_UNUSED
 113              		.loc 1 64 0
ARM GAS  C:\Users\cdc75\AppData\Local\Temp\ccIi1Hvu.s 			page 6


 114              		@ sp needed
 115 000a 08BD     		pop	{r3, pc}
 116              		.cfi_endproc
 117              	.LFE0:
 118              		.size	CYMEMZERO, .-CYMEMZERO
 119              		.section	.psocinit,"ax",%progbits
 120              		.align	2
 121              		.code	16
 122              		.thumb_func
 123              		.type	ClockSetup, %function
 124              	ClockSetup:
 125              	.LFB4:
 167:.\Generated_Source\PSoC4/cyfitter_cfg.c **** 
 168:.\Generated_Source\PSoC4/cyfitter_cfg.c **** 
 169:.\Generated_Source\PSoC4/cyfitter_cfg.c **** /*******************************************************************************
 170:.\Generated_Source\PSoC4/cyfitter_cfg.c **** * Function Name: ClockSetup
 171:.\Generated_Source\PSoC4/cyfitter_cfg.c **** ********************************************************************************
 172:.\Generated_Source\PSoC4/cyfitter_cfg.c **** *
 173:.\Generated_Source\PSoC4/cyfitter_cfg.c **** * Summary:
 174:.\Generated_Source\PSoC4/cyfitter_cfg.c **** *   Performs the initialization of all of the clocks in the device based on the
 175:.\Generated_Source\PSoC4/cyfitter_cfg.c **** *   settings in the Clock tab of the DWR.  This includes enabling the requested
 176:.\Generated_Source\PSoC4/cyfitter_cfg.c **** *   clocks and setting the necessary dividers to produce the desired frequency. 
 177:.\Generated_Source\PSoC4/cyfitter_cfg.c **** *
 178:.\Generated_Source\PSoC4/cyfitter_cfg.c **** * Parameters:
 179:.\Generated_Source\PSoC4/cyfitter_cfg.c **** *   void
 180:.\Generated_Source\PSoC4/cyfitter_cfg.c **** *
 181:.\Generated_Source\PSoC4/cyfitter_cfg.c **** * Return:
 182:.\Generated_Source\PSoC4/cyfitter_cfg.c **** *   void
 183:.\Generated_Source\PSoC4/cyfitter_cfg.c **** *
 184:.\Generated_Source\PSoC4/cyfitter_cfg.c **** *******************************************************************************/
 185:.\Generated_Source\PSoC4/cyfitter_cfg.c **** static void ClockSetup(void);
 186:.\Generated_Source\PSoC4/cyfitter_cfg.c **** CY_CFG_SECTION
 187:.\Generated_Source\PSoC4/cyfitter_cfg.c **** static void ClockSetup(void)
 188:.\Generated_Source\PSoC4/cyfitter_cfg.c **** {
 126              		.loc 1 188 0
 127              		.cfi_startproc
 128 0000 38B5     		push	{r3, r4, r5, lr}
 129              		.cfi_def_cfa_offset 16
 130              		.cfi_offset 3, -16
 131              		.cfi_offset 4, -12
 132              		.cfi_offset 5, -8
 133              		.cfi_offset 14, -4
 189:.\Generated_Source\PSoC4/cyfitter_cfg.c **** 	/* Enable HALF_EN before trimming for the flash accelerator. */
 190:.\Generated_Source\PSoC4/cyfitter_cfg.c **** 	CY_SET_REG32((void CYXDATA *)(CYREG_CLK_SELECT), (CY_GET_REG32((void *)CYREG_CLK_SELECT) | 0x00040
 134              		.loc 1 190 0
 135 0002 0F4C     		ldr	r4, .L8
 136 0004 2368     		ldr	r3, [r4]
 137 0006 8022     		mov	r2, #128
 138 0008 D202     		lsl	r2, r2, #11
 139 000a 1343     		orr	r3, r2
 140 000c 2360     		str	r3, [r4]
 191:.\Generated_Source\PSoC4/cyfitter_cfg.c **** 
 192:.\Generated_Source\PSoC4/cyfitter_cfg.c **** 	/* Setup and trim IMO based on desired frequency. */
 193:.\Generated_Source\PSoC4/cyfitter_cfg.c **** 	CySysClkWriteImoFreq(24u);
 141              		.loc 1 193 0
 142 000e 1820     		mov	r0, #24
 143 0010 FFF7FEFF 		bl	CySysClkWriteImoFreq
ARM GAS  C:\Users\cdc75\AppData\Local\Temp\ccIi1Hvu.s 			page 7


 144              	.LVL15:
 194:.\Generated_Source\PSoC4/cyfitter_cfg.c **** 
 195:.\Generated_Source\PSoC4/cyfitter_cfg.c **** 	/* Disable HALF_EN since it is not required at this IMO frequency. */
 196:.\Generated_Source\PSoC4/cyfitter_cfg.c **** 	CY_SET_REG32((void CYXDATA *)(CYREG_CLK_SELECT), (CY_GET_REG32((void *)CYREG_CLK_SELECT) & 0xFFFBF
 145              		.loc 1 196 0
 146 0014 2268     		ldr	r2, [r4]
 147 0016 0B4B     		ldr	r3, .L8+4
 148 0018 1340     		and	r3, r2
 149 001a 2360     		str	r3, [r4]
 197:.\Generated_Source\PSoC4/cyfitter_cfg.c **** 	/* CYDEV_CLK_ILO_CONFIG Starting address: CYDEV_CLK_ILO_CONFIG */
 198:.\Generated_Source\PSoC4/cyfitter_cfg.c **** 	CY_SET_XTND_REG32((void CYFAR *)(CYREG_CLK_ILO_CONFIG), 0x80000006u);
 150              		.loc 1 198 0
 151 001c 0A4A     		ldr	r2, .L8+8
 152 001e 0B4B     		ldr	r3, .L8+12
 153 0020 1A60     		str	r2, [r3]
 199:.\Generated_Source\PSoC4/cyfitter_cfg.c **** 
 200:.\Generated_Source\PSoC4/cyfitter_cfg.c **** 
 201:.\Generated_Source\PSoC4/cyfitter_cfg.c **** 	/* CYDEV_CLK_IMO_CONFIG Starting address: CYDEV_CLK_IMO_CONFIG */
 202:.\Generated_Source\PSoC4/cyfitter_cfg.c **** 	CY_SET_XTND_REG32((void CYFAR *)(CYREG_CLK_IMO_CONFIG), 0x80000000u);
 154              		.loc 1 202 0
 155 0022 063A     		sub	r2, r2, #6
 156 0024 0A4B     		ldr	r3, .L8+16
 157 0026 1A60     		str	r2, [r3]
 203:.\Generated_Source\PSoC4/cyfitter_cfg.c **** 
 204:.\Generated_Source\PSoC4/cyfitter_cfg.c **** 	/* CYDEV_CLK_SELECT Starting address: CYDEV_CLK_SELECT */
 205:.\Generated_Source\PSoC4/cyfitter_cfg.c **** 	CY_SET_XTND_REG32((void CYFAR *)(CYREG_CLK_SELECT), 0x00000000u);
 158              		.loc 1 205 0
 159 0028 0025     		mov	r5, #0
 160 002a 2560     		str	r5, [r4]
 206:.\Generated_Source\PSoC4/cyfitter_cfg.c **** 
 207:.\Generated_Source\PSoC4/cyfitter_cfg.c **** 	(void)CyIntSetVector(9u, &CySysWdtIsr);
 161              		.loc 1 207 0
 162 002c 0920     		mov	r0, #9
 163 002e 0949     		ldr	r1, .L8+20
 164 0030 FFF7FEFF 		bl	CyIntSetVector
 165              	.LVL16:
 208:.\Generated_Source\PSoC4/cyfitter_cfg.c **** 	CyIntEnable(9u);
 166              		.loc 1 208 0
 167 0034 0920     		mov	r0, #9
 168 0036 FFF7FEFF 		bl	CyIntEnable
 169              	.LVL17:
 209:.\Generated_Source\PSoC4/cyfitter_cfg.c **** 	CY_SET_XTND_REG32((void CYFAR *)(CYREG_WDT_CONFIG), 0x00000000u);
 170              		.loc 1 209 0
 171 003a 074B     		ldr	r3, .L8+24
 172 003c 1D60     		str	r5, [r3]
 210:.\Generated_Source\PSoC4/cyfitter_cfg.c **** }
 173              		.loc 1 210 0
 174              		@ sp needed
 175 003e 38BD     		pop	{r3, r4, r5, pc}
 176              	.L9:
 177              		.align	2
 178              	.L8:
 179 0040 00010B40 		.word	1074462976
 180 0044 FFFFFBFF 		.word	-262145
 181 0048 06000080 		.word	-2147483642
 182 004c 04010B40 		.word	1074462980
 183 0050 08010B40 		.word	1074462984
ARM GAS  C:\Users\cdc75\AppData\Local\Temp\ccIi1Hvu.s 			page 8


 184 0054 00000000 		.word	CySysWdtIsr
 185 0058 0C020B40 		.word	1074463244
 186              		.cfi_endproc
 187              	.LFE4:
 188              		.size	ClockSetup, .-ClockSetup
 189              		.align	2
 190              		.global	cyfitter_cfg
 191              		.code	16
 192              		.thumb_func
 193              		.type	cyfitter_cfg, %function
 194              	cyfitter_cfg:
 195              	.LFB6:
 211:.\Generated_Source\PSoC4/cyfitter_cfg.c **** 
 212:.\Generated_Source\PSoC4/cyfitter_cfg.c **** 
 213:.\Generated_Source\PSoC4/cyfitter_cfg.c **** /* Analog API Functions */
 214:.\Generated_Source\PSoC4/cyfitter_cfg.c **** 
 215:.\Generated_Source\PSoC4/cyfitter_cfg.c **** 
 216:.\Generated_Source\PSoC4/cyfitter_cfg.c **** /*******************************************************************************
 217:.\Generated_Source\PSoC4/cyfitter_cfg.c **** * Function Name: AnalogSetDefault
 218:.\Generated_Source\PSoC4/cyfitter_cfg.c **** ********************************************************************************
 219:.\Generated_Source\PSoC4/cyfitter_cfg.c **** *
 220:.\Generated_Source\PSoC4/cyfitter_cfg.c **** * Summary:
 221:.\Generated_Source\PSoC4/cyfitter_cfg.c **** *  Sets up the analog portions of the chip to default values based on chip
 222:.\Generated_Source\PSoC4/cyfitter_cfg.c **** *  configuration options from the project.
 223:.\Generated_Source\PSoC4/cyfitter_cfg.c **** *
 224:.\Generated_Source\PSoC4/cyfitter_cfg.c **** * Parameters:
 225:.\Generated_Source\PSoC4/cyfitter_cfg.c **** *  void
 226:.\Generated_Source\PSoC4/cyfitter_cfg.c **** *
 227:.\Generated_Source\PSoC4/cyfitter_cfg.c **** * Return:
 228:.\Generated_Source\PSoC4/cyfitter_cfg.c **** *  void
 229:.\Generated_Source\PSoC4/cyfitter_cfg.c **** *
 230:.\Generated_Source\PSoC4/cyfitter_cfg.c **** *******************************************************************************/
 231:.\Generated_Source\PSoC4/cyfitter_cfg.c **** static void AnalogSetDefault(void);
 232:.\Generated_Source\PSoC4/cyfitter_cfg.c **** static void AnalogSetDefault(void)
 233:.\Generated_Source\PSoC4/cyfitter_cfg.c **** {
 234:.\Generated_Source\PSoC4/cyfitter_cfg.c **** }
 235:.\Generated_Source\PSoC4/cyfitter_cfg.c **** 
 236:.\Generated_Source\PSoC4/cyfitter_cfg.c **** #define CY_AMUX_UNUSED CYREG_CM0_ROM_DWT
 237:.\Generated_Source\PSoC4/cyfitter_cfg.c **** 
 238:.\Generated_Source\PSoC4/cyfitter_cfg.c **** 
 239:.\Generated_Source\PSoC4/cyfitter_cfg.c **** /*******************************************************************************
 240:.\Generated_Source\PSoC4/cyfitter_cfg.c **** * Function Name: cyfitter_cfg
 241:.\Generated_Source\PSoC4/cyfitter_cfg.c **** ********************************************************************************
 242:.\Generated_Source\PSoC4/cyfitter_cfg.c **** * Summary:
 243:.\Generated_Source\PSoC4/cyfitter_cfg.c **** *  This function is called by the start-up code for the selected device. It
 244:.\Generated_Source\PSoC4/cyfitter_cfg.c **** *  performs all of the necessary device configuration based on the design
 245:.\Generated_Source\PSoC4/cyfitter_cfg.c **** *  settings.  This includes settings from the Design Wide Resources (DWR) such
 246:.\Generated_Source\PSoC4/cyfitter_cfg.c **** *  as Clocks and Pins as well as any component configuration that is necessary.
 247:.\Generated_Source\PSoC4/cyfitter_cfg.c **** *
 248:.\Generated_Source\PSoC4/cyfitter_cfg.c **** * Parameters:  
 249:.\Generated_Source\PSoC4/cyfitter_cfg.c **** *   void
 250:.\Generated_Source\PSoC4/cyfitter_cfg.c **** *
 251:.\Generated_Source\PSoC4/cyfitter_cfg.c **** * Return:
 252:.\Generated_Source\PSoC4/cyfitter_cfg.c **** *   void
 253:.\Generated_Source\PSoC4/cyfitter_cfg.c **** *
 254:.\Generated_Source\PSoC4/cyfitter_cfg.c **** *******************************************************************************/
 255:.\Generated_Source\PSoC4/cyfitter_cfg.c **** CY_CFG_SECTION
ARM GAS  C:\Users\cdc75\AppData\Local\Temp\ccIi1Hvu.s 			page 9


 256:.\Generated_Source\PSoC4/cyfitter_cfg.c **** void cyfitter_cfg(void)
 257:.\Generated_Source\PSoC4/cyfitter_cfg.c **** {
 196              		.loc 1 257 0
 197              		.cfi_startproc
 198 005c 10B5     		push	{r4, lr}
 199              		.cfi_def_cfa_offset 8
 200              		.cfi_offset 4, -8
 201              		.cfi_offset 14, -4
 258:.\Generated_Source\PSoC4/cyfitter_cfg.c **** 	/* Disable interrupts by default. Let user enable if/when they want. */
 259:.\Generated_Source\PSoC4/cyfitter_cfg.c **** 	CyGlobalIntDisable;
 202              		.loc 1 259 0
 203              	@ 259 ".\Generated_Source\PSoC4\cyfitter_cfg.c" 1
 204 005e 72B6     		CPSID   i
 205              	@ 0 "" 2
 206              	.LVL18:
 207              		.code	16
 208              	.LBB3:
 260:.\Generated_Source\PSoC4/cyfitter_cfg.c **** 
 261:.\Generated_Source\PSoC4/cyfitter_cfg.c **** 	{
 262:.\Generated_Source\PSoC4/cyfitter_cfg.c **** 		static const uint32 CYCODE cy_cfg_addr_table[] = {
 263:.\Generated_Source\PSoC4/cyfitter_cfg.c **** 			0x400F3206u, /* Base address: 0x400F3200 Count: 6 */
 264:.\Generated_Source\PSoC4/cyfitter_cfg.c **** 			0x400F330Au, /* Base address: 0x400F3300 Count: 10 */
 265:.\Generated_Source\PSoC4/cyfitter_cfg.c **** 			0x400F4004u, /* Base address: 0x400F4000 Count: 4 */
 266:.\Generated_Source\PSoC4/cyfitter_cfg.c **** 			0x400F4109u, /* Base address: 0x400F4100 Count: 9 */
 267:.\Generated_Source\PSoC4/cyfitter_cfg.c **** 		};
 268:.\Generated_Source\PSoC4/cyfitter_cfg.c **** 
 269:.\Generated_Source\PSoC4/cyfitter_cfg.c **** 		static const cy_cfg_addrvalue_t CYCODE cy_cfg_data_table[] = {
 270:.\Generated_Source\PSoC4/cyfitter_cfg.c **** 			{0x12u, 0x01u},
 271:.\Generated_Source\PSoC4/cyfitter_cfg.c **** 			{0x32u, 0x01u},
 272:.\Generated_Source\PSoC4/cyfitter_cfg.c **** 			{0x3Au, 0x0Bu},
 273:.\Generated_Source\PSoC4/cyfitter_cfg.c **** 			{0x58u, 0x24u},
 274:.\Generated_Source\PSoC4/cyfitter_cfg.c **** 			{0x5Cu, 0x08u},
 275:.\Generated_Source\PSoC4/cyfitter_cfg.c **** 			{0x5Fu, 0x11u},
 276:.\Generated_Source\PSoC4/cyfitter_cfg.c **** 			{0x0Eu, 0x80u},
 277:.\Generated_Source\PSoC4/cyfitter_cfg.c **** 			{0x1Du, 0x08u},
 278:.\Generated_Source\PSoC4/cyfitter_cfg.c **** 			{0x1Eu, 0x80u},
 279:.\Generated_Source\PSoC4/cyfitter_cfg.c **** 			{0x7Cu, 0x20u},
 280:.\Generated_Source\PSoC4/cyfitter_cfg.c **** 			{0x80u, 0x20u},
 281:.\Generated_Source\PSoC4/cyfitter_cfg.c **** 			{0x86u, 0x40u},
 282:.\Generated_Source\PSoC4/cyfitter_cfg.c **** 			{0x89u, 0x08u},
 283:.\Generated_Source\PSoC4/cyfitter_cfg.c **** 			{0xC2u, 0x10u},
 284:.\Generated_Source\PSoC4/cyfitter_cfg.c **** 			{0xDEu, 0x20u},
 285:.\Generated_Source\PSoC4/cyfitter_cfg.c **** 			{0xE6u, 0x20u},
 286:.\Generated_Source\PSoC4/cyfitter_cfg.c **** 			{0x0Eu, 0x08u},
 287:.\Generated_Source\PSoC4/cyfitter_cfg.c **** 			{0x51u, 0x10u},
 288:.\Generated_Source\PSoC4/cyfitter_cfg.c **** 			{0xC2u, 0x80u},
 289:.\Generated_Source\PSoC4/cyfitter_cfg.c **** 			{0xD4u, 0x20u},
 290:.\Generated_Source\PSoC4/cyfitter_cfg.c **** 			{0x5Cu, 0x02u},
 291:.\Generated_Source\PSoC4/cyfitter_cfg.c **** 			{0x82u, 0x04u},
 292:.\Generated_Source\PSoC4/cyfitter_cfg.c **** 			{0x84u, 0x02u},
 293:.\Generated_Source\PSoC4/cyfitter_cfg.c **** 			{0x89u, 0x10u},
 294:.\Generated_Source\PSoC4/cyfitter_cfg.c **** 			{0x95u, 0x20u},
 295:.\Generated_Source\PSoC4/cyfitter_cfg.c **** 			{0xA2u, 0x04u},
 296:.\Generated_Source\PSoC4/cyfitter_cfg.c **** 			{0xD6u, 0x80u},
 297:.\Generated_Source\PSoC4/cyfitter_cfg.c **** 			{0xE4u, 0x20u},
 298:.\Generated_Source\PSoC4/cyfitter_cfg.c **** 			{0xE6u, 0x40u},
 299:.\Generated_Source\PSoC4/cyfitter_cfg.c **** 		};
ARM GAS  C:\Users\cdc75\AppData\Local\Temp\ccIi1Hvu.s 			page 10


 300:.\Generated_Source\PSoC4/cyfitter_cfg.c **** 
 301:.\Generated_Source\PSoC4/cyfitter_cfg.c **** 
 302:.\Generated_Source\PSoC4/cyfitter_cfg.c **** 
 303:.\Generated_Source\PSoC4/cyfitter_cfg.c **** 		CYPACKED typedef struct {
 304:.\Generated_Source\PSoC4/cyfitter_cfg.c **** 			void CYFAR *address;
 305:.\Generated_Source\PSoC4/cyfitter_cfg.c **** 			uint16 size;
 306:.\Generated_Source\PSoC4/cyfitter_cfg.c **** 		} CYPACKED_ATTR cfg_memset_t;
 307:.\Generated_Source\PSoC4/cyfitter_cfg.c **** 
 308:.\Generated_Source\PSoC4/cyfitter_cfg.c **** 		static const cfg_memset_t CYCODE cfg_memset_list [] = {
 309:.\Generated_Source\PSoC4/cyfitter_cfg.c **** 			/* address, size */
 310:.\Generated_Source\PSoC4/cyfitter_cfg.c **** 			{(void CYFAR *)(CYDEV_UDB_P0_U0_BASE), 1024u},
 311:.\Generated_Source\PSoC4/cyfitter_cfg.c **** 			{(void CYFAR *)(CYDEV_UDB_DSI0_BASE), 1024u},
 312:.\Generated_Source\PSoC4/cyfitter_cfg.c **** 		};
 313:.\Generated_Source\PSoC4/cyfitter_cfg.c **** 
 314:.\Generated_Source\PSoC4/cyfitter_cfg.c **** 		uint8 CYDATA i;
 315:.\Generated_Source\PSoC4/cyfitter_cfg.c **** 
 316:.\Generated_Source\PSoC4/cyfitter_cfg.c **** 		/* Zero out critical memory blocks before beginning configuration */
 317:.\Generated_Source\PSoC4/cyfitter_cfg.c **** 		for (i = 0u; i < (sizeof(cfg_memset_list)/sizeof(cfg_memset_list[0])); i++)
 209              		.loc 1 317 0
 210 0060 0024     		mov	r4, #0
 211 0062 10E0     		b	.L11
 212              	.LVL19:
 213              	.L12:
 214              	.LBB4:
 318:.\Generated_Source\PSoC4/cyfitter_cfg.c **** 		{
 319:.\Generated_Source\PSoC4/cyfitter_cfg.c **** 			const cfg_memset_t CYCODE * CYDATA ms = &cfg_memset_list[i];
 320:.\Generated_Source\PSoC4/cyfitter_cfg.c **** 			CYMEMZERO(ms->address, (size_t)(uint32)(ms->size));
 215              		.loc 1 320 0 discriminator 3
 216 0064 2C48     		ldr	r0, .L13
 217 0066 6300     		lsl	r3, r4, #1
 218 0068 1A19     		add	r2, r3, r4
 219 006a 5200     		lsl	r2, r2, #1
 220 006c 8218     		add	r2, r0, r2
 221 006e 9188     		ldrh	r1, [r2, #4]
 222 0070 1B19     		add	r3, r3, r4
 223 0072 5B00     		lsl	r3, r3, #1
 224 0074 1A5A     		ldrh	r2, [r3, r0]
 225 0076 C318     		add	r3, r0, r3
 226 0078 5888     		ldrh	r0, [r3, #2]
 227 007a 0004     		lsl	r0, r0, #16
 228 007c 1043     		orr	r0, r2
 229 007e FFF7FEFF 		bl	CYMEMZERO
 230              	.LVL20:
 231              	.LBE4:
 317:.\Generated_Source\PSoC4/cyfitter_cfg.c **** 		{
 232              		.loc 1 317 0 discriminator 3
 233 0082 0134     		add	r4, r4, #1
 234              	.LVL21:
 235 0084 E4B2     		uxtb	r4, r4
 236              	.LVL22:
 237              	.L11:
 317:.\Generated_Source\PSoC4/cyfitter_cfg.c **** 		{
 238              		.loc 1 317 0 is_stmt 0 discriminator 1
 239 0086 012C     		cmp	r4, #1
 240 0088 ECD9     		bls	.L12
 321:.\Generated_Source\PSoC4/cyfitter_cfg.c **** 		}
 322:.\Generated_Source\PSoC4/cyfitter_cfg.c **** 
ARM GAS  C:\Users\cdc75\AppData\Local\Temp\ccIi1Hvu.s 			page 11


 323:.\Generated_Source\PSoC4/cyfitter_cfg.c **** 		cfg_write_bytes32(cy_cfg_addr_table, cy_cfg_data_table);
 241              		.loc 1 323 0 is_stmt 1
 242 008a 2349     		ldr	r1, .L13
 243 008c 081C     		mov	r0, r1
 244 008e 0C30     		add	r0, r0, #12
 245 0090 1C31     		add	r1, r1, #28
 246 0092 FFF7FEFF 		bl	cfg_write_bytes32
 247              	.LVL23:
 324:.\Generated_Source\PSoC4/cyfitter_cfg.c **** 
 325:.\Generated_Source\PSoC4/cyfitter_cfg.c **** 		/* HSIOM Starting address: CYDEV_HSIOM_BASE */
 326:.\Generated_Source\PSoC4/cyfitter_cfg.c **** 		CY_SET_XTND_REG32((void CYFAR *)(CYDEV_HSIOM_BASE), 0x00000300u);
 248              		.loc 1 326 0
 249 0096 C022     		mov	r2, #192
 250 0098 9200     		lsl	r2, r2, #2
 251 009a 204B     		ldr	r3, .L13+4
 252 009c 1A60     		str	r2, [r3]
 327:.\Generated_Source\PSoC4/cyfitter_cfg.c **** 		CY_SET_XTND_REG32((void CYFAR *)(CYREG_HSIOM_PORT_SEL1), 0x03000000u);
 253              		.loc 1 327 0
 254 009e C022     		mov	r2, #192
 255 00a0 9204     		lsl	r2, r2, #18
 256 00a2 1F4B     		ldr	r3, .L13+8
 257 00a4 1A60     		str	r2, [r3]
 328:.\Generated_Source\PSoC4/cyfitter_cfg.c **** 		CY_SET_XTND_REG32((void CYFAR *)(CYREG_HSIOM_PORT_SEL3), 0x0000EE00u);
 258              		.loc 1 328 0
 259 00a6 EE22     		mov	r2, #238
 260 00a8 1202     		lsl	r2, r2, #8
 261 00aa 1E4B     		ldr	r3, .L13+12
 262 00ac 1A60     		str	r2, [r3]
 329:.\Generated_Source\PSoC4/cyfitter_cfg.c **** 
 330:.\Generated_Source\PSoC4/cyfitter_cfg.c **** 		/* UDB_PA_0 Starting address: CYDEV_UDB_PA0_BASE */
 331:.\Generated_Source\PSoC4/cyfitter_cfg.c **** 		CY_SET_XTND_REG32((void CYFAR *)(CYDEV_UDB_PA0_BASE), 0x00990000u);
 263              		.loc 1 331 0
 264 00ae 9923     		mov	r3, #153
 265 00b0 1B04     		lsl	r3, r3, #16
 266 00b2 1D4A     		ldr	r2, .L13+16
 267 00b4 1360     		str	r3, [r2]
 332:.\Generated_Source\PSoC4/cyfitter_cfg.c **** 		CY_SET_XTND_REG32((void CYFAR *)(CYREG_UDB_PA0_CFG8), 0x00450000u);
 268              		.loc 1 332 0
 269 00b6 8A21     		mov	r1, #138
 270 00b8 C903     		lsl	r1, r1, #15
 271 00ba 1C4A     		ldr	r2, .L13+20
 272 00bc 1160     		str	r1, [r2]
 333:.\Generated_Source\PSoC4/cyfitter_cfg.c **** 
 334:.\Generated_Source\PSoC4/cyfitter_cfg.c **** 		/* UDB_PA_1 Starting address: CYDEV_UDB_PA1_BASE */
 335:.\Generated_Source\PSoC4/cyfitter_cfg.c **** 		CY_SET_XTND_REG32((void CYFAR *)(CYDEV_UDB_PA1_BASE), 0x00990000u);
 273              		.loc 1 335 0
 274 00be 1C4A     		ldr	r2, .L13+24
 275 00c0 1360     		str	r3, [r2]
 336:.\Generated_Source\PSoC4/cyfitter_cfg.c **** 		CY_SET_XTND_REG32((void CYFAR *)(CYREG_UDB_PA1_CFG8), 0x10000000u);
 276              		.loc 1 336 0
 277 00c2 8021     		mov	r1, #128
 278 00c4 4905     		lsl	r1, r1, #21
 279 00c6 1B4A     		ldr	r2, .L13+28
 280 00c8 1160     		str	r1, [r2]
 337:.\Generated_Source\PSoC4/cyfitter_cfg.c **** 
 338:.\Generated_Source\PSoC4/cyfitter_cfg.c **** 		/* UDB_PA_3 Starting address: CYDEV_UDB_PA3_BASE */
 339:.\Generated_Source\PSoC4/cyfitter_cfg.c **** 		CY_SET_XTND_REG32((void CYFAR *)(CYDEV_UDB_PA3_BASE), 0x00990000u);
ARM GAS  C:\Users\cdc75\AppData\Local\Temp\ccIi1Hvu.s 			page 12


 281              		.loc 1 339 0
 282 00ca 1B4A     		ldr	r2, .L13+32
 283 00cc 1360     		str	r3, [r2]
 340:.\Generated_Source\PSoC4/cyfitter_cfg.c **** 
 341:.\Generated_Source\PSoC4/cyfitter_cfg.c **** 		/* Enable digital routing */
 342:.\Generated_Source\PSoC4/cyfitter_cfg.c **** 		CY_SET_XTND_REG8((void *)CYREG_UDB_UDBIF_BANK_CTL, CY_GET_XTND_REG8((void *)CYREG_UDB_UDBIF_BANK_
 284              		.loc 1 342 0
 285 00ce 1B4B     		ldr	r3, .L13+36
 286 00d0 1978     		ldrb	r1, [r3]
 287 00d2 0222     		mov	r2, #2
 288 00d4 0A43     		orr	r2, r1
 289 00d6 1A70     		strb	r2, [r3]
 343:.\Generated_Source\PSoC4/cyfitter_cfg.c **** 
 344:.\Generated_Source\PSoC4/cyfitter_cfg.c **** 		/* Enable UDB array */
 345:.\Generated_Source\PSoC4/cyfitter_cfg.c **** 		CY_SET_XTND_REG8((void *)CYREG_UDB_UDBIF_WAIT_CFG, (uint8)((CY_GET_XTND_REG8((void *)CYREG_UDB_UD
 290              		.loc 1 345 0
 291 00d8 1948     		ldr	r0, .L13+40
 292 00da 0278     		ldrb	r2, [r0]
 293 00dc 3C21     		mov	r1, #60
 294 00de 8A43     		bic	r2, r1
 295 00e0 2839     		sub	r1, r1, #40
 296 00e2 0A43     		orr	r2, r1
 297 00e4 0270     		strb	r2, [r0]
 346:.\Generated_Source\PSoC4/cyfitter_cfg.c **** 		CY_SET_XTND_REG8((void *)CYREG_UDB_UDBIF_BANK_CTL, (uint8)(CY_GET_XTND_REG8((void *)CYREG_UDB_UDB
 298              		.loc 1 346 0
 299 00e6 1978     		ldrb	r1, [r3]
 300 00e8 1622     		mov	r2, #22
 301 00ea 0A43     		orr	r2, r1
 302 00ec 1A70     		strb	r2, [r3]
 303              	.LBE3:
 347:.\Generated_Source\PSoC4/cyfitter_cfg.c **** 	}
 348:.\Generated_Source\PSoC4/cyfitter_cfg.c **** 
 349:.\Generated_Source\PSoC4/cyfitter_cfg.c **** 	/* Perform second pass device configuration. These items must be configured in specific order afte
 350:.\Generated_Source\PSoC4/cyfitter_cfg.c **** 	/* IOPINS0_0 Starting address: CYDEV_PRT0_BASE */
 351:.\Generated_Source\PSoC4/cyfitter_cfg.c **** 	CY_SET_XTND_REG32((void CYFAR *)(CYDEV_PRT0_BASE), 0x0000008Cu);
 304              		.loc 1 351 0
 305 00ee 8C22     		mov	r2, #140
 306 00f0 144B     		ldr	r3, .L13+44
 307 00f2 1A60     		str	r2, [r3]
 352:.\Generated_Source\PSoC4/cyfitter_cfg.c **** 	CY_SET_XTND_REG32((void CYFAR *)(CYREG_PRT0_PC), 0x00400D80u);
 308              		.loc 1 352 0
 309 00f4 144A     		ldr	r2, .L13+48
 310 00f6 154B     		ldr	r3, .L13+52
 311 00f8 1A60     		str	r2, [r3]
 353:.\Generated_Source\PSoC4/cyfitter_cfg.c **** 
 354:.\Generated_Source\PSoC4/cyfitter_cfg.c **** 	/* IOPINS0_1 Starting address: CYDEV_PRT1_BASE */
 355:.\Generated_Source\PSoC4/cyfitter_cfg.c **** 	CY_SET_XTND_REG32((void CYFAR *)(CYDEV_PRT1_BASE), 0x00000040u);
 312              		.loc 1 355 0
 313 00fa 4022     		mov	r2, #64
 314 00fc 144B     		ldr	r3, .L13+56
 315 00fe 1A60     		str	r2, [r3]
 356:.\Generated_Source\PSoC4/cyfitter_cfg.c **** 	CY_SET_XTND_REG32((void CYFAR *)(CYREG_PRT1_PC), 0x00180000u);
 316              		.loc 1 356 0
 317 0100 C022     		mov	r2, #192
 318 0102 5203     		lsl	r2, r2, #13
 319 0104 134B     		ldr	r3, .L13+60
 320 0106 1A60     		str	r2, [r3]
ARM GAS  C:\Users\cdc75\AppData\Local\Temp\ccIi1Hvu.s 			page 13


 357:.\Generated_Source\PSoC4/cyfitter_cfg.c **** 
 358:.\Generated_Source\PSoC4/cyfitter_cfg.c **** 	/* IOPINS0_3 Starting address: CYDEV_PRT3_BASE */
 359:.\Generated_Source\PSoC4/cyfitter_cfg.c **** 	CY_SET_XTND_REG32((void CYFAR *)(CYREG_PRT3_PC), 0x00000D80u);
 321              		.loc 1 359 0
 322 0108 D822     		mov	r2, #216
 323 010a 1201     		lsl	r2, r2, #4
 324 010c 124B     		ldr	r3, .L13+64
 325 010e 1A60     		str	r2, [r3]
 360:.\Generated_Source\PSoC4/cyfitter_cfg.c **** 
 361:.\Generated_Source\PSoC4/cyfitter_cfg.c **** 
 362:.\Generated_Source\PSoC4/cyfitter_cfg.c **** 	/* Setup clocks based on selections from Clock DWR */
 363:.\Generated_Source\PSoC4/cyfitter_cfg.c **** 	ClockSetup();
 326              		.loc 1 363 0
 327 0110 FFF776FF 		bl	ClockSetup
 328              	.LVL24:
 364:.\Generated_Source\PSoC4/cyfitter_cfg.c **** 
 365:.\Generated_Source\PSoC4/cyfitter_cfg.c **** 	/* Perform basic analog initialization to defaults */
 366:.\Generated_Source\PSoC4/cyfitter_cfg.c **** 	AnalogSetDefault();
 367:.\Generated_Source\PSoC4/cyfitter_cfg.c **** 
 368:.\Generated_Source\PSoC4/cyfitter_cfg.c **** }
 329              		.loc 1 368 0
 330              		@ sp needed
 331              	.LVL25:
 332 0114 10BD     		pop	{r4, pc}
 333              	.L14:
 334 0116 C046     		.align	2
 335              	.L13:
 336 0118 00000000 		.word	.LANCHOR0
 337 011c 00000140 		.word	1073807360
 338 0120 04000140 		.word	1073807364
 339 0124 0C000140 		.word	1073807372
 340 0128 00500F40 		.word	1074745344
 341 012c 08500F40 		.word	1074745352
 342 0130 10500F40 		.word	1074745360
 343 0134 18500F40 		.word	1074745368
 344 0138 30500F40 		.word	1074745392
 345 013c 00700F40 		.word	1074753536
 346 0140 01700F40 		.word	1074753537
 347 0144 00000440 		.word	1074003968
 348 0148 800D4000 		.word	4197760
 349 014c 08000440 		.word	1074003976
 350 0150 00010440 		.word	1074004224
 351 0154 08010440 		.word	1074004232
 352 0158 08030440 		.word	1074004744
 353              		.cfi_endproc
 354              	.LFE6:
 355              		.size	cyfitter_cfg, .-cyfitter_cfg
 356              		.section	.rodata
 357              		.align	2
 358              		.set	.LANCHOR0,. + 0
 359              		.type	cfg_memset_list.4746, %object
 360              		.size	cfg_memset_list.4746, 12
 361              	cfg_memset_list.4746:
 362 0000 00300F40 		.word	1074737152
 363 0004 0004     		.short	1024
 364 0006 00400F40 		.4byte	1074741248
 365 000a 0004     		.short	1024
ARM GAS  C:\Users\cdc75\AppData\Local\Temp\ccIi1Hvu.s 			page 14


 366              		.type	cy_cfg_addr_table.4740, %object
 367              		.size	cy_cfg_addr_table.4740, 16
 368              	cy_cfg_addr_table.4740:
 369 000c 06320F40 		.word	1074737670
 370 0010 0A330F40 		.word	1074737930
 371 0014 04400F40 		.word	1074741252
 372 0018 09410F40 		.word	1074741513
 373              		.type	cy_cfg_data_table.4741, %object
 374              		.size	cy_cfg_data_table.4741, 58
 375              	cy_cfg_data_table.4741:
 376 001c 12       		.byte	18
 377 001d 01       		.byte	1
 378 001e 32       		.byte	50
 379 001f 01       		.byte	1
 380 0020 3A       		.byte	58
 381 0021 0B       		.byte	11
 382 0022 58       		.byte	88
 383 0023 24       		.byte	36
 384 0024 5C       		.byte	92
 385 0025 08       		.byte	8
 386 0026 5F       		.byte	95
 387 0027 11       		.byte	17
 388 0028 0E       		.byte	14
 389 0029 80       		.byte	-128
 390 002a 1D       		.byte	29
 391 002b 08       		.byte	8
 392 002c 1E       		.byte	30
 393 002d 80       		.byte	-128
 394 002e 7C       		.byte	124
 395 002f 20       		.byte	32
 396 0030 80       		.byte	-128
 397 0031 20       		.byte	32
 398 0032 86       		.byte	-122
 399 0033 40       		.byte	64
 400 0034 89       		.byte	-119
 401 0035 08       		.byte	8
 402 0036 C2       		.byte	-62
 403 0037 10       		.byte	16
 404 0038 DE       		.byte	-34
 405 0039 20       		.byte	32
 406 003a E6       		.byte	-26
 407 003b 20       		.byte	32
 408 003c 0E       		.byte	14
 409 003d 08       		.byte	8
 410 003e 51       		.byte	81
 411 003f 10       		.byte	16
 412 0040 C2       		.byte	-62
 413 0041 80       		.byte	-128
 414 0042 D4       		.byte	-44
 415 0043 20       		.byte	32
 416 0044 5C       		.byte	92
 417 0045 02       		.byte	2
 418 0046 82       		.byte	-126
 419 0047 04       		.byte	4
 420 0048 84       		.byte	-124
 421 0049 02       		.byte	2
 422 004a 89       		.byte	-119
ARM GAS  C:\Users\cdc75\AppData\Local\Temp\ccIi1Hvu.s 			page 15


 423 004b 10       		.byte	16
 424 004c 95       		.byte	-107
 425 004d 20       		.byte	32
 426 004e A2       		.byte	-94
 427 004f 04       		.byte	4
 428 0050 D6       		.byte	-42
 429 0051 80       		.byte	-128
 430 0052 E4       		.byte	-28
 431 0053 20       		.byte	32
 432 0054 E6       		.byte	-26
 433 0055 40       		.byte	64
 434 0056 0000     		.text
 435              	.Letext0:
 436              		.file 2 "c:\\program files (x86)\\cypress\\psoc creator\\3.3\\psoc creator\\import\\gnu\\arm\\4.9.
 437              		.file 3 ".\\Generated_Source\\PSoC4\\cytypes.h"
 438              		.file 4 ".\\Generated_Source\\PSoC4\\CyLib.h"
 439              		.section	.debug_info,"",%progbits
 440              	.Ldebug_info0:
 441 0000 B9030000 		.4byte	0x3b9
 442 0004 0400     		.2byte	0x4
 443 0006 00000000 		.4byte	.Ldebug_abbrev0
 444 000a 04       		.byte	0x4
 445 000b 01       		.uleb128 0x1
 446 000c BD010000 		.4byte	.LASF38
 447 0010 01       		.byte	0x1
 448 0011 90010000 		.4byte	.LASF39
 449 0015 86020000 		.4byte	.LASF40
 450 0019 00000000 		.4byte	.Ldebug_ranges0+0
 451 001d 00000000 		.4byte	0
 452 0021 00000000 		.4byte	.Ldebug_line0
 453 0025 02       		.uleb128 0x2
 454 0026 04       		.byte	0x4
 455 0027 05       		.byte	0x5
 456 0028 696E7400 		.ascii	"int\000"
 457 002c 03       		.uleb128 0x3
 458 002d 06000000 		.4byte	.LASF11
 459 0031 02       		.byte	0x2
 460 0032 D4       		.byte	0xd4
 461 0033 37000000 		.4byte	0x37
 462 0037 04       		.uleb128 0x4
 463 0038 04       		.byte	0x4
 464 0039 07       		.byte	0x7
 465 003a 0A010000 		.4byte	.LASF0
 466 003e 04       		.uleb128 0x4
 467 003f 01       		.byte	0x1
 468 0040 06       		.byte	0x6
 469 0041 7A020000 		.4byte	.LASF1
 470 0045 04       		.uleb128 0x4
 471 0046 01       		.byte	0x1
 472 0047 08       		.byte	0x8
 473 0048 AC000000 		.4byte	.LASF2
 474 004c 04       		.uleb128 0x4
 475 004d 02       		.byte	0x2
 476 004e 05       		.byte	0x5
 477 004f 52020000 		.4byte	.LASF3
 478 0053 04       		.uleb128 0x4
 479 0054 02       		.byte	0x2
ARM GAS  C:\Users\cdc75\AppData\Local\Temp\ccIi1Hvu.s 			page 16


 480 0055 07       		.byte	0x7
 481 0056 6F010000 		.4byte	.LASF4
 482 005a 04       		.uleb128 0x4
 483 005b 04       		.byte	0x4
 484 005c 05       		.byte	0x5
 485 005d 71020000 		.4byte	.LASF5
 486 0061 04       		.uleb128 0x4
 487 0062 04       		.byte	0x4
 488 0063 07       		.byte	0x7
 489 0064 8A000000 		.4byte	.LASF6
 490 0068 04       		.uleb128 0x4
 491 0069 08       		.byte	0x8
 492 006a 05       		.byte	0x5
 493 006b 82010000 		.4byte	.LASF7
 494 006f 04       		.uleb128 0x4
 495 0070 08       		.byte	0x8
 496 0071 07       		.byte	0x7
 497 0072 2C010000 		.4byte	.LASF8
 498 0076 04       		.uleb128 0x4
 499 0077 04       		.byte	0x4
 500 0078 07       		.byte	0x7
 501 0079 66010000 		.4byte	.LASF9
 502 007d 05       		.uleb128 0x5
 503 007e 04       		.byte	0x4
 504 007f 06       		.uleb128 0x6
 505 0080 04       		.byte	0x4
 506 0081 85000000 		.4byte	0x85
 507 0085 07       		.uleb128 0x7
 508 0086 04       		.uleb128 0x4
 509 0087 01       		.byte	0x1
 510 0088 08       		.byte	0x8
 511 0089 B8010000 		.4byte	.LASF10
 512 008d 08       		.uleb128 0x8
 513 008e 9C000000 		.4byte	.LASF12
 514 0092 03       		.byte	0x3
 515 0093 9801     		.2byte	0x198
 516 0095 45000000 		.4byte	0x45
 517 0099 08       		.uleb128 0x8
 518 009a F1000000 		.4byte	.LASF13
 519 009e 03       		.byte	0x3
 520 009f 9901     		.2byte	0x199
 521 00a1 53000000 		.4byte	0x53
 522 00a5 08       		.uleb128 0x8
 523 00a6 03010000 		.4byte	.LASF14
 524 00aa 03       		.byte	0x3
 525 00ab 9A01     		.2byte	0x19a
 526 00ad 61000000 		.4byte	0x61
 527 00b1 04       		.uleb128 0x4
 528 00b2 04       		.byte	0x4
 529 00b3 04       		.byte	0x4
 530 00b4 6A000000 		.4byte	.LASF15
 531 00b8 04       		.uleb128 0x4
 532 00b9 08       		.byte	0x8
 533 00ba 04       		.byte	0x4
 534 00bb C1000000 		.4byte	.LASF16
 535 00bf 08       		.uleb128 0x8
 536 00c0 85000000 		.4byte	.LASF17
ARM GAS  C:\Users\cdc75\AppData\Local\Temp\ccIi1Hvu.s 			page 17


 537 00c4 03       		.byte	0x3
 538 00c5 4202     		.2byte	0x242
 539 00c7 CB000000 		.4byte	0xcb
 540 00cb 09       		.uleb128 0x9
 541 00cc 8D000000 		.4byte	0x8d
 542 00d0 08       		.uleb128 0x8
 543 00d1 00000000 		.4byte	.LASF18
 544 00d5 03       		.byte	0x3
 545 00d6 4402     		.2byte	0x244
 546 00d8 DC000000 		.4byte	0xdc
 547 00dc 09       		.uleb128 0x9
 548 00dd A5000000 		.4byte	0xa5
 549 00e1 08       		.uleb128 0x8
 550 00e2 43010000 		.4byte	.LASF19
 551 00e6 03       		.byte	0x3
 552 00e7 5402     		.2byte	0x254
 553 00e9 7F000000 		.4byte	0x7f
 554 00ed 0A       		.uleb128 0xa
 555 00ee 02       		.byte	0x2
 556 00ef 01       		.byte	0x1
 557 00f0 7F       		.byte	0x7f
 558 00f1 0E010000 		.4byte	0x10e
 559 00f5 0B       		.uleb128 0xb
 560 00f6 4B020000 		.4byte	.LASF20
 561 00fa 01       		.byte	0x1
 562 00fb 81       		.byte	0x81
 563 00fc 8D000000 		.4byte	0x8d
 564 0100 00       		.byte	0
 565 0101 0B       		.uleb128 0xb
 566 0102 1C000000 		.4byte	.LASF21
 567 0106 01       		.byte	0x1
 568 0107 82       		.byte	0x82
 569 0108 8D000000 		.4byte	0x8d
 570 010c 01       		.byte	0x1
 571 010d 00       		.byte	0
 572 010e 03       		.uleb128 0x3
 573 010f 57000000 		.4byte	.LASF22
 574 0113 01       		.byte	0x1
 575 0114 83       		.byte	0x83
 576 0115 ED000000 		.4byte	0xed
 577 0119 0C       		.uleb128 0xc
 578 011a C8000000 		.4byte	.LASF27
 579 011e 01       		.byte	0x1
 580 011f 96       		.byte	0x96
 581 0120 00000000 		.4byte	.LFB3
 582 0124 32000000 		.4byte	.LFE3-.LFB3
 583 0128 01       		.uleb128 0x1
 584 0129 9C       		.byte	0x9c
 585 012a 8B010000 		.4byte	0x18b
 586 012e 0D       		.uleb128 0xd
 587 012f E6000000 		.4byte	.LASF23
 588 0133 01       		.byte	0x1
 589 0134 96       		.byte	0x96
 590 0135 8B010000 		.4byte	0x18b
 591 0139 01       		.uleb128 0x1
 592 013a 50       		.byte	0x50
 593 013b 0D       		.uleb128 0xd
ARM GAS  C:\Users\cdc75\AppData\Local\Temp\ccIi1Hvu.s 			page 18


 594 013c F8000000 		.4byte	.LASF24
 595 0140 01       		.byte	0x1
 596 0141 96       		.byte	0x96
 597 0142 96010000 		.4byte	0x196
 598 0146 01       		.uleb128 0x1
 599 0147 51       		.byte	0x51
 600 0148 0E       		.uleb128 0xe
 601 0149 6900     		.ascii	"i\000"
 602 014b 01       		.byte	0x1
 603 014c 99       		.byte	0x99
 604 014d A5000000 		.4byte	0xa5
 605 0151 00000000 		.4byte	.LLST0
 606 0155 0E       		.uleb128 0xe
 607 0156 6A00     		.ascii	"j\000"
 608 0158 01       		.byte	0x1
 609 0159 99       		.byte	0x99
 610 015a A5000000 		.4byte	0xa5
 611 015e 1F000000 		.4byte	.LLST1
 612 0162 0F       		.uleb128 0xf
 613 0163 08000000 		.4byte	.LBB2
 614 0167 22000000 		.4byte	.LBE2-.LBB2
 615 016b 10       		.uleb128 0x10
 616 016c 5D010000 		.4byte	.LASF25
 617 0170 01       		.byte	0x1
 618 0171 9C       		.byte	0x9c
 619 0172 A5000000 		.4byte	0xa5
 620 0176 3E000000 		.4byte	.LLST2
 621 017a 10       		.uleb128 0x10
 622 017b 22000000 		.4byte	.LASF26
 623 017f 01       		.byte	0x1
 624 0180 9D       		.byte	0x9d
 625 0181 8D000000 		.4byte	0x8d
 626 0185 51000000 		.4byte	.LLST3
 627 0189 00       		.byte	0
 628 018a 00       		.byte	0
 629 018b 06       		.uleb128 0x6
 630 018c 04       		.byte	0x4
 631 018d 91010000 		.4byte	0x191
 632 0191 11       		.uleb128 0x11
 633 0192 A5000000 		.4byte	0xa5
 634 0196 06       		.uleb128 0x6
 635 0197 04       		.byte	0x4
 636 0198 9C010000 		.4byte	0x19c
 637 019c 11       		.uleb128 0x11
 638 019d 0E010000 		.4byte	0x10e
 639 01a1 0C       		.uleb128 0xc
 640 01a2 A2000000 		.4byte	.LASF28
 641 01a6 01       		.byte	0x1
 642 01a7 3D       		.byte	0x3d
 643 01a8 00000000 		.4byte	.LFB0
 644 01ac 0C000000 		.4byte	.LFE0-.LFB0
 645 01b0 01       		.uleb128 0x1
 646 01b1 9C       		.byte	0x9c
 647 01b2 EE010000 		.4byte	0x1ee
 648 01b6 12       		.uleb128 0x12
 649 01b7 7300     		.ascii	"s\000"
 650 01b9 01       		.byte	0x1
ARM GAS  C:\Users\cdc75\AppData\Local\Temp\ccIi1Hvu.s 			page 19


 651 01ba 3D       		.byte	0x3d
 652 01bb 7D000000 		.4byte	0x7d
 653 01bf 6F000000 		.4byte	.LLST4
 654 01c3 12       		.uleb128 0x12
 655 01c4 6E00     		.ascii	"n\000"
 656 01c6 01       		.byte	0x1
 657 01c7 3D       		.byte	0x3d
 658 01c8 2C000000 		.4byte	0x2c
 659 01cc 90000000 		.4byte	.LLST5
 660 01d0 13       		.uleb128 0x13
 661 01d1 0A000000 		.4byte	.LVL14
 662 01d5 67030000 		.4byte	0x367
 663 01d9 14       		.uleb128 0x14
 664 01da 01       		.uleb128 0x1
 665 01db 52       		.byte	0x52
 666 01dc 03       		.uleb128 0x3
 667 01dd F3       		.byte	0xf3
 668 01de 01       		.uleb128 0x1
 669 01df 51       		.byte	0x51
 670 01e0 14       		.uleb128 0x14
 671 01e1 01       		.uleb128 0x1
 672 01e2 51       		.byte	0x51
 673 01e3 01       		.uleb128 0x1
 674 01e4 30       		.byte	0x30
 675 01e5 14       		.uleb128 0x14
 676 01e6 01       		.uleb128 0x1
 677 01e7 50       		.byte	0x50
 678 01e8 03       		.uleb128 0x3
 679 01e9 F3       		.byte	0xf3
 680 01ea 01       		.uleb128 0x1
 681 01eb 50       		.byte	0x50
 682 01ec 00       		.byte	0
 683 01ed 00       		.byte	0
 684 01ee 0C       		.uleb128 0xc
 685 01ef 28000000 		.4byte	.LASF29
 686 01f3 01       		.byte	0x1
 687 01f4 BB       		.byte	0xbb
 688 01f5 00000000 		.4byte	.LFB4
 689 01f9 5C000000 		.4byte	.LFE4-.LFB4
 690 01fd 01       		.uleb128 0x1
 691 01fe 9C       		.byte	0x9c
 692 01ff 39020000 		.4byte	0x239
 693 0203 15       		.uleb128 0x15
 694 0204 14000000 		.4byte	.LVL15
 695 0208 84030000 		.4byte	0x384
 696 020c 16020000 		.4byte	0x216
 697 0210 14       		.uleb128 0x14
 698 0211 01       		.uleb128 0x1
 699 0212 50       		.byte	0x50
 700 0213 01       		.uleb128 0x1
 701 0214 48       		.byte	0x48
 702 0215 00       		.byte	0
 703 0216 15       		.uleb128 0x15
 704 0217 34000000 		.4byte	.LVL16
 705 021b 95030000 		.4byte	0x395
 706 021f 29020000 		.4byte	0x229
 707 0223 14       		.uleb128 0x14
ARM GAS  C:\Users\cdc75\AppData\Local\Temp\ccIi1Hvu.s 			page 20


 708 0224 01       		.uleb128 0x1
 709 0225 50       		.byte	0x50
 710 0226 01       		.uleb128 0x1
 711 0227 39       		.byte	0x39
 712 0228 00       		.byte	0
 713 0229 13       		.uleb128 0x13
 714 022a 3A000000 		.4byte	.LVL17
 715 022e AF030000 		.4byte	0x3af
 716 0232 14       		.uleb128 0x14
 717 0233 01       		.uleb128 0x1
 718 0234 50       		.byte	0x50
 719 0235 01       		.uleb128 0x1
 720 0236 39       		.byte	0x39
 721 0237 00       		.byte	0
 722 0238 00       		.byte	0
 723 0239 16       		.uleb128 0x16
 724 023a 17010000 		.4byte	.LASF41
 725 023e 01       		.byte	0x1
 726 023f 0001     		.2byte	0x100
 727 0241 5C000000 		.4byte	.LFB6
 728 0245 00010000 		.4byte	.LFE6-.LFB6
 729 0249 01       		.uleb128 0x1
 730 024a 9C       		.byte	0x9c
 731 024b 3D030000 		.4byte	0x33d
 732 024f 17       		.uleb128 0x17
 733 0250 60000000 		.4byte	.LBB3
 734 0254 8E000000 		.4byte	.LBE3-.LBB3
 735 0258 33030000 		.4byte	0x333
 736 025c 18       		.uleb128 0x18
 737 025d 33000000 		.4byte	.LASF30
 738 0261 01       		.byte	0x1
 739 0262 0601     		.2byte	0x106
 740 0264 4D030000 		.4byte	0x34d
 741 0268 05       		.uleb128 0x5
 742 0269 03       		.byte	0x3
 743 026a 0C000000 		.4byte	cy_cfg_addr_table.4740
 744 026e 18       		.uleb128 0x18
 745 026f 45000000 		.4byte	.LASF31
 746 0273 01       		.byte	0x1
 747 0274 0D01     		.2byte	0x10d
 748 0276 62030000 		.4byte	0x362
 749 027a 05       		.uleb128 0x5
 750 027b 03       		.byte	0x3
 751 027c 1C000000 		.4byte	cy_cfg_data_table.4741
 752 0280 19       		.uleb128 0x19
 753 0281 06       		.byte	0x6
 754 0282 01       		.byte	0x1
 755 0283 2F01     		.2byte	0x12f
 756 0285 A4020000 		.4byte	0x2a4
 757 0289 1A       		.uleb128 0x1a
 758 028a 24010000 		.4byte	.LASF32
 759 028e 01       		.byte	0x1
 760 028f 3001     		.2byte	0x130
 761 0291 7D000000 		.4byte	0x7d
 762 0295 00       		.byte	0
 763 0296 1A       		.uleb128 0x1a
 764 0297 80000000 		.4byte	.LASF33
ARM GAS  C:\Users\cdc75\AppData\Local\Temp\ccIi1Hvu.s 			page 21


 765 029b 01       		.byte	0x1
 766 029c 3101     		.2byte	0x131
 767 029e 99000000 		.4byte	0x99
 768 02a2 04       		.byte	0x4
 769 02a3 00       		.byte	0
 770 02a4 08       		.uleb128 0x8
 771 02a5 50010000 		.4byte	.LASF34
 772 02a9 01       		.byte	0x1
 773 02aa 3201     		.2byte	0x132
 774 02ac 80020000 		.4byte	0x280
 775 02b0 1B       		.uleb128 0x1b
 776 02b1 A4020000 		.4byte	0x2a4
 777 02b5 C0020000 		.4byte	0x2c0
 778 02b9 1C       		.uleb128 0x1c
 779 02ba 76000000 		.4byte	0x76
 780 02be 01       		.byte	0x1
 781 02bf 00       		.byte	0
 782 02c0 18       		.uleb128 0x18
 783 02c1 70000000 		.4byte	.LASF35
 784 02c5 01       		.byte	0x1
 785 02c6 3401     		.2byte	0x134
 786 02c8 D2020000 		.4byte	0x2d2
 787 02cc 05       		.uleb128 0x5
 788 02cd 03       		.byte	0x3
 789 02ce 00000000 		.4byte	cfg_memset_list.4746
 790 02d2 11       		.uleb128 0x11
 791 02d3 B0020000 		.4byte	0x2b0
 792 02d7 1D       		.uleb128 0x1d
 793 02d8 6900     		.ascii	"i\000"
 794 02da 01       		.byte	0x1
 795 02db 3A01     		.2byte	0x13a
 796 02dd 8D000000 		.4byte	0x8d
 797 02e1 BC000000 		.4byte	.LLST6
 798 02e5 17       		.uleb128 0x17
 799 02e6 64000000 		.4byte	.LBB4
 800 02ea 1E000000 		.4byte	.LBE4-.LBB4
 801 02ee 16030000 		.4byte	0x316
 802 02f2 1D       		.uleb128 0x1d
 803 02f3 6D7300   		.ascii	"ms\000"
 804 02f6 01       		.byte	0x1
 805 02f7 3F01     		.2byte	0x13f
 806 02f9 01030000 		.4byte	0x301
 807 02fd E6000000 		.4byte	.LLST7
 808 0301 06       		.uleb128 0x6
 809 0302 04       		.byte	0x4
 810 0303 07030000 		.4byte	0x307
 811 0307 11       		.uleb128 0x11
 812 0308 A4020000 		.4byte	0x2a4
 813 030c 1E       		.uleb128 0x1e
 814 030d 82000000 		.4byte	.LVL20
 815 0311 A1010000 		.4byte	0x1a1
 816 0315 00       		.byte	0
 817 0316 13       		.uleb128 0x13
 818 0317 96000000 		.4byte	.LVL23
 819 031b 19010000 		.4byte	0x119
 820 031f 14       		.uleb128 0x14
 821 0320 01       		.uleb128 0x1
ARM GAS  C:\Users\cdc75\AppData\Local\Temp\ccIi1Hvu.s 			page 22


 822 0321 51       		.byte	0x51
 823 0322 05       		.uleb128 0x5
 824 0323 03       		.byte	0x3
 825 0324 1C000000 		.4byte	.LANCHOR0+28
 826 0328 14       		.uleb128 0x14
 827 0329 01       		.uleb128 0x1
 828 032a 50       		.byte	0x50
 829 032b 05       		.uleb128 0x5
 830 032c 03       		.byte	0x3
 831 032d 0C000000 		.4byte	.LANCHOR0+12
 832 0331 00       		.byte	0
 833 0332 00       		.byte	0
 834 0333 1E       		.uleb128 0x1e
 835 0334 14010000 		.4byte	.LVL24
 836 0338 EE010000 		.4byte	0x1ee
 837 033c 00       		.byte	0
 838 033d 1B       		.uleb128 0x1b
 839 033e A5000000 		.4byte	0xa5
 840 0342 4D030000 		.4byte	0x34d
 841 0346 1C       		.uleb128 0x1c
 842 0347 76000000 		.4byte	0x76
 843 034b 03       		.byte	0x3
 844 034c 00       		.byte	0
 845 034d 11       		.uleb128 0x11
 846 034e 3D030000 		.4byte	0x33d
 847 0352 1B       		.uleb128 0x1b
 848 0353 0E010000 		.4byte	0x10e
 849 0357 62030000 		.4byte	0x362
 850 035b 1C       		.uleb128 0x1c
 851 035c 76000000 		.4byte	0x76
 852 0360 1C       		.byte	0x1c
 853 0361 00       		.byte	0
 854 0362 11       		.uleb128 0x11
 855 0363 52030000 		.4byte	0x352
 856 0367 1F       		.uleb128 0x1f
 857 0368 BA000000 		.4byte	.LASF36
 858 036c 7D000000 		.4byte	0x7d
 859 0370 84030000 		.4byte	0x384
 860 0374 20       		.uleb128 0x20
 861 0375 7D000000 		.4byte	0x7d
 862 0379 20       		.uleb128 0x20
 863 037a 25000000 		.4byte	0x25
 864 037e 20       		.uleb128 0x20
 865 037f 76000000 		.4byte	0x76
 866 0383 00       		.byte	0
 867 0384 21       		.uleb128 0x21
 868 0385 5C020000 		.4byte	.LASF37
 869 0389 04       		.byte	0x4
 870 038a 6C       		.byte	0x6c
 871 038b 95030000 		.4byte	0x395
 872 038f 20       		.uleb128 0x20
 873 0390 A5000000 		.4byte	0xa5
 874 0394 00       		.byte	0
 875 0395 22       		.uleb128 0x22
 876 0396 0D000000 		.4byte	.LASF42
 877 039a 04       		.byte	0x4
 878 039b BB       		.byte	0xbb
ARM GAS  C:\Users\cdc75\AppData\Local\Temp\ccIi1Hvu.s 			page 23


 879 039c E1000000 		.4byte	0xe1
 880 03a0 AF030000 		.4byte	0x3af
 881 03a4 20       		.uleb128 0x20
 882 03a5 8D000000 		.4byte	0x8d
 883 03a9 20       		.uleb128 0x20
 884 03aa E1000000 		.4byte	0xe1
 885 03ae 00       		.byte	0
 886 03af 23       		.uleb128 0x23
 887 03b0 DA000000 		.4byte	.LASF43
 888 03b4 04       		.byte	0x4
 889 03b5 C1       		.byte	0xc1
 890 03b6 20       		.uleb128 0x20
 891 03b7 8D000000 		.4byte	0x8d
 892 03bb 00       		.byte	0
 893 03bc 00       		.byte	0
 894              		.section	.debug_abbrev,"",%progbits
 895              	.Ldebug_abbrev0:
 896 0000 01       		.uleb128 0x1
 897 0001 11       		.uleb128 0x11
 898 0002 01       		.byte	0x1
 899 0003 25       		.uleb128 0x25
 900 0004 0E       		.uleb128 0xe
 901 0005 13       		.uleb128 0x13
 902 0006 0B       		.uleb128 0xb
 903 0007 03       		.uleb128 0x3
 904 0008 0E       		.uleb128 0xe
 905 0009 1B       		.uleb128 0x1b
 906 000a 0E       		.uleb128 0xe
 907 000b 55       		.uleb128 0x55
 908 000c 17       		.uleb128 0x17
 909 000d 11       		.uleb128 0x11
 910 000e 01       		.uleb128 0x1
 911 000f 10       		.uleb128 0x10
 912 0010 17       		.uleb128 0x17
 913 0011 00       		.byte	0
 914 0012 00       		.byte	0
 915 0013 02       		.uleb128 0x2
 916 0014 24       		.uleb128 0x24
 917 0015 00       		.byte	0
 918 0016 0B       		.uleb128 0xb
 919 0017 0B       		.uleb128 0xb
 920 0018 3E       		.uleb128 0x3e
 921 0019 0B       		.uleb128 0xb
 922 001a 03       		.uleb128 0x3
 923 001b 08       		.uleb128 0x8
 924 001c 00       		.byte	0
 925 001d 00       		.byte	0
 926 001e 03       		.uleb128 0x3
 927 001f 16       		.uleb128 0x16
 928 0020 00       		.byte	0
 929 0021 03       		.uleb128 0x3
 930 0022 0E       		.uleb128 0xe
 931 0023 3A       		.uleb128 0x3a
 932 0024 0B       		.uleb128 0xb
 933 0025 3B       		.uleb128 0x3b
 934 0026 0B       		.uleb128 0xb
 935 0027 49       		.uleb128 0x49
ARM GAS  C:\Users\cdc75\AppData\Local\Temp\ccIi1Hvu.s 			page 24


 936 0028 13       		.uleb128 0x13
 937 0029 00       		.byte	0
 938 002a 00       		.byte	0
 939 002b 04       		.uleb128 0x4
 940 002c 24       		.uleb128 0x24
 941 002d 00       		.byte	0
 942 002e 0B       		.uleb128 0xb
 943 002f 0B       		.uleb128 0xb
 944 0030 3E       		.uleb128 0x3e
 945 0031 0B       		.uleb128 0xb
 946 0032 03       		.uleb128 0x3
 947 0033 0E       		.uleb128 0xe
 948 0034 00       		.byte	0
 949 0035 00       		.byte	0
 950 0036 05       		.uleb128 0x5
 951 0037 0F       		.uleb128 0xf
 952 0038 00       		.byte	0
 953 0039 0B       		.uleb128 0xb
 954 003a 0B       		.uleb128 0xb
 955 003b 00       		.byte	0
 956 003c 00       		.byte	0
 957 003d 06       		.uleb128 0x6
 958 003e 0F       		.uleb128 0xf
 959 003f 00       		.byte	0
 960 0040 0B       		.uleb128 0xb
 961 0041 0B       		.uleb128 0xb
 962 0042 49       		.uleb128 0x49
 963 0043 13       		.uleb128 0x13
 964 0044 00       		.byte	0
 965 0045 00       		.byte	0
 966 0046 07       		.uleb128 0x7
 967 0047 15       		.uleb128 0x15
 968 0048 00       		.byte	0
 969 0049 27       		.uleb128 0x27
 970 004a 19       		.uleb128 0x19
 971 004b 00       		.byte	0
 972 004c 00       		.byte	0
 973 004d 08       		.uleb128 0x8
 974 004e 16       		.uleb128 0x16
 975 004f 00       		.byte	0
 976 0050 03       		.uleb128 0x3
 977 0051 0E       		.uleb128 0xe
 978 0052 3A       		.uleb128 0x3a
 979 0053 0B       		.uleb128 0xb
 980 0054 3B       		.uleb128 0x3b
 981 0055 05       		.uleb128 0x5
 982 0056 49       		.uleb128 0x49
 983 0057 13       		.uleb128 0x13
 984 0058 00       		.byte	0
 985 0059 00       		.byte	0
 986 005a 09       		.uleb128 0x9
 987 005b 35       		.uleb128 0x35
 988 005c 00       		.byte	0
 989 005d 49       		.uleb128 0x49
 990 005e 13       		.uleb128 0x13
 991 005f 00       		.byte	0
 992 0060 00       		.byte	0
ARM GAS  C:\Users\cdc75\AppData\Local\Temp\ccIi1Hvu.s 			page 25


 993 0061 0A       		.uleb128 0xa
 994 0062 13       		.uleb128 0x13
 995 0063 01       		.byte	0x1
 996 0064 0B       		.uleb128 0xb
 997 0065 0B       		.uleb128 0xb
 998 0066 3A       		.uleb128 0x3a
 999 0067 0B       		.uleb128 0xb
 1000 0068 3B       		.uleb128 0x3b
 1001 0069 0B       		.uleb128 0xb
 1002 006a 01       		.uleb128 0x1
 1003 006b 13       		.uleb128 0x13
 1004 006c 00       		.byte	0
 1005 006d 00       		.byte	0
 1006 006e 0B       		.uleb128 0xb
 1007 006f 0D       		.uleb128 0xd
 1008 0070 00       		.byte	0
 1009 0071 03       		.uleb128 0x3
 1010 0072 0E       		.uleb128 0xe
 1011 0073 3A       		.uleb128 0x3a
 1012 0074 0B       		.uleb128 0xb
 1013 0075 3B       		.uleb128 0x3b
 1014 0076 0B       		.uleb128 0xb
 1015 0077 49       		.uleb128 0x49
 1016 0078 13       		.uleb128 0x13
 1017 0079 38       		.uleb128 0x38
 1018 007a 0B       		.uleb128 0xb
 1019 007b 00       		.byte	0
 1020 007c 00       		.byte	0
 1021 007d 0C       		.uleb128 0xc
 1022 007e 2E       		.uleb128 0x2e
 1023 007f 01       		.byte	0x1
 1024 0080 03       		.uleb128 0x3
 1025 0081 0E       		.uleb128 0xe
 1026 0082 3A       		.uleb128 0x3a
 1027 0083 0B       		.uleb128 0xb
 1028 0084 3B       		.uleb128 0x3b
 1029 0085 0B       		.uleb128 0xb
 1030 0086 27       		.uleb128 0x27
 1031 0087 19       		.uleb128 0x19
 1032 0088 11       		.uleb128 0x11
 1033 0089 01       		.uleb128 0x1
 1034 008a 12       		.uleb128 0x12
 1035 008b 06       		.uleb128 0x6
 1036 008c 40       		.uleb128 0x40
 1037 008d 18       		.uleb128 0x18
 1038 008e 9742     		.uleb128 0x2117
 1039 0090 19       		.uleb128 0x19
 1040 0091 01       		.uleb128 0x1
 1041 0092 13       		.uleb128 0x13
 1042 0093 00       		.byte	0
 1043 0094 00       		.byte	0
 1044 0095 0D       		.uleb128 0xd
 1045 0096 05       		.uleb128 0x5
 1046 0097 00       		.byte	0
 1047 0098 03       		.uleb128 0x3
 1048 0099 0E       		.uleb128 0xe
 1049 009a 3A       		.uleb128 0x3a
ARM GAS  C:\Users\cdc75\AppData\Local\Temp\ccIi1Hvu.s 			page 26


 1050 009b 0B       		.uleb128 0xb
 1051 009c 3B       		.uleb128 0x3b
 1052 009d 0B       		.uleb128 0xb
 1053 009e 49       		.uleb128 0x49
 1054 009f 13       		.uleb128 0x13
 1055 00a0 02       		.uleb128 0x2
 1056 00a1 18       		.uleb128 0x18
 1057 00a2 00       		.byte	0
 1058 00a3 00       		.byte	0
 1059 00a4 0E       		.uleb128 0xe
 1060 00a5 34       		.uleb128 0x34
 1061 00a6 00       		.byte	0
 1062 00a7 03       		.uleb128 0x3
 1063 00a8 08       		.uleb128 0x8
 1064 00a9 3A       		.uleb128 0x3a
 1065 00aa 0B       		.uleb128 0xb
 1066 00ab 3B       		.uleb128 0x3b
 1067 00ac 0B       		.uleb128 0xb
 1068 00ad 49       		.uleb128 0x49
 1069 00ae 13       		.uleb128 0x13
 1070 00af 02       		.uleb128 0x2
 1071 00b0 17       		.uleb128 0x17
 1072 00b1 00       		.byte	0
 1073 00b2 00       		.byte	0
 1074 00b3 0F       		.uleb128 0xf
 1075 00b4 0B       		.uleb128 0xb
 1076 00b5 01       		.byte	0x1
 1077 00b6 11       		.uleb128 0x11
 1078 00b7 01       		.uleb128 0x1
 1079 00b8 12       		.uleb128 0x12
 1080 00b9 06       		.uleb128 0x6
 1081 00ba 00       		.byte	0
 1082 00bb 00       		.byte	0
 1083 00bc 10       		.uleb128 0x10
 1084 00bd 34       		.uleb128 0x34
 1085 00be 00       		.byte	0
 1086 00bf 03       		.uleb128 0x3
 1087 00c0 0E       		.uleb128 0xe
 1088 00c1 3A       		.uleb128 0x3a
 1089 00c2 0B       		.uleb128 0xb
 1090 00c3 3B       		.uleb128 0x3b
 1091 00c4 0B       		.uleb128 0xb
 1092 00c5 49       		.uleb128 0x49
 1093 00c6 13       		.uleb128 0x13
 1094 00c7 02       		.uleb128 0x2
 1095 00c8 17       		.uleb128 0x17
 1096 00c9 00       		.byte	0
 1097 00ca 00       		.byte	0
 1098 00cb 11       		.uleb128 0x11
 1099 00cc 26       		.uleb128 0x26
 1100 00cd 00       		.byte	0
 1101 00ce 49       		.uleb128 0x49
 1102 00cf 13       		.uleb128 0x13
 1103 00d0 00       		.byte	0
 1104 00d1 00       		.byte	0
 1105 00d2 12       		.uleb128 0x12
 1106 00d3 05       		.uleb128 0x5
ARM GAS  C:\Users\cdc75\AppData\Local\Temp\ccIi1Hvu.s 			page 27


 1107 00d4 00       		.byte	0
 1108 00d5 03       		.uleb128 0x3
 1109 00d6 08       		.uleb128 0x8
 1110 00d7 3A       		.uleb128 0x3a
 1111 00d8 0B       		.uleb128 0xb
 1112 00d9 3B       		.uleb128 0x3b
 1113 00da 0B       		.uleb128 0xb
 1114 00db 49       		.uleb128 0x49
 1115 00dc 13       		.uleb128 0x13
 1116 00dd 02       		.uleb128 0x2
 1117 00de 17       		.uleb128 0x17
 1118 00df 00       		.byte	0
 1119 00e0 00       		.byte	0
 1120 00e1 13       		.uleb128 0x13
 1121 00e2 898201   		.uleb128 0x4109
 1122 00e5 01       		.byte	0x1
 1123 00e6 11       		.uleb128 0x11
 1124 00e7 01       		.uleb128 0x1
 1125 00e8 31       		.uleb128 0x31
 1126 00e9 13       		.uleb128 0x13
 1127 00ea 00       		.byte	0
 1128 00eb 00       		.byte	0
 1129 00ec 14       		.uleb128 0x14
 1130 00ed 8A8201   		.uleb128 0x410a
 1131 00f0 00       		.byte	0
 1132 00f1 02       		.uleb128 0x2
 1133 00f2 18       		.uleb128 0x18
 1134 00f3 9142     		.uleb128 0x2111
 1135 00f5 18       		.uleb128 0x18
 1136 00f6 00       		.byte	0
 1137 00f7 00       		.byte	0
 1138 00f8 15       		.uleb128 0x15
 1139 00f9 898201   		.uleb128 0x4109
 1140 00fc 01       		.byte	0x1
 1141 00fd 11       		.uleb128 0x11
 1142 00fe 01       		.uleb128 0x1
 1143 00ff 31       		.uleb128 0x31
 1144 0100 13       		.uleb128 0x13
 1145 0101 01       		.uleb128 0x1
 1146 0102 13       		.uleb128 0x13
 1147 0103 00       		.byte	0
 1148 0104 00       		.byte	0
 1149 0105 16       		.uleb128 0x16
 1150 0106 2E       		.uleb128 0x2e
 1151 0107 01       		.byte	0x1
 1152 0108 3F       		.uleb128 0x3f
 1153 0109 19       		.uleb128 0x19
 1154 010a 03       		.uleb128 0x3
 1155 010b 0E       		.uleb128 0xe
 1156 010c 3A       		.uleb128 0x3a
 1157 010d 0B       		.uleb128 0xb
 1158 010e 3B       		.uleb128 0x3b
 1159 010f 05       		.uleb128 0x5
 1160 0110 27       		.uleb128 0x27
 1161 0111 19       		.uleb128 0x19
 1162 0112 11       		.uleb128 0x11
 1163 0113 01       		.uleb128 0x1
ARM GAS  C:\Users\cdc75\AppData\Local\Temp\ccIi1Hvu.s 			page 28


 1164 0114 12       		.uleb128 0x12
 1165 0115 06       		.uleb128 0x6
 1166 0116 40       		.uleb128 0x40
 1167 0117 18       		.uleb128 0x18
 1168 0118 9742     		.uleb128 0x2117
 1169 011a 19       		.uleb128 0x19
 1170 011b 01       		.uleb128 0x1
 1171 011c 13       		.uleb128 0x13
 1172 011d 00       		.byte	0
 1173 011e 00       		.byte	0
 1174 011f 17       		.uleb128 0x17
 1175 0120 0B       		.uleb128 0xb
 1176 0121 01       		.byte	0x1
 1177 0122 11       		.uleb128 0x11
 1178 0123 01       		.uleb128 0x1
 1179 0124 12       		.uleb128 0x12
 1180 0125 06       		.uleb128 0x6
 1181 0126 01       		.uleb128 0x1
 1182 0127 13       		.uleb128 0x13
 1183 0128 00       		.byte	0
 1184 0129 00       		.byte	0
 1185 012a 18       		.uleb128 0x18
 1186 012b 34       		.uleb128 0x34
 1187 012c 00       		.byte	0
 1188 012d 03       		.uleb128 0x3
 1189 012e 0E       		.uleb128 0xe
 1190 012f 3A       		.uleb128 0x3a
 1191 0130 0B       		.uleb128 0xb
 1192 0131 3B       		.uleb128 0x3b
 1193 0132 05       		.uleb128 0x5
 1194 0133 49       		.uleb128 0x49
 1195 0134 13       		.uleb128 0x13
 1196 0135 02       		.uleb128 0x2
 1197 0136 18       		.uleb128 0x18
 1198 0137 00       		.byte	0
 1199 0138 00       		.byte	0
 1200 0139 19       		.uleb128 0x19
 1201 013a 13       		.uleb128 0x13
 1202 013b 01       		.byte	0x1
 1203 013c 0B       		.uleb128 0xb
 1204 013d 0B       		.uleb128 0xb
 1205 013e 3A       		.uleb128 0x3a
 1206 013f 0B       		.uleb128 0xb
 1207 0140 3B       		.uleb128 0x3b
 1208 0141 05       		.uleb128 0x5
 1209 0142 01       		.uleb128 0x1
 1210 0143 13       		.uleb128 0x13
 1211 0144 00       		.byte	0
 1212 0145 00       		.byte	0
 1213 0146 1A       		.uleb128 0x1a
 1214 0147 0D       		.uleb128 0xd
 1215 0148 00       		.byte	0
 1216 0149 03       		.uleb128 0x3
 1217 014a 0E       		.uleb128 0xe
 1218 014b 3A       		.uleb128 0x3a
 1219 014c 0B       		.uleb128 0xb
 1220 014d 3B       		.uleb128 0x3b
ARM GAS  C:\Users\cdc75\AppData\Local\Temp\ccIi1Hvu.s 			page 29


 1221 014e 05       		.uleb128 0x5
 1222 014f 49       		.uleb128 0x49
 1223 0150 13       		.uleb128 0x13
 1224 0151 38       		.uleb128 0x38
 1225 0152 0B       		.uleb128 0xb
 1226 0153 00       		.byte	0
 1227 0154 00       		.byte	0
 1228 0155 1B       		.uleb128 0x1b
 1229 0156 01       		.uleb128 0x1
 1230 0157 01       		.byte	0x1
 1231 0158 49       		.uleb128 0x49
 1232 0159 13       		.uleb128 0x13
 1233 015a 01       		.uleb128 0x1
 1234 015b 13       		.uleb128 0x13
 1235 015c 00       		.byte	0
 1236 015d 00       		.byte	0
 1237 015e 1C       		.uleb128 0x1c
 1238 015f 21       		.uleb128 0x21
 1239 0160 00       		.byte	0
 1240 0161 49       		.uleb128 0x49
 1241 0162 13       		.uleb128 0x13
 1242 0163 2F       		.uleb128 0x2f
 1243 0164 0B       		.uleb128 0xb
 1244 0165 00       		.byte	0
 1245 0166 00       		.byte	0
 1246 0167 1D       		.uleb128 0x1d
 1247 0168 34       		.uleb128 0x34
 1248 0169 00       		.byte	0
 1249 016a 03       		.uleb128 0x3
 1250 016b 08       		.uleb128 0x8
 1251 016c 3A       		.uleb128 0x3a
 1252 016d 0B       		.uleb128 0xb
 1253 016e 3B       		.uleb128 0x3b
 1254 016f 05       		.uleb128 0x5
 1255 0170 49       		.uleb128 0x49
 1256 0171 13       		.uleb128 0x13
 1257 0172 02       		.uleb128 0x2
 1258 0173 17       		.uleb128 0x17
 1259 0174 00       		.byte	0
 1260 0175 00       		.byte	0
 1261 0176 1E       		.uleb128 0x1e
 1262 0177 898201   		.uleb128 0x4109
 1263 017a 00       		.byte	0
 1264 017b 11       		.uleb128 0x11
 1265 017c 01       		.uleb128 0x1
 1266 017d 31       		.uleb128 0x31
 1267 017e 13       		.uleb128 0x13
 1268 017f 00       		.byte	0
 1269 0180 00       		.byte	0
 1270 0181 1F       		.uleb128 0x1f
 1271 0182 2E       		.uleb128 0x2e
 1272 0183 01       		.byte	0x1
 1273 0184 3F       		.uleb128 0x3f
 1274 0185 19       		.uleb128 0x19
 1275 0186 03       		.uleb128 0x3
 1276 0187 0E       		.uleb128 0xe
 1277 0188 27       		.uleb128 0x27
ARM GAS  C:\Users\cdc75\AppData\Local\Temp\ccIi1Hvu.s 			page 30


 1278 0189 19       		.uleb128 0x19
 1279 018a 49       		.uleb128 0x49
 1280 018b 13       		.uleb128 0x13
 1281 018c 34       		.uleb128 0x34
 1282 018d 19       		.uleb128 0x19
 1283 018e 3C       		.uleb128 0x3c
 1284 018f 19       		.uleb128 0x19
 1285 0190 01       		.uleb128 0x1
 1286 0191 13       		.uleb128 0x13
 1287 0192 00       		.byte	0
 1288 0193 00       		.byte	0
 1289 0194 20       		.uleb128 0x20
 1290 0195 05       		.uleb128 0x5
 1291 0196 00       		.byte	0
 1292 0197 49       		.uleb128 0x49
 1293 0198 13       		.uleb128 0x13
 1294 0199 00       		.byte	0
 1295 019a 00       		.byte	0
 1296 019b 21       		.uleb128 0x21
 1297 019c 2E       		.uleb128 0x2e
 1298 019d 01       		.byte	0x1
 1299 019e 3F       		.uleb128 0x3f
 1300 019f 19       		.uleb128 0x19
 1301 01a0 03       		.uleb128 0x3
 1302 01a1 0E       		.uleb128 0xe
 1303 01a2 3A       		.uleb128 0x3a
 1304 01a3 0B       		.uleb128 0xb
 1305 01a4 3B       		.uleb128 0x3b
 1306 01a5 0B       		.uleb128 0xb
 1307 01a6 27       		.uleb128 0x27
 1308 01a7 19       		.uleb128 0x19
 1309 01a8 3C       		.uleb128 0x3c
 1310 01a9 19       		.uleb128 0x19
 1311 01aa 01       		.uleb128 0x1
 1312 01ab 13       		.uleb128 0x13
 1313 01ac 00       		.byte	0
 1314 01ad 00       		.byte	0
 1315 01ae 22       		.uleb128 0x22
 1316 01af 2E       		.uleb128 0x2e
 1317 01b0 01       		.byte	0x1
 1318 01b1 3F       		.uleb128 0x3f
 1319 01b2 19       		.uleb128 0x19
 1320 01b3 03       		.uleb128 0x3
 1321 01b4 0E       		.uleb128 0xe
 1322 01b5 3A       		.uleb128 0x3a
 1323 01b6 0B       		.uleb128 0xb
 1324 01b7 3B       		.uleb128 0x3b
 1325 01b8 0B       		.uleb128 0xb
 1326 01b9 27       		.uleb128 0x27
 1327 01ba 19       		.uleb128 0x19
 1328 01bb 49       		.uleb128 0x49
 1329 01bc 13       		.uleb128 0x13
 1330 01bd 3C       		.uleb128 0x3c
 1331 01be 19       		.uleb128 0x19
 1332 01bf 01       		.uleb128 0x1
 1333 01c0 13       		.uleb128 0x13
 1334 01c1 00       		.byte	0
ARM GAS  C:\Users\cdc75\AppData\Local\Temp\ccIi1Hvu.s 			page 31


 1335 01c2 00       		.byte	0
 1336 01c3 23       		.uleb128 0x23
 1337 01c4 2E       		.uleb128 0x2e
 1338 01c5 01       		.byte	0x1
 1339 01c6 3F       		.uleb128 0x3f
 1340 01c7 19       		.uleb128 0x19
 1341 01c8 03       		.uleb128 0x3
 1342 01c9 0E       		.uleb128 0xe
 1343 01ca 3A       		.uleb128 0x3a
 1344 01cb 0B       		.uleb128 0xb
 1345 01cc 3B       		.uleb128 0x3b
 1346 01cd 0B       		.uleb128 0xb
 1347 01ce 27       		.uleb128 0x27
 1348 01cf 19       		.uleb128 0x19
 1349 01d0 3C       		.uleb128 0x3c
 1350 01d1 19       		.uleb128 0x19
 1351 01d2 00       		.byte	0
 1352 01d3 00       		.byte	0
 1353 01d4 00       		.byte	0
 1354              		.section	.debug_loc,"",%progbits
 1355              	.Ldebug_loc0:
 1356              	.LLST0:
 1357 0000 02000000 		.4byte	.LVL1
 1358 0004 08000000 		.4byte	.LVL2
 1359 0008 0200     		.2byte	0x2
 1360 000a 30       		.byte	0x30
 1361 000b 9F       		.byte	0x9f
 1362 000c 08000000 		.4byte	.LVL2
 1363 0010 30000000 		.4byte	.LVL11
 1364 0014 0100     		.2byte	0x1
 1365 0016 57       		.byte	0x57
 1366 0017 00000000 		.4byte	0
 1367 001b 00000000 		.4byte	0
 1368              	.LLST1:
 1369 001f 02000000 		.4byte	.LVL1
 1370 0023 08000000 		.4byte	.LVL2
 1371 0027 0200     		.2byte	0x2
 1372 0029 30       		.byte	0x30
 1373 002a 9F       		.byte	0x9f
 1374 002b 08000000 		.4byte	.LVL2
 1375 002f 30000000 		.4byte	.LVL10
 1376 0033 0100     		.2byte	0x1
 1377 0035 55       		.byte	0x55
 1378 0036 00000000 		.4byte	0
 1379 003a 00000000 		.4byte	0
 1380              	.LLST2:
 1381 003e 0C000000 		.4byte	.LVL3
 1382 0042 2C000000 		.4byte	.LVL9
 1383 0046 0100     		.2byte	0x1
 1384 0048 56       		.byte	0x56
 1385 0049 00000000 		.4byte	0
 1386 004d 00000000 		.4byte	0
 1387              	.LLST3:
 1388 0051 0E000000 		.4byte	.LVL4
 1389 0055 24000000 		.4byte	.LVL7
 1390 0059 0100     		.2byte	0x1
 1391 005b 53       		.byte	0x53
ARM GAS  C:\Users\cdc75\AppData\Local\Temp\ccIi1Hvu.s 			page 32


 1392 005c 26000000 		.4byte	.LVL8
 1393 0060 2C000000 		.4byte	.LVL9
 1394 0064 0100     		.2byte	0x1
 1395 0066 53       		.byte	0x53
 1396 0067 00000000 		.4byte	0
 1397 006b 00000000 		.4byte	0
 1398              	.LLST4:
 1399 006f 00000000 		.4byte	.LVL12
 1400 0073 09000000 		.4byte	.LVL14-1
 1401 0077 0100     		.2byte	0x1
 1402 0079 50       		.byte	0x50
 1403 007a 09000000 		.4byte	.LVL14-1
 1404 007e 0C000000 		.4byte	.LFE0
 1405 0082 0400     		.2byte	0x4
 1406 0084 F3       		.byte	0xf3
 1407 0085 01       		.uleb128 0x1
 1408 0086 50       		.byte	0x50
 1409 0087 9F       		.byte	0x9f
 1410 0088 00000000 		.4byte	0
 1411 008c 00000000 		.4byte	0
 1412              	.LLST5:
 1413 0090 00000000 		.4byte	.LVL12
 1414 0094 06000000 		.4byte	.LVL13
 1415 0098 0100     		.2byte	0x1
 1416 009a 51       		.byte	0x51
 1417 009b 06000000 		.4byte	.LVL13
 1418 009f 09000000 		.4byte	.LVL14-1
 1419 00a3 0100     		.2byte	0x1
 1420 00a5 52       		.byte	0x52
 1421 00a6 09000000 		.4byte	.LVL14-1
 1422 00aa 0C000000 		.4byte	.LFE0
 1423 00ae 0400     		.2byte	0x4
 1424 00b0 F3       		.byte	0xf3
 1425 00b1 01       		.uleb128 0x1
 1426 00b2 51       		.byte	0x51
 1427 00b3 9F       		.byte	0x9f
 1428 00b4 00000000 		.4byte	0
 1429 00b8 00000000 		.4byte	0
 1430              	.LLST6:
 1431 00bc 60000000 		.4byte	.LVL18
 1432 00c0 64000000 		.4byte	.LVL19
 1433 00c4 0200     		.2byte	0x2
 1434 00c6 30       		.byte	0x30
 1435 00c7 9F       		.byte	0x9f
 1436 00c8 64000000 		.4byte	.LVL19
 1437 00cc 84000000 		.4byte	.LVL21
 1438 00d0 0100     		.2byte	0x1
 1439 00d2 54       		.byte	0x54
 1440 00d3 86000000 		.4byte	.LVL22
 1441 00d7 14010000 		.4byte	.LVL25
 1442 00db 0100     		.2byte	0x1
 1443 00dd 54       		.byte	0x54
 1444 00de 00000000 		.4byte	0
 1445 00e2 00000000 		.4byte	0
 1446              	.LLST7:
 1447 00e6 64000000 		.4byte	.LVL19
 1448 00ea 84000000 		.4byte	.LVL21
ARM GAS  C:\Users\cdc75\AppData\Local\Temp\ccIi1Hvu.s 			page 33


 1449 00ee 0B00     		.2byte	0xb
 1450 00f0 74       		.byte	0x74
 1451 00f1 00       		.sleb128 0
 1452 00f2 36       		.byte	0x36
 1453 00f3 1E       		.byte	0x1e
 1454 00f4 03       		.byte	0x3
 1455 00f5 00000000 		.4byte	cfg_memset_list.4746
 1456 00f9 22       		.byte	0x22
 1457 00fa 9F       		.byte	0x9f
 1458 00fb 84000000 		.4byte	.LVL21
 1459 00ff 86000000 		.4byte	.LVL22
 1460 0103 0B00     		.2byte	0xb
 1461 0105 74       		.byte	0x74
 1462 0106 7F       		.sleb128 -1
 1463 0107 36       		.byte	0x36
 1464 0108 1E       		.byte	0x1e
 1465 0109 03       		.byte	0x3
 1466 010a 00000000 		.4byte	cfg_memset_list.4746
 1467 010e 22       		.byte	0x22
 1468 010f 9F       		.byte	0x9f
 1469 0110 00000000 		.4byte	0
 1470 0114 00000000 		.4byte	0
 1471              		.section	.debug_aranges,"",%progbits
 1472 0000 34000000 		.4byte	0x34
 1473 0004 0200     		.2byte	0x2
 1474 0006 00000000 		.4byte	.Ldebug_info0
 1475 000a 04       		.byte	0x4
 1476 000b 00       		.byte	0
 1477 000c 0000     		.2byte	0
 1478 000e 0000     		.2byte	0
 1479 0010 00000000 		.4byte	.LFB3
 1480 0014 32000000 		.4byte	.LFE3-.LFB3
 1481 0018 00000000 		.4byte	.LFB0
 1482 001c 0C000000 		.4byte	.LFE0-.LFB0
 1483 0020 00000000 		.4byte	.LFB4
 1484 0024 5C000000 		.4byte	.LFE4-.LFB4
 1485 0028 5C000000 		.4byte	.LFB6
 1486 002c 00010000 		.4byte	.LFE6-.LFB6
 1487 0030 00000000 		.4byte	0
 1488 0034 00000000 		.4byte	0
 1489              		.section	.debug_ranges,"",%progbits
 1490              	.Ldebug_ranges0:
 1491 0000 00000000 		.4byte	.LFB3
 1492 0004 32000000 		.4byte	.LFE3
 1493 0008 00000000 		.4byte	.LFB0
 1494 000c 0C000000 		.4byte	.LFE0
 1495 0010 00000000 		.4byte	.LFB4
 1496 0014 5C000000 		.4byte	.LFE4
 1497 0018 5C000000 		.4byte	.LFB6
 1498 001c 5C010000 		.4byte	.LFE6
 1499 0020 00000000 		.4byte	0
 1500 0024 00000000 		.4byte	0
 1501              		.section	.debug_line,"",%progbits
 1502              	.Ldebug_line0:
 1503 0000 5D010000 		.section	.debug_str,"MS",%progbits,1
 1503      0200D800 
 1503      00000201 
ARM GAS  C:\Users\cdc75\AppData\Local\Temp\ccIi1Hvu.s 			page 34


 1503      FB0E0D00 
 1503      01010101 
 1504              	.LASF18:
 1505 0000 72656733 		.ascii	"reg32\000"
 1505      3200
 1506              	.LASF11:
 1507 0006 73697A65 		.ascii	"size_t\000"
 1507      5F7400
 1508              	.LASF42:
 1509 000d 4379496E 		.ascii	"CyIntSetVector\000"
 1509      74536574 
 1509      56656374 
 1509      6F7200
 1510              	.LASF21:
 1511 001c 76616C75 		.ascii	"value\000"
 1511      6500
 1512              	.LASF26:
 1513 0022 636F756E 		.ascii	"count\000"
 1513      7400
 1514              	.LASF29:
 1515 0028 436C6F63 		.ascii	"ClockSetup\000"
 1515      6B536574 
 1515      757000
 1516              	.LASF30:
 1517 0033 63795F63 		.ascii	"cy_cfg_addr_table\000"
 1517      66675F61 
 1517      6464725F 
 1517      7461626C 
 1517      6500
 1518              	.LASF31:
 1519 0045 63795F63 		.ascii	"cy_cfg_data_table\000"
 1519      66675F64 
 1519      6174615F 
 1519      7461626C 
 1519      6500
 1520              	.LASF22:
 1521 0057 63795F63 		.ascii	"cy_cfg_addrvalue_t\000"
 1521      66675F61 
 1521      64647276 
 1521      616C7565 
 1521      5F7400
 1522              	.LASF15:
 1523 006a 666C6F61 		.ascii	"float\000"
 1523      7400
 1524              	.LASF35:
 1525 0070 6366675F 		.ascii	"cfg_memset_list\000"
 1525      6D656D73 
 1525      65745F6C 
 1525      69737400 
 1526              	.LASF33:
 1527 0080 73697A65 		.ascii	"size\000"
 1527      00
 1528              	.LASF17:
 1529 0085 72656738 		.ascii	"reg8\000"
 1529      00
 1530              	.LASF6:
 1531 008a 6C6F6E67 		.ascii	"long unsigned int\000"
ARM GAS  C:\Users\cdc75\AppData\Local\Temp\ccIi1Hvu.s 			page 35


 1531      20756E73 
 1531      69676E65 
 1531      6420696E 
 1531      7400
 1532              	.LASF12:
 1533 009c 75696E74 		.ascii	"uint8\000"
 1533      3800
 1534              	.LASF28:
 1535 00a2 43594D45 		.ascii	"CYMEMZERO\000"
 1535      4D5A4552 
 1535      4F00
 1536              	.LASF2:
 1537 00ac 756E7369 		.ascii	"unsigned char\000"
 1537      676E6564 
 1537      20636861 
 1537      7200
 1538              	.LASF36:
 1539 00ba 6D656D73 		.ascii	"memset\000"
 1539      657400
 1540              	.LASF16:
 1541 00c1 646F7562 		.ascii	"double\000"
 1541      6C6500
 1542              	.LASF27:
 1543 00c8 6366675F 		.ascii	"cfg_write_bytes32\000"
 1543      77726974 
 1543      655F6279 
 1543      74657333 
 1543      3200
 1544              	.LASF43:
 1545 00da 4379496E 		.ascii	"CyIntEnable\000"
 1545      74456E61 
 1545      626C6500 
 1546              	.LASF23:
 1547 00e6 61646472 		.ascii	"addr_table\000"
 1547      5F746162 
 1547      6C6500
 1548              	.LASF13:
 1549 00f1 75696E74 		.ascii	"uint16\000"
 1549      313600
 1550              	.LASF24:
 1551 00f8 64617461 		.ascii	"data_table\000"
 1551      5F746162 
 1551      6C6500
 1552              	.LASF14:
 1553 0103 75696E74 		.ascii	"uint32\000"
 1553      333200
 1554              	.LASF0:
 1555 010a 756E7369 		.ascii	"unsigned int\000"
 1555      676E6564 
 1555      20696E74 
 1555      00
 1556              	.LASF41:
 1557 0117 63796669 		.ascii	"cyfitter_cfg\000"
 1557      74746572 
 1557      5F636667 
 1557      00
 1558              	.LASF32:
ARM GAS  C:\Users\cdc75\AppData\Local\Temp\ccIi1Hvu.s 			page 36


 1559 0124 61646472 		.ascii	"address\000"
 1559      65737300 
 1560              	.LASF8:
 1561 012c 6C6F6E67 		.ascii	"long long unsigned int\000"
 1561      206C6F6E 
 1561      6720756E 
 1561      7369676E 
 1561      65642069 
 1562              	.LASF19:
 1563 0143 63796973 		.ascii	"cyisraddress\000"
 1563      72616464 
 1563      72657373 
 1563      00
 1564              	.LASF34:
 1565 0150 6366675F 		.ascii	"cfg_memset_t\000"
 1565      6D656D73 
 1565      65745F74 
 1565      00
 1566              	.LASF25:
 1567 015d 62617365 		.ascii	"baseAddr\000"
 1567      41646472 
 1567      00
 1568              	.LASF9:
 1569 0166 73697A65 		.ascii	"sizetype\000"
 1569      74797065 
 1569      00
 1570              	.LASF4:
 1571 016f 73686F72 		.ascii	"short unsigned int\000"
 1571      7420756E 
 1571      7369676E 
 1571      65642069 
 1571      6E7400
 1572              	.LASF7:
 1573 0182 6C6F6E67 		.ascii	"long long int\000"
 1573      206C6F6E 
 1573      6720696E 
 1573      7400
 1574              	.LASF39:
 1575 0190 2E5C4765 		.ascii	".\\Generated_Source\\PSoC4\\cyfitter_cfg.c\000"
 1575      6E657261 
 1575      7465645F 
 1575      536F7572 
 1575      63655C50 
 1576              	.LASF10:
 1577 01b8 63686172 		.ascii	"char\000"
 1577      00
 1578              	.LASF38:
 1579 01bd 474E5520 		.ascii	"GNU C 4.9.3 20150303 (release) [ARM/embedded-4_9-br"
 1579      4320342E 
 1579      392E3320 
 1579      32303135 
 1579      30333033 
 1580 01f0 616E6368 		.ascii	"anch revision 221220] -mcpu=cortex-m0 -mthumb -g -O"
 1580      20726576 
 1580      6973696F 
 1580      6E203232 
 1580      31323230 
ARM GAS  C:\Users\cdc75\AppData\Local\Temp\ccIi1Hvu.s 			page 37


 1581 0223 67202D66 		.ascii	"g -ffunction-sections -ffat-lto-objects\000"
 1581      66756E63 
 1581      74696F6E 
 1581      2D736563 
 1581      74696F6E 
 1582              	.LASF20:
 1583 024b 6F666673 		.ascii	"offset\000"
 1583      657400
 1584              	.LASF3:
 1585 0252 73686F72 		.ascii	"short int\000"
 1585      7420696E 
 1585      7400
 1586              	.LASF37:
 1587 025c 43795379 		.ascii	"CySysClkWriteImoFreq\000"
 1587      73436C6B 
 1587      57726974 
 1587      65496D6F 
 1587      46726571 
 1588              	.LASF5:
 1589 0271 6C6F6E67 		.ascii	"long int\000"
 1589      20696E74 
 1589      00
 1590              	.LASF1:
 1591 027a 7369676E 		.ascii	"signed char\000"
 1591      65642063 
 1591      68617200 
 1592              	.LASF40:
 1593 0286 433A5C55 		.ascii	"C:\\Users\\cdc75\\Desktop\\ECEC 304\\Labs\\Lesson6."
 1593      73657273 
 1593      5C636463 
 1593      37355C44 
 1593      65736B74 
 1594 02b3 63796473 		.ascii	"cydsn\000"
 1594      6E00
 1595              		.ident	"GCC: (GNU Tools for ARM Embedded Processors) 4.9.3 20150303 (release) [ARM/embedded-4_9-br
