--------------- Build Started: 07/11/2017 11:10:26 Project: Lesson5_ Challenge, Configuration: ARM GCC 4.9-2015-q1-update Debug ---------------
cydsfit.exe -.appdatapath "C:\Users\cdc75\AppData\Local\Cypress Semiconductor\PSoC Creator\3.3" -.fdsnotice -.fdswarpdepfile=warp_dependencies.txt -.fdselabdepfile=elab_dependencies.txt -.fdsbldfile=generated_files.txt -p "C:\Users\cdc75\Desktop\Labs\Lesson5_ Challenge.cydsn\Lesson5_ Challenge.cyprj" -d CY8C4245AXI-483 -s "C:\Users\cdc75\Desktop\Labs\Lesson5_ Challenge.cydsn\Generated_Source\PSoC4" -- -yv2 -q10 -ygs -o2 -v3 -.fftcfgtype=LE
Elaborating Design...
HDL Generation ...
Synthesis ...
Place and Route ...
Tech mapping ...
Analog Placement ...
Analog Routing ...
Analog Code Generation ...
Digital Placement ...
Digital Routing ...
Bitstream Generation ...
Static timing analysis ...
API Generation ...
Dependency Generation ...
Clean Temporary Files ...
arm-none-eabi-gcc.exe -mcpu=cortex-m0 -mthumb -Wno-main -I. -IGenerated_Source\PSoC4 -Wa,-alh=.\CortexM0\ARM_GCC_493\Debug/cyfitter_cfg.lst -g -D DEBUG -Wall -ffunction-sections -Og -ffat-lto-objects -c .\Generated_Source\PSoC4\cyfitter_cfg.c -o .\CortexM0\ARM_GCC_493\Debug\cyfitter_cfg.o
arm-none-eabi-ar.exe -rs ".\CortexM0\ARM_GCC_493\Debug\Lesson5_ Challenge.a" .\CortexM0\ARM_GCC_493\Debug\cyfitter_cfg.o .\CortexM0\ARM_GCC_493\Debug\Pin_Green.o .\CortexM0\ARM_GCC_493\Debug\Pin_Green_PM.o .\CortexM0\ARM_GCC_493\Debug\Pin_Red.o .\CortexM0\ARM_GCC_493\Debug\Pin_Red_PM.o .\CortexM0\ARM_GCC_493\Debug\Pin_Blue.o .\CortexM0\ARM_GCC_493\Debug\Pin_Blue_PM.o .\CortexM0\ARM_GCC_493\Debug\CyBootAsmGnu.o .\CortexM0\ARM_GCC_493\Debug\CyFlash.o .\CortexM0\ARM_GCC_493\Debug\CyLib.o .\CortexM0\ARM_GCC_493\Debug\cyPm.o .\CortexM0\ARM_GCC_493\Debug\cyutils.o .\CortexM0\ARM_GCC_493\Debug\CyLFClk.o .\CortexM0\ARM_GCC_493\Debug\Pin_SW2.o .\CortexM0\ARM_GCC_493\Debug\Pin_SW2_PM.o .\CortexM0\ARM_GCC_493\Debug\Clock_1.o
arm-none-eabi-ar.exe: creating .\CortexM0\ARM_GCC_493\Debug\Lesson5_ Challenge.a
arm-none-eabi-gcc.exe -Wl,--start-group -o ".\CortexM0\ARM_GCC_493\Debug\Lesson5_ Challenge.elf" .\CortexM0\ARM_GCC_493\Debug\main.o .\CortexM0\ARM_GCC_493\Debug\cymetadata.o .\CortexM0\ARM_GCC_493\Debug\Cm0Start.o ".\CortexM0\ARM_GCC_493\Debug\Lesson5_ Challenge.a" "C:\Program Files (x86)\Cypress\PSoC Creator\3.3\PSoC Creator\psoc\content\cycomponentlibrary\CyComponentLibrary.cylib\CortexM0\ARM_GCC_493\Debug\CyComponentLibrary.a" -mcpu=cortex-m0 -mthumb -g -ffunction-sections -Og -ffat-lto-objects -L Generated_Source\PSoC4 "-Wl,-Map,.\CortexM0\ARM_GCC_493\Debug/Lesson5_ Challenge.map" -T Generated_Source\PSoC4\cm0gcc.ld -specs=nano.specs -Wl,--gc-sections -Wl,--end-group
cyelftool.exe -C "C:\Users\cdc75\Desktop\Labs\Lesson5_ Challenge.cydsn\CortexM0\ARM_GCC_493\Debug\Lesson5_ Challenge.elf" --flash_row_size 128 --flash_size 32768
cyelftool.exe -S "C:\Users\cdc75\Desktop\Labs\Lesson5_ Challenge.cydsn\CortexM0\ARM_GCC_493\Debug\Lesson5_ Challenge.elf"
Flash used: 1920 of 32768 bytes (5.9 %).
SRAM used: 1436 of 4096 bytes (35.1 %). Stack: 1024 bytes. Heap: 128 bytes.
--------------- Build Succeeded: 07/11/2017 11:10:31 ---------------
