ARM GAS  C:\Users\Chris\AppData\Local\Temp\ccPDxXvH.s 			page 1


   1              		.cpu cortex-m0
   2              		.fpu softvfp
   3              		.eabi_attribute 20, 1
   4              		.eabi_attribute 21, 1
   5              		.eabi_attribute 23, 3
   6              		.eabi_attribute 24, 1
   7              		.eabi_attribute 25, 1
   8              		.eabi_attribute 26, 1
   9              		.eabi_attribute 30, 1
  10              		.eabi_attribute 34, 0
  11              		.eabi_attribute 18, 4
  12              		.code	16
  13              		.file	"main.c"
  14              		.text
  15              	.Ltext0:
  16              		.cfi_sections	.debug_frame
  17              		.section	.text.main,"ax",%progbits
  18              		.align	2
  19              		.global	main
  20              		.code	16
  21              		.thumb_func
  22              		.type	main, %function
  23              	main:
  24              	.LFB34:
  25              		.file 1 ".\\main.c"
   1:.\main.c      **** /* ========================================
   2:.\main.c      ****  *
   3:.\main.c      ****  * Copyright YOUR COMPANY, THE YEAR
   4:.\main.c      ****  * All Rights Reserved
   5:.\main.c      ****  * UNPUBLISHED, LICENSED SOFTWARE.
   6:.\main.c      ****  *
   7:.\main.c      ****  * CONFIDENTIAL AND PROPRIETARY INFORMATION
   8:.\main.c      ****  * WHICH IS THE PROPERTY OF your company.
   9:.\main.c      ****  *
  10:.\main.c      ****  * ========================================
  11:.\main.c      **** */
  12:.\main.c      **** #include <project.h>
  13:.\main.c      **** #include <stdio.h>
  14:.\main.c      **** 
  15:.\main.c      **** int main()
  16:.\main.c      **** {
  26              		.loc 1 16 0
  27              		.cfi_startproc
  28 0000 30B5     		push	{r4, r5, lr}
  29              		.cfi_def_cfa_offset 12
  30              		.cfi_offset 4, -12
  31              		.cfi_offset 5, -8
  32              		.cfi_offset 14, -4
  33 0002 85B0     		sub	sp, sp, #20
  34              		.cfi_def_cfa_offset 32
  35              	.LVL0:
  17:.\main.c      ****     uint16 sliderval;
  18:.\main.c      ****     uint16 oldsliderval= 0xFFFF;
  19:.\main.c      ****     
  20:.\main.c      ****     char msg[10];
  21:.\main.c      ****     
  22:.\main.c      ****     CyGlobalIntEnable; /* Enable global interrupts. */
ARM GAS  C:\Users\Chris\AppData\Local\Temp\ccPDxXvH.s 			page 2


  36              		.loc 1 22 0
  37              	@ 22 ".\main.c" 1
  38 0004 62B6     		CPSIE   i
  39              	@ 0 "" 2
  23:.\main.c      **** 
  24:.\main.c      ****     UART_Start();
  40              		.loc 1 24 0
  41              		.code	16
  42 0006 FFF7FEFF 		bl	UART_Start
  43              	.LVL1:
  25:.\main.c      ****     CapSense_Start();
  44              		.loc 1 25 0
  45 000a FFF7FEFF 		bl	CapSense_Start
  46              	.LVL2:
  26:.\main.c      ****     CapSense_InitializeAllBaselines();
  47              		.loc 1 26 0
  48 000e FFF7FEFF 		bl	CapSense_InitializeAllBaselines
  49              	.LVL3:
  27:.\main.c      ****     CapSense_ScanEnabledWidgets();
  50              		.loc 1 27 0
  51 0012 FFF7FEFF 		bl	CapSense_ScanEnabledWidgets
  52              	.LVL4:
  18:.\main.c      ****     
  53              		.loc 1 18 0
  54 0016 0D4D     		ldr	r5, .L5
  55              	.LVL5:
  56              	.L2:
  28:.\main.c      ****     
  29:.\main.c      ****     
  30:.\main.c      ****     for(;;)
  31:.\main.c      ****     {
  32:.\main.c      ****         if (! CapSense_IsBusy() )
  57              		.loc 1 32 0
  58 0018 FFF7FEFF 		bl	CapSense_IsBusy
  59              	.LVL6:
  60 001c 0028     		cmp	r0, #0
  61 001e FBD1     		bne	.L2
  33:.\main.c      ****         {
  34:.\main.c      ****             sliderval= CapSense_GetCentroidPos( CapSense_LINEARSLIDER0__LS );
  62              		.loc 1 34 0
  63 0020 FFF7FEFF 		bl	CapSense_GetCentroidPos
  64              	.LVL7:
  65 0024 041E     		sub	r4, r0, #0
  66              	.LVL8:
  35:.\main.c      ****             if (sliderval !=0xFFFF && sliderval != oldsliderval)
  67              		.loc 1 35 0
  68 0026 094A     		ldr	r2, .L5
  69 0028 9442     		cmp	r4, r2
  70 002a 0AD0     		beq	.L3
  71              		.loc 1 35 0 is_stmt 0 discriminator 1
  72 002c A842     		cmp	r0, r5
  73 002e 08D0     		beq	.L3
  36:.\main.c      ****             {
  37:.\main.c      ****                 sprintf(msg, "%3d\r\n",sliderval);
  74              		.loc 1 37 0 is_stmt 1
  75 0030 01A8     		add	r0, sp, #4
  76              	.LVL9:
ARM GAS  C:\Users\Chris\AppData\Local\Temp\ccPDxXvH.s 			page 3


  77 0032 0749     		ldr	r1, .L5+4
  78 0034 221C     		mov	r2, r4
  79 0036 FFF7FEFF 		bl	sprintf
  80              	.LVL10:
  38:.\main.c      ****                 UART_UartPutString(msg);
  81              		.loc 1 38 0
  82 003a 01A8     		add	r0, sp, #4
  83 003c FFF7FEFF 		bl	UART_UartPutString
  84              	.LVL11:
  39:.\main.c      ****                 oldsliderval=sliderval;
  85              		.loc 1 39 0
  86 0040 251C     		mov	r5, r4
  87              	.LVL12:
  88              	.L3:
  40:.\main.c      ****             }
  41:.\main.c      ****             
  42:.\main.c      ****             CapSense_UpdateEnabledBaselines();
  89              		.loc 1 42 0
  90 0042 FFF7FEFF 		bl	CapSense_UpdateEnabledBaselines
  91              	.LVL13:
  43:.\main.c      ****             CapSense_ScanEnabledWidgets();
  92              		.loc 1 43 0
  93 0046 FFF7FEFF 		bl	CapSense_ScanEnabledWidgets
  94              	.LVL14:
  95 004a E5E7     		b	.L2
  96              	.L6:
  97              		.align	2
  98              	.L5:
  99 004c FFFF0000 		.word	65535
 100 0050 00000000 		.word	.LC0
 101              		.cfi_endproc
 102              	.LFE34:
 103              		.size	main, .-main
 104              		.section	.rodata.str1.4,"aMS",%progbits,1
 105              		.align	2
 106              	.LC0:
 107 0000 2533640D 		.ascii	"%3d\015\012\000"
 107      0A00
 108 0006 0000     		.text
 109              	.Letext0:
 110              		.file 2 "Generated_Source\\PSoC4/cytypes.h"
 111              		.file 3 "Generated_Source\\PSoC4/UART.h"
 112              		.file 4 "Generated_Source\\PSoC4/CapSense.h"
 113              		.file 5 "Generated_Source\\PSoC4/CapSense_CSHL.h"
 114              		.file 6 "c:\\program files (x86)\\cypress\\psoc creator\\3.3\\psoc creator\\import\\gnu\\arm\\4.9.
 115              		.file 7 "Generated_Source\\PSoC4/UART_SPI_UART.h"
 116              		.section	.debug_info,"",%progbits
 117              	.Ldebug_info0:
 118 0000 09020000 		.4byte	0x209
 119 0004 0400     		.2byte	0x4
 120 0006 00000000 		.4byte	.Ldebug_abbrev0
 121 000a 04       		.byte	0x4
 122 000b 01       		.uleb128 0x1
 123 000c 23010000 		.4byte	.LASF25
 124 0010 01       		.byte	0x1
 125 0011 7A000000 		.4byte	.LASF26
 126 0015 BB010000 		.4byte	.LASF27
ARM GAS  C:\Users\Chris\AppData\Local\Temp\ccPDxXvH.s 			page 4


 127 0019 00000000 		.4byte	.Ldebug_ranges0+0
 128 001d 00000000 		.4byte	0
 129 0021 00000000 		.4byte	.Ldebug_line0
 130 0025 02       		.uleb128 0x2
 131 0026 01       		.byte	0x1
 132 0027 06       		.byte	0x6
 133 0028 10020000 		.4byte	.LASF0
 134 002c 02       		.uleb128 0x2
 135 002d 01       		.byte	0x1
 136 002e 08       		.byte	0x8
 137 002f 26000000 		.4byte	.LASF1
 138 0033 02       		.uleb128 0x2
 139 0034 02       		.byte	0x2
 140 0035 05       		.byte	0x5
 141 0036 B1010000 		.4byte	.LASF2
 142 003a 02       		.uleb128 0x2
 143 003b 02       		.byte	0x2
 144 003c 07       		.byte	0x7
 145 003d 5C000000 		.4byte	.LASF3
 146 0041 02       		.uleb128 0x2
 147 0042 04       		.byte	0x4
 148 0043 05       		.byte	0x5
 149 0044 EF010000 		.4byte	.LASF4
 150 0048 02       		.uleb128 0x2
 151 0049 04       		.byte	0x4
 152 004a 07       		.byte	0x7
 153 004b 4A000000 		.4byte	.LASF5
 154 004f 02       		.uleb128 0x2
 155 0050 08       		.byte	0x8
 156 0051 05       		.byte	0x5
 157 0052 10010000 		.4byte	.LASF6
 158 0056 02       		.uleb128 0x2
 159 0057 08       		.byte	0x8
 160 0058 07       		.byte	0x7
 161 0059 D0000000 		.4byte	.LASF7
 162 005d 03       		.uleb128 0x3
 163 005e 04       		.byte	0x4
 164 005f 05       		.byte	0x5
 165 0060 696E7400 		.ascii	"int\000"
 166 0064 02       		.uleb128 0x2
 167 0065 04       		.byte	0x4
 168 0066 07       		.byte	0x7
 169 0067 C3000000 		.4byte	.LASF8
 170 006b 04       		.uleb128 0x4
 171 006c AB000000 		.4byte	.LASF9
 172 0070 02       		.byte	0x2
 173 0071 9901     		.2byte	0x199
 174 0073 3A000000 		.4byte	0x3a
 175 0077 04       		.uleb128 0x4
 176 0078 BC000000 		.4byte	.LASF10
 177 007c 02       		.byte	0x2
 178 007d 9A01     		.2byte	0x19a
 179 007f 48000000 		.4byte	0x48
 180 0083 02       		.uleb128 0x2
 181 0084 04       		.byte	0x4
 182 0085 04       		.byte	0x4
 183 0086 20000000 		.4byte	.LASF11
ARM GAS  C:\Users\Chris\AppData\Local\Temp\ccPDxXvH.s 			page 5


 184 008a 02       		.uleb128 0x2
 185 008b 08       		.byte	0x8
 186 008c 04       		.byte	0x4
 187 008d 83000000 		.4byte	.LASF12
 188 0091 04       		.uleb128 0x4
 189 0092 44000000 		.4byte	.LASF13
 190 0096 02       		.byte	0x2
 191 0097 A901     		.2byte	0x1a9
 192 0099 9D000000 		.4byte	0x9d
 193 009d 02       		.uleb128 0x2
 194 009e 01       		.byte	0x1
 195 009f 08       		.byte	0x8
 196 00a0 1E010000 		.4byte	.LASF14
 197 00a4 02       		.uleb128 0x2
 198 00a5 04       		.byte	0x4
 199 00a6 07       		.byte	0x7
 200 00a7 E7000000 		.4byte	.LASF15
 201 00ab 05       		.uleb128 0x5
 202 00ac 04       		.byte	0x4
 203 00ad 9D000000 		.4byte	0x9d
 204 00b1 05       		.uleb128 0x5
 205 00b2 04       		.byte	0x4
 206 00b3 B7000000 		.4byte	0xb7
 207 00b7 06       		.uleb128 0x6
 208 00b8 9D000000 		.4byte	0x9d
 209 00bc 07       		.uleb128 0x7
 210 00bd A6000000 		.4byte	.LASF28
 211 00c1 01       		.byte	0x1
 212 00c2 0F       		.byte	0xf
 213 00c3 5D000000 		.4byte	0x5d
 214 00c7 00000000 		.4byte	.LFB34
 215 00cb 54000000 		.4byte	.LFE34-.LFB34
 216 00cf 01       		.uleb128 0x1
 217 00d0 9C       		.byte	0x9c
 218 00d1 81010000 		.4byte	0x181
 219 00d5 08       		.uleb128 0x8
 220 00d6 B2000000 		.4byte	.LASF16
 221 00da 01       		.byte	0x1
 222 00db 11       		.byte	0x11
 223 00dc 6B000000 		.4byte	0x6b
 224 00e0 00000000 		.4byte	.LLST0
 225 00e4 08       		.uleb128 0x8
 226 00e5 00000000 		.4byte	.LASF17
 227 00e9 01       		.byte	0x1
 228 00ea 12       		.byte	0x12
 229 00eb 6B000000 		.4byte	0x6b
 230 00ef 13000000 		.4byte	.LLST1
 231 00f3 09       		.uleb128 0x9
 232 00f4 6D736700 		.ascii	"msg\000"
 233 00f8 01       		.byte	0x1
 234 00f9 14       		.byte	0x14
 235 00fa 81010000 		.4byte	0x181
 236 00fe 02       		.uleb128 0x2
 237 00ff 91       		.byte	0x91
 238 0100 64       		.sleb128 -28
 239 0101 0A       		.uleb128 0xa
 240 0102 0A000000 		.4byte	.LVL1
ARM GAS  C:\Users\Chris\AppData\Local\Temp\ccPDxXvH.s 			page 6


 241 0106 91010000 		.4byte	0x191
 242 010a 0A       		.uleb128 0xa
 243 010b 0E000000 		.4byte	.LVL2
 244 010f 98010000 		.4byte	0x198
 245 0113 0A       		.uleb128 0xa
 246 0114 12000000 		.4byte	.LVL3
 247 0118 9F010000 		.4byte	0x19f
 248 011c 0A       		.uleb128 0xa
 249 011d 16000000 		.4byte	.LVL4
 250 0121 A6010000 		.4byte	0x1a6
 251 0125 0A       		.uleb128 0xa
 252 0126 1C000000 		.4byte	.LVL6
 253 012a AD010000 		.4byte	0x1ad
 254 012e 0A       		.uleb128 0xa
 255 012f 24000000 		.4byte	.LVL7
 256 0133 B8010000 		.4byte	0x1b8
 257 0137 0B       		.uleb128 0xb
 258 0138 3A000000 		.4byte	.LVL10
 259 013c CD010000 		.4byte	0x1cd
 260 0140 5A010000 		.4byte	0x15a
 261 0144 0C       		.uleb128 0xc
 262 0145 01       		.uleb128 0x1
 263 0146 52       		.byte	0x52
 264 0147 02       		.uleb128 0x2
 265 0148 74       		.byte	0x74
 266 0149 00       		.sleb128 0
 267 014a 0C       		.uleb128 0xc
 268 014b 01       		.uleb128 0x1
 269 014c 51       		.byte	0x51
 270 014d 05       		.uleb128 0x5
 271 014e 03       		.byte	0x3
 272 014f 00000000 		.4byte	.LC0
 273 0153 0C       		.uleb128 0xc
 274 0154 01       		.uleb128 0x1
 275 0155 50       		.byte	0x50
 276 0156 02       		.uleb128 0x2
 277 0157 91       		.byte	0x91
 278 0158 64       		.sleb128 -28
 279 0159 00       		.byte	0
 280 015a 0B       		.uleb128 0xb
 281 015b 40000000 		.4byte	.LVL11
 282 015f E8010000 		.4byte	0x1e8
 283 0163 6E010000 		.4byte	0x16e
 284 0167 0C       		.uleb128 0xc
 285 0168 01       		.uleb128 0x1
 286 0169 50       		.byte	0x50
 287 016a 02       		.uleb128 0x2
 288 016b 91       		.byte	0x91
 289 016c 64       		.sleb128 -28
 290 016d 00       		.byte	0
 291 016e 0A       		.uleb128 0xa
 292 016f 46000000 		.4byte	.LVL13
 293 0173 05020000 		.4byte	0x205
 294 0177 0A       		.uleb128 0xa
 295 0178 4A000000 		.4byte	.LVL14
 296 017c A6010000 		.4byte	0x1a6
 297 0180 00       		.byte	0
ARM GAS  C:\Users\Chris\AppData\Local\Temp\ccPDxXvH.s 			page 7


 298 0181 0D       		.uleb128 0xd
 299 0182 9D000000 		.4byte	0x9d
 300 0186 91010000 		.4byte	0x191
 301 018a 0E       		.uleb128 0xe
 302 018b A4000000 		.4byte	0xa4
 303 018f 09       		.byte	0x9
 304 0190 00       		.byte	0
 305 0191 0F       		.uleb128 0xf
 306 0192 6F000000 		.4byte	.LASF18
 307 0196 03       		.byte	0x3
 308 0197 6E       		.byte	0x6e
 309 0198 0F       		.uleb128 0xf
 310 0199 44020000 		.4byte	.LASF19
 311 019d 04       		.byte	0x4
 312 019e 99       		.byte	0x99
 313 019f 0F       		.uleb128 0xf
 314 01a0 1C020000 		.4byte	.LASF20
 315 01a4 05       		.byte	0x5
 316 01a5 AB       		.byte	0xab
 317 01a6 0F       		.uleb128 0xf
 318 01a7 8A000000 		.4byte	.LASF21
 319 01ab 04       		.byte	0x4
 320 01ac A2       		.byte	0xa2
 321 01ad 10       		.uleb128 0x10
 322 01ae 34000000 		.4byte	.LASF29
 323 01b2 04       		.byte	0x4
 324 01b3 9F       		.byte	0x9f
 325 01b4 77000000 		.4byte	0x77
 326 01b8 11       		.uleb128 0x11
 327 01b9 F8010000 		.4byte	.LASF22
 328 01bd 05       		.byte	0x5
 329 01be E2       		.byte	0xe2
 330 01bf 6B000000 		.4byte	0x6b
 331 01c3 CD010000 		.4byte	0x1cd
 332 01c7 12       		.uleb128 0x12
 333 01c8 77000000 		.4byte	0x77
 334 01cc 00       		.byte	0
 335 01cd 11       		.uleb128 0x11
 336 01ce 3C020000 		.4byte	.LASF23
 337 01d2 06       		.byte	0x6
 338 01d3 DE       		.byte	0xde
 339 01d4 5D000000 		.4byte	0x5d
 340 01d8 E8010000 		.4byte	0x1e8
 341 01dc 12       		.uleb128 0x12
 342 01dd AB000000 		.4byte	0xab
 343 01e1 12       		.uleb128 0x12
 344 01e2 B1000000 		.4byte	0xb1
 345 01e6 13       		.uleb128 0x13
 346 01e7 00       		.byte	0
 347 01e8 14       		.uleb128 0x14
 348 01e9 0D000000 		.4byte	.LASF30
 349 01ed 07       		.byte	0x7
 350 01ee 2103     		.2byte	0x321
 351 01f0 FA010000 		.4byte	0x1fa
 352 01f4 12       		.uleb128 0x12
 353 01f5 FA010000 		.4byte	0x1fa
 354 01f9 00       		.byte	0
ARM GAS  C:\Users\Chris\AppData\Local\Temp\ccPDxXvH.s 			page 8


 355 01fa 05       		.uleb128 0x5
 356 01fb 04       		.byte	0x4
 357 01fc 00020000 		.4byte	0x200
 358 0200 06       		.uleb128 0x6
 359 0201 91000000 		.4byte	0x91
 360 0205 0F       		.uleb128 0xf
 361 0206 F0000000 		.4byte	.LASF24
 362 020a 05       		.byte	0x5
 363 020b AF       		.byte	0xaf
 364 020c 00       		.byte	0
 365              		.section	.debug_abbrev,"",%progbits
 366              	.Ldebug_abbrev0:
 367 0000 01       		.uleb128 0x1
 368 0001 11       		.uleb128 0x11
 369 0002 01       		.byte	0x1
 370 0003 25       		.uleb128 0x25
 371 0004 0E       		.uleb128 0xe
 372 0005 13       		.uleb128 0x13
 373 0006 0B       		.uleb128 0xb
 374 0007 03       		.uleb128 0x3
 375 0008 0E       		.uleb128 0xe
 376 0009 1B       		.uleb128 0x1b
 377 000a 0E       		.uleb128 0xe
 378 000b 55       		.uleb128 0x55
 379 000c 17       		.uleb128 0x17
 380 000d 11       		.uleb128 0x11
 381 000e 01       		.uleb128 0x1
 382 000f 10       		.uleb128 0x10
 383 0010 17       		.uleb128 0x17
 384 0011 00       		.byte	0
 385 0012 00       		.byte	0
 386 0013 02       		.uleb128 0x2
 387 0014 24       		.uleb128 0x24
 388 0015 00       		.byte	0
 389 0016 0B       		.uleb128 0xb
 390 0017 0B       		.uleb128 0xb
 391 0018 3E       		.uleb128 0x3e
 392 0019 0B       		.uleb128 0xb
 393 001a 03       		.uleb128 0x3
 394 001b 0E       		.uleb128 0xe
 395 001c 00       		.byte	0
 396 001d 00       		.byte	0
 397 001e 03       		.uleb128 0x3
 398 001f 24       		.uleb128 0x24
 399 0020 00       		.byte	0
 400 0021 0B       		.uleb128 0xb
 401 0022 0B       		.uleb128 0xb
 402 0023 3E       		.uleb128 0x3e
 403 0024 0B       		.uleb128 0xb
 404 0025 03       		.uleb128 0x3
 405 0026 08       		.uleb128 0x8
 406 0027 00       		.byte	0
 407 0028 00       		.byte	0
 408 0029 04       		.uleb128 0x4
 409 002a 16       		.uleb128 0x16
 410 002b 00       		.byte	0
 411 002c 03       		.uleb128 0x3
ARM GAS  C:\Users\Chris\AppData\Local\Temp\ccPDxXvH.s 			page 9


 412 002d 0E       		.uleb128 0xe
 413 002e 3A       		.uleb128 0x3a
 414 002f 0B       		.uleb128 0xb
 415 0030 3B       		.uleb128 0x3b
 416 0031 05       		.uleb128 0x5
 417 0032 49       		.uleb128 0x49
 418 0033 13       		.uleb128 0x13
 419 0034 00       		.byte	0
 420 0035 00       		.byte	0
 421 0036 05       		.uleb128 0x5
 422 0037 0F       		.uleb128 0xf
 423 0038 00       		.byte	0
 424 0039 0B       		.uleb128 0xb
 425 003a 0B       		.uleb128 0xb
 426 003b 49       		.uleb128 0x49
 427 003c 13       		.uleb128 0x13
 428 003d 00       		.byte	0
 429 003e 00       		.byte	0
 430 003f 06       		.uleb128 0x6
 431 0040 26       		.uleb128 0x26
 432 0041 00       		.byte	0
 433 0042 49       		.uleb128 0x49
 434 0043 13       		.uleb128 0x13
 435 0044 00       		.byte	0
 436 0045 00       		.byte	0
 437 0046 07       		.uleb128 0x7
 438 0047 2E       		.uleb128 0x2e
 439 0048 01       		.byte	0x1
 440 0049 3F       		.uleb128 0x3f
 441 004a 19       		.uleb128 0x19
 442 004b 03       		.uleb128 0x3
 443 004c 0E       		.uleb128 0xe
 444 004d 3A       		.uleb128 0x3a
 445 004e 0B       		.uleb128 0xb
 446 004f 3B       		.uleb128 0x3b
 447 0050 0B       		.uleb128 0xb
 448 0051 49       		.uleb128 0x49
 449 0052 13       		.uleb128 0x13
 450 0053 11       		.uleb128 0x11
 451 0054 01       		.uleb128 0x1
 452 0055 12       		.uleb128 0x12
 453 0056 06       		.uleb128 0x6
 454 0057 40       		.uleb128 0x40
 455 0058 18       		.uleb128 0x18
 456 0059 9742     		.uleb128 0x2117
 457 005b 19       		.uleb128 0x19
 458 005c 01       		.uleb128 0x1
 459 005d 13       		.uleb128 0x13
 460 005e 00       		.byte	0
 461 005f 00       		.byte	0
 462 0060 08       		.uleb128 0x8
 463 0061 34       		.uleb128 0x34
 464 0062 00       		.byte	0
 465 0063 03       		.uleb128 0x3
 466 0064 0E       		.uleb128 0xe
 467 0065 3A       		.uleb128 0x3a
 468 0066 0B       		.uleb128 0xb
ARM GAS  C:\Users\Chris\AppData\Local\Temp\ccPDxXvH.s 			page 10


 469 0067 3B       		.uleb128 0x3b
 470 0068 0B       		.uleb128 0xb
 471 0069 49       		.uleb128 0x49
 472 006a 13       		.uleb128 0x13
 473 006b 02       		.uleb128 0x2
 474 006c 17       		.uleb128 0x17
 475 006d 00       		.byte	0
 476 006e 00       		.byte	0
 477 006f 09       		.uleb128 0x9
 478 0070 34       		.uleb128 0x34
 479 0071 00       		.byte	0
 480 0072 03       		.uleb128 0x3
 481 0073 08       		.uleb128 0x8
 482 0074 3A       		.uleb128 0x3a
 483 0075 0B       		.uleb128 0xb
 484 0076 3B       		.uleb128 0x3b
 485 0077 0B       		.uleb128 0xb
 486 0078 49       		.uleb128 0x49
 487 0079 13       		.uleb128 0x13
 488 007a 02       		.uleb128 0x2
 489 007b 18       		.uleb128 0x18
 490 007c 00       		.byte	0
 491 007d 00       		.byte	0
 492 007e 0A       		.uleb128 0xa
 493 007f 898201   		.uleb128 0x4109
 494 0082 00       		.byte	0
 495 0083 11       		.uleb128 0x11
 496 0084 01       		.uleb128 0x1
 497 0085 31       		.uleb128 0x31
 498 0086 13       		.uleb128 0x13
 499 0087 00       		.byte	0
 500 0088 00       		.byte	0
 501 0089 0B       		.uleb128 0xb
 502 008a 898201   		.uleb128 0x4109
 503 008d 01       		.byte	0x1
 504 008e 11       		.uleb128 0x11
 505 008f 01       		.uleb128 0x1
 506 0090 31       		.uleb128 0x31
 507 0091 13       		.uleb128 0x13
 508 0092 01       		.uleb128 0x1
 509 0093 13       		.uleb128 0x13
 510 0094 00       		.byte	0
 511 0095 00       		.byte	0
 512 0096 0C       		.uleb128 0xc
 513 0097 8A8201   		.uleb128 0x410a
 514 009a 00       		.byte	0
 515 009b 02       		.uleb128 0x2
 516 009c 18       		.uleb128 0x18
 517 009d 9142     		.uleb128 0x2111
 518 009f 18       		.uleb128 0x18
 519 00a0 00       		.byte	0
 520 00a1 00       		.byte	0
 521 00a2 0D       		.uleb128 0xd
 522 00a3 01       		.uleb128 0x1
 523 00a4 01       		.byte	0x1
 524 00a5 49       		.uleb128 0x49
 525 00a6 13       		.uleb128 0x13
ARM GAS  C:\Users\Chris\AppData\Local\Temp\ccPDxXvH.s 			page 11


 526 00a7 01       		.uleb128 0x1
 527 00a8 13       		.uleb128 0x13
 528 00a9 00       		.byte	0
 529 00aa 00       		.byte	0
 530 00ab 0E       		.uleb128 0xe
 531 00ac 21       		.uleb128 0x21
 532 00ad 00       		.byte	0
 533 00ae 49       		.uleb128 0x49
 534 00af 13       		.uleb128 0x13
 535 00b0 2F       		.uleb128 0x2f
 536 00b1 0B       		.uleb128 0xb
 537 00b2 00       		.byte	0
 538 00b3 00       		.byte	0
 539 00b4 0F       		.uleb128 0xf
 540 00b5 2E       		.uleb128 0x2e
 541 00b6 00       		.byte	0
 542 00b7 3F       		.uleb128 0x3f
 543 00b8 19       		.uleb128 0x19
 544 00b9 03       		.uleb128 0x3
 545 00ba 0E       		.uleb128 0xe
 546 00bb 3A       		.uleb128 0x3a
 547 00bc 0B       		.uleb128 0xb
 548 00bd 3B       		.uleb128 0x3b
 549 00be 0B       		.uleb128 0xb
 550 00bf 27       		.uleb128 0x27
 551 00c0 19       		.uleb128 0x19
 552 00c1 3C       		.uleb128 0x3c
 553 00c2 19       		.uleb128 0x19
 554 00c3 00       		.byte	0
 555 00c4 00       		.byte	0
 556 00c5 10       		.uleb128 0x10
 557 00c6 2E       		.uleb128 0x2e
 558 00c7 00       		.byte	0
 559 00c8 3F       		.uleb128 0x3f
 560 00c9 19       		.uleb128 0x19
 561 00ca 03       		.uleb128 0x3
 562 00cb 0E       		.uleb128 0xe
 563 00cc 3A       		.uleb128 0x3a
 564 00cd 0B       		.uleb128 0xb
 565 00ce 3B       		.uleb128 0x3b
 566 00cf 0B       		.uleb128 0xb
 567 00d0 27       		.uleb128 0x27
 568 00d1 19       		.uleb128 0x19
 569 00d2 49       		.uleb128 0x49
 570 00d3 13       		.uleb128 0x13
 571 00d4 3C       		.uleb128 0x3c
 572 00d5 19       		.uleb128 0x19
 573 00d6 00       		.byte	0
 574 00d7 00       		.byte	0
 575 00d8 11       		.uleb128 0x11
 576 00d9 2E       		.uleb128 0x2e
 577 00da 01       		.byte	0x1
 578 00db 3F       		.uleb128 0x3f
 579 00dc 19       		.uleb128 0x19
 580 00dd 03       		.uleb128 0x3
 581 00de 0E       		.uleb128 0xe
 582 00df 3A       		.uleb128 0x3a
ARM GAS  C:\Users\Chris\AppData\Local\Temp\ccPDxXvH.s 			page 12


 583 00e0 0B       		.uleb128 0xb
 584 00e1 3B       		.uleb128 0x3b
 585 00e2 0B       		.uleb128 0xb
 586 00e3 27       		.uleb128 0x27
 587 00e4 19       		.uleb128 0x19
 588 00e5 49       		.uleb128 0x49
 589 00e6 13       		.uleb128 0x13
 590 00e7 3C       		.uleb128 0x3c
 591 00e8 19       		.uleb128 0x19
 592 00e9 01       		.uleb128 0x1
 593 00ea 13       		.uleb128 0x13
 594 00eb 00       		.byte	0
 595 00ec 00       		.byte	0
 596 00ed 12       		.uleb128 0x12
 597 00ee 05       		.uleb128 0x5
 598 00ef 00       		.byte	0
 599 00f0 49       		.uleb128 0x49
 600 00f1 13       		.uleb128 0x13
 601 00f2 00       		.byte	0
 602 00f3 00       		.byte	0
 603 00f4 13       		.uleb128 0x13
 604 00f5 18       		.uleb128 0x18
 605 00f6 00       		.byte	0
 606 00f7 00       		.byte	0
 607 00f8 00       		.byte	0
 608 00f9 14       		.uleb128 0x14
 609 00fa 2E       		.uleb128 0x2e
 610 00fb 01       		.byte	0x1
 611 00fc 3F       		.uleb128 0x3f
 612 00fd 19       		.uleb128 0x19
 613 00fe 03       		.uleb128 0x3
 614 00ff 0E       		.uleb128 0xe
 615 0100 3A       		.uleb128 0x3a
 616 0101 0B       		.uleb128 0xb
 617 0102 3B       		.uleb128 0x3b
 618 0103 05       		.uleb128 0x5
 619 0104 27       		.uleb128 0x27
 620 0105 19       		.uleb128 0x19
 621 0106 3C       		.uleb128 0x3c
 622 0107 19       		.uleb128 0x19
 623 0108 01       		.uleb128 0x1
 624 0109 13       		.uleb128 0x13
 625 010a 00       		.byte	0
 626 010b 00       		.byte	0
 627 010c 00       		.byte	0
 628              		.section	.debug_loc,"",%progbits
 629              	.Ldebug_loc0:
 630              	.LLST0:
 631 0000 26000000 		.4byte	.LVL8
 632 0004 32000000 		.4byte	.LVL9
 633 0008 0100     		.2byte	0x1
 634 000a 50       		.byte	0x50
 635 000b 00000000 		.4byte	0
 636 000f 00000000 		.4byte	0
 637              	.LLST1:
 638 0013 04000000 		.4byte	.LVL0
 639 0017 18000000 		.4byte	.LVL5
ARM GAS  C:\Users\Chris\AppData\Local\Temp\ccPDxXvH.s 			page 13


 640 001b 0300     		.2byte	0x3
 641 001d 09       		.byte	0x9
 642 001e FF       		.byte	0xff
 643 001f 9F       		.byte	0x9f
 644 0020 18000000 		.4byte	.LVL5
 645 0024 40000000 		.4byte	.LVL11
 646 0028 0100     		.2byte	0x1
 647 002a 55       		.byte	0x55
 648 002b 40000000 		.4byte	.LVL11
 649 002f 42000000 		.4byte	.LVL12
 650 0033 0100     		.2byte	0x1
 651 0035 54       		.byte	0x54
 652 0036 42000000 		.4byte	.LVL12
 653 003a 54000000 		.4byte	.LFE34
 654 003e 0100     		.2byte	0x1
 655 0040 55       		.byte	0x55
 656 0041 00000000 		.4byte	0
 657 0045 00000000 		.4byte	0
 658              		.section	.debug_aranges,"",%progbits
 659 0000 1C000000 		.4byte	0x1c
 660 0004 0200     		.2byte	0x2
 661 0006 00000000 		.4byte	.Ldebug_info0
 662 000a 04       		.byte	0x4
 663 000b 00       		.byte	0
 664 000c 0000     		.2byte	0
 665 000e 0000     		.2byte	0
 666 0010 00000000 		.4byte	.LFB34
 667 0014 54000000 		.4byte	.LFE34-.LFB34
 668 0018 00000000 		.4byte	0
 669 001c 00000000 		.4byte	0
 670              		.section	.debug_ranges,"",%progbits
 671              	.Ldebug_ranges0:
 672 0000 00000000 		.4byte	.LFB34
 673 0004 54000000 		.4byte	.LFE34
 674 0008 00000000 		.4byte	0
 675 000c 00000000 		.4byte	0
 676              		.section	.debug_line,"",%progbits
 677              	.Ldebug_line0:
 678 0000 22010000 		.section	.debug_str,"MS",%progbits,1
 678      0200F400 
 678      00000201 
 678      FB0E0D00 
 678      01010101 
 679              	.LASF17:
 680 0000 6F6C6473 		.ascii	"oldsliderval\000"
 680      6C696465 
 680      7276616C 
 680      00
 681              	.LASF30:
 682 000d 55415254 		.ascii	"UART_UartPutString\000"
 682      5F556172 
 682      74507574 
 682      53747269 
 682      6E6700
 683              	.LASF11:
 684 0020 666C6F61 		.ascii	"float\000"
 684      7400
ARM GAS  C:\Users\Chris\AppData\Local\Temp\ccPDxXvH.s 			page 14


 685              	.LASF1:
 686 0026 756E7369 		.ascii	"unsigned char\000"
 686      676E6564 
 686      20636861 
 686      7200
 687              	.LASF29:
 688 0034 43617053 		.ascii	"CapSense_IsBusy\000"
 688      656E7365 
 688      5F497342 
 688      75737900 
 689              	.LASF13:
 690 0044 63686172 		.ascii	"char8\000"
 690      3800
 691              	.LASF5:
 692 004a 6C6F6E67 		.ascii	"long unsigned int\000"
 692      20756E73 
 692      69676E65 
 692      6420696E 
 692      7400
 693              	.LASF3:
 694 005c 73686F72 		.ascii	"short unsigned int\000"
 694      7420756E 
 694      7369676E 
 694      65642069 
 694      6E7400
 695              	.LASF18:
 696 006f 55415254 		.ascii	"UART_Start\000"
 696      5F537461 
 696      727400
 697              	.LASF26:
 698 007a 2E5C6D61 		.ascii	".\\main.c\000"
 698      696E2E63 
 698      00
 699              	.LASF12:
 700 0083 646F7562 		.ascii	"double\000"
 700      6C6500
 701              	.LASF21:
 702 008a 43617053 		.ascii	"CapSense_ScanEnabledWidgets\000"
 702      656E7365 
 702      5F536361 
 702      6E456E61 
 702      626C6564 
 703              	.LASF28:
 704 00a6 6D61696E 		.ascii	"main\000"
 704      00
 705              	.LASF9:
 706 00ab 75696E74 		.ascii	"uint16\000"
 706      313600
 707              	.LASF16:
 708 00b2 736C6964 		.ascii	"sliderval\000"
 708      65727661 
 708      6C00
 709              	.LASF10:
 710 00bc 75696E74 		.ascii	"uint32\000"
 710      333200
 711              	.LASF8:
 712 00c3 756E7369 		.ascii	"unsigned int\000"
ARM GAS  C:\Users\Chris\AppData\Local\Temp\ccPDxXvH.s 			page 15


 712      676E6564 
 712      20696E74 
 712      00
 713              	.LASF7:
 714 00d0 6C6F6E67 		.ascii	"long long unsigned int\000"
 714      206C6F6E 
 714      6720756E 
 714      7369676E 
 714      65642069 
 715              	.LASF15:
 716 00e7 73697A65 		.ascii	"sizetype\000"
 716      74797065 
 716      00
 717              	.LASF24:
 718 00f0 43617053 		.ascii	"CapSense_UpdateEnabledBaselines\000"
 718      656E7365 
 718      5F557064 
 718      61746545 
 718      6E61626C 
 719              	.LASF6:
 720 0110 6C6F6E67 		.ascii	"long long int\000"
 720      206C6F6E 
 720      6720696E 
 720      7400
 721              	.LASF14:
 722 011e 63686172 		.ascii	"char\000"
 722      00
 723              	.LASF25:
 724 0123 474E5520 		.ascii	"GNU C 4.9.3 20150303 (release) [ARM/embedded-4_9-br"
 724      4320342E 
 724      392E3320 
 724      32303135 
 724      30333033 
 725 0156 616E6368 		.ascii	"anch revision 221220] -mcpu=cortex-m0 -mthumb -g -O"
 725      20726576 
 725      6973696F 
 725      6E203232 
 725      31323230 
 726 0189 67202D66 		.ascii	"g -ffunction-sections -ffat-lto-objects\000"
 726      66756E63 
 726      74696F6E 
 726      2D736563 
 726      74696F6E 
 727              	.LASF2:
 728 01b1 73686F72 		.ascii	"short int\000"
 728      7420696E 
 728      7400
 729              	.LASF27:
 730 01bb 433A5C55 		.ascii	"C:\\Users\\Chris\\Desktop\\ECEC 304\\Labs\\Lesson13"
 730      73657273 
 730      5C436872 
 730      69735C44 
 730      65736B74 
 731 01e8 2E637964 		.ascii	".cydsn\000"
 731      736E00
 732              	.LASF4:
 733 01ef 6C6F6E67 		.ascii	"long int\000"
ARM GAS  C:\Users\Chris\AppData\Local\Temp\ccPDxXvH.s 			page 16


 733      20696E74 
 733      00
 734              	.LASF22:
 735 01f8 43617053 		.ascii	"CapSense_GetCentroidPos\000"
 735      656E7365 
 735      5F476574 
 735      43656E74 
 735      726F6964 
 736              	.LASF0:
 737 0210 7369676E 		.ascii	"signed char\000"
 737      65642063 
 737      68617200 
 738              	.LASF20:
 739 021c 43617053 		.ascii	"CapSense_InitializeAllBaselines\000"
 739      656E7365 
 739      5F496E69 
 739      7469616C 
 739      697A6541 
 740              	.LASF23:
 741 023c 73707269 		.ascii	"sprintf\000"
 741      6E746600 
 742              	.LASF19:
 743 0244 43617053 		.ascii	"CapSense_Start\000"
 743      656E7365 
 743      5F537461 
 743      727400
 744              		.ident	"GCC: (GNU Tools for ARM Embedded Processors) 4.9.3 20150303 (release) [ARM/embedded-4_9-br
