ARM GAS  C:\Users\cdc75\AppData\Local\Temp\cci9v61v.s 			page 1


   1              		.cpu cortex-m0
   2              		.fpu softvfp
   3              		.eabi_attribute 20, 1
   4              		.eabi_attribute 21, 1
   5              		.eabi_attribute 23, 3
   6              		.eabi_attribute 24, 1
   7              		.eabi_attribute 25, 1
   8              		.eabi_attribute 26, 1
   9              		.eabi_attribute 30, 1
  10              		.eabi_attribute 34, 0
  11              		.eabi_attribute 18, 4
  12              		.code	16
  13              		.file	"cyfitter_cfg.c"
  14              		.text
  15              	.Ltext0:
  16              		.cfi_sections	.debug_frame
  17              		.section	.text.cfg_write_bytes32,"ax",%progbits
  18              		.align	2
  19              		.code	16
  20              		.thumb_func
  21              		.type	cfg_write_bytes32, %function
  22              	cfg_write_bytes32:
  23              	.LFB3:
  24              		.file 1 ".\\Generated_Source\\PSoC4\\cyfitter_cfg.c"
   1:.\Generated_Source\PSoC4/cyfitter_cfg.c **** /*******************************************************************************
   2:.\Generated_Source\PSoC4/cyfitter_cfg.c **** * File Name: cyfitter_cfg.c
   3:.\Generated_Source\PSoC4/cyfitter_cfg.c **** * 
   4:.\Generated_Source\PSoC4/cyfitter_cfg.c **** * PSoC Creator  3.3 CP3
   5:.\Generated_Source\PSoC4/cyfitter_cfg.c **** *
   6:.\Generated_Source\PSoC4/cyfitter_cfg.c **** * Description:
   7:.\Generated_Source\PSoC4/cyfitter_cfg.c **** * This file contains device initialization code.
   8:.\Generated_Source\PSoC4/cyfitter_cfg.c **** * Except for the user defined sections in CyClockStartupError(), this file should not be modified.
   9:.\Generated_Source\PSoC4/cyfitter_cfg.c **** * This file is automatically generated by PSoC Creator.
  10:.\Generated_Source\PSoC4/cyfitter_cfg.c **** *
  11:.\Generated_Source\PSoC4/cyfitter_cfg.c **** ********************************************************************************
  12:.\Generated_Source\PSoC4/cyfitter_cfg.c **** * Copyright (c) 2007-2016 Cypress Semiconductor.  All rights reserved.
  13:.\Generated_Source\PSoC4/cyfitter_cfg.c **** * You may use this file only in accordance with the license, terms, conditions, 
  14:.\Generated_Source\PSoC4/cyfitter_cfg.c **** * disclaimers, and limitations in the end user license agreement accompanying 
  15:.\Generated_Source\PSoC4/cyfitter_cfg.c **** * the software package with which this file was provided.
  16:.\Generated_Source\PSoC4/cyfitter_cfg.c **** ********************************************************************************/
  17:.\Generated_Source\PSoC4/cyfitter_cfg.c **** 
  18:.\Generated_Source\PSoC4/cyfitter_cfg.c **** #include <string.h>
  19:.\Generated_Source\PSoC4/cyfitter_cfg.c **** #include "cytypes.h"
  20:.\Generated_Source\PSoC4/cyfitter_cfg.c **** #include "cydevice_trm.h"
  21:.\Generated_Source\PSoC4/cyfitter_cfg.c **** #include "cyfitter.h"
  22:.\Generated_Source\PSoC4/cyfitter_cfg.c **** #include "CyLib.h"
  23:.\Generated_Source\PSoC4/cyfitter_cfg.c **** #include "CyLFClk.h"
  24:.\Generated_Source\PSoC4/cyfitter_cfg.c **** #include "cyfitter_cfg.h"
  25:.\Generated_Source\PSoC4/cyfitter_cfg.c **** 
  26:.\Generated_Source\PSoC4/cyfitter_cfg.c **** 
  27:.\Generated_Source\PSoC4/cyfitter_cfg.c **** #if defined(__GNUC__) || defined(__ARMCC_VERSION)
  28:.\Generated_Source\PSoC4/cyfitter_cfg.c ****     #define CYPACKED 
  29:.\Generated_Source\PSoC4/cyfitter_cfg.c ****     #define CYPACKED_ATTR __attribute__ ((packed))
  30:.\Generated_Source\PSoC4/cyfitter_cfg.c ****     #define CYALIGNED __attribute__ ((aligned))
  31:.\Generated_Source\PSoC4/cyfitter_cfg.c ****     #define CY_CFG_UNUSED __attribute__ ((unused))
  32:.\Generated_Source\PSoC4/cyfitter_cfg.c ****     #ifndef CY_CFG_SECTION
  33:.\Generated_Source\PSoC4/cyfitter_cfg.c ****         #define CY_CFG_SECTION __attribute__ ((section(".psocinit")))
ARM GAS  C:\Users\cdc75\AppData\Local\Temp\cci9v61v.s 			page 2


  34:.\Generated_Source\PSoC4/cyfitter_cfg.c ****     #endif
  35:.\Generated_Source\PSoC4/cyfitter_cfg.c ****     
  36:.\Generated_Source\PSoC4/cyfitter_cfg.c ****     #if defined(__ARMCC_VERSION)
  37:.\Generated_Source\PSoC4/cyfitter_cfg.c ****         #define CY_CFG_MEMORY_BARRIER() __memory_changed()
  38:.\Generated_Source\PSoC4/cyfitter_cfg.c ****     #else
  39:.\Generated_Source\PSoC4/cyfitter_cfg.c ****         #define CY_CFG_MEMORY_BARRIER() __sync_synchronize()
  40:.\Generated_Source\PSoC4/cyfitter_cfg.c ****     #endif
  41:.\Generated_Source\PSoC4/cyfitter_cfg.c ****     
  42:.\Generated_Source\PSoC4/cyfitter_cfg.c **** #elif defined(__ICCARM__)
  43:.\Generated_Source\PSoC4/cyfitter_cfg.c ****     #include <intrinsics.h>
  44:.\Generated_Source\PSoC4/cyfitter_cfg.c **** 
  45:.\Generated_Source\PSoC4/cyfitter_cfg.c ****     #define CYPACKED __packed
  46:.\Generated_Source\PSoC4/cyfitter_cfg.c ****     #define CYPACKED_ATTR 
  47:.\Generated_Source\PSoC4/cyfitter_cfg.c ****     #define CYALIGNED _Pragma("data_alignment=4")
  48:.\Generated_Source\PSoC4/cyfitter_cfg.c ****     #define CY_CFG_UNUSED _Pragma("diag_suppress=Pe177")
  49:.\Generated_Source\PSoC4/cyfitter_cfg.c ****     #define CY_CFG_SECTION _Pragma("location=\".psocinit\"")
  50:.\Generated_Source\PSoC4/cyfitter_cfg.c ****     
  51:.\Generated_Source\PSoC4/cyfitter_cfg.c ****     #define CY_CFG_MEMORY_BARRIER() __DMB()
  52:.\Generated_Source\PSoC4/cyfitter_cfg.c ****     
  53:.\Generated_Source\PSoC4/cyfitter_cfg.c **** #else
  54:.\Generated_Source\PSoC4/cyfitter_cfg.c ****     #error Unsupported toolchain
  55:.\Generated_Source\PSoC4/cyfitter_cfg.c **** #endif
  56:.\Generated_Source\PSoC4/cyfitter_cfg.c **** 
  57:.\Generated_Source\PSoC4/cyfitter_cfg.c **** 
  58:.\Generated_Source\PSoC4/cyfitter_cfg.c **** CY_CFG_UNUSED
  59:.\Generated_Source\PSoC4/cyfitter_cfg.c **** static void CYMEMZERO(void *s, size_t n);
  60:.\Generated_Source\PSoC4/cyfitter_cfg.c **** CY_CFG_UNUSED
  61:.\Generated_Source\PSoC4/cyfitter_cfg.c **** static void CYMEMZERO(void *s, size_t n)
  62:.\Generated_Source\PSoC4/cyfitter_cfg.c **** {
  63:.\Generated_Source\PSoC4/cyfitter_cfg.c **** 	(void)memset(s, 0, n);
  64:.\Generated_Source\PSoC4/cyfitter_cfg.c **** }
  65:.\Generated_Source\PSoC4/cyfitter_cfg.c **** CY_CFG_UNUSED
  66:.\Generated_Source\PSoC4/cyfitter_cfg.c **** static void CYCONFIGCPY(void *dest, const void *src, size_t n);
  67:.\Generated_Source\PSoC4/cyfitter_cfg.c **** CY_CFG_UNUSED
  68:.\Generated_Source\PSoC4/cyfitter_cfg.c **** static void CYCONFIGCPY(void *dest, const void *src, size_t n)
  69:.\Generated_Source\PSoC4/cyfitter_cfg.c **** {
  70:.\Generated_Source\PSoC4/cyfitter_cfg.c **** 	(void)memcpy(dest, src, n);
  71:.\Generated_Source\PSoC4/cyfitter_cfg.c **** }
  72:.\Generated_Source\PSoC4/cyfitter_cfg.c **** CY_CFG_UNUSED
  73:.\Generated_Source\PSoC4/cyfitter_cfg.c **** static void CYCONFIGCPYCODE(void *dest, const void *src, size_t n);
  74:.\Generated_Source\PSoC4/cyfitter_cfg.c **** CY_CFG_UNUSED
  75:.\Generated_Source\PSoC4/cyfitter_cfg.c **** static void CYCONFIGCPYCODE(void *dest, const void *src, size_t n)
  76:.\Generated_Source\PSoC4/cyfitter_cfg.c **** {
  77:.\Generated_Source\PSoC4/cyfitter_cfg.c **** 	(void)memcpy(dest, src, n);
  78:.\Generated_Source\PSoC4/cyfitter_cfg.c **** }
  79:.\Generated_Source\PSoC4/cyfitter_cfg.c **** 
  80:.\Generated_Source\PSoC4/cyfitter_cfg.c **** 
  81:.\Generated_Source\PSoC4/cyfitter_cfg.c **** 
  82:.\Generated_Source\PSoC4/cyfitter_cfg.c **** /* Clock startup error codes                                                   */
  83:.\Generated_Source\PSoC4/cyfitter_cfg.c **** #define CYCLOCKSTART_NO_ERROR    0u
  84:.\Generated_Source\PSoC4/cyfitter_cfg.c **** #define CYCLOCKSTART_XTAL_ERROR  1u
  85:.\Generated_Source\PSoC4/cyfitter_cfg.c **** #define CYCLOCKSTART_32KHZ_ERROR 2u
  86:.\Generated_Source\PSoC4/cyfitter_cfg.c **** #define CYCLOCKSTART_PLL_ERROR   3u
  87:.\Generated_Source\PSoC4/cyfitter_cfg.c **** 
  88:.\Generated_Source\PSoC4/cyfitter_cfg.c **** #ifdef CY_NEED_CYCLOCKSTARTUPERROR
  89:.\Generated_Source\PSoC4/cyfitter_cfg.c **** /*******************************************************************************
  90:.\Generated_Source\PSoC4/cyfitter_cfg.c **** * Function Name: CyClockStartupError
ARM GAS  C:\Users\cdc75\AppData\Local\Temp\cci9v61v.s 			page 3


  91:.\Generated_Source\PSoC4/cyfitter_cfg.c **** ********************************************************************************
  92:.\Generated_Source\PSoC4/cyfitter_cfg.c **** * Summary:
  93:.\Generated_Source\PSoC4/cyfitter_cfg.c **** *  If an error is encountered during clock configuration (crystal startup error,
  94:.\Generated_Source\PSoC4/cyfitter_cfg.c **** *  PLL lock error, etc.), the system will end up here.  Unless reimplemented by
  95:.\Generated_Source\PSoC4/cyfitter_cfg.c **** *  the customer, this function will stop in an infinite loop.
  96:.\Generated_Source\PSoC4/cyfitter_cfg.c **** *
  97:.\Generated_Source\PSoC4/cyfitter_cfg.c **** * Parameters:
  98:.\Generated_Source\PSoC4/cyfitter_cfg.c **** *   void
  99:.\Generated_Source\PSoC4/cyfitter_cfg.c **** *
 100:.\Generated_Source\PSoC4/cyfitter_cfg.c **** * Return:
 101:.\Generated_Source\PSoC4/cyfitter_cfg.c **** *   void
 102:.\Generated_Source\PSoC4/cyfitter_cfg.c **** *
 103:.\Generated_Source\PSoC4/cyfitter_cfg.c **** *******************************************************************************/
 104:.\Generated_Source\PSoC4/cyfitter_cfg.c **** CY_CFG_UNUSED
 105:.\Generated_Source\PSoC4/cyfitter_cfg.c **** static void CyClockStartupError(uint8 errorCode);
 106:.\Generated_Source\PSoC4/cyfitter_cfg.c **** CY_CFG_UNUSED
 107:.\Generated_Source\PSoC4/cyfitter_cfg.c **** static void CyClockStartupError(uint8 errorCode)
 108:.\Generated_Source\PSoC4/cyfitter_cfg.c **** {
 109:.\Generated_Source\PSoC4/cyfitter_cfg.c ****     /* To remove the compiler warning if errorCode not used.                */
 110:.\Generated_Source\PSoC4/cyfitter_cfg.c ****     errorCode = errorCode;
 111:.\Generated_Source\PSoC4/cyfitter_cfg.c **** 
 112:.\Generated_Source\PSoC4/cyfitter_cfg.c ****     /* `#START CyClockStartupError` */
 113:.\Generated_Source\PSoC4/cyfitter_cfg.c **** 
 114:.\Generated_Source\PSoC4/cyfitter_cfg.c ****     /* If we have a clock startup error (bad MHz crystal, PLL lock, etc.),  */
 115:.\Generated_Source\PSoC4/cyfitter_cfg.c ****     /* we will end up here to allow the customer to implement something to  */
 116:.\Generated_Source\PSoC4/cyfitter_cfg.c ****     /* deal with the clock condition.                                       */
 117:.\Generated_Source\PSoC4/cyfitter_cfg.c **** 
 118:.\Generated_Source\PSoC4/cyfitter_cfg.c ****     /* `#END` */
 119:.\Generated_Source\PSoC4/cyfitter_cfg.c **** 
 120:.\Generated_Source\PSoC4/cyfitter_cfg.c ****     /* If nothing else, stop here since the clocks have not started         */
 121:.\Generated_Source\PSoC4/cyfitter_cfg.c ****     /* correctly.                                                           */
 122:.\Generated_Source\PSoC4/cyfitter_cfg.c ****     while(1) {}
 123:.\Generated_Source\PSoC4/cyfitter_cfg.c **** }
 124:.\Generated_Source\PSoC4/cyfitter_cfg.c **** #endif
 125:.\Generated_Source\PSoC4/cyfitter_cfg.c **** 
 126:.\Generated_Source\PSoC4/cyfitter_cfg.c **** #define CY_CFG_BASE_ADDR_COUNT 4u
 127:.\Generated_Source\PSoC4/cyfitter_cfg.c **** CYPACKED typedef struct
 128:.\Generated_Source\PSoC4/cyfitter_cfg.c **** {
 129:.\Generated_Source\PSoC4/cyfitter_cfg.c **** 	uint8 offset;
 130:.\Generated_Source\PSoC4/cyfitter_cfg.c **** 	uint8 value;
 131:.\Generated_Source\PSoC4/cyfitter_cfg.c **** } CYPACKED_ATTR cy_cfg_addrvalue_t;
 132:.\Generated_Source\PSoC4/cyfitter_cfg.c **** 
 133:.\Generated_Source\PSoC4/cyfitter_cfg.c **** 
 134:.\Generated_Source\PSoC4/cyfitter_cfg.c **** 
 135:.\Generated_Source\PSoC4/cyfitter_cfg.c **** /*******************************************************************************
 136:.\Generated_Source\PSoC4/cyfitter_cfg.c **** * Function Name: cfg_write_bytes32
 137:.\Generated_Source\PSoC4/cyfitter_cfg.c **** ********************************************************************************
 138:.\Generated_Source\PSoC4/cyfitter_cfg.c **** * Summary:
 139:.\Generated_Source\PSoC4/cyfitter_cfg.c **** *  This function is used for setting up the chip configuration areas that
 140:.\Generated_Source\PSoC4/cyfitter_cfg.c **** *  contain relatively sparse data.
 141:.\Generated_Source\PSoC4/cyfitter_cfg.c **** *
 142:.\Generated_Source\PSoC4/cyfitter_cfg.c **** * Parameters:
 143:.\Generated_Source\PSoC4/cyfitter_cfg.c **** *   void
 144:.\Generated_Source\PSoC4/cyfitter_cfg.c **** *
 145:.\Generated_Source\PSoC4/cyfitter_cfg.c **** * Return:
 146:.\Generated_Source\PSoC4/cyfitter_cfg.c **** *   void
 147:.\Generated_Source\PSoC4/cyfitter_cfg.c **** *
ARM GAS  C:\Users\cdc75\AppData\Local\Temp\cci9v61v.s 			page 4


 148:.\Generated_Source\PSoC4/cyfitter_cfg.c **** *******************************************************************************/
 149:.\Generated_Source\PSoC4/cyfitter_cfg.c **** static void cfg_write_bytes32(const uint32 addr_table[], const cy_cfg_addrvalue_t data_table[]);
 150:.\Generated_Source\PSoC4/cyfitter_cfg.c **** static void cfg_write_bytes32(const uint32 addr_table[], const cy_cfg_addrvalue_t data_table[])
 151:.\Generated_Source\PSoC4/cyfitter_cfg.c **** {
  25              		.loc 1 151 0
  26              		.cfi_startproc
  27              	.LVL0:
  28 0000 F0B5     		push	{r4, r5, r6, r7, lr}
  29              		.cfi_def_cfa_offset 20
  30              		.cfi_offset 4, -20
  31              		.cfi_offset 5, -16
  32              		.cfi_offset 6, -12
  33              		.cfi_offset 7, -8
  34              		.cfi_offset 14, -4
  35              	.LVL1:
 152:.\Generated_Source\PSoC4/cyfitter_cfg.c **** 	/* For 32-bit little-endian architectures */
 153:.\Generated_Source\PSoC4/cyfitter_cfg.c **** 	uint32 i, j = 0u;
  36              		.loc 1 153 0
  37 0002 0025     		mov	r5, #0
 154:.\Generated_Source\PSoC4/cyfitter_cfg.c **** 	for (i = 0u; i < CY_CFG_BASE_ADDR_COUNT; i++)
  38              		.loc 1 154 0
  39 0004 0027     		mov	r7, #0
  40 0006 11E0     		b	.L2
  41              	.LVL2:
  42              	.L5:
  43              	.LBB2:
 155:.\Generated_Source\PSoC4/cyfitter_cfg.c **** 	{
 156:.\Generated_Source\PSoC4/cyfitter_cfg.c **** 		uint32 baseAddr = addr_table[i];
  44              		.loc 1 156 0
  45 0008 BB00     		lsl	r3, r7, #2
  46 000a C658     		ldr	r6, [r0, r3]
  47              	.LVL3:
 157:.\Generated_Source\PSoC4/cyfitter_cfg.c **** 		uint8 count = (uint8)baseAddr;
  48              		.loc 1 157 0
  49 000c F3B2     		uxtb	r3, r6
  50              	.LVL4:
 158:.\Generated_Source\PSoC4/cyfitter_cfg.c **** 		baseAddr &= 0xFFFFFF00u;
  51              		.loc 1 158 0
  52 000e FF22     		mov	r2, #255
  53 0010 9643     		bic	r6, r2
  54              	.LVL5:
 159:.\Generated_Source\PSoC4/cyfitter_cfg.c **** 		while (count != 0u)
  55              		.loc 1 159 0
  56 0012 08E0     		b	.L3
  57              	.L4:
 160:.\Generated_Source\PSoC4/cyfitter_cfg.c **** 		{
 161:.\Generated_Source\PSoC4/cyfitter_cfg.c **** 			CY_SET_XTND_REG8((void CYFAR *)(baseAddr + data_table[j].offset), data_table[j].value);
  58              		.loc 1 161 0
  59 0014 6A00     		lsl	r2, r5, #1
  60 0016 8A18     		add	r2, r1, r2
  61 0018 1478     		ldrb	r4, [r2]
  62 001a A419     		add	r4, r4, r6
  63 001c 5278     		ldrb	r2, [r2, #1]
  64 001e 2270     		strb	r2, [r4]
 162:.\Generated_Source\PSoC4/cyfitter_cfg.c **** 			j++;
  65              		.loc 1 162 0
  66 0020 0135     		add	r5, r5, #1
ARM GAS  C:\Users\cdc75\AppData\Local\Temp\cci9v61v.s 			page 5


  67              	.LVL6:
 163:.\Generated_Source\PSoC4/cyfitter_cfg.c **** 			count--;
  68              		.loc 1 163 0
  69 0022 013B     		sub	r3, r3, #1
  70              	.LVL7:
  71 0024 DBB2     		uxtb	r3, r3
  72              	.LVL8:
  73              	.L3:
 159:.\Generated_Source\PSoC4/cyfitter_cfg.c **** 		{
  74              		.loc 1 159 0
  75 0026 002B     		cmp	r3, #0
  76 0028 F4D1     		bne	.L4
  77              	.LBE2:
 154:.\Generated_Source\PSoC4/cyfitter_cfg.c **** 	{
  78              		.loc 1 154 0 discriminator 2
  79 002a 0137     		add	r7, r7, #1
  80              	.LVL9:
  81              	.L2:
 154:.\Generated_Source\PSoC4/cyfitter_cfg.c **** 	{
  82              		.loc 1 154 0 is_stmt 0 discriminator 1
  83 002c 032F     		cmp	r7, #3
  84 002e EBD9     		bls	.L5
 164:.\Generated_Source\PSoC4/cyfitter_cfg.c **** 		}
 165:.\Generated_Source\PSoC4/cyfitter_cfg.c **** 	}
 166:.\Generated_Source\PSoC4/cyfitter_cfg.c **** }
  85              		.loc 1 166 0 is_stmt 1
  86              		@ sp needed
  87              	.LVL10:
  88              	.LVL11:
  89 0030 F0BD     		pop	{r4, r5, r6, r7, pc}
  90              		.cfi_endproc
  91              	.LFE3:
  92              		.size	cfg_write_bytes32, .-cfg_write_bytes32
  93 0032 C046     		.section	.text.CYMEMZERO,"ax",%progbits
  94              		.align	2
  95              		.code	16
  96              		.thumb_func
  97              		.type	CYMEMZERO, %function
  98              	CYMEMZERO:
  99              	.LFB0:
  62:.\Generated_Source\PSoC4/cyfitter_cfg.c **** 	(void)memset(s, 0, n);
 100              		.loc 1 62 0
 101              		.cfi_startproc
 102              	.LVL12:
 103 0000 08B5     		push	{r3, lr}
 104              		.cfi_def_cfa_offset 8
 105              		.cfi_offset 3, -8
 106              		.cfi_offset 14, -4
 107 0002 0A1C     		mov	r2, r1
  63:.\Generated_Source\PSoC4/cyfitter_cfg.c **** }
 108              		.loc 1 63 0
 109 0004 0021     		mov	r1, #0
 110              	.LVL13:
 111 0006 FFF7FEFF 		bl	memset
 112              	.LVL14:
  64:.\Generated_Source\PSoC4/cyfitter_cfg.c **** CY_CFG_UNUSED
 113              		.loc 1 64 0
ARM GAS  C:\Users\cdc75\AppData\Local\Temp\cci9v61v.s 			page 6


 114              		@ sp needed
 115 000a 08BD     		pop	{r3, pc}
 116              		.cfi_endproc
 117              	.LFE0:
 118              		.size	CYMEMZERO, .-CYMEMZERO
 119              		.section	.psocinit,"ax",%progbits
 120              		.align	2
 121              		.code	16
 122              		.thumb_func
 123              		.type	ClockSetup, %function
 124              	ClockSetup:
 125              	.LFB4:
 167:.\Generated_Source\PSoC4/cyfitter_cfg.c **** 
 168:.\Generated_Source\PSoC4/cyfitter_cfg.c **** 
 169:.\Generated_Source\PSoC4/cyfitter_cfg.c **** /*******************************************************************************
 170:.\Generated_Source\PSoC4/cyfitter_cfg.c **** * Function Name: ClockSetup
 171:.\Generated_Source\PSoC4/cyfitter_cfg.c **** ********************************************************************************
 172:.\Generated_Source\PSoC4/cyfitter_cfg.c **** *
 173:.\Generated_Source\PSoC4/cyfitter_cfg.c **** * Summary:
 174:.\Generated_Source\PSoC4/cyfitter_cfg.c **** *   Performs the initialization of all of the clocks in the device based on the
 175:.\Generated_Source\PSoC4/cyfitter_cfg.c **** *   settings in the Clock tab of the DWR.  This includes enabling the requested
 176:.\Generated_Source\PSoC4/cyfitter_cfg.c **** *   clocks and setting the necessary dividers to produce the desired frequency. 
 177:.\Generated_Source\PSoC4/cyfitter_cfg.c **** *
 178:.\Generated_Source\PSoC4/cyfitter_cfg.c **** * Parameters:
 179:.\Generated_Source\PSoC4/cyfitter_cfg.c **** *   void
 180:.\Generated_Source\PSoC4/cyfitter_cfg.c **** *
 181:.\Generated_Source\PSoC4/cyfitter_cfg.c **** * Return:
 182:.\Generated_Source\PSoC4/cyfitter_cfg.c **** *   void
 183:.\Generated_Source\PSoC4/cyfitter_cfg.c **** *
 184:.\Generated_Source\PSoC4/cyfitter_cfg.c **** *******************************************************************************/
 185:.\Generated_Source\PSoC4/cyfitter_cfg.c **** static void ClockSetup(void);
 186:.\Generated_Source\PSoC4/cyfitter_cfg.c **** CY_CFG_SECTION
 187:.\Generated_Source\PSoC4/cyfitter_cfg.c **** static void ClockSetup(void)
 188:.\Generated_Source\PSoC4/cyfitter_cfg.c **** {
 126              		.loc 1 188 0
 127              		.cfi_startproc
 128 0000 38B5     		push	{r3, r4, r5, lr}
 129              		.cfi_def_cfa_offset 16
 130              		.cfi_offset 3, -16
 131              		.cfi_offset 4, -12
 132              		.cfi_offset 5, -8
 133              		.cfi_offset 14, -4
 189:.\Generated_Source\PSoC4/cyfitter_cfg.c **** 	/* Enable HALF_EN before trimming for the flash accelerator. */
 190:.\Generated_Source\PSoC4/cyfitter_cfg.c **** 	CY_SET_REG32((void CYXDATA *)(CYREG_CLK_SELECT), (CY_GET_REG32((void *)CYREG_CLK_SELECT) | 0x00040
 134              		.loc 1 190 0
 135 0002 134C     		ldr	r4, .L8
 136 0004 2368     		ldr	r3, [r4]
 137 0006 8022     		mov	r2, #128
 138 0008 D202     		lsl	r2, r2, #11
 139 000a 1343     		orr	r3, r2
 140 000c 2360     		str	r3, [r4]
 191:.\Generated_Source\PSoC4/cyfitter_cfg.c **** 
 192:.\Generated_Source\PSoC4/cyfitter_cfg.c **** 	/* Setup and trim IMO based on desired frequency. */
 193:.\Generated_Source\PSoC4/cyfitter_cfg.c **** 	CySysClkWriteImoFreq(24u);
 141              		.loc 1 193 0
 142 000e 1820     		mov	r0, #24
 143 0010 FFF7FEFF 		bl	CySysClkWriteImoFreq
ARM GAS  C:\Users\cdc75\AppData\Local\Temp\cci9v61v.s 			page 7


 144              	.LVL15:
 194:.\Generated_Source\PSoC4/cyfitter_cfg.c **** 
 195:.\Generated_Source\PSoC4/cyfitter_cfg.c **** 	/* Disable HALF_EN since it is not required at this IMO frequency. */
 196:.\Generated_Source\PSoC4/cyfitter_cfg.c **** 	CY_SET_REG32((void CYXDATA *)(CYREG_CLK_SELECT), (CY_GET_REG32((void *)CYREG_CLK_SELECT) & 0xFFFBF
 145              		.loc 1 196 0
 146 0014 2268     		ldr	r2, [r4]
 147 0016 0F4B     		ldr	r3, .L8+4
 148 0018 1340     		and	r3, r2
 149 001a 2360     		str	r3, [r4]
 197:.\Generated_Source\PSoC4/cyfitter_cfg.c **** 	/* CYDEV_CLK_ILO_CONFIG Starting address: CYDEV_CLK_ILO_CONFIG */
 198:.\Generated_Source\PSoC4/cyfitter_cfg.c **** 	CY_SET_XTND_REG32((void CYFAR *)(CYREG_CLK_ILO_CONFIG), 0x80000006u);
 150              		.loc 1 198 0
 151 001c 0E4A     		ldr	r2, .L8+8
 152 001e 0F4B     		ldr	r3, .L8+12
 153 0020 1A60     		str	r2, [r3]
 199:.\Generated_Source\PSoC4/cyfitter_cfg.c **** 
 200:.\Generated_Source\PSoC4/cyfitter_cfg.c **** 
 201:.\Generated_Source\PSoC4/cyfitter_cfg.c **** 	/* CYDEV_CLK_SELECT00 Starting address: CYDEV_CLK_SELECT00 */
 202:.\Generated_Source\PSoC4/cyfitter_cfg.c **** 	CY_SET_XTND_REG32((void CYFAR *)(CYREG_CLK_SELECT03), 0x00000010u);
 154              		.loc 1 202 0
 155 0022 1022     		mov	r2, #16
 156 0024 0E4B     		ldr	r3, .L8+16
 157 0026 1A60     		str	r2, [r3]
 203:.\Generated_Source\PSoC4/cyfitter_cfg.c **** 
 204:.\Generated_Source\PSoC4/cyfitter_cfg.c **** 	/* CYDEV_CLK_IMO_CONFIG Starting address: CYDEV_CLK_IMO_CONFIG */
 205:.\Generated_Source\PSoC4/cyfitter_cfg.c **** 	CY_SET_XTND_REG32((void CYFAR *)(CYREG_CLK_IMO_CONFIG), 0x80000000u);
 158              		.loc 1 205 0
 159 0028 8022     		mov	r2, #128
 160 002a 1206     		lsl	r2, r2, #24
 161 002c 0D4B     		ldr	r3, .L8+20
 162 002e 1A60     		str	r2, [r3]
 206:.\Generated_Source\PSoC4/cyfitter_cfg.c **** 
 207:.\Generated_Source\PSoC4/cyfitter_cfg.c **** 	/* CYDEV_CLK_SELECT Starting address: CYDEV_CLK_SELECT */
 208:.\Generated_Source\PSoC4/cyfitter_cfg.c **** 	CY_SET_XTND_REG32((void CYFAR *)(CYREG_CLK_SELECT), 0x00000000u);
 163              		.loc 1 208 0
 164 0030 0025     		mov	r5, #0
 165 0032 2560     		str	r5, [r4]
 209:.\Generated_Source\PSoC4/cyfitter_cfg.c **** 
 210:.\Generated_Source\PSoC4/cyfitter_cfg.c **** 	/* CYDEV_CLK_DIVIDER_A00 Starting address: CYDEV_CLK_DIVIDER_A00 */
 211:.\Generated_Source\PSoC4/cyfitter_cfg.c **** 	CY_SET_XTND_REG32((void CYFAR *)(CYREG_CLK_DIVIDER_A00), 0x80000010u);
 166              		.loc 1 211 0
 167 0034 0C4A     		ldr	r2, .L8+24
 168 0036 0D4B     		ldr	r3, .L8+28
 169 0038 1A60     		str	r2, [r3]
 212:.\Generated_Source\PSoC4/cyfitter_cfg.c **** 
 213:.\Generated_Source\PSoC4/cyfitter_cfg.c **** 	(void)CyIntSetVector(9u, &CySysWdtIsr);
 170              		.loc 1 213 0
 171 003a 0920     		mov	r0, #9
 172 003c 0C49     		ldr	r1, .L8+32
 173 003e FFF7FEFF 		bl	CyIntSetVector
 174              	.LVL16:
 214:.\Generated_Source\PSoC4/cyfitter_cfg.c **** 	CyIntEnable(9u);
 175              		.loc 1 214 0
 176 0042 0920     		mov	r0, #9
 177 0044 FFF7FEFF 		bl	CyIntEnable
 178              	.LVL17:
 215:.\Generated_Source\PSoC4/cyfitter_cfg.c **** 	CY_SET_XTND_REG32((void CYFAR *)(CYREG_WDT_CONFIG), 0x00000000u);
ARM GAS  C:\Users\cdc75\AppData\Local\Temp\cci9v61v.s 			page 8


 179              		.loc 1 215 0
 180 0048 0A4B     		ldr	r3, .L8+36
 181 004a 1D60     		str	r5, [r3]
 216:.\Generated_Source\PSoC4/cyfitter_cfg.c **** }
 182              		.loc 1 216 0
 183              		@ sp needed
 184 004c 38BD     		pop	{r3, r4, r5, pc}
 185              	.L9:
 186 004e C046     		.align	2
 187              	.L8:
 188 0050 00010B40 		.word	1074462976
 189 0054 FFFFFBFF 		.word	-262145
 190 0058 06000080 		.word	-2147483642
 191 005c 04010B40 		.word	1074462980
 192 0060 0C020240 		.word	1073873420
 193 0064 08010B40 		.word	1074462984
 194 0068 10000080 		.word	-2147483632
 195 006c 00000240 		.word	1073872896
 196 0070 00000000 		.word	CySysWdtIsr
 197 0074 0C020B40 		.word	1074463244
 198              		.cfi_endproc
 199              	.LFE4:
 200              		.size	ClockSetup, .-ClockSetup
 201              		.align	2
 202              		.global	cyfitter_cfg
 203              		.code	16
 204              		.thumb_func
 205              		.type	cyfitter_cfg, %function
 206              	cyfitter_cfg:
 207              	.LFB6:
 217:.\Generated_Source\PSoC4/cyfitter_cfg.c **** 
 218:.\Generated_Source\PSoC4/cyfitter_cfg.c **** 
 219:.\Generated_Source\PSoC4/cyfitter_cfg.c **** /* Analog API Functions */
 220:.\Generated_Source\PSoC4/cyfitter_cfg.c **** 
 221:.\Generated_Source\PSoC4/cyfitter_cfg.c **** 
 222:.\Generated_Source\PSoC4/cyfitter_cfg.c **** /*******************************************************************************
 223:.\Generated_Source\PSoC4/cyfitter_cfg.c **** * Function Name: AnalogSetDefault
 224:.\Generated_Source\PSoC4/cyfitter_cfg.c **** ********************************************************************************
 225:.\Generated_Source\PSoC4/cyfitter_cfg.c **** *
 226:.\Generated_Source\PSoC4/cyfitter_cfg.c **** * Summary:
 227:.\Generated_Source\PSoC4/cyfitter_cfg.c **** *  Sets up the analog portions of the chip to default values based on chip
 228:.\Generated_Source\PSoC4/cyfitter_cfg.c **** *  configuration options from the project.
 229:.\Generated_Source\PSoC4/cyfitter_cfg.c **** *
 230:.\Generated_Source\PSoC4/cyfitter_cfg.c **** * Parameters:
 231:.\Generated_Source\PSoC4/cyfitter_cfg.c **** *  void
 232:.\Generated_Source\PSoC4/cyfitter_cfg.c **** *
 233:.\Generated_Source\PSoC4/cyfitter_cfg.c **** * Return:
 234:.\Generated_Source\PSoC4/cyfitter_cfg.c **** *  void
 235:.\Generated_Source\PSoC4/cyfitter_cfg.c **** *
 236:.\Generated_Source\PSoC4/cyfitter_cfg.c **** *******************************************************************************/
 237:.\Generated_Source\PSoC4/cyfitter_cfg.c **** static void AnalogSetDefault(void);
 238:.\Generated_Source\PSoC4/cyfitter_cfg.c **** static void AnalogSetDefault(void)
 239:.\Generated_Source\PSoC4/cyfitter_cfg.c **** {
 240:.\Generated_Source\PSoC4/cyfitter_cfg.c **** }
 241:.\Generated_Source\PSoC4/cyfitter_cfg.c **** 
 242:.\Generated_Source\PSoC4/cyfitter_cfg.c **** #define CY_AMUX_UNUSED CYREG_CM0_ROM_DWT
 243:.\Generated_Source\PSoC4/cyfitter_cfg.c **** 
ARM GAS  C:\Users\cdc75\AppData\Local\Temp\cci9v61v.s 			page 9


 244:.\Generated_Source\PSoC4/cyfitter_cfg.c **** 
 245:.\Generated_Source\PSoC4/cyfitter_cfg.c **** /*******************************************************************************
 246:.\Generated_Source\PSoC4/cyfitter_cfg.c **** * Function Name: cyfitter_cfg
 247:.\Generated_Source\PSoC4/cyfitter_cfg.c **** ********************************************************************************
 248:.\Generated_Source\PSoC4/cyfitter_cfg.c **** * Summary:
 249:.\Generated_Source\PSoC4/cyfitter_cfg.c **** *  This function is called by the start-up code for the selected device. It
 250:.\Generated_Source\PSoC4/cyfitter_cfg.c **** *  performs all of the necessary device configuration based on the design
 251:.\Generated_Source\PSoC4/cyfitter_cfg.c **** *  settings.  This includes settings from the Design Wide Resources (DWR) such
 252:.\Generated_Source\PSoC4/cyfitter_cfg.c **** *  as Clocks and Pins as well as any component configuration that is necessary.
 253:.\Generated_Source\PSoC4/cyfitter_cfg.c **** *
 254:.\Generated_Source\PSoC4/cyfitter_cfg.c **** * Parameters:  
 255:.\Generated_Source\PSoC4/cyfitter_cfg.c **** *   void
 256:.\Generated_Source\PSoC4/cyfitter_cfg.c **** *
 257:.\Generated_Source\PSoC4/cyfitter_cfg.c **** * Return:
 258:.\Generated_Source\PSoC4/cyfitter_cfg.c **** *   void
 259:.\Generated_Source\PSoC4/cyfitter_cfg.c **** *
 260:.\Generated_Source\PSoC4/cyfitter_cfg.c **** *******************************************************************************/
 261:.\Generated_Source\PSoC4/cyfitter_cfg.c **** CY_CFG_SECTION
 262:.\Generated_Source\PSoC4/cyfitter_cfg.c **** void cyfitter_cfg(void)
 263:.\Generated_Source\PSoC4/cyfitter_cfg.c **** {
 208              		.loc 1 263 0
 209              		.cfi_startproc
 210 0078 10B5     		push	{r4, lr}
 211              		.cfi_def_cfa_offset 8
 212              		.cfi_offset 4, -8
 213              		.cfi_offset 14, -4
 264:.\Generated_Source\PSoC4/cyfitter_cfg.c **** 	/* Disable interrupts by default. Let user enable if/when they want. */
 265:.\Generated_Source\PSoC4/cyfitter_cfg.c **** 	CyGlobalIntDisable;
 214              		.loc 1 265 0
 215              	@ 265 ".\Generated_Source\PSoC4\cyfitter_cfg.c" 1
 216 007a 72B6     		CPSID   i
 217              	@ 0 "" 2
 218              	.LVL18:
 219              		.code	16
 220              	.LBB3:
 266:.\Generated_Source\PSoC4/cyfitter_cfg.c **** 
 267:.\Generated_Source\PSoC4/cyfitter_cfg.c **** 	{
 268:.\Generated_Source\PSoC4/cyfitter_cfg.c **** 		static const uint32 CYCODE cy_cfg_addr_table[] = {
 269:.\Generated_Source\PSoC4/cyfitter_cfg.c **** 			0x400F3207u, /* Base address: 0x400F3200 Count: 7 */
 270:.\Generated_Source\PSoC4/cyfitter_cfg.c **** 			0x400F330Bu, /* Base address: 0x400F3300 Count: 11 */
 271:.\Generated_Source\PSoC4/cyfitter_cfg.c **** 			0x400F4004u, /* Base address: 0x400F4000 Count: 4 */
 272:.\Generated_Source\PSoC4/cyfitter_cfg.c **** 			0x400F4108u, /* Base address: 0x400F4100 Count: 8 */
 273:.\Generated_Source\PSoC4/cyfitter_cfg.c **** 		};
 274:.\Generated_Source\PSoC4/cyfitter_cfg.c **** 
 275:.\Generated_Source\PSoC4/cyfitter_cfg.c **** 		static const cy_cfg_addrvalue_t CYCODE cy_cfg_data_table[] = {
 276:.\Generated_Source\PSoC4/cyfitter_cfg.c **** 			{0x3Au, 0xC0u},
 277:.\Generated_Source\PSoC4/cyfitter_cfg.c **** 			{0x3Bu, 0x0Cu},
 278:.\Generated_Source\PSoC4/cyfitter_cfg.c **** 			{0x58u, 0x24u},
 279:.\Generated_Source\PSoC4/cyfitter_cfg.c **** 			{0x59u, 0x0Bu},
 280:.\Generated_Source\PSoC4/cyfitter_cfg.c **** 			{0x5Bu, 0x04u},
 281:.\Generated_Source\PSoC4/cyfitter_cfg.c **** 			{0x5Cu, 0x88u},
 282:.\Generated_Source\PSoC4/cyfitter_cfg.c **** 			{0x5Fu, 0x21u},
 283:.\Generated_Source\PSoC4/cyfitter_cfg.c **** 			{0x1Fu, 0x40u},
 284:.\Generated_Source\PSoC4/cyfitter_cfg.c **** 			{0x27u, 0x20u},
 285:.\Generated_Source\PSoC4/cyfitter_cfg.c **** 			{0x5Du, 0x80u},
 286:.\Generated_Source\PSoC4/cyfitter_cfg.c **** 			{0x5Fu, 0x20u},
 287:.\Generated_Source\PSoC4/cyfitter_cfg.c **** 			{0x7Fu, 0x50u},
ARM GAS  C:\Users\cdc75\AppData\Local\Temp\cci9v61v.s 			page 10


 288:.\Generated_Source\PSoC4/cyfitter_cfg.c **** 			{0x85u, 0x80u},
 289:.\Generated_Source\PSoC4/cyfitter_cfg.c **** 			{0x87u, 0x60u},
 290:.\Generated_Source\PSoC4/cyfitter_cfg.c **** 			{0x93u, 0x20u},
 291:.\Generated_Source\PSoC4/cyfitter_cfg.c **** 			{0xAFu, 0x10u},
 292:.\Generated_Source\PSoC4/cyfitter_cfg.c **** 			{0xD6u, 0x30u},
 293:.\Generated_Source\PSoC4/cyfitter_cfg.c **** 			{0xDEu, 0xC0u},
 294:.\Generated_Source\PSoC4/cyfitter_cfg.c **** 			{0x0Cu, 0x10u},
 295:.\Generated_Source\PSoC4/cyfitter_cfg.c **** 			{0x56u, 0x10u},
 296:.\Generated_Source\PSoC4/cyfitter_cfg.c **** 			{0xC2u, 0x80u},
 297:.\Generated_Source\PSoC4/cyfitter_cfg.c **** 			{0xD4u, 0x40u},
 298:.\Generated_Source\PSoC4/cyfitter_cfg.c **** 			{0x5Du, 0x01u},
 299:.\Generated_Source\PSoC4/cyfitter_cfg.c **** 			{0x85u, 0x01u},
 300:.\Generated_Source\PSoC4/cyfitter_cfg.c **** 			{0x86u, 0x10u},
 301:.\Generated_Source\PSoC4/cyfitter_cfg.c **** 			{0x9Eu, 0x10u},
 302:.\Generated_Source\PSoC4/cyfitter_cfg.c **** 			{0xACu, 0x10u},
 303:.\Generated_Source\PSoC4/cyfitter_cfg.c **** 			{0xD6u, 0x80u},
 304:.\Generated_Source\PSoC4/cyfitter_cfg.c **** 			{0xE2u, 0x50u},
 305:.\Generated_Source\PSoC4/cyfitter_cfg.c **** 			{0xECu, 0x40u},
 306:.\Generated_Source\PSoC4/cyfitter_cfg.c **** 		};
 307:.\Generated_Source\PSoC4/cyfitter_cfg.c **** 
 308:.\Generated_Source\PSoC4/cyfitter_cfg.c **** 
 309:.\Generated_Source\PSoC4/cyfitter_cfg.c **** 
 310:.\Generated_Source\PSoC4/cyfitter_cfg.c **** 		CYPACKED typedef struct {
 311:.\Generated_Source\PSoC4/cyfitter_cfg.c **** 			void CYFAR *address;
 312:.\Generated_Source\PSoC4/cyfitter_cfg.c **** 			uint16 size;
 313:.\Generated_Source\PSoC4/cyfitter_cfg.c **** 		} CYPACKED_ATTR cfg_memset_t;
 314:.\Generated_Source\PSoC4/cyfitter_cfg.c **** 
 315:.\Generated_Source\PSoC4/cyfitter_cfg.c **** 		static const cfg_memset_t CYCODE cfg_memset_list [] = {
 316:.\Generated_Source\PSoC4/cyfitter_cfg.c **** 			/* address, size */
 317:.\Generated_Source\PSoC4/cyfitter_cfg.c **** 			{(void CYFAR *)(CYDEV_UDB_P0_U0_BASE), 1024u},
 318:.\Generated_Source\PSoC4/cyfitter_cfg.c **** 			{(void CYFAR *)(CYDEV_UDB_DSI0_BASE), 1024u},
 319:.\Generated_Source\PSoC4/cyfitter_cfg.c **** 		};
 320:.\Generated_Source\PSoC4/cyfitter_cfg.c **** 
 321:.\Generated_Source\PSoC4/cyfitter_cfg.c **** 		uint8 CYDATA i;
 322:.\Generated_Source\PSoC4/cyfitter_cfg.c **** 
 323:.\Generated_Source\PSoC4/cyfitter_cfg.c **** 		/* Zero out critical memory blocks before beginning configuration */
 324:.\Generated_Source\PSoC4/cyfitter_cfg.c **** 		for (i = 0u; i < (sizeof(cfg_memset_list)/sizeof(cfg_memset_list[0])); i++)
 221              		.loc 1 324 0
 222 007c 0024     		mov	r4, #0
 223 007e 10E0     		b	.L11
 224              	.LVL19:
 225              	.L12:
 226              	.LBB4:
 325:.\Generated_Source\PSoC4/cyfitter_cfg.c **** 		{
 326:.\Generated_Source\PSoC4/cyfitter_cfg.c **** 			const cfg_memset_t CYCODE * CYDATA ms = &cfg_memset_list[i];
 327:.\Generated_Source\PSoC4/cyfitter_cfg.c **** 			CYMEMZERO(ms->address, (size_t)(uint32)(ms->size));
 227              		.loc 1 327 0 discriminator 3
 228 0080 2D48     		ldr	r0, .L13
 229 0082 6300     		lsl	r3, r4, #1
 230 0084 1A19     		add	r2, r3, r4
 231 0086 5200     		lsl	r2, r2, #1
 232 0088 8218     		add	r2, r0, r2
 233 008a 9188     		ldrh	r1, [r2, #4]
 234 008c 1B19     		add	r3, r3, r4
 235 008e 5B00     		lsl	r3, r3, #1
 236 0090 1A5A     		ldrh	r2, [r3, r0]
 237 0092 C318     		add	r3, r0, r3
ARM GAS  C:\Users\cdc75\AppData\Local\Temp\cci9v61v.s 			page 11


 238 0094 5888     		ldrh	r0, [r3, #2]
 239 0096 0004     		lsl	r0, r0, #16
 240 0098 1043     		orr	r0, r2
 241 009a FFF7FEFF 		bl	CYMEMZERO
 242              	.LVL20:
 243              	.LBE4:
 324:.\Generated_Source\PSoC4/cyfitter_cfg.c **** 		{
 244              		.loc 1 324 0 discriminator 3
 245 009e 0134     		add	r4, r4, #1
 246              	.LVL21:
 247 00a0 E4B2     		uxtb	r4, r4
 248              	.LVL22:
 249              	.L11:
 324:.\Generated_Source\PSoC4/cyfitter_cfg.c **** 		{
 250              		.loc 1 324 0 is_stmt 0 discriminator 1
 251 00a2 012C     		cmp	r4, #1
 252 00a4 ECD9     		bls	.L12
 328:.\Generated_Source\PSoC4/cyfitter_cfg.c **** 		}
 329:.\Generated_Source\PSoC4/cyfitter_cfg.c **** 
 330:.\Generated_Source\PSoC4/cyfitter_cfg.c **** 		cfg_write_bytes32(cy_cfg_addr_table, cy_cfg_data_table);
 253              		.loc 1 330 0 is_stmt 1
 254 00a6 2449     		ldr	r1, .L13
 255 00a8 081C     		mov	r0, r1
 256 00aa 0C30     		add	r0, r0, #12
 257 00ac 1C31     		add	r1, r1, #28
 258 00ae FFF7FEFF 		bl	cfg_write_bytes32
 259              	.LVL23:
 331:.\Generated_Source\PSoC4/cyfitter_cfg.c **** 
 332:.\Generated_Source\PSoC4/cyfitter_cfg.c **** 		/* HSIOM Starting address: CYDEV_HSIOM_BASE */
 333:.\Generated_Source\PSoC4/cyfitter_cfg.c **** 		CY_SET_XTND_REG32((void CYFAR *)(CYDEV_HSIOM_BASE), 0x00990300u);
 260              		.loc 1 333 0
 261 00b2 224A     		ldr	r2, .L13+4
 262 00b4 224B     		ldr	r3, .L13+8
 263 00b6 1A60     		str	r2, [r3]
 334:.\Generated_Source\PSoC4/cyfitter_cfg.c **** 		CY_SET_XTND_REG32((void CYFAR *)(CYREG_HSIOM_PORT_SEL1), 0x03000000u);
 264              		.loc 1 334 0
 265 00b8 C022     		mov	r2, #192
 266 00ba 9204     		lsl	r2, r2, #18
 267 00bc 214B     		ldr	r3, .L13+12
 268 00be 1A60     		str	r2, [r3]
 335:.\Generated_Source\PSoC4/cyfitter_cfg.c **** 		CY_SET_XTND_REG32((void CYFAR *)(CYREG_HSIOM_PORT_SEL3), 0x0000EE00u);
 269              		.loc 1 335 0
 270 00c0 EE22     		mov	r2, #238
 271 00c2 1202     		lsl	r2, r2, #8
 272 00c4 204B     		ldr	r3, .L13+16
 273 00c6 1A60     		str	r2, [r3]
 336:.\Generated_Source\PSoC4/cyfitter_cfg.c **** 
 337:.\Generated_Source\PSoC4/cyfitter_cfg.c **** 		/* UDB_PA_0 Starting address: CYDEV_UDB_PA0_BASE */
 338:.\Generated_Source\PSoC4/cyfitter_cfg.c **** 		CY_SET_XTND_REG32((void CYFAR *)(CYDEV_UDB_PA0_BASE), 0x00990000u);
 274              		.loc 1 338 0
 275 00c8 9923     		mov	r3, #153
 276 00ca 1B04     		lsl	r3, r3, #16
 277 00cc 1F4A     		ldr	r2, .L13+20
 278 00ce 1360     		str	r3, [r2]
 339:.\Generated_Source\PSoC4/cyfitter_cfg.c **** 		CY_SET_XTND_REG32((void CYFAR *)(CYREG_UDB_PA0_CFG8), 0x00100000u);
 279              		.loc 1 339 0
 280 00d0 8021     		mov	r1, #128
ARM GAS  C:\Users\cdc75\AppData\Local\Temp\cci9v61v.s 			page 12


 281 00d2 4903     		lsl	r1, r1, #13
 282 00d4 1E4A     		ldr	r2, .L13+24
 283 00d6 1160     		str	r1, [r2]
 340:.\Generated_Source\PSoC4/cyfitter_cfg.c **** 
 341:.\Generated_Source\PSoC4/cyfitter_cfg.c **** 		/* UDB_PA_1 Starting address: CYDEV_UDB_PA1_BASE */
 342:.\Generated_Source\PSoC4/cyfitter_cfg.c **** 		CY_SET_XTND_REG32((void CYFAR *)(CYDEV_UDB_PA1_BASE), 0x00990000u);
 284              		.loc 1 342 0
 285 00d8 1E4A     		ldr	r2, .L13+28
 286 00da 1360     		str	r3, [r2]
 343:.\Generated_Source\PSoC4/cyfitter_cfg.c **** 		CY_SET_XTND_REG32((void CYFAR *)(CYREG_UDB_PA1_CFG8), 0x10000000u);
 287              		.loc 1 343 0
 288 00dc 8021     		mov	r1, #128
 289 00de 4905     		lsl	r1, r1, #21
 290 00e0 1D4A     		ldr	r2, .L13+32
 291 00e2 1160     		str	r1, [r2]
 344:.\Generated_Source\PSoC4/cyfitter_cfg.c **** 
 345:.\Generated_Source\PSoC4/cyfitter_cfg.c **** 		/* UDB_PA_3 Starting address: CYDEV_UDB_PA3_BASE */
 346:.\Generated_Source\PSoC4/cyfitter_cfg.c **** 		CY_SET_XTND_REG32((void CYFAR *)(CYDEV_UDB_PA3_BASE), 0x00990000u);
 292              		.loc 1 346 0
 293 00e4 1D4A     		ldr	r2, .L13+36
 294 00e6 1360     		str	r3, [r2]
 347:.\Generated_Source\PSoC4/cyfitter_cfg.c **** 
 348:.\Generated_Source\PSoC4/cyfitter_cfg.c **** 		/* Enable digital routing */
 349:.\Generated_Source\PSoC4/cyfitter_cfg.c **** 		CY_SET_XTND_REG8((void *)CYREG_UDB_UDBIF_BANK_CTL, CY_GET_XTND_REG8((void *)CYREG_UDB_UDBIF_BANK_
 295              		.loc 1 349 0
 296 00e8 1D4B     		ldr	r3, .L13+40
 297 00ea 1978     		ldrb	r1, [r3]
 298 00ec 0222     		mov	r2, #2
 299 00ee 0A43     		orr	r2, r1
 300 00f0 1A70     		strb	r2, [r3]
 350:.\Generated_Source\PSoC4/cyfitter_cfg.c **** 
 351:.\Generated_Source\PSoC4/cyfitter_cfg.c **** 		/* Enable UDB array */
 352:.\Generated_Source\PSoC4/cyfitter_cfg.c **** 		CY_SET_XTND_REG8((void *)CYREG_UDB_UDBIF_WAIT_CFG, (uint8)((CY_GET_XTND_REG8((void *)CYREG_UDB_UD
 301              		.loc 1 352 0
 302 00f2 1C48     		ldr	r0, .L13+44
 303 00f4 0278     		ldrb	r2, [r0]
 304 00f6 3C21     		mov	r1, #60
 305 00f8 8A43     		bic	r2, r1
 306 00fa 2839     		sub	r1, r1, #40
 307 00fc 0A43     		orr	r2, r1
 308 00fe 0270     		strb	r2, [r0]
 353:.\Generated_Source\PSoC4/cyfitter_cfg.c **** 		CY_SET_XTND_REG8((void *)CYREG_UDB_UDBIF_BANK_CTL, (uint8)(CY_GET_XTND_REG8((void *)CYREG_UDB_UDB
 309              		.loc 1 353 0
 310 0100 1978     		ldrb	r1, [r3]
 311 0102 1622     		mov	r2, #22
 312 0104 0A43     		orr	r2, r1
 313 0106 1A70     		strb	r2, [r3]
 314              	.LBE3:
 354:.\Generated_Source\PSoC4/cyfitter_cfg.c **** 	}
 355:.\Generated_Source\PSoC4/cyfitter_cfg.c **** 
 356:.\Generated_Source\PSoC4/cyfitter_cfg.c **** 	/* Perform second pass device configuration. These items must be configured in specific order afte
 357:.\Generated_Source\PSoC4/cyfitter_cfg.c **** 	/* IOPINS0_0 Starting address: CYDEV_PRT0_BASE */
 358:.\Generated_Source\PSoC4/cyfitter_cfg.c **** 	CY_SET_XTND_REG32((void CYFAR *)(CYDEV_PRT0_BASE), 0x000000ACu);
 315              		.loc 1 358 0
 316 0108 AC22     		mov	r2, #172
 317 010a 174B     		ldr	r3, .L13+48
 318 010c 1A60     		str	r2, [r3]
ARM GAS  C:\Users\cdc75\AppData\Local\Temp\cci9v61v.s 			page 13


 359:.\Generated_Source\PSoC4/cyfitter_cfg.c **** 	CY_SET_XTND_REG32((void CYFAR *)(CYREG_PRT0_PC), 0x00431D80u);
 319              		.loc 1 359 0
 320 010e 174A     		ldr	r2, .L13+52
 321 0110 174B     		ldr	r3, .L13+56
 322 0112 1A60     		str	r2, [r3]
 360:.\Generated_Source\PSoC4/cyfitter_cfg.c **** 	CY_SET_XTND_REG32((void CYFAR *)(CYREG_PRT0_PC2), 0x00000020u);
 323              		.loc 1 360 0
 324 0114 2022     		mov	r2, #32
 325 0116 174B     		ldr	r3, .L13+60
 326 0118 1A60     		str	r2, [r3]
 361:.\Generated_Source\PSoC4/cyfitter_cfg.c **** 
 362:.\Generated_Source\PSoC4/cyfitter_cfg.c **** 	/* IOPINS0_1 Starting address: CYDEV_PRT1_BASE */
 363:.\Generated_Source\PSoC4/cyfitter_cfg.c **** 	CY_SET_XTND_REG32((void CYFAR *)(CYDEV_PRT1_BASE), 0x00000040u);
 327              		.loc 1 363 0
 328 011a 2032     		add	r2, r2, #32
 329 011c 164B     		ldr	r3, .L13+64
 330 011e 1A60     		str	r2, [r3]
 364:.\Generated_Source\PSoC4/cyfitter_cfg.c **** 	CY_SET_XTND_REG32((void CYFAR *)(CYREG_PRT1_PC), 0x00180000u);
 331              		.loc 1 364 0
 332 0120 C022     		mov	r2, #192
 333 0122 5203     		lsl	r2, r2, #13
 334 0124 154B     		ldr	r3, .L13+68
 335 0126 1A60     		str	r2, [r3]
 365:.\Generated_Source\PSoC4/cyfitter_cfg.c **** 
 366:.\Generated_Source\PSoC4/cyfitter_cfg.c **** 	/* IOPINS0_3 Starting address: CYDEV_PRT3_BASE */
 367:.\Generated_Source\PSoC4/cyfitter_cfg.c **** 	CY_SET_XTND_REG32((void CYFAR *)(CYREG_PRT3_PC), 0x00000D80u);
 336              		.loc 1 367 0
 337 0128 D822     		mov	r2, #216
 338 012a 1201     		lsl	r2, r2, #4
 339 012c 144B     		ldr	r3, .L13+72
 340 012e 1A60     		str	r2, [r3]
 368:.\Generated_Source\PSoC4/cyfitter_cfg.c **** 
 369:.\Generated_Source\PSoC4/cyfitter_cfg.c **** 
 370:.\Generated_Source\PSoC4/cyfitter_cfg.c **** 	/* Setup clocks based on selections from Clock DWR */
 371:.\Generated_Source\PSoC4/cyfitter_cfg.c **** 	ClockSetup();
 341              		.loc 1 371 0
 342 0130 FFF766FF 		bl	ClockSetup
 343              	.LVL24:
 372:.\Generated_Source\PSoC4/cyfitter_cfg.c **** 
 373:.\Generated_Source\PSoC4/cyfitter_cfg.c **** 	/* Perform basic analog initialization to defaults */
 374:.\Generated_Source\PSoC4/cyfitter_cfg.c **** 	AnalogSetDefault();
 375:.\Generated_Source\PSoC4/cyfitter_cfg.c **** 
 376:.\Generated_Source\PSoC4/cyfitter_cfg.c **** }
 344              		.loc 1 376 0
 345              		@ sp needed
 346              	.LVL25:
 347 0134 10BD     		pop	{r4, pc}
 348              	.L14:
 349 0136 C046     		.align	2
 350              	.L13:
 351 0138 00000000 		.word	.LANCHOR0
 352 013c 00039900 		.word	10027776
 353 0140 00000140 		.word	1073807360
 354 0144 04000140 		.word	1073807364
 355 0148 0C000140 		.word	1073807372
 356 014c 00500F40 		.word	1074745344
 357 0150 08500F40 		.word	1074745352
ARM GAS  C:\Users\cdc75\AppData\Local\Temp\cci9v61v.s 			page 14


 358 0154 10500F40 		.word	1074745360
 359 0158 18500F40 		.word	1074745368
 360 015c 30500F40 		.word	1074745392
 361 0160 00700F40 		.word	1074753536
 362 0164 01700F40 		.word	1074753537
 363 0168 00000440 		.word	1074003968
 364 016c 801D4300 		.word	4398464
 365 0170 08000440 		.word	1074003976
 366 0174 18000440 		.word	1074003992
 367 0178 00010440 		.word	1074004224
 368 017c 08010440 		.word	1074004232
 369 0180 08030440 		.word	1074004744
 370              		.cfi_endproc
 371              	.LFE6:
 372              		.size	cyfitter_cfg, .-cyfitter_cfg
 373              		.section	.rodata
 374              		.align	2
 375              		.set	.LANCHOR0,. + 0
 376              		.type	cfg_memset_list.4746, %object
 377              		.size	cfg_memset_list.4746, 12
 378              	cfg_memset_list.4746:
 379 0000 00300F40 		.word	1074737152
 380 0004 0004     		.short	1024
 381 0006 00400F40 		.4byte	1074741248
 382 000a 0004     		.short	1024
 383              		.type	cy_cfg_addr_table.4740, %object
 384              		.size	cy_cfg_addr_table.4740, 16
 385              	cy_cfg_addr_table.4740:
 386 000c 07320F40 		.word	1074737671
 387 0010 0B330F40 		.word	1074737931
 388 0014 04400F40 		.word	1074741252
 389 0018 08410F40 		.word	1074741512
 390              		.type	cy_cfg_data_table.4741, %object
 391              		.size	cy_cfg_data_table.4741, 60
 392              	cy_cfg_data_table.4741:
 393 001c 3A       		.byte	58
 394 001d C0       		.byte	-64
 395 001e 3B       		.byte	59
 396 001f 0C       		.byte	12
 397 0020 58       		.byte	88
 398 0021 24       		.byte	36
 399 0022 59       		.byte	89
 400 0023 0B       		.byte	11
 401 0024 5B       		.byte	91
 402 0025 04       		.byte	4
 403 0026 5C       		.byte	92
 404 0027 88       		.byte	-120
 405 0028 5F       		.byte	95
 406 0029 21       		.byte	33
 407 002a 1F       		.byte	31
 408 002b 40       		.byte	64
 409 002c 27       		.byte	39
 410 002d 20       		.byte	32
 411 002e 5D       		.byte	93
 412 002f 80       		.byte	-128
 413 0030 5F       		.byte	95
 414 0031 20       		.byte	32
ARM GAS  C:\Users\cdc75\AppData\Local\Temp\cci9v61v.s 			page 15


 415 0032 7F       		.byte	127
 416 0033 50       		.byte	80
 417 0034 85       		.byte	-123
 418 0035 80       		.byte	-128
 419 0036 87       		.byte	-121
 420 0037 60       		.byte	96
 421 0038 93       		.byte	-109
 422 0039 20       		.byte	32
 423 003a AF       		.byte	-81
 424 003b 10       		.byte	16
 425 003c D6       		.byte	-42
 426 003d 30       		.byte	48
 427 003e DE       		.byte	-34
 428 003f C0       		.byte	-64
 429 0040 0C       		.byte	12
 430 0041 10       		.byte	16
 431 0042 56       		.byte	86
 432 0043 10       		.byte	16
 433 0044 C2       		.byte	-62
 434 0045 80       		.byte	-128
 435 0046 D4       		.byte	-44
 436 0047 40       		.byte	64
 437 0048 5D       		.byte	93
 438 0049 01       		.byte	1
 439 004a 85       		.byte	-123
 440 004b 01       		.byte	1
 441 004c 86       		.byte	-122
 442 004d 10       		.byte	16
 443 004e 9E       		.byte	-98
 444 004f 10       		.byte	16
 445 0050 AC       		.byte	-84
 446 0051 10       		.byte	16
 447 0052 D6       		.byte	-42
 448 0053 80       		.byte	-128
 449 0054 E2       		.byte	-30
 450 0055 50       		.byte	80
 451 0056 EC       		.byte	-20
 452 0057 40       		.byte	64
 453              		.text
 454              	.Letext0:
 455              		.file 2 "c:\\program files (x86)\\cypress\\psoc creator\\3.3\\psoc creator\\import\\gnu\\arm\\4.9.
 456              		.file 3 ".\\Generated_Source\\PSoC4\\cytypes.h"
 457              		.file 4 ".\\Generated_Source\\PSoC4\\CyLib.h"
 458              		.section	.debug_info,"",%progbits
 459              	.Ldebug_info0:
 460 0000 B9030000 		.4byte	0x3b9
 461 0004 0400     		.2byte	0x4
 462 0006 00000000 		.4byte	.Ldebug_abbrev0
 463 000a 04       		.byte	0x4
 464 000b 01       		.uleb128 0x1
 465 000c D5010000 		.4byte	.LASF38
 466 0010 01       		.byte	0x1
 467 0011 9A010000 		.4byte	.LASF39
 468 0015 57000000 		.4byte	.LASF40
 469 0019 00000000 		.4byte	.Ldebug_ranges0+0
 470 001d 00000000 		.4byte	0
 471 0021 00000000 		.4byte	.Ldebug_line0
ARM GAS  C:\Users\cdc75\AppData\Local\Temp\cci9v61v.s 			page 16


 472 0025 02       		.uleb128 0x2
 473 0026 04       		.byte	0x4
 474 0027 05       		.byte	0x5
 475 0028 696E7400 		.ascii	"int\000"
 476 002c 03       		.uleb128 0x3
 477 002d 06000000 		.4byte	.LASF11
 478 0031 02       		.byte	0x2
 479 0032 D4       		.byte	0xd4
 480 0033 37000000 		.4byte	0x37
 481 0037 04       		.uleb128 0x4
 482 0038 04       		.byte	0x4
 483 0039 07       		.byte	0x7
 484 003a 35010000 		.4byte	.LASF0
 485 003e 04       		.uleb128 0x4
 486 003f 01       		.byte	0x1
 487 0040 06       		.byte	0x6
 488 0041 92020000 		.4byte	.LASF1
 489 0045 04       		.uleb128 0x4
 490 0046 01       		.byte	0x1
 491 0047 08       		.byte	0x8
 492 0048 D7000000 		.4byte	.LASF2
 493 004c 04       		.uleb128 0x4
 494 004d 02       		.byte	0x2
 495 004e 05       		.byte	0x5
 496 004f 6A020000 		.4byte	.LASF3
 497 0053 04       		.uleb128 0x4
 498 0054 02       		.byte	0x2
 499 0055 07       		.byte	0x7
 500 0056 9E020000 		.4byte	.LASF4
 501 005a 04       		.uleb128 0x4
 502 005b 04       		.byte	0x4
 503 005c 05       		.byte	0x5
 504 005d 89020000 		.4byte	.LASF5
 505 0061 04       		.uleb128 0x4
 506 0062 04       		.byte	0x4
 507 0063 07       		.byte	0x7
 508 0064 B5000000 		.4byte	.LASF6
 509 0068 04       		.uleb128 0x4
 510 0069 08       		.byte	0x8
 511 006a 05       		.byte	0x5
 512 006b C2010000 		.4byte	.LASF7
 513 006f 04       		.uleb128 0x4
 514 0070 08       		.byte	0x8
 515 0071 07       		.byte	0x7
 516 0072 57010000 		.4byte	.LASF8
 517 0076 04       		.uleb128 0x4
 518 0077 04       		.byte	0x4
 519 0078 07       		.byte	0x7
 520 0079 91010000 		.4byte	.LASF9
 521 007d 05       		.uleb128 0x5
 522 007e 04       		.byte	0x4
 523 007f 06       		.uleb128 0x6
 524 0080 04       		.byte	0x4
 525 0081 85000000 		.4byte	0x85
 526 0085 07       		.uleb128 0x7
 527 0086 04       		.uleb128 0x4
 528 0087 01       		.byte	0x1
ARM GAS  C:\Users\cdc75\AppData\Local\Temp\cci9v61v.s 			page 17


 529 0088 08       		.byte	0x8
 530 0089 D0010000 		.4byte	.LASF10
 531 008d 08       		.uleb128 0x8
 532 008e C7000000 		.4byte	.LASF12
 533 0092 03       		.byte	0x3
 534 0093 9801     		.2byte	0x198
 535 0095 45000000 		.4byte	0x45
 536 0099 08       		.uleb128 0x8
 537 009a 1C010000 		.4byte	.LASF13
 538 009e 03       		.byte	0x3
 539 009f 9901     		.2byte	0x199
 540 00a1 53000000 		.4byte	0x53
 541 00a5 08       		.uleb128 0x8
 542 00a6 2E010000 		.4byte	.LASF14
 543 00aa 03       		.byte	0x3
 544 00ab 9A01     		.2byte	0x19a
 545 00ad 61000000 		.4byte	0x61
 546 00b1 04       		.uleb128 0x4
 547 00b2 04       		.byte	0x4
 548 00b3 04       		.byte	0x4
 549 00b4 95000000 		.4byte	.LASF15
 550 00b8 04       		.uleb128 0x4
 551 00b9 08       		.byte	0x8
 552 00ba 04       		.byte	0x4
 553 00bb EC000000 		.4byte	.LASF16
 554 00bf 08       		.uleb128 0x8
 555 00c0 B0000000 		.4byte	.LASF17
 556 00c4 03       		.byte	0x3
 557 00c5 4202     		.2byte	0x242
 558 00c7 CB000000 		.4byte	0xcb
 559 00cb 09       		.uleb128 0x9
 560 00cc 8D000000 		.4byte	0x8d
 561 00d0 08       		.uleb128 0x8
 562 00d1 00000000 		.4byte	.LASF18
 563 00d5 03       		.byte	0x3
 564 00d6 4402     		.2byte	0x244
 565 00d8 DC000000 		.4byte	0xdc
 566 00dc 09       		.uleb128 0x9
 567 00dd A5000000 		.4byte	0xa5
 568 00e1 08       		.uleb128 0x8
 569 00e2 6E010000 		.4byte	.LASF19
 570 00e6 03       		.byte	0x3
 571 00e7 5402     		.2byte	0x254
 572 00e9 7F000000 		.4byte	0x7f
 573 00ed 0A       		.uleb128 0xa
 574 00ee 02       		.byte	0x2
 575 00ef 01       		.byte	0x1
 576 00f0 7F       		.byte	0x7f
 577 00f1 0E010000 		.4byte	0x10e
 578 00f5 0B       		.uleb128 0xb
 579 00f6 63020000 		.4byte	.LASF20
 580 00fa 01       		.byte	0x1
 581 00fb 81       		.byte	0x81
 582 00fc 8D000000 		.4byte	0x8d
 583 0100 00       		.byte	0
 584 0101 0B       		.uleb128 0xb
 585 0102 1C000000 		.4byte	.LASF21
ARM GAS  C:\Users\cdc75\AppData\Local\Temp\cci9v61v.s 			page 18


 586 0106 01       		.byte	0x1
 587 0107 82       		.byte	0x82
 588 0108 8D000000 		.4byte	0x8d
 589 010c 01       		.byte	0x1
 590 010d 00       		.byte	0
 591 010e 03       		.uleb128 0x3
 592 010f 82000000 		.4byte	.LASF22
 593 0113 01       		.byte	0x1
 594 0114 83       		.byte	0x83
 595 0115 ED000000 		.4byte	0xed
 596 0119 0C       		.uleb128 0xc
 597 011a F3000000 		.4byte	.LASF27
 598 011e 01       		.byte	0x1
 599 011f 96       		.byte	0x96
 600 0120 00000000 		.4byte	.LFB3
 601 0124 32000000 		.4byte	.LFE3-.LFB3
 602 0128 01       		.uleb128 0x1
 603 0129 9C       		.byte	0x9c
 604 012a 8B010000 		.4byte	0x18b
 605 012e 0D       		.uleb128 0xd
 606 012f 11010000 		.4byte	.LASF23
 607 0133 01       		.byte	0x1
 608 0134 96       		.byte	0x96
 609 0135 8B010000 		.4byte	0x18b
 610 0139 01       		.uleb128 0x1
 611 013a 50       		.byte	0x50
 612 013b 0D       		.uleb128 0xd
 613 013c 23010000 		.4byte	.LASF24
 614 0140 01       		.byte	0x1
 615 0141 96       		.byte	0x96
 616 0142 96010000 		.4byte	0x196
 617 0146 01       		.uleb128 0x1
 618 0147 51       		.byte	0x51
 619 0148 0E       		.uleb128 0xe
 620 0149 6900     		.ascii	"i\000"
 621 014b 01       		.byte	0x1
 622 014c 99       		.byte	0x99
 623 014d A5000000 		.4byte	0xa5
 624 0151 00000000 		.4byte	.LLST0
 625 0155 0E       		.uleb128 0xe
 626 0156 6A00     		.ascii	"j\000"
 627 0158 01       		.byte	0x1
 628 0159 99       		.byte	0x99
 629 015a A5000000 		.4byte	0xa5
 630 015e 1F000000 		.4byte	.LLST1
 631 0162 0F       		.uleb128 0xf
 632 0163 08000000 		.4byte	.LBB2
 633 0167 22000000 		.4byte	.LBE2-.LBB2
 634 016b 10       		.uleb128 0x10
 635 016c 88010000 		.4byte	.LASF25
 636 0170 01       		.byte	0x1
 637 0171 9C       		.byte	0x9c
 638 0172 A5000000 		.4byte	0xa5
 639 0176 3E000000 		.4byte	.LLST2
 640 017a 10       		.uleb128 0x10
 641 017b 22000000 		.4byte	.LASF26
 642 017f 01       		.byte	0x1
ARM GAS  C:\Users\cdc75\AppData\Local\Temp\cci9v61v.s 			page 19


 643 0180 9D       		.byte	0x9d
 644 0181 8D000000 		.4byte	0x8d
 645 0185 51000000 		.4byte	.LLST3
 646 0189 00       		.byte	0
 647 018a 00       		.byte	0
 648 018b 06       		.uleb128 0x6
 649 018c 04       		.byte	0x4
 650 018d 91010000 		.4byte	0x191
 651 0191 11       		.uleb128 0x11
 652 0192 A5000000 		.4byte	0xa5
 653 0196 06       		.uleb128 0x6
 654 0197 04       		.byte	0x4
 655 0198 9C010000 		.4byte	0x19c
 656 019c 11       		.uleb128 0x11
 657 019d 0E010000 		.4byte	0x10e
 658 01a1 0C       		.uleb128 0xc
 659 01a2 CD000000 		.4byte	.LASF28
 660 01a6 01       		.byte	0x1
 661 01a7 3D       		.byte	0x3d
 662 01a8 00000000 		.4byte	.LFB0
 663 01ac 0C000000 		.4byte	.LFE0-.LFB0
 664 01b0 01       		.uleb128 0x1
 665 01b1 9C       		.byte	0x9c
 666 01b2 EE010000 		.4byte	0x1ee
 667 01b6 12       		.uleb128 0x12
 668 01b7 7300     		.ascii	"s\000"
 669 01b9 01       		.byte	0x1
 670 01ba 3D       		.byte	0x3d
 671 01bb 7D000000 		.4byte	0x7d
 672 01bf 6F000000 		.4byte	.LLST4
 673 01c3 12       		.uleb128 0x12
 674 01c4 6E00     		.ascii	"n\000"
 675 01c6 01       		.byte	0x1
 676 01c7 3D       		.byte	0x3d
 677 01c8 2C000000 		.4byte	0x2c
 678 01cc 90000000 		.4byte	.LLST5
 679 01d0 13       		.uleb128 0x13
 680 01d1 0A000000 		.4byte	.LVL14
 681 01d5 67030000 		.4byte	0x367
 682 01d9 14       		.uleb128 0x14
 683 01da 01       		.uleb128 0x1
 684 01db 52       		.byte	0x52
 685 01dc 03       		.uleb128 0x3
 686 01dd F3       		.byte	0xf3
 687 01de 01       		.uleb128 0x1
 688 01df 51       		.byte	0x51
 689 01e0 14       		.uleb128 0x14
 690 01e1 01       		.uleb128 0x1
 691 01e2 51       		.byte	0x51
 692 01e3 01       		.uleb128 0x1
 693 01e4 30       		.byte	0x30
 694 01e5 14       		.uleb128 0x14
 695 01e6 01       		.uleb128 0x1
 696 01e7 50       		.byte	0x50
 697 01e8 03       		.uleb128 0x3
 698 01e9 F3       		.byte	0xf3
 699 01ea 01       		.uleb128 0x1
ARM GAS  C:\Users\cdc75\AppData\Local\Temp\cci9v61v.s 			page 20


 700 01eb 50       		.byte	0x50
 701 01ec 00       		.byte	0
 702 01ed 00       		.byte	0
 703 01ee 0C       		.uleb128 0xc
 704 01ef 28000000 		.4byte	.LASF29
 705 01f3 01       		.byte	0x1
 706 01f4 BB       		.byte	0xbb
 707 01f5 00000000 		.4byte	.LFB4
 708 01f9 78000000 		.4byte	.LFE4-.LFB4
 709 01fd 01       		.uleb128 0x1
 710 01fe 9C       		.byte	0x9c
 711 01ff 39020000 		.4byte	0x239
 712 0203 15       		.uleb128 0x15
 713 0204 14000000 		.4byte	.LVL15
 714 0208 84030000 		.4byte	0x384
 715 020c 16020000 		.4byte	0x216
 716 0210 14       		.uleb128 0x14
 717 0211 01       		.uleb128 0x1
 718 0212 50       		.byte	0x50
 719 0213 01       		.uleb128 0x1
 720 0214 48       		.byte	0x48
 721 0215 00       		.byte	0
 722 0216 15       		.uleb128 0x15
 723 0217 42000000 		.4byte	.LVL16
 724 021b 95030000 		.4byte	0x395
 725 021f 29020000 		.4byte	0x229
 726 0223 14       		.uleb128 0x14
 727 0224 01       		.uleb128 0x1
 728 0225 50       		.byte	0x50
 729 0226 01       		.uleb128 0x1
 730 0227 39       		.byte	0x39
 731 0228 00       		.byte	0
 732 0229 13       		.uleb128 0x13
 733 022a 48000000 		.4byte	.LVL17
 734 022e AF030000 		.4byte	0x3af
 735 0232 14       		.uleb128 0x14
 736 0233 01       		.uleb128 0x1
 737 0234 50       		.byte	0x50
 738 0235 01       		.uleb128 0x1
 739 0236 39       		.byte	0x39
 740 0237 00       		.byte	0
 741 0238 00       		.byte	0
 742 0239 16       		.uleb128 0x16
 743 023a 42010000 		.4byte	.LASF41
 744 023e 01       		.byte	0x1
 745 023f 0601     		.2byte	0x106
 746 0241 78000000 		.4byte	.LFB6
 747 0245 0C010000 		.4byte	.LFE6-.LFB6
 748 0249 01       		.uleb128 0x1
 749 024a 9C       		.byte	0x9c
 750 024b 3D030000 		.4byte	0x33d
 751 024f 17       		.uleb128 0x17
 752 0250 7C000000 		.4byte	.LBB3
 753 0254 8C000000 		.4byte	.LBE3-.LBB3
 754 0258 33030000 		.4byte	0x333
 755 025c 18       		.uleb128 0x18
 756 025d 33000000 		.4byte	.LASF30
ARM GAS  C:\Users\cdc75\AppData\Local\Temp\cci9v61v.s 			page 21


 757 0261 01       		.byte	0x1
 758 0262 0C01     		.2byte	0x10c
 759 0264 4D030000 		.4byte	0x34d
 760 0268 05       		.uleb128 0x5
 761 0269 03       		.byte	0x3
 762 026a 0C000000 		.4byte	cy_cfg_addr_table.4740
 763 026e 18       		.uleb128 0x18
 764 026f 45000000 		.4byte	.LASF31
 765 0273 01       		.byte	0x1
 766 0274 1301     		.2byte	0x113
 767 0276 62030000 		.4byte	0x362
 768 027a 05       		.uleb128 0x5
 769 027b 03       		.byte	0x3
 770 027c 1C000000 		.4byte	cy_cfg_data_table.4741
 771 0280 19       		.uleb128 0x19
 772 0281 06       		.byte	0x6
 773 0282 01       		.byte	0x1
 774 0283 3601     		.2byte	0x136
 775 0285 A4020000 		.4byte	0x2a4
 776 0289 1A       		.uleb128 0x1a
 777 028a 4F010000 		.4byte	.LASF32
 778 028e 01       		.byte	0x1
 779 028f 3701     		.2byte	0x137
 780 0291 7D000000 		.4byte	0x7d
 781 0295 00       		.byte	0
 782 0296 1A       		.uleb128 0x1a
 783 0297 AB000000 		.4byte	.LASF33
 784 029b 01       		.byte	0x1
 785 029c 3801     		.2byte	0x138
 786 029e 99000000 		.4byte	0x99
 787 02a2 04       		.byte	0x4
 788 02a3 00       		.byte	0
 789 02a4 08       		.uleb128 0x8
 790 02a5 7B010000 		.4byte	.LASF34
 791 02a9 01       		.byte	0x1
 792 02aa 3901     		.2byte	0x139
 793 02ac 80020000 		.4byte	0x280
 794 02b0 1B       		.uleb128 0x1b
 795 02b1 A4020000 		.4byte	0x2a4
 796 02b5 C0020000 		.4byte	0x2c0
 797 02b9 1C       		.uleb128 0x1c
 798 02ba 76000000 		.4byte	0x76
 799 02be 01       		.byte	0x1
 800 02bf 00       		.byte	0
 801 02c0 18       		.uleb128 0x18
 802 02c1 9B000000 		.4byte	.LASF35
 803 02c5 01       		.byte	0x1
 804 02c6 3B01     		.2byte	0x13b
 805 02c8 D2020000 		.4byte	0x2d2
 806 02cc 05       		.uleb128 0x5
 807 02cd 03       		.byte	0x3
 808 02ce 00000000 		.4byte	cfg_memset_list.4746
 809 02d2 11       		.uleb128 0x11
 810 02d3 B0020000 		.4byte	0x2b0
 811 02d7 1D       		.uleb128 0x1d
 812 02d8 6900     		.ascii	"i\000"
 813 02da 01       		.byte	0x1
ARM GAS  C:\Users\cdc75\AppData\Local\Temp\cci9v61v.s 			page 22


 814 02db 4101     		.2byte	0x141
 815 02dd 8D000000 		.4byte	0x8d
 816 02e1 BC000000 		.4byte	.LLST6
 817 02e5 17       		.uleb128 0x17
 818 02e6 80000000 		.4byte	.LBB4
 819 02ea 1E000000 		.4byte	.LBE4-.LBB4
 820 02ee 16030000 		.4byte	0x316
 821 02f2 1D       		.uleb128 0x1d
 822 02f3 6D7300   		.ascii	"ms\000"
 823 02f6 01       		.byte	0x1
 824 02f7 4601     		.2byte	0x146
 825 02f9 01030000 		.4byte	0x301
 826 02fd E6000000 		.4byte	.LLST7
 827 0301 06       		.uleb128 0x6
 828 0302 04       		.byte	0x4
 829 0303 07030000 		.4byte	0x307
 830 0307 11       		.uleb128 0x11
 831 0308 A4020000 		.4byte	0x2a4
 832 030c 1E       		.uleb128 0x1e
 833 030d 9E000000 		.4byte	.LVL20
 834 0311 A1010000 		.4byte	0x1a1
 835 0315 00       		.byte	0
 836 0316 13       		.uleb128 0x13
 837 0317 B2000000 		.4byte	.LVL23
 838 031b 19010000 		.4byte	0x119
 839 031f 14       		.uleb128 0x14
 840 0320 01       		.uleb128 0x1
 841 0321 51       		.byte	0x51
 842 0322 05       		.uleb128 0x5
 843 0323 03       		.byte	0x3
 844 0324 1C000000 		.4byte	.LANCHOR0+28
 845 0328 14       		.uleb128 0x14
 846 0329 01       		.uleb128 0x1
 847 032a 50       		.byte	0x50
 848 032b 05       		.uleb128 0x5
 849 032c 03       		.byte	0x3
 850 032d 0C000000 		.4byte	.LANCHOR0+12
 851 0331 00       		.byte	0
 852 0332 00       		.byte	0
 853 0333 1E       		.uleb128 0x1e
 854 0334 34010000 		.4byte	.LVL24
 855 0338 EE010000 		.4byte	0x1ee
 856 033c 00       		.byte	0
 857 033d 1B       		.uleb128 0x1b
 858 033e A5000000 		.4byte	0xa5
 859 0342 4D030000 		.4byte	0x34d
 860 0346 1C       		.uleb128 0x1c
 861 0347 76000000 		.4byte	0x76
 862 034b 03       		.byte	0x3
 863 034c 00       		.byte	0
 864 034d 11       		.uleb128 0x11
 865 034e 3D030000 		.4byte	0x33d
 866 0352 1B       		.uleb128 0x1b
 867 0353 0E010000 		.4byte	0x10e
 868 0357 62030000 		.4byte	0x362
 869 035b 1C       		.uleb128 0x1c
 870 035c 76000000 		.4byte	0x76
ARM GAS  C:\Users\cdc75\AppData\Local\Temp\cci9v61v.s 			page 23


 871 0360 1D       		.byte	0x1d
 872 0361 00       		.byte	0
 873 0362 11       		.uleb128 0x11
 874 0363 52030000 		.4byte	0x352
 875 0367 1F       		.uleb128 0x1f
 876 0368 E5000000 		.4byte	.LASF36
 877 036c 7D000000 		.4byte	0x7d
 878 0370 84030000 		.4byte	0x384
 879 0374 20       		.uleb128 0x20
 880 0375 7D000000 		.4byte	0x7d
 881 0379 20       		.uleb128 0x20
 882 037a 25000000 		.4byte	0x25
 883 037e 20       		.uleb128 0x20
 884 037f 76000000 		.4byte	0x76
 885 0383 00       		.byte	0
 886 0384 21       		.uleb128 0x21
 887 0385 74020000 		.4byte	.LASF37
 888 0389 04       		.byte	0x4
 889 038a 6C       		.byte	0x6c
 890 038b 95030000 		.4byte	0x395
 891 038f 20       		.uleb128 0x20
 892 0390 A5000000 		.4byte	0xa5
 893 0394 00       		.byte	0
 894 0395 22       		.uleb128 0x22
 895 0396 0D000000 		.4byte	.LASF42
 896 039a 04       		.byte	0x4
 897 039b BB       		.byte	0xbb
 898 039c E1000000 		.4byte	0xe1
 899 03a0 AF030000 		.4byte	0x3af
 900 03a4 20       		.uleb128 0x20
 901 03a5 8D000000 		.4byte	0x8d
 902 03a9 20       		.uleb128 0x20
 903 03aa E1000000 		.4byte	0xe1
 904 03ae 00       		.byte	0
 905 03af 23       		.uleb128 0x23
 906 03b0 05010000 		.4byte	.LASF43
 907 03b4 04       		.byte	0x4
 908 03b5 C1       		.byte	0xc1
 909 03b6 20       		.uleb128 0x20
 910 03b7 8D000000 		.4byte	0x8d
 911 03bb 00       		.byte	0
 912 03bc 00       		.byte	0
 913              		.section	.debug_abbrev,"",%progbits
 914              	.Ldebug_abbrev0:
 915 0000 01       		.uleb128 0x1
 916 0001 11       		.uleb128 0x11
 917 0002 01       		.byte	0x1
 918 0003 25       		.uleb128 0x25
 919 0004 0E       		.uleb128 0xe
 920 0005 13       		.uleb128 0x13
 921 0006 0B       		.uleb128 0xb
 922 0007 03       		.uleb128 0x3
 923 0008 0E       		.uleb128 0xe
 924 0009 1B       		.uleb128 0x1b
 925 000a 0E       		.uleb128 0xe
 926 000b 55       		.uleb128 0x55
 927 000c 17       		.uleb128 0x17
ARM GAS  C:\Users\cdc75\AppData\Local\Temp\cci9v61v.s 			page 24


 928 000d 11       		.uleb128 0x11
 929 000e 01       		.uleb128 0x1
 930 000f 10       		.uleb128 0x10
 931 0010 17       		.uleb128 0x17
 932 0011 00       		.byte	0
 933 0012 00       		.byte	0
 934 0013 02       		.uleb128 0x2
 935 0014 24       		.uleb128 0x24
 936 0015 00       		.byte	0
 937 0016 0B       		.uleb128 0xb
 938 0017 0B       		.uleb128 0xb
 939 0018 3E       		.uleb128 0x3e
 940 0019 0B       		.uleb128 0xb
 941 001a 03       		.uleb128 0x3
 942 001b 08       		.uleb128 0x8
 943 001c 00       		.byte	0
 944 001d 00       		.byte	0
 945 001e 03       		.uleb128 0x3
 946 001f 16       		.uleb128 0x16
 947 0020 00       		.byte	0
 948 0021 03       		.uleb128 0x3
 949 0022 0E       		.uleb128 0xe
 950 0023 3A       		.uleb128 0x3a
 951 0024 0B       		.uleb128 0xb
 952 0025 3B       		.uleb128 0x3b
 953 0026 0B       		.uleb128 0xb
 954 0027 49       		.uleb128 0x49
 955 0028 13       		.uleb128 0x13
 956 0029 00       		.byte	0
 957 002a 00       		.byte	0
 958 002b 04       		.uleb128 0x4
 959 002c 24       		.uleb128 0x24
 960 002d 00       		.byte	0
 961 002e 0B       		.uleb128 0xb
 962 002f 0B       		.uleb128 0xb
 963 0030 3E       		.uleb128 0x3e
 964 0031 0B       		.uleb128 0xb
 965 0032 03       		.uleb128 0x3
 966 0033 0E       		.uleb128 0xe
 967 0034 00       		.byte	0
 968 0035 00       		.byte	0
 969 0036 05       		.uleb128 0x5
 970 0037 0F       		.uleb128 0xf
 971 0038 00       		.byte	0
 972 0039 0B       		.uleb128 0xb
 973 003a 0B       		.uleb128 0xb
 974 003b 00       		.byte	0
 975 003c 00       		.byte	0
 976 003d 06       		.uleb128 0x6
 977 003e 0F       		.uleb128 0xf
 978 003f 00       		.byte	0
 979 0040 0B       		.uleb128 0xb
 980 0041 0B       		.uleb128 0xb
 981 0042 49       		.uleb128 0x49
 982 0043 13       		.uleb128 0x13
 983 0044 00       		.byte	0
 984 0045 00       		.byte	0
ARM GAS  C:\Users\cdc75\AppData\Local\Temp\cci9v61v.s 			page 25


 985 0046 07       		.uleb128 0x7
 986 0047 15       		.uleb128 0x15
 987 0048 00       		.byte	0
 988 0049 27       		.uleb128 0x27
 989 004a 19       		.uleb128 0x19
 990 004b 00       		.byte	0
 991 004c 00       		.byte	0
 992 004d 08       		.uleb128 0x8
 993 004e 16       		.uleb128 0x16
 994 004f 00       		.byte	0
 995 0050 03       		.uleb128 0x3
 996 0051 0E       		.uleb128 0xe
 997 0052 3A       		.uleb128 0x3a
 998 0053 0B       		.uleb128 0xb
 999 0054 3B       		.uleb128 0x3b
 1000 0055 05       		.uleb128 0x5
 1001 0056 49       		.uleb128 0x49
 1002 0057 13       		.uleb128 0x13
 1003 0058 00       		.byte	0
 1004 0059 00       		.byte	0
 1005 005a 09       		.uleb128 0x9
 1006 005b 35       		.uleb128 0x35
 1007 005c 00       		.byte	0
 1008 005d 49       		.uleb128 0x49
 1009 005e 13       		.uleb128 0x13
 1010 005f 00       		.byte	0
 1011 0060 00       		.byte	0
 1012 0061 0A       		.uleb128 0xa
 1013 0062 13       		.uleb128 0x13
 1014 0063 01       		.byte	0x1
 1015 0064 0B       		.uleb128 0xb
 1016 0065 0B       		.uleb128 0xb
 1017 0066 3A       		.uleb128 0x3a
 1018 0067 0B       		.uleb128 0xb
 1019 0068 3B       		.uleb128 0x3b
 1020 0069 0B       		.uleb128 0xb
 1021 006a 01       		.uleb128 0x1
 1022 006b 13       		.uleb128 0x13
 1023 006c 00       		.byte	0
 1024 006d 00       		.byte	0
 1025 006e 0B       		.uleb128 0xb
 1026 006f 0D       		.uleb128 0xd
 1027 0070 00       		.byte	0
 1028 0071 03       		.uleb128 0x3
 1029 0072 0E       		.uleb128 0xe
 1030 0073 3A       		.uleb128 0x3a
 1031 0074 0B       		.uleb128 0xb
 1032 0075 3B       		.uleb128 0x3b
 1033 0076 0B       		.uleb128 0xb
 1034 0077 49       		.uleb128 0x49
 1035 0078 13       		.uleb128 0x13
 1036 0079 38       		.uleb128 0x38
 1037 007a 0B       		.uleb128 0xb
 1038 007b 00       		.byte	0
 1039 007c 00       		.byte	0
 1040 007d 0C       		.uleb128 0xc
 1041 007e 2E       		.uleb128 0x2e
ARM GAS  C:\Users\cdc75\AppData\Local\Temp\cci9v61v.s 			page 26


 1042 007f 01       		.byte	0x1
 1043 0080 03       		.uleb128 0x3
 1044 0081 0E       		.uleb128 0xe
 1045 0082 3A       		.uleb128 0x3a
 1046 0083 0B       		.uleb128 0xb
 1047 0084 3B       		.uleb128 0x3b
 1048 0085 0B       		.uleb128 0xb
 1049 0086 27       		.uleb128 0x27
 1050 0087 19       		.uleb128 0x19
 1051 0088 11       		.uleb128 0x11
 1052 0089 01       		.uleb128 0x1
 1053 008a 12       		.uleb128 0x12
 1054 008b 06       		.uleb128 0x6
 1055 008c 40       		.uleb128 0x40
 1056 008d 18       		.uleb128 0x18
 1057 008e 9742     		.uleb128 0x2117
 1058 0090 19       		.uleb128 0x19
 1059 0091 01       		.uleb128 0x1
 1060 0092 13       		.uleb128 0x13
 1061 0093 00       		.byte	0
 1062 0094 00       		.byte	0
 1063 0095 0D       		.uleb128 0xd
 1064 0096 05       		.uleb128 0x5
 1065 0097 00       		.byte	0
 1066 0098 03       		.uleb128 0x3
 1067 0099 0E       		.uleb128 0xe
 1068 009a 3A       		.uleb128 0x3a
 1069 009b 0B       		.uleb128 0xb
 1070 009c 3B       		.uleb128 0x3b
 1071 009d 0B       		.uleb128 0xb
 1072 009e 49       		.uleb128 0x49
 1073 009f 13       		.uleb128 0x13
 1074 00a0 02       		.uleb128 0x2
 1075 00a1 18       		.uleb128 0x18
 1076 00a2 00       		.byte	0
 1077 00a3 00       		.byte	0
 1078 00a4 0E       		.uleb128 0xe
 1079 00a5 34       		.uleb128 0x34
 1080 00a6 00       		.byte	0
 1081 00a7 03       		.uleb128 0x3
 1082 00a8 08       		.uleb128 0x8
 1083 00a9 3A       		.uleb128 0x3a
 1084 00aa 0B       		.uleb128 0xb
 1085 00ab 3B       		.uleb128 0x3b
 1086 00ac 0B       		.uleb128 0xb
 1087 00ad 49       		.uleb128 0x49
 1088 00ae 13       		.uleb128 0x13
 1089 00af 02       		.uleb128 0x2
 1090 00b0 17       		.uleb128 0x17
 1091 00b1 00       		.byte	0
 1092 00b2 00       		.byte	0
 1093 00b3 0F       		.uleb128 0xf
 1094 00b4 0B       		.uleb128 0xb
 1095 00b5 01       		.byte	0x1
 1096 00b6 11       		.uleb128 0x11
 1097 00b7 01       		.uleb128 0x1
 1098 00b8 12       		.uleb128 0x12
ARM GAS  C:\Users\cdc75\AppData\Local\Temp\cci9v61v.s 			page 27


 1099 00b9 06       		.uleb128 0x6
 1100 00ba 00       		.byte	0
 1101 00bb 00       		.byte	0
 1102 00bc 10       		.uleb128 0x10
 1103 00bd 34       		.uleb128 0x34
 1104 00be 00       		.byte	0
 1105 00bf 03       		.uleb128 0x3
 1106 00c0 0E       		.uleb128 0xe
 1107 00c1 3A       		.uleb128 0x3a
 1108 00c2 0B       		.uleb128 0xb
 1109 00c3 3B       		.uleb128 0x3b
 1110 00c4 0B       		.uleb128 0xb
 1111 00c5 49       		.uleb128 0x49
 1112 00c6 13       		.uleb128 0x13
 1113 00c7 02       		.uleb128 0x2
 1114 00c8 17       		.uleb128 0x17
 1115 00c9 00       		.byte	0
 1116 00ca 00       		.byte	0
 1117 00cb 11       		.uleb128 0x11
 1118 00cc 26       		.uleb128 0x26
 1119 00cd 00       		.byte	0
 1120 00ce 49       		.uleb128 0x49
 1121 00cf 13       		.uleb128 0x13
 1122 00d0 00       		.byte	0
 1123 00d1 00       		.byte	0
 1124 00d2 12       		.uleb128 0x12
 1125 00d3 05       		.uleb128 0x5
 1126 00d4 00       		.byte	0
 1127 00d5 03       		.uleb128 0x3
 1128 00d6 08       		.uleb128 0x8
 1129 00d7 3A       		.uleb128 0x3a
 1130 00d8 0B       		.uleb128 0xb
 1131 00d9 3B       		.uleb128 0x3b
 1132 00da 0B       		.uleb128 0xb
 1133 00db 49       		.uleb128 0x49
 1134 00dc 13       		.uleb128 0x13
 1135 00dd 02       		.uleb128 0x2
 1136 00de 17       		.uleb128 0x17
 1137 00df 00       		.byte	0
 1138 00e0 00       		.byte	0
 1139 00e1 13       		.uleb128 0x13
 1140 00e2 898201   		.uleb128 0x4109
 1141 00e5 01       		.byte	0x1
 1142 00e6 11       		.uleb128 0x11
 1143 00e7 01       		.uleb128 0x1
 1144 00e8 31       		.uleb128 0x31
 1145 00e9 13       		.uleb128 0x13
 1146 00ea 00       		.byte	0
 1147 00eb 00       		.byte	0
 1148 00ec 14       		.uleb128 0x14
 1149 00ed 8A8201   		.uleb128 0x410a
 1150 00f0 00       		.byte	0
 1151 00f1 02       		.uleb128 0x2
 1152 00f2 18       		.uleb128 0x18
 1153 00f3 9142     		.uleb128 0x2111
 1154 00f5 18       		.uleb128 0x18
 1155 00f6 00       		.byte	0
ARM GAS  C:\Users\cdc75\AppData\Local\Temp\cci9v61v.s 			page 28


 1156 00f7 00       		.byte	0
 1157 00f8 15       		.uleb128 0x15
 1158 00f9 898201   		.uleb128 0x4109
 1159 00fc 01       		.byte	0x1
 1160 00fd 11       		.uleb128 0x11
 1161 00fe 01       		.uleb128 0x1
 1162 00ff 31       		.uleb128 0x31
 1163 0100 13       		.uleb128 0x13
 1164 0101 01       		.uleb128 0x1
 1165 0102 13       		.uleb128 0x13
 1166 0103 00       		.byte	0
 1167 0104 00       		.byte	0
 1168 0105 16       		.uleb128 0x16
 1169 0106 2E       		.uleb128 0x2e
 1170 0107 01       		.byte	0x1
 1171 0108 3F       		.uleb128 0x3f
 1172 0109 19       		.uleb128 0x19
 1173 010a 03       		.uleb128 0x3
 1174 010b 0E       		.uleb128 0xe
 1175 010c 3A       		.uleb128 0x3a
 1176 010d 0B       		.uleb128 0xb
 1177 010e 3B       		.uleb128 0x3b
 1178 010f 05       		.uleb128 0x5
 1179 0110 27       		.uleb128 0x27
 1180 0111 19       		.uleb128 0x19
 1181 0112 11       		.uleb128 0x11
 1182 0113 01       		.uleb128 0x1
 1183 0114 12       		.uleb128 0x12
 1184 0115 06       		.uleb128 0x6
 1185 0116 40       		.uleb128 0x40
 1186 0117 18       		.uleb128 0x18
 1187 0118 9742     		.uleb128 0x2117
 1188 011a 19       		.uleb128 0x19
 1189 011b 01       		.uleb128 0x1
 1190 011c 13       		.uleb128 0x13
 1191 011d 00       		.byte	0
 1192 011e 00       		.byte	0
 1193 011f 17       		.uleb128 0x17
 1194 0120 0B       		.uleb128 0xb
 1195 0121 01       		.byte	0x1
 1196 0122 11       		.uleb128 0x11
 1197 0123 01       		.uleb128 0x1
 1198 0124 12       		.uleb128 0x12
 1199 0125 06       		.uleb128 0x6
 1200 0126 01       		.uleb128 0x1
 1201 0127 13       		.uleb128 0x13
 1202 0128 00       		.byte	0
 1203 0129 00       		.byte	0
 1204 012a 18       		.uleb128 0x18
 1205 012b 34       		.uleb128 0x34
 1206 012c 00       		.byte	0
 1207 012d 03       		.uleb128 0x3
 1208 012e 0E       		.uleb128 0xe
 1209 012f 3A       		.uleb128 0x3a
 1210 0130 0B       		.uleb128 0xb
 1211 0131 3B       		.uleb128 0x3b
 1212 0132 05       		.uleb128 0x5
ARM GAS  C:\Users\cdc75\AppData\Local\Temp\cci9v61v.s 			page 29


 1213 0133 49       		.uleb128 0x49
 1214 0134 13       		.uleb128 0x13
 1215 0135 02       		.uleb128 0x2
 1216 0136 18       		.uleb128 0x18
 1217 0137 00       		.byte	0
 1218 0138 00       		.byte	0
 1219 0139 19       		.uleb128 0x19
 1220 013a 13       		.uleb128 0x13
 1221 013b 01       		.byte	0x1
 1222 013c 0B       		.uleb128 0xb
 1223 013d 0B       		.uleb128 0xb
 1224 013e 3A       		.uleb128 0x3a
 1225 013f 0B       		.uleb128 0xb
 1226 0140 3B       		.uleb128 0x3b
 1227 0141 05       		.uleb128 0x5
 1228 0142 01       		.uleb128 0x1
 1229 0143 13       		.uleb128 0x13
 1230 0144 00       		.byte	0
 1231 0145 00       		.byte	0
 1232 0146 1A       		.uleb128 0x1a
 1233 0147 0D       		.uleb128 0xd
 1234 0148 00       		.byte	0
 1235 0149 03       		.uleb128 0x3
 1236 014a 0E       		.uleb128 0xe
 1237 014b 3A       		.uleb128 0x3a
 1238 014c 0B       		.uleb128 0xb
 1239 014d 3B       		.uleb128 0x3b
 1240 014e 05       		.uleb128 0x5
 1241 014f 49       		.uleb128 0x49
 1242 0150 13       		.uleb128 0x13
 1243 0151 38       		.uleb128 0x38
 1244 0152 0B       		.uleb128 0xb
 1245 0153 00       		.byte	0
 1246 0154 00       		.byte	0
 1247 0155 1B       		.uleb128 0x1b
 1248 0156 01       		.uleb128 0x1
 1249 0157 01       		.byte	0x1
 1250 0158 49       		.uleb128 0x49
 1251 0159 13       		.uleb128 0x13
 1252 015a 01       		.uleb128 0x1
 1253 015b 13       		.uleb128 0x13
 1254 015c 00       		.byte	0
 1255 015d 00       		.byte	0
 1256 015e 1C       		.uleb128 0x1c
 1257 015f 21       		.uleb128 0x21
 1258 0160 00       		.byte	0
 1259 0161 49       		.uleb128 0x49
 1260 0162 13       		.uleb128 0x13
 1261 0163 2F       		.uleb128 0x2f
 1262 0164 0B       		.uleb128 0xb
 1263 0165 00       		.byte	0
 1264 0166 00       		.byte	0
 1265 0167 1D       		.uleb128 0x1d
 1266 0168 34       		.uleb128 0x34
 1267 0169 00       		.byte	0
 1268 016a 03       		.uleb128 0x3
 1269 016b 08       		.uleb128 0x8
ARM GAS  C:\Users\cdc75\AppData\Local\Temp\cci9v61v.s 			page 30


 1270 016c 3A       		.uleb128 0x3a
 1271 016d 0B       		.uleb128 0xb
 1272 016e 3B       		.uleb128 0x3b
 1273 016f 05       		.uleb128 0x5
 1274 0170 49       		.uleb128 0x49
 1275 0171 13       		.uleb128 0x13
 1276 0172 02       		.uleb128 0x2
 1277 0173 17       		.uleb128 0x17
 1278 0174 00       		.byte	0
 1279 0175 00       		.byte	0
 1280 0176 1E       		.uleb128 0x1e
 1281 0177 898201   		.uleb128 0x4109
 1282 017a 00       		.byte	0
 1283 017b 11       		.uleb128 0x11
 1284 017c 01       		.uleb128 0x1
 1285 017d 31       		.uleb128 0x31
 1286 017e 13       		.uleb128 0x13
 1287 017f 00       		.byte	0
 1288 0180 00       		.byte	0
 1289 0181 1F       		.uleb128 0x1f
 1290 0182 2E       		.uleb128 0x2e
 1291 0183 01       		.byte	0x1
 1292 0184 3F       		.uleb128 0x3f
 1293 0185 19       		.uleb128 0x19
 1294 0186 03       		.uleb128 0x3
 1295 0187 0E       		.uleb128 0xe
 1296 0188 27       		.uleb128 0x27
 1297 0189 19       		.uleb128 0x19
 1298 018a 49       		.uleb128 0x49
 1299 018b 13       		.uleb128 0x13
 1300 018c 34       		.uleb128 0x34
 1301 018d 19       		.uleb128 0x19
 1302 018e 3C       		.uleb128 0x3c
 1303 018f 19       		.uleb128 0x19
 1304 0190 01       		.uleb128 0x1
 1305 0191 13       		.uleb128 0x13
 1306 0192 00       		.byte	0
 1307 0193 00       		.byte	0
 1308 0194 20       		.uleb128 0x20
 1309 0195 05       		.uleb128 0x5
 1310 0196 00       		.byte	0
 1311 0197 49       		.uleb128 0x49
 1312 0198 13       		.uleb128 0x13
 1313 0199 00       		.byte	0
 1314 019a 00       		.byte	0
 1315 019b 21       		.uleb128 0x21
 1316 019c 2E       		.uleb128 0x2e
 1317 019d 01       		.byte	0x1
 1318 019e 3F       		.uleb128 0x3f
 1319 019f 19       		.uleb128 0x19
 1320 01a0 03       		.uleb128 0x3
 1321 01a1 0E       		.uleb128 0xe
 1322 01a2 3A       		.uleb128 0x3a
 1323 01a3 0B       		.uleb128 0xb
 1324 01a4 3B       		.uleb128 0x3b
 1325 01a5 0B       		.uleb128 0xb
 1326 01a6 27       		.uleb128 0x27
ARM GAS  C:\Users\cdc75\AppData\Local\Temp\cci9v61v.s 			page 31


 1327 01a7 19       		.uleb128 0x19
 1328 01a8 3C       		.uleb128 0x3c
 1329 01a9 19       		.uleb128 0x19
 1330 01aa 01       		.uleb128 0x1
 1331 01ab 13       		.uleb128 0x13
 1332 01ac 00       		.byte	0
 1333 01ad 00       		.byte	0
 1334 01ae 22       		.uleb128 0x22
 1335 01af 2E       		.uleb128 0x2e
 1336 01b0 01       		.byte	0x1
 1337 01b1 3F       		.uleb128 0x3f
 1338 01b2 19       		.uleb128 0x19
 1339 01b3 03       		.uleb128 0x3
 1340 01b4 0E       		.uleb128 0xe
 1341 01b5 3A       		.uleb128 0x3a
 1342 01b6 0B       		.uleb128 0xb
 1343 01b7 3B       		.uleb128 0x3b
 1344 01b8 0B       		.uleb128 0xb
 1345 01b9 27       		.uleb128 0x27
 1346 01ba 19       		.uleb128 0x19
 1347 01bb 49       		.uleb128 0x49
 1348 01bc 13       		.uleb128 0x13
 1349 01bd 3C       		.uleb128 0x3c
 1350 01be 19       		.uleb128 0x19
 1351 01bf 01       		.uleb128 0x1
 1352 01c0 13       		.uleb128 0x13
 1353 01c1 00       		.byte	0
 1354 01c2 00       		.byte	0
 1355 01c3 23       		.uleb128 0x23
 1356 01c4 2E       		.uleb128 0x2e
 1357 01c5 01       		.byte	0x1
 1358 01c6 3F       		.uleb128 0x3f
 1359 01c7 19       		.uleb128 0x19
 1360 01c8 03       		.uleb128 0x3
 1361 01c9 0E       		.uleb128 0xe
 1362 01ca 3A       		.uleb128 0x3a
 1363 01cb 0B       		.uleb128 0xb
 1364 01cc 3B       		.uleb128 0x3b
 1365 01cd 0B       		.uleb128 0xb
 1366 01ce 27       		.uleb128 0x27
 1367 01cf 19       		.uleb128 0x19
 1368 01d0 3C       		.uleb128 0x3c
 1369 01d1 19       		.uleb128 0x19
 1370 01d2 00       		.byte	0
 1371 01d3 00       		.byte	0
 1372 01d4 00       		.byte	0
 1373              		.section	.debug_loc,"",%progbits
 1374              	.Ldebug_loc0:
 1375              	.LLST0:
 1376 0000 02000000 		.4byte	.LVL1
 1377 0004 08000000 		.4byte	.LVL2
 1378 0008 0200     		.2byte	0x2
 1379 000a 30       		.byte	0x30
 1380 000b 9F       		.byte	0x9f
 1381 000c 08000000 		.4byte	.LVL2
 1382 0010 30000000 		.4byte	.LVL11
 1383 0014 0100     		.2byte	0x1
ARM GAS  C:\Users\cdc75\AppData\Local\Temp\cci9v61v.s 			page 32


 1384 0016 57       		.byte	0x57
 1385 0017 00000000 		.4byte	0
 1386 001b 00000000 		.4byte	0
 1387              	.LLST1:
 1388 001f 02000000 		.4byte	.LVL1
 1389 0023 08000000 		.4byte	.LVL2
 1390 0027 0200     		.2byte	0x2
 1391 0029 30       		.byte	0x30
 1392 002a 9F       		.byte	0x9f
 1393 002b 08000000 		.4byte	.LVL2
 1394 002f 30000000 		.4byte	.LVL10
 1395 0033 0100     		.2byte	0x1
 1396 0035 55       		.byte	0x55
 1397 0036 00000000 		.4byte	0
 1398 003a 00000000 		.4byte	0
 1399              	.LLST2:
 1400 003e 0C000000 		.4byte	.LVL3
 1401 0042 2C000000 		.4byte	.LVL9
 1402 0046 0100     		.2byte	0x1
 1403 0048 56       		.byte	0x56
 1404 0049 00000000 		.4byte	0
 1405 004d 00000000 		.4byte	0
 1406              	.LLST3:
 1407 0051 0E000000 		.4byte	.LVL4
 1408 0055 24000000 		.4byte	.LVL7
 1409 0059 0100     		.2byte	0x1
 1410 005b 53       		.byte	0x53
 1411 005c 26000000 		.4byte	.LVL8
 1412 0060 2C000000 		.4byte	.LVL9
 1413 0064 0100     		.2byte	0x1
 1414 0066 53       		.byte	0x53
 1415 0067 00000000 		.4byte	0
 1416 006b 00000000 		.4byte	0
 1417              	.LLST4:
 1418 006f 00000000 		.4byte	.LVL12
 1419 0073 09000000 		.4byte	.LVL14-1
 1420 0077 0100     		.2byte	0x1
 1421 0079 50       		.byte	0x50
 1422 007a 09000000 		.4byte	.LVL14-1
 1423 007e 0C000000 		.4byte	.LFE0
 1424 0082 0400     		.2byte	0x4
 1425 0084 F3       		.byte	0xf3
 1426 0085 01       		.uleb128 0x1
 1427 0086 50       		.byte	0x50
 1428 0087 9F       		.byte	0x9f
 1429 0088 00000000 		.4byte	0
 1430 008c 00000000 		.4byte	0
 1431              	.LLST5:
 1432 0090 00000000 		.4byte	.LVL12
 1433 0094 06000000 		.4byte	.LVL13
 1434 0098 0100     		.2byte	0x1
 1435 009a 51       		.byte	0x51
 1436 009b 06000000 		.4byte	.LVL13
 1437 009f 09000000 		.4byte	.LVL14-1
 1438 00a3 0100     		.2byte	0x1
 1439 00a5 52       		.byte	0x52
 1440 00a6 09000000 		.4byte	.LVL14-1
ARM GAS  C:\Users\cdc75\AppData\Local\Temp\cci9v61v.s 			page 33


 1441 00aa 0C000000 		.4byte	.LFE0
 1442 00ae 0400     		.2byte	0x4
 1443 00b0 F3       		.byte	0xf3
 1444 00b1 01       		.uleb128 0x1
 1445 00b2 51       		.byte	0x51
 1446 00b3 9F       		.byte	0x9f
 1447 00b4 00000000 		.4byte	0
 1448 00b8 00000000 		.4byte	0
 1449              	.LLST6:
 1450 00bc 7C000000 		.4byte	.LVL18
 1451 00c0 80000000 		.4byte	.LVL19
 1452 00c4 0200     		.2byte	0x2
 1453 00c6 30       		.byte	0x30
 1454 00c7 9F       		.byte	0x9f
 1455 00c8 80000000 		.4byte	.LVL19
 1456 00cc A0000000 		.4byte	.LVL21
 1457 00d0 0100     		.2byte	0x1
 1458 00d2 54       		.byte	0x54
 1459 00d3 A2000000 		.4byte	.LVL22
 1460 00d7 34010000 		.4byte	.LVL25
 1461 00db 0100     		.2byte	0x1
 1462 00dd 54       		.byte	0x54
 1463 00de 00000000 		.4byte	0
 1464 00e2 00000000 		.4byte	0
 1465              	.LLST7:
 1466 00e6 80000000 		.4byte	.LVL19
 1467 00ea A0000000 		.4byte	.LVL21
 1468 00ee 0B00     		.2byte	0xb
 1469 00f0 74       		.byte	0x74
 1470 00f1 00       		.sleb128 0
 1471 00f2 36       		.byte	0x36
 1472 00f3 1E       		.byte	0x1e
 1473 00f4 03       		.byte	0x3
 1474 00f5 00000000 		.4byte	cfg_memset_list.4746
 1475 00f9 22       		.byte	0x22
 1476 00fa 9F       		.byte	0x9f
 1477 00fb A0000000 		.4byte	.LVL21
 1478 00ff A2000000 		.4byte	.LVL22
 1479 0103 0B00     		.2byte	0xb
 1480 0105 74       		.byte	0x74
 1481 0106 7F       		.sleb128 -1
 1482 0107 36       		.byte	0x36
 1483 0108 1E       		.byte	0x1e
 1484 0109 03       		.byte	0x3
 1485 010a 00000000 		.4byte	cfg_memset_list.4746
 1486 010e 22       		.byte	0x22
 1487 010f 9F       		.byte	0x9f
 1488 0110 00000000 		.4byte	0
 1489 0114 00000000 		.4byte	0
 1490              		.section	.debug_aranges,"",%progbits
 1491 0000 34000000 		.4byte	0x34
 1492 0004 0200     		.2byte	0x2
 1493 0006 00000000 		.4byte	.Ldebug_info0
 1494 000a 04       		.byte	0x4
 1495 000b 00       		.byte	0
 1496 000c 0000     		.2byte	0
 1497 000e 0000     		.2byte	0
ARM GAS  C:\Users\cdc75\AppData\Local\Temp\cci9v61v.s 			page 34


 1498 0010 00000000 		.4byte	.LFB3
 1499 0014 32000000 		.4byte	.LFE3-.LFB3
 1500 0018 00000000 		.4byte	.LFB0
 1501 001c 0C000000 		.4byte	.LFE0-.LFB0
 1502 0020 00000000 		.4byte	.LFB4
 1503 0024 78000000 		.4byte	.LFE4-.LFB4
 1504 0028 78000000 		.4byte	.LFB6
 1505 002c 0C010000 		.4byte	.LFE6-.LFB6
 1506 0030 00000000 		.4byte	0
 1507 0034 00000000 		.4byte	0
 1508              		.section	.debug_ranges,"",%progbits
 1509              	.Ldebug_ranges0:
 1510 0000 00000000 		.4byte	.LFB3
 1511 0004 32000000 		.4byte	.LFE3
 1512 0008 00000000 		.4byte	.LFB0
 1513 000c 0C000000 		.4byte	.LFE0
 1514 0010 00000000 		.4byte	.LFB4
 1515 0014 78000000 		.4byte	.LFE4
 1516 0018 78000000 		.4byte	.LFB6
 1517 001c 84010000 		.4byte	.LFE6
 1518 0020 00000000 		.4byte	0
 1519 0024 00000000 		.4byte	0
 1520              		.section	.debug_line,"",%progbits
 1521              	.Ldebug_line0:
 1522 0000 61010000 		.section	.debug_str,"MS",%progbits,1
 1522      0200D800 
 1522      00000201 
 1522      FB0E0D00 
 1522      01010101 
 1523              	.LASF18:
 1524 0000 72656733 		.ascii	"reg32\000"
 1524      3200
 1525              	.LASF11:
 1526 0006 73697A65 		.ascii	"size_t\000"
 1526      5F7400
 1527              	.LASF42:
 1528 000d 4379496E 		.ascii	"CyIntSetVector\000"
 1528      74536574 
 1528      56656374 
 1528      6F7200
 1529              	.LASF21:
 1530 001c 76616C75 		.ascii	"value\000"
 1530      6500
 1531              	.LASF26:
 1532 0022 636F756E 		.ascii	"count\000"
 1532      7400
 1533              	.LASF29:
 1534 0028 436C6F63 		.ascii	"ClockSetup\000"
 1534      6B536574 
 1534      757000
 1535              	.LASF30:
 1536 0033 63795F63 		.ascii	"cy_cfg_addr_table\000"
 1536      66675F61 
 1536      6464725F 
 1536      7461626C 
 1536      6500
 1537              	.LASF31:
ARM GAS  C:\Users\cdc75\AppData\Local\Temp\cci9v61v.s 			page 35


 1538 0045 63795F63 		.ascii	"cy_cfg_data_table\000"
 1538      66675F64 
 1538      6174615F 
 1538      7461626C 
 1538      6500
 1539              	.LASF40:
 1540 0057 433A5C55 		.ascii	"C:\\Users\\cdc75\\Desktop\\Labs\\Lesson14.cydsn\000"
 1540      73657273 
 1540      5C636463 
 1540      37355C44 
 1540      65736B74 
 1541              	.LASF22:
 1542 0082 63795F63 		.ascii	"cy_cfg_addrvalue_t\000"
 1542      66675F61 
 1542      64647276 
 1542      616C7565 
 1542      5F7400
 1543              	.LASF15:
 1544 0095 666C6F61 		.ascii	"float\000"
 1544      7400
 1545              	.LASF35:
 1546 009b 6366675F 		.ascii	"cfg_memset_list\000"
 1546      6D656D73 
 1546      65745F6C 
 1546      69737400 
 1547              	.LASF33:
 1548 00ab 73697A65 		.ascii	"size\000"
 1548      00
 1549              	.LASF17:
 1550 00b0 72656738 		.ascii	"reg8\000"
 1550      00
 1551              	.LASF6:
 1552 00b5 6C6F6E67 		.ascii	"long unsigned int\000"
 1552      20756E73 
 1552      69676E65 
 1552      6420696E 
 1552      7400
 1553              	.LASF12:
 1554 00c7 75696E74 		.ascii	"uint8\000"
 1554      3800
 1555              	.LASF28:
 1556 00cd 43594D45 		.ascii	"CYMEMZERO\000"
 1556      4D5A4552 
 1556      4F00
 1557              	.LASF2:
 1558 00d7 756E7369 		.ascii	"unsigned char\000"
 1558      676E6564 
 1558      20636861 
 1558      7200
 1559              	.LASF36:
 1560 00e5 6D656D73 		.ascii	"memset\000"
 1560      657400
 1561              	.LASF16:
 1562 00ec 646F7562 		.ascii	"double\000"
 1562      6C6500
 1563              	.LASF27:
 1564 00f3 6366675F 		.ascii	"cfg_write_bytes32\000"
ARM GAS  C:\Users\cdc75\AppData\Local\Temp\cci9v61v.s 			page 36


 1564      77726974 
 1564      655F6279 
 1564      74657333 
 1564      3200
 1565              	.LASF43:
 1566 0105 4379496E 		.ascii	"CyIntEnable\000"
 1566      74456E61 
 1566      626C6500 
 1567              	.LASF23:
 1568 0111 61646472 		.ascii	"addr_table\000"
 1568      5F746162 
 1568      6C6500
 1569              	.LASF13:
 1570 011c 75696E74 		.ascii	"uint16\000"
 1570      313600
 1571              	.LASF24:
 1572 0123 64617461 		.ascii	"data_table\000"
 1572      5F746162 
 1572      6C6500
 1573              	.LASF14:
 1574 012e 75696E74 		.ascii	"uint32\000"
 1574      333200
 1575              	.LASF0:
 1576 0135 756E7369 		.ascii	"unsigned int\000"
 1576      676E6564 
 1576      20696E74 
 1576      00
 1577              	.LASF41:
 1578 0142 63796669 		.ascii	"cyfitter_cfg\000"
 1578      74746572 
 1578      5F636667 
 1578      00
 1579              	.LASF32:
 1580 014f 61646472 		.ascii	"address\000"
 1580      65737300 
 1581              	.LASF8:
 1582 0157 6C6F6E67 		.ascii	"long long unsigned int\000"
 1582      206C6F6E 
 1582      6720756E 
 1582      7369676E 
 1582      65642069 
 1583              	.LASF19:
 1584 016e 63796973 		.ascii	"cyisraddress\000"
 1584      72616464 
 1584      72657373 
 1584      00
 1585              	.LASF34:
 1586 017b 6366675F 		.ascii	"cfg_memset_t\000"
 1586      6D656D73 
 1586      65745F74 
 1586      00
 1587              	.LASF25:
 1588 0188 62617365 		.ascii	"baseAddr\000"
 1588      41646472 
 1588      00
 1589              	.LASF9:
 1590 0191 73697A65 		.ascii	"sizetype\000"
ARM GAS  C:\Users\cdc75\AppData\Local\Temp\cci9v61v.s 			page 37


 1590      74797065 
 1590      00
 1591              	.LASF39:
 1592 019a 2E5C4765 		.ascii	".\\Generated_Source\\PSoC4\\cyfitter_cfg.c\000"
 1592      6E657261 
 1592      7465645F 
 1592      536F7572 
 1592      63655C50 
 1593              	.LASF7:
 1594 01c2 6C6F6E67 		.ascii	"long long int\000"
 1594      206C6F6E 
 1594      6720696E 
 1594      7400
 1595              	.LASF10:
 1596 01d0 63686172 		.ascii	"char\000"
 1596      00
 1597              	.LASF38:
 1598 01d5 474E5520 		.ascii	"GNU C 4.9.3 20150303 (release) [ARM/embedded-4_9-br"
 1598      4320342E 
 1598      392E3320 
 1598      32303135 
 1598      30333033 
 1599 0208 616E6368 		.ascii	"anch revision 221220] -mcpu=cortex-m0 -mthumb -g -O"
 1599      20726576 
 1599      6973696F 
 1599      6E203232 
 1599      31323230 
 1600 023b 67202D66 		.ascii	"g -ffunction-sections -ffat-lto-objects\000"
 1600      66756E63 
 1600      74696F6E 
 1600      2D736563 
 1600      74696F6E 
 1601              	.LASF20:
 1602 0263 6F666673 		.ascii	"offset\000"
 1602      657400
 1603              	.LASF3:
 1604 026a 73686F72 		.ascii	"short int\000"
 1604      7420696E 
 1604      7400
 1605              	.LASF37:
 1606 0274 43795379 		.ascii	"CySysClkWriteImoFreq\000"
 1606      73436C6B 
 1606      57726974 
 1606      65496D6F 
 1606      46726571 
 1607              	.LASF5:
 1608 0289 6C6F6E67 		.ascii	"long int\000"
 1608      20696E74 
 1608      00
 1609              	.LASF1:
 1610 0292 7369676E 		.ascii	"signed char\000"
 1610      65642063 
 1610      68617200 
 1611              	.LASF4:
 1612 029e 73686F72 		.ascii	"short unsigned int\000"
 1612      7420756E 
 1612      7369676E 
ARM GAS  C:\Users\cdc75\AppData\Local\Temp\cci9v61v.s 			page 38


 1612      65642069 
 1612      6E7400
 1613              		.ident	"GCC: (GNU Tools for ARM Embedded Processors) 4.9.3 20150303 (release) [ARM/embedded-4_9-br
