ARM GAS  C:\Users\Chris\AppData\Local\Temp\ccrvVyzh.s 			page 1


   1              		.cpu cortex-m0
   2              		.fpu softvfp
   3              		.eabi_attribute 20, 1
   4              		.eabi_attribute 21, 1
   5              		.eabi_attribute 23, 3
   6              		.eabi_attribute 24, 1
   7              		.eabi_attribute 25, 1
   8              		.eabi_attribute 26, 1
   9              		.eabi_attribute 30, 1
  10              		.eabi_attribute 34, 0
  11              		.eabi_attribute 18, 4
  12              		.code	16
  13              		.file	"cyfitter_cfg.c"
  14              		.text
  15              	.Ltext0:
  16              		.cfi_sections	.debug_frame
  17              		.section	.text.CYMEMZERO,"ax",%progbits
  18              		.align	2
  19              		.code	16
  20              		.thumb_func
  21              		.type	CYMEMZERO, %function
  22              	CYMEMZERO:
  23              	.LFB0:
  24              		.file 1 ".\\Generated_Source\\PSoC4\\cyfitter_cfg.c"
   1:.\Generated_Source\PSoC4/cyfitter_cfg.c **** /*******************************************************************************
   2:.\Generated_Source\PSoC4/cyfitter_cfg.c **** * File Name: cyfitter_cfg.c
   3:.\Generated_Source\PSoC4/cyfitter_cfg.c **** * 
   4:.\Generated_Source\PSoC4/cyfitter_cfg.c **** * PSoC Creator  3.3 CP3
   5:.\Generated_Source\PSoC4/cyfitter_cfg.c **** *
   6:.\Generated_Source\PSoC4/cyfitter_cfg.c **** * Description:
   7:.\Generated_Source\PSoC4/cyfitter_cfg.c **** * This file contains device initialization code.
   8:.\Generated_Source\PSoC4/cyfitter_cfg.c **** * Except for the user defined sections in CyClockStartupError(), this file should not be modified.
   9:.\Generated_Source\PSoC4/cyfitter_cfg.c **** * This file is automatically generated by PSoC Creator.
  10:.\Generated_Source\PSoC4/cyfitter_cfg.c **** *
  11:.\Generated_Source\PSoC4/cyfitter_cfg.c **** ********************************************************************************
  12:.\Generated_Source\PSoC4/cyfitter_cfg.c **** * Copyright (c) 2007-2016 Cypress Semiconductor.  All rights reserved.
  13:.\Generated_Source\PSoC4/cyfitter_cfg.c **** * You may use this file only in accordance with the license, terms, conditions, 
  14:.\Generated_Source\PSoC4/cyfitter_cfg.c **** * disclaimers, and limitations in the end user license agreement accompanying 
  15:.\Generated_Source\PSoC4/cyfitter_cfg.c **** * the software package with which this file was provided.
  16:.\Generated_Source\PSoC4/cyfitter_cfg.c **** ********************************************************************************/
  17:.\Generated_Source\PSoC4/cyfitter_cfg.c **** 
  18:.\Generated_Source\PSoC4/cyfitter_cfg.c **** #include <string.h>
  19:.\Generated_Source\PSoC4/cyfitter_cfg.c **** #include "cytypes.h"
  20:.\Generated_Source\PSoC4/cyfitter_cfg.c **** #include "cydevice_trm.h"
  21:.\Generated_Source\PSoC4/cyfitter_cfg.c **** #include "cyfitter.h"
  22:.\Generated_Source\PSoC4/cyfitter_cfg.c **** #include "CyLib.h"
  23:.\Generated_Source\PSoC4/cyfitter_cfg.c **** #include "CyLFClk.h"
  24:.\Generated_Source\PSoC4/cyfitter_cfg.c **** #include "cyfitter_cfg.h"
  25:.\Generated_Source\PSoC4/cyfitter_cfg.c **** 
  26:.\Generated_Source\PSoC4/cyfitter_cfg.c **** 
  27:.\Generated_Source\PSoC4/cyfitter_cfg.c **** #if defined(__GNUC__) || defined(__ARMCC_VERSION)
  28:.\Generated_Source\PSoC4/cyfitter_cfg.c ****     #define CYPACKED 
  29:.\Generated_Source\PSoC4/cyfitter_cfg.c ****     #define CYPACKED_ATTR __attribute__ ((packed))
  30:.\Generated_Source\PSoC4/cyfitter_cfg.c ****     #define CYALIGNED __attribute__ ((aligned))
  31:.\Generated_Source\PSoC4/cyfitter_cfg.c ****     #define CY_CFG_UNUSED __attribute__ ((unused))
  32:.\Generated_Source\PSoC4/cyfitter_cfg.c ****     #ifndef CY_CFG_SECTION
  33:.\Generated_Source\PSoC4/cyfitter_cfg.c ****         #define CY_CFG_SECTION __attribute__ ((section(".psocinit")))
ARM GAS  C:\Users\Chris\AppData\Local\Temp\ccrvVyzh.s 			page 2


  34:.\Generated_Source\PSoC4/cyfitter_cfg.c ****     #endif
  35:.\Generated_Source\PSoC4/cyfitter_cfg.c ****     
  36:.\Generated_Source\PSoC4/cyfitter_cfg.c ****     #if defined(__ARMCC_VERSION)
  37:.\Generated_Source\PSoC4/cyfitter_cfg.c ****         #define CY_CFG_MEMORY_BARRIER() __memory_changed()
  38:.\Generated_Source\PSoC4/cyfitter_cfg.c ****     #else
  39:.\Generated_Source\PSoC4/cyfitter_cfg.c ****         #define CY_CFG_MEMORY_BARRIER() __sync_synchronize()
  40:.\Generated_Source\PSoC4/cyfitter_cfg.c ****     #endif
  41:.\Generated_Source\PSoC4/cyfitter_cfg.c ****     
  42:.\Generated_Source\PSoC4/cyfitter_cfg.c **** #elif defined(__ICCARM__)
  43:.\Generated_Source\PSoC4/cyfitter_cfg.c ****     #include <intrinsics.h>
  44:.\Generated_Source\PSoC4/cyfitter_cfg.c **** 
  45:.\Generated_Source\PSoC4/cyfitter_cfg.c ****     #define CYPACKED __packed
  46:.\Generated_Source\PSoC4/cyfitter_cfg.c ****     #define CYPACKED_ATTR 
  47:.\Generated_Source\PSoC4/cyfitter_cfg.c ****     #define CYALIGNED _Pragma("data_alignment=4")
  48:.\Generated_Source\PSoC4/cyfitter_cfg.c ****     #define CY_CFG_UNUSED _Pragma("diag_suppress=Pe177")
  49:.\Generated_Source\PSoC4/cyfitter_cfg.c ****     #define CY_CFG_SECTION _Pragma("location=\".psocinit\"")
  50:.\Generated_Source\PSoC4/cyfitter_cfg.c ****     
  51:.\Generated_Source\PSoC4/cyfitter_cfg.c ****     #define CY_CFG_MEMORY_BARRIER() __DMB()
  52:.\Generated_Source\PSoC4/cyfitter_cfg.c ****     
  53:.\Generated_Source\PSoC4/cyfitter_cfg.c **** #else
  54:.\Generated_Source\PSoC4/cyfitter_cfg.c ****     #error Unsupported toolchain
  55:.\Generated_Source\PSoC4/cyfitter_cfg.c **** #endif
  56:.\Generated_Source\PSoC4/cyfitter_cfg.c **** 
  57:.\Generated_Source\PSoC4/cyfitter_cfg.c **** 
  58:.\Generated_Source\PSoC4/cyfitter_cfg.c **** CY_CFG_UNUSED
  59:.\Generated_Source\PSoC4/cyfitter_cfg.c **** static void CYMEMZERO(void *s, size_t n);
  60:.\Generated_Source\PSoC4/cyfitter_cfg.c **** CY_CFG_UNUSED
  61:.\Generated_Source\PSoC4/cyfitter_cfg.c **** static void CYMEMZERO(void *s, size_t n)
  62:.\Generated_Source\PSoC4/cyfitter_cfg.c **** {
  25              		.loc 1 62 0
  26              		.cfi_startproc
  27              	.LVL0:
  28 0000 08B5     		push	{r3, lr}
  29              		.cfi_def_cfa_offset 8
  30              		.cfi_offset 3, -8
  31              		.cfi_offset 14, -4
  32 0002 0A1C     		mov	r2, r1
  63:.\Generated_Source\PSoC4/cyfitter_cfg.c **** 	(void)memset(s, 0, n);
  33              		.loc 1 63 0
  34 0004 0021     		mov	r1, #0
  35              	.LVL1:
  36 0006 FFF7FEFF 		bl	memset
  37              	.LVL2:
  64:.\Generated_Source\PSoC4/cyfitter_cfg.c **** }
  38              		.loc 1 64 0
  39              		@ sp needed
  40 000a 08BD     		pop	{r3, pc}
  41              		.cfi_endproc
  42              	.LFE0:
  43              		.size	CYMEMZERO, .-CYMEMZERO
  44              		.section	.psocinit,"ax",%progbits
  45              		.align	2
  46              		.code	16
  47              		.thumb_func
  48              		.type	ClockSetup, %function
  49              	ClockSetup:
  50              	.LFB3:
ARM GAS  C:\Users\Chris\AppData\Local\Temp\ccrvVyzh.s 			page 3


  65:.\Generated_Source\PSoC4/cyfitter_cfg.c **** CY_CFG_UNUSED
  66:.\Generated_Source\PSoC4/cyfitter_cfg.c **** static void CYCONFIGCPY(void *dest, const void *src, size_t n);
  67:.\Generated_Source\PSoC4/cyfitter_cfg.c **** CY_CFG_UNUSED
  68:.\Generated_Source\PSoC4/cyfitter_cfg.c **** static void CYCONFIGCPY(void *dest, const void *src, size_t n)
  69:.\Generated_Source\PSoC4/cyfitter_cfg.c **** {
  70:.\Generated_Source\PSoC4/cyfitter_cfg.c **** 	(void)memcpy(dest, src, n);
  71:.\Generated_Source\PSoC4/cyfitter_cfg.c **** }
  72:.\Generated_Source\PSoC4/cyfitter_cfg.c **** CY_CFG_UNUSED
  73:.\Generated_Source\PSoC4/cyfitter_cfg.c **** static void CYCONFIGCPYCODE(void *dest, const void *src, size_t n);
  74:.\Generated_Source\PSoC4/cyfitter_cfg.c **** CY_CFG_UNUSED
  75:.\Generated_Source\PSoC4/cyfitter_cfg.c **** static void CYCONFIGCPYCODE(void *dest, const void *src, size_t n)
  76:.\Generated_Source\PSoC4/cyfitter_cfg.c **** {
  77:.\Generated_Source\PSoC4/cyfitter_cfg.c **** 	(void)memcpy(dest, src, n);
  78:.\Generated_Source\PSoC4/cyfitter_cfg.c **** }
  79:.\Generated_Source\PSoC4/cyfitter_cfg.c **** 
  80:.\Generated_Source\PSoC4/cyfitter_cfg.c **** 
  81:.\Generated_Source\PSoC4/cyfitter_cfg.c **** 
  82:.\Generated_Source\PSoC4/cyfitter_cfg.c **** /* Clock startup error codes                                                   */
  83:.\Generated_Source\PSoC4/cyfitter_cfg.c **** #define CYCLOCKSTART_NO_ERROR    0u
  84:.\Generated_Source\PSoC4/cyfitter_cfg.c **** #define CYCLOCKSTART_XTAL_ERROR  1u
  85:.\Generated_Source\PSoC4/cyfitter_cfg.c **** #define CYCLOCKSTART_32KHZ_ERROR 2u
  86:.\Generated_Source\PSoC4/cyfitter_cfg.c **** #define CYCLOCKSTART_PLL_ERROR   3u
  87:.\Generated_Source\PSoC4/cyfitter_cfg.c **** 
  88:.\Generated_Source\PSoC4/cyfitter_cfg.c **** #ifdef CY_NEED_CYCLOCKSTARTUPERROR
  89:.\Generated_Source\PSoC4/cyfitter_cfg.c **** /*******************************************************************************
  90:.\Generated_Source\PSoC4/cyfitter_cfg.c **** * Function Name: CyClockStartupError
  91:.\Generated_Source\PSoC4/cyfitter_cfg.c **** ********************************************************************************
  92:.\Generated_Source\PSoC4/cyfitter_cfg.c **** * Summary:
  93:.\Generated_Source\PSoC4/cyfitter_cfg.c **** *  If an error is encountered during clock configuration (crystal startup error,
  94:.\Generated_Source\PSoC4/cyfitter_cfg.c **** *  PLL lock error, etc.), the system will end up here.  Unless reimplemented by
  95:.\Generated_Source\PSoC4/cyfitter_cfg.c **** *  the customer, this function will stop in an infinite loop.
  96:.\Generated_Source\PSoC4/cyfitter_cfg.c **** *
  97:.\Generated_Source\PSoC4/cyfitter_cfg.c **** * Parameters:
  98:.\Generated_Source\PSoC4/cyfitter_cfg.c **** *   void
  99:.\Generated_Source\PSoC4/cyfitter_cfg.c **** *
 100:.\Generated_Source\PSoC4/cyfitter_cfg.c **** * Return:
 101:.\Generated_Source\PSoC4/cyfitter_cfg.c **** *   void
 102:.\Generated_Source\PSoC4/cyfitter_cfg.c **** *
 103:.\Generated_Source\PSoC4/cyfitter_cfg.c **** *******************************************************************************/
 104:.\Generated_Source\PSoC4/cyfitter_cfg.c **** CY_CFG_UNUSED
 105:.\Generated_Source\PSoC4/cyfitter_cfg.c **** static void CyClockStartupError(uint8 errorCode);
 106:.\Generated_Source\PSoC4/cyfitter_cfg.c **** CY_CFG_UNUSED
 107:.\Generated_Source\PSoC4/cyfitter_cfg.c **** static void CyClockStartupError(uint8 errorCode)
 108:.\Generated_Source\PSoC4/cyfitter_cfg.c **** {
 109:.\Generated_Source\PSoC4/cyfitter_cfg.c ****     /* To remove the compiler warning if errorCode not used.                */
 110:.\Generated_Source\PSoC4/cyfitter_cfg.c ****     errorCode = errorCode;
 111:.\Generated_Source\PSoC4/cyfitter_cfg.c **** 
 112:.\Generated_Source\PSoC4/cyfitter_cfg.c ****     /* `#START CyClockStartupError` */
 113:.\Generated_Source\PSoC4/cyfitter_cfg.c **** 
 114:.\Generated_Source\PSoC4/cyfitter_cfg.c ****     /* If we have a clock startup error (bad MHz crystal, PLL lock, etc.),  */
 115:.\Generated_Source\PSoC4/cyfitter_cfg.c ****     /* we will end up here to allow the customer to implement something to  */
 116:.\Generated_Source\PSoC4/cyfitter_cfg.c ****     /* deal with the clock condition.                                       */
 117:.\Generated_Source\PSoC4/cyfitter_cfg.c **** 
 118:.\Generated_Source\PSoC4/cyfitter_cfg.c ****     /* `#END` */
 119:.\Generated_Source\PSoC4/cyfitter_cfg.c **** 
 120:.\Generated_Source\PSoC4/cyfitter_cfg.c ****     /* If nothing else, stop here since the clocks have not started         */
 121:.\Generated_Source\PSoC4/cyfitter_cfg.c ****     /* correctly.                                                           */
ARM GAS  C:\Users\Chris\AppData\Local\Temp\ccrvVyzh.s 			page 4


 122:.\Generated_Source\PSoC4/cyfitter_cfg.c ****     while(1) {}
 123:.\Generated_Source\PSoC4/cyfitter_cfg.c **** }
 124:.\Generated_Source\PSoC4/cyfitter_cfg.c **** #endif
 125:.\Generated_Source\PSoC4/cyfitter_cfg.c **** 
 126:.\Generated_Source\PSoC4/cyfitter_cfg.c **** 
 127:.\Generated_Source\PSoC4/cyfitter_cfg.c **** 
 128:.\Generated_Source\PSoC4/cyfitter_cfg.c **** /*******************************************************************************
 129:.\Generated_Source\PSoC4/cyfitter_cfg.c **** * Function Name: ClockSetup
 130:.\Generated_Source\PSoC4/cyfitter_cfg.c **** ********************************************************************************
 131:.\Generated_Source\PSoC4/cyfitter_cfg.c **** *
 132:.\Generated_Source\PSoC4/cyfitter_cfg.c **** * Summary:
 133:.\Generated_Source\PSoC4/cyfitter_cfg.c **** *   Performs the initialization of all of the clocks in the device based on the
 134:.\Generated_Source\PSoC4/cyfitter_cfg.c **** *   settings in the Clock tab of the DWR.  This includes enabling the requested
 135:.\Generated_Source\PSoC4/cyfitter_cfg.c **** *   clocks and setting the necessary dividers to produce the desired frequency. 
 136:.\Generated_Source\PSoC4/cyfitter_cfg.c **** *
 137:.\Generated_Source\PSoC4/cyfitter_cfg.c **** * Parameters:
 138:.\Generated_Source\PSoC4/cyfitter_cfg.c **** *   void
 139:.\Generated_Source\PSoC4/cyfitter_cfg.c **** *
 140:.\Generated_Source\PSoC4/cyfitter_cfg.c **** * Return:
 141:.\Generated_Source\PSoC4/cyfitter_cfg.c **** *   void
 142:.\Generated_Source\PSoC4/cyfitter_cfg.c **** *
 143:.\Generated_Source\PSoC4/cyfitter_cfg.c **** *******************************************************************************/
 144:.\Generated_Source\PSoC4/cyfitter_cfg.c **** static void ClockSetup(void);
 145:.\Generated_Source\PSoC4/cyfitter_cfg.c **** CY_CFG_SECTION
 146:.\Generated_Source\PSoC4/cyfitter_cfg.c **** static void ClockSetup(void)
 147:.\Generated_Source\PSoC4/cyfitter_cfg.c **** {
  51              		.loc 1 147 0
  52              		.cfi_startproc
  53 0000 38B5     		push	{r3, r4, r5, lr}
  54              		.cfi_def_cfa_offset 16
  55              		.cfi_offset 3, -16
  56              		.cfi_offset 4, -12
  57              		.cfi_offset 5, -8
  58              		.cfi_offset 14, -4
 148:.\Generated_Source\PSoC4/cyfitter_cfg.c **** 	/* Enable HALF_EN before trimming for the flash accelerator. */
 149:.\Generated_Source\PSoC4/cyfitter_cfg.c **** 	CY_SET_REG32((void CYXDATA *)(CYREG_CLK_SELECT), (CY_GET_REG32((void *)CYREG_CLK_SELECT) | 0x00040
  59              		.loc 1 149 0
  60 0002 0F4C     		ldr	r4, .L3
  61 0004 2368     		ldr	r3, [r4]
  62 0006 8022     		mov	r2, #128
  63 0008 D202     		lsl	r2, r2, #11
  64 000a 1343     		orr	r3, r2
  65 000c 2360     		str	r3, [r4]
 150:.\Generated_Source\PSoC4/cyfitter_cfg.c **** 
 151:.\Generated_Source\PSoC4/cyfitter_cfg.c **** 	/* Setup and trim IMO based on desired frequency. */
 152:.\Generated_Source\PSoC4/cyfitter_cfg.c **** 	CySysClkWriteImoFreq(24u);
  66              		.loc 1 152 0
  67 000e 1820     		mov	r0, #24
  68 0010 FFF7FEFF 		bl	CySysClkWriteImoFreq
  69              	.LVL3:
 153:.\Generated_Source\PSoC4/cyfitter_cfg.c **** 
 154:.\Generated_Source\PSoC4/cyfitter_cfg.c **** 	/* Disable HALF_EN since it is not required at this IMO frequency. */
 155:.\Generated_Source\PSoC4/cyfitter_cfg.c **** 	CY_SET_REG32((void CYXDATA *)(CYREG_CLK_SELECT), (CY_GET_REG32((void *)CYREG_CLK_SELECT) & 0xFFFBF
  70              		.loc 1 155 0
  71 0014 2268     		ldr	r2, [r4]
  72 0016 0B4B     		ldr	r3, .L3+4
  73 0018 1340     		and	r3, r2
ARM GAS  C:\Users\Chris\AppData\Local\Temp\ccrvVyzh.s 			page 5


  74 001a 2360     		str	r3, [r4]
 156:.\Generated_Source\PSoC4/cyfitter_cfg.c **** 	/* CYDEV_CLK_ILO_CONFIG Starting address: CYDEV_CLK_ILO_CONFIG */
 157:.\Generated_Source\PSoC4/cyfitter_cfg.c **** 	CY_SET_XTND_REG32((void CYFAR *)(CYREG_CLK_ILO_CONFIG), 0x80000006u);
  75              		.loc 1 157 0
  76 001c 0A4A     		ldr	r2, .L3+8
  77 001e 0B4B     		ldr	r3, .L3+12
  78 0020 1A60     		str	r2, [r3]
 158:.\Generated_Source\PSoC4/cyfitter_cfg.c **** 
 159:.\Generated_Source\PSoC4/cyfitter_cfg.c **** 
 160:.\Generated_Source\PSoC4/cyfitter_cfg.c **** 	/* CYDEV_CLK_IMO_CONFIG Starting address: CYDEV_CLK_IMO_CONFIG */
 161:.\Generated_Source\PSoC4/cyfitter_cfg.c **** 	CY_SET_XTND_REG32((void CYFAR *)(CYREG_CLK_IMO_CONFIG), 0x80000000u);
  79              		.loc 1 161 0
  80 0022 063A     		sub	r2, r2, #6
  81 0024 0A4B     		ldr	r3, .L3+16
  82 0026 1A60     		str	r2, [r3]
 162:.\Generated_Source\PSoC4/cyfitter_cfg.c **** 
 163:.\Generated_Source\PSoC4/cyfitter_cfg.c **** 	/* CYDEV_CLK_SELECT Starting address: CYDEV_CLK_SELECT */
 164:.\Generated_Source\PSoC4/cyfitter_cfg.c **** 	CY_SET_XTND_REG32((void CYFAR *)(CYREG_CLK_SELECT), 0x00000000u);
  83              		.loc 1 164 0
  84 0028 0025     		mov	r5, #0
  85 002a 2560     		str	r5, [r4]
 165:.\Generated_Source\PSoC4/cyfitter_cfg.c **** 
 166:.\Generated_Source\PSoC4/cyfitter_cfg.c **** 	(void)CyIntSetVector(9u, &CySysWdtIsr);
  86              		.loc 1 166 0
  87 002c 0920     		mov	r0, #9
  88 002e 0949     		ldr	r1, .L3+20
  89 0030 FFF7FEFF 		bl	CyIntSetVector
  90              	.LVL4:
 167:.\Generated_Source\PSoC4/cyfitter_cfg.c **** 	CyIntEnable(9u);
  91              		.loc 1 167 0
  92 0034 0920     		mov	r0, #9
  93 0036 FFF7FEFF 		bl	CyIntEnable
  94              	.LVL5:
 168:.\Generated_Source\PSoC4/cyfitter_cfg.c **** 	CY_SET_XTND_REG32((void CYFAR *)(CYREG_WDT_CONFIG), 0x00000000u);
  95              		.loc 1 168 0
  96 003a 074B     		ldr	r3, .L3+24
  97 003c 1D60     		str	r5, [r3]
 169:.\Generated_Source\PSoC4/cyfitter_cfg.c **** }
  98              		.loc 1 169 0
  99              		@ sp needed
 100 003e 38BD     		pop	{r3, r4, r5, pc}
 101              	.L4:
 102              		.align	2
 103              	.L3:
 104 0040 00010B40 		.word	1074462976
 105 0044 FFFFFBFF 		.word	-262145
 106 0048 06000080 		.word	-2147483642
 107 004c 04010B40 		.word	1074462980
 108 0050 08010B40 		.word	1074462984
 109 0054 00000000 		.word	CySysWdtIsr
 110 0058 0C020B40 		.word	1074463244
 111              		.cfi_endproc
 112              	.LFE3:
 113              		.size	ClockSetup, .-ClockSetup
 114              		.align	2
 115              		.global	cyfitter_cfg
 116              		.code	16
ARM GAS  C:\Users\Chris\AppData\Local\Temp\ccrvVyzh.s 			page 6


 117              		.thumb_func
 118              		.type	cyfitter_cfg, %function
 119              	cyfitter_cfg:
 120              	.LFB5:
 170:.\Generated_Source\PSoC4/cyfitter_cfg.c **** 
 171:.\Generated_Source\PSoC4/cyfitter_cfg.c **** 
 172:.\Generated_Source\PSoC4/cyfitter_cfg.c **** /* Analog API Functions */
 173:.\Generated_Source\PSoC4/cyfitter_cfg.c **** 
 174:.\Generated_Source\PSoC4/cyfitter_cfg.c **** 
 175:.\Generated_Source\PSoC4/cyfitter_cfg.c **** /*******************************************************************************
 176:.\Generated_Source\PSoC4/cyfitter_cfg.c **** * Function Name: AnalogSetDefault
 177:.\Generated_Source\PSoC4/cyfitter_cfg.c **** ********************************************************************************
 178:.\Generated_Source\PSoC4/cyfitter_cfg.c **** *
 179:.\Generated_Source\PSoC4/cyfitter_cfg.c **** * Summary:
 180:.\Generated_Source\PSoC4/cyfitter_cfg.c **** *  Sets up the analog portions of the chip to default values based on chip
 181:.\Generated_Source\PSoC4/cyfitter_cfg.c **** *  configuration options from the project.
 182:.\Generated_Source\PSoC4/cyfitter_cfg.c **** *
 183:.\Generated_Source\PSoC4/cyfitter_cfg.c **** * Parameters:
 184:.\Generated_Source\PSoC4/cyfitter_cfg.c **** *  void
 185:.\Generated_Source\PSoC4/cyfitter_cfg.c **** *
 186:.\Generated_Source\PSoC4/cyfitter_cfg.c **** * Return:
 187:.\Generated_Source\PSoC4/cyfitter_cfg.c **** *  void
 188:.\Generated_Source\PSoC4/cyfitter_cfg.c **** *
 189:.\Generated_Source\PSoC4/cyfitter_cfg.c **** *******************************************************************************/
 190:.\Generated_Source\PSoC4/cyfitter_cfg.c **** static void AnalogSetDefault(void);
 191:.\Generated_Source\PSoC4/cyfitter_cfg.c **** static void AnalogSetDefault(void)
 192:.\Generated_Source\PSoC4/cyfitter_cfg.c **** {
 193:.\Generated_Source\PSoC4/cyfitter_cfg.c **** }
 194:.\Generated_Source\PSoC4/cyfitter_cfg.c **** 
 195:.\Generated_Source\PSoC4/cyfitter_cfg.c **** #define CY_AMUX_UNUSED CYREG_CM0_ROM_DWT
 196:.\Generated_Source\PSoC4/cyfitter_cfg.c **** 
 197:.\Generated_Source\PSoC4/cyfitter_cfg.c **** 
 198:.\Generated_Source\PSoC4/cyfitter_cfg.c **** /*******************************************************************************
 199:.\Generated_Source\PSoC4/cyfitter_cfg.c **** * Function Name: cyfitter_cfg
 200:.\Generated_Source\PSoC4/cyfitter_cfg.c **** ********************************************************************************
 201:.\Generated_Source\PSoC4/cyfitter_cfg.c **** * Summary:
 202:.\Generated_Source\PSoC4/cyfitter_cfg.c **** *  This function is called by the start-up code for the selected device. It
 203:.\Generated_Source\PSoC4/cyfitter_cfg.c **** *  performs all of the necessary device configuration based on the design
 204:.\Generated_Source\PSoC4/cyfitter_cfg.c **** *  settings.  This includes settings from the Design Wide Resources (DWR) such
 205:.\Generated_Source\PSoC4/cyfitter_cfg.c **** *  as Clocks and Pins as well as any component configuration that is necessary.
 206:.\Generated_Source\PSoC4/cyfitter_cfg.c **** *
 207:.\Generated_Source\PSoC4/cyfitter_cfg.c **** * Parameters:  
 208:.\Generated_Source\PSoC4/cyfitter_cfg.c **** *   void
 209:.\Generated_Source\PSoC4/cyfitter_cfg.c **** *
 210:.\Generated_Source\PSoC4/cyfitter_cfg.c **** * Return:
 211:.\Generated_Source\PSoC4/cyfitter_cfg.c **** *   void
 212:.\Generated_Source\PSoC4/cyfitter_cfg.c **** *
 213:.\Generated_Source\PSoC4/cyfitter_cfg.c **** *******************************************************************************/
 214:.\Generated_Source\PSoC4/cyfitter_cfg.c **** CY_CFG_SECTION
 215:.\Generated_Source\PSoC4/cyfitter_cfg.c **** void cyfitter_cfg(void)
 216:.\Generated_Source\PSoC4/cyfitter_cfg.c **** {
 121              		.loc 1 216 0
 122              		.cfi_startproc
 123 005c 10B5     		push	{r4, lr}
 124              		.cfi_def_cfa_offset 8
 125              		.cfi_offset 4, -8
 126              		.cfi_offset 14, -4
ARM GAS  C:\Users\Chris\AppData\Local\Temp\ccrvVyzh.s 			page 7


 217:.\Generated_Source\PSoC4/cyfitter_cfg.c **** 	/* Disable interrupts by default. Let user enable if/when they want. */
 218:.\Generated_Source\PSoC4/cyfitter_cfg.c **** 	CyGlobalIntDisable;
 127              		.loc 1 218 0
 128              	@ 218 ".\Generated_Source\PSoC4\cyfitter_cfg.c" 1
 129 005e 72B6     		CPSID   i
 130              	@ 0 "" 2
 131              	.LVL6:
 132              		.code	16
 133              	.LBB2:
 219:.\Generated_Source\PSoC4/cyfitter_cfg.c **** 
 220:.\Generated_Source\PSoC4/cyfitter_cfg.c **** 	{
 221:.\Generated_Source\PSoC4/cyfitter_cfg.c **** 
 222:.\Generated_Source\PSoC4/cyfitter_cfg.c **** 		CYPACKED typedef struct {
 223:.\Generated_Source\PSoC4/cyfitter_cfg.c **** 			void CYFAR *address;
 224:.\Generated_Source\PSoC4/cyfitter_cfg.c **** 			uint16 size;
 225:.\Generated_Source\PSoC4/cyfitter_cfg.c **** 		} CYPACKED_ATTR cfg_memset_t;
 226:.\Generated_Source\PSoC4/cyfitter_cfg.c **** 
 227:.\Generated_Source\PSoC4/cyfitter_cfg.c **** 		static const cfg_memset_t CYCODE cfg_memset_list [] = {
 228:.\Generated_Source\PSoC4/cyfitter_cfg.c **** 			/* address, size */
 229:.\Generated_Source\PSoC4/cyfitter_cfg.c **** 			{(void CYFAR *)(CYDEV_UDB_P0_U0_BASE), 1024u},
 230:.\Generated_Source\PSoC4/cyfitter_cfg.c **** 			{(void CYFAR *)(CYDEV_UDB_DSI0_BASE), 1024u},
 231:.\Generated_Source\PSoC4/cyfitter_cfg.c **** 		};
 232:.\Generated_Source\PSoC4/cyfitter_cfg.c **** 
 233:.\Generated_Source\PSoC4/cyfitter_cfg.c **** 		uint8 CYDATA i;
 234:.\Generated_Source\PSoC4/cyfitter_cfg.c **** 
 235:.\Generated_Source\PSoC4/cyfitter_cfg.c **** 		/* Zero out critical memory blocks before beginning configuration */
 236:.\Generated_Source\PSoC4/cyfitter_cfg.c **** 		for (i = 0u; i < (sizeof(cfg_memset_list)/sizeof(cfg_memset_list[0])); i++)
 134              		.loc 1 236 0
 135 0060 0024     		mov	r4, #0
 136 0062 10E0     		b	.L6
 137              	.LVL7:
 138              	.L7:
 139              	.LBB3:
 237:.\Generated_Source\PSoC4/cyfitter_cfg.c **** 		{
 238:.\Generated_Source\PSoC4/cyfitter_cfg.c **** 			const cfg_memset_t CYCODE * CYDATA ms = &cfg_memset_list[i];
 239:.\Generated_Source\PSoC4/cyfitter_cfg.c **** 			CYMEMZERO(ms->address, (size_t)(uint32)(ms->size));
 140              		.loc 1 239 0 discriminator 3
 141 0064 2148     		ldr	r0, .L8
 142 0066 6300     		lsl	r3, r4, #1
 143 0068 1A19     		add	r2, r3, r4
 144 006a 5200     		lsl	r2, r2, #1
 145 006c 8218     		add	r2, r0, r2
 146 006e 9188     		ldrh	r1, [r2, #4]
 147 0070 1B19     		add	r3, r3, r4
 148 0072 5B00     		lsl	r3, r3, #1
 149 0074 1A5A     		ldrh	r2, [r3, r0]
 150 0076 C318     		add	r3, r0, r3
 151 0078 5888     		ldrh	r0, [r3, #2]
 152 007a 0004     		lsl	r0, r0, #16
 153 007c 1043     		orr	r0, r2
 154 007e FFF7FEFF 		bl	CYMEMZERO
 155              	.LVL8:
 156              	.LBE3:
 236:.\Generated_Source\PSoC4/cyfitter_cfg.c **** 		{
 157              		.loc 1 236 0 discriminator 3
 158 0082 0134     		add	r4, r4, #1
 159              	.LVL9:
ARM GAS  C:\Users\Chris\AppData\Local\Temp\ccrvVyzh.s 			page 8


 160 0084 E4B2     		uxtb	r4, r4
 161              	.LVL10:
 162              	.L6:
 236:.\Generated_Source\PSoC4/cyfitter_cfg.c **** 		{
 163              		.loc 1 236 0 is_stmt 0 discriminator 1
 164 0086 012C     		cmp	r4, #1
 165 0088 ECD9     		bls	.L7
 240:.\Generated_Source\PSoC4/cyfitter_cfg.c **** 		}
 241:.\Generated_Source\PSoC4/cyfitter_cfg.c **** 
 242:.\Generated_Source\PSoC4/cyfitter_cfg.c **** 		/* HSIOM Starting address: CYDEV_HSIOM_BASE */
 243:.\Generated_Source\PSoC4/cyfitter_cfg.c **** 		CY_SET_XTND_REG32((void CYFAR *)(CYREG_HSIOM_PORT_SEL3), 0x0000EE00u);
 166              		.loc 1 243 0 is_stmt 1
 167 008a EE22     		mov	r2, #238
 168 008c 1202     		lsl	r2, r2, #8
 169 008e 184B     		ldr	r3, .L8+4
 170 0090 1A60     		str	r2, [r3]
 244:.\Generated_Source\PSoC4/cyfitter_cfg.c **** 
 245:.\Generated_Source\PSoC4/cyfitter_cfg.c **** 		/* UDB_PA_0 Starting address: CYDEV_UDB_PA0_BASE */
 246:.\Generated_Source\PSoC4/cyfitter_cfg.c **** 		CY_SET_XTND_REG32((void CYFAR *)(CYDEV_UDB_PA0_BASE), 0x00990000u);
 171              		.loc 1 246 0
 172 0092 9923     		mov	r3, #153
 173 0094 1B04     		lsl	r3, r3, #16
 174 0096 174A     		ldr	r2, .L8+8
 175 0098 1360     		str	r3, [r2]
 247:.\Generated_Source\PSoC4/cyfitter_cfg.c **** 
 248:.\Generated_Source\PSoC4/cyfitter_cfg.c **** 		/* UDB_PA_1 Starting address: CYDEV_UDB_PA1_BASE */
 249:.\Generated_Source\PSoC4/cyfitter_cfg.c **** 		CY_SET_XTND_REG32((void CYFAR *)(CYDEV_UDB_PA1_BASE), 0x00990000u);
 176              		.loc 1 249 0
 177 009a 174A     		ldr	r2, .L8+12
 178 009c 1360     		str	r3, [r2]
 250:.\Generated_Source\PSoC4/cyfitter_cfg.c **** 
 251:.\Generated_Source\PSoC4/cyfitter_cfg.c **** 		/* UDB_PA_3 Starting address: CYDEV_UDB_PA3_BASE */
 252:.\Generated_Source\PSoC4/cyfitter_cfg.c **** 		CY_SET_XTND_REG32((void CYFAR *)(CYDEV_UDB_PA3_BASE), 0x00990000u);
 179              		.loc 1 252 0
 180 009e 174A     		ldr	r2, .L8+16
 181 00a0 1360     		str	r3, [r2]
 253:.\Generated_Source\PSoC4/cyfitter_cfg.c **** 
 254:.\Generated_Source\PSoC4/cyfitter_cfg.c **** 		/* Enable digital routing */
 255:.\Generated_Source\PSoC4/cyfitter_cfg.c **** 		CY_SET_XTND_REG8((void *)CYREG_UDB_UDBIF_BANK_CTL, CY_GET_XTND_REG8((void *)CYREG_UDB_UDBIF_BANK_
 182              		.loc 1 255 0
 183 00a2 174B     		ldr	r3, .L8+20
 184 00a4 1978     		ldrb	r1, [r3]
 185 00a6 0222     		mov	r2, #2
 186 00a8 0A43     		orr	r2, r1
 187 00aa 1A70     		strb	r2, [r3]
 256:.\Generated_Source\PSoC4/cyfitter_cfg.c **** 
 257:.\Generated_Source\PSoC4/cyfitter_cfg.c **** 		/* Enable UDB array */
 258:.\Generated_Source\PSoC4/cyfitter_cfg.c **** 		CY_SET_XTND_REG8((void *)CYREG_UDB_UDBIF_WAIT_CFG, (uint8)((CY_GET_XTND_REG8((void *)CYREG_UDB_UD
 188              		.loc 1 258 0
 189 00ac 1548     		ldr	r0, .L8+24
 190 00ae 0278     		ldrb	r2, [r0]
 191 00b0 3C21     		mov	r1, #60
 192 00b2 8A43     		bic	r2, r1
 193 00b4 2839     		sub	r1, r1, #40
 194 00b6 0A43     		orr	r2, r1
 195 00b8 0270     		strb	r2, [r0]
 259:.\Generated_Source\PSoC4/cyfitter_cfg.c **** 		CY_SET_XTND_REG8((void *)CYREG_UDB_UDBIF_BANK_CTL, (uint8)(CY_GET_XTND_REG8((void *)CYREG_UDB_UDB
ARM GAS  C:\Users\Chris\AppData\Local\Temp\ccrvVyzh.s 			page 9


 196              		.loc 1 259 0
 197 00ba 1978     		ldrb	r1, [r3]
 198 00bc 1622     		mov	r2, #22
 199 00be 0A43     		orr	r2, r1
 200 00c0 1A70     		strb	r2, [r3]
 201              	.LBE2:
 260:.\Generated_Source\PSoC4/cyfitter_cfg.c **** 	}
 261:.\Generated_Source\PSoC4/cyfitter_cfg.c **** 
 262:.\Generated_Source\PSoC4/cyfitter_cfg.c **** 	/* Perform second pass device configuration. These items must be configured in specific order afte
 263:.\Generated_Source\PSoC4/cyfitter_cfg.c **** 	/* IOPINS0_0 Starting address: CYDEV_PRT0_BASE */
 264:.\Generated_Source\PSoC4/cyfitter_cfg.c **** 	CY_SET_XTND_REG32((void CYFAR *)(CYDEV_PRT0_BASE), 0x0000008Cu);
 202              		.loc 1 264 0
 203 00c2 8C22     		mov	r2, #140
 204 00c4 104B     		ldr	r3, .L8+28
 205 00c6 1A60     		str	r2, [r3]
 265:.\Generated_Source\PSoC4/cyfitter_cfg.c **** 	CY_SET_XTND_REG32((void CYFAR *)(CYREG_PRT0_PC), 0x00400D80u);
 206              		.loc 1 265 0
 207 00c8 104A     		ldr	r2, .L8+32
 208 00ca 114B     		ldr	r3, .L8+36
 209 00cc 1A60     		str	r2, [r3]
 266:.\Generated_Source\PSoC4/cyfitter_cfg.c **** 
 267:.\Generated_Source\PSoC4/cyfitter_cfg.c **** 	/* IOPINS0_1 Starting address: CYDEV_PRT1_BASE */
 268:.\Generated_Source\PSoC4/cyfitter_cfg.c **** 	CY_SET_XTND_REG32((void CYFAR *)(CYDEV_PRT1_BASE), 0x00000040u);
 210              		.loc 1 268 0
 211 00ce 4022     		mov	r2, #64
 212 00d0 104B     		ldr	r3, .L8+40
 213 00d2 1A60     		str	r2, [r3]
 269:.\Generated_Source\PSoC4/cyfitter_cfg.c **** 	CY_SET_XTND_REG32((void CYFAR *)(CYREG_PRT1_PC), 0x00180000u);
 214              		.loc 1 269 0
 215 00d4 C022     		mov	r2, #192
 216 00d6 5203     		lsl	r2, r2, #13
 217 00d8 0F4B     		ldr	r3, .L8+44
 218 00da 1A60     		str	r2, [r3]
 270:.\Generated_Source\PSoC4/cyfitter_cfg.c **** 
 271:.\Generated_Source\PSoC4/cyfitter_cfg.c **** 	/* IOPINS0_3 Starting address: CYDEV_PRT3_BASE */
 272:.\Generated_Source\PSoC4/cyfitter_cfg.c **** 	CY_SET_XTND_REG32((void CYFAR *)(CYREG_PRT3_PC), 0x00000D80u);
 219              		.loc 1 272 0
 220 00dc D822     		mov	r2, #216
 221 00de 1201     		lsl	r2, r2, #4
 222 00e0 0E4B     		ldr	r3, .L8+48
 223 00e2 1A60     		str	r2, [r3]
 273:.\Generated_Source\PSoC4/cyfitter_cfg.c **** 
 274:.\Generated_Source\PSoC4/cyfitter_cfg.c **** 
 275:.\Generated_Source\PSoC4/cyfitter_cfg.c **** 	/* Setup clocks based on selections from Clock DWR */
 276:.\Generated_Source\PSoC4/cyfitter_cfg.c **** 	ClockSetup();
 224              		.loc 1 276 0
 225 00e4 FFF78CFF 		bl	ClockSetup
 226              	.LVL11:
 277:.\Generated_Source\PSoC4/cyfitter_cfg.c **** 
 278:.\Generated_Source\PSoC4/cyfitter_cfg.c **** 	/* Perform basic analog initialization to defaults */
 279:.\Generated_Source\PSoC4/cyfitter_cfg.c **** 	AnalogSetDefault();
 280:.\Generated_Source\PSoC4/cyfitter_cfg.c **** 
 281:.\Generated_Source\PSoC4/cyfitter_cfg.c **** }
 227              		.loc 1 281 0
 228              		@ sp needed
 229              	.LVL12:
 230 00e8 10BD     		pop	{r4, pc}
ARM GAS  C:\Users\Chris\AppData\Local\Temp\ccrvVyzh.s 			page 10


 231              	.L9:
 232 00ea C046     		.align	2
 233              	.L8:
 234 00ec 00000000 		.word	.LANCHOR0
 235 00f0 0C000140 		.word	1073807372
 236 00f4 00500F40 		.word	1074745344
 237 00f8 10500F40 		.word	1074745360
 238 00fc 30500F40 		.word	1074745392
 239 0100 00700F40 		.word	1074753536
 240 0104 01700F40 		.word	1074753537
 241 0108 00000440 		.word	1074003968
 242 010c 800D4000 		.word	4197760
 243 0110 08000440 		.word	1074003976
 244 0114 00010440 		.word	1074004224
 245 0118 08010440 		.word	1074004232
 246 011c 08030440 		.word	1074004744
 247              		.cfi_endproc
 248              	.LFE5:
 249              		.size	cyfitter_cfg, .-cyfitter_cfg
 250              		.section	.rodata
 251              		.align	2
 252              		.set	.LANCHOR0,. + 0
 253              		.type	cfg_memset_list.4723, %object
 254              		.size	cfg_memset_list.4723, 12
 255              	cfg_memset_list.4723:
 256 0000 00300F40 		.word	1074737152
 257 0004 0004     		.short	1024
 258 0006 00400F40 		.4byte	1074741248
 259 000a 0004     		.short	1024
 260              		.text
 261              	.Letext0:
 262              		.file 2 "c:\\program files (x86)\\cypress\\psoc creator\\3.3\\psoc creator\\import\\gnu\\arm\\4.9.
 263              		.file 3 ".\\Generated_Source\\PSoC4\\cytypes.h"
 264              		.file 4 ".\\Generated_Source\\PSoC4\\CyLib.h"
 265              		.section	.debug_info,"",%progbits
 266              	.Ldebug_info0:
 267 0000 8F020000 		.4byte	0x28f
 268 0004 0400     		.2byte	0x4
 269 0006 00000000 		.4byte	.Ldebug_abbrev0
 270 000a 04       		.byte	0x4
 271 000b 01       		.uleb128 0x1
 272 000c 7C010000 		.4byte	.LASF28
 273 0010 01       		.byte	0x1
 274 0011 05010000 		.4byte	.LASF29
 275 0015 44010000 		.4byte	.LASF30
 276 0019 00000000 		.4byte	.Ldebug_ranges0+0
 277 001d 00000000 		.4byte	0
 278 0021 00000000 		.4byte	.Ldebug_line0
 279 0025 02       		.uleb128 0x2
 280 0026 04       		.byte	0x4
 281 0027 05       		.byte	0x5
 282 0028 696E7400 		.ascii	"int\000"
 283 002c 03       		.uleb128 0x3
 284 002d 06000000 		.4byte	.LASF11
 285 0031 02       		.byte	0x2
 286 0032 D4       		.byte	0xd4
 287 0033 37000000 		.4byte	0x37
ARM GAS  C:\Users\Chris\AppData\Local\Temp\ccrvVyzh.s 			page 11


 288 0037 04       		.uleb128 0x4
 289 0038 04       		.byte	0x4
 290 0039 07       		.byte	0x7
 291 003a B2000000 		.4byte	.LASF0
 292 003e 04       		.uleb128 0x4
 293 003f 01       		.byte	0x1
 294 0040 06       		.byte	0x6
 295 0041 32020000 		.4byte	.LASF1
 296 0045 04       		.uleb128 0x4
 297 0046 01       		.byte	0x1
 298 0047 08       		.byte	0x8
 299 0048 7C000000 		.4byte	.LASF2
 300 004c 04       		.uleb128 0x4
 301 004d 02       		.byte	0x2
 302 004e 05       		.byte	0x5
 303 004f 0A020000 		.4byte	.LASF3
 304 0053 04       		.uleb128 0x4
 305 0054 02       		.byte	0x2
 306 0055 07       		.byte	0x7
 307 0056 37000000 		.4byte	.LASF4
 308 005a 04       		.uleb128 0x4
 309 005b 04       		.byte	0x4
 310 005c 05       		.byte	0x5
 311 005d 29020000 		.4byte	.LASF5
 312 0061 04       		.uleb128 0x4
 313 0062 04       		.byte	0x4
 314 0063 07       		.byte	0x7
 315 0064 5A000000 		.4byte	.LASF6
 316 0068 04       		.uleb128 0x4
 317 0069 08       		.byte	0x8
 318 006a 05       		.byte	0x5
 319 006b 36010000 		.4byte	.LASF7
 320 006f 04       		.uleb128 0x4
 321 0070 08       		.byte	0x8
 322 0071 07       		.byte	0x7
 323 0072 D4000000 		.4byte	.LASF8
 324 0076 04       		.uleb128 0x4
 325 0077 04       		.byte	0x4
 326 0078 07       		.byte	0x7
 327 0079 2D010000 		.4byte	.LASF9
 328 007d 05       		.uleb128 0x5
 329 007e 04       		.byte	0x4
 330 007f 06       		.uleb128 0x6
 331 0080 04       		.byte	0x4
 332 0081 85000000 		.4byte	0x85
 333 0085 07       		.uleb128 0x7
 334 0086 04       		.uleb128 0x4
 335 0087 01       		.byte	0x1
 336 0088 08       		.byte	0x8
 337 0089 77010000 		.4byte	.LASF10
 338 008d 08       		.uleb128 0x8
 339 008e 6C000000 		.4byte	.LASF12
 340 0092 03       		.byte	0x3
 341 0093 9801     		.2byte	0x198
 342 0095 45000000 		.4byte	0x45
 343 0099 08       		.uleb128 0x8
 344 009a A4000000 		.4byte	.LASF13
ARM GAS  C:\Users\Chris\AppData\Local\Temp\ccrvVyzh.s 			page 12


 345 009e 03       		.byte	0x3
 346 009f 9901     		.2byte	0x199
 347 00a1 53000000 		.4byte	0x53
 348 00a5 08       		.uleb128 0x8
 349 00a6 AB000000 		.4byte	.LASF14
 350 00aa 03       		.byte	0x3
 351 00ab 9A01     		.2byte	0x19a
 352 00ad 61000000 		.4byte	0x61
 353 00b1 04       		.uleb128 0x4
 354 00b2 04       		.byte	0x4
 355 00b3 04       		.byte	0x4
 356 00b4 4A000000 		.4byte	.LASF15
 357 00b8 04       		.uleb128 0x4
 358 00b9 08       		.byte	0x8
 359 00ba 04       		.byte	0x4
 360 00bb 91000000 		.4byte	.LASF16
 361 00bf 08       		.uleb128 0x8
 362 00c0 55000000 		.4byte	.LASF17
 363 00c4 03       		.byte	0x3
 364 00c5 4202     		.2byte	0x242
 365 00c7 CB000000 		.4byte	0xcb
 366 00cb 09       		.uleb128 0x9
 367 00cc 8D000000 		.4byte	0x8d
 368 00d0 08       		.uleb128 0x8
 369 00d1 00000000 		.4byte	.LASF18
 370 00d5 03       		.byte	0x3
 371 00d6 4402     		.2byte	0x244
 372 00d8 DC000000 		.4byte	0xdc
 373 00dc 09       		.uleb128 0x9
 374 00dd A5000000 		.4byte	0xa5
 375 00e1 08       		.uleb128 0x8
 376 00e2 EB000000 		.4byte	.LASF19
 377 00e6 03       		.byte	0x3
 378 00e7 5402     		.2byte	0x254
 379 00e9 7F000000 		.4byte	0x7f
 380 00ed 0A       		.uleb128 0xa
 381 00ee 72000000 		.4byte	.LASF20
 382 00f2 01       		.byte	0x1
 383 00f3 3D       		.byte	0x3d
 384 00f4 00000000 		.4byte	.LFB0
 385 00f8 0C000000 		.4byte	.LFE0-.LFB0
 386 00fc 01       		.uleb128 0x1
 387 00fd 9C       		.byte	0x9c
 388 00fe 3A010000 		.4byte	0x13a
 389 0102 0B       		.uleb128 0xb
 390 0103 7300     		.ascii	"s\000"
 391 0105 01       		.byte	0x1
 392 0106 3D       		.byte	0x3d
 393 0107 7D000000 		.4byte	0x7d
 394 010b 00000000 		.4byte	.LLST0
 395 010f 0B       		.uleb128 0xb
 396 0110 6E00     		.ascii	"n\000"
 397 0112 01       		.byte	0x1
 398 0113 3D       		.byte	0x3d
 399 0114 2C000000 		.4byte	0x2c
 400 0118 21000000 		.4byte	.LLST1
 401 011c 0C       		.uleb128 0xc
ARM GAS  C:\Users\Chris\AppData\Local\Temp\ccrvVyzh.s 			page 13


 402 011d 0A000000 		.4byte	.LVL2
 403 0121 3D020000 		.4byte	0x23d
 404 0125 0D       		.uleb128 0xd
 405 0126 01       		.uleb128 0x1
 406 0127 52       		.byte	0x52
 407 0128 03       		.uleb128 0x3
 408 0129 F3       		.byte	0xf3
 409 012a 01       		.uleb128 0x1
 410 012b 51       		.byte	0x51
 411 012c 0D       		.uleb128 0xd
 412 012d 01       		.uleb128 0x1
 413 012e 51       		.byte	0x51
 414 012f 01       		.uleb128 0x1
 415 0130 30       		.byte	0x30
 416 0131 0D       		.uleb128 0xd
 417 0132 01       		.uleb128 0x1
 418 0133 50       		.byte	0x50
 419 0134 03       		.uleb128 0x3
 420 0135 F3       		.byte	0xf3
 421 0136 01       		.uleb128 0x1
 422 0137 50       		.byte	0x50
 423 0138 00       		.byte	0
 424 0139 00       		.byte	0
 425 013a 0A       		.uleb128 0xa
 426 013b 2C000000 		.4byte	.LASF21
 427 013f 01       		.byte	0x1
 428 0140 92       		.byte	0x92
 429 0141 00000000 		.4byte	.LFB3
 430 0145 5C000000 		.4byte	.LFE3-.LFB3
 431 0149 01       		.uleb128 0x1
 432 014a 9C       		.byte	0x9c
 433 014b 85010000 		.4byte	0x185
 434 014f 0E       		.uleb128 0xe
 435 0150 14000000 		.4byte	.LVL3
 436 0154 5A020000 		.4byte	0x25a
 437 0158 62010000 		.4byte	0x162
 438 015c 0D       		.uleb128 0xd
 439 015d 01       		.uleb128 0x1
 440 015e 50       		.byte	0x50
 441 015f 01       		.uleb128 0x1
 442 0160 48       		.byte	0x48
 443 0161 00       		.byte	0
 444 0162 0E       		.uleb128 0xe
 445 0163 34000000 		.4byte	.LVL4
 446 0167 6B020000 		.4byte	0x26b
 447 016b 75010000 		.4byte	0x175
 448 016f 0D       		.uleb128 0xd
 449 0170 01       		.uleb128 0x1
 450 0171 50       		.byte	0x50
 451 0172 01       		.uleb128 0x1
 452 0173 39       		.byte	0x39
 453 0174 00       		.byte	0
 454 0175 0C       		.uleb128 0xc
 455 0176 3A000000 		.4byte	.LVL5
 456 017a 85020000 		.4byte	0x285
 457 017e 0D       		.uleb128 0xd
 458 017f 01       		.uleb128 0x1
ARM GAS  C:\Users\Chris\AppData\Local\Temp\ccrvVyzh.s 			page 14


 459 0180 50       		.byte	0x50
 460 0181 01       		.uleb128 0x1
 461 0182 39       		.byte	0x39
 462 0183 00       		.byte	0
 463 0184 00       		.byte	0
 464 0185 0F       		.uleb128 0xf
 465 0186 BF000000 		.4byte	.LASF31
 466 018a 01       		.byte	0x1
 467 018b D7       		.byte	0xd7
 468 018c 5C000000 		.4byte	.LFB5
 469 0190 C4000000 		.4byte	.LFE5-.LFB5
 470 0194 01       		.uleb128 0x1
 471 0195 9C       		.byte	0x9c
 472 0196 3D020000 		.4byte	0x23d
 473 019a 10       		.uleb128 0x10
 474 019b 60000000 		.4byte	.LBB2
 475 019f 62000000 		.4byte	.LBE2-.LBB2
 476 01a3 33020000 		.4byte	0x233
 477 01a7 11       		.uleb128 0x11
 478 01a8 06       		.byte	0x6
 479 01a9 01       		.byte	0x1
 480 01aa DE       		.byte	0xde
 481 01ab C8010000 		.4byte	0x1c8
 482 01af 12       		.uleb128 0x12
 483 01b0 CC000000 		.4byte	.LASF22
 484 01b4 01       		.byte	0x1
 485 01b5 DF       		.byte	0xdf
 486 01b6 7D000000 		.4byte	0x7d
 487 01ba 00       		.byte	0
 488 01bb 12       		.uleb128 0x12
 489 01bc 50000000 		.4byte	.LASF23
 490 01c0 01       		.byte	0x1
 491 01c1 E0       		.byte	0xe0
 492 01c2 99000000 		.4byte	0x99
 493 01c6 04       		.byte	0x4
 494 01c7 00       		.byte	0
 495 01c8 03       		.uleb128 0x3
 496 01c9 F8000000 		.4byte	.LASF24
 497 01cd 01       		.byte	0x1
 498 01ce E1       		.byte	0xe1
 499 01cf A7010000 		.4byte	0x1a7
 500 01d3 13       		.uleb128 0x13
 501 01d4 C8010000 		.4byte	0x1c8
 502 01d8 E3010000 		.4byte	0x1e3
 503 01dc 14       		.uleb128 0x14
 504 01dd 76000000 		.4byte	0x76
 505 01e1 01       		.byte	0x1
 506 01e2 00       		.byte	0
 507 01e3 15       		.uleb128 0x15
 508 01e4 1C000000 		.4byte	.LASF25
 509 01e8 01       		.byte	0x1
 510 01e9 E3       		.byte	0xe3
 511 01ea F4010000 		.4byte	0x1f4
 512 01ee 05       		.uleb128 0x5
 513 01ef 03       		.byte	0x3
 514 01f0 00000000 		.4byte	cfg_memset_list.4723
 515 01f4 16       		.uleb128 0x16
ARM GAS  C:\Users\Chris\AppData\Local\Temp\ccrvVyzh.s 			page 15


 516 01f5 D3010000 		.4byte	0x1d3
 517 01f9 17       		.uleb128 0x17
 518 01fa 6900     		.ascii	"i\000"
 519 01fc 01       		.byte	0x1
 520 01fd E9       		.byte	0xe9
 521 01fe 8D000000 		.4byte	0x8d
 522 0202 4D000000 		.4byte	.LLST2
 523 0206 18       		.uleb128 0x18
 524 0207 64000000 		.4byte	.LBB3
 525 020b 1E000000 		.4byte	.LBE3-.LBB3
 526 020f 17       		.uleb128 0x17
 527 0210 6D7300   		.ascii	"ms\000"
 528 0213 01       		.byte	0x1
 529 0214 EE       		.byte	0xee
 530 0215 1D020000 		.4byte	0x21d
 531 0219 77000000 		.4byte	.LLST3
 532 021d 06       		.uleb128 0x6
 533 021e 04       		.byte	0x4
 534 021f 23020000 		.4byte	0x223
 535 0223 16       		.uleb128 0x16
 536 0224 C8010000 		.4byte	0x1c8
 537 0228 19       		.uleb128 0x19
 538 0229 82000000 		.4byte	.LVL8
 539 022d ED000000 		.4byte	0xed
 540 0231 00       		.byte	0
 541 0232 00       		.byte	0
 542 0233 19       		.uleb128 0x19
 543 0234 E8000000 		.4byte	.LVL11
 544 0238 3A010000 		.4byte	0x13a
 545 023c 00       		.byte	0
 546 023d 1A       		.uleb128 0x1a
 547 023e 8A000000 		.4byte	.LASF26
 548 0242 7D000000 		.4byte	0x7d
 549 0246 5A020000 		.4byte	0x25a
 550 024a 1B       		.uleb128 0x1b
 551 024b 7D000000 		.4byte	0x7d
 552 024f 1B       		.uleb128 0x1b
 553 0250 25000000 		.4byte	0x25
 554 0254 1B       		.uleb128 0x1b
 555 0255 76000000 		.4byte	0x76
 556 0259 00       		.byte	0
 557 025a 1C       		.uleb128 0x1c
 558 025b 14020000 		.4byte	.LASF27
 559 025f 04       		.byte	0x4
 560 0260 6C       		.byte	0x6c
 561 0261 6B020000 		.4byte	0x26b
 562 0265 1B       		.uleb128 0x1b
 563 0266 A5000000 		.4byte	0xa5
 564 026a 00       		.byte	0
 565 026b 1D       		.uleb128 0x1d
 566 026c 0D000000 		.4byte	.LASF32
 567 0270 04       		.byte	0x4
 568 0271 BB       		.byte	0xbb
 569 0272 E1000000 		.4byte	0xe1
 570 0276 85020000 		.4byte	0x285
 571 027a 1B       		.uleb128 0x1b
 572 027b 8D000000 		.4byte	0x8d
ARM GAS  C:\Users\Chris\AppData\Local\Temp\ccrvVyzh.s 			page 16


 573 027f 1B       		.uleb128 0x1b
 574 0280 E1000000 		.4byte	0xe1
 575 0284 00       		.byte	0
 576 0285 1E       		.uleb128 0x1e
 577 0286 98000000 		.4byte	.LASF33
 578 028a 04       		.byte	0x4
 579 028b C1       		.byte	0xc1
 580 028c 1B       		.uleb128 0x1b
 581 028d 8D000000 		.4byte	0x8d
 582 0291 00       		.byte	0
 583 0292 00       		.byte	0
 584              		.section	.debug_abbrev,"",%progbits
 585              	.Ldebug_abbrev0:
 586 0000 01       		.uleb128 0x1
 587 0001 11       		.uleb128 0x11
 588 0002 01       		.byte	0x1
 589 0003 25       		.uleb128 0x25
 590 0004 0E       		.uleb128 0xe
 591 0005 13       		.uleb128 0x13
 592 0006 0B       		.uleb128 0xb
 593 0007 03       		.uleb128 0x3
 594 0008 0E       		.uleb128 0xe
 595 0009 1B       		.uleb128 0x1b
 596 000a 0E       		.uleb128 0xe
 597 000b 55       		.uleb128 0x55
 598 000c 17       		.uleb128 0x17
 599 000d 11       		.uleb128 0x11
 600 000e 01       		.uleb128 0x1
 601 000f 10       		.uleb128 0x10
 602 0010 17       		.uleb128 0x17
 603 0011 00       		.byte	0
 604 0012 00       		.byte	0
 605 0013 02       		.uleb128 0x2
 606 0014 24       		.uleb128 0x24
 607 0015 00       		.byte	0
 608 0016 0B       		.uleb128 0xb
 609 0017 0B       		.uleb128 0xb
 610 0018 3E       		.uleb128 0x3e
 611 0019 0B       		.uleb128 0xb
 612 001a 03       		.uleb128 0x3
 613 001b 08       		.uleb128 0x8
 614 001c 00       		.byte	0
 615 001d 00       		.byte	0
 616 001e 03       		.uleb128 0x3
 617 001f 16       		.uleb128 0x16
 618 0020 00       		.byte	0
 619 0021 03       		.uleb128 0x3
 620 0022 0E       		.uleb128 0xe
 621 0023 3A       		.uleb128 0x3a
 622 0024 0B       		.uleb128 0xb
 623 0025 3B       		.uleb128 0x3b
 624 0026 0B       		.uleb128 0xb
 625 0027 49       		.uleb128 0x49
 626 0028 13       		.uleb128 0x13
 627 0029 00       		.byte	0
 628 002a 00       		.byte	0
 629 002b 04       		.uleb128 0x4
ARM GAS  C:\Users\Chris\AppData\Local\Temp\ccrvVyzh.s 			page 17


 630 002c 24       		.uleb128 0x24
 631 002d 00       		.byte	0
 632 002e 0B       		.uleb128 0xb
 633 002f 0B       		.uleb128 0xb
 634 0030 3E       		.uleb128 0x3e
 635 0031 0B       		.uleb128 0xb
 636 0032 03       		.uleb128 0x3
 637 0033 0E       		.uleb128 0xe
 638 0034 00       		.byte	0
 639 0035 00       		.byte	0
 640 0036 05       		.uleb128 0x5
 641 0037 0F       		.uleb128 0xf
 642 0038 00       		.byte	0
 643 0039 0B       		.uleb128 0xb
 644 003a 0B       		.uleb128 0xb
 645 003b 00       		.byte	0
 646 003c 00       		.byte	0
 647 003d 06       		.uleb128 0x6
 648 003e 0F       		.uleb128 0xf
 649 003f 00       		.byte	0
 650 0040 0B       		.uleb128 0xb
 651 0041 0B       		.uleb128 0xb
 652 0042 49       		.uleb128 0x49
 653 0043 13       		.uleb128 0x13
 654 0044 00       		.byte	0
 655 0045 00       		.byte	0
 656 0046 07       		.uleb128 0x7
 657 0047 15       		.uleb128 0x15
 658 0048 00       		.byte	0
 659 0049 27       		.uleb128 0x27
 660 004a 19       		.uleb128 0x19
 661 004b 00       		.byte	0
 662 004c 00       		.byte	0
 663 004d 08       		.uleb128 0x8
 664 004e 16       		.uleb128 0x16
 665 004f 00       		.byte	0
 666 0050 03       		.uleb128 0x3
 667 0051 0E       		.uleb128 0xe
 668 0052 3A       		.uleb128 0x3a
 669 0053 0B       		.uleb128 0xb
 670 0054 3B       		.uleb128 0x3b
 671 0055 05       		.uleb128 0x5
 672 0056 49       		.uleb128 0x49
 673 0057 13       		.uleb128 0x13
 674 0058 00       		.byte	0
 675 0059 00       		.byte	0
 676 005a 09       		.uleb128 0x9
 677 005b 35       		.uleb128 0x35
 678 005c 00       		.byte	0
 679 005d 49       		.uleb128 0x49
 680 005e 13       		.uleb128 0x13
 681 005f 00       		.byte	0
 682 0060 00       		.byte	0
 683 0061 0A       		.uleb128 0xa
 684 0062 2E       		.uleb128 0x2e
 685 0063 01       		.byte	0x1
 686 0064 03       		.uleb128 0x3
ARM GAS  C:\Users\Chris\AppData\Local\Temp\ccrvVyzh.s 			page 18


 687 0065 0E       		.uleb128 0xe
 688 0066 3A       		.uleb128 0x3a
 689 0067 0B       		.uleb128 0xb
 690 0068 3B       		.uleb128 0x3b
 691 0069 0B       		.uleb128 0xb
 692 006a 27       		.uleb128 0x27
 693 006b 19       		.uleb128 0x19
 694 006c 11       		.uleb128 0x11
 695 006d 01       		.uleb128 0x1
 696 006e 12       		.uleb128 0x12
 697 006f 06       		.uleb128 0x6
 698 0070 40       		.uleb128 0x40
 699 0071 18       		.uleb128 0x18
 700 0072 9742     		.uleb128 0x2117
 701 0074 19       		.uleb128 0x19
 702 0075 01       		.uleb128 0x1
 703 0076 13       		.uleb128 0x13
 704 0077 00       		.byte	0
 705 0078 00       		.byte	0
 706 0079 0B       		.uleb128 0xb
 707 007a 05       		.uleb128 0x5
 708 007b 00       		.byte	0
 709 007c 03       		.uleb128 0x3
 710 007d 08       		.uleb128 0x8
 711 007e 3A       		.uleb128 0x3a
 712 007f 0B       		.uleb128 0xb
 713 0080 3B       		.uleb128 0x3b
 714 0081 0B       		.uleb128 0xb
 715 0082 49       		.uleb128 0x49
 716 0083 13       		.uleb128 0x13
 717 0084 02       		.uleb128 0x2
 718 0085 17       		.uleb128 0x17
 719 0086 00       		.byte	0
 720 0087 00       		.byte	0
 721 0088 0C       		.uleb128 0xc
 722 0089 898201   		.uleb128 0x4109
 723 008c 01       		.byte	0x1
 724 008d 11       		.uleb128 0x11
 725 008e 01       		.uleb128 0x1
 726 008f 31       		.uleb128 0x31
 727 0090 13       		.uleb128 0x13
 728 0091 00       		.byte	0
 729 0092 00       		.byte	0
 730 0093 0D       		.uleb128 0xd
 731 0094 8A8201   		.uleb128 0x410a
 732 0097 00       		.byte	0
 733 0098 02       		.uleb128 0x2
 734 0099 18       		.uleb128 0x18
 735 009a 9142     		.uleb128 0x2111
 736 009c 18       		.uleb128 0x18
 737 009d 00       		.byte	0
 738 009e 00       		.byte	0
 739 009f 0E       		.uleb128 0xe
 740 00a0 898201   		.uleb128 0x4109
 741 00a3 01       		.byte	0x1
 742 00a4 11       		.uleb128 0x11
 743 00a5 01       		.uleb128 0x1
ARM GAS  C:\Users\Chris\AppData\Local\Temp\ccrvVyzh.s 			page 19


 744 00a6 31       		.uleb128 0x31
 745 00a7 13       		.uleb128 0x13
 746 00a8 01       		.uleb128 0x1
 747 00a9 13       		.uleb128 0x13
 748 00aa 00       		.byte	0
 749 00ab 00       		.byte	0
 750 00ac 0F       		.uleb128 0xf
 751 00ad 2E       		.uleb128 0x2e
 752 00ae 01       		.byte	0x1
 753 00af 3F       		.uleb128 0x3f
 754 00b0 19       		.uleb128 0x19
 755 00b1 03       		.uleb128 0x3
 756 00b2 0E       		.uleb128 0xe
 757 00b3 3A       		.uleb128 0x3a
 758 00b4 0B       		.uleb128 0xb
 759 00b5 3B       		.uleb128 0x3b
 760 00b6 0B       		.uleb128 0xb
 761 00b7 27       		.uleb128 0x27
 762 00b8 19       		.uleb128 0x19
 763 00b9 11       		.uleb128 0x11
 764 00ba 01       		.uleb128 0x1
 765 00bb 12       		.uleb128 0x12
 766 00bc 06       		.uleb128 0x6
 767 00bd 40       		.uleb128 0x40
 768 00be 18       		.uleb128 0x18
 769 00bf 9742     		.uleb128 0x2117
 770 00c1 19       		.uleb128 0x19
 771 00c2 01       		.uleb128 0x1
 772 00c3 13       		.uleb128 0x13
 773 00c4 00       		.byte	0
 774 00c5 00       		.byte	0
 775 00c6 10       		.uleb128 0x10
 776 00c7 0B       		.uleb128 0xb
 777 00c8 01       		.byte	0x1
 778 00c9 11       		.uleb128 0x11
 779 00ca 01       		.uleb128 0x1
 780 00cb 12       		.uleb128 0x12
 781 00cc 06       		.uleb128 0x6
 782 00cd 01       		.uleb128 0x1
 783 00ce 13       		.uleb128 0x13
 784 00cf 00       		.byte	0
 785 00d0 00       		.byte	0
 786 00d1 11       		.uleb128 0x11
 787 00d2 13       		.uleb128 0x13
 788 00d3 01       		.byte	0x1
 789 00d4 0B       		.uleb128 0xb
 790 00d5 0B       		.uleb128 0xb
 791 00d6 3A       		.uleb128 0x3a
 792 00d7 0B       		.uleb128 0xb
 793 00d8 3B       		.uleb128 0x3b
 794 00d9 0B       		.uleb128 0xb
 795 00da 01       		.uleb128 0x1
 796 00db 13       		.uleb128 0x13
 797 00dc 00       		.byte	0
 798 00dd 00       		.byte	0
 799 00de 12       		.uleb128 0x12
 800 00df 0D       		.uleb128 0xd
ARM GAS  C:\Users\Chris\AppData\Local\Temp\ccrvVyzh.s 			page 20


 801 00e0 00       		.byte	0
 802 00e1 03       		.uleb128 0x3
 803 00e2 0E       		.uleb128 0xe
 804 00e3 3A       		.uleb128 0x3a
 805 00e4 0B       		.uleb128 0xb
 806 00e5 3B       		.uleb128 0x3b
 807 00e6 0B       		.uleb128 0xb
 808 00e7 49       		.uleb128 0x49
 809 00e8 13       		.uleb128 0x13
 810 00e9 38       		.uleb128 0x38
 811 00ea 0B       		.uleb128 0xb
 812 00eb 00       		.byte	0
 813 00ec 00       		.byte	0
 814 00ed 13       		.uleb128 0x13
 815 00ee 01       		.uleb128 0x1
 816 00ef 01       		.byte	0x1
 817 00f0 49       		.uleb128 0x49
 818 00f1 13       		.uleb128 0x13
 819 00f2 01       		.uleb128 0x1
 820 00f3 13       		.uleb128 0x13
 821 00f4 00       		.byte	0
 822 00f5 00       		.byte	0
 823 00f6 14       		.uleb128 0x14
 824 00f7 21       		.uleb128 0x21
 825 00f8 00       		.byte	0
 826 00f9 49       		.uleb128 0x49
 827 00fa 13       		.uleb128 0x13
 828 00fb 2F       		.uleb128 0x2f
 829 00fc 0B       		.uleb128 0xb
 830 00fd 00       		.byte	0
 831 00fe 00       		.byte	0
 832 00ff 15       		.uleb128 0x15
 833 0100 34       		.uleb128 0x34
 834 0101 00       		.byte	0
 835 0102 03       		.uleb128 0x3
 836 0103 0E       		.uleb128 0xe
 837 0104 3A       		.uleb128 0x3a
 838 0105 0B       		.uleb128 0xb
 839 0106 3B       		.uleb128 0x3b
 840 0107 0B       		.uleb128 0xb
 841 0108 49       		.uleb128 0x49
 842 0109 13       		.uleb128 0x13
 843 010a 02       		.uleb128 0x2
 844 010b 18       		.uleb128 0x18
 845 010c 00       		.byte	0
 846 010d 00       		.byte	0
 847 010e 16       		.uleb128 0x16
 848 010f 26       		.uleb128 0x26
 849 0110 00       		.byte	0
 850 0111 49       		.uleb128 0x49
 851 0112 13       		.uleb128 0x13
 852 0113 00       		.byte	0
 853 0114 00       		.byte	0
 854 0115 17       		.uleb128 0x17
 855 0116 34       		.uleb128 0x34
 856 0117 00       		.byte	0
 857 0118 03       		.uleb128 0x3
ARM GAS  C:\Users\Chris\AppData\Local\Temp\ccrvVyzh.s 			page 21


 858 0119 08       		.uleb128 0x8
 859 011a 3A       		.uleb128 0x3a
 860 011b 0B       		.uleb128 0xb
 861 011c 3B       		.uleb128 0x3b
 862 011d 0B       		.uleb128 0xb
 863 011e 49       		.uleb128 0x49
 864 011f 13       		.uleb128 0x13
 865 0120 02       		.uleb128 0x2
 866 0121 17       		.uleb128 0x17
 867 0122 00       		.byte	0
 868 0123 00       		.byte	0
 869 0124 18       		.uleb128 0x18
 870 0125 0B       		.uleb128 0xb
 871 0126 01       		.byte	0x1
 872 0127 11       		.uleb128 0x11
 873 0128 01       		.uleb128 0x1
 874 0129 12       		.uleb128 0x12
 875 012a 06       		.uleb128 0x6
 876 012b 00       		.byte	0
 877 012c 00       		.byte	0
 878 012d 19       		.uleb128 0x19
 879 012e 898201   		.uleb128 0x4109
 880 0131 00       		.byte	0
 881 0132 11       		.uleb128 0x11
 882 0133 01       		.uleb128 0x1
 883 0134 31       		.uleb128 0x31
 884 0135 13       		.uleb128 0x13
 885 0136 00       		.byte	0
 886 0137 00       		.byte	0
 887 0138 1A       		.uleb128 0x1a
 888 0139 2E       		.uleb128 0x2e
 889 013a 01       		.byte	0x1
 890 013b 3F       		.uleb128 0x3f
 891 013c 19       		.uleb128 0x19
 892 013d 03       		.uleb128 0x3
 893 013e 0E       		.uleb128 0xe
 894 013f 27       		.uleb128 0x27
 895 0140 19       		.uleb128 0x19
 896 0141 49       		.uleb128 0x49
 897 0142 13       		.uleb128 0x13
 898 0143 34       		.uleb128 0x34
 899 0144 19       		.uleb128 0x19
 900 0145 3C       		.uleb128 0x3c
 901 0146 19       		.uleb128 0x19
 902 0147 01       		.uleb128 0x1
 903 0148 13       		.uleb128 0x13
 904 0149 00       		.byte	0
 905 014a 00       		.byte	0
 906 014b 1B       		.uleb128 0x1b
 907 014c 05       		.uleb128 0x5
 908 014d 00       		.byte	0
 909 014e 49       		.uleb128 0x49
 910 014f 13       		.uleb128 0x13
 911 0150 00       		.byte	0
 912 0151 00       		.byte	0
 913 0152 1C       		.uleb128 0x1c
 914 0153 2E       		.uleb128 0x2e
ARM GAS  C:\Users\Chris\AppData\Local\Temp\ccrvVyzh.s 			page 22


 915 0154 01       		.byte	0x1
 916 0155 3F       		.uleb128 0x3f
 917 0156 19       		.uleb128 0x19
 918 0157 03       		.uleb128 0x3
 919 0158 0E       		.uleb128 0xe
 920 0159 3A       		.uleb128 0x3a
 921 015a 0B       		.uleb128 0xb
 922 015b 3B       		.uleb128 0x3b
 923 015c 0B       		.uleb128 0xb
 924 015d 27       		.uleb128 0x27
 925 015e 19       		.uleb128 0x19
 926 015f 3C       		.uleb128 0x3c
 927 0160 19       		.uleb128 0x19
 928 0161 01       		.uleb128 0x1
 929 0162 13       		.uleb128 0x13
 930 0163 00       		.byte	0
 931 0164 00       		.byte	0
 932 0165 1D       		.uleb128 0x1d
 933 0166 2E       		.uleb128 0x2e
 934 0167 01       		.byte	0x1
 935 0168 3F       		.uleb128 0x3f
 936 0169 19       		.uleb128 0x19
 937 016a 03       		.uleb128 0x3
 938 016b 0E       		.uleb128 0xe
 939 016c 3A       		.uleb128 0x3a
 940 016d 0B       		.uleb128 0xb
 941 016e 3B       		.uleb128 0x3b
 942 016f 0B       		.uleb128 0xb
 943 0170 27       		.uleb128 0x27
 944 0171 19       		.uleb128 0x19
 945 0172 49       		.uleb128 0x49
 946 0173 13       		.uleb128 0x13
 947 0174 3C       		.uleb128 0x3c
 948 0175 19       		.uleb128 0x19
 949 0176 01       		.uleb128 0x1
 950 0177 13       		.uleb128 0x13
 951 0178 00       		.byte	0
 952 0179 00       		.byte	0
 953 017a 1E       		.uleb128 0x1e
 954 017b 2E       		.uleb128 0x2e
 955 017c 01       		.byte	0x1
 956 017d 3F       		.uleb128 0x3f
 957 017e 19       		.uleb128 0x19
 958 017f 03       		.uleb128 0x3
 959 0180 0E       		.uleb128 0xe
 960 0181 3A       		.uleb128 0x3a
 961 0182 0B       		.uleb128 0xb
 962 0183 3B       		.uleb128 0x3b
 963 0184 0B       		.uleb128 0xb
 964 0185 27       		.uleb128 0x27
 965 0186 19       		.uleb128 0x19
 966 0187 3C       		.uleb128 0x3c
 967 0188 19       		.uleb128 0x19
 968 0189 00       		.byte	0
 969 018a 00       		.byte	0
 970 018b 00       		.byte	0
 971              		.section	.debug_loc,"",%progbits
ARM GAS  C:\Users\Chris\AppData\Local\Temp\ccrvVyzh.s 			page 23


 972              	.Ldebug_loc0:
 973              	.LLST0:
 974 0000 00000000 		.4byte	.LVL0
 975 0004 09000000 		.4byte	.LVL2-1
 976 0008 0100     		.2byte	0x1
 977 000a 50       		.byte	0x50
 978 000b 09000000 		.4byte	.LVL2-1
 979 000f 0C000000 		.4byte	.LFE0
 980 0013 0400     		.2byte	0x4
 981 0015 F3       		.byte	0xf3
 982 0016 01       		.uleb128 0x1
 983 0017 50       		.byte	0x50
 984 0018 9F       		.byte	0x9f
 985 0019 00000000 		.4byte	0
 986 001d 00000000 		.4byte	0
 987              	.LLST1:
 988 0021 00000000 		.4byte	.LVL0
 989 0025 06000000 		.4byte	.LVL1
 990 0029 0100     		.2byte	0x1
 991 002b 51       		.byte	0x51
 992 002c 06000000 		.4byte	.LVL1
 993 0030 09000000 		.4byte	.LVL2-1
 994 0034 0100     		.2byte	0x1
 995 0036 52       		.byte	0x52
 996 0037 09000000 		.4byte	.LVL2-1
 997 003b 0C000000 		.4byte	.LFE0
 998 003f 0400     		.2byte	0x4
 999 0041 F3       		.byte	0xf3
 1000 0042 01       		.uleb128 0x1
 1001 0043 51       		.byte	0x51
 1002 0044 9F       		.byte	0x9f
 1003 0045 00000000 		.4byte	0
 1004 0049 00000000 		.4byte	0
 1005              	.LLST2:
 1006 004d 60000000 		.4byte	.LVL6
 1007 0051 64000000 		.4byte	.LVL7
 1008 0055 0200     		.2byte	0x2
 1009 0057 30       		.byte	0x30
 1010 0058 9F       		.byte	0x9f
 1011 0059 64000000 		.4byte	.LVL7
 1012 005d 84000000 		.4byte	.LVL9
 1013 0061 0100     		.2byte	0x1
 1014 0063 54       		.byte	0x54
 1015 0064 86000000 		.4byte	.LVL10
 1016 0068 E8000000 		.4byte	.LVL12
 1017 006c 0100     		.2byte	0x1
 1018 006e 54       		.byte	0x54
 1019 006f 00000000 		.4byte	0
 1020 0073 00000000 		.4byte	0
 1021              	.LLST3:
 1022 0077 64000000 		.4byte	.LVL7
 1023 007b 84000000 		.4byte	.LVL9
 1024 007f 0B00     		.2byte	0xb
 1025 0081 74       		.byte	0x74
 1026 0082 00       		.sleb128 0
 1027 0083 36       		.byte	0x36
 1028 0084 1E       		.byte	0x1e
ARM GAS  C:\Users\Chris\AppData\Local\Temp\ccrvVyzh.s 			page 24


 1029 0085 03       		.byte	0x3
 1030 0086 00000000 		.4byte	cfg_memset_list.4723
 1031 008a 22       		.byte	0x22
 1032 008b 9F       		.byte	0x9f
 1033 008c 84000000 		.4byte	.LVL9
 1034 0090 86000000 		.4byte	.LVL10
 1035 0094 0B00     		.2byte	0xb
 1036 0096 74       		.byte	0x74
 1037 0097 7F       		.sleb128 -1
 1038 0098 36       		.byte	0x36
 1039 0099 1E       		.byte	0x1e
 1040 009a 03       		.byte	0x3
 1041 009b 00000000 		.4byte	cfg_memset_list.4723
 1042 009f 22       		.byte	0x22
 1043 00a0 9F       		.byte	0x9f
 1044 00a1 00000000 		.4byte	0
 1045 00a5 00000000 		.4byte	0
 1046              		.section	.debug_aranges,"",%progbits
 1047 0000 2C000000 		.4byte	0x2c
 1048 0004 0200     		.2byte	0x2
 1049 0006 00000000 		.4byte	.Ldebug_info0
 1050 000a 04       		.byte	0x4
 1051 000b 00       		.byte	0
 1052 000c 0000     		.2byte	0
 1053 000e 0000     		.2byte	0
 1054 0010 00000000 		.4byte	.LFB0
 1055 0014 0C000000 		.4byte	.LFE0-.LFB0
 1056 0018 00000000 		.4byte	.LFB3
 1057 001c 5C000000 		.4byte	.LFE3-.LFB3
 1058 0020 5C000000 		.4byte	.LFB5
 1059 0024 C4000000 		.4byte	.LFE5-.LFB5
 1060 0028 00000000 		.4byte	0
 1061 002c 00000000 		.4byte	0
 1062              		.section	.debug_ranges,"",%progbits
 1063              	.Ldebug_ranges0:
 1064 0000 00000000 		.4byte	.LFB0
 1065 0004 0C000000 		.4byte	.LFE0
 1066 0008 00000000 		.4byte	.LFB3
 1067 000c 5C000000 		.4byte	.LFE3
 1068 0010 5C000000 		.4byte	.LFB5
 1069 0014 20010000 		.4byte	.LFE5
 1070 0018 00000000 		.4byte	0
 1071 001c 00000000 		.4byte	0
 1072              		.section	.debug_line,"",%progbits
 1073              	.Ldebug_line0:
 1074 0000 2F010000 		.section	.debug_str,"MS",%progbits,1
 1074      0200D800 
 1074      00000201 
 1074      FB0E0D00 
 1074      01010101 
 1075              	.LASF18:
 1076 0000 72656733 		.ascii	"reg32\000"
 1076      3200
 1077              	.LASF11:
 1078 0006 73697A65 		.ascii	"size_t\000"
 1078      5F7400
 1079              	.LASF32:
ARM GAS  C:\Users\Chris\AppData\Local\Temp\ccrvVyzh.s 			page 25


 1080 000d 4379496E 		.ascii	"CyIntSetVector\000"
 1080      74536574 
 1080      56656374 
 1080      6F7200
 1081              	.LASF25:
 1082 001c 6366675F 		.ascii	"cfg_memset_list\000"
 1082      6D656D73 
 1082      65745F6C 
 1082      69737400 
 1083              	.LASF21:
 1084 002c 436C6F63 		.ascii	"ClockSetup\000"
 1084      6B536574 
 1084      757000
 1085              	.LASF4:
 1086 0037 73686F72 		.ascii	"short unsigned int\000"
 1086      7420756E 
 1086      7369676E 
 1086      65642069 
 1086      6E7400
 1087              	.LASF15:
 1088 004a 666C6F61 		.ascii	"float\000"
 1088      7400
 1089              	.LASF23:
 1090 0050 73697A65 		.ascii	"size\000"
 1090      00
 1091              	.LASF17:
 1092 0055 72656738 		.ascii	"reg8\000"
 1092      00
 1093              	.LASF6:
 1094 005a 6C6F6E67 		.ascii	"long unsigned int\000"
 1094      20756E73 
 1094      69676E65 
 1094      6420696E 
 1094      7400
 1095              	.LASF12:
 1096 006c 75696E74 		.ascii	"uint8\000"
 1096      3800
 1097              	.LASF20:
 1098 0072 43594D45 		.ascii	"CYMEMZERO\000"
 1098      4D5A4552 
 1098      4F00
 1099              	.LASF2:
 1100 007c 756E7369 		.ascii	"unsigned char\000"
 1100      676E6564 
 1100      20636861 
 1100      7200
 1101              	.LASF26:
 1102 008a 6D656D73 		.ascii	"memset\000"
 1102      657400
 1103              	.LASF16:
 1104 0091 646F7562 		.ascii	"double\000"
 1104      6C6500
 1105              	.LASF33:
 1106 0098 4379496E 		.ascii	"CyIntEnable\000"
 1106      74456E61 
 1106      626C6500 
 1107              	.LASF13:
ARM GAS  C:\Users\Chris\AppData\Local\Temp\ccrvVyzh.s 			page 26


 1108 00a4 75696E74 		.ascii	"uint16\000"
 1108      313600
 1109              	.LASF14:
 1110 00ab 75696E74 		.ascii	"uint32\000"
 1110      333200
 1111              	.LASF0:
 1112 00b2 756E7369 		.ascii	"unsigned int\000"
 1112      676E6564 
 1112      20696E74 
 1112      00
 1113              	.LASF31:
 1114 00bf 63796669 		.ascii	"cyfitter_cfg\000"
 1114      74746572 
 1114      5F636667 
 1114      00
 1115              	.LASF22:
 1116 00cc 61646472 		.ascii	"address\000"
 1116      65737300 
 1117              	.LASF8:
 1118 00d4 6C6F6E67 		.ascii	"long long unsigned int\000"
 1118      206C6F6E 
 1118      6720756E 
 1118      7369676E 
 1118      65642069 
 1119              	.LASF19:
 1120 00eb 63796973 		.ascii	"cyisraddress\000"
 1120      72616464 
 1120      72657373 
 1120      00
 1121              	.LASF24:
 1122 00f8 6366675F 		.ascii	"cfg_memset_t\000"
 1122      6D656D73 
 1122      65745F74 
 1122      00
 1123              	.LASF29:
 1124 0105 2E5C4765 		.ascii	".\\Generated_Source\\PSoC4\\cyfitter_cfg.c\000"
 1124      6E657261 
 1124      7465645F 
 1124      536F7572 
 1124      63655C50 
 1125              	.LASF9:
 1126 012d 73697A65 		.ascii	"sizetype\000"
 1126      74797065 
 1126      00
 1127              	.LASF7:
 1128 0136 6C6F6E67 		.ascii	"long long int\000"
 1128      206C6F6E 
 1128      6720696E 
 1128      7400
 1129              	.LASF30:
 1130 0144 433A5C55 		.ascii	"C:\\Users\\Chris\\Desktop\\ECEC 304\\Labs\\Lesson2."
 1130      73657273 
 1130      5C436872 
 1130      69735C44 
 1130      65736B74 
 1131 0171 63796473 		.ascii	"cydsn\000"
 1131      6E00
ARM GAS  C:\Users\Chris\AppData\Local\Temp\ccrvVyzh.s 			page 27


 1132              	.LASF10:
 1133 0177 63686172 		.ascii	"char\000"
 1133      00
 1134              	.LASF28:
 1135 017c 474E5520 		.ascii	"GNU C 4.9.3 20150303 (release) [ARM/embedded-4_9-br"
 1135      4320342E 
 1135      392E3320 
 1135      32303135 
 1135      30333033 
 1136 01af 616E6368 		.ascii	"anch revision 221220] -mcpu=cortex-m0 -mthumb -g -O"
 1136      20726576 
 1136      6973696F 
 1136      6E203232 
 1136      31323230 
 1137 01e2 67202D66 		.ascii	"g -ffunction-sections -ffat-lto-objects\000"
 1137      66756E63 
 1137      74696F6E 
 1137      2D736563 
 1137      74696F6E 
 1138              	.LASF3:
 1139 020a 73686F72 		.ascii	"short int\000"
 1139      7420696E 
 1139      7400
 1140              	.LASF27:
 1141 0214 43795379 		.ascii	"CySysClkWriteImoFreq\000"
 1141      73436C6B 
 1141      57726974 
 1141      65496D6F 
 1141      46726571 
 1142              	.LASF5:
 1143 0229 6C6F6E67 		.ascii	"long int\000"
 1143      20696E74 
 1143      00
 1144              	.LASF1:
 1145 0232 7369676E 		.ascii	"signed char\000"
 1145      65642063 
 1145      68617200 
 1146              		.ident	"GCC: (GNU Tools for ARM Embedded Processors) 4.9.3 20150303 (release) [ARM/embedded-4_9-br
