ARM GAS  C:\Users\Chris\AppData\Local\Temp\cchkDLMd.s 			page 1


   1              		.cpu cortex-m0
   2              		.fpu softvfp
   3              		.eabi_attribute 20, 1
   4              		.eabi_attribute 21, 1
   5              		.eabi_attribute 23, 3
   6              		.eabi_attribute 24, 1
   7              		.eabi_attribute 25, 1
   8              		.eabi_attribute 26, 1
   9              		.eabi_attribute 30, 1
  10              		.eabi_attribute 34, 0
  11              		.eabi_attribute 18, 4
  12              		.code	16
  13              		.file	"main.c"
  14              		.text
  15              	.Ltext0:
  16              		.cfi_sections	.debug_frame
  17              		.section	.text.main,"ax",%progbits
  18              		.align	2
  19              		.global	main
  20              		.code	16
  21              		.thumb_func
  22              		.type	main, %function
  23              	main:
  24              	.LFB34:
  25              		.file 1 ".\\main.c"
   1:.\main.c      **** /* ========================================
   2:.\main.c      ****  *
   3:.\main.c      ****  * Copyright YOUR COMPANY, THE YEAR
   4:.\main.c      ****  * All Rights Reserved
   5:.\main.c      ****  * UNPUBLISHED, LICENSED SOFTWARE.
   6:.\main.c      ****  *
   7:.\main.c      ****  * CONFIDENTIAL AND PROPRIETARY INFORMATION
   8:.\main.c      ****  * WHICH IS THE PROPERTY OF your company.
   9:.\main.c      ****  *
  10:.\main.c      ****  * ========================================
  11:.\main.c      **** */
  12:.\main.c      **** #include <project.h>
  13:.\main.c      **** 
  14:.\main.c      **** int main()
  15:.\main.c      **** {
  26              		.loc 1 15 0
  27              		.cfi_startproc
  28 0000 08B5     		push	{r3, lr}
  29              		.cfi_def_cfa_offset 8
  30              		.cfi_offset 3, -8
  31              		.cfi_offset 14, -4
  16:.\main.c      ****     CyGlobalIntEnable; /* Enable global interrupts. */
  32              		.loc 1 16 0
  33              	@ 16 ".\main.c" 1
  34 0002 62B6     		CPSIE   i
  35              	@ 0 "" 2
  36              		.code	16
  37              	.L2:
  17:.\main.c      **** 
  18:.\main.c      ****     /* Place your initialization/startup code here (e.g. MyInst_Start()) */
  19:.\main.c      **** 
  20:.\main.c      ****     for(;;)
ARM GAS  C:\Users\Chris\AppData\Local\Temp\cchkDLMd.s 			page 2


  21:.\main.c      ****     {
  22:.\main.c      ****         Pin_Red_Write( Pin_SW2_Read() );
  38              		.loc 1 22 0 discriminator 1
  39 0004 FFF7FEFF 		bl	Pin_SW2_Read
  40              	.LVL0:
  41 0008 FFF7FEFF 		bl	Pin_Red_Write
  42              	.LVL1:
  23:.\main.c      ****         Pin_Blue_Write(~ Pin_SW2_Read() );
  43              		.loc 1 23 0 discriminator 1
  44 000c FFF7FEFF 		bl	Pin_SW2_Read
  45              	.LVL2:
  46 0010 C043     		mvn	r0, r0
  47 0012 C0B2     		uxtb	r0, r0
  48 0014 FFF7FEFF 		bl	Pin_Blue_Write
  49              	.LVL3:
  24:.\main.c      ****     }
  50              		.loc 1 24 0 discriminator 1
  51 0018 F4E7     		b	.L2
  52              		.cfi_endproc
  53              	.LFE34:
  54              		.size	main, .-main
  55 001a C046     		.text
  56              	.Letext0:
  57              		.file 2 "Generated_Source\\PSoC4/cytypes.h"
  58              		.file 3 "Generated_Source\\PSoC4/Pin_SW2.h"
  59              		.file 4 "Generated_Source\\PSoC4/Pin_Red.h"
  60              		.file 5 "Generated_Source\\PSoC4/Pin_Blue.h"
  61              		.section	.debug_info,"",%progbits
  62              	.Ldebug_info0:
  63 0000 F7000000 		.4byte	0xf7
  64 0004 0400     		.2byte	0x4
  65 0006 00000000 		.4byte	.Ldebug_abbrev0
  66 000a 04       		.byte	0x4
  67 000b 01       		.uleb128 0x1
  68 000c FE000000 		.4byte	.LASF13
  69 0010 01       		.byte	0x1
  70 0011 8C010000 		.4byte	.LASF14
  71 0015 92000000 		.4byte	.LASF15
  72 0019 00000000 		.4byte	.Ldebug_ranges0+0
  73 001d 00000000 		.4byte	0
  74 0021 00000000 		.4byte	.Ldebug_line0
  75 0025 02       		.uleb128 0x2
  76 0026 01       		.byte	0x1
  77 0027 06       		.byte	0x6
  78 0028 F2000000 		.4byte	.LASF0
  79 002c 02       		.uleb128 0x2
  80 002d 01       		.byte	0x1
  81 002e 08       		.byte	0x8
  82 002f 1B000000 		.4byte	.LASF1
  83 0033 02       		.uleb128 0x2
  84 0034 02       		.byte	0x2
  85 0035 05       		.byte	0x5
  86 0036 CE000000 		.4byte	.LASF2
  87 003a 02       		.uleb128 0x2
  88 003b 02       		.byte	0x2
  89 003c 07       		.byte	0x7
  90 003d DF000000 		.4byte	.LASF3
ARM GAS  C:\Users\Chris\AppData\Local\Temp\cchkDLMd.s 			page 3


  91 0041 02       		.uleb128 0x2
  92 0042 04       		.byte	0x4
  93 0043 05       		.byte	0x5
  94 0044 C5000000 		.4byte	.LASF4
  95 0048 02       		.uleb128 0x2
  96 0049 04       		.byte	0x4
  97 004a 07       		.byte	0x7
  98 004b 43000000 		.4byte	.LASF5
  99 004f 02       		.uleb128 0x2
 100 0050 08       		.byte	0x8
 101 0051 05       		.byte	0x5
 102 0052 00000000 		.4byte	.LASF6
 103 0056 02       		.uleb128 0x2
 104 0057 08       		.byte	0x8
 105 0058 07       		.byte	0x7
 106 0059 55000000 		.4byte	.LASF7
 107 005d 03       		.uleb128 0x3
 108 005e 04       		.byte	0x4
 109 005f 05       		.byte	0x5
 110 0060 696E7400 		.ascii	"int\000"
 111 0064 02       		.uleb128 0x2
 112 0065 04       		.byte	0x4
 113 0066 07       		.byte	0x7
 114 0067 0E000000 		.4byte	.LASF8
 115 006b 04       		.uleb128 0x4
 116 006c 3D000000 		.4byte	.LASF16
 117 0070 02       		.byte	0x2
 118 0071 9801     		.2byte	0x198
 119 0073 2C000000 		.4byte	0x2c
 120 0077 02       		.uleb128 0x2
 121 0078 04       		.byte	0x4
 122 0079 04       		.byte	0x4
 123 007a 71000000 		.4byte	.LASF9
 124 007e 02       		.uleb128 0x2
 125 007f 08       		.byte	0x8
 126 0080 04       		.byte	0x4
 127 0081 D8000000 		.4byte	.LASF10
 128 0085 02       		.uleb128 0x2
 129 0086 01       		.byte	0x1
 130 0087 08       		.byte	0x8
 131 0088 6C000000 		.4byte	.LASF11
 132 008c 02       		.uleb128 0x2
 133 008d 04       		.byte	0x4
 134 008e 07       		.byte	0x7
 135 008f 95010000 		.4byte	.LASF12
 136 0093 05       		.uleb128 0x5
 137 0094 38000000 		.4byte	.LASF17
 138 0098 01       		.byte	0x1
 139 0099 0E       		.byte	0xe
 140 009a 5D000000 		.4byte	0x5d
 141 009e 00000000 		.4byte	.LFB34
 142 00a2 1A000000 		.4byte	.LFE34-.LFB34
 143 00a6 01       		.uleb128 0x1
 144 00a7 9C       		.byte	0x9c
 145 00a8 D1000000 		.4byte	0xd1
 146 00ac 06       		.uleb128 0x6
 147 00ad 08000000 		.4byte	.LVL0
ARM GAS  C:\Users\Chris\AppData\Local\Temp\cchkDLMd.s 			page 4


 148 00b1 D1000000 		.4byte	0xd1
 149 00b5 06       		.uleb128 0x6
 150 00b6 0C000000 		.4byte	.LVL1
 151 00ba DC000000 		.4byte	0xdc
 152 00be 06       		.uleb128 0x6
 153 00bf 10000000 		.4byte	.LVL2
 154 00c3 D1000000 		.4byte	0xd1
 155 00c7 06       		.uleb128 0x6
 156 00c8 18000000 		.4byte	.LVL3
 157 00cc ED000000 		.4byte	0xed
 158 00d0 00       		.byte	0
 159 00d1 07       		.uleb128 0x7
 160 00d2 85000000 		.4byte	.LASF18
 161 00d6 03       		.byte	0x3
 162 00d7 32       		.byte	0x32
 163 00d8 6B000000 		.4byte	0x6b
 164 00dc 08       		.uleb128 0x8
 165 00dd 77000000 		.4byte	.LASF19
 166 00e1 04       		.byte	0x4
 167 00e2 33       		.byte	0x33
 168 00e3 ED000000 		.4byte	0xed
 169 00e7 09       		.uleb128 0x9
 170 00e8 6B000000 		.4byte	0x6b
 171 00ec 00       		.byte	0
 172 00ed 0A       		.uleb128 0xa
 173 00ee 29000000 		.4byte	.LASF20
 174 00f2 05       		.byte	0x5
 175 00f3 33       		.byte	0x33
 176 00f4 09       		.uleb128 0x9
 177 00f5 6B000000 		.4byte	0x6b
 178 00f9 00       		.byte	0
 179 00fa 00       		.byte	0
 180              		.section	.debug_abbrev,"",%progbits
 181              	.Ldebug_abbrev0:
 182 0000 01       		.uleb128 0x1
 183 0001 11       		.uleb128 0x11
 184 0002 01       		.byte	0x1
 185 0003 25       		.uleb128 0x25
 186 0004 0E       		.uleb128 0xe
 187 0005 13       		.uleb128 0x13
 188 0006 0B       		.uleb128 0xb
 189 0007 03       		.uleb128 0x3
 190 0008 0E       		.uleb128 0xe
 191 0009 1B       		.uleb128 0x1b
 192 000a 0E       		.uleb128 0xe
 193 000b 55       		.uleb128 0x55
 194 000c 17       		.uleb128 0x17
 195 000d 11       		.uleb128 0x11
 196 000e 01       		.uleb128 0x1
 197 000f 10       		.uleb128 0x10
 198 0010 17       		.uleb128 0x17
 199 0011 00       		.byte	0
 200 0012 00       		.byte	0
 201 0013 02       		.uleb128 0x2
 202 0014 24       		.uleb128 0x24
 203 0015 00       		.byte	0
 204 0016 0B       		.uleb128 0xb
ARM GAS  C:\Users\Chris\AppData\Local\Temp\cchkDLMd.s 			page 5


 205 0017 0B       		.uleb128 0xb
 206 0018 3E       		.uleb128 0x3e
 207 0019 0B       		.uleb128 0xb
 208 001a 03       		.uleb128 0x3
 209 001b 0E       		.uleb128 0xe
 210 001c 00       		.byte	0
 211 001d 00       		.byte	0
 212 001e 03       		.uleb128 0x3
 213 001f 24       		.uleb128 0x24
 214 0020 00       		.byte	0
 215 0021 0B       		.uleb128 0xb
 216 0022 0B       		.uleb128 0xb
 217 0023 3E       		.uleb128 0x3e
 218 0024 0B       		.uleb128 0xb
 219 0025 03       		.uleb128 0x3
 220 0026 08       		.uleb128 0x8
 221 0027 00       		.byte	0
 222 0028 00       		.byte	0
 223 0029 04       		.uleb128 0x4
 224 002a 16       		.uleb128 0x16
 225 002b 00       		.byte	0
 226 002c 03       		.uleb128 0x3
 227 002d 0E       		.uleb128 0xe
 228 002e 3A       		.uleb128 0x3a
 229 002f 0B       		.uleb128 0xb
 230 0030 3B       		.uleb128 0x3b
 231 0031 05       		.uleb128 0x5
 232 0032 49       		.uleb128 0x49
 233 0033 13       		.uleb128 0x13
 234 0034 00       		.byte	0
 235 0035 00       		.byte	0
 236 0036 05       		.uleb128 0x5
 237 0037 2E       		.uleb128 0x2e
 238 0038 01       		.byte	0x1
 239 0039 3F       		.uleb128 0x3f
 240 003a 19       		.uleb128 0x19
 241 003b 03       		.uleb128 0x3
 242 003c 0E       		.uleb128 0xe
 243 003d 3A       		.uleb128 0x3a
 244 003e 0B       		.uleb128 0xb
 245 003f 3B       		.uleb128 0x3b
 246 0040 0B       		.uleb128 0xb
 247 0041 49       		.uleb128 0x49
 248 0042 13       		.uleb128 0x13
 249 0043 11       		.uleb128 0x11
 250 0044 01       		.uleb128 0x1
 251 0045 12       		.uleb128 0x12
 252 0046 06       		.uleb128 0x6
 253 0047 40       		.uleb128 0x40
 254 0048 18       		.uleb128 0x18
 255 0049 9742     		.uleb128 0x2117
 256 004b 19       		.uleb128 0x19
 257 004c 01       		.uleb128 0x1
 258 004d 13       		.uleb128 0x13
 259 004e 00       		.byte	0
 260 004f 00       		.byte	0
 261 0050 06       		.uleb128 0x6
ARM GAS  C:\Users\Chris\AppData\Local\Temp\cchkDLMd.s 			page 6


 262 0051 898201   		.uleb128 0x4109
 263 0054 00       		.byte	0
 264 0055 11       		.uleb128 0x11
 265 0056 01       		.uleb128 0x1
 266 0057 31       		.uleb128 0x31
 267 0058 13       		.uleb128 0x13
 268 0059 00       		.byte	0
 269 005a 00       		.byte	0
 270 005b 07       		.uleb128 0x7
 271 005c 2E       		.uleb128 0x2e
 272 005d 00       		.byte	0
 273 005e 3F       		.uleb128 0x3f
 274 005f 19       		.uleb128 0x19
 275 0060 03       		.uleb128 0x3
 276 0061 0E       		.uleb128 0xe
 277 0062 3A       		.uleb128 0x3a
 278 0063 0B       		.uleb128 0xb
 279 0064 3B       		.uleb128 0x3b
 280 0065 0B       		.uleb128 0xb
 281 0066 27       		.uleb128 0x27
 282 0067 19       		.uleb128 0x19
 283 0068 49       		.uleb128 0x49
 284 0069 13       		.uleb128 0x13
 285 006a 3C       		.uleb128 0x3c
 286 006b 19       		.uleb128 0x19
 287 006c 00       		.byte	0
 288 006d 00       		.byte	0
 289 006e 08       		.uleb128 0x8
 290 006f 2E       		.uleb128 0x2e
 291 0070 01       		.byte	0x1
 292 0071 3F       		.uleb128 0x3f
 293 0072 19       		.uleb128 0x19
 294 0073 03       		.uleb128 0x3
 295 0074 0E       		.uleb128 0xe
 296 0075 3A       		.uleb128 0x3a
 297 0076 0B       		.uleb128 0xb
 298 0077 3B       		.uleb128 0x3b
 299 0078 0B       		.uleb128 0xb
 300 0079 27       		.uleb128 0x27
 301 007a 19       		.uleb128 0x19
 302 007b 3C       		.uleb128 0x3c
 303 007c 19       		.uleb128 0x19
 304 007d 01       		.uleb128 0x1
 305 007e 13       		.uleb128 0x13
 306 007f 00       		.byte	0
 307 0080 00       		.byte	0
 308 0081 09       		.uleb128 0x9
 309 0082 05       		.uleb128 0x5
 310 0083 00       		.byte	0
 311 0084 49       		.uleb128 0x49
 312 0085 13       		.uleb128 0x13
 313 0086 00       		.byte	0
 314 0087 00       		.byte	0
 315 0088 0A       		.uleb128 0xa
 316 0089 2E       		.uleb128 0x2e
 317 008a 01       		.byte	0x1
 318 008b 3F       		.uleb128 0x3f
ARM GAS  C:\Users\Chris\AppData\Local\Temp\cchkDLMd.s 			page 7


 319 008c 19       		.uleb128 0x19
 320 008d 03       		.uleb128 0x3
 321 008e 0E       		.uleb128 0xe
 322 008f 3A       		.uleb128 0x3a
 323 0090 0B       		.uleb128 0xb
 324 0091 3B       		.uleb128 0x3b
 325 0092 0B       		.uleb128 0xb
 326 0093 27       		.uleb128 0x27
 327 0094 19       		.uleb128 0x19
 328 0095 3C       		.uleb128 0x3c
 329 0096 19       		.uleb128 0x19
 330 0097 00       		.byte	0
 331 0098 00       		.byte	0
 332 0099 00       		.byte	0
 333              		.section	.debug_aranges,"",%progbits
 334 0000 1C000000 		.4byte	0x1c
 335 0004 0200     		.2byte	0x2
 336 0006 00000000 		.4byte	.Ldebug_info0
 337 000a 04       		.byte	0x4
 338 000b 00       		.byte	0
 339 000c 0000     		.2byte	0
 340 000e 0000     		.2byte	0
 341 0010 00000000 		.4byte	.LFB34
 342 0014 1A000000 		.4byte	.LFE34-.LFB34
 343 0018 00000000 		.4byte	0
 344 001c 00000000 		.4byte	0
 345              		.section	.debug_ranges,"",%progbits
 346              	.Ldebug_ranges0:
 347 0000 00000000 		.4byte	.LFB34
 348 0004 1A000000 		.4byte	.LFE34
 349 0008 00000000 		.4byte	0
 350 000c 00000000 		.4byte	0
 351              		.section	.debug_line,"",%progbits
 352              	.Ldebug_line0:
 353 0000 90000000 		.section	.debug_str,"MS",%progbits,1
 353      02006B00 
 353      00000201 
 353      FB0E0D00 
 353      01010101 
 354              	.LASF6:
 355 0000 6C6F6E67 		.ascii	"long long int\000"
 355      206C6F6E 
 355      6720696E 
 355      7400
 356              	.LASF8:
 357 000e 756E7369 		.ascii	"unsigned int\000"
 357      676E6564 
 357      20696E74 
 357      00
 358              	.LASF1:
 359 001b 756E7369 		.ascii	"unsigned char\000"
 359      676E6564 
 359      20636861 
 359      7200
 360              	.LASF20:
 361 0029 50696E5F 		.ascii	"Pin_Blue_Write\000"
 361      426C7565 
ARM GAS  C:\Users\Chris\AppData\Local\Temp\cchkDLMd.s 			page 8


 361      5F577269 
 361      746500
 362              	.LASF17:
 363 0038 6D61696E 		.ascii	"main\000"
 363      00
 364              	.LASF16:
 365 003d 75696E74 		.ascii	"uint8\000"
 365      3800
 366              	.LASF5:
 367 0043 6C6F6E67 		.ascii	"long unsigned int\000"
 367      20756E73 
 367      69676E65 
 367      6420696E 
 367      7400
 368              	.LASF7:
 369 0055 6C6F6E67 		.ascii	"long long unsigned int\000"
 369      206C6F6E 
 369      6720756E 
 369      7369676E 
 369      65642069 
 370              	.LASF11:
 371 006c 63686172 		.ascii	"char\000"
 371      00
 372              	.LASF9:
 373 0071 666C6F61 		.ascii	"float\000"
 373      7400
 374              	.LASF19:
 375 0077 50696E5F 		.ascii	"Pin_Red_Write\000"
 375      5265645F 
 375      57726974 
 375      6500
 376              	.LASF18:
 377 0085 50696E5F 		.ascii	"Pin_SW2_Read\000"
 377      5357325F 
 377      52656164 
 377      00
 378              	.LASF15:
 379 0092 433A5C55 		.ascii	"C:\\Users\\Chris\\Desktop\\ECEC 304\\Labs\\Lesson2."
 379      73657273 
 379      5C436872 
 379      69735C44 
 379      65736B74 
 380 00bf 63796473 		.ascii	"cydsn\000"
 380      6E00
 381              	.LASF4:
 382 00c5 6C6F6E67 		.ascii	"long int\000"
 382      20696E74 
 382      00
 383              	.LASF2:
 384 00ce 73686F72 		.ascii	"short int\000"
 384      7420696E 
 384      7400
 385              	.LASF10:
 386 00d8 646F7562 		.ascii	"double\000"
 386      6C6500
 387              	.LASF3:
 388 00df 73686F72 		.ascii	"short unsigned int\000"
ARM GAS  C:\Users\Chris\AppData\Local\Temp\cchkDLMd.s 			page 9


 388      7420756E 
 388      7369676E 
 388      65642069 
 388      6E7400
 389              	.LASF0:
 390 00f2 7369676E 		.ascii	"signed char\000"
 390      65642063 
 390      68617200 
 391              	.LASF13:
 392 00fe 474E5520 		.ascii	"GNU C 4.9.3 20150303 (release) [ARM/embedded-4_9-br"
 392      4320342E 
 392      392E3320 
 392      32303135 
 392      30333033 
 393 0131 616E6368 		.ascii	"anch revision 221220] -mcpu=cortex-m0 -mthumb -g -O"
 393      20726576 
 393      6973696F 
 393      6E203232 
 393      31323230 
 394 0164 67202D66 		.ascii	"g -ffunction-sections -ffat-lto-objects\000"
 394      66756E63 
 394      74696F6E 
 394      2D736563 
 394      74696F6E 
 395              	.LASF14:
 396 018c 2E5C6D61 		.ascii	".\\main.c\000"
 396      696E2E63 
 396      00
 397              	.LASF12:
 398 0195 73697A65 		.ascii	"sizetype\000"
 398      74797065 
 398      00
 399              		.ident	"GCC: (GNU Tools for ARM Embedded Processors) 4.9.3 20150303 (release) [ARM/embedded-4_9-br
