ARM GAS  C:\Users\Chris\AppData\Local\Temp\cco75dV7.s 			page 1


   1              		.cpu cortex-m0
   2              		.fpu softvfp
   3              		.eabi_attribute 20, 1
   4              		.eabi_attribute 21, 1
   5              		.eabi_attribute 23, 3
   6              		.eabi_attribute 24, 1
   7              		.eabi_attribute 25, 1
   8              		.eabi_attribute 26, 1
   9              		.eabi_attribute 30, 1
  10              		.eabi_attribute 34, 0
  11              		.eabi_attribute 18, 4
  12              		.code	16
  13              		.file	"CapSense_PM.c"
  14              		.text
  15              	.Ltext0:
  16              		.cfi_sections	.debug_frame
  17              		.section	.text.CapSense_SaveConfig,"ax",%progbits
  18              		.align	2
  19              		.global	CapSense_SaveConfig
  20              		.code	16
  21              		.thumb_func
  22              		.type	CapSense_SaveConfig, %function
  23              	CapSense_SaveConfig:
  24              	.LFB34:
  25              		.file 1 ".\\Generated_Source\\PSoC4\\CapSense_PM.c"
   1:.\Generated_Source\PSoC4/CapSense_PM.c **** /*******************************************************************************
   2:.\Generated_Source\PSoC4/CapSense_PM.c **** * File Name: CapSense_PM.c
   3:.\Generated_Source\PSoC4/CapSense_PM.c **** * Version 2.40
   4:.\Generated_Source\PSoC4/CapSense_PM.c **** *
   5:.\Generated_Source\PSoC4/CapSense_PM.c **** * Description:
   6:.\Generated_Source\PSoC4/CapSense_PM.c **** *  This file provides Sleep APIs for CapSense CSD Component.
   7:.\Generated_Source\PSoC4/CapSense_PM.c **** *
   8:.\Generated_Source\PSoC4/CapSense_PM.c **** * Note:
   9:.\Generated_Source\PSoC4/CapSense_PM.c **** *
  10:.\Generated_Source\PSoC4/CapSense_PM.c **** ********************************************************************************
  11:.\Generated_Source\PSoC4/CapSense_PM.c **** * Copyright 2013-2015, Cypress Semiconductor Corporation.  All rights reserved.
  12:.\Generated_Source\PSoC4/CapSense_PM.c **** * You may use this file only in accordance with the license, terms, conditions,
  13:.\Generated_Source\PSoC4/CapSense_PM.c **** * disclaimers, and limitations in the end user license agreement accompanying
  14:.\Generated_Source\PSoC4/CapSense_PM.c **** * the software package with which this file was provided.
  15:.\Generated_Source\PSoC4/CapSense_PM.c **** *******************************************************************************/
  16:.\Generated_Source\PSoC4/CapSense_PM.c **** 
  17:.\Generated_Source\PSoC4/CapSense_PM.c **** #include "CapSense.h"
  18:.\Generated_Source\PSoC4/CapSense_PM.c **** 
  19:.\Generated_Source\PSoC4/CapSense_PM.c **** static CapSense_BACKUP_STRUCT CapSense_backup =
  20:.\Generated_Source\PSoC4/CapSense_PM.c **** {
  21:.\Generated_Source\PSoC4/CapSense_PM.c ****     0x00u, /* enableState; */
  22:.\Generated_Source\PSoC4/CapSense_PM.c **** };
  23:.\Generated_Source\PSoC4/CapSense_PM.c **** 
  24:.\Generated_Source\PSoC4/CapSense_PM.c **** 
  25:.\Generated_Source\PSoC4/CapSense_PM.c **** /*******************************************************************************
  26:.\Generated_Source\PSoC4/CapSense_PM.c **** * Function Name: CapSense_SaveConfig
  27:.\Generated_Source\PSoC4/CapSense_PM.c **** ********************************************************************************
  28:.\Generated_Source\PSoC4/CapSense_PM.c **** *
  29:.\Generated_Source\PSoC4/CapSense_PM.c **** * Summary:
  30:.\Generated_Source\PSoC4/CapSense_PM.c **** *  Saves the customer configuration of CapSense.
  31:.\Generated_Source\PSoC4/CapSense_PM.c **** *
  32:.\Generated_Source\PSoC4/CapSense_PM.c **** * Parameters:
ARM GAS  C:\Users\Chris\AppData\Local\Temp\cco75dV7.s 			page 2


  33:.\Generated_Source\PSoC4/CapSense_PM.c **** *  None
  34:.\Generated_Source\PSoC4/CapSense_PM.c **** *
  35:.\Generated_Source\PSoC4/CapSense_PM.c **** * Return:
  36:.\Generated_Source\PSoC4/CapSense_PM.c **** *  None
  37:.\Generated_Source\PSoC4/CapSense_PM.c **** *
  38:.\Generated_Source\PSoC4/CapSense_PM.c **** * Global Variables:
  39:.\Generated_Source\PSoC4/CapSense_PM.c **** *  CapSense_backup - used to save the component state before entering the  sleep
  40:.\Generated_Source\PSoC4/CapSense_PM.c **** *  mode and none-retention registers.
  41:.\Generated_Source\PSoC4/CapSense_PM.c **** *
  42:.\Generated_Source\PSoC4/CapSense_PM.c **** * Side Effects:
  43:.\Generated_Source\PSoC4/CapSense_PM.c **** *  None
  44:.\Generated_Source\PSoC4/CapSense_PM.c **** *
  45:.\Generated_Source\PSoC4/CapSense_PM.c **** *******************************************************************************/
  46:.\Generated_Source\PSoC4/CapSense_PM.c **** void CapSense_SaveConfig(void)
  47:.\Generated_Source\PSoC4/CapSense_PM.c **** {
  26              		.loc 1 47 0
  27              		.cfi_startproc
  48:.\Generated_Source\PSoC4/CapSense_PM.c ****     if ((CapSense_CSD_CFG_REG & CapSense_CSD_CFG_ENABLE) != 0u)
  28              		.loc 1 48 0
  29 0000 034B     		ldr	r3, .L3
  30 0002 1B68     		ldr	r3, [r3]
  31 0004 002B     		cmp	r3, #0
  32 0006 02DA     		bge	.L1
  49:.\Generated_Source\PSoC4/CapSense_PM.c ****     {
  50:.\Generated_Source\PSoC4/CapSense_PM.c ****         CapSense_backup.enableState = 1u;
  33              		.loc 1 50 0
  34 0008 0122     		mov	r2, #1
  35 000a 024B     		ldr	r3, .L3+4
  36 000c 1A70     		strb	r2, [r3]
  37              	.L1:
  51:.\Generated_Source\PSoC4/CapSense_PM.c ****     }
  52:.\Generated_Source\PSoC4/CapSense_PM.c **** }
  38              		.loc 1 52 0
  39              		@ sp needed
  40 000e 7047     		bx	lr
  41              	.L4:
  42              		.align	2
  43              	.L3:
  44 0010 04000840 		.word	1074266116
  45 0014 00000000 		.word	.LANCHOR0
  46              		.cfi_endproc
  47              	.LFE34:
  48              		.size	CapSense_SaveConfig, .-CapSense_SaveConfig
  49              		.section	.text.CapSense_Sleep,"ax",%progbits
  50              		.align	2
  51              		.global	CapSense_Sleep
  52              		.code	16
  53              		.thumb_func
  54              		.type	CapSense_Sleep, %function
  55              	CapSense_Sleep:
  56              	.LFB35:
  53:.\Generated_Source\PSoC4/CapSense_PM.c **** 
  54:.\Generated_Source\PSoC4/CapSense_PM.c **** 
  55:.\Generated_Source\PSoC4/CapSense_PM.c **** /*******************************************************************************
  56:.\Generated_Source\PSoC4/CapSense_PM.c **** * Function Name: CapSense_Sleep
  57:.\Generated_Source\PSoC4/CapSense_PM.c **** ********************************************************************************
  58:.\Generated_Source\PSoC4/CapSense_PM.c **** *
ARM GAS  C:\Users\Chris\AppData\Local\Temp\cco75dV7.s 			page 3


  59:.\Generated_Source\PSoC4/CapSense_PM.c **** * Summary:
  60:.\Generated_Source\PSoC4/CapSense_PM.c **** *  Disables the Active mode power.
  61:.\Generated_Source\PSoC4/CapSense_PM.c **** *
  62:.\Generated_Source\PSoC4/CapSense_PM.c **** * Parameters:
  63:.\Generated_Source\PSoC4/CapSense_PM.c **** *  None
  64:.\Generated_Source\PSoC4/CapSense_PM.c **** *
  65:.\Generated_Source\PSoC4/CapSense_PM.c **** * Return:
  66:.\Generated_Source\PSoC4/CapSense_PM.c **** *  None
  67:.\Generated_Source\PSoC4/CapSense_PM.c **** *
  68:.\Generated_Source\PSoC4/CapSense_PM.c **** * Global Variables:
  69:.\Generated_Source\PSoC4/CapSense_PM.c **** *  CapSense_backup - used to save the component state before entering the sleep
  70:.\Generated_Source\PSoC4/CapSense_PM.c **** *  mode.
  71:.\Generated_Source\PSoC4/CapSense_PM.c **** *
  72:.\Generated_Source\PSoC4/CapSense_PM.c **** *******************************************************************************/
  73:.\Generated_Source\PSoC4/CapSense_PM.c **** void CapSense_Sleep(void)
  74:.\Generated_Source\PSoC4/CapSense_PM.c **** {
  57              		.loc 1 74 0
  58              		.cfi_startproc
  59 0000 08B5     		push	{r3, lr}
  60              		.cfi_def_cfa_offset 8
  61              		.cfi_offset 3, -8
  62              		.cfi_offset 14, -4
  75:.\Generated_Source\PSoC4/CapSense_PM.c ****     CapSense_SaveConfig();
  63              		.loc 1 75 0
  64 0002 FFF7FEFF 		bl	CapSense_SaveConfig
  65              	.LVL0:
  76:.\Generated_Source\PSoC4/CapSense_PM.c **** 
  77:.\Generated_Source\PSoC4/CapSense_PM.c ****     /* Disable interrupt */
  78:.\Generated_Source\PSoC4/CapSense_PM.c ****     CyIntDisable(CapSense_ISR_NUMBER);
  66              		.loc 1 78 0
  67 0006 0F20     		mov	r0, #15
  68 0008 FFF7FEFF 		bl	CyIntDisable
  69              	.LVL1:
  79:.\Generated_Source\PSoC4/CapSense_PM.c **** 
  80:.\Generated_Source\PSoC4/CapSense_PM.c ****     CapSense_CSD_CFG_REG &= ~(CapSense_CSD_CFG_SENSE_COMP_EN | CapSense_CSD_CFG_SENSE_EN);
  70              		.loc 1 80 0
  71 000c 064A     		ldr	r2, .L6
  72 000e 1168     		ldr	r1, [r2]
  73 0010 064B     		ldr	r3, .L6+4
  74 0012 0B40     		and	r3, r1
  75 0014 1360     		str	r3, [r2]
  81:.\Generated_Source\PSoC4/CapSense_PM.c **** 
  82:.\Generated_Source\PSoC4/CapSense_PM.c ****     #if(CapSense_IDAC_CNT == 2u)
  83:.\Generated_Source\PSoC4/CapSense_PM.c ****         CapSense_CSD_CFG_REG &= ~(CapSense_CSD_CFG_ENABLE);
  76              		.loc 1 83 0
  77 0016 1368     		ldr	r3, [r2]
  78 0018 5B00     		lsl	r3, r3, #1
  79 001a 5B08     		lsr	r3, r3, #1
  80 001c 1360     		str	r3, [r2]
  84:.\Generated_Source\PSoC4/CapSense_PM.c ****     #endif /* (CapSense_IDAC_CNT == 2u) */
  85:.\Generated_Source\PSoC4/CapSense_PM.c **** 
  86:.\Generated_Source\PSoC4/CapSense_PM.c ****     /* Disable Clocks */
  87:.\Generated_Source\PSoC4/CapSense_PM.c ****     CapSense_SenseClk_Stop();
  81              		.loc 1 87 0
  82 001e FFF7FEFF 		bl	CapSense_SenseClk_Stop
  83              	.LVL2:
  88:.\Generated_Source\PSoC4/CapSense_PM.c ****     CapSense_SampleClk_Stop();
ARM GAS  C:\Users\Chris\AppData\Local\Temp\cco75dV7.s 			page 4


  84              		.loc 1 88 0
  85 0022 FFF7FEFF 		bl	CapSense_SampleClk_Stop
  86              	.LVL3:
  89:.\Generated_Source\PSoC4/CapSense_PM.c **** }
  87              		.loc 1 89 0
  88              		@ sp needed
  89 0026 08BD     		pop	{r3, pc}
  90              	.L7:
  91              		.align	2
  92              	.L6:
  93 0028 04000840 		.word	1074266116
  94 002c FFEFF7FF 		.word	-528385
  95              		.cfi_endproc
  96              	.LFE35:
  97              		.size	CapSense_Sleep, .-CapSense_Sleep
  98              		.section	.text.CapSense_RestoreConfig,"ax",%progbits
  99              		.align	2
 100              		.global	CapSense_RestoreConfig
 101              		.code	16
 102              		.thumb_func
 103              		.type	CapSense_RestoreConfig, %function
 104              	CapSense_RestoreConfig:
 105              	.LFB36:
  90:.\Generated_Source\PSoC4/CapSense_PM.c **** 
  91:.\Generated_Source\PSoC4/CapSense_PM.c **** 
  92:.\Generated_Source\PSoC4/CapSense_PM.c **** /*******************************************************************************
  93:.\Generated_Source\PSoC4/CapSense_PM.c **** * Function Name: CapSense_RestoreConfig
  94:.\Generated_Source\PSoC4/CapSense_PM.c **** ********************************************************************************
  95:.\Generated_Source\PSoC4/CapSense_PM.c **** *
  96:.\Generated_Source\PSoC4/CapSense_PM.c **** * Summary:
  97:.\Generated_Source\PSoC4/CapSense_PM.c **** *  Restores the CapSense configuration.
  98:.\Generated_Source\PSoC4/CapSense_PM.c **** *
  99:.\Generated_Source\PSoC4/CapSense_PM.c **** * Parameters:
 100:.\Generated_Source\PSoC4/CapSense_PM.c **** *  None
 101:.\Generated_Source\PSoC4/CapSense_PM.c **** *
 102:.\Generated_Source\PSoC4/CapSense_PM.c **** * Return:
 103:.\Generated_Source\PSoC4/CapSense_PM.c **** *  None
 104:.\Generated_Source\PSoC4/CapSense_PM.c **** *
 105:.\Generated_Source\PSoC4/CapSense_PM.c **** * Side Effects:
 106:.\Generated_Source\PSoC4/CapSense_PM.c **** *  Must be called only after CapSense_SaveConfig() routine. Otherwise
 107:.\Generated_Source\PSoC4/CapSense_PM.c **** *  the component configuration will be overwritten with its initial setting.
 108:.\Generated_Source\PSoC4/CapSense_PM.c **** *
 109:.\Generated_Source\PSoC4/CapSense_PM.c **** * Global Variables:
 110:.\Generated_Source\PSoC4/CapSense_PM.c **** *  CapSense_backup - used to save the component state before entering the sleep
 111:.\Generated_Source\PSoC4/CapSense_PM.c **** *  mode and none-retention registers.
 112:.\Generated_Source\PSoC4/CapSense_PM.c **** *
 113:.\Generated_Source\PSoC4/CapSense_PM.c **** *******************************************************************************/
 114:.\Generated_Source\PSoC4/CapSense_PM.c **** void CapSense_RestoreConfig(void)
 115:.\Generated_Source\PSoC4/CapSense_PM.c **** {
 106              		.loc 1 115 0
 107              		.cfi_startproc
 116:.\Generated_Source\PSoC4/CapSense_PM.c **** 
 117:.\Generated_Source\PSoC4/CapSense_PM.c **** }
 108              		.loc 1 117 0
 109              		@ sp needed
 110 0000 7047     		bx	lr
 111              		.cfi_endproc
ARM GAS  C:\Users\Chris\AppData\Local\Temp\cco75dV7.s 			page 5


 112              	.LFE36:
 113              		.size	CapSense_RestoreConfig, .-CapSense_RestoreConfig
 114 0002 C046     		.section	.text.CapSense_Wakeup,"ax",%progbits
 115              		.align	2
 116              		.global	CapSense_Wakeup
 117              		.code	16
 118              		.thumb_func
 119              		.type	CapSense_Wakeup, %function
 120              	CapSense_Wakeup:
 121              	.LFB37:
 118:.\Generated_Source\PSoC4/CapSense_PM.c **** 
 119:.\Generated_Source\PSoC4/CapSense_PM.c **** 
 120:.\Generated_Source\PSoC4/CapSense_PM.c **** /*******************************************************************************
 121:.\Generated_Source\PSoC4/CapSense_PM.c **** * Function Name: CapSense_Wakeup
 122:.\Generated_Source\PSoC4/CapSense_PM.c **** ********************************************************************************
 123:.\Generated_Source\PSoC4/CapSense_PM.c **** *
 124:.\Generated_Source\PSoC4/CapSense_PM.c **** * Summary:
 125:.\Generated_Source\PSoC4/CapSense_PM.c **** *  Restores the CapSense configuration and non-retention register values.
 126:.\Generated_Source\PSoC4/CapSense_PM.c **** *  Restores the enabled state of the component by setting the Active mode power template
 127:.\Generated_Source\PSoC4/CapSense_PM.c **** *  bits for a number of components used within CapSense.
 128:.\Generated_Source\PSoC4/CapSense_PM.c **** *
 129:.\Generated_Source\PSoC4/CapSense_PM.c **** * Parameters:
 130:.\Generated_Source\PSoC4/CapSense_PM.c **** *  None
 131:.\Generated_Source\PSoC4/CapSense_PM.c **** *
 132:.\Generated_Source\PSoC4/CapSense_PM.c **** * Return:
 133:.\Generated_Source\PSoC4/CapSense_PM.c **** *  None
 134:.\Generated_Source\PSoC4/CapSense_PM.c **** *
 135:.\Generated_Source\PSoC4/CapSense_PM.c **** * Global Variables:
 136:.\Generated_Source\PSoC4/CapSense_PM.c **** *  CapSense_backup - used to save the component state before entering the sleep
 137:.\Generated_Source\PSoC4/CapSense_PM.c **** *  mode and none-retention registers.
 138:.\Generated_Source\PSoC4/CapSense_PM.c **** *
 139:.\Generated_Source\PSoC4/CapSense_PM.c **** *******************************************************************************/
 140:.\Generated_Source\PSoC4/CapSense_PM.c **** void CapSense_Wakeup(void)
 141:.\Generated_Source\PSoC4/CapSense_PM.c **** {
 122              		.loc 1 141 0
 123              		.cfi_startproc
 124 0000 08B5     		push	{r3, lr}
 125              		.cfi_def_cfa_offset 8
 126              		.cfi_offset 3, -8
 127              		.cfi_offset 14, -4
 142:.\Generated_Source\PSoC4/CapSense_PM.c ****     /* Enable the Clocks */
 143:.\Generated_Source\PSoC4/CapSense_PM.c ****     CapSense_SenseClk_Start();
 128              		.loc 1 143 0
 129 0002 FFF7FEFF 		bl	CapSense_SenseClk_Start
 130              	.LVL4:
 144:.\Generated_Source\PSoC4/CapSense_PM.c ****     CapSense_SampleClk_Start();
 131              		.loc 1 144 0
 132 0006 FFF7FEFF 		bl	CapSense_SampleClk_Start
 133              	.LVL5:
 145:.\Generated_Source\PSoC4/CapSense_PM.c **** 
 146:.\Generated_Source\PSoC4/CapSense_PM.c ****     /* Restore CapSense Enable state */
 147:.\Generated_Source\PSoC4/CapSense_PM.c ****     if (CapSense_backup.enableState != 0u)
 134              		.loc 1 147 0
 135 000a 034B     		ldr	r3, .L11
 136 000c 1B78     		ldrb	r3, [r3]
 137 000e 002B     		cmp	r3, #0
 138 0010 01D0     		beq	.L9
ARM GAS  C:\Users\Chris\AppData\Local\Temp\cco75dV7.s 			page 6


 148:.\Generated_Source\PSoC4/CapSense_PM.c ****     {
 149:.\Generated_Source\PSoC4/CapSense_PM.c ****         CapSense_Enable();
 139              		.loc 1 149 0
 140 0012 FFF7FEFF 		bl	CapSense_Enable
 141              	.LVL6:
 142              	.L9:
 150:.\Generated_Source\PSoC4/CapSense_PM.c ****     }
 151:.\Generated_Source\PSoC4/CapSense_PM.c **** }
 143              		.loc 1 151 0
 144              		@ sp needed
 145 0016 08BD     		pop	{r3, pc}
 146              	.L12:
 147              		.align	2
 148              	.L11:
 149 0018 00000000 		.word	.LANCHOR0
 150              		.cfi_endproc
 151              	.LFE37:
 152              		.size	CapSense_Wakeup, .-CapSense_Wakeup
 153              		.bss
 154              		.align	2
 155              		.set	.LANCHOR0,. + 0
 156              		.type	CapSense_backup, %object
 157              		.size	CapSense_backup, 1
 158              	CapSense_backup:
 159 0000 00       		.space	1
 160 0001 000000   		.text
 161              	.Letext0:
 162              		.file 2 ".\\Generated_Source\\PSoC4\\cytypes.h"
 163              		.file 3 ".\\Generated_Source\\PSoC4\\CapSense.h"
 164              		.file 4 ".\\Generated_Source\\PSoC4\\CapSense_SenseClk.h"
 165              		.file 5 ".\\Generated_Source\\PSoC4\\CapSense_SampleClk.h"
 166              		.file 6 ".\\Generated_Source\\PSoC4\\CyLib.h"
 167              		.section	.debug_info,"",%progbits
 168              	.Ldebug_info0:
 169 0000 A9010000 		.4byte	0x1a9
 170 0004 0400     		.2byte	0x4
 171 0006 00000000 		.4byte	.Ldebug_abbrev0
 172 000a 04       		.byte	0x4
 173 000b 01       		.uleb128 0x1
 174 000c 70010000 		.4byte	.LASF26
 175 0010 01       		.byte	0x1
 176 0011 E3000000 		.4byte	.LASF27
 177 0015 32000000 		.4byte	.LASF28
 178 0019 00000000 		.4byte	.Ldebug_ranges0+0
 179 001d 00000000 		.4byte	0
 180 0021 00000000 		.4byte	.Ldebug_line0
 181 0025 02       		.uleb128 0x2
 182 0026 01       		.byte	0x1
 183 0027 06       		.byte	0x6
 184 0028 55020000 		.4byte	.LASF0
 185 002c 02       		.uleb128 0x2
 186 002d 01       		.byte	0x1
 187 002e 08       		.byte	0x8
 188 002f A6000000 		.4byte	.LASF1
 189 0033 02       		.uleb128 0x2
 190 0034 02       		.byte	0x2
 191 0035 05       		.byte	0x5
ARM GAS  C:\Users\Chris\AppData\Local\Temp\cco75dV7.s 			page 7


 192 0036 0B020000 		.4byte	.LASF2
 193 003a 02       		.uleb128 0x2
 194 003b 02       		.byte	0x2
 195 003c 07       		.byte	0x7
 196 003d 06000000 		.4byte	.LASF3
 197 0041 02       		.uleb128 0x2
 198 0042 04       		.byte	0x4
 199 0043 05       		.byte	0x5
 200 0044 40020000 		.4byte	.LASF4
 201 0048 02       		.uleb128 0x2
 202 0049 04       		.byte	0x4
 203 004a 07       		.byte	0x7
 204 004b C4000000 		.4byte	.LASF5
 205 004f 02       		.uleb128 0x2
 206 0050 08       		.byte	0x8
 207 0051 05       		.byte	0x5
 208 0052 4E010000 		.4byte	.LASF6
 209 0056 02       		.uleb128 0x2
 210 0057 08       		.byte	0x8
 211 0058 07       		.byte	0x7
 212 0059 2E010000 		.4byte	.LASF7
 213 005d 03       		.uleb128 0x3
 214 005e 04       		.byte	0x4
 215 005f 05       		.byte	0x5
 216 0060 696E7400 		.ascii	"int\000"
 217 0064 02       		.uleb128 0x2
 218 0065 04       		.byte	0x4
 219 0066 07       		.byte	0x7
 220 0067 21010000 		.4byte	.LASF8
 221 006b 04       		.uleb128 0x4
 222 006c D6000000 		.4byte	.LASF9
 223 0070 02       		.byte	0x2
 224 0071 9801     		.2byte	0x198
 225 0073 2C000000 		.4byte	0x2c
 226 0077 04       		.uleb128 0x4
 227 0078 0A010000 		.4byte	.LASF10
 228 007c 02       		.byte	0x2
 229 007d 9A01     		.2byte	0x19a
 230 007f 48000000 		.4byte	0x48
 231 0083 02       		.uleb128 0x2
 232 0084 04       		.byte	0x4
 233 0085 04       		.byte	0x4
 234 0086 88000000 		.4byte	.LASF11
 235 008a 02       		.uleb128 0x2
 236 008b 08       		.byte	0x8
 237 008c 04       		.byte	0x4
 238 008d DC000000 		.4byte	.LASF12
 239 0091 02       		.uleb128 0x2
 240 0092 01       		.byte	0x1
 241 0093 08       		.byte	0x8
 242 0094 5C010000 		.4byte	.LASF13
 243 0098 04       		.uleb128 0x4
 244 0099 00000000 		.4byte	.LASF14
 245 009d 02       		.byte	0x2
 246 009e 4402     		.2byte	0x244
 247 00a0 A4000000 		.4byte	0xa4
 248 00a4 05       		.uleb128 0x5
ARM GAS  C:\Users\Chris\AppData\Local\Temp\cco75dV7.s 			page 8


 249 00a5 77000000 		.4byte	0x77
 250 00a9 02       		.uleb128 0x2
 251 00aa 04       		.byte	0x4
 252 00ab 07       		.byte	0x7
 253 00ac 45010000 		.4byte	.LASF15
 254 00b0 06       		.uleb128 0x6
 255 00b1 01       		.byte	0x1
 256 00b2 03       		.byte	0x3
 257 00b3 8A       		.byte	0x8a
 258 00b4 C5000000 		.4byte	0xc5
 259 00b8 07       		.uleb128 0x7
 260 00b9 49020000 		.4byte	.LASF29
 261 00bd 03       		.byte	0x3
 262 00be 8C       		.byte	0x8c
 263 00bf 6B000000 		.4byte	0x6b
 264 00c3 00       		.byte	0
 265 00c4 00       		.byte	0
 266 00c5 08       		.uleb128 0x8
 267 00c6 15020000 		.4byte	.LASF16
 268 00ca 03       		.byte	0x3
 269 00cb 8D       		.byte	0x8d
 270 00cc B0000000 		.4byte	0xb0
 271 00d0 09       		.uleb128 0x9
 272 00d1 2C020000 		.4byte	.LASF17
 273 00d5 01       		.byte	0x1
 274 00d6 2E       		.byte	0x2e
 275 00d7 00000000 		.4byte	.LFB34
 276 00db 18000000 		.4byte	.LFE34-.LFB34
 277 00df 01       		.uleb128 0x1
 278 00e0 9C       		.byte	0x9c
 279 00e1 0A       		.uleb128 0xa
 280 00e2 61010000 		.4byte	.LASF19
 281 00e6 01       		.byte	0x1
 282 00e7 49       		.byte	0x49
 283 00e8 00000000 		.4byte	.LFB35
 284 00ec 30000000 		.4byte	.LFE35-.LFB35
 285 00f0 01       		.uleb128 0x1
 286 00f1 9C       		.byte	0x9c
 287 00f2 25010000 		.4byte	0x125
 288 00f6 0B       		.uleb128 0xb
 289 00f7 06000000 		.4byte	.LVL0
 290 00fb D0000000 		.4byte	0xd0
 291 00ff 0C       		.uleb128 0xc
 292 0100 0C000000 		.4byte	.LVL1
 293 0104 78010000 		.4byte	0x178
 294 0108 12010000 		.4byte	0x112
 295 010c 0D       		.uleb128 0xd
 296 010d 01       		.uleb128 0x1
 297 010e 50       		.byte	0x50
 298 010f 01       		.uleb128 0x1
 299 0110 3F       		.byte	0x3f
 300 0111 00       		.byte	0
 301 0112 0B       		.uleb128 0xb
 302 0113 22000000 		.4byte	.LVL2
 303 0117 89010000 		.4byte	0x189
 304 011b 0B       		.uleb128 0xb
 305 011c 26000000 		.4byte	.LVL3
ARM GAS  C:\Users\Chris\AppData\Local\Temp\cco75dV7.s 			page 9


 306 0120 90010000 		.4byte	0x190
 307 0124 00       		.byte	0
 308 0125 09       		.uleb128 0x9
 309 0126 71020000 		.4byte	.LASF18
 310 012a 01       		.byte	0x1
 311 012b 72       		.byte	0x72
 312 012c 00000000 		.4byte	.LFB36
 313 0130 02000000 		.4byte	.LFE36-.LFB36
 314 0134 01       		.uleb128 0x1
 315 0135 9C       		.byte	0x9c
 316 0136 0A       		.uleb128 0xa
 317 0137 11010000 		.4byte	.LASF20
 318 013b 01       		.byte	0x1
 319 013c 8C       		.byte	0x8c
 320 013d 00000000 		.4byte	.LFB37
 321 0141 1C000000 		.4byte	.LFE37-.LFB37
 322 0145 01       		.uleb128 0x1
 323 0146 9C       		.byte	0x9c
 324 0147 67010000 		.4byte	0x167
 325 014b 0B       		.uleb128 0xb
 326 014c 06000000 		.4byte	.LVL4
 327 0150 97010000 		.4byte	0x197
 328 0154 0B       		.uleb128 0xb
 329 0155 0A000000 		.4byte	.LVL5
 330 0159 9E010000 		.4byte	0x19e
 331 015d 0B       		.uleb128 0xb
 332 015e 16000000 		.4byte	.LVL6
 333 0162 A5010000 		.4byte	0x1a5
 334 0166 00       		.byte	0
 335 0167 0E       		.uleb128 0xe
 336 0168 B4000000 		.4byte	.LASF30
 337 016c 01       		.byte	0x1
 338 016d 13       		.byte	0x13
 339 016e C5000000 		.4byte	0xc5
 340 0172 05       		.uleb128 0x5
 341 0173 03       		.byte	0x3
 342 0174 00000000 		.4byte	CapSense_backup
 343 0178 0F       		.uleb128 0xf
 344 0179 FE010000 		.4byte	.LASF31
 345 017d 06       		.byte	0x6
 346 017e C3       		.byte	0xc3
 347 017f 89010000 		.4byte	0x189
 348 0183 10       		.uleb128 0x10
 349 0184 6B000000 		.4byte	0x6b
 350 0188 00       		.byte	0
 351 0189 11       		.uleb128 0x11
 352 018a 88020000 		.4byte	.LASF21
 353 018e 04       		.byte	0x4
 354 018f 27       		.byte	0x27
 355 0190 11       		.uleb128 0x11
 356 0191 70000000 		.4byte	.LASF22
 357 0195 05       		.byte	0x5
 358 0196 27       		.byte	0x27
 359 0197 11       		.uleb128 0x11
 360 0198 8E000000 		.4byte	.LASF23
 361 019c 04       		.byte	0x4
 362 019d 23       		.byte	0x23
ARM GAS  C:\Users\Chris\AppData\Local\Temp\cco75dV7.s 			page 10


 363 019e 11       		.uleb128 0x11
 364 019f 19000000 		.4byte	.LASF24
 365 01a3 05       		.byte	0x5
 366 01a4 23       		.byte	0x23
 367 01a5 11       		.uleb128 0x11
 368 01a6 61020000 		.4byte	.LASF25
 369 01aa 03       		.byte	0x3
 370 01ab 95       		.byte	0x95
 371 01ac 00       		.byte	0
 372              		.section	.debug_abbrev,"",%progbits
 373              	.Ldebug_abbrev0:
 374 0000 01       		.uleb128 0x1
 375 0001 11       		.uleb128 0x11
 376 0002 01       		.byte	0x1
 377 0003 25       		.uleb128 0x25
 378 0004 0E       		.uleb128 0xe
 379 0005 13       		.uleb128 0x13
 380 0006 0B       		.uleb128 0xb
 381 0007 03       		.uleb128 0x3
 382 0008 0E       		.uleb128 0xe
 383 0009 1B       		.uleb128 0x1b
 384 000a 0E       		.uleb128 0xe
 385 000b 55       		.uleb128 0x55
 386 000c 17       		.uleb128 0x17
 387 000d 11       		.uleb128 0x11
 388 000e 01       		.uleb128 0x1
 389 000f 10       		.uleb128 0x10
 390 0010 17       		.uleb128 0x17
 391 0011 00       		.byte	0
 392 0012 00       		.byte	0
 393 0013 02       		.uleb128 0x2
 394 0014 24       		.uleb128 0x24
 395 0015 00       		.byte	0
 396 0016 0B       		.uleb128 0xb
 397 0017 0B       		.uleb128 0xb
 398 0018 3E       		.uleb128 0x3e
 399 0019 0B       		.uleb128 0xb
 400 001a 03       		.uleb128 0x3
 401 001b 0E       		.uleb128 0xe
 402 001c 00       		.byte	0
 403 001d 00       		.byte	0
 404 001e 03       		.uleb128 0x3
 405 001f 24       		.uleb128 0x24
 406 0020 00       		.byte	0
 407 0021 0B       		.uleb128 0xb
 408 0022 0B       		.uleb128 0xb
 409 0023 3E       		.uleb128 0x3e
 410 0024 0B       		.uleb128 0xb
 411 0025 03       		.uleb128 0x3
 412 0026 08       		.uleb128 0x8
 413 0027 00       		.byte	0
 414 0028 00       		.byte	0
 415 0029 04       		.uleb128 0x4
 416 002a 16       		.uleb128 0x16
 417 002b 00       		.byte	0
 418 002c 03       		.uleb128 0x3
 419 002d 0E       		.uleb128 0xe
ARM GAS  C:\Users\Chris\AppData\Local\Temp\cco75dV7.s 			page 11


 420 002e 3A       		.uleb128 0x3a
 421 002f 0B       		.uleb128 0xb
 422 0030 3B       		.uleb128 0x3b
 423 0031 05       		.uleb128 0x5
 424 0032 49       		.uleb128 0x49
 425 0033 13       		.uleb128 0x13
 426 0034 00       		.byte	0
 427 0035 00       		.byte	0
 428 0036 05       		.uleb128 0x5
 429 0037 35       		.uleb128 0x35
 430 0038 00       		.byte	0
 431 0039 49       		.uleb128 0x49
 432 003a 13       		.uleb128 0x13
 433 003b 00       		.byte	0
 434 003c 00       		.byte	0
 435 003d 06       		.uleb128 0x6
 436 003e 13       		.uleb128 0x13
 437 003f 01       		.byte	0x1
 438 0040 0B       		.uleb128 0xb
 439 0041 0B       		.uleb128 0xb
 440 0042 3A       		.uleb128 0x3a
 441 0043 0B       		.uleb128 0xb
 442 0044 3B       		.uleb128 0x3b
 443 0045 0B       		.uleb128 0xb
 444 0046 01       		.uleb128 0x1
 445 0047 13       		.uleb128 0x13
 446 0048 00       		.byte	0
 447 0049 00       		.byte	0
 448 004a 07       		.uleb128 0x7
 449 004b 0D       		.uleb128 0xd
 450 004c 00       		.byte	0
 451 004d 03       		.uleb128 0x3
 452 004e 0E       		.uleb128 0xe
 453 004f 3A       		.uleb128 0x3a
 454 0050 0B       		.uleb128 0xb
 455 0051 3B       		.uleb128 0x3b
 456 0052 0B       		.uleb128 0xb
 457 0053 49       		.uleb128 0x49
 458 0054 13       		.uleb128 0x13
 459 0055 38       		.uleb128 0x38
 460 0056 0B       		.uleb128 0xb
 461 0057 00       		.byte	0
 462 0058 00       		.byte	0
 463 0059 08       		.uleb128 0x8
 464 005a 16       		.uleb128 0x16
 465 005b 00       		.byte	0
 466 005c 03       		.uleb128 0x3
 467 005d 0E       		.uleb128 0xe
 468 005e 3A       		.uleb128 0x3a
 469 005f 0B       		.uleb128 0xb
 470 0060 3B       		.uleb128 0x3b
 471 0061 0B       		.uleb128 0xb
 472 0062 49       		.uleb128 0x49
 473 0063 13       		.uleb128 0x13
 474 0064 00       		.byte	0
 475 0065 00       		.byte	0
 476 0066 09       		.uleb128 0x9
ARM GAS  C:\Users\Chris\AppData\Local\Temp\cco75dV7.s 			page 12


 477 0067 2E       		.uleb128 0x2e
 478 0068 00       		.byte	0
 479 0069 3F       		.uleb128 0x3f
 480 006a 19       		.uleb128 0x19
 481 006b 03       		.uleb128 0x3
 482 006c 0E       		.uleb128 0xe
 483 006d 3A       		.uleb128 0x3a
 484 006e 0B       		.uleb128 0xb
 485 006f 3B       		.uleb128 0x3b
 486 0070 0B       		.uleb128 0xb
 487 0071 27       		.uleb128 0x27
 488 0072 19       		.uleb128 0x19
 489 0073 11       		.uleb128 0x11
 490 0074 01       		.uleb128 0x1
 491 0075 12       		.uleb128 0x12
 492 0076 06       		.uleb128 0x6
 493 0077 40       		.uleb128 0x40
 494 0078 18       		.uleb128 0x18
 495 0079 9742     		.uleb128 0x2117
 496 007b 19       		.uleb128 0x19
 497 007c 00       		.byte	0
 498 007d 00       		.byte	0
 499 007e 0A       		.uleb128 0xa
 500 007f 2E       		.uleb128 0x2e
 501 0080 01       		.byte	0x1
 502 0081 3F       		.uleb128 0x3f
 503 0082 19       		.uleb128 0x19
 504 0083 03       		.uleb128 0x3
 505 0084 0E       		.uleb128 0xe
 506 0085 3A       		.uleb128 0x3a
 507 0086 0B       		.uleb128 0xb
 508 0087 3B       		.uleb128 0x3b
 509 0088 0B       		.uleb128 0xb
 510 0089 27       		.uleb128 0x27
 511 008a 19       		.uleb128 0x19
 512 008b 11       		.uleb128 0x11
 513 008c 01       		.uleb128 0x1
 514 008d 12       		.uleb128 0x12
 515 008e 06       		.uleb128 0x6
 516 008f 40       		.uleb128 0x40
 517 0090 18       		.uleb128 0x18
 518 0091 9742     		.uleb128 0x2117
 519 0093 19       		.uleb128 0x19
 520 0094 01       		.uleb128 0x1
 521 0095 13       		.uleb128 0x13
 522 0096 00       		.byte	0
 523 0097 00       		.byte	0
 524 0098 0B       		.uleb128 0xb
 525 0099 898201   		.uleb128 0x4109
 526 009c 00       		.byte	0
 527 009d 11       		.uleb128 0x11
 528 009e 01       		.uleb128 0x1
 529 009f 31       		.uleb128 0x31
 530 00a0 13       		.uleb128 0x13
 531 00a1 00       		.byte	0
 532 00a2 00       		.byte	0
 533 00a3 0C       		.uleb128 0xc
ARM GAS  C:\Users\Chris\AppData\Local\Temp\cco75dV7.s 			page 13


 534 00a4 898201   		.uleb128 0x4109
 535 00a7 01       		.byte	0x1
 536 00a8 11       		.uleb128 0x11
 537 00a9 01       		.uleb128 0x1
 538 00aa 31       		.uleb128 0x31
 539 00ab 13       		.uleb128 0x13
 540 00ac 01       		.uleb128 0x1
 541 00ad 13       		.uleb128 0x13
 542 00ae 00       		.byte	0
 543 00af 00       		.byte	0
 544 00b0 0D       		.uleb128 0xd
 545 00b1 8A8201   		.uleb128 0x410a
 546 00b4 00       		.byte	0
 547 00b5 02       		.uleb128 0x2
 548 00b6 18       		.uleb128 0x18
 549 00b7 9142     		.uleb128 0x2111
 550 00b9 18       		.uleb128 0x18
 551 00ba 00       		.byte	0
 552 00bb 00       		.byte	0
 553 00bc 0E       		.uleb128 0xe
 554 00bd 34       		.uleb128 0x34
 555 00be 00       		.byte	0
 556 00bf 03       		.uleb128 0x3
 557 00c0 0E       		.uleb128 0xe
 558 00c1 3A       		.uleb128 0x3a
 559 00c2 0B       		.uleb128 0xb
 560 00c3 3B       		.uleb128 0x3b
 561 00c4 0B       		.uleb128 0xb
 562 00c5 49       		.uleb128 0x49
 563 00c6 13       		.uleb128 0x13
 564 00c7 02       		.uleb128 0x2
 565 00c8 18       		.uleb128 0x18
 566 00c9 00       		.byte	0
 567 00ca 00       		.byte	0
 568 00cb 0F       		.uleb128 0xf
 569 00cc 2E       		.uleb128 0x2e
 570 00cd 01       		.byte	0x1
 571 00ce 3F       		.uleb128 0x3f
 572 00cf 19       		.uleb128 0x19
 573 00d0 03       		.uleb128 0x3
 574 00d1 0E       		.uleb128 0xe
 575 00d2 3A       		.uleb128 0x3a
 576 00d3 0B       		.uleb128 0xb
 577 00d4 3B       		.uleb128 0x3b
 578 00d5 0B       		.uleb128 0xb
 579 00d6 27       		.uleb128 0x27
 580 00d7 19       		.uleb128 0x19
 581 00d8 3C       		.uleb128 0x3c
 582 00d9 19       		.uleb128 0x19
 583 00da 01       		.uleb128 0x1
 584 00db 13       		.uleb128 0x13
 585 00dc 00       		.byte	0
 586 00dd 00       		.byte	0
 587 00de 10       		.uleb128 0x10
 588 00df 05       		.uleb128 0x5
 589 00e0 00       		.byte	0
 590 00e1 49       		.uleb128 0x49
ARM GAS  C:\Users\Chris\AppData\Local\Temp\cco75dV7.s 			page 14


 591 00e2 13       		.uleb128 0x13
 592 00e3 00       		.byte	0
 593 00e4 00       		.byte	0
 594 00e5 11       		.uleb128 0x11
 595 00e6 2E       		.uleb128 0x2e
 596 00e7 00       		.byte	0
 597 00e8 3F       		.uleb128 0x3f
 598 00e9 19       		.uleb128 0x19
 599 00ea 03       		.uleb128 0x3
 600 00eb 0E       		.uleb128 0xe
 601 00ec 3A       		.uleb128 0x3a
 602 00ed 0B       		.uleb128 0xb
 603 00ee 3B       		.uleb128 0x3b
 604 00ef 0B       		.uleb128 0xb
 605 00f0 27       		.uleb128 0x27
 606 00f1 19       		.uleb128 0x19
 607 00f2 3C       		.uleb128 0x3c
 608 00f3 19       		.uleb128 0x19
 609 00f4 00       		.byte	0
 610 00f5 00       		.byte	0
 611 00f6 00       		.byte	0
 612              		.section	.debug_aranges,"",%progbits
 613 0000 34000000 		.4byte	0x34
 614 0004 0200     		.2byte	0x2
 615 0006 00000000 		.4byte	.Ldebug_info0
 616 000a 04       		.byte	0x4
 617 000b 00       		.byte	0
 618 000c 0000     		.2byte	0
 619 000e 0000     		.2byte	0
 620 0010 00000000 		.4byte	.LFB34
 621 0014 18000000 		.4byte	.LFE34-.LFB34
 622 0018 00000000 		.4byte	.LFB35
 623 001c 30000000 		.4byte	.LFE35-.LFB35
 624 0020 00000000 		.4byte	.LFB36
 625 0024 02000000 		.4byte	.LFE36-.LFB36
 626 0028 00000000 		.4byte	.LFB37
 627 002c 1C000000 		.4byte	.LFE37-.LFB37
 628 0030 00000000 		.4byte	0
 629 0034 00000000 		.4byte	0
 630              		.section	.debug_ranges,"",%progbits
 631              	.Ldebug_ranges0:
 632 0000 00000000 		.4byte	.LFB34
 633 0004 18000000 		.4byte	.LFE34
 634 0008 00000000 		.4byte	.LFB35
 635 000c 30000000 		.4byte	.LFE35
 636 0010 00000000 		.4byte	.LFB36
 637 0014 02000000 		.4byte	.LFE36
 638 0018 00000000 		.4byte	.LFB37
 639 001c 1C000000 		.4byte	.LFE37
 640 0020 00000000 		.4byte	0
 641 0024 00000000 		.4byte	0
 642              		.section	.debug_line,"",%progbits
 643              	.Ldebug_line0:
 644 0000 E7000000 		.section	.debug_str,"MS",%progbits,1
 644      02009200 
 644      00000201 
 644      FB0E0D00 
ARM GAS  C:\Users\Chris\AppData\Local\Temp\cco75dV7.s 			page 15


 644      01010101 
 645              	.LASF14:
 646 0000 72656733 		.ascii	"reg32\000"
 646      3200
 647              	.LASF3:
 648 0006 73686F72 		.ascii	"short unsigned int\000"
 648      7420756E 
 648      7369676E 
 648      65642069 
 648      6E7400
 649              	.LASF24:
 650 0019 43617053 		.ascii	"CapSense_SampleClk_Start\000"
 650      656E7365 
 650      5F53616D 
 650      706C6543 
 650      6C6B5F53 
 651              	.LASF28:
 652 0032 433A5C55 		.ascii	"C:\\Users\\Chris\\Desktop\\ECEC 304\\Labs\\Lesson13"
 652      73657273 
 652      5C436872 
 652      69735C44 
 652      65736B74 
 653 005f 5F436861 		.ascii	"_Challenge.cydsn\000"
 653      6C6C656E 
 653      67652E63 
 653      7964736E 
 653      00
 654              	.LASF22:
 655 0070 43617053 		.ascii	"CapSense_SampleClk_Stop\000"
 655      656E7365 
 655      5F53616D 
 655      706C6543 
 655      6C6B5F53 
 656              	.LASF11:
 657 0088 666C6F61 		.ascii	"float\000"
 657      7400
 658              	.LASF23:
 659 008e 43617053 		.ascii	"CapSense_SenseClk_Start\000"
 659      656E7365 
 659      5F53656E 
 659      7365436C 
 659      6B5F5374 
 660              	.LASF1:
 661 00a6 756E7369 		.ascii	"unsigned char\000"
 661      676E6564 
 661      20636861 
 661      7200
 662              	.LASF30:
 663 00b4 43617053 		.ascii	"CapSense_backup\000"
 663      656E7365 
 663      5F626163 
 663      6B757000 
 664              	.LASF5:
 665 00c4 6C6F6E67 		.ascii	"long unsigned int\000"
 665      20756E73 
 665      69676E65 
 665      6420696E 
ARM GAS  C:\Users\Chris\AppData\Local\Temp\cco75dV7.s 			page 16


 665      7400
 666              	.LASF9:
 667 00d6 75696E74 		.ascii	"uint8\000"
 667      3800
 668              	.LASF12:
 669 00dc 646F7562 		.ascii	"double\000"
 669      6C6500
 670              	.LASF27:
 671 00e3 2E5C4765 		.ascii	".\\Generated_Source\\PSoC4\\CapSense_PM.c\000"
 671      6E657261 
 671      7465645F 
 671      536F7572 
 671      63655C50 
 672              	.LASF10:
 673 010a 75696E74 		.ascii	"uint32\000"
 673      333200
 674              	.LASF20:
 675 0111 43617053 		.ascii	"CapSense_Wakeup\000"
 675      656E7365 
 675      5F57616B 
 675      65757000 
 676              	.LASF8:
 677 0121 756E7369 		.ascii	"unsigned int\000"
 677      676E6564 
 677      20696E74 
 677      00
 678              	.LASF7:
 679 012e 6C6F6E67 		.ascii	"long long unsigned int\000"
 679      206C6F6E 
 679      6720756E 
 679      7369676E 
 679      65642069 
 680              	.LASF15:
 681 0145 73697A65 		.ascii	"sizetype\000"
 681      74797065 
 681      00
 682              	.LASF6:
 683 014e 6C6F6E67 		.ascii	"long long int\000"
 683      206C6F6E 
 683      6720696E 
 683      7400
 684              	.LASF13:
 685 015c 63686172 		.ascii	"char\000"
 685      00
 686              	.LASF19:
 687 0161 43617053 		.ascii	"CapSense_Sleep\000"
 687      656E7365 
 687      5F536C65 
 687      657000
 688              	.LASF26:
 689 0170 474E5520 		.ascii	"GNU C 4.9.3 20150303 (release) [ARM/embedded-4_9-br"
 689      4320342E 
 689      392E3320 
 689      32303135 
 689      30333033 
 690 01a3 616E6368 		.ascii	"anch revision 221220] -mcpu=cortex-m0 -mthumb -g -O"
 690      20726576 
ARM GAS  C:\Users\Chris\AppData\Local\Temp\cco75dV7.s 			page 17


 690      6973696F 
 690      6E203232 
 690      31323230 
 691 01d6 67202D66 		.ascii	"g -ffunction-sections -ffat-lto-objects\000"
 691      66756E63 
 691      74696F6E 
 691      2D736563 
 691      74696F6E 
 692              	.LASF31:
 693 01fe 4379496E 		.ascii	"CyIntDisable\000"
 693      74446973 
 693      61626C65 
 693      00
 694              	.LASF2:
 695 020b 73686F72 		.ascii	"short int\000"
 695      7420696E 
 695      7400
 696              	.LASF16:
 697 0215 43617053 		.ascii	"CapSense_BACKUP_STRUCT\000"
 697      656E7365 
 697      5F424143 
 697      4B55505F 
 697      53545255 
 698              	.LASF17:
 699 022c 43617053 		.ascii	"CapSense_SaveConfig\000"
 699      656E7365 
 699      5F536176 
 699      65436F6E 
 699      66696700 
 700              	.LASF4:
 701 0240 6C6F6E67 		.ascii	"long int\000"
 701      20696E74 
 701      00
 702              	.LASF29:
 703 0249 656E6162 		.ascii	"enableState\000"
 703      6C655374 
 703      61746500 
 704              	.LASF0:
 705 0255 7369676E 		.ascii	"signed char\000"
 705      65642063 
 705      68617200 
 706              	.LASF25:
 707 0261 43617053 		.ascii	"CapSense_Enable\000"
 707      656E7365 
 707      5F456E61 
 707      626C6500 
 708              	.LASF18:
 709 0271 43617053 		.ascii	"CapSense_RestoreConfig\000"
 709      656E7365 
 709      5F526573 
 709      746F7265 
 709      436F6E66 
 710              	.LASF21:
 711 0288 43617053 		.ascii	"CapSense_SenseClk_Stop\000"
 711      656E7365 
 711      5F53656E 
 711      7365436C 
ARM GAS  C:\Users\Chris\AppData\Local\Temp\cco75dV7.s 			page 18


 711      6B5F5374 
 712              		.ident	"GCC: (GNU Tools for ARM Embedded Processors) 4.9.3 20150303 (release) [ARM/embedded-4_9-br
