ARM GAS  C:\Users\Chris\AppData\Local\Temp\cc7KQbLZ.s 			page 1


   1              		.cpu cortex-m0
   2              		.fpu softvfp
   3              		.eabi_attribute 20, 1
   4              		.eabi_attribute 21, 1
   5              		.eabi_attribute 23, 3
   6              		.eabi_attribute 24, 1
   7              		.eabi_attribute 25, 1
   8              		.eabi_attribute 26, 1
   9              		.eabi_attribute 30, 1
  10              		.eabi_attribute 34, 0
  11              		.eabi_attribute 18, 4
  12              		.code	16
  13              		.file	"cyfitter_cfg.c"
  14              		.text
  15              	.Ltext0:
  16              		.cfi_sections	.debug_frame
  17              		.section	.text.CYMEMZERO,"ax",%progbits
  18              		.align	2
  19              		.code	16
  20              		.thumb_func
  21              		.type	CYMEMZERO, %function
  22              	CYMEMZERO:
  23              	.LFB0:
  24              		.file 1 ".\\Generated_Source\\PSoC4\\cyfitter_cfg.c"
   1:.\Generated_Source\PSoC4/cyfitter_cfg.c **** /*******************************************************************************
   2:.\Generated_Source\PSoC4/cyfitter_cfg.c **** * File Name: cyfitter_cfg.c
   3:.\Generated_Source\PSoC4/cyfitter_cfg.c **** * 
   4:.\Generated_Source\PSoC4/cyfitter_cfg.c **** * PSoC Creator  3.3 CP3
   5:.\Generated_Source\PSoC4/cyfitter_cfg.c **** *
   6:.\Generated_Source\PSoC4/cyfitter_cfg.c **** * Description:
   7:.\Generated_Source\PSoC4/cyfitter_cfg.c **** * This file contains device initialization code.
   8:.\Generated_Source\PSoC4/cyfitter_cfg.c **** * Except for the user defined sections in CyClockStartupError(), this file should not be modified.
   9:.\Generated_Source\PSoC4/cyfitter_cfg.c **** * This file is automatically generated by PSoC Creator.
  10:.\Generated_Source\PSoC4/cyfitter_cfg.c **** *
  11:.\Generated_Source\PSoC4/cyfitter_cfg.c **** ********************************************************************************
  12:.\Generated_Source\PSoC4/cyfitter_cfg.c **** * Copyright (c) 2007-2016 Cypress Semiconductor.  All rights reserved.
  13:.\Generated_Source\PSoC4/cyfitter_cfg.c **** * You may use this file only in accordance with the license, terms, conditions, 
  14:.\Generated_Source\PSoC4/cyfitter_cfg.c **** * disclaimers, and limitations in the end user license agreement accompanying 
  15:.\Generated_Source\PSoC4/cyfitter_cfg.c **** * the software package with which this file was provided.
  16:.\Generated_Source\PSoC4/cyfitter_cfg.c **** ********************************************************************************/
  17:.\Generated_Source\PSoC4/cyfitter_cfg.c **** 
  18:.\Generated_Source\PSoC4/cyfitter_cfg.c **** #include <string.h>
  19:.\Generated_Source\PSoC4/cyfitter_cfg.c **** #include "cytypes.h"
  20:.\Generated_Source\PSoC4/cyfitter_cfg.c **** #include "cydevice_trm.h"
  21:.\Generated_Source\PSoC4/cyfitter_cfg.c **** #include "cyfitter.h"
  22:.\Generated_Source\PSoC4/cyfitter_cfg.c **** #include "CyLib.h"
  23:.\Generated_Source\PSoC4/cyfitter_cfg.c **** #include "CyLFClk.h"
  24:.\Generated_Source\PSoC4/cyfitter_cfg.c **** #include "cyfitter_cfg.h"
  25:.\Generated_Source\PSoC4/cyfitter_cfg.c **** 
  26:.\Generated_Source\PSoC4/cyfitter_cfg.c **** 
  27:.\Generated_Source\PSoC4/cyfitter_cfg.c **** #if defined(__GNUC__) || defined(__ARMCC_VERSION)
  28:.\Generated_Source\PSoC4/cyfitter_cfg.c ****     #define CYPACKED 
  29:.\Generated_Source\PSoC4/cyfitter_cfg.c ****     #define CYPACKED_ATTR __attribute__ ((packed))
  30:.\Generated_Source\PSoC4/cyfitter_cfg.c ****     #define CYALIGNED __attribute__ ((aligned))
  31:.\Generated_Source\PSoC4/cyfitter_cfg.c ****     #define CY_CFG_UNUSED __attribute__ ((unused))
  32:.\Generated_Source\PSoC4/cyfitter_cfg.c ****     #ifndef CY_CFG_SECTION
  33:.\Generated_Source\PSoC4/cyfitter_cfg.c ****         #define CY_CFG_SECTION __attribute__ ((section(".psocinit")))
ARM GAS  C:\Users\Chris\AppData\Local\Temp\cc7KQbLZ.s 			page 2


  34:.\Generated_Source\PSoC4/cyfitter_cfg.c ****     #endif
  35:.\Generated_Source\PSoC4/cyfitter_cfg.c ****     
  36:.\Generated_Source\PSoC4/cyfitter_cfg.c ****     #if defined(__ARMCC_VERSION)
  37:.\Generated_Source\PSoC4/cyfitter_cfg.c ****         #define CY_CFG_MEMORY_BARRIER() __memory_changed()
  38:.\Generated_Source\PSoC4/cyfitter_cfg.c ****     #else
  39:.\Generated_Source\PSoC4/cyfitter_cfg.c ****         #define CY_CFG_MEMORY_BARRIER() __sync_synchronize()
  40:.\Generated_Source\PSoC4/cyfitter_cfg.c ****     #endif
  41:.\Generated_Source\PSoC4/cyfitter_cfg.c ****     
  42:.\Generated_Source\PSoC4/cyfitter_cfg.c **** #elif defined(__ICCARM__)
  43:.\Generated_Source\PSoC4/cyfitter_cfg.c ****     #include <intrinsics.h>
  44:.\Generated_Source\PSoC4/cyfitter_cfg.c **** 
  45:.\Generated_Source\PSoC4/cyfitter_cfg.c ****     #define CYPACKED __packed
  46:.\Generated_Source\PSoC4/cyfitter_cfg.c ****     #define CYPACKED_ATTR 
  47:.\Generated_Source\PSoC4/cyfitter_cfg.c ****     #define CYALIGNED _Pragma("data_alignment=4")
  48:.\Generated_Source\PSoC4/cyfitter_cfg.c ****     #define CY_CFG_UNUSED _Pragma("diag_suppress=Pe177")
  49:.\Generated_Source\PSoC4/cyfitter_cfg.c ****     #define CY_CFG_SECTION _Pragma("location=\".psocinit\"")
  50:.\Generated_Source\PSoC4/cyfitter_cfg.c ****     
  51:.\Generated_Source\PSoC4/cyfitter_cfg.c ****     #define CY_CFG_MEMORY_BARRIER() __DMB()
  52:.\Generated_Source\PSoC4/cyfitter_cfg.c ****     
  53:.\Generated_Source\PSoC4/cyfitter_cfg.c **** #else
  54:.\Generated_Source\PSoC4/cyfitter_cfg.c ****     #error Unsupported toolchain
  55:.\Generated_Source\PSoC4/cyfitter_cfg.c **** #endif
  56:.\Generated_Source\PSoC4/cyfitter_cfg.c **** 
  57:.\Generated_Source\PSoC4/cyfitter_cfg.c **** 
  58:.\Generated_Source\PSoC4/cyfitter_cfg.c **** CY_CFG_UNUSED
  59:.\Generated_Source\PSoC4/cyfitter_cfg.c **** static void CYMEMZERO(void *s, size_t n);
  60:.\Generated_Source\PSoC4/cyfitter_cfg.c **** CY_CFG_UNUSED
  61:.\Generated_Source\PSoC4/cyfitter_cfg.c **** static void CYMEMZERO(void *s, size_t n)
  62:.\Generated_Source\PSoC4/cyfitter_cfg.c **** {
  25              		.loc 1 62 0
  26              		.cfi_startproc
  27              	.LVL0:
  28 0000 08B5     		push	{r3, lr}
  29              		.cfi_def_cfa_offset 8
  30              		.cfi_offset 3, -8
  31              		.cfi_offset 14, -4
  32 0002 0A1C     		mov	r2, r1
  63:.\Generated_Source\PSoC4/cyfitter_cfg.c **** 	(void)memset(s, 0, n);
  33              		.loc 1 63 0
  34 0004 0021     		mov	r1, #0
  35              	.LVL1:
  36 0006 FFF7FEFF 		bl	memset
  37              	.LVL2:
  64:.\Generated_Source\PSoC4/cyfitter_cfg.c **** }
  38              		.loc 1 64 0
  39              		@ sp needed
  40 000a 08BD     		pop	{r3, pc}
  41              		.cfi_endproc
  42              	.LFE0:
  43              		.size	CYMEMZERO, .-CYMEMZERO
  44              		.section	.psocinit,"ax",%progbits
  45              		.align	2
  46              		.code	16
  47              		.thumb_func
  48              		.type	ClockSetup, %function
  49              	ClockSetup:
  50              	.LFB3:
ARM GAS  C:\Users\Chris\AppData\Local\Temp\cc7KQbLZ.s 			page 3


  65:.\Generated_Source\PSoC4/cyfitter_cfg.c **** CY_CFG_UNUSED
  66:.\Generated_Source\PSoC4/cyfitter_cfg.c **** static void CYCONFIGCPY(void *dest, const void *src, size_t n);
  67:.\Generated_Source\PSoC4/cyfitter_cfg.c **** CY_CFG_UNUSED
  68:.\Generated_Source\PSoC4/cyfitter_cfg.c **** static void CYCONFIGCPY(void *dest, const void *src, size_t n)
  69:.\Generated_Source\PSoC4/cyfitter_cfg.c **** {
  70:.\Generated_Source\PSoC4/cyfitter_cfg.c **** 	(void)memcpy(dest, src, n);
  71:.\Generated_Source\PSoC4/cyfitter_cfg.c **** }
  72:.\Generated_Source\PSoC4/cyfitter_cfg.c **** CY_CFG_UNUSED
  73:.\Generated_Source\PSoC4/cyfitter_cfg.c **** static void CYCONFIGCPYCODE(void *dest, const void *src, size_t n);
  74:.\Generated_Source\PSoC4/cyfitter_cfg.c **** CY_CFG_UNUSED
  75:.\Generated_Source\PSoC4/cyfitter_cfg.c **** static void CYCONFIGCPYCODE(void *dest, const void *src, size_t n)
  76:.\Generated_Source\PSoC4/cyfitter_cfg.c **** {
  77:.\Generated_Source\PSoC4/cyfitter_cfg.c **** 	(void)memcpy(dest, src, n);
  78:.\Generated_Source\PSoC4/cyfitter_cfg.c **** }
  79:.\Generated_Source\PSoC4/cyfitter_cfg.c **** 
  80:.\Generated_Source\PSoC4/cyfitter_cfg.c **** 
  81:.\Generated_Source\PSoC4/cyfitter_cfg.c **** 
  82:.\Generated_Source\PSoC4/cyfitter_cfg.c **** /* Clock startup error codes                                                   */
  83:.\Generated_Source\PSoC4/cyfitter_cfg.c **** #define CYCLOCKSTART_NO_ERROR    0u
  84:.\Generated_Source\PSoC4/cyfitter_cfg.c **** #define CYCLOCKSTART_XTAL_ERROR  1u
  85:.\Generated_Source\PSoC4/cyfitter_cfg.c **** #define CYCLOCKSTART_32KHZ_ERROR 2u
  86:.\Generated_Source\PSoC4/cyfitter_cfg.c **** #define CYCLOCKSTART_PLL_ERROR   3u
  87:.\Generated_Source\PSoC4/cyfitter_cfg.c **** 
  88:.\Generated_Source\PSoC4/cyfitter_cfg.c **** #ifdef CY_NEED_CYCLOCKSTARTUPERROR
  89:.\Generated_Source\PSoC4/cyfitter_cfg.c **** /*******************************************************************************
  90:.\Generated_Source\PSoC4/cyfitter_cfg.c **** * Function Name: CyClockStartupError
  91:.\Generated_Source\PSoC4/cyfitter_cfg.c **** ********************************************************************************
  92:.\Generated_Source\PSoC4/cyfitter_cfg.c **** * Summary:
  93:.\Generated_Source\PSoC4/cyfitter_cfg.c **** *  If an error is encountered during clock configuration (crystal startup error,
  94:.\Generated_Source\PSoC4/cyfitter_cfg.c **** *  PLL lock error, etc.), the system will end up here.  Unless reimplemented by
  95:.\Generated_Source\PSoC4/cyfitter_cfg.c **** *  the customer, this function will stop in an infinite loop.
  96:.\Generated_Source\PSoC4/cyfitter_cfg.c **** *
  97:.\Generated_Source\PSoC4/cyfitter_cfg.c **** * Parameters:
  98:.\Generated_Source\PSoC4/cyfitter_cfg.c **** *   void
  99:.\Generated_Source\PSoC4/cyfitter_cfg.c **** *
 100:.\Generated_Source\PSoC4/cyfitter_cfg.c **** * Return:
 101:.\Generated_Source\PSoC4/cyfitter_cfg.c **** *   void
 102:.\Generated_Source\PSoC4/cyfitter_cfg.c **** *
 103:.\Generated_Source\PSoC4/cyfitter_cfg.c **** *******************************************************************************/
 104:.\Generated_Source\PSoC4/cyfitter_cfg.c **** CY_CFG_UNUSED
 105:.\Generated_Source\PSoC4/cyfitter_cfg.c **** static void CyClockStartupError(uint8 errorCode);
 106:.\Generated_Source\PSoC4/cyfitter_cfg.c **** CY_CFG_UNUSED
 107:.\Generated_Source\PSoC4/cyfitter_cfg.c **** static void CyClockStartupError(uint8 errorCode)
 108:.\Generated_Source\PSoC4/cyfitter_cfg.c **** {
 109:.\Generated_Source\PSoC4/cyfitter_cfg.c ****     /* To remove the compiler warning if errorCode not used.                */
 110:.\Generated_Source\PSoC4/cyfitter_cfg.c ****     errorCode = errorCode;
 111:.\Generated_Source\PSoC4/cyfitter_cfg.c **** 
 112:.\Generated_Source\PSoC4/cyfitter_cfg.c ****     /* `#START CyClockStartupError` */
 113:.\Generated_Source\PSoC4/cyfitter_cfg.c **** 
 114:.\Generated_Source\PSoC4/cyfitter_cfg.c ****     /* If we have a clock startup error (bad MHz crystal, PLL lock, etc.),  */
 115:.\Generated_Source\PSoC4/cyfitter_cfg.c ****     /* we will end up here to allow the customer to implement something to  */
 116:.\Generated_Source\PSoC4/cyfitter_cfg.c ****     /* deal with the clock condition.                                       */
 117:.\Generated_Source\PSoC4/cyfitter_cfg.c **** 
 118:.\Generated_Source\PSoC4/cyfitter_cfg.c ****     /* `#END` */
 119:.\Generated_Source\PSoC4/cyfitter_cfg.c **** 
 120:.\Generated_Source\PSoC4/cyfitter_cfg.c ****     /* If nothing else, stop here since the clocks have not started         */
 121:.\Generated_Source\PSoC4/cyfitter_cfg.c ****     /* correctly.                                                           */
ARM GAS  C:\Users\Chris\AppData\Local\Temp\cc7KQbLZ.s 			page 4


 122:.\Generated_Source\PSoC4/cyfitter_cfg.c ****     while(1) {}
 123:.\Generated_Source\PSoC4/cyfitter_cfg.c **** }
 124:.\Generated_Source\PSoC4/cyfitter_cfg.c **** #endif
 125:.\Generated_Source\PSoC4/cyfitter_cfg.c **** 
 126:.\Generated_Source\PSoC4/cyfitter_cfg.c **** 
 127:.\Generated_Source\PSoC4/cyfitter_cfg.c **** 
 128:.\Generated_Source\PSoC4/cyfitter_cfg.c **** /*******************************************************************************
 129:.\Generated_Source\PSoC4/cyfitter_cfg.c **** * Function Name: ClockSetup
 130:.\Generated_Source\PSoC4/cyfitter_cfg.c **** ********************************************************************************
 131:.\Generated_Source\PSoC4/cyfitter_cfg.c **** *
 132:.\Generated_Source\PSoC4/cyfitter_cfg.c **** * Summary:
 133:.\Generated_Source\PSoC4/cyfitter_cfg.c **** *   Performs the initialization of all of the clocks in the device based on the
 134:.\Generated_Source\PSoC4/cyfitter_cfg.c **** *   settings in the Clock tab of the DWR.  This includes enabling the requested
 135:.\Generated_Source\PSoC4/cyfitter_cfg.c **** *   clocks and setting the necessary dividers to produce the desired frequency. 
 136:.\Generated_Source\PSoC4/cyfitter_cfg.c **** *
 137:.\Generated_Source\PSoC4/cyfitter_cfg.c **** * Parameters:
 138:.\Generated_Source\PSoC4/cyfitter_cfg.c **** *   void
 139:.\Generated_Source\PSoC4/cyfitter_cfg.c **** *
 140:.\Generated_Source\PSoC4/cyfitter_cfg.c **** * Return:
 141:.\Generated_Source\PSoC4/cyfitter_cfg.c **** *   void
 142:.\Generated_Source\PSoC4/cyfitter_cfg.c **** *
 143:.\Generated_Source\PSoC4/cyfitter_cfg.c **** *******************************************************************************/
 144:.\Generated_Source\PSoC4/cyfitter_cfg.c **** static void ClockSetup(void);
 145:.\Generated_Source\PSoC4/cyfitter_cfg.c **** CY_CFG_SECTION
 146:.\Generated_Source\PSoC4/cyfitter_cfg.c **** static void ClockSetup(void)
 147:.\Generated_Source\PSoC4/cyfitter_cfg.c **** {
  51              		.loc 1 147 0
  52              		.cfi_startproc
  53 0000 38B5     		push	{r3, r4, r5, lr}
  54              		.cfi_def_cfa_offset 16
  55              		.cfi_offset 3, -16
  56              		.cfi_offset 4, -12
  57              		.cfi_offset 5, -8
  58              		.cfi_offset 14, -4
 148:.\Generated_Source\PSoC4/cyfitter_cfg.c **** 	/* Enable HALF_EN before trimming for the flash accelerator. */
 149:.\Generated_Source\PSoC4/cyfitter_cfg.c **** 	CY_SET_REG32((void CYXDATA *)(CYREG_CLK_SELECT), (CY_GET_REG32((void *)CYREG_CLK_SELECT) | 0x00040
  59              		.loc 1 149 0
  60 0002 0F4C     		ldr	r4, .L3
  61 0004 2368     		ldr	r3, [r4]
  62 0006 8022     		mov	r2, #128
  63 0008 D202     		lsl	r2, r2, #11
  64 000a 1343     		orr	r3, r2
  65 000c 2360     		str	r3, [r4]
 150:.\Generated_Source\PSoC4/cyfitter_cfg.c **** 
 151:.\Generated_Source\PSoC4/cyfitter_cfg.c **** 	/* Setup and trim IMO based on desired frequency. */
 152:.\Generated_Source\PSoC4/cyfitter_cfg.c **** 	CySysClkWriteImoFreq(24u);
  66              		.loc 1 152 0
  67 000e 1820     		mov	r0, #24
  68 0010 FFF7FEFF 		bl	CySysClkWriteImoFreq
  69              	.LVL3:
 153:.\Generated_Source\PSoC4/cyfitter_cfg.c **** 
 154:.\Generated_Source\PSoC4/cyfitter_cfg.c **** 	/* Disable HALF_EN since it is not required at this IMO frequency. */
 155:.\Generated_Source\PSoC4/cyfitter_cfg.c **** 	CY_SET_REG32((void CYXDATA *)(CYREG_CLK_SELECT), (CY_GET_REG32((void *)CYREG_CLK_SELECT) & 0xFFFBF
  70              		.loc 1 155 0
  71 0014 2268     		ldr	r2, [r4]
  72 0016 0B4B     		ldr	r3, .L3+4
  73 0018 1340     		and	r3, r2
ARM GAS  C:\Users\Chris\AppData\Local\Temp\cc7KQbLZ.s 			page 5


  74 001a 2360     		str	r3, [r4]
 156:.\Generated_Source\PSoC4/cyfitter_cfg.c **** 	/* CYDEV_CLK_ILO_CONFIG Starting address: CYDEV_CLK_ILO_CONFIG */
 157:.\Generated_Source\PSoC4/cyfitter_cfg.c **** 	CY_SET_XTND_REG32((void CYFAR *)(CYREG_CLK_ILO_CONFIG), 0x80000006u);
  75              		.loc 1 157 0
  76 001c 0A4A     		ldr	r2, .L3+8
  77 001e 0B4B     		ldr	r3, .L3+12
  78 0020 1A60     		str	r2, [r3]
 158:.\Generated_Source\PSoC4/cyfitter_cfg.c **** 
 159:.\Generated_Source\PSoC4/cyfitter_cfg.c **** 
 160:.\Generated_Source\PSoC4/cyfitter_cfg.c **** 	/* CYDEV_CLK_IMO_CONFIG Starting address: CYDEV_CLK_IMO_CONFIG */
 161:.\Generated_Source\PSoC4/cyfitter_cfg.c **** 	CY_SET_XTND_REG32((void CYFAR *)(CYREG_CLK_IMO_CONFIG), 0x80000000u);
  79              		.loc 1 161 0
  80 0022 063A     		sub	r2, r2, #6
  81 0024 0A4B     		ldr	r3, .L3+16
  82 0026 1A60     		str	r2, [r3]
 162:.\Generated_Source\PSoC4/cyfitter_cfg.c **** 
 163:.\Generated_Source\PSoC4/cyfitter_cfg.c **** 	/* CYDEV_CLK_SELECT Starting address: CYDEV_CLK_SELECT */
 164:.\Generated_Source\PSoC4/cyfitter_cfg.c **** 	CY_SET_XTND_REG32((void CYFAR *)(CYREG_CLK_SELECT), 0x00000000u);
  83              		.loc 1 164 0
  84 0028 0025     		mov	r5, #0
  85 002a 2560     		str	r5, [r4]
 165:.\Generated_Source\PSoC4/cyfitter_cfg.c **** 
 166:.\Generated_Source\PSoC4/cyfitter_cfg.c **** 	(void)CyIntSetVector(9u, &CySysWdtIsr);
  86              		.loc 1 166 0
  87 002c 0920     		mov	r0, #9
  88 002e 0949     		ldr	r1, .L3+20
  89 0030 FFF7FEFF 		bl	CyIntSetVector
  90              	.LVL4:
 167:.\Generated_Source\PSoC4/cyfitter_cfg.c **** 	CyIntEnable(9u);
  91              		.loc 1 167 0
  92 0034 0920     		mov	r0, #9
  93 0036 FFF7FEFF 		bl	CyIntEnable
  94              	.LVL5:
 168:.\Generated_Source\PSoC4/cyfitter_cfg.c **** 	CY_SET_XTND_REG32((void CYFAR *)(CYREG_WDT_CONFIG), 0x00000000u);
  95              		.loc 1 168 0
  96 003a 074B     		ldr	r3, .L3+24
  97 003c 1D60     		str	r5, [r3]
 169:.\Generated_Source\PSoC4/cyfitter_cfg.c **** }
  98              		.loc 1 169 0
  99              		@ sp needed
 100 003e 38BD     		pop	{r3, r4, r5, pc}
 101              	.L4:
 102              		.align	2
 103              	.L3:
 104 0040 00010B40 		.word	1074462976
 105 0044 FFFFFBFF 		.word	-262145
 106 0048 06000080 		.word	-2147483642
 107 004c 04010B40 		.word	1074462980
 108 0050 08010B40 		.word	1074462984
 109 0054 00000000 		.word	CySysWdtIsr
 110 0058 0C020B40 		.word	1074463244
 111              		.cfi_endproc
 112              	.LFE3:
 113              		.size	ClockSetup, .-ClockSetup
 114              		.align	2
 115              		.global	cyfitter_cfg
 116              		.code	16
ARM GAS  C:\Users\Chris\AppData\Local\Temp\cc7KQbLZ.s 			page 6


 117              		.thumb_func
 118              		.type	cyfitter_cfg, %function
 119              	cyfitter_cfg:
 120              	.LFB5:
 170:.\Generated_Source\PSoC4/cyfitter_cfg.c **** 
 171:.\Generated_Source\PSoC4/cyfitter_cfg.c **** 
 172:.\Generated_Source\PSoC4/cyfitter_cfg.c **** /* Analog API Functions */
 173:.\Generated_Source\PSoC4/cyfitter_cfg.c **** 
 174:.\Generated_Source\PSoC4/cyfitter_cfg.c **** 
 175:.\Generated_Source\PSoC4/cyfitter_cfg.c **** /*******************************************************************************
 176:.\Generated_Source\PSoC4/cyfitter_cfg.c **** * Function Name: AnalogSetDefault
 177:.\Generated_Source\PSoC4/cyfitter_cfg.c **** ********************************************************************************
 178:.\Generated_Source\PSoC4/cyfitter_cfg.c **** *
 179:.\Generated_Source\PSoC4/cyfitter_cfg.c **** * Summary:
 180:.\Generated_Source\PSoC4/cyfitter_cfg.c **** *  Sets up the analog portions of the chip to default values based on chip
 181:.\Generated_Source\PSoC4/cyfitter_cfg.c **** *  configuration options from the project.
 182:.\Generated_Source\PSoC4/cyfitter_cfg.c **** *
 183:.\Generated_Source\PSoC4/cyfitter_cfg.c **** * Parameters:
 184:.\Generated_Source\PSoC4/cyfitter_cfg.c **** *  void
 185:.\Generated_Source\PSoC4/cyfitter_cfg.c **** *
 186:.\Generated_Source\PSoC4/cyfitter_cfg.c **** * Return:
 187:.\Generated_Source\PSoC4/cyfitter_cfg.c **** *  void
 188:.\Generated_Source\PSoC4/cyfitter_cfg.c **** *
 189:.\Generated_Source\PSoC4/cyfitter_cfg.c **** *******************************************************************************/
 190:.\Generated_Source\PSoC4/cyfitter_cfg.c **** static void AnalogSetDefault(void);
 191:.\Generated_Source\PSoC4/cyfitter_cfg.c **** static void AnalogSetDefault(void)
 192:.\Generated_Source\PSoC4/cyfitter_cfg.c **** {
 193:.\Generated_Source\PSoC4/cyfitter_cfg.c **** }
 194:.\Generated_Source\PSoC4/cyfitter_cfg.c **** 
 195:.\Generated_Source\PSoC4/cyfitter_cfg.c **** #define CY_AMUX_UNUSED CYREG_CM0_ROM_DWT
 196:.\Generated_Source\PSoC4/cyfitter_cfg.c **** 
 197:.\Generated_Source\PSoC4/cyfitter_cfg.c **** 
 198:.\Generated_Source\PSoC4/cyfitter_cfg.c **** /*******************************************************************************
 199:.\Generated_Source\PSoC4/cyfitter_cfg.c **** * Function Name: cyfitter_cfg
 200:.\Generated_Source\PSoC4/cyfitter_cfg.c **** ********************************************************************************
 201:.\Generated_Source\PSoC4/cyfitter_cfg.c **** * Summary:
 202:.\Generated_Source\PSoC4/cyfitter_cfg.c **** *  This function is called by the start-up code for the selected device. It
 203:.\Generated_Source\PSoC4/cyfitter_cfg.c **** *  performs all of the necessary device configuration based on the design
 204:.\Generated_Source\PSoC4/cyfitter_cfg.c **** *  settings.  This includes settings from the Design Wide Resources (DWR) such
 205:.\Generated_Source\PSoC4/cyfitter_cfg.c **** *  as Clocks and Pins as well as any component configuration that is necessary.
 206:.\Generated_Source\PSoC4/cyfitter_cfg.c **** *
 207:.\Generated_Source\PSoC4/cyfitter_cfg.c **** * Parameters:  
 208:.\Generated_Source\PSoC4/cyfitter_cfg.c **** *   void
 209:.\Generated_Source\PSoC4/cyfitter_cfg.c **** *
 210:.\Generated_Source\PSoC4/cyfitter_cfg.c **** * Return:
 211:.\Generated_Source\PSoC4/cyfitter_cfg.c **** *   void
 212:.\Generated_Source\PSoC4/cyfitter_cfg.c **** *
 213:.\Generated_Source\PSoC4/cyfitter_cfg.c **** *******************************************************************************/
 214:.\Generated_Source\PSoC4/cyfitter_cfg.c **** CY_CFG_SECTION
 215:.\Generated_Source\PSoC4/cyfitter_cfg.c **** void cyfitter_cfg(void)
 216:.\Generated_Source\PSoC4/cyfitter_cfg.c **** {
 121              		.loc 1 216 0
 122              		.cfi_startproc
 123 005c 10B5     		push	{r4, lr}
 124              		.cfi_def_cfa_offset 8
 125              		.cfi_offset 4, -8
 126              		.cfi_offset 14, -4
ARM GAS  C:\Users\Chris\AppData\Local\Temp\cc7KQbLZ.s 			page 7


 217:.\Generated_Source\PSoC4/cyfitter_cfg.c **** 	/* Disable interrupts by default. Let user enable if/when they want. */
 218:.\Generated_Source\PSoC4/cyfitter_cfg.c **** 	CyGlobalIntDisable;
 127              		.loc 1 218 0
 128              	@ 218 ".\Generated_Source\PSoC4\cyfitter_cfg.c" 1
 129 005e 72B6     		CPSID   i
 130              	@ 0 "" 2
 131              	.LVL6:
 132              		.code	16
 133              	.LBB2:
 219:.\Generated_Source\PSoC4/cyfitter_cfg.c **** 
 220:.\Generated_Source\PSoC4/cyfitter_cfg.c **** 	{
 221:.\Generated_Source\PSoC4/cyfitter_cfg.c **** 
 222:.\Generated_Source\PSoC4/cyfitter_cfg.c **** 		CYPACKED typedef struct {
 223:.\Generated_Source\PSoC4/cyfitter_cfg.c **** 			void CYFAR *address;
 224:.\Generated_Source\PSoC4/cyfitter_cfg.c **** 			uint16 size;
 225:.\Generated_Source\PSoC4/cyfitter_cfg.c **** 		} CYPACKED_ATTR cfg_memset_t;
 226:.\Generated_Source\PSoC4/cyfitter_cfg.c **** 
 227:.\Generated_Source\PSoC4/cyfitter_cfg.c **** 		static const cfg_memset_t CYCODE cfg_memset_list [] = {
 228:.\Generated_Source\PSoC4/cyfitter_cfg.c **** 			/* address, size */
 229:.\Generated_Source\PSoC4/cyfitter_cfg.c **** 			{(void CYFAR *)(CYDEV_UDB_P0_U0_BASE), 1024u},
 230:.\Generated_Source\PSoC4/cyfitter_cfg.c **** 			{(void CYFAR *)(CYDEV_UDB_DSI0_BASE), 1024u},
 231:.\Generated_Source\PSoC4/cyfitter_cfg.c **** 		};
 232:.\Generated_Source\PSoC4/cyfitter_cfg.c **** 
 233:.\Generated_Source\PSoC4/cyfitter_cfg.c **** 		uint8 CYDATA i;
 234:.\Generated_Source\PSoC4/cyfitter_cfg.c **** 
 235:.\Generated_Source\PSoC4/cyfitter_cfg.c **** 		/* Zero out critical memory blocks before beginning configuration */
 236:.\Generated_Source\PSoC4/cyfitter_cfg.c **** 		for (i = 0u; i < (sizeof(cfg_memset_list)/sizeof(cfg_memset_list[0])); i++)
 134              		.loc 1 236 0
 135 0060 0024     		mov	r4, #0
 136 0062 10E0     		b	.L6
 137              	.LVL7:
 138              	.L7:
 139              	.LBB3:
 237:.\Generated_Source\PSoC4/cyfitter_cfg.c **** 		{
 238:.\Generated_Source\PSoC4/cyfitter_cfg.c **** 			const cfg_memset_t CYCODE * CYDATA ms = &cfg_memset_list[i];
 239:.\Generated_Source\PSoC4/cyfitter_cfg.c **** 			CYMEMZERO(ms->address, (size_t)(uint32)(ms->size));
 140              		.loc 1 239 0 discriminator 3
 141 0064 2348     		ldr	r0, .L8
 142 0066 6300     		lsl	r3, r4, #1
 143 0068 1A19     		add	r2, r3, r4
 144 006a 5200     		lsl	r2, r2, #1
 145 006c 8218     		add	r2, r0, r2
 146 006e 9188     		ldrh	r1, [r2, #4]
 147 0070 1B19     		add	r3, r3, r4
 148 0072 5B00     		lsl	r3, r3, #1
 149 0074 1A5A     		ldrh	r2, [r3, r0]
 150 0076 C318     		add	r3, r0, r3
 151 0078 5888     		ldrh	r0, [r3, #2]
 152 007a 0004     		lsl	r0, r0, #16
 153 007c 1043     		orr	r0, r2
 154 007e FFF7FEFF 		bl	CYMEMZERO
 155              	.LVL8:
 156              	.LBE3:
 236:.\Generated_Source\PSoC4/cyfitter_cfg.c **** 		{
 157              		.loc 1 236 0 discriminator 3
 158 0082 0134     		add	r4, r4, #1
 159              	.LVL9:
ARM GAS  C:\Users\Chris\AppData\Local\Temp\cc7KQbLZ.s 			page 8


 160 0084 E4B2     		uxtb	r4, r4
 161              	.LVL10:
 162              	.L6:
 236:.\Generated_Source\PSoC4/cyfitter_cfg.c **** 		{
 163              		.loc 1 236 0 is_stmt 0 discriminator 1
 164 0086 012C     		cmp	r4, #1
 165 0088 ECD9     		bls	.L7
 240:.\Generated_Source\PSoC4/cyfitter_cfg.c **** 		}
 241:.\Generated_Source\PSoC4/cyfitter_cfg.c **** 
 242:.\Generated_Source\PSoC4/cyfitter_cfg.c **** 		/* HSIOM Starting address: CYDEV_HSIOM_BASE */
 243:.\Generated_Source\PSoC4/cyfitter_cfg.c **** 		CY_SET_XTND_REG32((void CYFAR *)(CYREG_HSIOM_PORT_SEL3), 0x0000EE00u);
 166              		.loc 1 243 0 is_stmt 1
 167 008a EE22     		mov	r2, #238
 168 008c 1202     		lsl	r2, r2, #8
 169 008e 1A4B     		ldr	r3, .L8+4
 170 0090 1A60     		str	r2, [r3]
 244:.\Generated_Source\PSoC4/cyfitter_cfg.c **** 
 245:.\Generated_Source\PSoC4/cyfitter_cfg.c **** 		/* UDB_PA_0 Starting address: CYDEV_UDB_PA0_BASE */
 246:.\Generated_Source\PSoC4/cyfitter_cfg.c **** 		CY_SET_XTND_REG32((void CYFAR *)(CYDEV_UDB_PA0_BASE), 0x00990000u);
 171              		.loc 1 246 0
 172 0092 9923     		mov	r3, #153
 173 0094 1B04     		lsl	r3, r3, #16
 174 0096 194A     		ldr	r2, .L8+8
 175 0098 1360     		str	r3, [r2]
 247:.\Generated_Source\PSoC4/cyfitter_cfg.c **** 
 248:.\Generated_Source\PSoC4/cyfitter_cfg.c **** 		/* UDB_PA_1 Starting address: CYDEV_UDB_PA1_BASE */
 249:.\Generated_Source\PSoC4/cyfitter_cfg.c **** 		CY_SET_XTND_REG32((void CYFAR *)(CYDEV_UDB_PA1_BASE), 0x00990000u);
 176              		.loc 1 249 0
 177 009a 194A     		ldr	r2, .L8+12
 178 009c 1360     		str	r3, [r2]
 250:.\Generated_Source\PSoC4/cyfitter_cfg.c **** 
 251:.\Generated_Source\PSoC4/cyfitter_cfg.c **** 		/* UDB_PA_3 Starting address: CYDEV_UDB_PA3_BASE */
 252:.\Generated_Source\PSoC4/cyfitter_cfg.c **** 		CY_SET_XTND_REG32((void CYFAR *)(CYDEV_UDB_PA3_BASE), 0x00990000u);
 179              		.loc 1 252 0
 180 009e 194A     		ldr	r2, .L8+16
 181 00a0 1360     		str	r3, [r2]
 253:.\Generated_Source\PSoC4/cyfitter_cfg.c **** 
 254:.\Generated_Source\PSoC4/cyfitter_cfg.c **** 		/* Enable digital routing */
 255:.\Generated_Source\PSoC4/cyfitter_cfg.c **** 		CY_SET_XTND_REG8((void *)CYREG_UDB_UDBIF_BANK_CTL, CY_GET_XTND_REG8((void *)CYREG_UDB_UDBIF_BANK_
 182              		.loc 1 255 0
 183 00a2 194B     		ldr	r3, .L8+20
 184 00a4 1978     		ldrb	r1, [r3]
 185 00a6 0222     		mov	r2, #2
 186 00a8 0A43     		orr	r2, r1
 187 00aa 1A70     		strb	r2, [r3]
 256:.\Generated_Source\PSoC4/cyfitter_cfg.c **** 
 257:.\Generated_Source\PSoC4/cyfitter_cfg.c **** 		/* Enable UDB array */
 258:.\Generated_Source\PSoC4/cyfitter_cfg.c **** 		CY_SET_XTND_REG8((void *)CYREG_UDB_UDBIF_WAIT_CFG, (uint8)((CY_GET_XTND_REG8((void *)CYREG_UDB_UD
 188              		.loc 1 258 0
 189 00ac 1748     		ldr	r0, .L8+24
 190 00ae 0278     		ldrb	r2, [r0]
 191 00b0 3C21     		mov	r1, #60
 192 00b2 8A43     		bic	r2, r1
 193 00b4 2839     		sub	r1, r1, #40
 194 00b6 0A43     		orr	r2, r1
 195 00b8 0270     		strb	r2, [r0]
 259:.\Generated_Source\PSoC4/cyfitter_cfg.c **** 		CY_SET_XTND_REG8((void *)CYREG_UDB_UDBIF_BANK_CTL, (uint8)(CY_GET_XTND_REG8((void *)CYREG_UDB_UDB
ARM GAS  C:\Users\Chris\AppData\Local\Temp\cc7KQbLZ.s 			page 9


 196              		.loc 1 259 0
 197 00ba 1978     		ldrb	r1, [r3]
 198 00bc 1622     		mov	r2, #22
 199 00be 0A43     		orr	r2, r1
 200 00c0 1A70     		strb	r2, [r3]
 201              	.LBE2:
 260:.\Generated_Source\PSoC4/cyfitter_cfg.c **** 	}
 261:.\Generated_Source\PSoC4/cyfitter_cfg.c **** 
 262:.\Generated_Source\PSoC4/cyfitter_cfg.c **** 	/* Perform second pass device configuration. These items must be configured in specific order afte
 263:.\Generated_Source\PSoC4/cyfitter_cfg.c **** 	/* IOPINS0_0 Starting address: CYDEV_PRT0_BASE */
 264:.\Generated_Source\PSoC4/cyfitter_cfg.c **** 	CY_SET_XTND_REG32((void CYFAR *)(CYDEV_PRT0_BASE), 0x0000008Cu);
 202              		.loc 1 264 0
 203 00c2 8C22     		mov	r2, #140
 204 00c4 124B     		ldr	r3, .L8+28
 205 00c6 1A60     		str	r2, [r3]
 265:.\Generated_Source\PSoC4/cyfitter_cfg.c **** 	CY_SET_XTND_REG32((void CYFAR *)(CYREG_PRT0_PC), 0x00400D80u);
 206              		.loc 1 265 0
 207 00c8 124A     		ldr	r2, .L8+32
 208 00ca 134B     		ldr	r3, .L8+36
 209 00cc 1A60     		str	r2, [r3]
 266:.\Generated_Source\PSoC4/cyfitter_cfg.c **** 	CY_SET_XTND_REG32((void CYFAR *)(CYREG_PRT0_INTCFG), 0x00008000u);
 210              		.loc 1 266 0
 211 00ce 8022     		mov	r2, #128
 212 00d0 1202     		lsl	r2, r2, #8
 213 00d2 124B     		ldr	r3, .L8+40
 214 00d4 1A60     		str	r2, [r3]
 267:.\Generated_Source\PSoC4/cyfitter_cfg.c **** 
 268:.\Generated_Source\PSoC4/cyfitter_cfg.c **** 	/* IOPINS0_1 Starting address: CYDEV_PRT1_BASE */
 269:.\Generated_Source\PSoC4/cyfitter_cfg.c **** 	CY_SET_XTND_REG32((void CYFAR *)(CYDEV_PRT1_BASE), 0x00000040u);
 215              		.loc 1 269 0
 216 00d6 4022     		mov	r2, #64
 217 00d8 114B     		ldr	r3, .L8+44
 218 00da 1A60     		str	r2, [r3]
 270:.\Generated_Source\PSoC4/cyfitter_cfg.c **** 	CY_SET_XTND_REG32((void CYFAR *)(CYREG_PRT1_PC), 0x00180000u);
 219              		.loc 1 270 0
 220 00dc C022     		mov	r2, #192
 221 00de 5203     		lsl	r2, r2, #13
 222 00e0 104B     		ldr	r3, .L8+48
 223 00e2 1A60     		str	r2, [r3]
 271:.\Generated_Source\PSoC4/cyfitter_cfg.c **** 
 272:.\Generated_Source\PSoC4/cyfitter_cfg.c **** 	/* IOPINS0_3 Starting address: CYDEV_PRT3_BASE */
 273:.\Generated_Source\PSoC4/cyfitter_cfg.c **** 	CY_SET_XTND_REG32((void CYFAR *)(CYREG_PRT3_PC), 0x00000D80u);
 224              		.loc 1 273 0
 225 00e4 D822     		mov	r2, #216
 226 00e6 1201     		lsl	r2, r2, #4
 227 00e8 0F4B     		ldr	r3, .L8+52
 228 00ea 1A60     		str	r2, [r3]
 274:.\Generated_Source\PSoC4/cyfitter_cfg.c **** 
 275:.\Generated_Source\PSoC4/cyfitter_cfg.c **** 
 276:.\Generated_Source\PSoC4/cyfitter_cfg.c **** 	/* Setup clocks based on selections from Clock DWR */
 277:.\Generated_Source\PSoC4/cyfitter_cfg.c **** 	ClockSetup();
 229              		.loc 1 277 0
 230 00ec FFF788FF 		bl	ClockSetup
 231              	.LVL11:
 278:.\Generated_Source\PSoC4/cyfitter_cfg.c **** 
 279:.\Generated_Source\PSoC4/cyfitter_cfg.c **** 	/* Perform basic analog initialization to defaults */
 280:.\Generated_Source\PSoC4/cyfitter_cfg.c **** 	AnalogSetDefault();
ARM GAS  C:\Users\Chris\AppData\Local\Temp\cc7KQbLZ.s 			page 10


 281:.\Generated_Source\PSoC4/cyfitter_cfg.c **** 
 282:.\Generated_Source\PSoC4/cyfitter_cfg.c **** }
 232              		.loc 1 282 0
 233              		@ sp needed
 234              	.LVL12:
 235 00f0 10BD     		pop	{r4, pc}
 236              	.L9:
 237 00f2 C046     		.align	2
 238              	.L8:
 239 00f4 00000000 		.word	.LANCHOR0
 240 00f8 0C000140 		.word	1073807372
 241 00fc 00500F40 		.word	1074745344
 242 0100 10500F40 		.word	1074745360
 243 0104 30500F40 		.word	1074745392
 244 0108 00700F40 		.word	1074753536
 245 010c 01700F40 		.word	1074753537
 246 0110 00000440 		.word	1074003968
 247 0114 800D4000 		.word	4197760
 248 0118 08000440 		.word	1074003976
 249 011c 0C000440 		.word	1074003980
 250 0120 00010440 		.word	1074004224
 251 0124 08010440 		.word	1074004232
 252 0128 08030440 		.word	1074004744
 253              		.cfi_endproc
 254              	.LFE5:
 255              		.size	cyfitter_cfg, .-cyfitter_cfg
 256              		.section	.rodata
 257              		.align	2
 258              		.set	.LANCHOR0,. + 0
 259              		.type	cfg_memset_list.4723, %object
 260              		.size	cfg_memset_list.4723, 12
 261              	cfg_memset_list.4723:
 262 0000 00300F40 		.word	1074737152
 263 0004 0004     		.short	1024
 264 0006 00400F40 		.4byte	1074741248
 265 000a 0004     		.short	1024
 266              		.text
 267              	.Letext0:
 268              		.file 2 "c:\\program files (x86)\\cypress\\psoc creator\\3.3\\psoc creator\\import\\gnu\\arm\\4.9.
 269              		.file 3 ".\\Generated_Source\\PSoC4\\cytypes.h"
 270              		.file 4 ".\\Generated_Source\\PSoC4\\CyLib.h"
 271              		.section	.debug_info,"",%progbits
 272              	.Ldebug_info0:
 273 0000 8F020000 		.4byte	0x28f
 274 0004 0400     		.2byte	0x4
 275 0006 00000000 		.4byte	.Ldebug_abbrev0
 276 000a 04       		.byte	0x4
 277 000b 01       		.uleb128 0x1
 278 000c 49010000 		.4byte	.LASF28
 279 0010 01       		.byte	0x1
 280 0011 05010000 		.4byte	.LASF29
 281 0015 F6010000 		.4byte	.LASF30
 282 0019 00000000 		.4byte	.Ldebug_ranges0+0
 283 001d 00000000 		.4byte	0
 284 0021 00000000 		.4byte	.Ldebug_line0
 285 0025 02       		.uleb128 0x2
 286 0026 04       		.byte	0x4
ARM GAS  C:\Users\Chris\AppData\Local\Temp\cc7KQbLZ.s 			page 11


 287 0027 05       		.byte	0x5
 288 0028 696E7400 		.ascii	"int\000"
 289 002c 03       		.uleb128 0x3
 290 002d 06000000 		.4byte	.LASF11
 291 0031 02       		.byte	0x2
 292 0032 D4       		.byte	0xd4
 293 0033 37000000 		.4byte	0x37
 294 0037 04       		.uleb128 0x4
 295 0038 04       		.byte	0x4
 296 0039 07       		.byte	0x7
 297 003a B2000000 		.4byte	.LASF0
 298 003e 04       		.uleb128 0x4
 299 003f 01       		.byte	0x1
 300 0040 06       		.byte	0x6
 301 0041 32020000 		.4byte	.LASF1
 302 0045 04       		.uleb128 0x4
 303 0046 01       		.byte	0x1
 304 0047 08       		.byte	0x8
 305 0048 7C000000 		.4byte	.LASF2
 306 004c 04       		.uleb128 0x4
 307 004d 02       		.byte	0x2
 308 004e 05       		.byte	0x5
 309 004f D7010000 		.4byte	.LASF3
 310 0053 04       		.uleb128 0x4
 311 0054 02       		.byte	0x2
 312 0055 07       		.byte	0x7
 313 0056 37000000 		.4byte	.LASF4
 314 005a 04       		.uleb128 0x4
 315 005b 04       		.byte	0x4
 316 005c 05       		.byte	0x5
 317 005d 29020000 		.4byte	.LASF5
 318 0061 04       		.uleb128 0x4
 319 0062 04       		.byte	0x4
 320 0063 07       		.byte	0x7
 321 0064 5A000000 		.4byte	.LASF6
 322 0068 04       		.uleb128 0x4
 323 0069 08       		.byte	0x8
 324 006a 05       		.byte	0x5
 325 006b 36010000 		.4byte	.LASF7
 326 006f 04       		.uleb128 0x4
 327 0070 08       		.byte	0x8
 328 0071 07       		.byte	0x7
 329 0072 D4000000 		.4byte	.LASF8
 330 0076 04       		.uleb128 0x4
 331 0077 04       		.byte	0x4
 332 0078 07       		.byte	0x7
 333 0079 2D010000 		.4byte	.LASF9
 334 007d 05       		.uleb128 0x5
 335 007e 04       		.byte	0x4
 336 007f 06       		.uleb128 0x6
 337 0080 04       		.byte	0x4
 338 0081 85000000 		.4byte	0x85
 339 0085 07       		.uleb128 0x7
 340 0086 04       		.uleb128 0x4
 341 0087 01       		.byte	0x1
 342 0088 08       		.byte	0x8
 343 0089 44010000 		.4byte	.LASF10
ARM GAS  C:\Users\Chris\AppData\Local\Temp\cc7KQbLZ.s 			page 12


 344 008d 08       		.uleb128 0x8
 345 008e 6C000000 		.4byte	.LASF12
 346 0092 03       		.byte	0x3
 347 0093 9801     		.2byte	0x198
 348 0095 45000000 		.4byte	0x45
 349 0099 08       		.uleb128 0x8
 350 009a A4000000 		.4byte	.LASF13
 351 009e 03       		.byte	0x3
 352 009f 9901     		.2byte	0x199
 353 00a1 53000000 		.4byte	0x53
 354 00a5 08       		.uleb128 0x8
 355 00a6 AB000000 		.4byte	.LASF14
 356 00aa 03       		.byte	0x3
 357 00ab 9A01     		.2byte	0x19a
 358 00ad 61000000 		.4byte	0x61
 359 00b1 04       		.uleb128 0x4
 360 00b2 04       		.byte	0x4
 361 00b3 04       		.byte	0x4
 362 00b4 4A000000 		.4byte	.LASF15
 363 00b8 04       		.uleb128 0x4
 364 00b9 08       		.byte	0x8
 365 00ba 04       		.byte	0x4
 366 00bb 91000000 		.4byte	.LASF16
 367 00bf 08       		.uleb128 0x8
 368 00c0 55000000 		.4byte	.LASF17
 369 00c4 03       		.byte	0x3
 370 00c5 4202     		.2byte	0x242
 371 00c7 CB000000 		.4byte	0xcb
 372 00cb 09       		.uleb128 0x9
 373 00cc 8D000000 		.4byte	0x8d
 374 00d0 08       		.uleb128 0x8
 375 00d1 00000000 		.4byte	.LASF18
 376 00d5 03       		.byte	0x3
 377 00d6 4402     		.2byte	0x244
 378 00d8 DC000000 		.4byte	0xdc
 379 00dc 09       		.uleb128 0x9
 380 00dd A5000000 		.4byte	0xa5
 381 00e1 08       		.uleb128 0x8
 382 00e2 EB000000 		.4byte	.LASF19
 383 00e6 03       		.byte	0x3
 384 00e7 5402     		.2byte	0x254
 385 00e9 7F000000 		.4byte	0x7f
 386 00ed 0A       		.uleb128 0xa
 387 00ee 72000000 		.4byte	.LASF20
 388 00f2 01       		.byte	0x1
 389 00f3 3D       		.byte	0x3d
 390 00f4 00000000 		.4byte	.LFB0
 391 00f8 0C000000 		.4byte	.LFE0-.LFB0
 392 00fc 01       		.uleb128 0x1
 393 00fd 9C       		.byte	0x9c
 394 00fe 3A010000 		.4byte	0x13a
 395 0102 0B       		.uleb128 0xb
 396 0103 7300     		.ascii	"s\000"
 397 0105 01       		.byte	0x1
 398 0106 3D       		.byte	0x3d
 399 0107 7D000000 		.4byte	0x7d
 400 010b 00000000 		.4byte	.LLST0
ARM GAS  C:\Users\Chris\AppData\Local\Temp\cc7KQbLZ.s 			page 13


 401 010f 0B       		.uleb128 0xb
 402 0110 6E00     		.ascii	"n\000"
 403 0112 01       		.byte	0x1
 404 0113 3D       		.byte	0x3d
 405 0114 2C000000 		.4byte	0x2c
 406 0118 21000000 		.4byte	.LLST1
 407 011c 0C       		.uleb128 0xc
 408 011d 0A000000 		.4byte	.LVL2
 409 0121 3D020000 		.4byte	0x23d
 410 0125 0D       		.uleb128 0xd
 411 0126 01       		.uleb128 0x1
 412 0127 52       		.byte	0x52
 413 0128 03       		.uleb128 0x3
 414 0129 F3       		.byte	0xf3
 415 012a 01       		.uleb128 0x1
 416 012b 51       		.byte	0x51
 417 012c 0D       		.uleb128 0xd
 418 012d 01       		.uleb128 0x1
 419 012e 51       		.byte	0x51
 420 012f 01       		.uleb128 0x1
 421 0130 30       		.byte	0x30
 422 0131 0D       		.uleb128 0xd
 423 0132 01       		.uleb128 0x1
 424 0133 50       		.byte	0x50
 425 0134 03       		.uleb128 0x3
 426 0135 F3       		.byte	0xf3
 427 0136 01       		.uleb128 0x1
 428 0137 50       		.byte	0x50
 429 0138 00       		.byte	0
 430 0139 00       		.byte	0
 431 013a 0A       		.uleb128 0xa
 432 013b 2C000000 		.4byte	.LASF21
 433 013f 01       		.byte	0x1
 434 0140 92       		.byte	0x92
 435 0141 00000000 		.4byte	.LFB3
 436 0145 5C000000 		.4byte	.LFE3-.LFB3
 437 0149 01       		.uleb128 0x1
 438 014a 9C       		.byte	0x9c
 439 014b 85010000 		.4byte	0x185
 440 014f 0E       		.uleb128 0xe
 441 0150 14000000 		.4byte	.LVL3
 442 0154 5A020000 		.4byte	0x25a
 443 0158 62010000 		.4byte	0x162
 444 015c 0D       		.uleb128 0xd
 445 015d 01       		.uleb128 0x1
 446 015e 50       		.byte	0x50
 447 015f 01       		.uleb128 0x1
 448 0160 48       		.byte	0x48
 449 0161 00       		.byte	0
 450 0162 0E       		.uleb128 0xe
 451 0163 34000000 		.4byte	.LVL4
 452 0167 6B020000 		.4byte	0x26b
 453 016b 75010000 		.4byte	0x175
 454 016f 0D       		.uleb128 0xd
 455 0170 01       		.uleb128 0x1
 456 0171 50       		.byte	0x50
 457 0172 01       		.uleb128 0x1
ARM GAS  C:\Users\Chris\AppData\Local\Temp\cc7KQbLZ.s 			page 14


 458 0173 39       		.byte	0x39
 459 0174 00       		.byte	0
 460 0175 0C       		.uleb128 0xc
 461 0176 3A000000 		.4byte	.LVL5
 462 017a 85020000 		.4byte	0x285
 463 017e 0D       		.uleb128 0xd
 464 017f 01       		.uleb128 0x1
 465 0180 50       		.byte	0x50
 466 0181 01       		.uleb128 0x1
 467 0182 39       		.byte	0x39
 468 0183 00       		.byte	0
 469 0184 00       		.byte	0
 470 0185 0F       		.uleb128 0xf
 471 0186 BF000000 		.4byte	.LASF31
 472 018a 01       		.byte	0x1
 473 018b D7       		.byte	0xd7
 474 018c 5C000000 		.4byte	.LFB5
 475 0190 D0000000 		.4byte	.LFE5-.LFB5
 476 0194 01       		.uleb128 0x1
 477 0195 9C       		.byte	0x9c
 478 0196 3D020000 		.4byte	0x23d
 479 019a 10       		.uleb128 0x10
 480 019b 60000000 		.4byte	.LBB2
 481 019f 62000000 		.4byte	.LBE2-.LBB2
 482 01a3 33020000 		.4byte	0x233
 483 01a7 11       		.uleb128 0x11
 484 01a8 06       		.byte	0x6
 485 01a9 01       		.byte	0x1
 486 01aa DE       		.byte	0xde
 487 01ab C8010000 		.4byte	0x1c8
 488 01af 12       		.uleb128 0x12
 489 01b0 CC000000 		.4byte	.LASF22
 490 01b4 01       		.byte	0x1
 491 01b5 DF       		.byte	0xdf
 492 01b6 7D000000 		.4byte	0x7d
 493 01ba 00       		.byte	0
 494 01bb 12       		.uleb128 0x12
 495 01bc 50000000 		.4byte	.LASF23
 496 01c0 01       		.byte	0x1
 497 01c1 E0       		.byte	0xe0
 498 01c2 99000000 		.4byte	0x99
 499 01c6 04       		.byte	0x4
 500 01c7 00       		.byte	0
 501 01c8 03       		.uleb128 0x3
 502 01c9 F8000000 		.4byte	.LASF24
 503 01cd 01       		.byte	0x1
 504 01ce E1       		.byte	0xe1
 505 01cf A7010000 		.4byte	0x1a7
 506 01d3 13       		.uleb128 0x13
 507 01d4 C8010000 		.4byte	0x1c8
 508 01d8 E3010000 		.4byte	0x1e3
 509 01dc 14       		.uleb128 0x14
 510 01dd 76000000 		.4byte	0x76
 511 01e1 01       		.byte	0x1
 512 01e2 00       		.byte	0
 513 01e3 15       		.uleb128 0x15
 514 01e4 1C000000 		.4byte	.LASF25
ARM GAS  C:\Users\Chris\AppData\Local\Temp\cc7KQbLZ.s 			page 15


 515 01e8 01       		.byte	0x1
 516 01e9 E3       		.byte	0xe3
 517 01ea F4010000 		.4byte	0x1f4
 518 01ee 05       		.uleb128 0x5
 519 01ef 03       		.byte	0x3
 520 01f0 00000000 		.4byte	cfg_memset_list.4723
 521 01f4 16       		.uleb128 0x16
 522 01f5 D3010000 		.4byte	0x1d3
 523 01f9 17       		.uleb128 0x17
 524 01fa 6900     		.ascii	"i\000"
 525 01fc 01       		.byte	0x1
 526 01fd E9       		.byte	0xe9
 527 01fe 8D000000 		.4byte	0x8d
 528 0202 4D000000 		.4byte	.LLST2
 529 0206 18       		.uleb128 0x18
 530 0207 64000000 		.4byte	.LBB3
 531 020b 1E000000 		.4byte	.LBE3-.LBB3
 532 020f 17       		.uleb128 0x17
 533 0210 6D7300   		.ascii	"ms\000"
 534 0213 01       		.byte	0x1
 535 0214 EE       		.byte	0xee
 536 0215 1D020000 		.4byte	0x21d
 537 0219 77000000 		.4byte	.LLST3
 538 021d 06       		.uleb128 0x6
 539 021e 04       		.byte	0x4
 540 021f 23020000 		.4byte	0x223
 541 0223 16       		.uleb128 0x16
 542 0224 C8010000 		.4byte	0x1c8
 543 0228 19       		.uleb128 0x19
 544 0229 82000000 		.4byte	.LVL8
 545 022d ED000000 		.4byte	0xed
 546 0231 00       		.byte	0
 547 0232 00       		.byte	0
 548 0233 19       		.uleb128 0x19
 549 0234 F0000000 		.4byte	.LVL11
 550 0238 3A010000 		.4byte	0x13a
 551 023c 00       		.byte	0
 552 023d 1A       		.uleb128 0x1a
 553 023e 8A000000 		.4byte	.LASF26
 554 0242 7D000000 		.4byte	0x7d
 555 0246 5A020000 		.4byte	0x25a
 556 024a 1B       		.uleb128 0x1b
 557 024b 7D000000 		.4byte	0x7d
 558 024f 1B       		.uleb128 0x1b
 559 0250 25000000 		.4byte	0x25
 560 0254 1B       		.uleb128 0x1b
 561 0255 76000000 		.4byte	0x76
 562 0259 00       		.byte	0
 563 025a 1C       		.uleb128 0x1c
 564 025b E1010000 		.4byte	.LASF27
 565 025f 04       		.byte	0x4
 566 0260 6C       		.byte	0x6c
 567 0261 6B020000 		.4byte	0x26b
 568 0265 1B       		.uleb128 0x1b
 569 0266 A5000000 		.4byte	0xa5
 570 026a 00       		.byte	0
 571 026b 1D       		.uleb128 0x1d
ARM GAS  C:\Users\Chris\AppData\Local\Temp\cc7KQbLZ.s 			page 16


 572 026c 0D000000 		.4byte	.LASF32
 573 0270 04       		.byte	0x4
 574 0271 BB       		.byte	0xbb
 575 0272 E1000000 		.4byte	0xe1
 576 0276 85020000 		.4byte	0x285
 577 027a 1B       		.uleb128 0x1b
 578 027b 8D000000 		.4byte	0x8d
 579 027f 1B       		.uleb128 0x1b
 580 0280 E1000000 		.4byte	0xe1
 581 0284 00       		.byte	0
 582 0285 1E       		.uleb128 0x1e
 583 0286 98000000 		.4byte	.LASF33
 584 028a 04       		.byte	0x4
 585 028b C1       		.byte	0xc1
 586 028c 1B       		.uleb128 0x1b
 587 028d 8D000000 		.4byte	0x8d
 588 0291 00       		.byte	0
 589 0292 00       		.byte	0
 590              		.section	.debug_abbrev,"",%progbits
 591              	.Ldebug_abbrev0:
 592 0000 01       		.uleb128 0x1
 593 0001 11       		.uleb128 0x11
 594 0002 01       		.byte	0x1
 595 0003 25       		.uleb128 0x25
 596 0004 0E       		.uleb128 0xe
 597 0005 13       		.uleb128 0x13
 598 0006 0B       		.uleb128 0xb
 599 0007 03       		.uleb128 0x3
 600 0008 0E       		.uleb128 0xe
 601 0009 1B       		.uleb128 0x1b
 602 000a 0E       		.uleb128 0xe
 603 000b 55       		.uleb128 0x55
 604 000c 17       		.uleb128 0x17
 605 000d 11       		.uleb128 0x11
 606 000e 01       		.uleb128 0x1
 607 000f 10       		.uleb128 0x10
 608 0010 17       		.uleb128 0x17
 609 0011 00       		.byte	0
 610 0012 00       		.byte	0
 611 0013 02       		.uleb128 0x2
 612 0014 24       		.uleb128 0x24
 613 0015 00       		.byte	0
 614 0016 0B       		.uleb128 0xb
 615 0017 0B       		.uleb128 0xb
 616 0018 3E       		.uleb128 0x3e
 617 0019 0B       		.uleb128 0xb
 618 001a 03       		.uleb128 0x3
 619 001b 08       		.uleb128 0x8
 620 001c 00       		.byte	0
 621 001d 00       		.byte	0
 622 001e 03       		.uleb128 0x3
 623 001f 16       		.uleb128 0x16
 624 0020 00       		.byte	0
 625 0021 03       		.uleb128 0x3
 626 0022 0E       		.uleb128 0xe
 627 0023 3A       		.uleb128 0x3a
 628 0024 0B       		.uleb128 0xb
ARM GAS  C:\Users\Chris\AppData\Local\Temp\cc7KQbLZ.s 			page 17


 629 0025 3B       		.uleb128 0x3b
 630 0026 0B       		.uleb128 0xb
 631 0027 49       		.uleb128 0x49
 632 0028 13       		.uleb128 0x13
 633 0029 00       		.byte	0
 634 002a 00       		.byte	0
 635 002b 04       		.uleb128 0x4
 636 002c 24       		.uleb128 0x24
 637 002d 00       		.byte	0
 638 002e 0B       		.uleb128 0xb
 639 002f 0B       		.uleb128 0xb
 640 0030 3E       		.uleb128 0x3e
 641 0031 0B       		.uleb128 0xb
 642 0032 03       		.uleb128 0x3
 643 0033 0E       		.uleb128 0xe
 644 0034 00       		.byte	0
 645 0035 00       		.byte	0
 646 0036 05       		.uleb128 0x5
 647 0037 0F       		.uleb128 0xf
 648 0038 00       		.byte	0
 649 0039 0B       		.uleb128 0xb
 650 003a 0B       		.uleb128 0xb
 651 003b 00       		.byte	0
 652 003c 00       		.byte	0
 653 003d 06       		.uleb128 0x6
 654 003e 0F       		.uleb128 0xf
 655 003f 00       		.byte	0
 656 0040 0B       		.uleb128 0xb
 657 0041 0B       		.uleb128 0xb
 658 0042 49       		.uleb128 0x49
 659 0043 13       		.uleb128 0x13
 660 0044 00       		.byte	0
 661 0045 00       		.byte	0
 662 0046 07       		.uleb128 0x7
 663 0047 15       		.uleb128 0x15
 664 0048 00       		.byte	0
 665 0049 27       		.uleb128 0x27
 666 004a 19       		.uleb128 0x19
 667 004b 00       		.byte	0
 668 004c 00       		.byte	0
 669 004d 08       		.uleb128 0x8
 670 004e 16       		.uleb128 0x16
 671 004f 00       		.byte	0
 672 0050 03       		.uleb128 0x3
 673 0051 0E       		.uleb128 0xe
 674 0052 3A       		.uleb128 0x3a
 675 0053 0B       		.uleb128 0xb
 676 0054 3B       		.uleb128 0x3b
 677 0055 05       		.uleb128 0x5
 678 0056 49       		.uleb128 0x49
 679 0057 13       		.uleb128 0x13
 680 0058 00       		.byte	0
 681 0059 00       		.byte	0
 682 005a 09       		.uleb128 0x9
 683 005b 35       		.uleb128 0x35
 684 005c 00       		.byte	0
 685 005d 49       		.uleb128 0x49
ARM GAS  C:\Users\Chris\AppData\Local\Temp\cc7KQbLZ.s 			page 18


 686 005e 13       		.uleb128 0x13
 687 005f 00       		.byte	0
 688 0060 00       		.byte	0
 689 0061 0A       		.uleb128 0xa
 690 0062 2E       		.uleb128 0x2e
 691 0063 01       		.byte	0x1
 692 0064 03       		.uleb128 0x3
 693 0065 0E       		.uleb128 0xe
 694 0066 3A       		.uleb128 0x3a
 695 0067 0B       		.uleb128 0xb
 696 0068 3B       		.uleb128 0x3b
 697 0069 0B       		.uleb128 0xb
 698 006a 27       		.uleb128 0x27
 699 006b 19       		.uleb128 0x19
 700 006c 11       		.uleb128 0x11
 701 006d 01       		.uleb128 0x1
 702 006e 12       		.uleb128 0x12
 703 006f 06       		.uleb128 0x6
 704 0070 40       		.uleb128 0x40
 705 0071 18       		.uleb128 0x18
 706 0072 9742     		.uleb128 0x2117
 707 0074 19       		.uleb128 0x19
 708 0075 01       		.uleb128 0x1
 709 0076 13       		.uleb128 0x13
 710 0077 00       		.byte	0
 711 0078 00       		.byte	0
 712 0079 0B       		.uleb128 0xb
 713 007a 05       		.uleb128 0x5
 714 007b 00       		.byte	0
 715 007c 03       		.uleb128 0x3
 716 007d 08       		.uleb128 0x8
 717 007e 3A       		.uleb128 0x3a
 718 007f 0B       		.uleb128 0xb
 719 0080 3B       		.uleb128 0x3b
 720 0081 0B       		.uleb128 0xb
 721 0082 49       		.uleb128 0x49
 722 0083 13       		.uleb128 0x13
 723 0084 02       		.uleb128 0x2
 724 0085 17       		.uleb128 0x17
 725 0086 00       		.byte	0
 726 0087 00       		.byte	0
 727 0088 0C       		.uleb128 0xc
 728 0089 898201   		.uleb128 0x4109
 729 008c 01       		.byte	0x1
 730 008d 11       		.uleb128 0x11
 731 008e 01       		.uleb128 0x1
 732 008f 31       		.uleb128 0x31
 733 0090 13       		.uleb128 0x13
 734 0091 00       		.byte	0
 735 0092 00       		.byte	0
 736 0093 0D       		.uleb128 0xd
 737 0094 8A8201   		.uleb128 0x410a
 738 0097 00       		.byte	0
 739 0098 02       		.uleb128 0x2
 740 0099 18       		.uleb128 0x18
 741 009a 9142     		.uleb128 0x2111
 742 009c 18       		.uleb128 0x18
ARM GAS  C:\Users\Chris\AppData\Local\Temp\cc7KQbLZ.s 			page 19


 743 009d 00       		.byte	0
 744 009e 00       		.byte	0
 745 009f 0E       		.uleb128 0xe
 746 00a0 898201   		.uleb128 0x4109
 747 00a3 01       		.byte	0x1
 748 00a4 11       		.uleb128 0x11
 749 00a5 01       		.uleb128 0x1
 750 00a6 31       		.uleb128 0x31
 751 00a7 13       		.uleb128 0x13
 752 00a8 01       		.uleb128 0x1
 753 00a9 13       		.uleb128 0x13
 754 00aa 00       		.byte	0
 755 00ab 00       		.byte	0
 756 00ac 0F       		.uleb128 0xf
 757 00ad 2E       		.uleb128 0x2e
 758 00ae 01       		.byte	0x1
 759 00af 3F       		.uleb128 0x3f
 760 00b0 19       		.uleb128 0x19
 761 00b1 03       		.uleb128 0x3
 762 00b2 0E       		.uleb128 0xe
 763 00b3 3A       		.uleb128 0x3a
 764 00b4 0B       		.uleb128 0xb
 765 00b5 3B       		.uleb128 0x3b
 766 00b6 0B       		.uleb128 0xb
 767 00b7 27       		.uleb128 0x27
 768 00b8 19       		.uleb128 0x19
 769 00b9 11       		.uleb128 0x11
 770 00ba 01       		.uleb128 0x1
 771 00bb 12       		.uleb128 0x12
 772 00bc 06       		.uleb128 0x6
 773 00bd 40       		.uleb128 0x40
 774 00be 18       		.uleb128 0x18
 775 00bf 9742     		.uleb128 0x2117
 776 00c1 19       		.uleb128 0x19
 777 00c2 01       		.uleb128 0x1
 778 00c3 13       		.uleb128 0x13
 779 00c4 00       		.byte	0
 780 00c5 00       		.byte	0
 781 00c6 10       		.uleb128 0x10
 782 00c7 0B       		.uleb128 0xb
 783 00c8 01       		.byte	0x1
 784 00c9 11       		.uleb128 0x11
 785 00ca 01       		.uleb128 0x1
 786 00cb 12       		.uleb128 0x12
 787 00cc 06       		.uleb128 0x6
 788 00cd 01       		.uleb128 0x1
 789 00ce 13       		.uleb128 0x13
 790 00cf 00       		.byte	0
 791 00d0 00       		.byte	0
 792 00d1 11       		.uleb128 0x11
 793 00d2 13       		.uleb128 0x13
 794 00d3 01       		.byte	0x1
 795 00d4 0B       		.uleb128 0xb
 796 00d5 0B       		.uleb128 0xb
 797 00d6 3A       		.uleb128 0x3a
 798 00d7 0B       		.uleb128 0xb
 799 00d8 3B       		.uleb128 0x3b
ARM GAS  C:\Users\Chris\AppData\Local\Temp\cc7KQbLZ.s 			page 20


 800 00d9 0B       		.uleb128 0xb
 801 00da 01       		.uleb128 0x1
 802 00db 13       		.uleb128 0x13
 803 00dc 00       		.byte	0
 804 00dd 00       		.byte	0
 805 00de 12       		.uleb128 0x12
 806 00df 0D       		.uleb128 0xd
 807 00e0 00       		.byte	0
 808 00e1 03       		.uleb128 0x3
 809 00e2 0E       		.uleb128 0xe
 810 00e3 3A       		.uleb128 0x3a
 811 00e4 0B       		.uleb128 0xb
 812 00e5 3B       		.uleb128 0x3b
 813 00e6 0B       		.uleb128 0xb
 814 00e7 49       		.uleb128 0x49
 815 00e8 13       		.uleb128 0x13
 816 00e9 38       		.uleb128 0x38
 817 00ea 0B       		.uleb128 0xb
 818 00eb 00       		.byte	0
 819 00ec 00       		.byte	0
 820 00ed 13       		.uleb128 0x13
 821 00ee 01       		.uleb128 0x1
 822 00ef 01       		.byte	0x1
 823 00f0 49       		.uleb128 0x49
 824 00f1 13       		.uleb128 0x13
 825 00f2 01       		.uleb128 0x1
 826 00f3 13       		.uleb128 0x13
 827 00f4 00       		.byte	0
 828 00f5 00       		.byte	0
 829 00f6 14       		.uleb128 0x14
 830 00f7 21       		.uleb128 0x21
 831 00f8 00       		.byte	0
 832 00f9 49       		.uleb128 0x49
 833 00fa 13       		.uleb128 0x13
 834 00fb 2F       		.uleb128 0x2f
 835 00fc 0B       		.uleb128 0xb
 836 00fd 00       		.byte	0
 837 00fe 00       		.byte	0
 838 00ff 15       		.uleb128 0x15
 839 0100 34       		.uleb128 0x34
 840 0101 00       		.byte	0
 841 0102 03       		.uleb128 0x3
 842 0103 0E       		.uleb128 0xe
 843 0104 3A       		.uleb128 0x3a
 844 0105 0B       		.uleb128 0xb
 845 0106 3B       		.uleb128 0x3b
 846 0107 0B       		.uleb128 0xb
 847 0108 49       		.uleb128 0x49
 848 0109 13       		.uleb128 0x13
 849 010a 02       		.uleb128 0x2
 850 010b 18       		.uleb128 0x18
 851 010c 00       		.byte	0
 852 010d 00       		.byte	0
 853 010e 16       		.uleb128 0x16
 854 010f 26       		.uleb128 0x26
 855 0110 00       		.byte	0
 856 0111 49       		.uleb128 0x49
ARM GAS  C:\Users\Chris\AppData\Local\Temp\cc7KQbLZ.s 			page 21


 857 0112 13       		.uleb128 0x13
 858 0113 00       		.byte	0
 859 0114 00       		.byte	0
 860 0115 17       		.uleb128 0x17
 861 0116 34       		.uleb128 0x34
 862 0117 00       		.byte	0
 863 0118 03       		.uleb128 0x3
 864 0119 08       		.uleb128 0x8
 865 011a 3A       		.uleb128 0x3a
 866 011b 0B       		.uleb128 0xb
 867 011c 3B       		.uleb128 0x3b
 868 011d 0B       		.uleb128 0xb
 869 011e 49       		.uleb128 0x49
 870 011f 13       		.uleb128 0x13
 871 0120 02       		.uleb128 0x2
 872 0121 17       		.uleb128 0x17
 873 0122 00       		.byte	0
 874 0123 00       		.byte	0
 875 0124 18       		.uleb128 0x18
 876 0125 0B       		.uleb128 0xb
 877 0126 01       		.byte	0x1
 878 0127 11       		.uleb128 0x11
 879 0128 01       		.uleb128 0x1
 880 0129 12       		.uleb128 0x12
 881 012a 06       		.uleb128 0x6
 882 012b 00       		.byte	0
 883 012c 00       		.byte	0
 884 012d 19       		.uleb128 0x19
 885 012e 898201   		.uleb128 0x4109
 886 0131 00       		.byte	0
 887 0132 11       		.uleb128 0x11
 888 0133 01       		.uleb128 0x1
 889 0134 31       		.uleb128 0x31
 890 0135 13       		.uleb128 0x13
 891 0136 00       		.byte	0
 892 0137 00       		.byte	0
 893 0138 1A       		.uleb128 0x1a
 894 0139 2E       		.uleb128 0x2e
 895 013a 01       		.byte	0x1
 896 013b 3F       		.uleb128 0x3f
 897 013c 19       		.uleb128 0x19
 898 013d 03       		.uleb128 0x3
 899 013e 0E       		.uleb128 0xe
 900 013f 27       		.uleb128 0x27
 901 0140 19       		.uleb128 0x19
 902 0141 49       		.uleb128 0x49
 903 0142 13       		.uleb128 0x13
 904 0143 34       		.uleb128 0x34
 905 0144 19       		.uleb128 0x19
 906 0145 3C       		.uleb128 0x3c
 907 0146 19       		.uleb128 0x19
 908 0147 01       		.uleb128 0x1
 909 0148 13       		.uleb128 0x13
 910 0149 00       		.byte	0
 911 014a 00       		.byte	0
 912 014b 1B       		.uleb128 0x1b
 913 014c 05       		.uleb128 0x5
ARM GAS  C:\Users\Chris\AppData\Local\Temp\cc7KQbLZ.s 			page 22


 914 014d 00       		.byte	0
 915 014e 49       		.uleb128 0x49
 916 014f 13       		.uleb128 0x13
 917 0150 00       		.byte	0
 918 0151 00       		.byte	0
 919 0152 1C       		.uleb128 0x1c
 920 0153 2E       		.uleb128 0x2e
 921 0154 01       		.byte	0x1
 922 0155 3F       		.uleb128 0x3f
 923 0156 19       		.uleb128 0x19
 924 0157 03       		.uleb128 0x3
 925 0158 0E       		.uleb128 0xe
 926 0159 3A       		.uleb128 0x3a
 927 015a 0B       		.uleb128 0xb
 928 015b 3B       		.uleb128 0x3b
 929 015c 0B       		.uleb128 0xb
 930 015d 27       		.uleb128 0x27
 931 015e 19       		.uleb128 0x19
 932 015f 3C       		.uleb128 0x3c
 933 0160 19       		.uleb128 0x19
 934 0161 01       		.uleb128 0x1
 935 0162 13       		.uleb128 0x13
 936 0163 00       		.byte	0
 937 0164 00       		.byte	0
 938 0165 1D       		.uleb128 0x1d
 939 0166 2E       		.uleb128 0x2e
 940 0167 01       		.byte	0x1
 941 0168 3F       		.uleb128 0x3f
 942 0169 19       		.uleb128 0x19
 943 016a 03       		.uleb128 0x3
 944 016b 0E       		.uleb128 0xe
 945 016c 3A       		.uleb128 0x3a
 946 016d 0B       		.uleb128 0xb
 947 016e 3B       		.uleb128 0x3b
 948 016f 0B       		.uleb128 0xb
 949 0170 27       		.uleb128 0x27
 950 0171 19       		.uleb128 0x19
 951 0172 49       		.uleb128 0x49
 952 0173 13       		.uleb128 0x13
 953 0174 3C       		.uleb128 0x3c
 954 0175 19       		.uleb128 0x19
 955 0176 01       		.uleb128 0x1
 956 0177 13       		.uleb128 0x13
 957 0178 00       		.byte	0
 958 0179 00       		.byte	0
 959 017a 1E       		.uleb128 0x1e
 960 017b 2E       		.uleb128 0x2e
 961 017c 01       		.byte	0x1
 962 017d 3F       		.uleb128 0x3f
 963 017e 19       		.uleb128 0x19
 964 017f 03       		.uleb128 0x3
 965 0180 0E       		.uleb128 0xe
 966 0181 3A       		.uleb128 0x3a
 967 0182 0B       		.uleb128 0xb
 968 0183 3B       		.uleb128 0x3b
 969 0184 0B       		.uleb128 0xb
 970 0185 27       		.uleb128 0x27
ARM GAS  C:\Users\Chris\AppData\Local\Temp\cc7KQbLZ.s 			page 23


 971 0186 19       		.uleb128 0x19
 972 0187 3C       		.uleb128 0x3c
 973 0188 19       		.uleb128 0x19
 974 0189 00       		.byte	0
 975 018a 00       		.byte	0
 976 018b 00       		.byte	0
 977              		.section	.debug_loc,"",%progbits
 978              	.Ldebug_loc0:
 979              	.LLST0:
 980 0000 00000000 		.4byte	.LVL0
 981 0004 09000000 		.4byte	.LVL2-1
 982 0008 0100     		.2byte	0x1
 983 000a 50       		.byte	0x50
 984 000b 09000000 		.4byte	.LVL2-1
 985 000f 0C000000 		.4byte	.LFE0
 986 0013 0400     		.2byte	0x4
 987 0015 F3       		.byte	0xf3
 988 0016 01       		.uleb128 0x1
 989 0017 50       		.byte	0x50
 990 0018 9F       		.byte	0x9f
 991 0019 00000000 		.4byte	0
 992 001d 00000000 		.4byte	0
 993              	.LLST1:
 994 0021 00000000 		.4byte	.LVL0
 995 0025 06000000 		.4byte	.LVL1
 996 0029 0100     		.2byte	0x1
 997 002b 51       		.byte	0x51
 998 002c 06000000 		.4byte	.LVL1
 999 0030 09000000 		.4byte	.LVL2-1
 1000 0034 0100     		.2byte	0x1
 1001 0036 52       		.byte	0x52
 1002 0037 09000000 		.4byte	.LVL2-1
 1003 003b 0C000000 		.4byte	.LFE0
 1004 003f 0400     		.2byte	0x4
 1005 0041 F3       		.byte	0xf3
 1006 0042 01       		.uleb128 0x1
 1007 0043 51       		.byte	0x51
 1008 0044 9F       		.byte	0x9f
 1009 0045 00000000 		.4byte	0
 1010 0049 00000000 		.4byte	0
 1011              	.LLST2:
 1012 004d 60000000 		.4byte	.LVL6
 1013 0051 64000000 		.4byte	.LVL7
 1014 0055 0200     		.2byte	0x2
 1015 0057 30       		.byte	0x30
 1016 0058 9F       		.byte	0x9f
 1017 0059 64000000 		.4byte	.LVL7
 1018 005d 84000000 		.4byte	.LVL9
 1019 0061 0100     		.2byte	0x1
 1020 0063 54       		.byte	0x54
 1021 0064 86000000 		.4byte	.LVL10
 1022 0068 F0000000 		.4byte	.LVL12
 1023 006c 0100     		.2byte	0x1
 1024 006e 54       		.byte	0x54
 1025 006f 00000000 		.4byte	0
 1026 0073 00000000 		.4byte	0
 1027              	.LLST3:
ARM GAS  C:\Users\Chris\AppData\Local\Temp\cc7KQbLZ.s 			page 24


 1028 0077 64000000 		.4byte	.LVL7
 1029 007b 84000000 		.4byte	.LVL9
 1030 007f 0B00     		.2byte	0xb
 1031 0081 74       		.byte	0x74
 1032 0082 00       		.sleb128 0
 1033 0083 36       		.byte	0x36
 1034 0084 1E       		.byte	0x1e
 1035 0085 03       		.byte	0x3
 1036 0086 00000000 		.4byte	cfg_memset_list.4723
 1037 008a 22       		.byte	0x22
 1038 008b 9F       		.byte	0x9f
 1039 008c 84000000 		.4byte	.LVL9
 1040 0090 86000000 		.4byte	.LVL10
 1041 0094 0B00     		.2byte	0xb
 1042 0096 74       		.byte	0x74
 1043 0097 7F       		.sleb128 -1
 1044 0098 36       		.byte	0x36
 1045 0099 1E       		.byte	0x1e
 1046 009a 03       		.byte	0x3
 1047 009b 00000000 		.4byte	cfg_memset_list.4723
 1048 009f 22       		.byte	0x22
 1049 00a0 9F       		.byte	0x9f
 1050 00a1 00000000 		.4byte	0
 1051 00a5 00000000 		.4byte	0
 1052              		.section	.debug_aranges,"",%progbits
 1053 0000 2C000000 		.4byte	0x2c
 1054 0004 0200     		.2byte	0x2
 1055 0006 00000000 		.4byte	.Ldebug_info0
 1056 000a 04       		.byte	0x4
 1057 000b 00       		.byte	0
 1058 000c 0000     		.2byte	0
 1059 000e 0000     		.2byte	0
 1060 0010 00000000 		.4byte	.LFB0
 1061 0014 0C000000 		.4byte	.LFE0-.LFB0
 1062 0018 00000000 		.4byte	.LFB3
 1063 001c 5C000000 		.4byte	.LFE3-.LFB3
 1064 0020 5C000000 		.4byte	.LFB5
 1065 0024 D0000000 		.4byte	.LFE5-.LFB5
 1066 0028 00000000 		.4byte	0
 1067 002c 00000000 		.4byte	0
 1068              		.section	.debug_ranges,"",%progbits
 1069              	.Ldebug_ranges0:
 1070 0000 00000000 		.4byte	.LFB0
 1071 0004 0C000000 		.4byte	.LFE0
 1072 0008 00000000 		.4byte	.LFB3
 1073 000c 5C000000 		.4byte	.LFE3
 1074 0010 5C000000 		.4byte	.LFB5
 1075 0014 2C010000 		.4byte	.LFE5
 1076 0018 00000000 		.4byte	0
 1077 001c 00000000 		.4byte	0
 1078              		.section	.debug_line,"",%progbits
 1079              	.Ldebug_line0:
 1080 0000 30010000 		.section	.debug_str,"MS",%progbits,1
 1080      0200D800 
 1080      00000201 
 1080      FB0E0D00 
 1080      01010101 
ARM GAS  C:\Users\Chris\AppData\Local\Temp\cc7KQbLZ.s 			page 25


 1081              	.LASF18:
 1082 0000 72656733 		.ascii	"reg32\000"
 1082      3200
 1083              	.LASF11:
 1084 0006 73697A65 		.ascii	"size_t\000"
 1084      5F7400
 1085              	.LASF32:
 1086 000d 4379496E 		.ascii	"CyIntSetVector\000"
 1086      74536574 
 1086      56656374 
 1086      6F7200
 1087              	.LASF25:
 1088 001c 6366675F 		.ascii	"cfg_memset_list\000"
 1088      6D656D73 
 1088      65745F6C 
 1088      69737400 
 1089              	.LASF21:
 1090 002c 436C6F63 		.ascii	"ClockSetup\000"
 1090      6B536574 
 1090      757000
 1091              	.LASF4:
 1092 0037 73686F72 		.ascii	"short unsigned int\000"
 1092      7420756E 
 1092      7369676E 
 1092      65642069 
 1092      6E7400
 1093              	.LASF15:
 1094 004a 666C6F61 		.ascii	"float\000"
 1094      7400
 1095              	.LASF23:
 1096 0050 73697A65 		.ascii	"size\000"
 1096      00
 1097              	.LASF17:
 1098 0055 72656738 		.ascii	"reg8\000"
 1098      00
 1099              	.LASF6:
 1100 005a 6C6F6E67 		.ascii	"long unsigned int\000"
 1100      20756E73 
 1100      69676E65 
 1100      6420696E 
 1100      7400
 1101              	.LASF12:
 1102 006c 75696E74 		.ascii	"uint8\000"
 1102      3800
 1103              	.LASF20:
 1104 0072 43594D45 		.ascii	"CYMEMZERO\000"
 1104      4D5A4552 
 1104      4F00
 1105              	.LASF2:
 1106 007c 756E7369 		.ascii	"unsigned char\000"
 1106      676E6564 
 1106      20636861 
 1106      7200
 1107              	.LASF26:
 1108 008a 6D656D73 		.ascii	"memset\000"
 1108      657400
 1109              	.LASF16:
ARM GAS  C:\Users\Chris\AppData\Local\Temp\cc7KQbLZ.s 			page 26


 1110 0091 646F7562 		.ascii	"double\000"
 1110      6C6500
 1111              	.LASF33:
 1112 0098 4379496E 		.ascii	"CyIntEnable\000"
 1112      74456E61 
 1112      626C6500 
 1113              	.LASF13:
 1114 00a4 75696E74 		.ascii	"uint16\000"
 1114      313600
 1115              	.LASF14:
 1116 00ab 75696E74 		.ascii	"uint32\000"
 1116      333200
 1117              	.LASF0:
 1118 00b2 756E7369 		.ascii	"unsigned int\000"
 1118      676E6564 
 1118      20696E74 
 1118      00
 1119              	.LASF31:
 1120 00bf 63796669 		.ascii	"cyfitter_cfg\000"
 1120      74746572 
 1120      5F636667 
 1120      00
 1121              	.LASF22:
 1122 00cc 61646472 		.ascii	"address\000"
 1122      65737300 
 1123              	.LASF8:
 1124 00d4 6C6F6E67 		.ascii	"long long unsigned int\000"
 1124      206C6F6E 
 1124      6720756E 
 1124      7369676E 
 1124      65642069 
 1125              	.LASF19:
 1126 00eb 63796973 		.ascii	"cyisraddress\000"
 1126      72616464 
 1126      72657373 
 1126      00
 1127              	.LASF24:
 1128 00f8 6366675F 		.ascii	"cfg_memset_t\000"
 1128      6D656D73 
 1128      65745F74 
 1128      00
 1129              	.LASF29:
 1130 0105 2E5C4765 		.ascii	".\\Generated_Source\\PSoC4\\cyfitter_cfg.c\000"
 1130      6E657261 
 1130      7465645F 
 1130      536F7572 
 1130      63655C50 
 1131              	.LASF9:
 1132 012d 73697A65 		.ascii	"sizetype\000"
 1132      74797065 
 1132      00
 1133              	.LASF7:
 1134 0136 6C6F6E67 		.ascii	"long long int\000"
 1134      206C6F6E 
 1134      6720696E 
 1134      7400
 1135              	.LASF10:
ARM GAS  C:\Users\Chris\AppData\Local\Temp\cc7KQbLZ.s 			page 27


 1136 0144 63686172 		.ascii	"char\000"
 1136      00
 1137              	.LASF28:
 1138 0149 474E5520 		.ascii	"GNU C 4.9.3 20150303 (release) [ARM/embedded-4_9-br"
 1138      4320342E 
 1138      392E3320 
 1138      32303135 
 1138      30333033 
 1139 017c 616E6368 		.ascii	"anch revision 221220] -mcpu=cortex-m0 -mthumb -g -O"
 1139      20726576 
 1139      6973696F 
 1139      6E203232 
 1139      31323230 
 1140 01af 67202D66 		.ascii	"g -ffunction-sections -ffat-lto-objects\000"
 1140      66756E63 
 1140      74696F6E 
 1140      2D736563 
 1140      74696F6E 
 1141              	.LASF3:
 1142 01d7 73686F72 		.ascii	"short int\000"
 1142      7420696E 
 1142      7400
 1143              	.LASF27:
 1144 01e1 43795379 		.ascii	"CySysClkWriteImoFreq\000"
 1144      73436C6B 
 1144      57726974 
 1144      65496D6F 
 1144      46726571 
 1145              	.LASF30:
 1146 01f6 433A5C55 		.ascii	"C:\\Users\\Chris\\Desktop\\ECEC 304\\Labs\\Lesson3."
 1146      73657273 
 1146      5C436872 
 1146      69735C44 
 1146      65736B74 
 1147 0223 63796473 		.ascii	"cydsn\000"
 1147      6E00
 1148              	.LASF5:
 1149 0229 6C6F6E67 		.ascii	"long int\000"
 1149      20696E74 
 1149      00
 1150              	.LASF1:
 1151 0232 7369676E 		.ascii	"signed char\000"
 1151      65642063 
 1151      68617200 
 1152              		.ident	"GCC: (GNU Tools for ARM Embedded Processors) 4.9.3 20150303 (release) [ARM/embedded-4_9-br
